{
    "config": {
        "allow_infeasible": true,
        "construction": "random_replicate",
        "ils_k": 6,
        "local_search": "CVND",
        "metaheuristic": "ILS",
        "num_threads": 8,
        "operators": [
            "insert_1",
            "remove_1",
            "two_opt",
            "exchange_ids",
            "exchange_1_2",
            "exchange_2_2",
            "exchange_3_3",
            "exchange_3_4",
            "exchange_4_4",
            "rexchange_2_2",
            "rexchange_2_3",
            "rexchange_4_4",
            "centered_exchange_1",
            "relocate_1",
            "relocate_5",
            "rrelocate_3",
            "rrelocate_4",
            "move_all_by_1",
            "move_all_by_2"
        ],
        "perturbation": [
            "random_double_bridge"
        ],
        "stop_on_feasible": true,
        "timeout": 3
    },
    "histogram": {
        "all": {
            "centered_exchange_1": 363,
            "exchange_1_2": 395,
            "exchange_2_2": 395,
            "exchange_3_3": 392,
            "exchange_3_4": 387,
            "exchange_4_4": 387,
            "exchange_ids": 397,
            "insert_1": 476,
            "move_all_by_1": 281,
            "move_all_by_2": 265,
            "relocate_1": 320,
            "relocate_5": 319,
            "remove_1": 476,
            "rexchange_2_2": 381,
            "rexchange_2_3": 379,
            "rexchange_4_4": 376,
            "rrelocate_3": 299,
            "rrelocate_4": 298,
            "two_opt": 437
        },
        "improving": {
            "centered_exchange_1": 68,
            "exchange_1_2": 129,
            "exchange_2_2": 58,
            "exchange_3_3": 40,
            "exchange_3_4": 35,
            "exchange_4_4": 14,
            "exchange_ids": 183,
            "insert_1": 0,
            "move_all_by_1": 48,
            "move_all_by_2": 30,
            "relocate_1": 125,
            "relocate_5": 13,
            "remove_1": 0,
            "rexchange_2_2": 82,
            "rexchange_2_3": 46,
            "rexchange_4_4": 12,
            "rrelocate_3": 60,
            "rrelocate_4": 21,
            "two_opt": 228
        },
        "rate": {
            "centered_exchange_1": 0.1873278170824051,
            "exchange_1_2": 0.32658228278160095,
            "exchange_2_2": 0.14683544635772705,
            "exchange_3_3": 0.10204081982374191,
            "exchange_3_4": 0.09043927490711212,
            "exchange_4_4": 0.03617570921778679,
            "exchange_ids": 0.4609571695327759,
            "insert_1": 0.0,
            "move_all_by_1": 0.1708185076713562,
            "move_all_by_2": 0.11320754885673523,
            "relocate_1": 0.390625,
            "relocate_5": 0.0407523512840271,
            "remove_1": 0.0,
            "rexchange_2_2": 0.21522310376167297,
            "rexchange_2_3": 0.1213720291852951,
            "rexchange_4_4": 0.03191489353775978,
            "rrelocate_3": 0.20066890120506287,
            "rrelocate_4": 0.07046979665756226,
            "two_opt": 0.52173912525177
        }
    },
    "last_improvement": 0,
    "name": "random-24-134.0-150",
    "solution": {
        "fitness": 594,
        "is_feasible": true,
        "permutation": [
            4,
            10,
            9,
            7,
            16,
            17,
            12,
            19,
            2,
            6,
            15,
            1,
            23,
            3,
            5,
            22,
            13,
            14,
            0,
            11,
            18,
            21,
            20,
            8
        ],
        "permutation_orig_ids": [
            "5",
            "11",
            "10",
            "8",
            "17",
            "18",
            "13",
            "20",
            "3",
            "7",
            "16",
            "2",
            "24",
            "4",
            "6",
            "23",
            "14",
            "15",
            "1",
            "12",
            "19",
            "22",
            "21",
            "9"
        ]
    },
    "steps": {
        "0": 594
    },
    "timeout": 3
}