{
    "config": {
        "allow_infeasible": true,
        "construction": "random_replicate",
        "ils_k": 6,
        "local_search": "CVND",
        "metaheuristic": "ILS",
        "num_threads": 8,
        "operators": [
            "insert_1",
            "remove_1",
            "two_opt",
            "exchange_ids",
            "exchange_1_2",
            "exchange_2_2",
            "exchange_3_3",
            "exchange_3_4",
            "exchange_4_4",
            "rexchange_2_2",
            "rexchange_2_3",
            "rexchange_4_4",
            "centered_exchange_1",
            "relocate_1",
            "relocate_5",
            "rrelocate_3",
            "rrelocate_4",
            "move_all_by_1",
            "move_all_by_2"
        ],
        "perturbation": [
            "random_double_bridge"
        ],
        "stop_on_feasible": true,
        "timeout": 3
    },
    "histogram": {
        "all": {
            "centered_exchange_1": 4106,
            "exchange_1_2": 4230,
            "exchange_2_2": 4221,
            "exchange_3_3": 4208,
            "exchange_3_4": 4206,
            "exchange_4_4": 4204,
            "exchange_ids": 4314,
            "insert_1": 5206,
            "move_all_by_1": 3147,
            "move_all_by_2": 3079,
            "relocate_1": 3428,
            "relocate_5": 3405,
            "remove_1": 5206,
            "rexchange_2_2": 4157,
            "rexchange_2_3": 4150,
            "rexchange_4_4": 4150,
            "rrelocate_3": 3323,
            "rrelocate_4": 3296,
            "two_opt": 4710
        },
        "improving": {
            "centered_exchange_1": 567,
            "exchange_1_2": 1306,
            "exchange_2_2": 483,
            "exchange_3_3": 269,
            "exchange_3_4": 241,
            "exchange_4_4": 84,
            "exchange_ids": 1930,
            "insert_1": 0,
            "move_all_by_1": 554,
            "move_all_by_2": 282,
            "relocate_1": 1668,
            "relocate_5": 272,
            "remove_1": 0,
            "rexchange_2_2": 585,
            "rexchange_2_3": 238,
            "rexchange_4_4": 40,
            "rrelocate_3": 492,
            "rrelocate_4": 168,
            "two_opt": 2311
        },
        "rate": {
            "centered_exchange_1": 0.1380905956029892,
            "exchange_1_2": 0.3087470531463623,
            "exchange_2_2": 0.11442785710096359,
            "exchange_3_3": 0.0639258548617363,
            "exchange_3_4": 0.05729909613728523,
            "exchange_4_4": 0.01998097077012062,
            "exchange_ids": 0.4473806321620941,
            "insert_1": 0.0,
            "move_all_by_1": 0.1760406792163849,
            "move_all_by_2": 0.09158817678689957,
            "relocate_1": 0.48658108711242676,
            "relocate_5": 0.07988252490758896,
            "remove_1": 0.0,
            "rexchange_2_2": 0.1407264918088913,
            "rexchange_2_3": 0.057349398732185364,
            "rexchange_4_4": 0.00963855441659689,
            "rrelocate_3": 0.14805898070335388,
            "rrelocate_4": 0.05097087472677231,
            "two_opt": 0.490658164024353
        }
    },
    "last_improvement": 2,
    "name": "random-24-137.5-128",
    "solution": {
        "fitness": 1000512,
        "is_feasible": false,
        "permutation": [
            12,
            18,
            21,
            8,
            2,
            9,
            16,
            5,
            20,
            17,
            13,
            15,
            4,
            6,
            11,
            10,
            14,
            0,
            7,
            19,
            1,
            23,
            22,
            3
        ],
        "permutation_orig_ids": [
            "13",
            "19",
            "22",
            "9",
            "3",
            "10",
            "17",
            "6",
            "21",
            "18",
            "14",
            "16",
            "5",
            "7",
            "12",
            "11",
            "15",
            "1",
            "8",
            "20",
            "2",
            "24",
            "23",
            "4"
        ]
    },
    "steps": {
        "0": 1000513,
        "2": 1000512
    },
    "timeout": 3
}