{
    "config": {
        "allow_infeasible": true,
        "construction": "random_replicate",
        "ils_k": 6,
        "local_search": "CVND",
        "metaheuristic": "ILS",
        "num_threads": 8,
        "operators": [
            "insert_1",
            "remove_1",
            "two_opt",
            "exchange_ids",
            "exchange_1_2",
            "exchange_2_2",
            "exchange_3_3",
            "exchange_3_4",
            "exchange_4_4",
            "rexchange_2_2",
            "rexchange_2_3",
            "rexchange_4_4",
            "centered_exchange_1",
            "relocate_1",
            "relocate_5",
            "rrelocate_3",
            "rrelocate_4",
            "move_all_by_1",
            "move_all_by_2"
        ],
        "perturbation": [
            "random_double_bridge"
        ],
        "stop_on_feasible": true,
        "timeout": 3
    },
    "histogram": {
        "all": {
            "centered_exchange_1": 2946,
            "exchange_1_2": 3032,
            "exchange_2_2": 3025,
            "exchange_3_3": 3021,
            "exchange_3_4": 3017,
            "exchange_4_4": 3014,
            "exchange_ids": 3057,
            "insert_1": 3624,
            "move_all_by_1": 2202,
            "move_all_by_2": 2150,
            "relocate_1": 2513,
            "relocate_5": 2488,
            "remove_1": 3624,
            "rexchange_2_2": 3003,
            "rexchange_2_3": 2996,
            "rexchange_4_4": 2995,
            "rrelocate_3": 2384,
            "rrelocate_4": 2349,
            "two_opt": 3303
        },
        "improving": {
            "centered_exchange_1": 497,
            "exchange_1_2": 990,
            "exchange_2_2": 433,
            "exchange_3_3": 224,
            "exchange_3_4": 201,
            "exchange_4_4": 58,
            "exchange_ids": 1337,
            "insert_1": 0,
            "move_all_by_1": 473,
            "move_all_by_2": 216,
            "relocate_1": 1248,
            "relocate_5": 299,
            "remove_1": 0,
            "rexchange_2_2": 504,
            "rexchange_2_3": 299,
            "rexchange_4_4": 42,
            "rrelocate_3": 462,
            "rrelocate_4": 183,
            "two_opt": 1663
        },
        "rate": {
            "centered_exchange_1": 0.1687033325433731,
            "exchange_1_2": 0.32651716470718384,
            "exchange_2_2": 0.1431404948234558,
            "exchange_3_3": 0.07414763420820236,
            "exchange_3_4": 0.06662247329950333,
            "exchange_4_4": 0.019243530929088593,
            "exchange_ids": 0.4373568892478943,
            "insert_1": 0.0,
            "move_all_by_1": 0.2148047238588333,
            "move_all_by_2": 0.10046511888504028,
            "relocate_1": 0.4966175854206085,
            "relocate_5": 0.12017685174942017,
            "remove_1": 0.0,
            "rexchange_2_2": 0.1678321659564972,
            "rexchange_2_3": 0.0997997298836708,
            "rexchange_4_4": 0.01402337197214365,
            "rrelocate_3": 0.1937919408082962,
            "rrelocate_4": 0.07790549099445343,
            "two_opt": 0.5034816861152649
        }
    },
    "last_improvement": 2,
    "name": "random-24-135.5-140",
    "solution": {
        "fitness": 651,
        "is_feasible": true,
        "permutation": [
            3,
            7,
            2,
            4,
            13,
            8,
            18,
            21,
            20,
            12,
            22,
            0,
            19,
            11,
            6,
            5,
            9,
            1,
            10,
            16,
            15,
            17,
            14,
            23
        ],
        "permutation_orig_ids": [
            "4",
            "8",
            "3",
            "5",
            "14",
            "9",
            "19",
            "22",
            "21",
            "13",
            "23",
            "1",
            "20",
            "12",
            "7",
            "6",
            "10",
            "2",
            "11",
            "17",
            "16",
            "18",
            "15",
            "24"
        ]
    },
    "steps": {
        "0": 1000463,
        "1": 1000451,
        "2": 651
    },
    "timeout": 3
}