{
    "config": {
        "allow_infeasible": true,
        "construction": "random_replicate",
        "ils_k": 6,
        "local_search": "CVND",
        "metaheuristic": "ILS",
        "num_threads": 8,
        "operators": [
            "insert_1",
            "remove_1",
            "two_opt",
            "exchange_ids",
            "exchange_1_2",
            "exchange_2_2",
            "exchange_3_3",
            "exchange_3_4",
            "exchange_4_4",
            "rexchange_2_2",
            "rexchange_2_3",
            "rexchange_4_4",
            "centered_exchange_1",
            "relocate_1",
            "relocate_5",
            "rrelocate_3",
            "rrelocate_4",
            "move_all_by_1",
            "move_all_by_2"
        ],
        "perturbation": [
            "random_double_bridge"
        ],
        "stop_on_feasible": true,
        "timeout": 3
    },
    "histogram": {
        "all": {
            "centered_exchange_1": 82,
            "exchange_1_2": 84,
            "exchange_2_2": 84,
            "exchange_3_3": 84,
            "exchange_3_4": 84,
            "exchange_4_4": 84,
            "exchange_ids": 84,
            "insert_1": 97,
            "move_all_by_1": 65,
            "move_all_by_2": 62,
            "relocate_1": 73,
            "relocate_5": 72,
            "remove_1": 97,
            "rexchange_2_2": 84,
            "rexchange_2_3": 84,
            "rexchange_4_4": 83,
            "rrelocate_3": 72,
            "rrelocate_4": 71,
            "two_opt": 90
        },
        "improving": {
            "centered_exchange_1": 13,
            "exchange_1_2": 23,
            "exchange_2_2": 10,
            "exchange_3_3": 7,
            "exchange_3_4": 7,
            "exchange_4_4": 5,
            "exchange_ids": 39,
            "insert_1": 0,
            "move_all_by_1": 20,
            "move_all_by_2": 13,
            "relocate_1": 37,
            "relocate_5": 9,
            "remove_1": 0,
            "rexchange_2_2": 13,
            "rexchange_2_3": 10,
            "rexchange_4_4": 1,
            "rrelocate_3": 18,
            "rrelocate_4": 9,
            "two_opt": 48
        },
        "rate": {
            "centered_exchange_1": 0.15853658318519592,
            "exchange_1_2": 0.2738095223903656,
            "exchange_2_2": 0.1190476194024086,
            "exchange_3_3": 0.0833333358168602,
            "exchange_3_4": 0.0833333358168602,
            "exchange_4_4": 0.0595238097012043,
            "exchange_ids": 0.4642857015132904,
            "insert_1": 0.0,
            "move_all_by_1": 0.3076923191547394,
            "move_all_by_2": 0.20967741310596466,
            "relocate_1": 0.5068492889404297,
            "relocate_5": 0.125,
            "remove_1": 0.0,
            "rexchange_2_2": 0.1547619104385376,
            "rexchange_2_3": 0.1190476194024086,
            "rexchange_4_4": 0.012048192322254181,
            "rrelocate_3": 0.25,
            "rrelocate_4": 0.1267605572938919,
            "two_opt": 0.5333333611488342
        }
    },
    "last_improvement": 0,
    "name": "random-24-130.5-48",
    "solution": {
        "fitness": 570,
        "is_feasible": true,
        "permutation": [
            18,
            22,
            2,
            1,
            12,
            4,
            19,
            14,
            16,
            8,
            5,
            0,
            20,
            7,
            23,
            11,
            6,
            21,
            17,
            13,
            9,
            15,
            10,
            3
        ],
        "permutation_orig_ids": [
            "19",
            "23",
            "3",
            "2",
            "13",
            "5",
            "20",
            "15",
            "17",
            "9",
            "6",
            "1",
            "21",
            "8",
            "24",
            "12",
            "7",
            "22",
            "18",
            "14",
            "10",
            "16",
            "11",
            "4"
        ]
    },
    "steps": {
        "0": 570
    },
    "timeout": 3
}