{
    "config": {
        "allow_infeasible": true,
        "construction": "random_replicate",
        "ils_k": 6,
        "local_search": "CVND",
        "metaheuristic": "ILS",
        "num_threads": 8,
        "operators": [
            "insert_1",
            "remove_1",
            "two_opt",
            "exchange_ids",
            "exchange_1_2",
            "exchange_2_2",
            "exchange_3_3",
            "exchange_3_4",
            "exchange_4_4",
            "rexchange_2_2",
            "rexchange_2_3",
            "rexchange_4_4",
            "centered_exchange_1",
            "relocate_1",
            "relocate_5",
            "rrelocate_3",
            "rrelocate_4",
            "move_all_by_1",
            "move_all_by_2"
        ],
        "perturbation": [
            "random_double_bridge"
        ],
        "stop_on_feasible": true,
        "timeout": 3
    },
    "histogram": {
        "all": {
            "centered_exchange_1": 18,
            "exchange_1_2": 18,
            "exchange_2_2": 18,
            "exchange_3_3": 18,
            "exchange_3_4": 18,
            "exchange_4_4": 18,
            "exchange_ids": 18,
            "insert_1": 23,
            "move_all_by_1": 15,
            "move_all_by_2": 15,
            "relocate_1": 17,
            "relocate_5": 17,
            "remove_1": 23,
            "rexchange_2_2": 18,
            "rexchange_2_3": 18,
            "rexchange_4_4": 18,
            "rrelocate_3": 16,
            "rrelocate_4": 16,
            "two_opt": 18
        },
        "improving": {
            "centered_exchange_1": 4,
            "exchange_1_2": 5,
            "exchange_2_2": 1,
            "exchange_3_3": 1,
            "exchange_3_4": 2,
            "exchange_4_4": 2,
            "exchange_ids": 6,
            "insert_1": 0,
            "move_all_by_1": 5,
            "move_all_by_2": 1,
            "relocate_1": 8,
            "relocate_5": 5,
            "remove_1": 0,
            "rexchange_2_2": 5,
            "rexchange_2_3": 1,
            "rexchange_4_4": 0,
            "rrelocate_3": 5,
            "rrelocate_4": 0,
            "two_opt": 12
        },
        "rate": {
            "centered_exchange_1": 0.2222222238779068,
            "exchange_1_2": 0.2777777910232544,
            "exchange_2_2": 0.0555555559694767,
            "exchange_3_3": 0.0555555559694767,
            "exchange_3_4": 0.1111111119389534,
            "exchange_4_4": 0.1111111119389534,
            "exchange_ids": 0.3333333432674408,
            "insert_1": 0.0,
            "move_all_by_1": 0.3333333432674408,
            "move_all_by_2": 0.06666667014360428,
            "relocate_1": 0.47058823704719543,
            "relocate_5": 0.29411765933036804,
            "remove_1": 0.0,
            "rexchange_2_2": 0.2777777910232544,
            "rexchange_2_3": 0.0555555559694767,
            "rexchange_4_4": 0.0,
            "rrelocate_3": 0.3125,
            "rrelocate_4": 0.0,
            "two_opt": 0.6666666865348816
        }
    },
    "last_improvement": 0,
    "name": "random-24-134.0-174",
    "solution": {
        "fitness": 684,
        "is_feasible": true,
        "permutation": [
            21,
            5,
            4,
            6,
            14,
            3,
            22,
            19,
            16,
            10,
            17,
            18,
            11,
            13,
            7,
            2,
            8,
            1,
            20,
            23,
            12,
            9,
            15,
            0
        ],
        "permutation_orig_ids": [
            "22",
            "6",
            "5",
            "7",
            "15",
            "4",
            "23",
            "20",
            "17",
            "11",
            "18",
            "19",
            "12",
            "14",
            "8",
            "3",
            "9",
            "2",
            "21",
            "24",
            "13",
            "10",
            "16",
            "1"
        ]
    },
    "steps": {
        "0": 684
    },
    "timeout": 3
}