{
    "config": {
        "allow_infeasible": true,
        "construction": "random_replicate",
        "ils_k": 6,
        "local_search": "CVND",
        "metaheuristic": "ILS",
        "num_threads": 8,
        "operators": [
            "insert_1",
            "remove_1",
            "two_opt",
            "exchange_ids",
            "exchange_1_2",
            "exchange_2_2",
            "exchange_3_3",
            "exchange_3_4",
            "exchange_4_4",
            "rexchange_2_2",
            "rexchange_2_3",
            "rexchange_4_4",
            "centered_exchange_1",
            "relocate_1",
            "relocate_5",
            "rrelocate_3",
            "rrelocate_4",
            "move_all_by_1",
            "move_all_by_2"
        ],
        "perturbation": [
            "random_double_bridge"
        ],
        "stop_on_feasible": true,
        "timeout": 3
    },
    "histogram": {
        "all": {
            "centered_exchange_1": 34,
            "exchange_1_2": 35,
            "exchange_2_2": 35,
            "exchange_3_3": 35,
            "exchange_3_4": 35,
            "exchange_4_4": 35,
            "exchange_ids": 35,
            "insert_1": 41,
            "move_all_by_1": 24,
            "move_all_by_2": 24,
            "relocate_1": 26,
            "relocate_5": 26,
            "remove_1": 41,
            "rexchange_2_2": 34,
            "rexchange_2_3": 34,
            "rexchange_4_4": 34,
            "rrelocate_3": 25,
            "rrelocate_4": 25,
            "two_opt": 37
        },
        "improving": {
            "centered_exchange_1": 8,
            "exchange_1_2": 12,
            "exchange_2_2": 3,
            "exchange_3_3": 3,
            "exchange_3_4": 3,
            "exchange_4_4": 1,
            "exchange_ids": 16,
            "insert_1": 0,
            "move_all_by_1": 4,
            "move_all_by_2": 2,
            "relocate_1": 17,
            "relocate_5": 2,
            "remove_1": 0,
            "rexchange_2_2": 8,
            "rexchange_2_3": 2,
            "rexchange_4_4": 0,
            "rrelocate_3": 4,
            "rrelocate_4": 2,
            "two_opt": 19
        },
        "rate": {
            "centered_exchange_1": 0.23529411852359772,
            "exchange_1_2": 0.34285715222358704,
            "exchange_2_2": 0.08571428805589676,
            "exchange_3_3": 0.08571428805589676,
            "exchange_3_4": 0.08571428805589676,
            "exchange_4_4": 0.02857142873108387,
            "exchange_ids": 0.4571428596973419,
            "insert_1": 0.0,
            "move_all_by_1": 0.1666666716337204,
            "move_all_by_2": 0.0833333358168602,
            "relocate_1": 0.6538461446762085,
            "relocate_5": 0.07692307978868484,
            "remove_1": 0.0,
            "rexchange_2_2": 0.23529411852359772,
            "rexchange_2_3": 0.05882352963089943,
            "rexchange_4_4": 0.0,
            "rrelocate_3": 0.1599999964237213,
            "rrelocate_4": 0.07999999821186066,
            "two_opt": 0.5135135054588318
        }
    },
    "last_improvement": 0,
    "name": "random-24-131.0-59",
    "solution": {
        "fitness": 648,
        "is_feasible": true,
        "permutation": [
            21,
            13,
            18,
            19,
            0,
            23,
            12,
            14,
            10,
            6,
            5,
            11,
            7,
            3,
            1,
            22,
            2,
            4,
            9,
            16,
            20,
            15,
            8,
            17
        ],
        "permutation_orig_ids": [
            "22",
            "14",
            "19",
            "20",
            "1",
            "24",
            "13",
            "15",
            "11",
            "7",
            "6",
            "12",
            "8",
            "4",
            "2",
            "23",
            "3",
            "5",
            "10",
            "17",
            "21",
            "16",
            "9",
            "18"
        ]
    },
    "steps": {
        "0": 648
    },
    "timeout": 3
}