{
    "config": {
        "allow_infeasible": true,
        "construction": "random_replicate",
        "ils_k": 6,
        "local_search": "CVND",
        "metaheuristic": "ILS",
        "num_threads": 8,
        "operators": [
            "insert_1",
            "remove_1",
            "two_opt",
            "exchange_ids",
            "exchange_1_2",
            "exchange_2_2",
            "exchange_3_3",
            "exchange_3_4",
            "exchange_4_4",
            "rexchange_2_2",
            "rexchange_2_3",
            "rexchange_4_4",
            "centered_exchange_1",
            "relocate_1",
            "relocate_5",
            "rrelocate_3",
            "rrelocate_4",
            "move_all_by_1",
            "move_all_by_2"
        ],
        "perturbation": [
            "random_double_bridge"
        ],
        "stop_on_feasible": true,
        "timeout": 3
    },
    "histogram": {
        "all": {
            "centered_exchange_1": 4164,
            "exchange_1_2": 4319,
            "exchange_2_2": 4290,
            "exchange_3_3": 4289,
            "exchange_3_4": 4289,
            "exchange_4_4": 4286,
            "exchange_ids": 4428,
            "insert_1": 5423,
            "move_all_by_1": 3270,
            "move_all_by_2": 3155,
            "relocate_1": 3560,
            "relocate_5": 3547,
            "remove_1": 5423,
            "rexchange_2_2": 4213,
            "rexchange_2_3": 4200,
            "rexchange_4_4": 4196,
            "rrelocate_3": 3476,
            "rrelocate_4": 3467,
            "two_opt": 4911
        },
        "improving": {
            "centered_exchange_1": 464,
            "exchange_1_2": 1389,
            "exchange_2_2": 494,
            "exchange_3_3": 161,
            "exchange_3_4": 134,
            "exchange_4_4": 55,
            "exchange_ids": 2018,
            "insert_1": 0,
            "move_all_by_1": 606,
            "move_all_by_2": 344,
            "relocate_1": 1558,
            "relocate_5": 186,
            "remove_1": 0,
            "rexchange_2_2": 672,
            "rexchange_2_3": 280,
            "rexchange_4_4": 45,
            "rrelocate_3": 474,
            "rrelocate_4": 195,
            "two_opt": 2465
        },
        "rate": {
            "centered_exchange_1": 0.1114313155412674,
            "exchange_1_2": 0.3216022253036499,
            "exchange_2_2": 0.11515151709318161,
            "exchange_3_3": 0.03753788769245148,
            "exchange_3_4": 0.03124271333217621,
            "exchange_4_4": 0.012832477688789368,
            "exchange_ids": 0.4557362198829651,
            "insert_1": 0.0,
            "move_all_by_1": 0.18532110750675201,
            "move_all_by_2": 0.10903327912092209,
            "relocate_1": 0.4376404583454132,
            "relocate_5": 0.052438680082559586,
            "remove_1": 0.0,
            "rexchange_2_2": 0.15950629115104675,
            "rexchange_2_3": 0.06666667014360428,
            "rexchange_4_4": 0.010724499821662903,
            "rrelocate_3": 0.13636364042758942,
            "rrelocate_4": 0.05624459311366081,
            "two_opt": 0.5019344091415405
        }
    },
    "last_improvement": 0,
    "name": "random-24-135.0-148",
    "solution": {
        "fitness": 1000541,
        "is_feasible": false,
        "permutation": [
            23,
            7,
            19,
            0,
            12,
            1,
            21,
            9,
            22,
            14,
            5,
            4,
            2,
            6,
            3,
            11,
            13,
            8,
            15,
            10,
            16,
            17,
            18,
            20
        ],
        "permutation_orig_ids": [
            "24",
            "8",
            "20",
            "1",
            "13",
            "2",
            "22",
            "10",
            "23",
            "15",
            "6",
            "5",
            "3",
            "7",
            "4",
            "12",
            "14",
            "9",
            "16",
            "11",
            "17",
            "18",
            "19",
            "21"
        ]
    },
    "steps": {
        "0": 1000541
    },
    "timeout": 3
}