{
    "config": {
        "allow_infeasible": true,
        "construction": "random_replicate",
        "ils_k": 6,
        "local_search": "CVND",
        "metaheuristic": "ILS",
        "num_threads": 8,
        "operators": [
            "insert_1",
            "remove_1",
            "two_opt",
            "exchange_ids",
            "exchange_1_2",
            "exchange_2_2",
            "exchange_3_3",
            "exchange_3_4",
            "exchange_4_4",
            "rexchange_2_2",
            "rexchange_2_3",
            "rexchange_4_4",
            "centered_exchange_1",
            "relocate_1",
            "relocate_5",
            "rrelocate_3",
            "rrelocate_4",
            "move_all_by_1",
            "move_all_by_2"
        ],
        "perturbation": [
            "random_double_bridge"
        ],
        "timeout": 60
    },
    "histogram": {
        "all": {
            "centered_exchange_1": 13,
            "exchange_1_2": 13,
            "exchange_2_2": 13,
            "exchange_3_3": 13,
            "exchange_3_4": 13,
            "exchange_4_4": 13,
            "exchange_ids": 13,
            "insert_1": 14,
            "move_all_by_1": 11,
            "move_all_by_2": 11,
            "relocate_1": 12,
            "relocate_5": 11,
            "remove_1": 14,
            "rexchange_2_2": 13,
            "rexchange_2_3": 13,
            "rexchange_4_4": 13,
            "rrelocate_3": 11,
            "rrelocate_4": 11,
            "two_opt": 14
        },
        "improving": {
            "centered_exchange_1": 4,
            "exchange_1_2": 9,
            "exchange_2_2": 4,
            "exchange_3_3": 3,
            "exchange_3_4": 4,
            "exchange_4_4": 4,
            "exchange_ids": 10,
            "insert_1": 0,
            "move_all_by_1": 6,
            "move_all_by_2": 6,
            "relocate_1": 11,
            "relocate_5": 7,
            "remove_1": 0,
            "rexchange_2_2": 5,
            "rexchange_2_3": 5,
            "rexchange_4_4": 2,
            "rrelocate_3": 6,
            "rrelocate_4": 3,
            "two_opt": 7
        },
        "rate": {
            "centered_exchange_1": 0.3076923191547394,
            "exchange_1_2": 0.692307710647583,
            "exchange_2_2": 0.3076923191547394,
            "exchange_3_3": 0.23076923191547394,
            "exchange_3_4": 0.3076923191547394,
            "exchange_4_4": 0.3076923191547394,
            "exchange_ids": 0.7692307829856873,
            "insert_1": 0.0,
            "move_all_by_1": 0.5454545617103577,
            "move_all_by_2": 0.5454545617103577,
            "relocate_1": 0.9166666865348816,
            "relocate_5": 0.6363636255264282,
            "remove_1": 0.0,
            "rexchange_2_2": 0.38461539149284363,
            "rexchange_2_3": 0.38461539149284363,
            "rexchange_4_4": 0.1538461595773697,
            "rrelocate_3": 0.5454545617103577,
            "rrelocate_4": 0.27272728085517883,
            "two_opt": 0.5
        }
    },
    "last_improvement": 48,
    "name": "berlin52",
    "solution": {
        "fitness": 9274,
        "is_feasible": true,
        "permutation": [
            44,
            18,
            40,
            7,
            9,
            8,
            3,
            42,
            32,
            50,
            10,
            11,
            25,
            46,
            13,
            51,
            12,
            26,
            27,
            24,
            5,
            14,
            4,
            23,
            47,
            37,
            39,
            36,
            45,
            43,
            33,
            34,
            31,
            22,
            28,
            15,
            49,
            19,
            29,
            41,
            1,
            6,
            16,
            20,
            2,
            17,
            30,
            21,
            0,
            48,
            35,
            38
        ],
        "permutation_orig_ids": [
            "45",
            "19",
            "41",
            "8",
            "10",
            "9",
            "4",
            "43",
            "33",
            "51",
            "11",
            "12",
            "26",
            "47",
            "14",
            "52",
            "13",
            "27",
            "28",
            "25",
            "6",
            "15",
            "5",
            "24",
            "48",
            "38",
            "40",
            "37",
            "46",
            "44",
            "34",
            "35",
            "32",
            "23",
            "29",
            "16",
            "50",
            "20",
            "30",
            "42",
            "2",
            "7",
            "17",
            "21",
            "3",
            "18",
            "31",
            "22",
            "1",
            "49",
            "36",
            "39"
        ],
        "walk_orig_ids": [
            "45",
            "19",
            "41",
            "8",
            "10",
            "9",
            "4",
            "43",
            "33",
            "51",
            "11",
            "12",
            "28",
            "26",
            "47",
            "14",
            "52",
            "13",
            "27",
            "28",
            "25",
            "6",
            "5",
            "15",
            "5",
            "48",
            "24",
            "48",
            "38",
            "40",
            "37",
            "46",
            "44",
            "34",
            "35",
            "49",
            "32",
            "23",
            "20",
            "29",
            "16",
            "50",
            "20",
            "30",
            "42",
            "2",
            "7",
            "17",
            "21",
            "3",
            "18",
            "31",
            "22",
            "1",
            "49",
            "36",
            "39"
        ],
        "walk_processing": [
            true,
            true,
            true,
            true,
            true,
            true,
            true,
            true,
            true,
            true,
            true,
            true,
            false,
            true,
            true,
            true,
            true,
            true,
            true,
            true,
            true,
            true,
            false,
            true,
            true,
            false,
            true,
            true,
            true,
            true,
            true,
            true,
            true,
            true,
            true,
            false,
            true,
            true,
            false,
            true,
            true,
            true,
            true,
            true,
            true,
            true,
            true,
            true,
            true,
            true,
            true,
            true,
            true,
            true,
            true,
            true,
            true
        ]
    },
    "steps": {
        "0": 25368,
        "1": 20329,
        "10": 10243,
        "13": 10119,
        "14": 10089,
        "15": 10005,
        "17": 9920,
        "18": 9715,
        "19": 9607,
        "2": 17039,
        "20": 9571,
        "23": 9560,
        "24": 9538,
        "28": 9458,
        "3": 15061,
        "30": 9367,
        "33": 9283,
        "4": 13946,
        "48": 9274,
        "5": 12529,
        "6": 12234,
        "7": 11583,
        "8": 10958,
        "9": 10595
    },
    "timeout": 60
}