{
    "config": {
        "allow_infeasible": true,
        "bvns_max_k": 8,
        "bvns_min_k": 3,
        "construction": "random",
        "local_search": "RVND",
        "metaheuristic": "BVNS",
        "num_threads": 8,
        "operators": [
            "insert_1",
            "remove_1",
            "two_opt",
            "exchange_ids",
            "exchange_1_1",
            "exchange_1_2",
            "exchange_2_3",
            "exchange_2_4",
            "exchange_3_3",
            "exchange_3_4",
            "rexchange_1_2",
            "centered_exchange_1",
            "centered_exchange_2",
            "centered_exchange_3",
            "centered_exchange_4",
            "relocate_5",
            "rrelocate_2",
            "rrelocate_3",
            "rrelocate_5",
            "move_all_by_2",
            "move_all_by_3",
            "move_all_by_4"
        ],
        "perturbation": [
            "random_double_bridge"
        ],
        "timeout": 1800
    },
    "histogram": {
        "all": {
            "centered_exchange_1": 10710,
            "centered_exchange_2": 10709,
            "centered_exchange_3": 10709,
            "centered_exchange_4": 10709,
            "exchange_1_1": 10709,
            "exchange_1_2": 10710,
            "exchange_2_3": 10709,
            "exchange_2_4": 10709,
            "exchange_3_3": 10709,
            "exchange_3_4": 10710,
            "exchange_ids": 10710,
            "insert_1": 10709,
            "move_all_by_2": 10710,
            "move_all_by_3": 10710,
            "move_all_by_4": 10710,
            "relocate_5": 10709,
            "remove_1": 10710,
            "rexchange_1_2": 10710,
            "rrelocate_2": 10709,
            "rrelocate_3": 10709,
            "rrelocate_5": 10710,
            "two_opt": 10710
        },
        "improving": {
            "centered_exchange_1": 2658,
            "centered_exchange_2": 2363,
            "centered_exchange_3": 3377,
            "centered_exchange_4": 1306,
            "exchange_1_1": 8127,
            "exchange_1_2": 5127,
            "exchange_2_3": 3709,
            "exchange_2_4": 1869,
            "exchange_3_3": 4280,
            "exchange_3_4": 3328,
            "exchange_ids": 8116,
            "insert_1": 584,
            "move_all_by_2": 4298,
            "move_all_by_3": 4534,
            "move_all_by_4": 4998,
            "relocate_5": 2814,
            "remove_1": 566,
            "rexchange_1_2": 6465,
            "rrelocate_2": 5305,
            "rrelocate_3": 3762,
            "rrelocate_5": 3873,
            "two_opt": 7548
        },
        "rate": {
            "centered_exchange_1": 0.24817927181720734,
            "centered_exchange_2": 0.22065553069114685,
            "centered_exchange_3": 0.3153422474861145,
            "centered_exchange_4": 0.12195349484682083,
            "exchange_1_1": 0.7588943839073181,
            "exchange_1_2": 0.47871148586273193,
            "exchange_2_3": 0.3463442027568817,
            "exchange_2_4": 0.17452609539031982,
            "exchange_3_3": 0.3996638357639313,
            "exchange_3_4": 0.31073763966560364,
            "exchange_ids": 0.7577964663505554,
            "insert_1": 0.054533571004867554,
            "move_all_by_2": 0.40130719542503357,
            "move_all_by_3": 0.42334267497062683,
            "move_all_by_4": 0.46666666865348816,
            "relocate_5": 0.2627696394920349,
            "remove_1": 0.05284780636429787,
            "rexchange_1_2": 0.6036414504051208,
            "rrelocate_2": 0.49537771940231323,
            "rrelocate_3": 0.35129329562187195,
            "rrelocate_5": 0.36162465810775757,
            "two_opt": 0.7047619223594666
        }
    },
    "last_improvement": 1622,
    "name": "cvrp-X-n251-k28.xml",
    "solution": {
        "solution": {
            "fitness": 39326,
            "is_feasible": true,
            "permutation": [
                0,
                61,
                48,
                104,
                100,
                44,
                30,
                88,
                134,
                63,
                180,
                226,
                0,
                125,
                59,
                52,
                32,
                74,
                56,
                12,
                91,
                0,
                111,
                53,
                35,
                69,
                14,
                23,
                96,
                73,
                11,
                0,
                95,
                106,
                58,
                7,
                85,
                78,
                0,
                17,
                183,
                191,
                220,
                62,
                248,
                160,
                214,
                152,
                0,
                169,
                26,
                72,
                188,
                84,
                143,
                239,
                149,
                144,
                0,
                118,
                55,
                31,
                71,
                66,
                187,
                42,
                103,
                0,
                184,
                82,
                240,
                150,
                192,
                127,
                237,
                235,
                207,
                0,
                154,
                201,
                156,
                217,
                94,
                117,
                153,
                76,
                166,
                0,
                80,
                119,
                101,
                25,
                15,
                79,
                37,
                0,
                133,
                247,
                209,
                173,
                230,
                161,
                203,
                228,
                102,
                0,
                9,
                136,
                130,
                113,
                110,
                179,
                21,
                3,
                87,
                0,
                126,
                241,
                225,
                249,
                151,
                242,
                46,
                162,
                155,
                0,
                98,
                2,
                19,
                185,
                233,
                132,
                38,
                0,
                5,
                83,
                1,
                186,
                36,
                199,
                16,
                139,
                6,
                0,
                41,
                57,
                70,
                18,
                89,
                43,
                122,
                68,
                49,
                120,
                0,
                172,
                8,
                221,
                204,
                164,
                124,
                105,
                115,
                232,
                13,
                245,
                0,
                238,
                45,
                236,
                168,
                22,
                178,
                243,
                157,
                40,
                0,
                158,
                138,
                190,
                234,
                246,
                140,
                159,
                200,
                86,
                0,
                90,
                112,
                121,
                81,
                4,
                229,
                20,
                97,
                107,
                0,
                142,
                196,
                208,
                224,
                170,
                231,
                213,
                212,
                174,
                0,
                75,
                54,
                50,
                33,
                27,
                92,
                250,
                60,
                65,
                47,
                0,
                177,
                181,
                175,
                211,
                182,
                167,
                135,
                141,
                67,
                0,
                195,
                189,
                145,
                165,
                171,
                202,
                223,
                218,
                210,
                28,
                0,
                116,
                206,
                39,
                205,
                244,
                198,
                108,
                215,
                137,
                0,
                64,
                147,
                227,
                176,
                219,
                131,
                128,
                148,
                222,
                0,
                163,
                77,
                194,
                193,
                216,
                129,
                24,
                197,
                10,
                0,
                146,
                114,
                34,
                51,
                123,
                109,
                99,
                93,
                29,
                0
            ]
        }
    },
    "steps": {
        "0": 391199886,
        "1": 320720389,
        "1048": 39337,
        "115": 39767,
        "122": 39762,
        "123": 39750,
        "124": 39631,
        "16": 40607,
        "161": 39630,
        "1622": 39326,
        "17": 40596,
        "18": 40311,
        "19": 40287,
        "2": 250247875,
        "223": 39566,
        "23": 40204,
        "257": 39553,
        "266": 39522,
        "283": 39520,
        "29": 40104,
        "3": 200046406,
        "305": 39500,
        "312": 39481,
        "320": 39473,
        "326": 39461,
        "33": 39978,
        "338": 39458,
        "348": 39457,
        "368": 39456,
        "4": 200044370,
        "423": 39448,
        "5": 200044080,
        "516": 39444,
        "530": 39441,
        "554": 39435,
        "57": 39957,
        "6": 40956,
        "60": 39923,
        "601": 39412,
        "61": 39919,
        "611": 39406,
        "64": 39904,
        "690": 39372,
        "7": 40616,
        "74": 39900,
        "77": 39821,
        "950": 39344,
        "97": 39800
    },
    "timeout": 1800
}