{
    "config": {
        "allow_infeasible": true,
        "bvns_max_k": 7,
        "bvns_min_k": 1,
        "construction": "greedy",
        "local_search": "CVND",
        "metaheuristic": "BVNS",
        "num_threads": 8,
        "operators": [
            "insert_1",
            "remove_1",
            "two_opt",
            "centered_exchange_1",
            "centered_exchange_3",
            "centered_exchange_4",
            "relocate_1",
            "relocate_4",
            "rrelocate_2",
            "rrelocate_3",
            "rrelocate_5",
            "move_all_by_1",
            "move_all_by_2",
            "move_all_by_3",
            "move_all_by_10"
        ],
        "perturbation": [
            "reinsert"
        ],
        "stop_on_feasible": false,
        "timeout": 220
    },
    "histogram": {
        "all": {
            "centered_exchange_1": 308732,
            "centered_exchange_3": 308689,
            "centered_exchange_4": 308689,
            "insert_1": 319123,
            "move_all_by_1": 253442,
            "move_all_by_10": 220181,
            "move_all_by_2": 249257,
            "move_all_by_3": 244098,
            "relocate_1": 288297,
            "relocate_4": 280350,
            "remove_1": 319123,
            "rrelocate_2": 265650,
            "rrelocate_3": 259325,
            "rrelocate_5": 256852,
            "two_opt": 309910
        },
        "improving": {
            "centered_exchange_1": 95029,
            "centered_exchange_3": 35897,
            "centered_exchange_4": 12982,
            "insert_1": 0,
            "move_all_by_1": 64575,
            "move_all_by_10": 129839,
            "move_all_by_2": 60353,
            "move_all_by_3": 56232,
            "relocate_1": 184364,
            "relocate_4": 125181,
            "remove_1": 0,
            "rrelocate_2": 147448,
            "rrelocate_3": 94337,
            "rrelocate_5": 24917,
            "two_opt": 150955
        },
        "rate": {
            "centered_exchange_1": 0.3078041672706604,
            "centered_exchange_3": 0.11628856509923935,
            "centered_exchange_4": 0.042055271565914154,
            "insert_1": 0.0,
            "move_all_by_1": 0.2547920346260071,
            "move_all_by_10": 0.5896921157836914,
            "move_all_by_2": 0.24213162064552307,
            "move_all_by_3": 0.23036649823188782,
            "relocate_1": 0.6394932866096497,
            "relocate_4": 0.44651684165000916,
            "remove_1": 0.0,
            "rrelocate_2": 0.5550461411476135,
            "rrelocate_3": 0.3637790381908417,
            "rrelocate_5": 0.09700917452573776,
            "two_opt": 0.4870930314064026
        }
    },
    "last_improvement": 1,
    "name": "ulysses22.tsp-22-3.80-0",
    "solution": {
        "fitness": 141,
        "is_feasible": true,
        "permutation": [
            12,
            11,
            21,
            16,
            17,
            2,
            8,
            4,
            14,
            13,
            18,
            19,
            5,
            9,
            7,
            0,
            1,
            20,
            10,
            6,
            3,
            15
        ],
        "permutation_orig_ids": [
            "13",
            "12",
            "22",
            "17",
            "18",
            "3",
            "9",
            "5",
            "15",
            "14",
            "19",
            "20",
            "6",
            "10",
            "8",
            "1",
            "2",
            "21",
            "11",
            "7",
            "4",
            "16"
        ]
    },
    "steps": {
        "0": 1000105,
        "1": 141
    },
    "timeout": 220
}