{
    "config": {
        "allow_infeasible": true,
        "construction": "random_replicate",
        "ils_k": 6,
        "local_search": "CVND",
        "metaheuristic": "ILS",
        "num_threads": 8,
        "operators": [
            "insert_1",
            "remove_1",
            "two_opt",
            "exchange_ids",
            "exchange_1_2",
            "exchange_2_2",
            "exchange_3_3",
            "exchange_3_4",
            "exchange_4_4",
            "rexchange_2_2",
            "rexchange_2_3",
            "rexchange_4_4",
            "centered_exchange_1",
            "relocate_1",
            "relocate_5",
            "rrelocate_3",
            "rrelocate_4",
            "move_all_by_1",
            "move_all_by_2"
        ],
        "perturbation": [
            "random_double_bridge"
        ],
        "timeout": 1800
    },
    "histogram": {
        "all": {
            "centered_exchange_1": 18146,
            "exchange_1_2": 18527,
            "exchange_2_2": 18433,
            "exchange_3_3": 18419,
            "exchange_3_4": 18413,
            "exchange_4_4": 18406,
            "exchange_ids": 18631,
            "insert_1": 20371,
            "move_all_by_1": 16626,
            "move_all_by_2": 16593,
            "relocate_1": 16788,
            "relocate_5": 16781,
            "remove_1": 20000,
            "rexchange_2_2": 18336,
            "rexchange_2_3": 18304,
            "rexchange_4_4": 18166,
            "rrelocate_3": 16763,
            "rrelocate_4": 16755,
            "two_opt": 19388
        },
        "improving": {
            "centered_exchange_1": 5743,
            "exchange_1_2": 10400,
            "exchange_2_2": 8695,
            "exchange_3_3": 5754,
            "exchange_3_4": 5043,
            "exchange_4_4": 4185,
            "exchange_ids": 13836,
            "insert_1": 3237,
            "move_all_by_1": 7835,
            "move_all_by_2": 5874,
            "relocate_1": 13603,
            "relocate_5": 3784,
            "remove_1": 3255,
            "rexchange_2_2": 9630,
            "rexchange_2_3": 8084,
            "rexchange_4_4": 8857,
            "rrelocate_3": 5598,
            "rrelocate_4": 3850,
            "two_opt": 14183
        },
        "rate": {
            "centered_exchange_1": 0.31648847460746765,
            "exchange_1_2": 0.5613428950309753,
            "exchange_2_2": 0.47170835733413696,
            "exchange_3_3": 0.31239479780197144,
            "exchange_3_4": 0.27388259768486023,
            "exchange_4_4": 0.22737151384353638,
            "exchange_ids": 0.7426332235336304,
            "insert_1": 0.1589023619890213,
            "move_all_by_1": 0.47124984860420227,
            "move_all_by_2": 0.35400471091270447,
            "relocate_1": 0.8102811574935913,
            "relocate_5": 0.22549311816692352,
            "remove_1": 0.1627500057220459,
            "rexchange_2_2": 0.5251963138580322,
            "rexchange_2_3": 0.4416520893573761,
            "rexchange_4_4": 0.48755916953086853,
            "rrelocate_3": 0.3339497745037079,
            "rrelocate_4": 0.22978214919567108,
            "two_opt": 0.7315349578857422
        }
    },
    "last_improvement": 1000,
    "name": "cvrp-X-n204-k19.xml",
    "solution": {
        "solution": {
            "fitness": 19762,
            "is_feasible": true,
            "permutation": [
                0,
                58,
                33,
                39,
                84,
                7,
                67,
                95,
                29,
                92,
                85,
                0,
                170,
                106,
                202,
                135,
                12,
                136,
                148,
                116,
                144,
                203,
                199,
                0,
                19,
                80,
                46,
                20,
                82,
                35,
                37,
                60,
                64,
                88,
                0,
                141,
                140,
                56,
                11,
                94,
                40,
                66,
                110,
                156,
                139,
                197,
                55,
                137,
                0,
                63,
                189,
                38,
                45,
                50,
                43,
                17,
                0,
                42,
                21,
                73,
                69,
                59,
                4,
                23,
                24,
                28,
                6,
                86,
                0,
                194,
                5,
                109,
                2,
                124,
                62,
                70,
                104,
                176,
                0,
                164,
                78,
                100,
                15,
                34,
                53,
                101,
                36,
                48,
                119,
                200,
                0,
                22,
                117,
                81,
                44,
                10,
                102,
                14,
                147,
                201,
                142,
                145,
                0,
                169,
                32,
                72,
                30,
                174,
                52,
                27,
                49,
                75,
                83,
                26,
                0,
                183,
                153,
                160,
                113,
                162,
                71,
                179,
                99,
                128,
                143,
                65,
                0,
                191,
                138,
                115,
                168,
                175,
                130,
                161,
                107,
                171,
                47,
                129,
                0,
                151,
                193,
                154,
                9,
                187,
                111,
                112,
                121,
                166,
                8,
                1,
                159,
                0,
                57,
                163,
                184,
                103,
                146,
                158,
                180,
                165,
                93,
                89,
                185,
                0,
                125,
                76,
                97,
                196,
                178,
                108,
                192,
                149,
                126,
                68,
                134,
                0,
                190,
                114,
                132,
                195,
                127,
                133,
                172,
                188,
                98,
                118,
                0,
                90,
                177,
                173,
                186,
                120,
                105,
                122,
                157,
                79,
                77,
                96,
                0,
                167,
                131,
                123,
                155,
                16,
                198,
                181,
                150,
                182,
                18,
                152,
                0,
                61,
                74,
                3,
                87,
                41,
                31,
                13,
                25,
                91,
                54,
                51,
                0
            ]
        }
    },
    "steps": {
        "0": 252625449,
        "1": 22470,
        "10": 20295,
        "1000": 19762,
        "12": 20091,
        "149": 19806,
        "15": 20075,
        "16": 20058,
        "167": 19801,
        "2": 20838,
        "21": 20051,
        "216": 19799,
        "25": 20029,
        "26": 20025,
        "27": 20023,
        "273": 19796,
        "3": 20734,
        "306": 19786,
        "340": 19783,
        "346": 19775,
        "364": 19768,
        "4": 20652,
        "43": 19928,
        "46": 19899,
        "47": 19897,
        "5": 20593,
        "51": 19875,
        "6": 20331,
        "60": 19868,
        "71": 19860,
        "72": 19850,
        "77": 19849,
        "79": 19837,
        "88": 19828,
        "92": 19815
    },
    "timeout": 1800
}