{
    "config": {
        "allow_infeasible": true,
        "construction": "random_replicate",
        "ils_k": 6,
        "local_search": "CVND",
        "metaheuristic": "ILS",
        "num_threads": 8,
        "operators": [
            "insert_1",
            "remove_1",
            "two_opt",
            "exchange_ids",
            "exchange_1_2",
            "exchange_2_2",
            "exchange_3_3",
            "exchange_3_4",
            "exchange_4_4",
            "rexchange_2_2",
            "rexchange_2_3",
            "rexchange_4_4",
            "centered_exchange_1",
            "relocate_1",
            "relocate_5",
            "rrelocate_3",
            "rrelocate_4",
            "move_all_by_1",
            "move_all_by_2"
        ],
        "perturbation": [
            "random_double_bridge"
        ],
        "timeout": 600
    },
    "histogram": {
        "all": {
            "centered_exchange_1": 62362,
            "exchange_1_2": 63687,
            "exchange_2_2": 63149,
            "exchange_3_3": 62897,
            "exchange_3_4": 62610,
            "exchange_4_4": 62505,
            "exchange_ids": 64608,
            "insert_1": 68534,
            "move_all_by_1": 51447,
            "move_all_by_2": 50933,
            "relocate_1": 54248,
            "relocate_5": 52655,
            "remove_1": 68534,
            "rexchange_2_2": 62444,
            "rexchange_2_3": 62428,
            "rexchange_4_4": 62428,
            "rrelocate_3": 52189,
            "rrelocate_4": 52160,
            "two_opt": 66380
        },
        "improving": {
            "centered_exchange_1": 2542,
            "exchange_1_2": 27573,
            "exchange_2_2": 17558,
            "exchange_3_3": 13197,
            "exchange_3_4": 15097,
            "exchange_4_4": 7660,
            "exchange_ids": 27142,
            "insert_1": 0,
            "move_all_by_1": 8206,
            "move_all_by_2": 7989,
            "relocate_1": 40818,
            "relocate_5": 24992,
            "remove_1": 0,
            "rexchange_2_2": 3785,
            "rexchange_2_3": 1864,
            "rexchange_4_4": 98,
            "rrelocate_3": 9151,
            "rrelocate_4": 2318,
            "two_opt": 19327
        },
        "rate": {
            "centered_exchange_1": 0.040762003511190414,
            "exchange_1_2": 0.43294548988342285,
            "exchange_2_2": 0.2780408263206482,
            "exchange_3_3": 0.2098192274570465,
            "exchange_3_4": 0.241127610206604,
            "exchange_4_4": 0.12255019694566727,
            "exchange_ids": 0.4201027750968933,
            "insert_1": 0.0,
            "move_all_by_1": 0.15950395166873932,
            "move_all_by_2": 0.15685312449932098,
            "relocate_1": 0.7524332404136658,
            "relocate_5": 0.4746367931365967,
            "remove_1": 0.0,
            "rexchange_2_2": 0.06061431020498276,
            "rexchange_2_3": 0.02985839731991291,
            "rexchange_4_4": 0.0015698084607720375,
            "rrelocate_3": 0.17534346878528595,
            "rrelocate_4": 0.04444018378853798,
            "two_opt": 0.29115697741508484
        }
    },
    "last_improvement": 24,
    "name": "berlin52",
    "solution": {
        "fitness": 9631,
        "is_feasible": true,
        "permutation": [
            0,
            48,
            33,
            34,
            38,
            35,
            36,
            37,
            39,
            23,
            14,
            5,
            4,
            47,
            3,
            42,
            32,
            50,
            10,
            27,
            26,
            12,
            13,
            51,
            25,
            46,
            11,
            24,
            45,
            43,
            15,
            28,
            22,
            49,
            19,
            21,
            17,
            30,
            20,
            29,
            41,
            1,
            6,
            16,
            40,
            2,
            7,
            9,
            8,
            18,
            44,
            31
        ],
        "permutation_orig_ids": [
            "1",
            "49",
            "34",
            "35",
            "39",
            "36",
            "37",
            "38",
            "40",
            "24",
            "15",
            "6",
            "5",
            "48",
            "4",
            "43",
            "33",
            "51",
            "11",
            "28",
            "27",
            "13",
            "14",
            "52",
            "26",
            "47",
            "12",
            "25",
            "46",
            "44",
            "16",
            "29",
            "23",
            "50",
            "20",
            "22",
            "18",
            "31",
            "21",
            "30",
            "42",
            "2",
            "7",
            "17",
            "41",
            "3",
            "8",
            "10",
            "9",
            "19",
            "45",
            "32"
        ]
    },
    "steps": {
        "0": 10061,
        "2": 9956,
        "24": 9631,
        "4": 9703,
        "6": 9656,
        "7": 9645
    },
    "timeout": 600
}