{
    "config": {
        "allow_infeasible": true,
        "construction": "greedy",
        "ils_k": 8,
        "local_search": "RPVND",
        "metaheuristic": "ILS",
        "num_threads": 8,
        "operators": [
            "insert_1",
            "exchange_ids",
            "exchange_1_1",
            "rexchange_1_2",
            "rexchange_2_2",
            "rexchange_3_3",
            "centered_exchange_1",
            "centered_exchange_2",
            "centered_exchange_3",
            "centered_exchange_4",
            "relocate_3",
            "relocate_4",
            "move_all_by_1",
            "move_all_by_2",
            "move_all_by_4"
        ],
        "perturbation": [
            "random_swap"
        ],
        "timeout": 1800
    },
    "histogram": {
        "all": {
            "centered_exchange_1": 5494,
            "centered_exchange_2": 4847,
            "centered_exchange_3": 4796,
            "centered_exchange_4": 4768,
            "exchange_1_1": 22461,
            "exchange_ids": 4777,
            "insert_1": 4766,
            "move_all_by_1": 4766,
            "move_all_by_2": 4766,
            "move_all_by_4": 4766,
            "relocate_3": 5027,
            "relocate_4": 4854,
            "rexchange_1_2": 5658,
            "rexchange_2_2": 13893,
            "rexchange_3_3": 6885
        },
        "improving": {
            "centered_exchange_1": 728,
            "centered_exchange_2": 81,
            "centered_exchange_3": 30,
            "centered_exchange_4": 2,
            "exchange_1_1": 17695,
            "exchange_ids": 11,
            "insert_1": 0,
            "move_all_by_1": 0,
            "move_all_by_2": 0,
            "move_all_by_4": 0,
            "relocate_3": 261,
            "relocate_4": 88,
            "rexchange_1_2": 892,
            "rexchange_2_2": 9127,
            "rexchange_3_3": 2119
        },
        "rate": {
            "centered_exchange_1": 0.13250818848609924,
            "centered_exchange_2": 0.016711367294192314,
            "centered_exchange_3": 0.00625521270558238,
            "centered_exchange_4": 0.00041946308920159936,
            "exchange_1_1": 0.7878099679946899,
            "exchange_ids": 0.0023027004208415747,
            "insert_1": 0.0,
            "move_all_by_1": 0.0,
            "move_all_by_2": 0.0,
            "move_all_by_4": 0.0,
            "relocate_3": 0.05191963538527489,
            "relocate_4": 0.0181293785572052,
            "rexchange_1_2": 0.15765288472175598,
            "rexchange_2_2": 0.656949520111084,
            "rexchange_3_3": 0.3077705204486847
        }
    },
    "last_improvement": 374,
    "name": "sudoku-inst16x16_15_1.txt",
    "solution": {
        "solution": {
            "fitness": 2,
            "is_feasible": false,
            "permutation": [
                5,
                2,
                7,
                6,
                3,
                4,
                15,
                9,
                11,
                10,
                14,
                12,
                1,
                0,
                3,
                10,
                8,
                6,
                14,
                0,
                5,
                4,
                7,
                1,
                13,
                2,
                11,
                15,
                12,
                15,
                1,
                2,
                11,
                8,
                6,
                0,
                10,
                7,
                5,
                3,
                11,
                13,
                1,
                10,
                7,
                15,
                5,
                14,
                12,
                3,
                2,
                4,
                8,
                8,
                10,
                2,
                0,
                12,
                7,
                6,
                9,
                4,
                3,
                15,
                13,
                1,
                14,
                6,
                3,
                15,
                9,
                8,
                1,
                10,
                0,
                7,
                4,
                11,
                2,
                13,
                9,
                1,
                4,
                3,
                10,
                8,
                2,
                15,
                14,
                6,
                0,
                7,
                12,
                0,
                5,
                15,
                1,
                4,
                2,
                6,
                11,
                3,
                13,
                12,
                10,
                14,
                2,
                0,
                4,
                7,
                8,
                1,
                3,
                12,
                6,
                14,
                9,
                11,
                10,
                15,
                13,
                9,
                8,
                10,
                4,
                11,
                0,
                7,
                13,
                1,
                3,
                12,
                6,
                3,
                6,
                5,
                13,
                2,
                10,
                12,
                4,
                0,
                1,
                7,
                14,
                8,
                9,
                1,
                12,
                11,
                13,
                14,
                15,
                9,
                3,
                10,
                8,
                2,
                5,
                0,
                6,
                5,
                3,
                0,
                2,
                10,
                14,
                7,
                1,
                4,
                13,
                12,
                8,
                11,
                7,
                1,
                13,
                11,
                8,
                0,
                9,
                4,
                10,
                14,
                12,
                5,
                6,
                3,
                2,
                10,
                14,
                8,
                9,
                12,
                11,
                1,
                0,
                15,
                2,
                5,
                13,
                4,
                7,
                15,
                2,
                12,
                7,
                5,
                3,
                9,
                11,
                8,
                6,
                0,
                1,
                14,
                10
            ]
        }
    },
    "steps": {
        "0": 28,
        "1": 27,
        "105": 7,
        "11": 17,
        "112": 6,
        "166": 5,
        "19": 16,
        "2": 24,
        "20": 15,
        "231": 4,
        "24": 11,
        "374": 2,
        "4": 20,
        "5": 19,
        "55": 10,
        "73": 9,
        "8": 18,
        "84": 8
    },
    "timeout": 1800
}