{
    "config": {
        "allow_infeasible": true,
        "construction": "random_replicate",
        "ils_k": 6,
        "local_search": "CVND",
        "metaheuristic": "ILS",
        "num_threads": 8,
        "operators": [
            "insert_1",
            "remove_1",
            "two_opt",
            "exchange_ids",
            "exchange_1_2",
            "exchange_2_2",
            "exchange_3_3",
            "exchange_3_4",
            "exchange_4_4",
            "rexchange_2_2",
            "rexchange_2_3",
            "rexchange_4_4",
            "centered_exchange_1",
            "relocate_1",
            "relocate_5",
            "rrelocate_3",
            "rrelocate_4",
            "move_all_by_1",
            "move_all_by_2"
        ],
        "perturbation": [
            "random_double_bridge"
        ],
        "stop_on_feasible": true,
        "timeout": 70
    },
    "histogram": {
        "all": {
            "centered_exchange_1": 9,
            "exchange_1_2": 9,
            "exchange_2_2": 9,
            "exchange_3_3": 9,
            "exchange_3_4": 9,
            "exchange_4_4": 9,
            "exchange_ids": 9,
            "insert_1": 10,
            "move_all_by_1": 7,
            "move_all_by_2": 7,
            "relocate_1": 7,
            "relocate_5": 7,
            "remove_1": 10,
            "rexchange_2_2": 9,
            "rexchange_2_3": 9,
            "rexchange_4_4": 9,
            "rrelocate_3": 7,
            "rrelocate_4": 7,
            "two_opt": 10
        },
        "improving": {
            "centered_exchange_1": 3,
            "exchange_1_2": 4,
            "exchange_2_2": 3,
            "exchange_3_3": 3,
            "exchange_3_4": 2,
            "exchange_4_4": 2,
            "exchange_ids": 5,
            "insert_1": 0,
            "move_all_by_1": 5,
            "move_all_by_2": 5,
            "relocate_1": 7,
            "relocate_5": 3,
            "remove_1": 0,
            "rexchange_2_2": 4,
            "rexchange_2_3": 4,
            "rexchange_4_4": 2,
            "rrelocate_3": 5,
            "rrelocate_4": 3,
            "two_opt": 8
        },
        "rate": {
            "centered_exchange_1": 0.3333333432674408,
            "exchange_1_2": 0.4444444477558136,
            "exchange_2_2": 0.3333333432674408,
            "exchange_3_3": 0.3333333432674408,
            "exchange_3_4": 0.2222222238779068,
            "exchange_4_4": 0.2222222238779068,
            "exchange_ids": 0.5555555820465088,
            "insert_1": 0.0,
            "move_all_by_1": 0.7142857313156128,
            "move_all_by_2": 0.7142857313156128,
            "relocate_1": 1.0,
            "relocate_5": 0.4285714328289032,
            "remove_1": 0.0,
            "rexchange_2_2": 0.4444444477558136,
            "rexchange_2_3": 0.4444444477558136,
            "rexchange_4_4": 0.2222222238779068,
            "rrelocate_3": 0.7142857313156128,
            "rrelocate_4": 0.4285714328289032,
            "two_opt": 0.800000011920929
        }
    },
    "last_improvement": 28,
    "name": "random-70-8.32-10",
    "solution": {
        "fitness": 3110,
        "is_feasible": true,
        "permutation": [
            44,
            7,
            30,
            53,
            66,
            65,
            8,
            26,
            28,
            46,
            0,
            23,
            69,
            54,
            10,
            51,
            62,
            29,
            25,
            34,
            38,
            15,
            61,
            48,
            9,
            68,
            56,
            4,
            14,
            24,
            12,
            50,
            35,
            18,
            5,
            11,
            60,
            20,
            2,
            63,
            22,
            67,
            41,
            52,
            17,
            42,
            36,
            27,
            33,
            64,
            43,
            6,
            49,
            58,
            57,
            55,
            37,
            39,
            16,
            19,
            45,
            3,
            40,
            13,
            32,
            47,
            59,
            21,
            1,
            31
        ],
        "permutation_orig_ids": [
            "45",
            "8",
            "31",
            "54",
            "67",
            "66",
            "9",
            "27",
            "29",
            "47",
            "1",
            "24",
            "70",
            "55",
            "11",
            "52",
            "63",
            "30",
            "26",
            "35",
            "39",
            "16",
            "62",
            "49",
            "10",
            "69",
            "57",
            "5",
            "15",
            "25",
            "13",
            "51",
            "36",
            "19",
            "6",
            "12",
            "61",
            "21",
            "3",
            "64",
            "23",
            "68",
            "42",
            "53",
            "18",
            "43",
            "37",
            "28",
            "34",
            "65",
            "44",
            "7",
            "50",
            "59",
            "58",
            "56",
            "38",
            "40",
            "17",
            "20",
            "46",
            "4",
            "41",
            "14",
            "33",
            "48",
            "60",
            "22",
            "2",
            "32"
        ],
        "walk_orig_ids": [
            "45",
            "8",
            "31",
            "54",
            "67",
            "66",
            "9",
            "27",
            "64",
            "29",
            "47",
            "1",
            "24",
            "70",
            "55",
            "11",
            "48",
            "52",
            "63",
            "62",
            "48",
            "30",
            "64",
            "26",
            "35",
            "7",
            "39",
            "16",
            "65",
            "62",
            "52",
            "49",
            "10",
            "69",
            "10",
            "57",
            "46",
            "5",
            "17",
            "59",
            "15",
            "25",
            "43",
            "41",
            "49",
            "13",
            "33",
            "51",
            "33",
            "36",
            "6",
            "19",
            "6",
            "60",
            "12",
            "61",
            "21",
            "3",
            "64",
            "23",
            "68",
            "31",
            "42",
            "53",
            "18",
            "41",
            "43",
            "41",
            "37",
            "41",
            "28",
            "58",
            "56",
            "34",
            "62",
            "65",
            "62",
            "44",
            "70",
            "7",
            "23",
            "67",
            "50",
            "67",
            "15",
            "59",
            "56",
            "58",
            "56",
            "13",
            "33",
            "38",
            "2",
            "40",
            "17",
            "20",
            "46",
            "57",
            "4",
            "41",
            "14",
            "8",
            "33",
            "32",
            "62",
            "48",
            "62",
            "60",
            "62",
            "22",
            "4",
            "70",
            "2",
            "32",
            "2",
            "70",
            "4",
            "57"
        ],
        "walk_processing": [
            true,
            true,
            true,
            true,
            true,
            true,
            true,
            true,
            false,
            true,
            true,
            true,
            true,
            true,
            true,
            true,
            false,
            true,
            true,
            false,
            false,
            true,
            false,
            true,
            true,
            false,
            true,
            true,
            false,
            true,
            false,
            true,
            true,
            true,
            false,
            true,
            false,
            true,
            false,
            false,
            true,
            true,
            false,
            false,
            false,
            true,
            false,
            true,
            false,
            true,
            false,
            true,
            true,
            false,
            true,
            true,
            true,
            true,
            true,
            true,
            true,
            false,
            true,
            true,
            true,
            false,
            true,
            false,
            true,
            false,
            true,
            false,
            false,
            true,
            false,
            true,
            false,
            true,
            false,
            true,
            false,
            false,
            true,
            false,
            false,
            true,
            false,
            true,
            true,
            false,
            false,
            true,
            false,
            true,
            true,
            true,
            true,
            false,
            true,
            true,
            true,
            false,
            true,
            false,
            false,
            true,
            false,
            true,
            false,
            true,
            false,
            false,
            true,
            true,
            false,
            false,
            false,
            false
        ]
    },
    "steps": {
        "0": 2008031,
        "1": 2006553,
        "10": 1003125,
        "11": 1002956,
        "12": 1002863,
        "13": 1002854,
        "14": 1002707,
        "15": 1002684,
        "17": 1002608,
        "18": 1002584,
        "2": 1005668,
        "20": 1002561,
        "25": 1002545,
        "28": 3110,
        "3": 1004784,
        "4": 1004111,
        "5": 1003659,
        "6": 1003502,
        "7": 1003307,
        "8": 1003178,
        "9": 1003137
    },
    "timeout": 70
}