{
    "config": {
        "allow_infeasible": true,
        "construction": "random_replicate",
        "ils_k": 6,
        "local_search": "CVND",
        "metaheuristic": "ILS",
        "num_threads": 8,
        "operators": [
            "insert_1",
            "remove_1",
            "two_opt",
            "exchange_ids",
            "exchange_1_2",
            "exchange_2_2",
            "exchange_3_3",
            "exchange_3_4",
            "exchange_4_4",
            "rexchange_2_2",
            "rexchange_2_3",
            "rexchange_4_4",
            "centered_exchange_1",
            "relocate_1",
            "relocate_5",
            "rrelocate_3",
            "rrelocate_4",
            "move_all_by_1",
            "move_all_by_2"
        ],
        "perturbation": [
            "random_double_bridge"
        ],
        "stop_on_feasible": true,
        "timeout": 70
    },
    "histogram": {
        "all": {
            "centered_exchange_1": 6,
            "exchange_1_2": 7,
            "exchange_2_2": 6,
            "exchange_3_3": 6,
            "exchange_3_4": 6,
            "exchange_4_4": 6,
            "exchange_ids": 7,
            "insert_1": 7,
            "move_all_by_1": 6,
            "move_all_by_2": 6,
            "relocate_1": 6,
            "relocate_5": 6,
            "remove_1": 7,
            "rexchange_2_2": 6,
            "rexchange_2_3": 6,
            "rexchange_4_4": 6,
            "rrelocate_3": 6,
            "rrelocate_4": 6,
            "two_opt": 7
        },
        "improving": {
            "centered_exchange_1": 3,
            "exchange_1_2": 7,
            "exchange_2_2": 4,
            "exchange_3_3": 3,
            "exchange_3_4": 3,
            "exchange_4_4": 2,
            "exchange_ids": 7,
            "insert_1": 0,
            "move_all_by_1": 3,
            "move_all_by_2": 3,
            "relocate_1": 6,
            "relocate_5": 3,
            "remove_1": 0,
            "rexchange_2_2": 5,
            "rexchange_2_3": 3,
            "rexchange_4_4": 5,
            "rrelocate_3": 3,
            "rrelocate_4": 2,
            "two_opt": 4
        },
        "rate": {
            "centered_exchange_1": 0.5,
            "exchange_1_2": 1.0,
            "exchange_2_2": 0.6666666865348816,
            "exchange_3_3": 0.5,
            "exchange_3_4": 0.5,
            "exchange_4_4": 0.3333333432674408,
            "exchange_ids": 1.0,
            "insert_1": 0.0,
            "move_all_by_1": 0.5,
            "move_all_by_2": 0.5,
            "relocate_1": 1.0,
            "relocate_5": 0.5,
            "remove_1": 0.0,
            "rexchange_2_2": 0.8333333134651184,
            "rexchange_2_3": 0.5,
            "rexchange_4_4": 0.8333333134651184,
            "rrelocate_3": 0.5,
            "rrelocate_4": 0.3333333432674408,
            "two_opt": 0.5714285969734192
        }
    },
    "last_improvement": 20,
    "name": "random-70-7.12-4",
    "solution": {
        "fitness": 4048,
        "is_feasible": true,
        "permutation": [
            29,
            28,
            64,
            52,
            16,
            10,
            62,
            34,
            20,
            1,
            61,
            48,
            25,
            49,
            22,
            3,
            33,
            39,
            51,
            4,
            60,
            14,
            41,
            43,
            9,
            65,
            56,
            68,
            15,
            54,
            53,
            50,
            17,
            23,
            57,
            2,
            55,
            47,
            19,
            27,
            21,
            37,
            36,
            30,
            32,
            31,
            63,
            67,
            66,
            13,
            35,
            5,
            18,
            12,
            24,
            44,
            26,
            6,
            46,
            38,
            40,
            42,
            69,
            58,
            59,
            45,
            0,
            11,
            7,
            8
        ],
        "permutation_orig_ids": [
            "30",
            "29",
            "65",
            "53",
            "17",
            "11",
            "63",
            "35",
            "21",
            "2",
            "62",
            "49",
            "26",
            "50",
            "23",
            "4",
            "34",
            "40",
            "52",
            "5",
            "61",
            "15",
            "42",
            "44",
            "10",
            "66",
            "57",
            "69",
            "16",
            "55",
            "54",
            "51",
            "18",
            "24",
            "58",
            "3",
            "56",
            "48",
            "20",
            "28",
            "22",
            "38",
            "37",
            "31",
            "33",
            "32",
            "64",
            "68",
            "67",
            "14",
            "36",
            "6",
            "19",
            "13",
            "25",
            "45",
            "27",
            "7",
            "47",
            "39",
            "41",
            "43",
            "70",
            "59",
            "60",
            "46",
            "1",
            "12",
            "8",
            "9"
        ],
        "walk_orig_ids": [
            "30",
            "29",
            "65",
            "53",
            "46",
            "42",
            "17",
            "11",
            "63",
            "35",
            "21",
            "47",
            "2",
            "47",
            "62",
            "49",
            "26",
            "67",
            "50",
            "23",
            "50",
            "67",
            "64",
            "4",
            "34",
            "40",
            "52",
            "5",
            "63",
            "61",
            "53",
            "46",
            "15",
            "42",
            "44",
            "36",
            "10",
            "66",
            "57",
            "69",
            "16",
            "55",
            "54",
            "51",
            "70",
            "18",
            "58",
            "24",
            "58",
            "3",
            "30",
            "48",
            "56",
            "48",
            "20",
            "28",
            "20",
            "22",
            "38",
            "37",
            "33",
            "31",
            "33",
            "37",
            "38",
            "23",
            "32",
            "64",
            "67",
            "68",
            "67",
            "64",
            "56",
            "14",
            "5",
            "13",
            "30",
            "3",
            "36",
            "6",
            "1",
            "41",
            "42",
            "19",
            "13",
            "25",
            "52",
            "45",
            "27",
            "51",
            "7",
            "51",
            "58",
            "47",
            "39",
            "42",
            "41",
            "42",
            "28",
            "43",
            "28",
            "70",
            "18",
            "2",
            "59",
            "2",
            "8",
            "9",
            "25",
            "60",
            "46",
            "60",
            "23",
            "1",
            "23",
            "12",
            "23",
            "1",
            "68",
            "60",
            "25",
            "9",
            "8",
            "9",
            "25",
            "13"
        ],
        "walk_processing": [
            true,
            true,
            true,
            true,
            false,
            false,
            true,
            true,
            true,
            true,
            true,
            false,
            true,
            false,
            true,
            true,
            true,
            false,
            true,
            true,
            false,
            false,
            false,
            true,
            true,
            true,
            true,
            true,
            false,
            true,
            false,
            false,
            true,
            true,
            true,
            false,
            true,
            true,
            true,
            true,
            true,
            true,
            true,
            true,
            false,
            true,
            false,
            true,
            true,
            true,
            false,
            false,
            true,
            true,
            true,
            true,
            false,
            true,
            true,
            true,
            false,
            true,
            true,
            false,
            false,
            false,
            true,
            true,
            false,
            true,
            true,
            false,
            false,
            true,
            false,
            false,
            false,
            false,
            true,
            true,
            false,
            false,
            false,
            true,
            true,
            true,
            false,
            true,
            true,
            false,
            true,
            false,
            false,
            true,
            true,
            false,
            true,
            false,
            false,
            true,
            false,
            true,
            false,
            false,
            true,
            false,
            false,
            false,
            false,
            true,
            true,
            false,
            false,
            true,
            false,
            true,
            false,
            false,
            false,
            false,
            false,
            false,
            true,
            true,
            false,
            false
        ]
    },
    "steps": {
        "0": 3007023,
        "1": 3006277,
        "10": 2003287,
        "11": 2003156,
        "12": 2003112,
        "13": 2003083,
        "14": 2003041,
        "15": 2003001,
        "16": 2002966,
        "17": 2002958,
        "18": 2002945,
        "19": 2002927,
        "2": 3005636,
        "20": 4048,
        "3": 3005002,
        "4": 2005402,
        "5": 2004643,
        "6": 2004271,
        "7": 2003846,
        "8": 2003485,
        "9": 2003336
    },
    "timeout": 70
}