{
    "config": {
        "allow_infeasible": true,
        "construction": "random_replicate",
        "ils_k": 6,
        "local_search": "CVND",
        "metaheuristic": "ILS",
        "num_threads": 8,
        "operators": [
            "insert_1",
            "remove_1",
            "two_opt",
            "exchange_ids",
            "exchange_1_2",
            "exchange_2_2",
            "exchange_3_3",
            "exchange_3_4",
            "exchange_4_4",
            "rexchange_2_2",
            "rexchange_2_3",
            "rexchange_4_4",
            "centered_exchange_1",
            "relocate_1",
            "relocate_5",
            "rrelocate_3",
            "rrelocate_4",
            "move_all_by_1",
            "move_all_by_2"
        ],
        "perturbation": [
            "random_double_bridge"
        ],
        "stop_on_feasible": true,
        "timeout": 3
    },
    "histogram": {
        "all": {
            "centered_exchange_1": 355,
            "exchange_1_2": 369,
            "exchange_2_2": 369,
            "exchange_3_3": 369,
            "exchange_3_4": 369,
            "exchange_4_4": 369,
            "exchange_ids": 373,
            "insert_1": 464,
            "move_all_by_1": 264,
            "move_all_by_2": 258,
            "relocate_1": 296,
            "relocate_5": 295,
            "remove_1": 464,
            "rexchange_2_2": 364,
            "rexchange_2_3": 363,
            "rexchange_4_4": 363,
            "rrelocate_3": 283,
            "rrelocate_4": 281,
            "two_opt": 416
        },
        "improving": {
            "centered_exchange_1": 41,
            "exchange_1_2": 106,
            "exchange_2_2": 32,
            "exchange_3_3": 15,
            "exchange_3_4": 10,
            "exchange_4_4": 4,
            "exchange_ids": 171,
            "insert_1": 0,
            "move_all_by_1": 39,
            "move_all_by_2": 20,
            "relocate_1": 125,
            "relocate_5": 10,
            "remove_1": 0,
            "rexchange_2_2": 56,
            "rexchange_2_3": 17,
            "rexchange_4_4": 10,
            "rrelocate_3": 37,
            "rrelocate_4": 16,
            "two_opt": 227
        },
        "rate": {
            "centered_exchange_1": 0.11549295485019684,
            "exchange_1_2": 0.287262886762619,
            "exchange_2_2": 0.08672086894512177,
            "exchange_3_3": 0.04065040498971939,
            "exchange_3_4": 0.027100270614027977,
            "exchange_4_4": 0.01084010861814022,
            "exchange_ids": 0.4584450423717499,
            "insert_1": 0.0,
            "move_all_by_1": 0.14772726595401764,
            "move_all_by_2": 0.07751937955617905,
            "relocate_1": 0.42229729890823364,
            "relocate_5": 0.033898305147886276,
            "remove_1": 0.0,
            "rexchange_2_2": 0.1538461595773697,
            "rexchange_2_3": 0.04683195427060127,
            "rexchange_4_4": 0.027548208832740784,
            "rrelocate_3": 0.13074204325675964,
            "rrelocate_4": 0.0569395013153553,
            "two_opt": 0.5456730723381042
        }
    },
    "last_improvement": 0,
    "name": "random-24-138.0-149",
    "solution": {
        "fitness": 1000466,
        "is_feasible": false,
        "permutation": [
            5,
            0,
            23,
            7,
            22,
            14,
            3,
            20,
            11,
            15,
            9,
            19,
            2,
            16,
            10,
            1,
            12,
            17,
            21,
            13,
            8,
            6,
            4,
            18
        ],
        "permutation_orig_ids": [
            "6",
            "1",
            "24",
            "8",
            "23",
            "15",
            "4",
            "21",
            "12",
            "16",
            "10",
            "20",
            "3",
            "17",
            "11",
            "2",
            "13",
            "18",
            "22",
            "14",
            "9",
            "7",
            "5",
            "19"
        ],
        "walk_orig_ids": [
            "6",
            "1",
            "24",
            "8",
            "23",
            "15",
            "4",
            "21",
            "12",
            "16",
            "10",
            "13",
            "20",
            "3",
            "17",
            "11",
            "2",
            "13",
            "18",
            "22",
            "14",
            "7",
            "9",
            "7",
            "5",
            "19"
        ],
        "walk_processing": [
            true,
            true,
            true,
            true,
            true,
            true,
            true,
            true,
            true,
            true,
            true,
            false,
            true,
            true,
            true,
            true,
            true,
            true,
            true,
            true,
            true,
            false,
            true,
            true,
            true,
            true
        ]
    },
    "steps": {
        "0": 1000466
    },
    "timeout": 3
}