{
    "config": {
        "allow_infeasible": true,
        "construction": "random_replicate",
        "ils_k": 6,
        "local_search": "CVND",
        "metaheuristic": "ILS",
        "num_threads": 8,
        "operators": [
            "insert_1",
            "remove_1",
            "two_opt",
            "exchange_ids",
            "exchange_1_2",
            "exchange_2_2",
            "exchange_3_3",
            "exchange_3_4",
            "exchange_4_4",
            "rexchange_2_2",
            "rexchange_2_3",
            "rexchange_4_4",
            "centered_exchange_1",
            "relocate_1",
            "relocate_5",
            "rrelocate_3",
            "rrelocate_4",
            "move_all_by_1",
            "move_all_by_2"
        ],
        "perturbation": [
            "random_double_bridge"
        ],
        "stop_on_feasible": true,
        "timeout": 3
    },
    "histogram": {
        "all": {
            "centered_exchange_1": 366,
            "exchange_1_2": 373,
            "exchange_2_2": 372,
            "exchange_3_3": 372,
            "exchange_3_4": 371,
            "exchange_4_4": 371,
            "exchange_ids": 373,
            "insert_1": 460,
            "move_all_by_1": 275,
            "move_all_by_2": 260,
            "relocate_1": 310,
            "relocate_5": 310,
            "remove_1": 460,
            "rexchange_2_2": 370,
            "rexchange_2_3": 370,
            "rexchange_4_4": 370,
            "rrelocate_3": 303,
            "rrelocate_4": 303,
            "two_opt": 411
        },
        "improving": {
            "centered_exchange_1": 54,
            "exchange_1_2": 108,
            "exchange_2_2": 44,
            "exchange_3_3": 21,
            "exchange_3_4": 14,
            "exchange_4_4": 7,
            "exchange_ids": 164,
            "insert_1": 0,
            "move_all_by_1": 56,
            "move_all_by_2": 27,
            "relocate_1": 134,
            "relocate_5": 18,
            "remove_1": 0,
            "rexchange_2_2": 58,
            "rexchange_2_3": 23,
            "rexchange_4_4": 6,
            "rrelocate_3": 34,
            "rrelocate_4": 16,
            "two_opt": 216
        },
        "rate": {
            "centered_exchange_1": 0.14754098653793335,
            "exchange_1_2": 0.2895442247390747,
            "exchange_2_2": 0.11827956885099411,
            "exchange_3_3": 0.05645161122083664,
            "exchange_3_4": 0.03773584961891174,
            "exchange_4_4": 0.01886792480945587,
            "exchange_ids": 0.43967828154563904,
            "insert_1": 0.0,
            "move_all_by_1": 0.20363636314868927,
            "move_all_by_2": 0.10384615510702133,
            "relocate_1": 0.43225806951522827,
            "relocate_5": 0.05806451663374901,
            "remove_1": 0.0,
            "rexchange_2_2": 0.15675675868988037,
            "rexchange_2_3": 0.062162160873413086,
            "rexchange_4_4": 0.01621621660888195,
            "rrelocate_3": 0.11221121996641159,
            "rrelocate_4": 0.052805282175540924,
            "two_opt": 0.525547444820404
        }
    },
    "last_improvement": 2,
    "name": "random-24-137.5-194",
    "solution": {
        "fitness": 1000456,
        "is_feasible": false,
        "permutation": [
            6,
            11,
            0,
            15,
            14,
            18,
            3,
            2,
            1,
            20,
            7,
            13,
            23,
            9,
            22,
            17,
            5,
            4,
            10,
            19,
            12,
            21,
            8,
            16
        ],
        "permutation_orig_ids": [
            "7",
            "12",
            "1",
            "16",
            "15",
            "19",
            "4",
            "3",
            "2",
            "21",
            "8",
            "14",
            "24",
            "10",
            "23",
            "18",
            "6",
            "5",
            "11",
            "20",
            "13",
            "22",
            "9",
            "17"
        ],
        "walk_orig_ids": [
            "7",
            "12",
            "1",
            "16",
            "15",
            "19",
            "4",
            "3",
            "2",
            "21",
            "8",
            "14",
            "24",
            "10",
            "23",
            "18",
            "6",
            "5",
            "11",
            "20",
            "13",
            "17",
            "9",
            "22",
            "9",
            "17"
        ],
        "walk_processing": [
            true,
            true,
            true,
            true,
            true,
            true,
            true,
            true,
            true,
            true,
            true,
            true,
            true,
            true,
            true,
            true,
            true,
            true,
            true,
            true,
            true,
            false,
            false,
            true,
            true,
            true
        ]
    },
    "steps": {
        "0": 1000508,
        "2": 1000456
    },
    "timeout": 3
}