{
    "config": {
        "allow_infeasible": true,
        "construction": "random_replicate",
        "ils_k": 6,
        "local_search": "CVND",
        "metaheuristic": "ILS",
        "num_threads": 8,
        "operators": [
            "insert_1",
            "remove_1",
            "two_opt",
            "exchange_ids",
            "exchange_1_2",
            "exchange_2_2",
            "exchange_3_3",
            "exchange_3_4",
            "exchange_4_4",
            "rexchange_2_2",
            "rexchange_2_3",
            "rexchange_4_4",
            "centered_exchange_1",
            "relocate_1",
            "relocate_5",
            "rrelocate_3",
            "rrelocate_4",
            "move_all_by_1",
            "move_all_by_2"
        ],
        "perturbation": [
            "random_double_bridge"
        ],
        "stop_on_feasible": true,
        "timeout": 3
    },
    "histogram": {
        "all": {
            "centered_exchange_1": 68,
            "exchange_1_2": 75,
            "exchange_2_2": 75,
            "exchange_3_3": 75,
            "exchange_3_4": 75,
            "exchange_4_4": 75,
            "exchange_ids": 75,
            "insert_1": 84,
            "move_all_by_1": 57,
            "move_all_by_2": 56,
            "relocate_1": 59,
            "relocate_5": 59,
            "remove_1": 84,
            "rexchange_2_2": 72,
            "rexchange_2_3": 71,
            "rexchange_4_4": 71,
            "rrelocate_3": 59,
            "rrelocate_4": 58,
            "two_opt": 79
        },
        "improving": {
            "centered_exchange_1": 9,
            "exchange_1_2": 19,
            "exchange_2_2": 10,
            "exchange_3_3": 2,
            "exchange_3_4": 6,
            "exchange_4_4": 3,
            "exchange_ids": 31,
            "insert_1": 0,
            "move_all_by_1": 12,
            "move_all_by_2": 6,
            "relocate_1": 29,
            "relocate_5": 4,
            "remove_1": 0,
            "rexchange_2_2": 13,
            "rexchange_2_3": 5,
            "rexchange_4_4": 0,
            "rrelocate_3": 7,
            "rrelocate_4": 7,
            "two_opt": 33
        },
        "rate": {
            "centered_exchange_1": 0.13235294818878174,
            "exchange_1_2": 0.25333333015441895,
            "exchange_2_2": 0.13333334028720856,
            "exchange_3_3": 0.026666667312383652,
            "exchange_3_4": 0.07999999821186066,
            "exchange_4_4": 0.03999999910593033,
            "exchange_ids": 0.41333332657814026,
            "insert_1": 0.0,
            "move_all_by_1": 0.21052631735801697,
            "move_all_by_2": 0.1071428582072258,
            "relocate_1": 0.49152541160583496,
            "relocate_5": 0.06779661029577255,
            "remove_1": 0.0,
            "rexchange_2_2": 0.1805555522441864,
            "rexchange_2_3": 0.07042253762483597,
            "rexchange_4_4": 0.0,
            "rrelocate_3": 0.11864406615495682,
            "rrelocate_4": 0.12068965286016464,
            "two_opt": 0.4177215099334717
        }
    },
    "last_improvement": 0,
    "name": "random-24-5.42-41",
    "solution": {
        "fitness": 839,
        "is_feasible": true,
        "permutation": [
            14,
            13,
            2,
            19,
            8,
            12,
            9,
            0,
            17,
            11,
            5,
            6,
            20,
            10,
            18,
            23,
            15,
            3,
            1,
            22,
            4,
            7,
            21,
            16
        ],
        "permutation_orig_ids": [
            "15",
            "14",
            "3",
            "20",
            "9",
            "13",
            "10",
            "1",
            "18",
            "12",
            "6",
            "7",
            "21",
            "11",
            "19",
            "24",
            "16",
            "4",
            "2",
            "23",
            "5",
            "8",
            "22",
            "17"
        ]
    },
    "steps": {
        "0": 839
    },
    "timeout": 3
}