{
    "config": {
        "allow_infeasible": true,
        "construction": "random_replicate",
        "ils_k": 6,
        "local_search": "CVND",
        "metaheuristic": "ILS",
        "num_threads": 8,
        "operators": [
            "insert_1",
            "remove_1",
            "two_opt",
            "exchange_ids",
            "exchange_1_2",
            "exchange_2_2",
            "exchange_3_3",
            "exchange_3_4",
            "exchange_4_4",
            "rexchange_2_2",
            "rexchange_2_3",
            "rexchange_4_4",
            "centered_exchange_1",
            "relocate_1",
            "relocate_5",
            "rrelocate_3",
            "rrelocate_4",
            "move_all_by_1",
            "move_all_by_2"
        ],
        "perturbation": [
            "random_double_bridge"
        ],
        "stop_on_feasible": true,
        "timeout": 3
    },
    "histogram": {
        "all": {
            "centered_exchange_1": 1989,
            "exchange_1_2": 2134,
            "exchange_2_2": 2066,
            "exchange_3_3": 2062,
            "exchange_3_4": 2056,
            "exchange_4_4": 2053,
            "exchange_ids": 2224,
            "insert_1": 2695,
            "move_all_by_1": 1571,
            "move_all_by_2": 1550,
            "relocate_1": 1646,
            "relocate_5": 1627,
            "remove_1": 2695,
            "rexchange_2_2": 2027,
            "rexchange_2_3": 2024,
            "rexchange_4_4": 2024,
            "rrelocate_3": 1610,
            "rrelocate_4": 1609,
            "two_opt": 2449
        },
        "improving": {
            "centered_exchange_1": 171,
            "exchange_1_2": 696,
            "exchange_2_2": 285,
            "exchange_3_3": 89,
            "exchange_3_4": 59,
            "exchange_4_4": 22,
            "exchange_ids": 952,
            "insert_1": 0,
            "move_all_by_1": 123,
            "move_all_by_2": 68,
            "relocate_1": 706,
            "relocate_5": 90,
            "remove_1": 0,
            "rexchange_2_2": 213,
            "rexchange_2_3": 44,
            "rexchange_4_4": 3,
            "rrelocate_3": 87,
            "rrelocate_4": 22,
            "two_opt": 1190
        },
        "rate": {
            "centered_exchange_1": 0.0859728530049324,
            "exchange_1_2": 0.3261480927467346,
            "exchange_2_2": 0.13794772326946259,
            "exchange_3_3": 0.04316197708249092,
            "exchange_3_4": 0.028696497902274132,
            "exchange_4_4": 0.010716025717556477,
            "exchange_ids": 0.42805755138397217,
            "insert_1": 0.0,
            "move_all_by_1": 0.07829408347606659,
            "move_all_by_2": 0.043870966881513596,
            "relocate_1": 0.42891860008239746,
            "relocate_5": 0.055316533893346786,
            "remove_1": 0.0,
            "rexchange_2_2": 0.10508140176534653,
            "rexchange_2_3": 0.021739130839705467,
            "rexchange_4_4": 0.001482213381677866,
            "rrelocate_3": 0.05403726547956467,
            "rrelocate_4": 0.013673088513314724,
            "two_opt": 0.48591262102127075
        }
    },
    "last_improvement": 0,
    "name": "random-24-1.83-43",
    "solution": {
        "fitness": 4000842,
        "is_feasible": false,
        "permutation": [
            17,
            12,
            19,
            18,
            15,
            13,
            16,
            1,
            9,
            21,
            11,
            8,
            3,
            14,
            23,
            4,
            7,
            0,
            22,
            2,
            6,
            20,
            5,
            10
        ],
        "permutation_orig_ids": [
            "18",
            "13",
            "20",
            "19",
            "16",
            "14",
            "17",
            "2",
            "10",
            "22",
            "12",
            "9",
            "4",
            "15",
            "24",
            "5",
            "8",
            "1",
            "23",
            "3",
            "7",
            "21",
            "6",
            "11"
        ]
    },
    "steps": {
        "0": 4000842
    },
    "timeout": 3
}