{
    "config": {
        "allow_infeasible": true,
        "construction": "random_replicate",
        "ils_k": 6,
        "local_search": "CVND",
        "metaheuristic": "ILS",
        "num_threads": 8,
        "operators": [
            "insert_1",
            "remove_1",
            "two_opt",
            "exchange_ids",
            "exchange_1_2",
            "exchange_2_2",
            "exchange_3_3",
            "exchange_3_4",
            "exchange_4_4",
            "rexchange_2_2",
            "rexchange_2_3",
            "rexchange_4_4",
            "centered_exchange_1",
            "relocate_1",
            "relocate_5",
            "rrelocate_3",
            "rrelocate_4",
            "move_all_by_1",
            "move_all_by_2"
        ],
        "perturbation": [
            "random_double_bridge"
        ],
        "stop_on_feasible": true,
        "timeout": 3
    },
    "histogram": {
        "all": {
            "centered_exchange_1": 2030,
            "exchange_1_2": 2156,
            "exchange_2_2": 2135,
            "exchange_3_3": 2134,
            "exchange_3_4": 2129,
            "exchange_4_4": 2128,
            "exchange_ids": 2196,
            "insert_1": 2759,
            "move_all_by_1": 1580,
            "move_all_by_2": 1555,
            "relocate_1": 1716,
            "relocate_5": 1699,
            "remove_1": 2759,
            "rexchange_2_2": 2088,
            "rexchange_2_3": 2078,
            "rexchange_4_4": 2078,
            "rrelocate_3": 1677,
            "rrelocate_4": 1658,
            "two_opt": 2505
        },
        "improving": {
            "centered_exchange_1": 225,
            "exchange_1_2": 547,
            "exchange_2_2": 154,
            "exchange_3_3": 81,
            "exchange_3_4": 67,
            "exchange_4_4": 29,
            "exchange_ids": 1009,
            "insert_1": 0,
            "move_all_by_1": 191,
            "move_all_by_2": 77,
            "relocate_1": 639,
            "relocate_5": 78,
            "remove_1": 0,
            "rexchange_2_2": 212,
            "rexchange_2_3": 49,
            "rexchange_4_4": 3,
            "rrelocate_3": 108,
            "rrelocate_4": 63,
            "two_opt": 1271
        },
        "rate": {
            "centered_exchange_1": 0.1108374372124672,
            "exchange_1_2": 0.2537105679512024,
            "exchange_2_2": 0.07213114947080612,
            "exchange_3_3": 0.03795688971877098,
            "exchange_3_4": 0.031470172107219696,
            "exchange_4_4": 0.01362781971693039,
            "exchange_ids": 0.45947176218032837,
            "insert_1": 0.0,
            "move_all_by_1": 0.12088607251644135,
            "move_all_by_2": 0.0495176836848259,
            "relocate_1": 0.3723776340484619,
            "relocate_5": 0.04590936005115509,
            "remove_1": 0.0,
            "rexchange_2_2": 0.10153256356716156,
            "rexchange_2_3": 0.023580364882946014,
            "rexchange_4_4": 0.0014436958590522408,
            "rrelocate_3": 0.06440071761608124,
            "rrelocate_4": 0.03799758851528168,
            "two_opt": 0.50738525390625
        }
    },
    "last_improvement": 0,
    "name": "random-24-2.17-81",
    "solution": {
        "fitness": 3000953,
        "is_feasible": false,
        "permutation": [
            12,
            13,
            0,
            20,
            10,
            4,
            1,
            17,
            6,
            19,
            9,
            23,
            18,
            16,
            14,
            2,
            3,
            8,
            11,
            21,
            15,
            22,
            5,
            7
        ],
        "permutation_orig_ids": [
            "13",
            "14",
            "1",
            "21",
            "11",
            "5",
            "2",
            "18",
            "7",
            "20",
            "10",
            "24",
            "19",
            "17",
            "15",
            "3",
            "4",
            "9",
            "12",
            "22",
            "16",
            "23",
            "6",
            "8"
        ]
    },
    "steps": {
        "0": 3000953
    },
    "timeout": 3
}