{
    "config": {
        "allow_infeasible": true,
        "construction": "random_replicate",
        "ils_k": 6,
        "local_search": "CVND",
        "metaheuristic": "ILS",
        "num_threads": 8,
        "operators": [
            "insert_1",
            "remove_1",
            "two_opt",
            "exchange_ids",
            "exchange_1_2",
            "exchange_2_2",
            "exchange_3_3",
            "exchange_3_4",
            "exchange_4_4",
            "rexchange_2_2",
            "rexchange_2_3",
            "rexchange_4_4",
            "centered_exchange_1",
            "relocate_1",
            "relocate_5",
            "rrelocate_3",
            "rrelocate_4",
            "move_all_by_1",
            "move_all_by_2"
        ],
        "perturbation": [
            "random_double_bridge"
        ],
        "stop_on_feasible": true,
        "timeout": 3
    },
    "histogram": {
        "all": {
            "centered_exchange_1": 13,
            "exchange_1_2": 14,
            "exchange_2_2": 14,
            "exchange_3_3": 14,
            "exchange_3_4": 14,
            "exchange_4_4": 14,
            "exchange_ids": 15,
            "insert_1": 16,
            "move_all_by_1": 11,
            "move_all_by_2": 11,
            "relocate_1": 11,
            "relocate_5": 11,
            "remove_1": 16,
            "rexchange_2_2": 14,
            "rexchange_2_3": 14,
            "rexchange_4_4": 14,
            "rrelocate_3": 11,
            "rrelocate_4": 11,
            "two_opt": 15
        },
        "improving": {
            "centered_exchange_1": 4,
            "exchange_1_2": 7,
            "exchange_2_2": 3,
            "exchange_3_3": 0,
            "exchange_3_4": 3,
            "exchange_4_4": 1,
            "exchange_ids": 8,
            "insert_1": 0,
            "move_all_by_1": 2,
            "move_all_by_2": 1,
            "relocate_1": 7,
            "relocate_5": 2,
            "remove_1": 0,
            "rexchange_2_2": 4,
            "rexchange_2_3": 1,
            "rexchange_4_4": 0,
            "rrelocate_3": 2,
            "rrelocate_4": 1,
            "two_opt": 6
        },
        "rate": {
            "centered_exchange_1": 0.3076923191547394,
            "exchange_1_2": 0.5,
            "exchange_2_2": 0.2142857164144516,
            "exchange_3_3": 0.0,
            "exchange_3_4": 0.2142857164144516,
            "exchange_4_4": 0.0714285746216774,
            "exchange_ids": 0.5333333611488342,
            "insert_1": 0.0,
            "move_all_by_1": 0.1818181872367859,
            "move_all_by_2": 0.09090909361839294,
            "relocate_1": 0.6363636255264282,
            "relocate_5": 0.1818181872367859,
            "remove_1": 0.0,
            "rexchange_2_2": 0.2857142984867096,
            "rexchange_2_3": 0.0714285746216774,
            "rexchange_4_4": 0.0,
            "rrelocate_3": 0.1818181872367859,
            "rrelocate_4": 0.09090909361839294,
            "two_opt": 0.4000000059604645
        }
    },
    "last_improvement": 0,
    "name": "random-24-7.25-26",
    "solution": {
        "fitness": 1052,
        "is_feasible": true,
        "permutation": [
            3,
            8,
            9,
            16,
            12,
            0,
            22,
            23,
            14,
            10,
            13,
            11,
            5,
            6,
            2,
            18,
            15,
            4,
            19,
            17,
            7,
            20,
            1,
            21
        ],
        "permutation_orig_ids": [
            "4",
            "9",
            "10",
            "17",
            "13",
            "1",
            "23",
            "24",
            "15",
            "11",
            "14",
            "12",
            "6",
            "7",
            "3",
            "19",
            "16",
            "5",
            "20",
            "18",
            "8",
            "21",
            "2",
            "22"
        ]
    },
    "steps": {
        "0": 1052
    },
    "timeout": 3
}