{
    "config": {
        "allow_infeasible": true,
        "construction": "random_replicate",
        "ils_k": 6,
        "local_search": "CVND",
        "metaheuristic": "ILS",
        "num_threads": 8,
        "operators": [
            "insert_1",
            "remove_1",
            "two_opt",
            "exchange_ids",
            "exchange_1_2",
            "exchange_2_2",
            "exchange_3_3",
            "exchange_3_4",
            "exchange_4_4",
            "rexchange_2_2",
            "rexchange_2_3",
            "rexchange_4_4",
            "centered_exchange_1",
            "relocate_1",
            "relocate_5",
            "rrelocate_3",
            "rrelocate_4",
            "move_all_by_1",
            "move_all_by_2"
        ],
        "perturbation": [
            "random_double_bridge"
        ],
        "stop_on_feasible": true,
        "timeout": 3
    },
    "histogram": {
        "all": {
            "centered_exchange_1": 1686,
            "exchange_1_2": 1765,
            "exchange_2_2": 1758,
            "exchange_3_3": 1756,
            "exchange_3_4": 1753,
            "exchange_4_4": 1753,
            "exchange_ids": 1838,
            "insert_1": 2364,
            "move_all_by_1": 1319,
            "move_all_by_2": 1307,
            "relocate_1": 1407,
            "relocate_5": 1397,
            "remove_1": 2364,
            "rexchange_2_2": 1717,
            "rexchange_2_3": 1716,
            "rexchange_4_4": 1716,
            "rrelocate_3": 1378,
            "rrelocate_4": 1376,
            "two_opt": 2054
        },
        "improving": {
            "centered_exchange_1": 97,
            "exchange_1_2": 443,
            "exchange_2_2": 112,
            "exchange_3_3": 36,
            "exchange_3_4": 21,
            "exchange_4_4": 4,
            "exchange_ids": 778,
            "insert_1": 0,
            "move_all_by_1": 86,
            "move_all_by_2": 22,
            "relocate_1": 456,
            "relocate_5": 28,
            "remove_1": 0,
            "rexchange_2_2": 157,
            "rexchange_2_3": 23,
            "rexchange_4_4": 1,
            "rrelocate_3": 50,
            "rrelocate_4": 7,
            "two_opt": 1113
        },
        "rate": {
            "centered_exchange_1": 0.057532623410224915,
            "exchange_1_2": 0.25099149346351624,
            "exchange_2_2": 0.06370875984430313,
            "exchange_3_3": 0.020501138642430305,
            "exchange_3_4": 0.011979463510215282,
            "exchange_4_4": 0.0022818027064204216,
            "exchange_ids": 0.42328616976737976,
            "insert_1": 0.0,
            "move_all_by_1": 0.06520090997219086,
            "move_all_by_2": 0.016832441091537476,
            "relocate_1": 0.3240938186645508,
            "relocate_5": 0.02004294842481613,
            "remove_1": 0.0,
            "rexchange_2_2": 0.09143855422735214,
            "rexchange_2_3": 0.013403262943029404,
            "rexchange_4_4": 0.0005827505956403911,
            "rrelocate_3": 0.036284469068050385,
            "rrelocate_4": 0.005087209399789572,
            "two_opt": 0.5418695211410522
        }
    },
    "last_improvement": 0,
    "name": "random-24-0.83-13",
    "solution": {
        "fitness": 8000474,
        "is_feasible": false,
        "permutation": [
            23,
            10,
            15,
            22,
            3,
            5,
            12,
            18,
            21,
            19,
            8,
            9,
            17,
            7,
            4,
            1,
            13,
            2,
            6,
            11,
            14,
            16,
            20,
            0
        ],
        "permutation_orig_ids": [
            "24",
            "11",
            "16",
            "23",
            "4",
            "6",
            "13",
            "19",
            "22",
            "20",
            "9",
            "10",
            "18",
            "8",
            "5",
            "2",
            "14",
            "3",
            "7",
            "12",
            "15",
            "17",
            "21",
            "1"
        ]
    },
    "steps": {
        "0": 8000474
    },
    "timeout": 3
}