{
    "config": {
        "allow_infeasible": true,
        "construction": "random_replicate",
        "ils_k": 6,
        "local_search": "CVND",
        "metaheuristic": "ILS",
        "num_threads": 8,
        "operators": [
            "insert_1",
            "remove_1",
            "two_opt",
            "exchange_ids",
            "exchange_1_2",
            "exchange_2_2",
            "exchange_3_3",
            "exchange_3_4",
            "exchange_4_4",
            "rexchange_2_2",
            "rexchange_2_3",
            "rexchange_4_4",
            "centered_exchange_1",
            "relocate_1",
            "relocate_5",
            "rrelocate_3",
            "rrelocate_4",
            "move_all_by_1",
            "move_all_by_2"
        ],
        "perturbation": [
            "random_double_bridge"
        ],
        "stop_on_feasible": true,
        "timeout": 3
    },
    "histogram": {
        "all": {
            "centered_exchange_1": 2374,
            "exchange_1_2": 2532,
            "exchange_2_2": 2514,
            "exchange_3_3": 2512,
            "exchange_3_4": 2509,
            "exchange_4_4": 2509,
            "exchange_ids": 2571,
            "insert_1": 3200,
            "move_all_by_1": 1838,
            "move_all_by_2": 1813,
            "relocate_1": 1962,
            "relocate_5": 1949,
            "remove_1": 3200,
            "rexchange_2_2": 2473,
            "rexchange_2_3": 2470,
            "rexchange_4_4": 2470,
            "rrelocate_3": 1891,
            "rrelocate_4": 1874,
            "two_opt": 2859
        },
        "improving": {
            "centered_exchange_1": 345,
            "exchange_1_2": 682,
            "exchange_2_2": 222,
            "exchange_3_3": 68,
            "exchange_3_4": 44,
            "exchange_4_4": 8,
            "exchange_ids": 1151,
            "insert_1": 0,
            "move_all_by_1": 100,
            "move_all_by_2": 71,
            "relocate_1": 752,
            "relocate_5": 91,
            "remove_1": 0,
            "rexchange_2_2": 306,
            "rexchange_2_3": 48,
            "rexchange_4_4": 5,
            "rrelocate_3": 162,
            "rrelocate_4": 45,
            "two_opt": 1477
        },
        "rate": {
            "centered_exchange_1": 0.14532434940338135,
            "exchange_1_2": 0.2693522870540619,
            "exchange_2_2": 0.08830548822879791,
            "exchange_3_3": 0.0270700640976429,
            "exchange_3_4": 0.017536867409944534,
            "exchange_4_4": 0.0031885213684290648,
            "exchange_ids": 0.44768571853637695,
            "insert_1": 0.0,
            "move_all_by_1": 0.05440696328878403,
            "move_all_by_2": 0.03916161134839058,
            "relocate_1": 0.3832823634147644,
            "relocate_5": 0.04669060930609703,
            "remove_1": 0.0,
            "rexchange_2_2": 0.12373635172843933,
            "rexchange_2_3": 0.019433198496699333,
            "rexchange_4_4": 0.0020242915488779545,
            "rrelocate_3": 0.08566895872354507,
            "rrelocate_4": 0.02401280775666237,
            "two_opt": 0.5166141986846924
        }
    },
    "last_improvement": 0,
    "name": "random-24-3.25-20",
    "solution": {
        "fitness": 3000996,
        "is_feasible": false,
        "permutation": [
            5,
            16,
            11,
            10,
            12,
            3,
            14,
            15,
            22,
            23,
            0,
            9,
            21,
            17,
            19,
            20,
            6,
            13,
            8,
            7,
            1,
            18,
            4,
            2
        ],
        "permutation_orig_ids": [
            "6",
            "17",
            "12",
            "11",
            "13",
            "4",
            "15",
            "16",
            "23",
            "24",
            "1",
            "10",
            "22",
            "18",
            "20",
            "21",
            "7",
            "14",
            "9",
            "8",
            "2",
            "19",
            "5",
            "3"
        ]
    },
    "steps": {
        "0": 3000996
    },
    "timeout": 3
}