{
    "config": {
        "allow_infeasible": true,
        "construction": "random_replicate",
        "ils_k": 6,
        "local_search": "CVND",
        "metaheuristic": "ILS",
        "num_threads": 8,
        "operators": [
            "insert_1",
            "remove_1",
            "two_opt",
            "exchange_ids",
            "exchange_1_2",
            "exchange_2_2",
            "exchange_3_3",
            "exchange_3_4",
            "exchange_4_4",
            "rexchange_2_2",
            "rexchange_2_3",
            "rexchange_4_4",
            "centered_exchange_1",
            "relocate_1",
            "relocate_5",
            "rrelocate_3",
            "rrelocate_4",
            "move_all_by_1",
            "move_all_by_2"
        ],
        "perturbation": [
            "random_double_bridge"
        ],
        "stop_on_feasible": true,
        "timeout": 3
    },
    "histogram": {
        "all": {
            "centered_exchange_1": 2264,
            "exchange_1_2": 2308,
            "exchange_2_2": 2304,
            "exchange_3_3": 2303,
            "exchange_3_4": 2302,
            "exchange_4_4": 2302,
            "exchange_ids": 2345,
            "insert_1": 2842,
            "move_all_by_1": 1596,
            "move_all_by_2": 1579,
            "relocate_1": 1744,
            "relocate_5": 1739,
            "remove_1": 2842,
            "rexchange_2_2": 2290,
            "rexchange_2_3": 2290,
            "rexchange_4_4": 2290,
            "rrelocate_3": 1719,
            "rrelocate_4": 1716,
            "two_opt": 2591
        },
        "improving": {
            "centered_exchange_1": 197,
            "exchange_1_2": 697,
            "exchange_2_2": 179,
            "exchange_3_3": 81,
            "exchange_3_4": 57,
            "exchange_4_4": 12,
            "exchange_ids": 1083,
            "insert_1": 0,
            "move_all_by_1": 203,
            "move_all_by_2": 68,
            "relocate_1": 865,
            "relocate_5": 54,
            "remove_1": 0,
            "rexchange_2_2": 265,
            "rexchange_2_3": 27,
            "rexchange_4_4": 3,
            "rrelocate_3": 139,
            "rrelocate_4": 21,
            "two_opt": 1316
        },
        "rate": {
            "centered_exchange_1": 0.08701413124799728,
            "exchange_1_2": 0.30199307203292847,
            "exchange_2_2": 0.0776909738779068,
            "exchange_3_3": 0.0351715162396431,
            "exchange_3_4": 0.024761077016592026,
            "exchange_4_4": 0.005212858319282532,
            "exchange_ids": 0.4618336856365204,
            "insert_1": 0.0,
            "move_all_by_1": 0.12719298899173737,
            "move_all_by_2": 0.043065231293439865,
            "relocate_1": 0.4959862530231476,
            "relocate_5": 0.031052328646183014,
            "remove_1": 0.0,
            "rexchange_2_2": 0.11572052538394928,
            "rexchange_2_3": 0.01179039292037487,
            "rexchange_4_4": 0.0013100436190143228,
            "rrelocate_3": 0.08086096495389938,
            "rrelocate_4": 0.012237762100994587,
            "two_opt": 0.5079119801521301
        }
    },
    "last_improvement": 0,
    "name": "random-24-2.58-30",
    "solution": {
        "fitness": 3000985,
        "is_feasible": false,
        "permutation": [
            15,
            1,
            22,
            23,
            21,
            0,
            19,
            20,
            8,
            16,
            11,
            4,
            6,
            5,
            17,
            9,
            7,
            10,
            13,
            3,
            12,
            2,
            18,
            14
        ],
        "permutation_orig_ids": [
            "16",
            "2",
            "23",
            "24",
            "22",
            "1",
            "20",
            "21",
            "9",
            "17",
            "12",
            "5",
            "7",
            "6",
            "18",
            "10",
            "8",
            "11",
            "14",
            "4",
            "13",
            "3",
            "19",
            "15"
        ]
    },
    "steps": {
        "0": 3000985
    },
    "timeout": 3
}