{
    "config": {
        "allow_infeasible": true,
        "construction": "random_replicate",
        "ils_k": 6,
        "local_search": "CVND",
        "metaheuristic": "ILS",
        "num_threads": 8,
        "operators": [
            "insert_1",
            "remove_1",
            "two_opt",
            "exchange_ids",
            "exchange_1_2",
            "exchange_2_2",
            "exchange_3_3",
            "exchange_3_4",
            "exchange_4_4",
            "rexchange_2_2",
            "rexchange_2_3",
            "rexchange_4_4",
            "centered_exchange_1",
            "relocate_1",
            "relocate_5",
            "rrelocate_3",
            "rrelocate_4",
            "move_all_by_1",
            "move_all_by_2"
        ],
        "perturbation": [
            "random_double_bridge"
        ],
        "stop_on_feasible": true,
        "timeout": 3
    },
    "histogram": {
        "all": {
            "centered_exchange_1": 2364,
            "exchange_1_2": 2511,
            "exchange_2_2": 2506,
            "exchange_3_3": 2499,
            "exchange_3_4": 2497,
            "exchange_4_4": 2495,
            "exchange_ids": 2543,
            "insert_1": 3183,
            "move_all_by_1": 1836,
            "move_all_by_2": 1815,
            "relocate_1": 2022,
            "relocate_5": 2011,
            "remove_1": 3183,
            "rexchange_2_2": 2393,
            "rexchange_2_3": 2389,
            "rexchange_4_4": 2388,
            "rrelocate_3": 1945,
            "rrelocate_4": 1929,
            "two_opt": 2817
        },
        "improving": {
            "centered_exchange_1": 163,
            "exchange_1_2": 604,
            "exchange_2_2": 132,
            "exchange_3_3": 99,
            "exchange_3_4": 63,
            "exchange_4_4": 14,
            "exchange_ids": 1078,
            "insert_1": 0,
            "move_all_by_1": 193,
            "move_all_by_2": 71,
            "relocate_1": 742,
            "relocate_5": 85,
            "remove_1": 0,
            "rexchange_2_2": 389,
            "rexchange_2_3": 76,
            "rexchange_4_4": 11,
            "rrelocate_3": 180,
            "rrelocate_4": 66,
            "two_opt": 1503
        },
        "rate": {
            "centered_exchange_1": 0.06895092874765396,
            "exchange_1_2": 0.24054162204265594,
            "exchange_2_2": 0.0526735819876194,
            "exchange_3_3": 0.039615847170352936,
            "exchange_3_4": 0.025230275467038155,
            "exchange_4_4": 0.0056112222373485565,
            "exchange_ids": 0.4239087700843811,
            "insert_1": 0.0,
            "move_all_by_1": 0.10511982440948486,
            "move_all_by_2": 0.039118457585573196,
            "relocate_1": 0.3669634163379669,
            "relocate_5": 0.04226752743124962,
            "remove_1": 0.0,
            "rexchange_2_2": 0.162557452917099,
            "rexchange_2_3": 0.03181247413158417,
            "rexchange_4_4": 0.004606365226209164,
            "rrelocate_3": 0.09254498779773712,
            "rrelocate_4": 0.03421461954712868,
            "two_opt": 0.5335463285446167
        }
    },
    "last_improvement": 1,
    "name": "random-24-4.08-18",
    "solution": {
        "fitness": 2000762,
        "is_feasible": false,
        "permutation": [
            12,
            0,
            1,
            9,
            21,
            22,
            6,
            20,
            16,
            10,
            4,
            11,
            2,
            14,
            18,
            7,
            15,
            8,
            17,
            23,
            3,
            5,
            13,
            19
        ],
        "permutation_orig_ids": [
            "13",
            "1",
            "2",
            "10",
            "22",
            "23",
            "7",
            "21",
            "17",
            "11",
            "5",
            "12",
            "3",
            "15",
            "19",
            "8",
            "16",
            "9",
            "18",
            "24",
            "4",
            "6",
            "14",
            "20"
        ]
    },
    "steps": {
        "0": 2000836,
        "1": 2000762
    },
    "timeout": 3
}