{
    "config": {
        "allow_infeasible": true,
        "construction": "random_replicate",
        "ils_k": 6,
        "local_search": "CVND",
        "metaheuristic": "ILS",
        "num_threads": 8,
        "operators": [
            "insert_1",
            "remove_1",
            "two_opt",
            "exchange_ids",
            "exchange_1_2",
            "exchange_2_2",
            "exchange_3_3",
            "exchange_3_4",
            "exchange_4_4",
            "rexchange_2_2",
            "rexchange_2_3",
            "rexchange_4_4",
            "centered_exchange_1",
            "relocate_1",
            "relocate_5",
            "rrelocate_3",
            "rrelocate_4",
            "move_all_by_1",
            "move_all_by_2"
        ],
        "perturbation": [
            "random_double_bridge"
        ],
        "stop_on_feasible": true,
        "timeout": 3
    },
    "histogram": {
        "all": {
            "centered_exchange_1": 2729,
            "exchange_1_2": 3001,
            "exchange_2_2": 2993,
            "exchange_3_3": 2989,
            "exchange_3_4": 2980,
            "exchange_4_4": 2964,
            "exchange_ids": 3033,
            "insert_1": 3677,
            "move_all_by_1": 2149,
            "move_all_by_2": 2106,
            "relocate_1": 2392,
            "relocate_5": 2377,
            "remove_1": 3677,
            "rexchange_2_2": 2812,
            "rexchange_2_3": 2800,
            "rexchange_4_4": 2800,
            "rrelocate_3": 2278,
            "rrelocate_4": 2273,
            "two_opt": 3338
        },
        "improving": {
            "centered_exchange_1": 348,
            "exchange_1_2": 827,
            "exchange_2_2": 269,
            "exchange_3_3": 98,
            "exchange_3_4": 107,
            "exchange_4_4": 35,
            "exchange_ids": 1292,
            "insert_1": 0,
            "move_all_by_1": 316,
            "move_all_by_2": 137,
            "relocate_1": 923,
            "relocate_5": 139,
            "remove_1": 0,
            "rexchange_2_2": 507,
            "rexchange_2_3": 129,
            "rexchange_4_4": 7,
            "rrelocate_3": 363,
            "rrelocate_4": 74,
            "two_opt": 1695
        },
        "rate": {
            "centered_exchange_1": 0.12751923501491547,
            "exchange_1_2": 0.27557480335235596,
            "exchange_2_2": 0.08987637609243393,
            "exchange_3_3": 0.032786883413791656,
            "exchange_3_4": 0.03590603917837143,
            "exchange_4_4": 0.011808367446064949,
            "exchange_ids": 0.4259808659553528,
            "insert_1": 0.0,
            "move_all_by_1": 0.14704513549804688,
            "move_all_by_2": 0.06505223363637924,
            "relocate_1": 0.385869562625885,
            "relocate_5": 0.058477070182561874,
            "remove_1": 0.0,
            "rexchange_2_2": 0.18029871582984924,
            "rexchange_2_3": 0.046071428805589676,
            "rexchange_4_4": 0.0024999999441206455,
            "rrelocate_3": 0.15935030579566956,
            "rrelocate_4": 0.032556094229221344,
            "two_opt": 0.5077890753746033
        }
    },
    "last_improvement": 1,
    "name": "random-24-5.58-91",
    "solution": {
        "fitness": 1000636,
        "is_feasible": false,
        "permutation": [
            21,
            3,
            1,
            7,
            19,
            5,
            8,
            22,
            15,
            17,
            18,
            14,
            2,
            11,
            16,
            4,
            23,
            12,
            10,
            13,
            0,
            6,
            9,
            20
        ],
        "permutation_orig_ids": [
            "22",
            "4",
            "2",
            "8",
            "20",
            "6",
            "9",
            "23",
            "16",
            "18",
            "19",
            "15",
            "3",
            "12",
            "17",
            "5",
            "24",
            "13",
            "11",
            "14",
            "1",
            "7",
            "10",
            "21"
        ]
    },
    "steps": {
        "0": 1000702,
        "1": 1000636
    },
    "timeout": 3
}