{
    "config": {
        "allow_infeasible": true,
        "construction": "random_replicate",
        "ils_k": 6,
        "local_search": "CVND",
        "metaheuristic": "ILS",
        "num_threads": 8,
        "operators": [
            "insert_1",
            "remove_1",
            "two_opt",
            "exchange_ids",
            "exchange_1_2",
            "exchange_2_2",
            "exchange_3_3",
            "exchange_3_4",
            "exchange_4_4",
            "rexchange_2_2",
            "rexchange_2_3",
            "rexchange_4_4",
            "centered_exchange_1",
            "relocate_1",
            "relocate_5",
            "rrelocate_3",
            "rrelocate_4",
            "move_all_by_1",
            "move_all_by_2"
        ],
        "perturbation": [
            "random_double_bridge"
        ],
        "stop_on_feasible": true,
        "timeout": 3
    },
    "histogram": {
        "all": {
            "centered_exchange_1": 1669,
            "exchange_1_2": 1735,
            "exchange_2_2": 1735,
            "exchange_3_3": 1734,
            "exchange_3_4": 1731,
            "exchange_4_4": 1730,
            "exchange_ids": 1750,
            "insert_1": 2078,
            "move_all_by_1": 1258,
            "move_all_by_2": 1244,
            "relocate_1": 1364,
            "relocate_5": 1356,
            "remove_1": 2078,
            "rexchange_2_2": 1705,
            "rexchange_2_3": 1704,
            "rexchange_4_4": 1704,
            "rrelocate_3": 1325,
            "rrelocate_4": 1311,
            "two_opt": 1904
        },
        "improving": {
            "centered_exchange_1": 215,
            "exchange_1_2": 436,
            "exchange_2_2": 125,
            "exchange_3_3": 98,
            "exchange_3_4": 66,
            "exchange_4_4": 12,
            "exchange_ids": 732,
            "insert_1": 0,
            "move_all_by_1": 209,
            "move_all_by_2": 107,
            "relocate_1": 630,
            "relocate_5": 78,
            "remove_1": 0,
            "rexchange_2_2": 254,
            "rexchange_2_3": 61,
            "rexchange_4_4": 3,
            "rrelocate_3": 195,
            "rrelocate_4": 60,
            "two_opt": 957
        },
        "rate": {
            "centered_exchange_1": 0.12881965935230255,
            "exchange_1_2": 0.2512968182563782,
            "exchange_2_2": 0.07204610854387283,
            "exchange_3_3": 0.056516725569963455,
            "exchange_3_4": 0.03812824934720993,
            "exchange_4_4": 0.006936416029930115,
            "exchange_ids": 0.4182857275009155,
            "insert_1": 0.0,
            "move_all_by_1": 0.1661367267370224,
            "move_all_by_2": 0.08601286262273788,
            "relocate_1": 0.46187683939933777,
            "relocate_5": 0.05752212554216385,
            "remove_1": 0.0,
            "rexchange_2_2": 0.14897361397743225,
            "rexchange_2_3": 0.035798121243715286,
            "rexchange_4_4": 0.0017605633474886417,
            "rrelocate_3": 0.1471698135137558,
            "rrelocate_4": 0.045766592025756836,
            "two_opt": 0.5026260614395142
        }
    },
    "last_improvement": 2,
    "name": "random-24-6.00-74",
    "solution": {
        "fitness": 812,
        "is_feasible": true,
        "permutation": [
            14,
            8,
            7,
            11,
            22,
            2,
            15,
            21,
            0,
            20,
            18,
            19,
            9,
            17,
            4,
            3,
            10,
            13,
            16,
            23,
            12,
            5,
            6,
            1
        ],
        "permutation_orig_ids": [
            "15",
            "9",
            "8",
            "12",
            "23",
            "3",
            "16",
            "22",
            "1",
            "21",
            "19",
            "20",
            "10",
            "18",
            "5",
            "4",
            "11",
            "14",
            "17",
            "24",
            "13",
            "6",
            "7",
            "2"
        ]
    },
    "steps": {
        "0": 1000610,
        "2": 812
    },
    "timeout": 3
}