{
    "config": {
        "allow_infeasible": true,
        "construction": "random_replicate",
        "ils_k": 6,
        "local_search": "CVND",
        "metaheuristic": "ILS",
        "num_threads": 8,
        "operators": [
            "insert_1",
            "remove_1",
            "two_opt",
            "exchange_ids",
            "exchange_1_2",
            "exchange_2_2",
            "exchange_3_3",
            "exchange_3_4",
            "exchange_4_4",
            "rexchange_2_2",
            "rexchange_2_3",
            "rexchange_4_4",
            "centered_exchange_1",
            "relocate_1",
            "relocate_5",
            "rrelocate_3",
            "rrelocate_4",
            "move_all_by_1",
            "move_all_by_2"
        ],
        "perturbation": [
            "random_double_bridge"
        ],
        "stop_on_feasible": true,
        "timeout": 3
    },
    "histogram": {
        "all": {
            "centered_exchange_1": 13,
            "exchange_1_2": 13,
            "exchange_2_2": 13,
            "exchange_3_3": 13,
            "exchange_3_4": 13,
            "exchange_4_4": 13,
            "exchange_ids": 13,
            "insert_1": 18,
            "move_all_by_1": 11,
            "move_all_by_2": 11,
            "relocate_1": 12,
            "relocate_5": 12,
            "remove_1": 18,
            "rexchange_2_2": 13,
            "rexchange_2_3": 13,
            "rexchange_4_4": 13,
            "rrelocate_3": 12,
            "rrelocate_4": 12,
            "two_opt": 17
        },
        "improving": {
            "centered_exchange_1": 0,
            "exchange_1_2": 5,
            "exchange_2_2": 1,
            "exchange_3_3": 0,
            "exchange_3_4": 2,
            "exchange_4_4": 1,
            "exchange_ids": 6,
            "insert_1": 0,
            "move_all_by_1": 2,
            "move_all_by_2": 1,
            "relocate_1": 6,
            "relocate_5": 1,
            "remove_1": 0,
            "rexchange_2_2": 3,
            "rexchange_2_3": 2,
            "rexchange_4_4": 0,
            "rrelocate_3": 1,
            "rrelocate_4": 0,
            "two_opt": 7
        },
        "rate": {
            "centered_exchange_1": 0.0,
            "exchange_1_2": 0.38461539149284363,
            "exchange_2_2": 0.07692307978868484,
            "exchange_3_3": 0.0,
            "exchange_3_4": 0.1538461595773697,
            "exchange_4_4": 0.07692307978868484,
            "exchange_ids": 0.4615384638309479,
            "insert_1": 0.0,
            "move_all_by_1": 0.1818181872367859,
            "move_all_by_2": 0.09090909361839294,
            "relocate_1": 0.5,
            "relocate_5": 0.0833333358168602,
            "remove_1": 0.0,
            "rexchange_2_2": 0.23076923191547394,
            "rexchange_2_3": 0.1538461595773697,
            "rexchange_4_4": 0.0,
            "rrelocate_3": 0.0833333358168602,
            "rrelocate_4": 0.0,
            "two_opt": 0.4117647111415863
        }
    },
    "last_improvement": 0,
    "name": "random-24-9.67-94",
    "solution": {
        "fitness": 751,
        "is_feasible": true,
        "permutation": [
            3,
            23,
            6,
            19,
            2,
            9,
            18,
            4,
            5,
            17,
            12,
            20,
            8,
            13,
            10,
            22,
            16,
            1,
            21,
            11,
            14,
            15,
            7,
            0
        ],
        "permutation_orig_ids": [
            "4",
            "24",
            "7",
            "20",
            "3",
            "10",
            "19",
            "5",
            "6",
            "18",
            "13",
            "21",
            "9",
            "14",
            "11",
            "23",
            "17",
            "2",
            "22",
            "12",
            "15",
            "16",
            "8",
            "1"
        ]
    },
    "steps": {
        "0": 751
    },
    "timeout": 3
}