{
    "config": {
        "allow_infeasible": true,
        "construction": "random_replicate",
        "ils_k": 6,
        "local_search": "CVND",
        "metaheuristic": "ILS",
        "num_threads": 8,
        "operators": [
            "insert_1",
            "remove_1",
            "two_opt",
            "exchange_ids",
            "exchange_1_2",
            "exchange_2_2",
            "exchange_3_3",
            "exchange_3_4",
            "exchange_4_4",
            "rexchange_2_2",
            "rexchange_2_3",
            "rexchange_4_4",
            "centered_exchange_1",
            "relocate_1",
            "relocate_5",
            "rrelocate_3",
            "rrelocate_4",
            "move_all_by_1",
            "move_all_by_2"
        ],
        "perturbation": [
            "random_double_bridge"
        ],
        "stop_on_feasible": true,
        "timeout": 3
    },
    "histogram": {
        "all": {
            "centered_exchange_1": 2264,
            "exchange_1_2": 2415,
            "exchange_2_2": 2402,
            "exchange_3_3": 2399,
            "exchange_3_4": 2397,
            "exchange_4_4": 2391,
            "exchange_ids": 2472,
            "insert_1": 3021,
            "move_all_by_1": 1743,
            "move_all_by_2": 1694,
            "relocate_1": 1904,
            "relocate_5": 1893,
            "remove_1": 3021,
            "rexchange_2_2": 2327,
            "rexchange_2_3": 2322,
            "rexchange_4_4": 2322,
            "rrelocate_3": 1854,
            "rrelocate_4": 1810,
            "two_opt": 2716
        },
        "improving": {
            "centered_exchange_1": 257,
            "exchange_1_2": 729,
            "exchange_2_2": 180,
            "exchange_3_3": 81,
            "exchange_3_4": 48,
            "exchange_4_4": 18,
            "exchange_ids": 1080,
            "insert_1": 0,
            "move_all_by_1": 157,
            "move_all_by_2": 93,
            "relocate_1": 723,
            "relocate_5": 74,
            "remove_1": 0,
            "rexchange_2_2": 354,
            "rexchange_2_3": 104,
            "rexchange_4_4": 3,
            "rrelocate_3": 155,
            "rrelocate_4": 68,
            "two_opt": 1386
        },
        "rate": {
            "centered_exchange_1": 0.11351589858531952,
            "exchange_1_2": 0.30186334252357483,
            "exchange_2_2": 0.07493755221366882,
            "exchange_3_3": 0.0337640680372715,
            "exchange_3_4": 0.02002503164112568,
            "exchange_4_4": 0.007528231013566256,
            "exchange_ids": 0.43689319491386414,
            "insert_1": 0.0,
            "move_all_by_1": 0.0900745838880539,
            "move_all_by_2": 0.05489964410662651,
            "relocate_1": 0.3797268867492676,
            "relocate_5": 0.03909138962626457,
            "remove_1": 0.0,
            "rexchange_2_2": 0.152127206325531,
            "rexchange_2_3": 0.04478897526860237,
            "rexchange_4_4": 0.001291989698074758,
            "rrelocate_3": 0.08360301703214645,
            "rrelocate_4": 0.037569060921669006,
            "two_opt": 0.5103092789649963
        }
    },
    "last_improvement": 2,
    "name": "random-24-3.08-26",
    "solution": {
        "fitness": 3000976,
        "is_feasible": false,
        "permutation": [
            19,
            0,
            11,
            21,
            18,
            15,
            3,
            2,
            4,
            22,
            9,
            8,
            14,
            1,
            16,
            20,
            6,
            13,
            23,
            10,
            7,
            12,
            17,
            5
        ],
        "permutation_orig_ids": [
            "20",
            "1",
            "12",
            "22",
            "19",
            "16",
            "4",
            "3",
            "5",
            "23",
            "10",
            "9",
            "15",
            "2",
            "17",
            "21",
            "7",
            "14",
            "24",
            "11",
            "8",
            "13",
            "18",
            "6"
        ]
    },
    "steps": {
        "0": 3001074,
        "1": 3001033,
        "2": 3000976
    },
    "timeout": 3
}