{
    "config": {
        "allow_infeasible": true,
        "construction": "random_replicate",
        "ils_k": 6,
        "local_search": "CVND",
        "metaheuristic": "ILS",
        "num_threads": 8,
        "operators": [
            "insert_1",
            "remove_1",
            "two_opt",
            "exchange_ids",
            "exchange_1_2",
            "exchange_2_2",
            "exchange_3_3",
            "exchange_3_4",
            "exchange_4_4",
            "rexchange_2_2",
            "rexchange_2_3",
            "rexchange_4_4",
            "centered_exchange_1",
            "relocate_1",
            "relocate_5",
            "rrelocate_3",
            "rrelocate_4",
            "move_all_by_1",
            "move_all_by_2"
        ],
        "perturbation": [
            "random_double_bridge"
        ],
        "stop_on_feasible": true,
        "timeout": 3
    },
    "histogram": {
        "all": {
            "centered_exchange_1": 134,
            "exchange_1_2": 140,
            "exchange_2_2": 139,
            "exchange_3_3": 139,
            "exchange_3_4": 139,
            "exchange_4_4": 139,
            "exchange_ids": 143,
            "insert_1": 167,
            "move_all_by_1": 100,
            "move_all_by_2": 98,
            "relocate_1": 109,
            "relocate_5": 106,
            "remove_1": 167,
            "rexchange_2_2": 139,
            "rexchange_2_3": 138,
            "rexchange_4_4": 138,
            "rrelocate_3": 103,
            "rrelocate_4": 100,
            "two_opt": 154
        },
        "improving": {
            "centered_exchange_1": 15,
            "exchange_1_2": 39,
            "exchange_2_2": 17,
            "exchange_3_3": 13,
            "exchange_3_4": 7,
            "exchange_4_4": 2,
            "exchange_ids": 59,
            "insert_1": 0,
            "move_all_by_1": 10,
            "move_all_by_2": 6,
            "relocate_1": 53,
            "relocate_5": 8,
            "remove_1": 0,
            "rexchange_2_2": 16,
            "rexchange_2_3": 6,
            "rexchange_4_4": 0,
            "rrelocate_3": 17,
            "rrelocate_4": 5,
            "two_opt": 72
        },
        "rate": {
            "centered_exchange_1": 0.11194030195474625,
            "exchange_1_2": 0.2785714268684387,
            "exchange_2_2": 0.12230215966701508,
            "exchange_3_3": 0.09352517873048782,
            "exchange_3_4": 0.050359711050987244,
            "exchange_4_4": 0.014388489536941051,
            "exchange_ids": 0.41258740425109863,
            "insert_1": 0.0,
            "move_all_by_1": 0.10000000149011612,
            "move_all_by_2": 0.06122449040412903,
            "relocate_1": 0.4862385392189026,
            "relocate_5": 0.07547169923782349,
            "remove_1": 0.0,
            "rexchange_2_2": 0.11510791629552841,
            "rexchange_2_3": 0.043478261679410934,
            "rexchange_4_4": 0.0,
            "rrelocate_3": 0.1650485396385193,
            "rrelocate_4": 0.05000000074505806,
            "two_opt": 0.4675324559211731
        }
    },
    "last_improvement": 0,
    "name": "random-24-5.42-2",
    "solution": {
        "fitness": 788,
        "is_feasible": true,
        "permutation": [
            0,
            19,
            21,
            3,
            18,
            23,
            4,
            8,
            6,
            7,
            16,
            15,
            12,
            13,
            17,
            5,
            9,
            20,
            14,
            22,
            11,
            1,
            2,
            10
        ],
        "permutation_orig_ids": [
            "1",
            "20",
            "22",
            "4",
            "19",
            "24",
            "5",
            "9",
            "7",
            "8",
            "17",
            "16",
            "13",
            "14",
            "18",
            "6",
            "10",
            "21",
            "15",
            "23",
            "12",
            "2",
            "3",
            "11"
        ]
    },
    "steps": {
        "0": 788
    },
    "timeout": 3
}