{
    "config": {
        "allow_infeasible": true,
        "construction": "random_replicate",
        "ils_k": 6,
        "local_search": "CVND",
        "metaheuristic": "ILS",
        "num_threads": 8,
        "operators": [
            "insert_1",
            "remove_1",
            "two_opt",
            "exchange_ids",
            "exchange_1_2",
            "exchange_2_2",
            "exchange_3_3",
            "exchange_3_4",
            "exchange_4_4",
            "rexchange_2_2",
            "rexchange_2_3",
            "rexchange_4_4",
            "centered_exchange_1",
            "relocate_1",
            "relocate_5",
            "rrelocate_3",
            "rrelocate_4",
            "move_all_by_1",
            "move_all_by_2"
        ],
        "perturbation": [
            "random_double_bridge"
        ],
        "stop_on_feasible": true,
        "timeout": 3
    },
    "histogram": {
        "all": {
            "centered_exchange_1": 2424,
            "exchange_1_2": 2493,
            "exchange_2_2": 2493,
            "exchange_3_3": 2488,
            "exchange_3_4": 2485,
            "exchange_4_4": 2484,
            "exchange_ids": 2511,
            "insert_1": 3068,
            "move_all_by_1": 1774,
            "move_all_by_2": 1748,
            "relocate_1": 1925,
            "relocate_5": 1917,
            "remove_1": 3068,
            "rexchange_2_2": 2463,
            "rexchange_2_3": 2462,
            "rexchange_4_4": 2462,
            "rrelocate_3": 1862,
            "rrelocate_4": 1856,
            "two_opt": 2760
        },
        "improving": {
            "centered_exchange_1": 267,
            "exchange_1_2": 713,
            "exchange_2_2": 242,
            "exchange_3_3": 78,
            "exchange_3_4": 74,
            "exchange_4_4": 22,
            "exchange_ids": 1127,
            "insert_1": 0,
            "move_all_by_1": 249,
            "move_all_by_2": 121,
            "relocate_1": 928,
            "relocate_5": 95,
            "remove_1": 0,
            "rexchange_2_2": 265,
            "rexchange_2_3": 60,
            "rexchange_4_4": 5,
            "rrelocate_3": 216,
            "rrelocate_4": 52,
            "two_opt": 1396
        },
        "rate": {
            "centered_exchange_1": 0.11014851182699203,
            "exchange_1_2": 0.2860007882118225,
            "exchange_2_2": 0.0970718041062355,
            "exchange_3_3": 0.03135048225522041,
            "exchange_3_4": 0.029778672382235527,
            "exchange_4_4": 0.008856683038175106,
            "exchange_ids": 0.4488251805305481,
            "insert_1": 0.0,
            "move_all_by_1": 0.1403607726097107,
            "move_all_by_2": 0.06922196596860886,
            "relocate_1": 0.4820779263973236,
            "relocate_5": 0.04955659806728363,
            "remove_1": 0.0,
            "rexchange_2_2": 0.10759236663579941,
            "rexchange_2_3": 0.024370430037379265,
            "rexchange_4_4": 0.00203086924739182,
            "rrelocate_3": 0.11600429564714432,
            "rrelocate_4": 0.02801724150776863,
            "two_opt": 0.5057970881462097
        }
    },
    "last_improvement": 0,
    "name": "random-24-4.67-5",
    "solution": {
        "fitness": 1000894,
        "is_feasible": false,
        "permutation": [
            10,
            4,
            13,
            21,
            18,
            2,
            5,
            19,
            8,
            16,
            12,
            7,
            14,
            22,
            1,
            6,
            0,
            23,
            15,
            3,
            11,
            17,
            9,
            20
        ],
        "permutation_orig_ids": [
            "11",
            "5",
            "14",
            "22",
            "19",
            "3",
            "6",
            "20",
            "9",
            "17",
            "13",
            "8",
            "15",
            "23",
            "2",
            "7",
            "1",
            "24",
            "16",
            "4",
            "12",
            "18",
            "10",
            "21"
        ]
    },
    "steps": {
        "0": 1000894
    },
    "timeout": 3
}