{
    "config": {
        "allow_infeasible": true,
        "construction": "random_replicate",
        "ils_k": 6,
        "local_search": "CVND",
        "metaheuristic": "ILS",
        "num_threads": 8,
        "operators": [
            "insert_1",
            "remove_1",
            "two_opt",
            "exchange_ids",
            "exchange_1_2",
            "exchange_2_2",
            "exchange_3_3",
            "exchange_3_4",
            "exchange_4_4",
            "rexchange_2_2",
            "rexchange_2_3",
            "rexchange_4_4",
            "centered_exchange_1",
            "relocate_1",
            "relocate_5",
            "rrelocate_3",
            "rrelocate_4",
            "move_all_by_1",
            "move_all_by_2"
        ],
        "perturbation": [
            "random_double_bridge"
        ],
        "stop_on_feasible": true,
        "timeout": 3
    },
    "histogram": {
        "all": {
            "centered_exchange_1": 237,
            "exchange_1_2": 246,
            "exchange_2_2": 245,
            "exchange_3_3": 244,
            "exchange_3_4": 244,
            "exchange_4_4": 244,
            "exchange_ids": 251,
            "insert_1": 298,
            "move_all_by_1": 174,
            "move_all_by_2": 170,
            "relocate_1": 194,
            "relocate_5": 193,
            "remove_1": 298,
            "rexchange_2_2": 242,
            "rexchange_2_3": 242,
            "rexchange_4_4": 242,
            "rrelocate_3": 179,
            "rrelocate_4": 178,
            "two_opt": 276
        },
        "improving": {
            "centered_exchange_1": 31,
            "exchange_1_2": 83,
            "exchange_2_2": 21,
            "exchange_3_3": 19,
            "exchange_3_4": 9,
            "exchange_4_4": 2,
            "exchange_ids": 118,
            "insert_1": 0,
            "move_all_by_1": 19,
            "move_all_by_2": 14,
            "relocate_1": 90,
            "relocate_5": 9,
            "remove_1": 0,
            "rexchange_2_2": 37,
            "rexchange_2_3": 14,
            "rexchange_4_4": 0,
            "rrelocate_3": 32,
            "rrelocate_4": 7,
            "two_opt": 139
        },
        "rate": {
            "centered_exchange_1": 0.13080169260501862,
            "exchange_1_2": 0.33739838004112244,
            "exchange_2_2": 0.08571428805589676,
            "exchange_3_3": 0.07786884903907776,
            "exchange_3_4": 0.03688524663448334,
            "exchange_4_4": 0.008196720853447914,
            "exchange_ids": 0.47011953592300415,
            "insert_1": 0.0,
            "move_all_by_1": 0.10919540375471115,
            "move_all_by_2": 0.08235294371843338,
            "relocate_1": 0.4639175236225128,
            "relocate_5": 0.04663212597370148,
            "remove_1": 0.0,
            "rexchange_2_2": 0.1528925597667694,
            "rexchange_2_3": 0.057851240038871765,
            "rexchange_4_4": 0.0,
            "rrelocate_3": 0.17877094447612762,
            "rrelocate_4": 0.03932584449648857,
            "two_opt": 0.5036231875419617
        }
    },
    "last_improvement": 0,
    "name": "random-24-6.17-88",
    "solution": {
        "fitness": 869,
        "is_feasible": true,
        "permutation": [
            10,
            5,
            16,
            19,
            22,
            8,
            0,
            17,
            21,
            6,
            2,
            3,
            4,
            13,
            20,
            14,
            11,
            9,
            12,
            15,
            1,
            7,
            23,
            18
        ],
        "permutation_orig_ids": [
            "11",
            "6",
            "17",
            "20",
            "23",
            "9",
            "1",
            "18",
            "22",
            "7",
            "3",
            "4",
            "5",
            "14",
            "21",
            "15",
            "12",
            "10",
            "13",
            "16",
            "2",
            "8",
            "24",
            "19"
        ]
    },
    "steps": {
        "0": 869
    },
    "timeout": 3
}