{
    "config": {
        "allow_infeasible": true,
        "construction": "random_replicate",
        "ils_k": 6,
        "local_search": "CVND",
        "metaheuristic": "ILS",
        "num_threads": 8,
        "operators": [
            "insert_1",
            "remove_1",
            "two_opt",
            "exchange_ids",
            "exchange_1_2",
            "exchange_2_2",
            "exchange_3_3",
            "exchange_3_4",
            "exchange_4_4",
            "rexchange_2_2",
            "rexchange_2_3",
            "rexchange_4_4",
            "centered_exchange_1",
            "relocate_1",
            "relocate_5",
            "rrelocate_3",
            "rrelocate_4",
            "move_all_by_1",
            "move_all_by_2"
        ],
        "perturbation": [
            "random_double_bridge"
        ],
        "stop_on_feasible": true,
        "timeout": 5
    },
    "histogram": {
        "all": {
            "centered_exchange_1": 26,
            "exchange_1_2": 27,
            "exchange_2_2": 27,
            "exchange_3_3": 27,
            "exchange_3_4": 27,
            "exchange_4_4": 27,
            "exchange_ids": 27,
            "insert_1": 29,
            "move_all_by_1": 20,
            "move_all_by_2": 20,
            "relocate_1": 23,
            "relocate_5": 23,
            "remove_1": 29,
            "rexchange_2_2": 26,
            "rexchange_2_3": 26,
            "rexchange_4_4": 26,
            "rrelocate_3": 22,
            "rrelocate_4": 21,
            "two_opt": 29
        },
        "improving": {
            "centered_exchange_1": 5,
            "exchange_1_2": 13,
            "exchange_2_2": 8,
            "exchange_3_3": 4,
            "exchange_3_4": 4,
            "exchange_4_4": 3,
            "exchange_ids": 15,
            "insert_1": 0,
            "move_all_by_1": 7,
            "move_all_by_2": 3,
            "relocate_1": 16,
            "relocate_5": 6,
            "remove_1": 0,
            "rexchange_2_2": 11,
            "rexchange_2_3": 6,
            "rexchange_4_4": 3,
            "rrelocate_3": 6,
            "rrelocate_4": 5,
            "two_opt": 14
        },
        "rate": {
            "centered_exchange_1": 0.19230769574642181,
            "exchange_1_2": 0.48148149251937866,
            "exchange_2_2": 0.29629629850387573,
            "exchange_3_3": 0.14814814925193787,
            "exchange_3_4": 0.14814814925193787,
            "exchange_4_4": 0.1111111119389534,
            "exchange_ids": 0.5555555820465088,
            "insert_1": 0.0,
            "move_all_by_1": 0.3499999940395355,
            "move_all_by_2": 0.15000000596046448,
            "relocate_1": 0.695652186870575,
            "relocate_5": 0.260869562625885,
            "remove_1": 0.0,
            "rexchange_2_2": 0.42307692766189575,
            "rexchange_2_3": 0.23076923191547394,
            "rexchange_4_4": 0.11538461595773697,
            "rrelocate_3": 0.27272728085517883,
            "rrelocate_4": 0.2380952388048172,
            "two_opt": 0.48275861144065857
        }
    },
    "last_improvement": 0,
    "name": "random-50-12.00-26",
    "solution": {
        "fitness": 1664,
        "is_feasible": true,
        "permutation": [
            19,
            16,
            37,
            14,
            5,
            38,
            28,
            29,
            41,
            30,
            43,
            1,
            18,
            3,
            9,
            42,
            10,
            7,
            36,
            22,
            26,
            24,
            32,
            20,
            15,
            6,
            8,
            12,
            46,
            44,
            25,
            40,
            45,
            34,
            21,
            48,
            4,
            49,
            2,
            0,
            33,
            47,
            35,
            27,
            31,
            13,
            17,
            11,
            23,
            39
        ],
        "permutation_orig_ids": [
            "20",
            "17",
            "38",
            "15",
            "6",
            "39",
            "29",
            "30",
            "42",
            "31",
            "44",
            "2",
            "19",
            "4",
            "10",
            "43",
            "11",
            "8",
            "37",
            "23",
            "27",
            "25",
            "33",
            "21",
            "16",
            "7",
            "9",
            "13",
            "47",
            "45",
            "26",
            "41",
            "46",
            "35",
            "22",
            "49",
            "5",
            "50",
            "3",
            "1",
            "34",
            "48",
            "36",
            "28",
            "32",
            "14",
            "18",
            "12",
            "24",
            "40"
        ]
    },
    "steps": {
        "0": 1664
    },
    "timeout": 5
}