{
    "config": {
        "allow_infeasible": true,
        "construction": "random_replicate",
        "ils_k": 6,
        "local_search": "CVND",
        "metaheuristic": "ILS",
        "num_threads": 8,
        "operators": [
            "insert_1",
            "remove_1",
            "two_opt",
            "exchange_ids",
            "exchange_1_2",
            "exchange_2_2",
            "exchange_3_3",
            "exchange_3_4",
            "exchange_4_4",
            "rexchange_2_2",
            "rexchange_2_3",
            "rexchange_4_4",
            "centered_exchange_1",
            "relocate_1",
            "relocate_5",
            "rrelocate_3",
            "rrelocate_4",
            "move_all_by_1",
            "move_all_by_2"
        ],
        "perturbation": [
            "random_double_bridge"
        ],
        "stop_on_feasible": true,
        "timeout": 5
    },
    "histogram": {
        "all": {
            "centered_exchange_1": 43,
            "exchange_1_2": 44,
            "exchange_2_2": 44,
            "exchange_3_3": 44,
            "exchange_3_4": 44,
            "exchange_4_4": 44,
            "exchange_ids": 44,
            "insert_1": 48,
            "move_all_by_1": 33,
            "move_all_by_2": 33,
            "relocate_1": 35,
            "relocate_5": 35,
            "remove_1": 48,
            "rexchange_2_2": 44,
            "rexchange_2_3": 43,
            "rexchange_4_4": 43,
            "rrelocate_3": 35,
            "rrelocate_4": 35,
            "two_opt": 45
        },
        "improving": {
            "centered_exchange_1": 8,
            "exchange_1_2": 17,
            "exchange_2_2": 9,
            "exchange_3_3": 4,
            "exchange_3_4": 5,
            "exchange_4_4": 3,
            "exchange_ids": 20,
            "insert_1": 0,
            "move_all_by_1": 13,
            "move_all_by_2": 7,
            "relocate_1": 28,
            "relocate_5": 6,
            "remove_1": 0,
            "rexchange_2_2": 12,
            "rexchange_2_3": 8,
            "rexchange_4_4": 2,
            "rrelocate_3": 12,
            "rrelocate_4": 5,
            "two_opt": 24
        },
        "rate": {
            "centered_exchange_1": 0.1860465109348297,
            "exchange_1_2": 0.3863636255264282,
            "exchange_2_2": 0.20454545319080353,
            "exchange_3_3": 0.09090909361839294,
            "exchange_3_4": 0.11363636702299118,
            "exchange_4_4": 0.06818182021379471,
            "exchange_ids": 0.4545454680919647,
            "insert_1": 0.0,
            "move_all_by_1": 0.39393940567970276,
            "move_all_by_2": 0.21212121844291687,
            "relocate_1": 0.800000011920929,
            "relocate_5": 0.17142857611179352,
            "remove_1": 0.0,
            "rexchange_2_2": 0.27272728085517883,
            "rexchange_2_3": 0.1860465109348297,
            "rexchange_4_4": 0.04651162773370743,
            "rrelocate_3": 0.34285715222358704,
            "rrelocate_4": 0.1428571492433548,
            "two_opt": 0.5333333611488342
        }
    },
    "last_improvement": 0,
    "name": "random-50-11.08-0",
    "solution": {
        "fitness": 1678,
        "is_feasible": true,
        "permutation": [
            49,
            43,
            32,
            34,
            17,
            10,
            5,
            35,
            13,
            1,
            12,
            23,
            2,
            38,
            4,
            37,
            46,
            7,
            6,
            18,
            45,
            24,
            27,
            16,
            44,
            48,
            9,
            33,
            36,
            14,
            47,
            29,
            26,
            20,
            25,
            28,
            8,
            39,
            19,
            0,
            11,
            41,
            22,
            31,
            15,
            3,
            40,
            30,
            21,
            42
        ],
        "permutation_orig_ids": [
            "50",
            "44",
            "33",
            "35",
            "18",
            "11",
            "6",
            "36",
            "14",
            "2",
            "13",
            "24",
            "3",
            "39",
            "5",
            "38",
            "47",
            "8",
            "7",
            "19",
            "46",
            "25",
            "28",
            "17",
            "45",
            "49",
            "10",
            "34",
            "37",
            "15",
            "48",
            "30",
            "27",
            "21",
            "26",
            "29",
            "9",
            "40",
            "20",
            "1",
            "12",
            "42",
            "23",
            "32",
            "16",
            "4",
            "41",
            "31",
            "22",
            "43"
        ]
    },
    "steps": {
        "0": 1678
    },
    "timeout": 5
}