{
    "config": {
        "allow_infeasible": true,
        "construction": "random_replicate",
        "ils_k": 6,
        "local_search": "CVND",
        "metaheuristic": "ILS",
        "num_threads": 8,
        "operators": [
            "insert_1",
            "remove_1",
            "two_opt",
            "exchange_ids",
            "exchange_1_2",
            "exchange_2_2",
            "exchange_3_3",
            "exchange_3_4",
            "exchange_4_4",
            "rexchange_2_2",
            "rexchange_2_3",
            "rexchange_4_4",
            "centered_exchange_1",
            "relocate_1",
            "relocate_5",
            "rrelocate_3",
            "rrelocate_4",
            "move_all_by_1",
            "move_all_by_2"
        ],
        "perturbation": [
            "random_double_bridge"
        ],
        "stop_on_feasible": true,
        "timeout": 5
    },
    "histogram": {
        "all": {
            "centered_exchange_1": 103,
            "exchange_1_2": 107,
            "exchange_2_2": 107,
            "exchange_3_3": 107,
            "exchange_3_4": 107,
            "exchange_4_4": 107,
            "exchange_ids": 110,
            "insert_1": 121,
            "move_all_by_1": 81,
            "move_all_by_2": 81,
            "relocate_1": 88,
            "relocate_5": 88,
            "remove_1": 121,
            "rexchange_2_2": 106,
            "rexchange_2_3": 104,
            "rexchange_4_4": 104,
            "rrelocate_3": 85,
            "rrelocate_4": 84,
            "two_opt": 116
        },
        "improving": {
            "centered_exchange_1": 19,
            "exchange_1_2": 36,
            "exchange_2_2": 15,
            "exchange_3_3": 11,
            "exchange_3_4": 8,
            "exchange_4_4": 1,
            "exchange_ids": 46,
            "insert_1": 0,
            "move_all_by_1": 22,
            "move_all_by_2": 9,
            "relocate_1": 56,
            "relocate_5": 14,
            "remove_1": 0,
            "rexchange_2_2": 22,
            "rexchange_2_3": 19,
            "rexchange_4_4": 6,
            "rrelocate_3": 33,
            "rrelocate_4": 15,
            "two_opt": 62
        },
        "rate": {
            "centered_exchange_1": 0.18446601927280426,
            "exchange_1_2": 0.336448609828949,
            "exchange_2_2": 0.14018692076206207,
            "exchange_3_3": 0.10280373692512512,
            "exchange_3_4": 0.07476635277271271,
            "exchange_4_4": 0.009345794096589088,
            "exchange_ids": 0.41818180680274963,
            "insert_1": 0.0,
            "move_all_by_1": 0.2716049253940582,
            "move_all_by_2": 0.1111111119389534,
            "relocate_1": 0.6363636255264282,
            "relocate_5": 0.15909090638160706,
            "remove_1": 0.0,
            "rexchange_2_2": 0.2075471729040146,
            "rexchange_2_3": 0.18269230425357819,
            "rexchange_4_4": 0.057692307978868484,
            "rrelocate_3": 0.38823530077934265,
            "rrelocate_4": 0.1785714328289032,
            "two_opt": 0.5344827771186829
        }
    },
    "last_improvement": 2,
    "name": "random-50-14.75-45",
    "solution": {
        "fitness": 1508,
        "is_feasible": true,
        "permutation": [
            11,
            19,
            24,
            7,
            27,
            9,
            38,
            23,
            1,
            5,
            40,
            47,
            15,
            2,
            14,
            36,
            6,
            20,
            44,
            46,
            43,
            29,
            39,
            18,
            45,
            28,
            4,
            0,
            22,
            35,
            17,
            8,
            32,
            3,
            25,
            16,
            37,
            42,
            31,
            34,
            21,
            10,
            33,
            30,
            49,
            12,
            26,
            41,
            48,
            13
        ],
        "permutation_orig_ids": [
            "12",
            "20",
            "25",
            "8",
            "28",
            "10",
            "39",
            "24",
            "2",
            "6",
            "41",
            "48",
            "16",
            "3",
            "15",
            "37",
            "7",
            "21",
            "45",
            "47",
            "44",
            "30",
            "40",
            "19",
            "46",
            "29",
            "5",
            "1",
            "23",
            "36",
            "18",
            "9",
            "33",
            "4",
            "26",
            "17",
            "38",
            "43",
            "32",
            "35",
            "22",
            "11",
            "34",
            "31",
            "50",
            "13",
            "27",
            "42",
            "49",
            "14"
        ]
    },
    "steps": {
        "0": 1001224,
        "2": 1508
    },
    "timeout": 5
}