{
    "config": {
        "allow_infeasible": true,
        "construction": "random_replicate",
        "ils_k": 6,
        "local_search": "CVND",
        "metaheuristic": "ILS",
        "num_threads": 8,
        "operators": [
            "insert_1",
            "remove_1",
            "two_opt",
            "exchange_ids",
            "exchange_1_2",
            "exchange_2_2",
            "exchange_3_3",
            "exchange_3_4",
            "exchange_4_4",
            "rexchange_2_2",
            "rexchange_2_3",
            "rexchange_4_4",
            "centered_exchange_1",
            "relocate_1",
            "relocate_5",
            "rrelocate_3",
            "rrelocate_4",
            "move_all_by_1",
            "move_all_by_2"
        ],
        "perturbation": [
            "random_double_bridge"
        ],
        "stop_on_feasible": true,
        "timeout": 5
    },
    "histogram": {
        "all": {
            "centered_exchange_1": 254,
            "exchange_1_2": 267,
            "exchange_2_2": 265,
            "exchange_3_3": 264,
            "exchange_3_4": 262,
            "exchange_4_4": 262,
            "exchange_ids": 272,
            "insert_1": 306,
            "move_all_by_1": 199,
            "move_all_by_2": 199,
            "relocate_1": 214,
            "relocate_5": 212,
            "remove_1": 306,
            "rexchange_2_2": 259,
            "rexchange_2_3": 258,
            "rexchange_4_4": 258,
            "rrelocate_3": 205,
            "rrelocate_4": 202,
            "two_opt": 284
        },
        "improving": {
            "centered_exchange_1": 49,
            "exchange_1_2": 95,
            "exchange_2_2": 46,
            "exchange_3_3": 19,
            "exchange_3_4": 28,
            "exchange_4_4": 9,
            "exchange_ids": 118,
            "insert_1": 0,
            "move_all_by_1": 37,
            "move_all_by_2": 21,
            "relocate_1": 134,
            "relocate_5": 37,
            "remove_1": 0,
            "rexchange_2_2": 74,
            "rexchange_2_3": 44,
            "rexchange_4_4": 18,
            "rrelocate_3": 64,
            "rrelocate_4": 38,
            "two_opt": 140
        },
        "rate": {
            "centered_exchange_1": 0.19291338324546814,
            "exchange_1_2": 0.35580524802207947,
            "exchange_2_2": 0.17358490824699402,
            "exchange_3_3": 0.07196969538927078,
            "exchange_3_4": 0.10687022656202316,
            "exchange_4_4": 0.03435114398598671,
            "exchange_ids": 0.43382352590560913,
            "insert_1": 0.0,
            "move_all_by_1": 0.18592964112758636,
            "move_all_by_2": 0.10552763938903809,
            "relocate_1": 0.6261682510375977,
            "relocate_5": 0.1745283007621765,
            "remove_1": 0.0,
            "rexchange_2_2": 0.2857142984867096,
            "rexchange_2_3": 0.1705426424741745,
            "rexchange_4_4": 0.06976744532585144,
            "rrelocate_3": 0.3121951222419739,
            "rrelocate_4": 0.1881188154220581,
            "two_opt": 0.49295774102211
        }
    },
    "last_improvement": 2,
    "name": "random-50-11.25-35",
    "solution": {
        "fitness": 1001195,
        "is_feasible": false,
        "permutation": [
            18,
            13,
            14,
            37,
            49,
            11,
            35,
            28,
            12,
            19,
            30,
            38,
            42,
            33,
            6,
            39,
            10,
            29,
            22,
            41,
            17,
            5,
            24,
            1,
            3,
            27,
            25,
            7,
            31,
            8,
            4,
            21,
            9,
            47,
            43,
            15,
            40,
            48,
            0,
            20,
            46,
            16,
            2,
            45,
            23,
            44,
            34,
            36,
            32,
            26
        ],
        "permutation_orig_ids": [
            "19",
            "14",
            "15",
            "38",
            "50",
            "12",
            "36",
            "29",
            "13",
            "20",
            "31",
            "39",
            "43",
            "34",
            "7",
            "40",
            "11",
            "30",
            "23",
            "42",
            "18",
            "6",
            "25",
            "2",
            "4",
            "28",
            "26",
            "8",
            "32",
            "9",
            "5",
            "22",
            "10",
            "48",
            "44",
            "16",
            "41",
            "49",
            "1",
            "21",
            "47",
            "17",
            "3",
            "46",
            "24",
            "45",
            "35",
            "37",
            "33",
            "27"
        ]
    },
    "steps": {
        "0": 1001453,
        "1": 1001245,
        "2": 1001195
    },
    "timeout": 5
}