{
    "config": {
        "allow_infeasible": true,
        "construction": "random_replicate",
        "ils_k": 6,
        "local_search": "CVND",
        "metaheuristic": "ILS",
        "num_threads": 8,
        "operators": [
            "insert_1",
            "remove_1",
            "two_opt",
            "exchange_ids",
            "exchange_1_2",
            "exchange_2_2",
            "exchange_3_3",
            "exchange_3_4",
            "exchange_4_4",
            "rexchange_2_2",
            "rexchange_2_3",
            "rexchange_4_4",
            "centered_exchange_1",
            "relocate_1",
            "relocate_5",
            "rrelocate_3",
            "rrelocate_4",
            "move_all_by_1",
            "move_all_by_2"
        ],
        "perturbation": [
            "random_double_bridge"
        ],
        "stop_on_feasible": true,
        "timeout": 5
    },
    "histogram": {
        "all": {
            "centered_exchange_1": 31,
            "exchange_1_2": 31,
            "exchange_2_2": 31,
            "exchange_3_3": 31,
            "exchange_3_4": 31,
            "exchange_4_4": 31,
            "exchange_ids": 31,
            "insert_1": 32,
            "move_all_by_1": 26,
            "move_all_by_2": 25,
            "relocate_1": 27,
            "relocate_5": 27,
            "remove_1": 32,
            "rexchange_2_2": 31,
            "rexchange_2_3": 31,
            "rexchange_4_4": 31,
            "rrelocate_3": 27,
            "rrelocate_4": 27,
            "two_opt": 31
        },
        "improving": {
            "centered_exchange_1": 7,
            "exchange_1_2": 14,
            "exchange_2_2": 8,
            "exchange_3_3": 4,
            "exchange_3_4": 4,
            "exchange_4_4": 2,
            "exchange_ids": 11,
            "insert_1": 0,
            "move_all_by_1": 6,
            "move_all_by_2": 5,
            "relocate_1": 24,
            "relocate_5": 9,
            "remove_1": 0,
            "rexchange_2_2": 6,
            "rexchange_2_3": 6,
            "rexchange_4_4": 5,
            "rrelocate_3": 11,
            "rrelocate_4": 9,
            "two_opt": 14
        },
        "rate": {
            "centered_exchange_1": 0.22580644488334656,
            "exchange_1_2": 0.4516128897666931,
            "exchange_2_2": 0.25806450843811035,
            "exchange_3_3": 0.12903225421905518,
            "exchange_3_4": 0.12903225421905518,
            "exchange_4_4": 0.06451612710952759,
            "exchange_ids": 0.35483869910240173,
            "insert_1": 0.0,
            "move_all_by_1": 0.23076923191547394,
            "move_all_by_2": 0.20000000298023224,
            "relocate_1": 0.8888888955116272,
            "relocate_5": 0.3333333432674408,
            "remove_1": 0.0,
            "rexchange_2_2": 0.19354838132858276,
            "rexchange_2_3": 0.19354838132858276,
            "rexchange_4_4": 0.16129031777381897,
            "rrelocate_3": 0.40740740299224854,
            "rrelocate_4": 0.3333333432674408,
            "two_opt": 0.4516128897666931
        }
    },
    "last_improvement": 0,
    "name": "random-50-10.08-25",
    "solution": {
        "fitness": 1476,
        "is_feasible": true,
        "permutation": [
            49,
            9,
            4,
            29,
            25,
            45,
            10,
            21,
            12,
            7,
            2,
            27,
            18,
            8,
            36,
            43,
            46,
            40,
            37,
            15,
            24,
            32,
            42,
            3,
            39,
            13,
            47,
            34,
            26,
            23,
            16,
            6,
            11,
            17,
            31,
            14,
            35,
            33,
            5,
            1,
            30,
            19,
            28,
            20,
            0,
            22,
            48,
            44,
            38,
            41
        ],
        "permutation_orig_ids": [
            "50",
            "10",
            "5",
            "30",
            "26",
            "46",
            "11",
            "22",
            "13",
            "8",
            "3",
            "28",
            "19",
            "9",
            "37",
            "44",
            "47",
            "41",
            "38",
            "16",
            "25",
            "33",
            "43",
            "4",
            "40",
            "14",
            "48",
            "35",
            "27",
            "24",
            "17",
            "7",
            "12",
            "18",
            "32",
            "15",
            "36",
            "34",
            "6",
            "2",
            "31",
            "20",
            "29",
            "21",
            "1",
            "23",
            "49",
            "45",
            "39",
            "42"
        ]
    },
    "steps": {
        "0": 1476
    },
    "timeout": 5
}