{
    "config": {
        "allow_infeasible": true,
        "construction": "random_replicate",
        "ils_k": 6,
        "local_search": "CVND",
        "metaheuristic": "ILS",
        "num_threads": 8,
        "operators": [
            "insert_1",
            "remove_1",
            "two_opt",
            "exchange_ids",
            "exchange_1_2",
            "exchange_2_2",
            "exchange_3_3",
            "exchange_3_4",
            "exchange_4_4",
            "rexchange_2_2",
            "rexchange_2_3",
            "rexchange_4_4",
            "centered_exchange_1",
            "relocate_1",
            "relocate_5",
            "rrelocate_3",
            "rrelocate_4",
            "move_all_by_1",
            "move_all_by_2"
        ],
        "perturbation": [
            "random_double_bridge"
        ],
        "stop_on_feasible": true,
        "timeout": 5
    },
    "histogram": {
        "all": {
            "centered_exchange_1": 256,
            "exchange_1_2": 271,
            "exchange_2_2": 271,
            "exchange_3_3": 269,
            "exchange_3_4": 267,
            "exchange_4_4": 267,
            "exchange_ids": 275,
            "insert_1": 304,
            "move_all_by_1": 202,
            "move_all_by_2": 198,
            "relocate_1": 223,
            "relocate_5": 222,
            "remove_1": 304,
            "rexchange_2_2": 259,
            "rexchange_2_3": 258,
            "rexchange_4_4": 256,
            "rrelocate_3": 216,
            "rrelocate_4": 211,
            "two_opt": 285
        },
        "improving": {
            "centered_exchange_1": 40,
            "exchange_1_2": 100,
            "exchange_2_2": 44,
            "exchange_3_3": 27,
            "exchange_3_4": 33,
            "exchange_4_4": 8,
            "exchange_ids": 117,
            "insert_1": 0,
            "move_all_by_1": 47,
            "move_all_by_2": 24,
            "relocate_1": 135,
            "relocate_5": 27,
            "remove_1": 0,
            "rexchange_2_2": 74,
            "rexchange_2_3": 37,
            "rexchange_4_4": 14,
            "rrelocate_3": 50,
            "rrelocate_4": 34,
            "two_opt": 152
        },
        "rate": {
            "centered_exchange_1": 0.15625,
            "exchange_1_2": 0.36900368332862854,
            "exchange_2_2": 0.16236162185668945,
            "exchange_3_3": 0.10037174820899963,
            "exchange_3_4": 0.12359550595283508,
            "exchange_4_4": 0.02996254712343216,
            "exchange_ids": 0.4254545569419861,
            "insert_1": 0.0,
            "move_all_by_1": 0.2326732724905014,
            "move_all_by_2": 0.12121212482452393,
            "relocate_1": 0.605381190776825,
            "relocate_5": 0.12162162363529205,
            "remove_1": 0.0,
            "rexchange_2_2": 0.2857142984867096,
            "rexchange_2_3": 0.1434108465909958,
            "rexchange_4_4": 0.0546875,
            "rrelocate_3": 0.23148147761821747,
            "rrelocate_4": 0.1611374467611313,
            "two_opt": 0.5333333611488342
        }
    },
    "last_improvement": 3,
    "name": "random-50-11.17-29",
    "solution": {
        "fitness": 1001318,
        "is_feasible": false,
        "permutation": [
            40,
            18,
            12,
            43,
            20,
            24,
            38,
            16,
            9,
            42,
            15,
            2,
            6,
            14,
            47,
            21,
            32,
            5,
            31,
            46,
            49,
            10,
            1,
            48,
            30,
            3,
            11,
            44,
            36,
            25,
            33,
            45,
            22,
            27,
            37,
            35,
            41,
            0,
            4,
            34,
            29,
            7,
            39,
            23,
            8,
            13,
            17,
            19,
            28,
            26
        ],
        "permutation_orig_ids": [
            "41",
            "19",
            "13",
            "44",
            "21",
            "25",
            "39",
            "17",
            "10",
            "43",
            "16",
            "3",
            "7",
            "15",
            "48",
            "22",
            "33",
            "6",
            "32",
            "47",
            "50",
            "11",
            "2",
            "49",
            "31",
            "4",
            "12",
            "45",
            "37",
            "26",
            "34",
            "46",
            "23",
            "28",
            "38",
            "36",
            "42",
            "1",
            "5",
            "35",
            "30",
            "8",
            "40",
            "24",
            "9",
            "14",
            "18",
            "20",
            "29",
            "27"
        ]
    },
    "steps": {
        "0": 2001260,
        "1": 1001357,
        "3": 1001318
    },
    "timeout": 5
}