{
    "config": {
        "allow_infeasible": true,
        "construction": "random_replicate",
        "ils_k": 6,
        "local_search": "CVND",
        "metaheuristic": "ILS",
        "num_threads": 8,
        "operators": [
            "insert_1",
            "remove_1",
            "two_opt",
            "exchange_ids",
            "exchange_1_2",
            "exchange_2_2",
            "exchange_3_3",
            "exchange_3_4",
            "exchange_4_4",
            "rexchange_2_2",
            "rexchange_2_3",
            "rexchange_4_4",
            "centered_exchange_1",
            "relocate_1",
            "relocate_5",
            "rrelocate_3",
            "rrelocate_4",
            "move_all_by_1",
            "move_all_by_2"
        ],
        "perturbation": [
            "random_double_bridge"
        ],
        "stop_on_feasible": true,
        "timeout": 5
    },
    "histogram": {
        "all": {
            "centered_exchange_1": 11,
            "exchange_1_2": 11,
            "exchange_2_2": 11,
            "exchange_3_3": 11,
            "exchange_3_4": 11,
            "exchange_4_4": 11,
            "exchange_ids": 11,
            "insert_1": 11,
            "move_all_by_1": 9,
            "move_all_by_2": 9,
            "relocate_1": 9,
            "relocate_5": 9,
            "remove_1": 11,
            "rexchange_2_2": 11,
            "rexchange_2_3": 11,
            "rexchange_4_4": 11,
            "rrelocate_3": 9,
            "rrelocate_4": 9,
            "two_opt": 11
        },
        "improving": {
            "centered_exchange_1": 4,
            "exchange_1_2": 5,
            "exchange_2_2": 4,
            "exchange_3_3": 3,
            "exchange_3_4": 4,
            "exchange_4_4": 3,
            "exchange_ids": 6,
            "insert_1": 0,
            "move_all_by_1": 4,
            "move_all_by_2": 5,
            "relocate_1": 9,
            "relocate_5": 4,
            "remove_1": 0,
            "rexchange_2_2": 6,
            "rexchange_2_3": 5,
            "rexchange_4_4": 2,
            "rrelocate_3": 6,
            "rrelocate_4": 5,
            "two_opt": 6
        },
        "rate": {
            "centered_exchange_1": 0.3636363744735718,
            "exchange_1_2": 0.4545454680919647,
            "exchange_2_2": 0.3636363744735718,
            "exchange_3_3": 0.27272728085517883,
            "exchange_3_4": 0.3636363744735718,
            "exchange_4_4": 0.27272728085517883,
            "exchange_ids": 0.5454545617103577,
            "insert_1": 0.0,
            "move_all_by_1": 0.4444444477558136,
            "move_all_by_2": 0.5555555820465088,
            "relocate_1": 1.0,
            "relocate_5": 0.4444444477558136,
            "remove_1": 0.0,
            "rexchange_2_2": 0.5454545617103577,
            "rexchange_2_3": 0.4545454680919647,
            "rexchange_4_4": 0.1818181872367859,
            "rrelocate_3": 0.6666666865348816,
            "rrelocate_4": 0.5555555820465088,
            "two_opt": 0.5454545617103577
        }
    },
    "last_improvement": 0,
    "name": "random-50-12.83-87",
    "solution": {
        "fitness": 1429,
        "is_feasible": true,
        "permutation": [
            36,
            30,
            3,
            42,
            40,
            46,
            38,
            25,
            39,
            45,
            43,
            6,
            28,
            0,
            4,
            29,
            5,
            17,
            7,
            14,
            27,
            12,
            32,
            9,
            20,
            23,
            19,
            22,
            15,
            49,
            31,
            44,
            24,
            48,
            33,
            47,
            18,
            2,
            35,
            37,
            16,
            34,
            1,
            11,
            41,
            26,
            10,
            8,
            21,
            13
        ],
        "permutation_orig_ids": [
            "37",
            "31",
            "4",
            "43",
            "41",
            "47",
            "39",
            "26",
            "40",
            "46",
            "44",
            "7",
            "29",
            "1",
            "5",
            "30",
            "6",
            "18",
            "8",
            "15",
            "28",
            "13",
            "33",
            "10",
            "21",
            "24",
            "20",
            "23",
            "16",
            "50",
            "32",
            "45",
            "25",
            "49",
            "34",
            "48",
            "19",
            "3",
            "36",
            "38",
            "17",
            "35",
            "2",
            "12",
            "42",
            "27",
            "11",
            "9",
            "22",
            "14"
        ]
    },
    "steps": {
        "0": 1429
    },
    "timeout": 5
}