{
    "config": {
        "allow_infeasible": true,
        "construction": "random_replicate",
        "ils_k": 6,
        "local_search": "CVND",
        "metaheuristic": "ILS",
        "num_threads": 8,
        "operators": [
            "insert_1",
            "remove_1",
            "two_opt",
            "exchange_ids",
            "exchange_1_2",
            "exchange_2_2",
            "exchange_3_3",
            "exchange_3_4",
            "exchange_4_4",
            "rexchange_2_2",
            "rexchange_2_3",
            "rexchange_4_4",
            "centered_exchange_1",
            "relocate_1",
            "relocate_5",
            "rrelocate_3",
            "rrelocate_4",
            "move_all_by_1",
            "move_all_by_2"
        ],
        "perturbation": [
            "random_double_bridge"
        ],
        "stop_on_feasible": true,
        "timeout": 5
    },
    "histogram": {
        "all": {
            "centered_exchange_1": 237,
            "exchange_1_2": 251,
            "exchange_2_2": 247,
            "exchange_3_3": 247,
            "exchange_3_4": 247,
            "exchange_4_4": 247,
            "exchange_ids": 256,
            "insert_1": 275,
            "move_all_by_1": 189,
            "move_all_by_2": 184,
            "relocate_1": 199,
            "relocate_5": 198,
            "remove_1": 275,
            "rexchange_2_2": 242,
            "rexchange_2_3": 241,
            "rexchange_4_4": 241,
            "rrelocate_3": 194,
            "rrelocate_4": 192,
            "two_opt": 264
        },
        "improving": {
            "centered_exchange_1": 44,
            "exchange_1_2": 97,
            "exchange_2_2": 52,
            "exchange_3_3": 33,
            "exchange_3_4": 27,
            "exchange_4_4": 12,
            "exchange_ids": 113,
            "insert_1": 0,
            "move_all_by_1": 41,
            "move_all_by_2": 32,
            "relocate_1": 132,
            "relocate_5": 39,
            "remove_1": 0,
            "rexchange_2_2": 59,
            "rexchange_2_3": 37,
            "rexchange_4_4": 11,
            "rrelocate_3": 51,
            "rrelocate_4": 36,
            "two_opt": 120
        },
        "rate": {
            "centered_exchange_1": 0.18565401434898376,
            "exchange_1_2": 0.38645419478416443,
            "exchange_2_2": 0.21052631735801697,
            "exchange_3_3": 0.13360324501991272,
            "exchange_3_4": 0.10931174457073212,
            "exchange_4_4": 0.04858299717307091,
            "exchange_ids": 0.44140625,
            "insert_1": 0.0,
            "move_all_by_1": 0.21693122386932373,
            "move_all_by_2": 0.17391304671764374,
            "relocate_1": 0.6633166074752808,
            "relocate_5": 0.19696970283985138,
            "remove_1": 0.0,
            "rexchange_2_2": 0.24380165338516235,
            "rexchange_2_3": 0.15352697670459747,
            "rexchange_4_4": 0.0456431545317173,
            "rrelocate_3": 0.26288658380508423,
            "rrelocate_4": 0.1875,
            "two_opt": 0.4545454680919647
        }
    },
    "last_improvement": 2,
    "name": "random-50-6.00-13",
    "solution": {
        "fitness": 1001336,
        "is_feasible": false,
        "permutation": [
            2,
            27,
            29,
            10,
            40,
            22,
            26,
            9,
            19,
            46,
            18,
            5,
            41,
            49,
            14,
            0,
            25,
            39,
            36,
            8,
            24,
            45,
            20,
            17,
            21,
            34,
            30,
            23,
            1,
            42,
            3,
            6,
            12,
            48,
            38,
            44,
            33,
            11,
            13,
            7,
            28,
            16,
            31,
            32,
            35,
            47,
            37,
            4,
            15,
            43
        ],
        "permutation_orig_ids": [
            "3",
            "28",
            "30",
            "11",
            "41",
            "23",
            "27",
            "10",
            "20",
            "47",
            "19",
            "6",
            "42",
            "50",
            "15",
            "1",
            "26",
            "40",
            "37",
            "9",
            "25",
            "46",
            "21",
            "18",
            "22",
            "35",
            "31",
            "24",
            "2",
            "43",
            "4",
            "7",
            "13",
            "49",
            "39",
            "45",
            "34",
            "12",
            "14",
            "8",
            "29",
            "17",
            "32",
            "33",
            "36",
            "48",
            "38",
            "5",
            "16",
            "44"
        ]
    },
    "steps": {
        "0": 1001508,
        "1": 1001352,
        "2": 1001336
    },
    "timeout": 5
}