{
    "config": {
        "allow_infeasible": true,
        "construction": "random_replicate",
        "ils_k": 6,
        "local_search": "CVND",
        "metaheuristic": "ILS",
        "num_threads": 8,
        "operators": [
            "insert_1",
            "remove_1",
            "two_opt",
            "exchange_ids",
            "exchange_1_2",
            "exchange_2_2",
            "exchange_3_3",
            "exchange_3_4",
            "exchange_4_4",
            "rexchange_2_2",
            "rexchange_2_3",
            "rexchange_4_4",
            "centered_exchange_1",
            "relocate_1",
            "relocate_5",
            "rrelocate_3",
            "rrelocate_4",
            "move_all_by_1",
            "move_all_by_2"
        ],
        "perturbation": [
            "random_double_bridge"
        ],
        "stop_on_feasible": true,
        "timeout": 5
    },
    "histogram": {
        "all": {
            "centered_exchange_1": 25,
            "exchange_1_2": 26,
            "exchange_2_2": 26,
            "exchange_3_3": 26,
            "exchange_3_4": 26,
            "exchange_4_4": 26,
            "exchange_ids": 26,
            "insert_1": 26,
            "move_all_by_1": 18,
            "move_all_by_2": 17,
            "relocate_1": 21,
            "relocate_5": 21,
            "remove_1": 26,
            "rexchange_2_2": 26,
            "rexchange_2_3": 26,
            "rexchange_4_4": 26,
            "rrelocate_3": 21,
            "rrelocate_4": 20,
            "two_opt": 26
        },
        "improving": {
            "centered_exchange_1": 7,
            "exchange_1_2": 10,
            "exchange_2_2": 6,
            "exchange_3_3": 2,
            "exchange_3_4": 5,
            "exchange_4_4": 4,
            "exchange_ids": 13,
            "insert_1": 0,
            "move_all_by_1": 8,
            "move_all_by_2": 4,
            "relocate_1": 16,
            "relocate_5": 6,
            "remove_1": 0,
            "rexchange_2_2": 7,
            "rexchange_2_3": 4,
            "rexchange_4_4": 1,
            "rrelocate_3": 10,
            "rrelocate_4": 3,
            "two_opt": 12
        },
        "rate": {
            "centered_exchange_1": 0.2800000011920929,
            "exchange_1_2": 0.38461539149284363,
            "exchange_2_2": 0.23076923191547394,
            "exchange_3_3": 0.07692307978868484,
            "exchange_3_4": 0.19230769574642181,
            "exchange_4_4": 0.1538461595773697,
            "exchange_ids": 0.5,
            "insert_1": 0.0,
            "move_all_by_1": 0.4444444477558136,
            "move_all_by_2": 0.23529411852359772,
            "relocate_1": 0.761904776096344,
            "relocate_5": 0.2857142984867096,
            "remove_1": 0.0,
            "rexchange_2_2": 0.26923078298568726,
            "rexchange_2_3": 0.1538461595773697,
            "rexchange_4_4": 0.03846153989434242,
            "rrelocate_3": 0.4761904776096344,
            "rrelocate_4": 0.15000000596046448,
            "two_opt": 0.4615384638309479
        }
    },
    "last_improvement": 0,
    "name": "random-50-12.33-3",
    "solution": {
        "fitness": 1620,
        "is_feasible": true,
        "permutation": [
            25,
            16,
            7,
            3,
            46,
            17,
            19,
            0,
            49,
            28,
            45,
            9,
            37,
            24,
            40,
            13,
            31,
            36,
            14,
            35,
            27,
            2,
            20,
            39,
            5,
            43,
            1,
            22,
            47,
            18,
            10,
            29,
            4,
            41,
            6,
            8,
            42,
            12,
            38,
            30,
            11,
            32,
            48,
            34,
            33,
            23,
            44,
            21,
            15,
            26
        ],
        "permutation_orig_ids": [
            "26",
            "17",
            "8",
            "4",
            "47",
            "18",
            "20",
            "1",
            "50",
            "29",
            "46",
            "10",
            "38",
            "25",
            "41",
            "14",
            "32",
            "37",
            "15",
            "36",
            "28",
            "3",
            "21",
            "40",
            "6",
            "44",
            "2",
            "23",
            "48",
            "19",
            "11",
            "30",
            "5",
            "42",
            "7",
            "9",
            "43",
            "13",
            "39",
            "31",
            "12",
            "33",
            "49",
            "35",
            "34",
            "24",
            "45",
            "22",
            "16",
            "27"
        ]
    },
    "steps": {
        "0": 1620
    },
    "timeout": 5
}