{
    "config": {
        "allow_infeasible": true,
        "construction": "random_replicate",
        "ils_k": 6,
        "local_search": "CVND",
        "metaheuristic": "ILS",
        "num_threads": 8,
        "operators": [
            "insert_1",
            "remove_1",
            "two_opt",
            "exchange_ids",
            "exchange_1_2",
            "exchange_2_2",
            "exchange_3_3",
            "exchange_3_4",
            "exchange_4_4",
            "rexchange_2_2",
            "rexchange_2_3",
            "rexchange_4_4",
            "centered_exchange_1",
            "relocate_1",
            "relocate_5",
            "rrelocate_3",
            "rrelocate_4",
            "move_all_by_1",
            "move_all_by_2"
        ],
        "perturbation": [
            "random_double_bridge"
        ],
        "stop_on_feasible": true,
        "timeout": 5
    },
    "histogram": {
        "all": {
            "centered_exchange_1": 32,
            "exchange_1_2": 33,
            "exchange_2_2": 33,
            "exchange_3_3": 33,
            "exchange_3_4": 33,
            "exchange_4_4": 33,
            "exchange_ids": 33,
            "insert_1": 34,
            "move_all_by_1": 26,
            "move_all_by_2": 25,
            "relocate_1": 28,
            "relocate_5": 28,
            "remove_1": 34,
            "rexchange_2_2": 32,
            "rexchange_2_3": 32,
            "rexchange_4_4": 32,
            "rrelocate_3": 27,
            "rrelocate_4": 27,
            "two_opt": 33
        },
        "improving": {
            "centered_exchange_1": 8,
            "exchange_1_2": 12,
            "exchange_2_2": 7,
            "exchange_3_3": 6,
            "exchange_3_4": 6,
            "exchange_4_4": 5,
            "exchange_ids": 16,
            "insert_1": 0,
            "move_all_by_1": 7,
            "move_all_by_2": 5,
            "relocate_1": 22,
            "relocate_5": 8,
            "remove_1": 0,
            "rexchange_2_2": 9,
            "rexchange_2_3": 6,
            "rexchange_4_4": 6,
            "rrelocate_3": 14,
            "rrelocate_4": 8,
            "two_opt": 20
        },
        "rate": {
            "centered_exchange_1": 0.25,
            "exchange_1_2": 0.3636363744735718,
            "exchange_2_2": 0.21212121844291687,
            "exchange_3_3": 0.1818181872367859,
            "exchange_3_4": 0.1818181872367859,
            "exchange_4_4": 0.1515151560306549,
            "exchange_ids": 0.4848484992980957,
            "insert_1": 0.0,
            "move_all_by_1": 0.26923078298568726,
            "move_all_by_2": 0.20000000298023224,
            "relocate_1": 0.7857142686843872,
            "relocate_5": 0.2857142984867096,
            "remove_1": 0.0,
            "rexchange_2_2": 0.28125,
            "rexchange_2_3": 0.1875,
            "rexchange_4_4": 0.1875,
            "rrelocate_3": 0.5185185074806213,
            "rrelocate_4": 0.29629629850387573,
            "two_opt": 0.6060606241226196
        }
    },
    "last_improvement": 0,
    "name": "random-50-13.08-63",
    "solution": {
        "fitness": 1622,
        "is_feasible": true,
        "permutation": [
            28,
            30,
            18,
            46,
            33,
            29,
            42,
            8,
            10,
            13,
            7,
            26,
            37,
            16,
            0,
            24,
            48,
            43,
            4,
            1,
            47,
            34,
            36,
            49,
            25,
            27,
            32,
            22,
            2,
            23,
            41,
            17,
            44,
            5,
            14,
            19,
            21,
            31,
            39,
            6,
            35,
            20,
            12,
            9,
            11,
            15,
            38,
            40,
            3,
            45
        ],
        "permutation_orig_ids": [
            "29",
            "31",
            "19",
            "47",
            "34",
            "30",
            "43",
            "9",
            "11",
            "14",
            "8",
            "27",
            "38",
            "17",
            "1",
            "25",
            "49",
            "44",
            "5",
            "2",
            "48",
            "35",
            "37",
            "50",
            "26",
            "28",
            "33",
            "23",
            "3",
            "24",
            "42",
            "18",
            "45",
            "6",
            "15",
            "20",
            "22",
            "32",
            "40",
            "7",
            "36",
            "21",
            "13",
            "10",
            "12",
            "16",
            "39",
            "41",
            "4",
            "46"
        ]
    },
    "steps": {
        "0": 1622
    },
    "timeout": 5
}