{
    "config": {
        "allow_infeasible": true,
        "construction": "random_replicate",
        "ils_k": 6,
        "local_search": "CVND",
        "metaheuristic": "ILS",
        "num_threads": 8,
        "operators": [
            "insert_1",
            "remove_1",
            "two_opt",
            "exchange_ids",
            "exchange_1_2",
            "exchange_2_2",
            "exchange_3_3",
            "exchange_3_4",
            "exchange_4_4",
            "rexchange_2_2",
            "rexchange_2_3",
            "rexchange_4_4",
            "centered_exchange_1",
            "relocate_1",
            "relocate_5",
            "rrelocate_3",
            "rrelocate_4",
            "move_all_by_1",
            "move_all_by_2"
        ],
        "perturbation": [
            "random_double_bridge"
        ],
        "stop_on_feasible": true,
        "timeout": 5
    },
    "histogram": {
        "all": {
            "centered_exchange_1": 55,
            "exchange_1_2": 56,
            "exchange_2_2": 56,
            "exchange_3_3": 56,
            "exchange_3_4": 55,
            "exchange_4_4": 55,
            "exchange_ids": 56,
            "insert_1": 61,
            "move_all_by_1": 45,
            "move_all_by_2": 45,
            "relocate_1": 48,
            "relocate_5": 48,
            "remove_1": 61,
            "rexchange_2_2": 55,
            "rexchange_2_3": 55,
            "rexchange_4_4": 55,
            "rrelocate_3": 47,
            "rrelocate_4": 47,
            "two_opt": 56
        },
        "improving": {
            "centered_exchange_1": 8,
            "exchange_1_2": 17,
            "exchange_2_2": 10,
            "exchange_3_3": 8,
            "exchange_3_4": 11,
            "exchange_4_4": 4,
            "exchange_ids": 20,
            "insert_1": 0,
            "move_all_by_1": 13,
            "move_all_by_2": 2,
            "relocate_1": 39,
            "relocate_5": 13,
            "remove_1": 0,
            "rexchange_2_2": 16,
            "rexchange_2_3": 14,
            "rexchange_4_4": 4,
            "rrelocate_3": 17,
            "rrelocate_4": 10,
            "two_opt": 28
        },
        "rate": {
            "centered_exchange_1": 0.145454540848732,
            "exchange_1_2": 0.3035714328289032,
            "exchange_2_2": 0.1785714328289032,
            "exchange_3_3": 0.1428571492433548,
            "exchange_3_4": 0.20000000298023224,
            "exchange_4_4": 0.072727270424366,
            "exchange_ids": 0.3571428656578064,
            "insert_1": 0.0,
            "move_all_by_1": 0.2888889014720917,
            "move_all_by_2": 0.04444444552063942,
            "relocate_1": 0.8125,
            "relocate_5": 0.2708333432674408,
            "remove_1": 0.0,
            "rexchange_2_2": 0.290909081697464,
            "rexchange_2_3": 0.2545454502105713,
            "rexchange_4_4": 0.072727270424366,
            "rrelocate_3": 0.3617021143436432,
            "rrelocate_4": 0.21276596188545227,
            "two_opt": 0.5
        }
    },
    "last_improvement": 1,
    "name": "random-50-11.08-86",
    "solution": {
        "fitness": 1710,
        "is_feasible": true,
        "permutation": [
            32,
            19,
            20,
            9,
            22,
            46,
            34,
            24,
            6,
            36,
            33,
            38,
            42,
            37,
            7,
            2,
            41,
            48,
            25,
            23,
            35,
            12,
            15,
            0,
            44,
            40,
            39,
            16,
            21,
            47,
            26,
            8,
            11,
            28,
            27,
            31,
            17,
            14,
            45,
            5,
            30,
            4,
            49,
            43,
            13,
            1,
            18,
            29,
            3,
            10
        ],
        "permutation_orig_ids": [
            "33",
            "20",
            "21",
            "10",
            "23",
            "47",
            "35",
            "25",
            "7",
            "37",
            "34",
            "39",
            "43",
            "38",
            "8",
            "3",
            "42",
            "49",
            "26",
            "24",
            "36",
            "13",
            "16",
            "1",
            "45",
            "41",
            "40",
            "17",
            "22",
            "48",
            "27",
            "9",
            "12",
            "29",
            "28",
            "32",
            "18",
            "15",
            "46",
            "6",
            "31",
            "5",
            "50",
            "44",
            "14",
            "2",
            "19",
            "30",
            "4",
            "11"
        ]
    },
    "steps": {
        "0": 1001701,
        "1": 1710
    },
    "timeout": 5
}