{
    "config": {
        "allow_infeasible": true,
        "construction": "random_replicate",
        "ils_k": 3,
        "local_search": "BVND",
        "metaheuristic": "ILS",
        "num_threads": 8,
        "operators": [
            "remove_1",
            "exchange_ids",
            "exchange_n_ids",
            "rexchange_3_4",
            "centered_exchange_2",
            "centered_exchange_4",
            "relocate_1",
            "relocate_2",
            "relocate_5",
            "move_all_by_1",
            "move_all_by_3",
            "move_all_by_4",
            "move_all_by_10"
        ],
        "perturbation": [
            "random_move_all"
        ],
        "timeout": 1800
    },
    "histogram": {
        "all": {
            "centered_exchange_2": 62,
            "centered_exchange_4": 62,
            "exchange_ids": 405,
            "exchange_n_ids": 96,
            "move_all_by_1": 55,
            "move_all_by_10": 36,
            "move_all_by_3": 53,
            "move_all_by_4": 38,
            "relocate_1": 62,
            "relocate_2": 55,
            "relocate_5": 55,
            "remove_1": 405,
            "rexchange_3_4": 64
        },
        "improving": {
            "centered_exchange_2": 0,
            "centered_exchange_4": 0,
            "exchange_ids": 309,
            "exchange_n_ids": 32,
            "move_all_by_1": 2,
            "move_all_by_10": 5,
            "move_all_by_3": 15,
            "move_all_by_4": 2,
            "relocate_1": 6,
            "relocate_2": 0,
            "relocate_5": 0,
            "remove_1": 0,
            "rexchange_3_4": 2
        },
        "rate": {
            "centered_exchange_2": 0.0,
            "centered_exchange_4": 0.0,
            "exchange_ids": 0.7629629373550415,
            "exchange_n_ids": 0.3333333432674408,
            "move_all_by_1": 0.036363635212183,
            "move_all_by_10": 0.1388888955116272,
            "move_all_by_3": 0.2830188572406769,
            "move_all_by_4": 0.05263157933950424,
            "relocate_1": 0.09677419066429138,
            "relocate_2": 0.0,
            "relocate_5": 0.0,
            "remove_1": 0.0,
            "rexchange_3_4": 0.03125
        }
    },
    "last_improvement": 1697,
    "name": "npfs-VFR100_20_1.txt",
    "solution": {
        "solution": {
            "fitness": 6425,
            "is_feasible": true,
            "permutation": [
                35,
                85,
                6,
                38,
                95,
                23,
                76,
                19,
                97,
                91,
                40,
                36,
                89,
                33,
                66,
                75,
                51,
                31,
                99,
                57,
                20,
                67,
                1,
                39,
                83,
                80,
                18,
                4,
                81,
                59,
                25,
                16,
                21,
                30,
                27,
                82,
                11,
                98,
                86,
                24,
                63,
                93,
                13,
                28,
                15,
                62,
                26,
                14,
                41,
                52,
                54,
                71,
                43,
                10,
                73,
                74,
                5,
                77,
                60,
                64,
                44,
                69,
                29,
                8,
                96,
                90,
                3,
                58,
                68,
                2,
                55,
                46,
                87,
                17,
                47,
                49,
                12,
                78,
                92,
                56,
                0,
                42,
                70,
                84,
                65,
                37,
                79,
                7,
                9,
                22,
                94,
                48,
                53,
                88,
                50,
                61,
                34,
                45,
                72,
                32,
                35,
                6,
                38,
                95,
                85,
                23,
                76,
                19,
                97,
                91,
                40,
                36,
                89,
                33,
                66,
                75,
                51,
                31,
                99,
                57,
                20,
                67,
                1,
                39,
                83,
                80,
                18,
                4,
                81,
                59,
                25,
                16,
                21,
                30,
                27,
                82,
                11,
                98,
                86,
                24,
                63,
                93,
                13,
                28,
                15,
                62,
                26,
                14,
                41,
                52,
                54,
                71,
                43,
                10,
                73,
                74,
                5,
                77,
                60,
                64,
                44,
                69,
                29,
                8,
                96,
                90,
                3,
                58,
                68,
                2,
                55,
                46,
                87,
                17,
                47,
                49,
                12,
                78,
                92,
                56,
                0,
                42,
                70,
                84,
                65,
                37,
                79,
                7,
                9,
                22,
                94,
                48,
                53,
                88,
                50,
                61,
                34,
                45,
                72,
                32,
                35,
                6,
                38,
                95,
                85,
                23,
                76,
                19,
                97,
                91,
                40,
                36,
                89,
                33,
                66,
                75,
                51,
                31,
                99,
                57,
                20,
                67,
                1,
                39,
                83,
                80,
                18,
                4,
                81,
                59,
                25,
                16,
                21,
                30,
                27,
                82,
                11,
                98,
                86,
                24,
                63,
                93,
                13,
                28,
                15,
                62,
                26,
                14,
                41,
                52,
                54,
                71,
                43,
                10,
                73,
                74,
                5,
                77,
                60,
                64,
                44,
                69,
                29,
                8,
                96,
                90,
                3,
                58,
                68,
                2,
                55,
                46,
                87,
                17,
                47,
                49,
                12,
                78,
                92,
                56,
                0,
                42,
                70,
                84,
                65,
                37,
                79,
                7,
                9,
                22,
                94,
                48,
                53,
                88,
                50,
                61,
                34,
                45,
                72,
                32,
                35,
                6,
                38,
                95,
                85,
                23,
                76,
                19,
                97,
                91,
                40,
                89,
                36,
                33,
                66,
                75,
                51,
                31,
                99,
                57,
                20,
                67,
                1,
                39,
                83,
                80,
                18,
                4,
                81,
                59,
                25,
                16,
                21,
                30,
                27,
                82,
                11,
                98,
                86,
                24,
                63,
                93,
                13,
                28,
                15,
                62,
                26,
                14,
                41,
                52,
                54,
                71,
                43,
                10,
                73,
                74,
                5,
                77,
                60,
                64,
                44,
                69,
                29,
                8,
                96,
                90,
                3,
                58,
                68,
                2,
                55,
                46,
                87,
                17,
                47,
                49,
                12,
                78,
                92,
                56,
                0,
                42,
                70,
                84,
                65,
                37,
                79,
                7,
                9,
                22,
                94,
                48,
                53,
                88,
                50,
                61,
                34,
                45,
                72,
                32,
                35,
                6,
                38,
                95,
                85,
                23,
                76,
                19,
                97,
                91,
                40,
                89,
                36,
                33,
                66,
                75,
                51,
                31,
                99,
                57,
                20,
                67,
                1,
                39,
                83,
                80,
                18,
                4,
                81,
                59,
                25,
                21,
                16,
                30,
                27,
                82,
                11,
                98,
                86,
                24,
                63,
                93,
                13,
                28,
                15,
                62,
                26,
                14,
                41,
                52,
                54,
                71,
                43,
                10,
                73,
                74,
                5,
                77,
                60,
                64,
                44,
                69,
                29,
                8,
                96,
                90,
                3,
                58,
                68,
                2,
                55,
                46,
                87,
                17,
                47,
                49,
                12,
                78,
                92,
                56,
                0,
                42,
                70,
                84,
                65,
                37,
                79,
                7,
                9,
                22,
                94,
                48,
                53,
                88,
                50,
                61,
                34,
                45,
                72,
                32,
                35,
                6,
                38,
                95,
                85,
                23,
                76,
                19,
                97,
                91,
                40,
                89,
                36,
                33,
                66,
                75,
                51,
                31,
                99,
                57,
                20,
                39,
                1,
                67,
                83,
                80,
                18,
                4,
                81,
                59,
                25,
                21,
                16,
                30,
                27,
                82,
                11,
                98,
                86,
                24,
                63,
                93,
                13,
                28,
                15,
                62,
                26,
                14,
                41,
                52,
                54,
                71,
                43,
                10,
                73,
                74,
                5,
                77,
                60,
                64,
                44,
                69,
                29,
                8,
                96,
                90,
                3,
                58,
                68,
                2,
                55,
                46,
                87,
                17,
                47,
                49,
                12,
                78,
                92,
                56,
                0,
                42,
                70,
                84,
                65,
                37,
                79,
                7,
                9,
                22,
                94,
                48,
                53,
                50,
                88,
                61,
                34,
                45,
                72,
                32,
                35,
                6,
                38,
                95,
                85,
                23,
                76,
                19,
                97,
                91,
                40,
                89,
                36,
                33,
                66,
                75,
                51,
                31,
                99,
                57,
                20,
                39,
                1,
                67,
                83,
                80,
                18,
                4,
                81,
                59,
                25,
                21,
                16,
                30,
                27,
                82,
                11,
                98,
                86,
                24,
                63,
                93,
                13,
                28,
                15,
                62,
                26,
                14,
                41,
                52,
                54,
                71,
                43,
                10,
                73,
                74,
                5,
                77,
                60,
                64,
                44,
                69,
                29,
                8,
                96,
                90,
                3,
                58,
                68,
                2,
                55,
                46,
                87,
                17,
                47,
                49,
                12,
                78,
                92,
                56,
                0,
                42,
                70,
                84,
                65,
                37,
                79,
                7,
                9,
                22,
                94,
                48,
                53,
                50,
                88,
                61,
                34,
                45,
                72,
                32,
                35,
                6,
                38,
                95,
                85,
                23,
                76,
                19,
                97,
                91,
                40,
                89,
                36,
                33,
                66,
                75,
                51,
                31,
                99,
                57,
                20,
                39,
                1,
                67,
                83,
                80,
                18,
                4,
                81,
                59,
                25,
                21,
                16,
                30,
                27,
                82,
                11,
                98,
                86,
                24,
                63,
                93,
                13,
                28,
                15,
                62,
                26,
                14,
                41,
                52,
                54,
                71,
                43,
                10,
                73,
                74,
                5,
                77,
                60,
                64,
                44,
                69,
                29,
                8,
                96,
                90,
                3,
                58,
                68,
                2,
                55,
                46,
                87,
                17,
                47,
                49,
                12,
                78,
                92,
                56,
                0,
                42,
                70,
                84,
                65,
                37,
                79,
                7,
                9,
                22,
                94,
                48,
                53,
                50,
                88,
                61,
                34,
                45,
                72,
                32,
                35,
                6,
                38,
                95,
                85,
                23,
                76,
                19,
                97,
                91,
                40,
                89,
                36,
                33,
                66,
                75,
                51,
                31,
                99,
                57,
                20,
                39,
                1,
                67,
                83,
                80,
                18,
                4,
                81,
                59,
                25,
                21,
                16,
                30,
                27,
                82,
                11,
                98,
                86,
                24,
                63,
                93,
                13,
                28,
                15,
                62,
                26,
                14,
                41,
                52,
                54,
                71,
                43,
                10,
                73,
                74,
                5,
                77,
                60,
                64,
                44,
                69,
                29,
                8,
                96,
                90,
                3,
                58,
                68,
                2,
                55,
                46,
                87,
                17,
                47,
                49,
                12,
                78,
                92,
                56,
                0,
                42,
                70,
                84,
                65,
                37,
                79,
                7,
                9,
                22,
                94,
                48,
                53,
                50,
                88,
                61,
                34,
                45,
                72,
                32,
                35,
                6,
                38,
                95,
                85,
                23,
                76,
                19,
                97,
                91,
                40,
                89,
                36,
                33,
                66,
                75,
                51,
                31,
                99,
                57,
                20,
                39,
                1,
                67,
                83,
                80,
                18,
                4,
                81,
                59,
                25,
                21,
                16,
                30,
                27,
                82,
                11,
                98,
                86,
                24,
                63,
                93,
                13,
                28,
                15,
                62,
                26,
                14,
                41,
                52,
                54,
                71,
                43,
                10,
                73,
                74,
                5,
                77,
                60,
                64,
                44,
                69,
                29,
                8,
                96,
                90,
                3,
                58,
                68,
                2,
                55,
                46,
                87,
                17,
                47,
                49,
                12,
                78,
                92,
                56,
                0,
                42,
                70,
                84,
                65,
                37,
                79,
                7,
                9,
                22,
                94,
                48,
                53,
                50,
                88,
                61,
                34,
                45,
                72,
                32,
                35,
                6,
                38,
                95,
                85,
                23,
                76,
                19,
                97,
                91,
                40,
                89,
                36,
                33,
                66,
                75,
                51,
                31,
                99,
                57,
                20,
                39,
                1,
                67,
                83,
                80,
                18,
                4,
                81,
                59,
                25,
                21,
                16,
                30,
                27,
                82,
                11,
                98,
                86,
                24,
                63,
                93,
                28,
                13,
                15,
                62,
                26,
                14,
                41,
                52,
                54,
                71,
                43,
                10,
                73,
                74,
                5,
                77,
                60,
                64,
                44,
                69,
                29,
                8,
                96,
                90,
                3,
                58,
                68,
                2,
                55,
                46,
                87,
                17,
                47,
                49,
                12,
                78,
                92,
                56,
                0,
                42,
                70,
                84,
                65,
                37,
                79,
                7,
                9,
                22,
                94,
                48,
                53,
                50,
                88,
                61,
                34,
                45,
                72,
                32,
                35,
                6,
                38,
                95,
                85,
                23,
                76,
                19,
                97,
                91,
                40,
                89,
                36,
                33,
                66,
                51,
                75,
                31,
                99,
                57,
                20,
                39,
                1,
                67,
                83,
                80,
                18,
                4,
                81,
                59,
                25,
                21,
                16,
                30,
                27,
                82,
                11,
                98,
                86,
                24,
                63,
                93,
                28,
                13,
                15,
                62,
                26,
                14,
                41,
                52,
                54,
                71,
                43,
                10,
                73,
                74,
                5,
                77,
                60,
                64,
                44,
                69,
                29,
                8,
                96,
                90,
                3,
                58,
                68,
                2,
                55,
                46,
                87,
                17,
                47,
                49,
                12,
                78,
                92,
                56,
                0,
                42,
                70,
                84,
                65,
                37,
                79,
                7,
                9,
                22,
                94,
                48,
                53,
                50,
                88,
                61,
                34,
                45,
                72,
                32,
                35,
                6,
                38,
                95,
                85,
                23,
                76,
                19,
                97,
                91,
                40,
                89,
                36,
                33,
                66,
                51,
                31,
                75,
                99,
                57,
                20,
                39,
                1,
                67,
                83,
                80,
                18,
                4,
                81,
                59,
                25,
                21,
                16,
                30,
                27,
                82,
                11,
                98,
                86,
                24,
                63,
                93,
                28,
                13,
                15,
                62,
                26,
                14,
                41,
                52,
                54,
                71,
                43,
                10,
                73,
                74,
                5,
                77,
                60,
                64,
                44,
                69,
                29,
                8,
                96,
                90,
                3,
                58,
                68,
                2,
                55,
                46,
                87,
                17,
                47,
                49,
                12,
                78,
                92,
                56,
                0,
                42,
                70,
                84,
                65,
                37,
                79,
                7,
                9,
                22,
                94,
                48,
                53,
                50,
                88,
                61,
                34,
                45,
                72,
                32,
                35,
                6,
                38,
                95,
                85,
                23,
                76,
                19,
                97,
                91,
                40,
                89,
                36,
                33,
                66,
                51,
                31,
                75,
                99,
                57,
                20,
                39,
                1,
                67,
                83,
                80,
                18,
                4,
                81,
                59,
                25,
                21,
                16,
                30,
                27,
                82,
                11,
                98,
                86,
                24,
                63,
                93,
                28,
                13,
                15,
                62,
                26,
                14,
                41,
                52,
                54,
                71,
                43,
                10,
                73,
                74,
                5,
                77,
                60,
                64,
                44,
                69,
                29,
                8,
                96,
                90,
                3,
                58,
                68,
                2,
                55,
                46,
                87,
                17,
                47,
                49,
                12,
                78,
                92,
                56,
                0,
                42,
                70,
                84,
                65,
                37,
                79,
                7,
                9,
                94,
                22,
                48,
                53,
                50,
                88,
                61,
                34,
                45,
                72,
                32,
                35,
                6,
                38,
                95,
                85,
                23,
                76,
                19,
                97,
                91,
                40,
                89,
                36,
                33,
                66,
                51,
                31,
                75,
                99,
                57,
                20,
                39,
                1,
                67,
                83,
                80,
                18,
                4,
                81,
                59,
                25,
                21,
                16,
                30,
                27,
                82,
                11,
                98,
                86,
                24,
                63,
                93,
                28,
                13,
                15,
                62,
                26,
                14,
                41,
                52,
                54,
                71,
                43,
                10,
                73,
                74,
                60,
                77,
                64,
                5,
                44,
                69,
                29,
                8,
                96,
                90,
                3,
                58,
                68,
                2,
                55,
                46,
                87,
                17,
                47,
                49,
                12,
                78,
                92,
                56,
                0,
                42,
                70,
                84,
                65,
                37,
                79,
                7,
                9,
                94,
                22,
                48,
                53,
                50,
                88,
                61,
                34,
                45,
                72,
                32,
                6,
                35,
                38,
                95,
                85,
                23,
                76,
                19,
                97,
                91,
                40,
                89,
                36,
                33,
                66,
                51,
                31,
                75,
                99,
                57,
                20,
                39,
                1,
                67,
                83,
                80,
                18,
                4,
                81,
                59,
                25,
                21,
                16,
                30,
                27,
                82,
                11,
                98,
                86,
                24,
                63,
                93,
                28,
                13,
                15,
                62,
                26,
                14,
                41,
                52,
                54,
                71,
                43,
                10,
                73,
                74,
                60,
                77,
                64,
                5,
                44,
                69,
                29,
                8,
                96,
                90,
                3,
                58,
                68,
                2,
                55,
                46,
                87,
                17,
                47,
                49,
                12,
                78,
                92,
                56,
                0,
                42,
                70,
                84,
                65,
                37,
                79,
                7,
                9,
                94,
                22,
                48,
                53,
                50,
                88,
                61,
                34,
                45,
                72,
                32,
                6,
                35,
                38,
                95,
                85,
                23,
                76,
                19,
                97,
                91,
                40,
                89,
                36,
                33,
                66,
                51,
                31,
                75,
                99,
                57,
                20,
                39,
                1,
                67,
                83,
                80,
                18,
                4,
                81,
                59,
                25,
                21,
                16,
                30,
                27,
                82,
                11,
                98,
                86,
                24,
                63,
                93,
                28,
                13,
                15,
                62,
                26,
                14,
                41,
                52,
                54,
                71,
                43,
                10,
                73,
                74,
                60,
                77,
                64,
                5,
                44,
                69,
                29,
                8,
                96,
                90,
                3,
                58,
                68,
                2,
                55,
                46,
                87,
                17,
                47,
                49,
                12,
                78,
                92,
                56,
                0,
                42,
                70,
                84,
                65,
                37,
                79,
                7,
                9,
                94,
                22,
                48,
                53,
                50,
                88,
                61,
                34,
                45,
                72,
                32,
                6,
                35,
                38,
                95,
                85,
                23,
                76,
                19,
                97,
                91,
                40,
                89,
                36,
                33,
                66,
                51,
                31,
                75,
                99,
                57,
                20,
                39,
                1,
                67,
                83,
                80,
                18,
                4,
                81,
                59,
                25,
                21,
                16,
                30,
                27,
                82,
                11,
                98,
                86,
                24,
                63,
                93,
                28,
                13,
                15,
                62,
                26,
                14,
                41,
                52,
                54,
                71,
                43,
                10,
                73,
                74,
                60,
                77,
                64,
                5,
                44,
                69,
                29,
                8,
                96,
                90,
                3,
                58,
                68,
                2,
                55,
                46,
                87,
                17,
                47,
                49,
                12,
                78,
                92,
                56,
                0,
                42,
                70,
                84,
                65,
                37,
                79,
                7,
                9,
                94,
                22,
                48,
                53,
                50,
                88,
                61,
                34,
                45,
                72,
                32,
                6,
                35,
                38,
                95,
                85,
                23,
                76,
                19,
                97,
                91,
                40,
                89,
                36,
                33,
                66,
                51,
                31,
                75,
                99,
                57,
                20,
                39,
                1,
                67,
                83,
                80,
                18,
                4,
                81,
                59,
                25,
                21,
                16,
                30,
                27,
                82,
                11,
                98,
                86,
                24,
                63,
                93,
                28,
                13,
                15,
                62,
                26,
                14,
                41,
                52,
                54,
                71,
                43,
                10,
                73,
                74,
                60,
                77,
                64,
                5,
                44,
                69,
                29,
                8,
                96,
                90,
                3,
                58,
                68,
                2,
                55,
                46,
                87,
                17,
                47,
                49,
                12,
                78,
                92,
                56,
                0,
                42,
                70,
                84,
                65,
                79,
                37,
                7,
                9,
                94,
                22,
                48,
                53,
                50,
                88,
                61,
                34,
                45,
                72,
                32,
                35,
                38,
                95,
                85,
                23,
                76,
                19,
                97,
                91,
                40,
                89,
                36,
                33,
                66,
                51,
                31,
                75,
                99,
                57,
                20,
                39,
                1,
                67,
                83,
                80,
                18,
                4,
                81,
                59,
                25,
                21,
                16,
                30,
                27,
                82,
                11,
                98,
                86,
                24,
                63,
                93,
                28,
                13,
                15,
                62,
                26,
                14,
                41,
                52,
                54,
                71,
                43,
                10,
                73,
                74,
                60,
                77,
                64,
                5,
                44,
                69,
                29,
                8,
                96,
                90,
                3,
                58,
                68,
                2,
                55,
                46,
                87,
                17,
                47,
                49,
                12,
                78,
                92,
                56,
                0,
                42,
                70,
                84,
                65,
                79,
                37,
                7,
                9,
                94,
                22,
                48,
                53,
                50,
                88,
                61,
                34,
                45,
                72,
                32,
                6
            ]
        }
    },
    "steps": {
        "0": 6552,
        "122": 6505,
        "153": 6490,
        "1697": 6425,
        "183": 6488,
        "213": 6475,
        "214": 6463,
        "244": 6452,
        "274": 6444,
        "275": 6443,
        "31": 6538,
        "488": 6442,
        "518": 6439,
        "579": 6437,
        "61": 6528,
        "726": 6435,
        "741": 6432,
        "912": 6428,
        "92": 6519
    },
    "timeout": 1800
}