{
    "config": {
        "allow_infeasible": true,
        "construction": "random_replicate",
        "ils_k": 6,
        "local_search": "CVND",
        "metaheuristic": "ILS",
        "num_threads": 8,
        "operators": [
            "insert_1",
            "remove_1",
            "two_opt",
            "exchange_ids",
            "exchange_1_2",
            "exchange_2_2",
            "exchange_3_3",
            "exchange_3_4",
            "exchange_4_4",
            "rexchange_2_2",
            "rexchange_2_3",
            "rexchange_4_4",
            "centered_exchange_1",
            "relocate_1",
            "relocate_5",
            "rrelocate_3",
            "rrelocate_4",
            "move_all_by_1",
            "move_all_by_2"
        ],
        "perturbation": [
            "random_double_bridge"
        ],
        "timeout": 600
    },
    "histogram": {
        "all": {
            "centered_exchange_1": 127,
            "exchange_1_2": 131,
            "exchange_2_2": 128,
            "exchange_3_3": 128,
            "exchange_3_4": 127,
            "exchange_4_4": 127,
            "exchange_ids": 132,
            "insert_1": 137,
            "move_all_by_1": 107,
            "move_all_by_2": 102,
            "relocate_1": 110,
            "relocate_5": 110,
            "remove_1": 137,
            "rexchange_2_2": 127,
            "rexchange_2_3": 127,
            "rexchange_4_4": 127,
            "rrelocate_3": 109,
            "rrelocate_4": 108,
            "two_opt": 133
        },
        "improving": {
            "centered_exchange_1": 18,
            "exchange_1_2": 61,
            "exchange_2_2": 43,
            "exchange_3_3": 38,
            "exchange_3_4": 34,
            "exchange_4_4": 25,
            "exchange_ids": 53,
            "insert_1": 0,
            "move_all_by_1": 25,
            "move_all_by_2": 25,
            "relocate_1": 87,
            "relocate_5": 53,
            "remove_1": 0,
            "rexchange_2_2": 26,
            "rexchange_2_3": 17,
            "rexchange_4_4": 3,
            "rrelocate_3": 34,
            "rrelocate_4": 16,
            "two_opt": 43
        },
        "rate": {
            "centered_exchange_1": 0.14173229038715363,
            "exchange_1_2": 0.4656488597393036,
            "exchange_2_2": 0.3359375,
            "exchange_3_3": 0.296875,
            "exchange_3_4": 0.26771652698516846,
            "exchange_4_4": 0.19685038924217224,
            "exchange_ids": 0.4015151560306549,
            "insert_1": 0.0,
            "move_all_by_1": 0.23364485800266266,
            "move_all_by_2": 0.2450980395078659,
            "relocate_1": 0.7909091114997864,
            "relocate_5": 0.48181816935539246,
            "remove_1": 0.0,
            "rexchange_2_2": 0.20472441613674164,
            "rexchange_2_3": 0.13385826349258423,
            "rexchange_4_4": 0.023622047156095505,
            "rrelocate_3": 0.31192660331726074,
            "rrelocate_4": 0.14814814925193787,
            "two_opt": 0.3233082592487335
        }
    },
    "last_improvement": 526,
    "name": "berlin52",
    "solution": {
        "fitness": 13325,
        "is_feasible": true,
        "permutation": [
            26,
            10,
            11,
            24,
            5,
            3,
            23,
            39,
            47,
            33,
            34,
            43,
            2,
            17,
            31,
            16,
            7,
            8,
            18,
            48,
            35,
            14,
            4,
            42,
            32,
            50,
            46,
            12,
            13,
            51,
            25,
            49,
            22,
            15,
            45,
            37,
            36,
            38,
            44,
            9,
            40,
            30,
            21,
            0,
            19,
            29,
            41,
            6,
            1,
            20,
            28,
            27
        ],
        "permutation_orig_ids": [
            "27",
            "11",
            "12",
            "25",
            "6",
            "4",
            "24",
            "40",
            "48",
            "34",
            "35",
            "44",
            "3",
            "18",
            "32",
            "17",
            "8",
            "9",
            "19",
            "49",
            "36",
            "15",
            "5",
            "43",
            "33",
            "51",
            "47",
            "13",
            "14",
            "52",
            "26",
            "50",
            "23",
            "16",
            "46",
            "38",
            "37",
            "39",
            "45",
            "10",
            "41",
            "31",
            "22",
            "1",
            "20",
            "30",
            "42",
            "7",
            "2",
            "21",
            "29",
            "28"
        ],
        "walk_orig_ids": [
            "27",
            "11",
            "28",
            "12",
            "25",
            "6",
            "5",
            "4",
            "24",
            "37",
            "40",
            "48",
            "36",
            "34",
            "35",
            "44",
            "22",
            "3",
            "18",
            "32",
            "17",
            "8",
            "9",
            "19",
            "49",
            "36",
            "37",
            "15",
            "5",
            "43",
            "33",
            "51",
            "26",
            "47",
            "13",
            "14",
            "52",
            "26",
            "50",
            "23",
            "16",
            "46",
            "38",
            "37",
            "39",
            "45",
            "10",
            "41",
            "31",
            "22",
            "1",
            "20",
            "30",
            "42",
            "2",
            "7",
            "2",
            "21",
            "29",
            "28"
        ],
        "walk_processing": [
            true,
            true,
            false,
            true,
            true,
            true,
            false,
            true,
            true,
            false,
            true,
            true,
            false,
            true,
            true,
            true,
            false,
            true,
            true,
            true,
            true,
            true,
            true,
            true,
            true,
            true,
            false,
            true,
            true,
            true,
            true,
            true,
            false,
            true,
            true,
            true,
            true,
            true,
            true,
            true,
            true,
            true,
            true,
            true,
            true,
            true,
            true,
            true,
            true,
            true,
            true,
            true,
            true,
            true,
            false,
            true,
            true,
            true,
            true,
            true
        ]
    },
    "steps": {
        "0": 28522,
        "1": 25968,
        "10": 15299,
        "101": 13853,
        "103": 13794,
        "104": 13671,
        "105": 13641,
        "106": 13557,
        "11": 15183,
        "110": 13508,
        "13": 14885,
        "14": 14665,
        "15": 14379,
        "18": 14185,
        "2": 22796,
        "23": 14095,
        "231": 13440,
        "28": 13965,
        "3": 20759,
        "4": 19160,
        "5": 18189,
        "513": 13435,
        "516": 13397,
        "517": 13389,
        "518": 13383,
        "521": 13347,
        "523": 13326,
        "526": 13325,
        "6": 17118,
        "7": 16756,
        "8": 15899,
        "82": 13962,
        "83": 13950,
        "9": 15498
    },
    "timeout": 600
}