{
    "config": {
        "allow_infeasible": true,
        "construction": "random_replicate",
        "ils_k": 6,
        "local_search": "CVND",
        "metaheuristic": "ILS",
        "num_threads": 8,
        "operators": [
            "insert_1",
            "remove_1",
            "two_opt",
            "exchange_ids",
            "exchange_1_2",
            "exchange_2_2",
            "exchange_3_3",
            "exchange_3_4",
            "exchange_4_4",
            "rexchange_2_2",
            "rexchange_2_3",
            "rexchange_4_4",
            "centered_exchange_1",
            "relocate_1",
            "relocate_5",
            "rrelocate_3",
            "rrelocate_4",
            "move_all_by_1",
            "move_all_by_2"
        ],
        "perturbation": [
            "random_double_bridge"
        ],
        "stop_on_feasible": true,
        "timeout": 3
    },
    "histogram": {
        "all": {
            "centered_exchange_1": 538,
            "exchange_1_2": 613,
            "exchange_2_2": 610,
            "exchange_3_3": 608,
            "exchange_3_4": 596,
            "exchange_4_4": 590,
            "exchange_ids": 628,
            "insert_1": 778,
            "move_all_by_1": 427,
            "move_all_by_2": 427,
            "relocate_1": 511,
            "relocate_5": 490,
            "remove_1": 778,
            "rexchange_2_2": 571,
            "rexchange_2_3": 558,
            "rexchange_4_4": 548,
            "rrelocate_3": 461,
            "rrelocate_4": 428,
            "two_opt": 690
        },
        "improving": {
            "centered_exchange_1": 28,
            "exchange_1_2": 146,
            "exchange_2_2": 64,
            "exchange_3_3": 58,
            "exchange_3_4": 81,
            "exchange_4_4": 31,
            "exchange_ids": 231,
            "insert_1": 0,
            "move_all_by_1": 1,
            "move_all_by_2": 0,
            "relocate_1": 76,
            "relocate_5": 53,
            "remove_1": 0,
            "rexchange_2_2": 87,
            "rexchange_2_3": 59,
            "rexchange_4_4": 41,
            "rrelocate_3": 67,
            "rrelocate_4": 45,
            "two_opt": 374
        },
        "rate": {
            "centered_exchange_1": 0.05204461142420769,
            "exchange_1_2": 0.23817291855812073,
            "exchange_2_2": 0.10491803288459778,
            "exchange_3_3": 0.09539473801851273,
            "exchange_3_4": 0.13590604066848755,
            "exchange_4_4": 0.05254237353801727,
            "exchange_ids": 0.3678343892097473,
            "insert_1": 0.0,
            "move_all_by_1": 0.0023419202771037817,
            "move_all_by_2": 0.0,
            "relocate_1": 0.14872798323631287,
            "relocate_5": 0.1081632673740387,
            "remove_1": 0.0,
            "rexchange_2_2": 0.15236426889896393,
            "rexchange_2_3": 0.10573476552963257,
            "rexchange_4_4": 0.07481751590967178,
            "rrelocate_3": 0.14533622562885284,
            "rrelocate_4": 0.10514018684625626,
            "two_opt": 0.5420289635658264
        }
    },
    "last_improvement": 0,
    "name": "random_tsp-24-2.67-28",
    "solution": {
        "fitness": 6000760,
        "is_feasible": false,
        "permutation": [
            9,
            3,
            22,
            19,
            12,
            0,
            15,
            2,
            4,
            17,
            13,
            10,
            14,
            20,
            21,
            7,
            6,
            16,
            1,
            23,
            5,
            18,
            11,
            8
        ],
        "permutation_orig_ids": [
            "10",
            "4",
            "23",
            "20",
            "13",
            "1",
            "16",
            "3",
            "5",
            "18",
            "14",
            "11",
            "15",
            "21",
            "22",
            "8",
            "7",
            "17",
            "2",
            "24",
            "6",
            "19",
            "12",
            "9"
        ]
    },
    "steps": {
        "0": 6000760
    },
    "timeout": 3
}