{
    "config": {
        "allow_infeasible": true,
        "construction": "random_replicate",
        "ils_k": 6,
        "local_search": "CVND",
        "metaheuristic": "ILS",
        "num_threads": 8,
        "operators": [
            "insert_1",
            "remove_1",
            "two_opt",
            "exchange_ids",
            "exchange_1_2",
            "exchange_2_2",
            "exchange_3_3",
            "exchange_3_4",
            "exchange_4_4",
            "rexchange_2_2",
            "rexchange_2_3",
            "rexchange_4_4",
            "centered_exchange_1",
            "relocate_1",
            "relocate_5",
            "rrelocate_3",
            "rrelocate_4",
            "move_all_by_1",
            "move_all_by_2"
        ],
        "perturbation": [
            "random_double_bridge"
        ],
        "stop_on_feasible": true,
        "timeout": 3
    },
    "histogram": {
        "all": {
            "centered_exchange_1": 520,
            "exchange_1_2": 521,
            "exchange_2_2": 520,
            "exchange_3_3": 520,
            "exchange_3_4": 520,
            "exchange_4_4": 520,
            "exchange_ids": 523,
            "insert_1": 687,
            "move_all_by_1": 520,
            "move_all_by_2": 519,
            "relocate_1": 520,
            "relocate_5": 520,
            "remove_1": 687,
            "rexchange_2_2": 520,
            "rexchange_2_3": 520,
            "rexchange_4_4": 520,
            "rrelocate_3": 520,
            "rrelocate_4": 520,
            "two_opt": 552
        },
        "improving": {
            "centered_exchange_1": 0,
            "exchange_1_2": 3,
            "exchange_2_2": 1,
            "exchange_3_3": 0,
            "exchange_3_4": 0,
            "exchange_4_4": 0,
            "exchange_ids": 31,
            "insert_1": 0,
            "move_all_by_1": 0,
            "move_all_by_2": 0,
            "relocate_1": 0,
            "relocate_5": 0,
            "remove_1": 0,
            "rexchange_2_2": 0,
            "rexchange_2_3": 0,
            "rexchange_4_4": 0,
            "rrelocate_3": 0,
            "rrelocate_4": 0,
            "two_opt": 167
        },
        "rate": {
            "centered_exchange_1": 0.0,
            "exchange_1_2": 0.005758157465606928,
            "exchange_2_2": 0.001923076924867928,
            "exchange_3_3": 0.0,
            "exchange_3_4": 0.0,
            "exchange_4_4": 0.0,
            "exchange_ids": 0.05927342176437378,
            "insert_1": 0.0,
            "move_all_by_1": 0.0,
            "move_all_by_2": 0.0,
            "relocate_1": 0.0,
            "relocate_5": 0.0,
            "remove_1": 0.0,
            "rexchange_2_2": 0.0,
            "rexchange_2_3": 0.0,
            "rexchange_4_4": 0.0,
            "rrelocate_3": 0.0,
            "rrelocate_4": 0.0,
            "two_opt": 0.3025362193584442
        }
    },
    "last_improvement": 0,
    "name": "random_tsp-24-0.33-63",
    "solution": {
        "fitness": 20000159,
        "is_feasible": false,
        "permutation": [
            12,
            9,
            1,
            22,
            14,
            5,
            15,
            6,
            21,
            23,
            11,
            8,
            17,
            7,
            3,
            10,
            18,
            16,
            2,
            4,
            0,
            19,
            20,
            13
        ],
        "permutation_orig_ids": [
            "13",
            "10",
            "2",
            "23",
            "15",
            "6",
            "16",
            "7",
            "22",
            "24",
            "12",
            "9",
            "18",
            "8",
            "4",
            "11",
            "19",
            "17",
            "3",
            "5",
            "1",
            "20",
            "21",
            "14"
        ]
    },
    "steps": {
        "0": 20000159
    },
    "timeout": 3
}