{
    "config": {
        "allow_infeasible": true,
        "construction": "random_replicate",
        "ils_k": 6,
        "local_search": "CVND",
        "metaheuristic": "ILS",
        "num_threads": 8,
        "operators": [
            "insert_1",
            "remove_1",
            "two_opt",
            "exchange_ids",
            "exchange_1_2",
            "exchange_2_2",
            "exchange_3_3",
            "exchange_3_4",
            "exchange_4_4",
            "rexchange_2_2",
            "rexchange_2_3",
            "rexchange_4_4",
            "centered_exchange_1",
            "relocate_1",
            "relocate_5",
            "rrelocate_3",
            "rrelocate_4",
            "move_all_by_1",
            "move_all_by_2"
        ],
        "perturbation": [
            "random_double_bridge"
        ],
        "stop_on_feasible": true,
        "timeout": 3
    },
    "histogram": {
        "all": {
            "centered_exchange_1": 568,
            "exchange_1_2": 611,
            "exchange_2_2": 611,
            "exchange_3_3": 610,
            "exchange_3_4": 607,
            "exchange_4_4": 607,
            "exchange_ids": 611,
            "insert_1": 783,
            "move_all_by_1": 464,
            "move_all_by_2": 461,
            "relocate_1": 522,
            "relocate_5": 516,
            "remove_1": 783,
            "rexchange_2_2": 592,
            "rexchange_2_3": 589,
            "rexchange_4_4": 575,
            "rrelocate_3": 484,
            "rrelocate_4": 468,
            "two_opt": 653
        },
        "improving": {
            "centered_exchange_1": 26,
            "exchange_1_2": 107,
            "exchange_2_2": 33,
            "exchange_3_3": 38,
            "exchange_3_4": 50,
            "exchange_4_4": 19,
            "exchange_ids": 212,
            "insert_1": 0,
            "move_all_by_1": 7,
            "move_all_by_2": 2,
            "relocate_1": 105,
            "relocate_5": 42,
            "remove_1": 0,
            "rexchange_2_2": 109,
            "rexchange_2_3": 74,
            "rexchange_4_4": 85,
            "rrelocate_3": 81,
            "rrelocate_4": 54,
            "two_opt": 425
        },
        "rate": {
            "centered_exchange_1": 0.04577464610338211,
            "exchange_1_2": 0.17512275278568268,
            "exchange_2_2": 0.0540098212659359,
            "exchange_3_3": 0.062295082956552505,
            "exchange_3_4": 0.08237232267856598,
            "exchange_4_4": 0.031301483511924744,
            "exchange_ids": 0.34697216749191284,
            "insert_1": 0.0,
            "move_all_by_1": 0.01508620660752058,
            "move_all_by_2": 0.004338394850492477,
            "relocate_1": 0.20114941895008087,
            "relocate_5": 0.08139535039663315,
            "remove_1": 0.0,
            "rexchange_2_2": 0.18412162363529205,
            "rexchange_2_3": 0.12563666701316833,
            "rexchange_4_4": 0.14782609045505524,
            "rrelocate_3": 0.16735537350177765,
            "rrelocate_4": 0.11538461595773697,
            "two_opt": 0.6508422493934631
        }
    },
    "last_improvement": 1,
    "name": "random_tsp-24-3.33-58",
    "solution": {
        "fitness": 1001330,
        "is_feasible": false,
        "permutation": [
            14,
            12,
            15,
            3,
            13,
            10,
            0,
            5,
            17,
            6,
            20,
            21,
            2,
            8,
            4,
            1,
            22,
            23,
            7,
            11,
            9,
            19,
            18,
            16
        ],
        "permutation_orig_ids": [
            "15",
            "13",
            "16",
            "4",
            "14",
            "11",
            "1",
            "6",
            "18",
            "7",
            "21",
            "22",
            "3",
            "9",
            "5",
            "2",
            "23",
            "24",
            "8",
            "12",
            "10",
            "20",
            "19",
            "17"
        ]
    },
    "steps": {
        "0": 1001335,
        "1": 1001330
    },
    "timeout": 3
}