{
    "config": {
        "allow_infeasible": true,
        "construction": "random_replicate",
        "ils_k": 6,
        "local_search": "CVND",
        "metaheuristic": "ILS",
        "num_threads": 8,
        "operators": [
            "insert_1",
            "remove_1",
            "two_opt",
            "exchange_ids",
            "exchange_1_2",
            "exchange_2_2",
            "exchange_3_3",
            "exchange_3_4",
            "exchange_4_4",
            "rexchange_2_2",
            "rexchange_2_3",
            "rexchange_4_4",
            "centered_exchange_1",
            "relocate_1",
            "relocate_5",
            "rrelocate_3",
            "rrelocate_4",
            "move_all_by_1",
            "move_all_by_2"
        ],
        "perturbation": [
            "random_double_bridge"
        ],
        "stop_on_feasible": true,
        "timeout": 3
    },
    "histogram": {
        "all": {
            "centered_exchange_1": 615,
            "exchange_1_2": 680,
            "exchange_2_2": 677,
            "exchange_3_3": 676,
            "exchange_3_4": 668,
            "exchange_4_4": 662,
            "exchange_ids": 680,
            "insert_1": 839,
            "move_all_by_1": 496,
            "move_all_by_2": 496,
            "relocate_1": 573,
            "relocate_5": 566,
            "remove_1": 839,
            "rexchange_2_2": 645,
            "rexchange_2_3": 622,
            "rexchange_4_4": 620,
            "rrelocate_3": 525,
            "rrelocate_4": 499,
            "two_opt": 724
        },
        "improving": {
            "centered_exchange_1": 43,
            "exchange_1_2": 120,
            "exchange_2_2": 55,
            "exchange_3_3": 42,
            "exchange_3_4": 71,
            "exchange_4_4": 26,
            "exchange_ids": 249,
            "insert_1": 0,
            "move_all_by_1": 11,
            "move_all_by_2": 2,
            "relocate_1": 120,
            "relocate_5": 54,
            "remove_1": 0,
            "rexchange_2_2": 125,
            "rexchange_2_3": 82,
            "rexchange_4_4": 48,
            "rrelocate_3": 102,
            "rrelocate_4": 65,
            "two_opt": 437
        },
        "rate": {
            "centered_exchange_1": 0.06991869956254959,
            "exchange_1_2": 0.1764705926179886,
            "exchange_2_2": 0.08124076575040817,
            "exchange_3_3": 0.06213017925620079,
            "exchange_3_4": 0.10628742724657059,
            "exchange_4_4": 0.039274923503398895,
            "exchange_ids": 0.36617645621299744,
            "insert_1": 0.0,
            "move_all_by_1": 0.02217741869390011,
            "move_all_by_2": 0.004032257944345474,
            "relocate_1": 0.20942407846450806,
            "relocate_5": 0.09540636092424393,
            "remove_1": 0.0,
            "rexchange_2_2": 0.19379845261573792,
            "rexchange_2_3": 0.1318327933549881,
            "rexchange_4_4": 0.07741935551166534,
            "rrelocate_3": 0.19428572058677673,
            "rrelocate_4": 0.13026052713394165,
            "two_opt": 0.6035911440849304
        }
    },
    "last_improvement": 0,
    "name": "random_tsp-24-5.00-6",
    "solution": {
        "fitness": 2001046,
        "is_feasible": false,
        "permutation": [
            18,
            19,
            5,
            21,
            23,
            7,
            20,
            14,
            9,
            0,
            8,
            2,
            10,
            12,
            17,
            15,
            6,
            4,
            22,
            11,
            3,
            13,
            1,
            16
        ],
        "permutation_orig_ids": [
            "19",
            "20",
            "6",
            "22",
            "24",
            "8",
            "21",
            "15",
            "10",
            "1",
            "9",
            "3",
            "11",
            "13",
            "18",
            "16",
            "7",
            "5",
            "23",
            "12",
            "4",
            "14",
            "2",
            "17"
        ]
    },
    "steps": {
        "0": 2001046
    },
    "timeout": 3
}