{
    "config": {
        "allow_infeasible": true,
        "construction": "random_replicate",
        "ils_k": 6,
        "local_search": "CVND",
        "metaheuristic": "ILS",
        "num_threads": 8,
        "operators": [
            "insert_1",
            "remove_1",
            "two_opt",
            "exchange_ids",
            "exchange_1_2",
            "exchange_2_2",
            "exchange_3_3",
            "exchange_3_4",
            "exchange_4_4",
            "rexchange_2_2",
            "rexchange_2_3",
            "rexchange_4_4",
            "centered_exchange_1",
            "relocate_1",
            "relocate_5",
            "rrelocate_3",
            "rrelocate_4",
            "move_all_by_1",
            "move_all_by_2"
        ],
        "perturbation": [
            "random_double_bridge"
        ],
        "stop_on_feasible": true,
        "timeout": 3
    },
    "histogram": {
        "all": {
            "centered_exchange_1": 506,
            "exchange_1_2": 545,
            "exchange_2_2": 537,
            "exchange_3_3": 527,
            "exchange_3_4": 524,
            "exchange_4_4": 523,
            "exchange_ids": 574,
            "insert_1": 791,
            "move_all_by_1": 502,
            "move_all_by_2": 502,
            "relocate_1": 505,
            "relocate_5": 503,
            "remove_1": 791,
            "rexchange_2_2": 514,
            "rexchange_2_3": 508,
            "rexchange_4_4": 507,
            "rrelocate_3": 502,
            "rrelocate_4": 502,
            "two_opt": 632
        },
        "improving": {
            "centered_exchange_1": 1,
            "exchange_1_2": 45,
            "exchange_2_2": 17,
            "exchange_3_3": 15,
            "exchange_3_4": 3,
            "exchange_4_4": 1,
            "exchange_ids": 101,
            "insert_1": 0,
            "move_all_by_1": 0,
            "move_all_by_2": 0,
            "relocate_1": 1,
            "relocate_5": 3,
            "remove_1": 0,
            "rexchange_2_2": 11,
            "rexchange_2_3": 9,
            "rexchange_4_4": 2,
            "rrelocate_3": 1,
            "rrelocate_4": 0,
            "two_opt": 282
        },
        "rate": {
            "centered_exchange_1": 0.0019762846641242504,
            "exchange_1_2": 0.08256880939006805,
            "exchange_2_2": 0.03165735676884651,
            "exchange_3_3": 0.028462998569011688,
            "exchange_3_4": 0.0057251909747719765,
            "exchange_4_4": 0.001912045874632895,
            "exchange_ids": 0.17595818638801575,
            "insert_1": 0.0,
            "move_all_by_1": 0.0,
            "move_all_by_2": 0.0,
            "relocate_1": 0.0019801980815827847,
            "relocate_5": 0.005964214913547039,
            "remove_1": 0.0,
            "rexchange_2_2": 0.021400777623057365,
            "rexchange_2_3": 0.017716536298394203,
            "rexchange_4_4": 0.003944773226976395,
            "rrelocate_3": 0.0019920319318771362,
            "rrelocate_4": 0.0,
            "two_opt": 0.4462025463581085
        }
    },
    "last_improvement": 0,
    "name": "random_tsp-24-0.75-94",
    "solution": {
        "fitness": 16000351,
        "is_feasible": false,
        "permutation": [
            14,
            1,
            22,
            20,
            21,
            11,
            7,
            15,
            18,
            6,
            12,
            3,
            13,
            2,
            10,
            5,
            19,
            23,
            16,
            0,
            8,
            9,
            17,
            4
        ],
        "permutation_orig_ids": [
            "15",
            "2",
            "23",
            "21",
            "22",
            "12",
            "8",
            "16",
            "19",
            "7",
            "13",
            "4",
            "14",
            "3",
            "11",
            "6",
            "20",
            "24",
            "17",
            "1",
            "9",
            "10",
            "18",
            "5"
        ]
    },
    "steps": {
        "0": 16000351
    },
    "timeout": 3
}