{
    "config": {
        "allow_infeasible": true,
        "construction": "random_replicate",
        "ils_k": 6,
        "local_search": "CVND",
        "metaheuristic": "ILS",
        "num_threads": 8,
        "operators": [
            "insert_1",
            "remove_1",
            "two_opt",
            "exchange_ids",
            "exchange_1_2",
            "exchange_2_2",
            "exchange_3_3",
            "exchange_3_4",
            "exchange_4_4",
            "rexchange_2_2",
            "rexchange_2_3",
            "rexchange_4_4",
            "centered_exchange_1",
            "relocate_1",
            "relocate_5",
            "rrelocate_3",
            "rrelocate_4",
            "move_all_by_1",
            "move_all_by_2"
        ],
        "perturbation": [
            "random_double_bridge"
        ],
        "stop_on_feasible": true,
        "timeout": 3
    },
    "histogram": {
        "all": {
            "centered_exchange_1": 624,
            "exchange_1_2": 716,
            "exchange_2_2": 716,
            "exchange_3_3": 714,
            "exchange_3_4": 709,
            "exchange_4_4": 709,
            "exchange_ids": 717,
            "insert_1": 879,
            "move_all_by_1": 526,
            "move_all_by_2": 526,
            "relocate_1": 618,
            "relocate_5": 601,
            "remove_1": 879,
            "rexchange_2_2": 683,
            "rexchange_2_3": 654,
            "rexchange_4_4": 637,
            "rrelocate_3": 567,
            "rrelocate_4": 527,
            "two_opt": 757
        },
        "improving": {
            "centered_exchange_1": 28,
            "exchange_1_2": 109,
            "exchange_2_2": 55,
            "exchange_3_3": 41,
            "exchange_3_4": 66,
            "exchange_4_4": 23,
            "exchange_ids": 238,
            "insert_1": 0,
            "move_all_by_1": 6,
            "move_all_by_2": 2,
            "relocate_1": 75,
            "relocate_5": 81,
            "remove_1": 0,
            "rexchange_2_2": 131,
            "rexchange_2_3": 112,
            "rexchange_4_4": 74,
            "rrelocate_3": 97,
            "rrelocate_4": 92,
            "two_opt": 460
        },
        "rate": {
            "centered_exchange_1": 0.044871795922517776,
            "exchange_1_2": 0.15223464369773865,
            "exchange_2_2": 0.0768156424164772,
            "exchange_3_3": 0.05742296949028969,
            "exchange_3_4": 0.09308885782957077,
            "exchange_4_4": 0.032440055161714554,
            "exchange_ids": 0.33193862438201904,
            "insert_1": 0.0,
            "move_all_by_1": 0.011406844481825829,
            "move_all_by_2": 0.0038022813387215137,
            "relocate_1": 0.12135922163724899,
            "relocate_5": 0.13477537035942078,
            "remove_1": 0.0,
            "rexchange_2_2": 0.19180087745189667,
            "rexchange_2_3": 0.17125381529331207,
            "rexchange_4_4": 0.11616954207420349,
            "rrelocate_3": 0.17107583582401276,
            "rrelocate_4": 0.17457304894924164,
            "two_opt": 0.6076618432998657
        }
    },
    "last_improvement": 0,
    "name": "random_tsp-24-5.50-52",
    "solution": {
        "fitness": 1000925,
        "is_feasible": false,
        "permutation": [
            4,
            19,
            2,
            18,
            11,
            1,
            0,
            21,
            12,
            17,
            14,
            16,
            10,
            13,
            15,
            8,
            5,
            22,
            20,
            3,
            6,
            9,
            7,
            23
        ],
        "permutation_orig_ids": [
            "5",
            "20",
            "3",
            "19",
            "12",
            "2",
            "1",
            "22",
            "13",
            "18",
            "15",
            "17",
            "11",
            "14",
            "16",
            "9",
            "6",
            "23",
            "21",
            "4",
            "7",
            "10",
            "8",
            "24"
        ]
    },
    "steps": {
        "0": 1000925
    },
    "timeout": 3
}