{
    "config": {
        "allow_infeasible": true,
        "construction": "random_replicate",
        "ils_k": 6,
        "local_search": "CVND",
        "metaheuristic": "ILS",
        "num_threads": 8,
        "operators": [
            "insert_1",
            "remove_1",
            "two_opt",
            "exchange_ids",
            "exchange_1_2",
            "exchange_2_2",
            "exchange_3_3",
            "exchange_3_4",
            "exchange_4_4",
            "rexchange_2_2",
            "rexchange_2_3",
            "rexchange_4_4",
            "centered_exchange_1",
            "relocate_1",
            "relocate_5",
            "rrelocate_3",
            "rrelocate_4",
            "move_all_by_1",
            "move_all_by_2"
        ],
        "perturbation": [
            "random_double_bridge"
        ],
        "stop_on_feasible": true,
        "timeout": 3
    },
    "histogram": {
        "all": {
            "centered_exchange_1": 502,
            "exchange_1_2": 560,
            "exchange_2_2": 554,
            "exchange_3_3": 546,
            "exchange_3_4": 540,
            "exchange_4_4": 537,
            "exchange_ids": 599,
            "insert_1": 824,
            "move_all_by_1": 482,
            "move_all_by_2": 482,
            "relocate_1": 491,
            "relocate_5": 487,
            "remove_1": 824,
            "rexchange_2_2": 518,
            "rexchange_2_3": 514,
            "rexchange_4_4": 507,
            "rrelocate_3": 487,
            "rrelocate_4": 482,
            "two_opt": 660
        },
        "improving": {
            "centered_exchange_1": 6,
            "exchange_1_2": 82,
            "exchange_2_2": 24,
            "exchange_3_3": 21,
            "exchange_3_4": 10,
            "exchange_4_4": 3,
            "exchange_ids": 143,
            "insert_1": 0,
            "move_all_by_1": 0,
            "move_all_by_2": 0,
            "relocate_1": 12,
            "relocate_5": 4,
            "remove_1": 0,
            "rexchange_2_2": 23,
            "rexchange_2_3": 6,
            "rexchange_4_4": 8,
            "rrelocate_3": 1,
            "rrelocate_4": 5,
            "two_opt": 345
        },
        "rate": {
            "centered_exchange_1": 0.011952191591262817,
            "exchange_1_2": 0.14642857015132904,
            "exchange_2_2": 0.04332130029797554,
            "exchange_3_3": 0.03846153989434242,
            "exchange_3_4": 0.018518518656492233,
            "exchange_4_4": 0.005586592014878988,
            "exchange_ids": 0.23873122036457062,
            "insert_1": 0.0,
            "move_all_by_1": 0.0,
            "move_all_by_2": 0.0,
            "relocate_1": 0.024439917877316475,
            "relocate_5": 0.00821355264633894,
            "remove_1": 0.0,
            "rexchange_2_2": 0.04440154507756233,
            "rexchange_2_3": 0.011673151515424252,
            "rexchange_4_4": 0.01577909290790558,
            "rrelocate_3": 0.002053388161584735,
            "rrelocate_4": 0.01037344429641962,
            "two_opt": 0.5227272510528564
        }
    },
    "last_improvement": 0,
    "name": "random_tsp-24-1.25-75",
    "solution": {
        "fitness": 14000438,
        "is_feasible": false,
        "permutation": [
            17,
            9,
            10,
            18,
            8,
            20,
            21,
            6,
            1,
            16,
            19,
            22,
            12,
            13,
            14,
            2,
            0,
            23,
            15,
            7,
            4,
            11,
            3,
            5
        ],
        "permutation_orig_ids": [
            "18",
            "10",
            "11",
            "19",
            "9",
            "21",
            "22",
            "7",
            "2",
            "17",
            "20",
            "23",
            "13",
            "14",
            "15",
            "3",
            "1",
            "24",
            "16",
            "8",
            "5",
            "12",
            "4",
            "6"
        ]
    },
    "steps": {
        "0": 14000438
    },
    "timeout": 3
}