{
    "config": {
        "allow_infeasible": true,
        "construction": "random_replicate",
        "ils_k": 6,
        "local_search": "CVND",
        "metaheuristic": "ILS",
        "num_threads": 8,
        "operators": [
            "insert_1",
            "remove_1",
            "two_opt",
            "exchange_ids",
            "exchange_1_2",
            "exchange_2_2",
            "exchange_3_3",
            "exchange_3_4",
            "exchange_4_4",
            "rexchange_2_2",
            "rexchange_2_3",
            "rexchange_4_4",
            "centered_exchange_1",
            "relocate_1",
            "relocate_5",
            "rrelocate_3",
            "rrelocate_4",
            "move_all_by_1",
            "move_all_by_2"
        ],
        "perturbation": [
            "random_double_bridge"
        ],
        "stop_on_feasible": true,
        "timeout": 3
    },
    "histogram": {
        "all": {
            "centered_exchange_1": 576,
            "exchange_1_2": 630,
            "exchange_2_2": 630,
            "exchange_3_3": 630,
            "exchange_3_4": 623,
            "exchange_4_4": 621,
            "exchange_ids": 633,
            "insert_1": 777,
            "move_all_by_1": 428,
            "move_all_by_2": 427,
            "relocate_1": 521,
            "relocate_5": 499,
            "remove_1": 777,
            "rexchange_2_2": 599,
            "rexchange_2_3": 587,
            "rexchange_4_4": 578,
            "rrelocate_3": 481,
            "rrelocate_4": 445,
            "two_opt": 681
        },
        "improving": {
            "centered_exchange_1": 5,
            "exchange_1_2": 155,
            "exchange_2_2": 32,
            "exchange_3_3": 53,
            "exchange_3_4": 63,
            "exchange_4_4": 40,
            "exchange_ids": 249,
            "insert_1": 0,
            "move_all_by_1": 21,
            "move_all_by_2": 1,
            "relocate_1": 122,
            "relocate_5": 51,
            "remove_1": 0,
            "rexchange_2_2": 85,
            "rexchange_2_3": 64,
            "rexchange_4_4": 39,
            "rrelocate_3": 54,
            "rrelocate_4": 54,
            "two_opt": 381
        },
        "rate": {
            "centered_exchange_1": 0.0086805559694767,
            "exchange_1_2": 0.2460317462682724,
            "exchange_2_2": 0.05079365149140358,
            "exchange_3_3": 0.08412698656320572,
            "exchange_3_4": 0.10112359374761581,
            "exchange_4_4": 0.06441223621368408,
            "exchange_ids": 0.39336493611335754,
            "insert_1": 0.0,
            "move_all_by_1": 0.049065422266721725,
            "move_all_by_2": 0.0023419202771037817,
            "relocate_1": 0.23416507244110107,
            "relocate_5": 0.10220441222190857,
            "remove_1": 0.0,
            "rexchange_2_2": 0.14190317690372467,
            "rexchange_2_3": 0.10902895778417587,
            "rexchange_4_4": 0.06747404485940933,
            "rrelocate_3": 0.11226611584424973,
            "rrelocate_4": 0.1213483139872551,
            "two_opt": 0.5594713687896729
        }
    },
    "last_improvement": 0,
    "name": "random_tsp-24-2.83-24",
    "solution": {
        "fitness": 4000860,
        "is_feasible": false,
        "permutation": [
            13,
            18,
            11,
            3,
            19,
            14,
            5,
            23,
            2,
            9,
            20,
            17,
            21,
            22,
            12,
            16,
            6,
            8,
            10,
            0,
            7,
            15,
            1,
            4
        ],
        "permutation_orig_ids": [
            "14",
            "19",
            "12",
            "4",
            "20",
            "15",
            "6",
            "24",
            "3",
            "10",
            "21",
            "18",
            "22",
            "23",
            "13",
            "17",
            "7",
            "9",
            "11",
            "1",
            "8",
            "16",
            "2",
            "5"
        ]
    },
    "steps": {
        "0": 4000860
    },
    "timeout": 3
}