{
    "config": {
        "allow_infeasible": true,
        "construction": "random_replicate",
        "ils_k": 6,
        "local_search": "CVND",
        "metaheuristic": "ILS",
        "num_threads": 8,
        "operators": [
            "insert_1",
            "remove_1",
            "two_opt",
            "exchange_ids",
            "exchange_1_2",
            "exchange_2_2",
            "exchange_3_3",
            "exchange_3_4",
            "exchange_4_4",
            "rexchange_2_2",
            "rexchange_2_3",
            "rexchange_4_4",
            "centered_exchange_1",
            "relocate_1",
            "relocate_5",
            "rrelocate_3",
            "rrelocate_4",
            "move_all_by_1",
            "move_all_by_2"
        ],
        "perturbation": [
            "random_double_bridge"
        ],
        "stop_on_feasible": true,
        "timeout": 3
    },
    "histogram": {
        "all": {
            "centered_exchange_1": 510,
            "exchange_1_2": 512,
            "exchange_2_2": 511,
            "exchange_3_3": 510,
            "exchange_3_4": 510,
            "exchange_4_4": 510,
            "exchange_ids": 526,
            "insert_1": 771,
            "move_all_by_1": 509,
            "move_all_by_2": 509,
            "relocate_1": 509,
            "relocate_5": 509,
            "remove_1": 771,
            "rexchange_2_2": 510,
            "rexchange_2_3": 510,
            "rexchange_4_4": 510,
            "rrelocate_3": 509,
            "rrelocate_4": 509,
            "two_opt": 600
        },
        "improving": {
            "centered_exchange_1": 0,
            "exchange_1_2": 15,
            "exchange_2_2": 1,
            "exchange_3_3": 1,
            "exchange_3_4": 0,
            "exchange_4_4": 0,
            "exchange_ids": 90,
            "insert_1": 0,
            "move_all_by_1": 0,
            "move_all_by_2": 0,
            "relocate_1": 0,
            "relocate_5": 0,
            "remove_1": 0,
            "rexchange_2_2": 0,
            "rexchange_2_3": 0,
            "rexchange_4_4": 0,
            "rrelocate_3": 0,
            "rrelocate_4": 0,
            "two_opt": 262
        },
        "rate": {
            "centered_exchange_1": 0.0,
            "exchange_1_2": 0.029296875,
            "exchange_2_2": 0.001956947147846222,
            "exchange_3_3": 0.0019607844296842813,
            "exchange_3_4": 0.0,
            "exchange_4_4": 0.0,
            "exchange_ids": 0.17110265791416168,
            "insert_1": 0.0,
            "move_all_by_1": 0.0,
            "move_all_by_2": 0.0,
            "relocate_1": 0.0,
            "relocate_5": 0.0,
            "remove_1": 0.0,
            "rexchange_2_2": 0.0,
            "rexchange_2_3": 0.0,
            "rexchange_4_4": 0.0,
            "rrelocate_3": 0.0,
            "rrelocate_4": 0.0,
            "two_opt": 0.43666666746139526
        }
    },
    "last_improvement": 0,
    "name": "random_tsp-24-0.50-86",
    "solution": {
        "fitness": 18000393,
        "is_feasible": false,
        "permutation": [
            19,
            3,
            12,
            9,
            1,
            20,
            16,
            15,
            11,
            7,
            13,
            22,
            5,
            6,
            23,
            21,
            17,
            14,
            8,
            4,
            2,
            0,
            10,
            18
        ],
        "permutation_orig_ids": [
            "20",
            "4",
            "13",
            "10",
            "2",
            "21",
            "17",
            "16",
            "12",
            "8",
            "14",
            "23",
            "6",
            "7",
            "24",
            "22",
            "18",
            "15",
            "9",
            "5",
            "3",
            "1",
            "11",
            "19"
        ]
    },
    "steps": {
        "0": 18000393
    },
    "timeout": 3
}