{
    "config": {
        "allow_infeasible": true,
        "construction": "random_replicate",
        "ils_k": 6,
        "local_search": "CVND",
        "metaheuristic": "ILS",
        "num_threads": 8,
        "operators": [
            "insert_1",
            "remove_1",
            "two_opt",
            "exchange_ids",
            "exchange_1_2",
            "exchange_2_2",
            "exchange_3_3",
            "exchange_3_4",
            "exchange_4_4",
            "rexchange_2_2",
            "rexchange_2_3",
            "rexchange_4_4",
            "centered_exchange_1",
            "relocate_1",
            "relocate_5",
            "rrelocate_3",
            "rrelocate_4",
            "move_all_by_1",
            "move_all_by_2"
        ],
        "perturbation": [
            "random_double_bridge"
        ],
        "stop_on_feasible": true,
        "timeout": 60
    },
    "histogram": {
        "all": {
            "centered_exchange_1": 17,
            "exchange_1_2": 17,
            "exchange_2_2": 17,
            "exchange_3_3": 17,
            "exchange_3_4": 17,
            "exchange_4_4": 17,
            "exchange_ids": 18,
            "insert_1": 18,
            "move_all_by_1": 14,
            "move_all_by_2": 14,
            "relocate_1": 14,
            "relocate_5": 14,
            "remove_1": 18,
            "rexchange_2_2": 17,
            "rexchange_2_3": 17,
            "rexchange_4_4": 17,
            "rrelocate_3": 14,
            "rrelocate_4": 14,
            "two_opt": 18
        },
        "improving": {
            "centered_exchange_1": 3,
            "exchange_1_2": 7,
            "exchange_2_2": 4,
            "exchange_3_3": 3,
            "exchange_3_4": 4,
            "exchange_4_4": 2,
            "exchange_ids": 11,
            "insert_1": 0,
            "move_all_by_1": 9,
            "move_all_by_2": 5,
            "relocate_1": 14,
            "relocate_5": 7,
            "remove_1": 0,
            "rexchange_2_2": 3,
            "rexchange_2_3": 3,
            "rexchange_4_4": 2,
            "rrelocate_3": 7,
            "rrelocate_4": 4,
            "two_opt": 11
        },
        "rate": {
            "centered_exchange_1": 0.1764705926179886,
            "exchange_1_2": 0.4117647111415863,
            "exchange_2_2": 0.23529411852359772,
            "exchange_3_3": 0.1764705926179886,
            "exchange_3_4": 0.23529411852359772,
            "exchange_4_4": 0.11764705926179886,
            "exchange_ids": 0.6111111044883728,
            "insert_1": 0.0,
            "move_all_by_1": 0.6428571343421936,
            "move_all_by_2": 0.3571428656578064,
            "relocate_1": 1.0,
            "relocate_5": 0.5,
            "remove_1": 0.0,
            "rexchange_2_2": 0.1764705926179886,
            "rexchange_2_3": 0.1764705926179886,
            "rexchange_4_4": 0.11764705926179886,
            "rrelocate_3": 0.5,
            "rrelocate_4": 0.2857142984867096,
            "two_opt": 0.6111111044883728
        }
    },
    "last_improvement": 17,
    "name": "random-60-8.20-40",
    "solution": {
        "fitness": 2894,
        "is_feasible": true,
        "permutation": [
            17,
            14,
            3,
            24,
            23,
            18,
            25,
            28,
            38,
            42,
            11,
            47,
            8,
            12,
            29,
            53,
            22,
            7,
            37,
            58,
            13,
            55,
            35,
            0,
            6,
            41,
            27,
            52,
            46,
            43,
            51,
            9,
            20,
            21,
            1,
            39,
            16,
            45,
            32,
            50,
            59,
            56,
            15,
            57,
            40,
            2,
            33,
            4,
            26,
            34,
            36,
            5,
            31,
            30,
            44,
            19,
            48,
            54,
            10,
            49
        ],
        "permutation_orig_ids": [
            "18",
            "15",
            "4",
            "25",
            "24",
            "19",
            "26",
            "29",
            "39",
            "43",
            "12",
            "48",
            "9",
            "13",
            "30",
            "54",
            "23",
            "8",
            "38",
            "59",
            "14",
            "56",
            "36",
            "1",
            "7",
            "42",
            "28",
            "53",
            "47",
            "44",
            "52",
            "10",
            "21",
            "22",
            "2",
            "40",
            "17",
            "46",
            "33",
            "51",
            "60",
            "57",
            "16",
            "58",
            "41",
            "3",
            "34",
            "5",
            "27",
            "35",
            "37",
            "6",
            "32",
            "31",
            "45",
            "20",
            "49",
            "55",
            "11",
            "50"
        ],
        "walk_orig_ids": [
            "18",
            "15",
            "6",
            "4",
            "25",
            "24",
            "19",
            "26",
            "18",
            "12",
            "29",
            "39",
            "43",
            "12",
            "48",
            "9",
            "13",
            "30",
            "54",
            "8",
            "23",
            "8",
            "38",
            "59",
            "14",
            "56",
            "36",
            "1",
            "16",
            "42",
            "7",
            "40",
            "2",
            "42",
            "2",
            "28",
            "50",
            "53",
            "50",
            "51",
            "44",
            "47",
            "44",
            "1",
            "13",
            "52",
            "10",
            "41",
            "3",
            "32",
            "21",
            "22",
            "2",
            "40",
            "30",
            "17",
            "30",
            "33",
            "46",
            "33",
            "46",
            "60",
            "51",
            "60",
            "51",
            "2",
            "22",
            "16",
            "57",
            "16",
            "58",
            "41",
            "3",
            "41",
            "15",
            "19",
            "34",
            "2",
            "22",
            "5",
            "27",
            "35",
            "37",
            "6",
            "32",
            "31",
            "45",
            "20",
            "49",
            "55",
            "37",
            "45",
            "31",
            "32",
            "18",
            "40",
            "11",
            "50",
            "11",
            "40"
        ],
        "walk_processing": [
            true,
            true,
            false,
            true,
            true,
            true,
            true,
            true,
            false,
            false,
            true,
            true,
            true,
            true,
            true,
            true,
            true,
            true,
            true,
            false,
            true,
            true,
            true,
            true,
            true,
            true,
            true,
            true,
            false,
            false,
            true,
            false,
            false,
            true,
            false,
            true,
            false,
            true,
            false,
            false,
            false,
            true,
            true,
            false,
            false,
            true,
            true,
            false,
            false,
            false,
            true,
            true,
            true,
            true,
            false,
            true,
            false,
            false,
            true,
            true,
            false,
            false,
            true,
            true,
            false,
            false,
            false,
            false,
            true,
            true,
            true,
            true,
            true,
            false,
            false,
            false,
            true,
            false,
            false,
            true,
            true,
            true,
            true,
            true,
            true,
            true,
            true,
            true,
            true,
            true,
            false,
            false,
            false,
            false,
            false,
            false,
            true,
            true,
            false,
            false
        ]
    },
    "steps": {
        "0": 1004248,
        "1": 1003391,
        "10": 1002032,
        "11": 1002018,
        "12": 1002013,
        "17": 2894,
        "2": 1002773,
        "3": 1002503,
        "4": 1002408,
        "5": 1002263,
        "6": 1002199,
        "7": 1002173,
        "8": 1002086,
        "9": 1002054
    },
    "timeout": 60
}