{
    "config": {
        "allow_infeasible": true,
        "bvns_max_k": 8,
        "bvns_min_k": 3,
        "construction": "random",
        "local_search": "RVND",
        "metaheuristic": "BVNS",
        "num_threads": 8,
        "operators": [
            "insert_1",
            "remove_1",
            "two_opt",
            "exchange_ids",
            "exchange_1_1",
            "exchange_1_2",
            "exchange_2_3",
            "exchange_2_4",
            "exchange_3_3",
            "exchange_3_4",
            "rexchange_1_2",
            "centered_exchange_1",
            "centered_exchange_2",
            "centered_exchange_3",
            "centered_exchange_4",
            "relocate_5",
            "rrelocate_2",
            "rrelocate_3",
            "rrelocate_5",
            "move_all_by_2",
            "move_all_by_3",
            "move_all_by_4"
        ],
        "perturbation": [
            "random_double_bridge"
        ],
        "timeout": 600
    },
    "histogram": {
        "all": {
            "centered_exchange_1": 114560,
            "centered_exchange_2": 114559,
            "centered_exchange_3": 114559,
            "centered_exchange_4": 114560,
            "exchange_1_1": 114560,
            "exchange_1_2": 114559,
            "exchange_2_3": 114560,
            "exchange_2_4": 114560,
            "exchange_3_3": 114560,
            "exchange_3_4": 114560,
            "exchange_ids": 114560,
            "insert_1": 114559,
            "move_all_by_2": 114559,
            "move_all_by_3": 114559,
            "move_all_by_4": 114559,
            "relocate_5": 114559,
            "remove_1": 114560,
            "rexchange_1_2": 114559,
            "rrelocate_2": 114559,
            "rrelocate_3": 114560,
            "rrelocate_5": 114559,
            "two_opt": 114559
        },
        "improving": {
            "centered_exchange_1": 28473,
            "centered_exchange_2": 24418,
            "centered_exchange_3": 14836,
            "centered_exchange_4": 8533,
            "exchange_1_1": 53220,
            "exchange_1_2": 47153,
            "exchange_2_3": 33573,
            "exchange_2_4": 24878,
            "exchange_3_3": 25005,
            "exchange_3_4": 26988,
            "exchange_ids": 54030,
            "insert_1": 14517,
            "move_all_by_2": 41738,
            "move_all_by_3": 44601,
            "move_all_by_4": 48011,
            "relocate_5": 29895,
            "remove_1": 13421,
            "rexchange_1_2": 52236,
            "rrelocate_2": 48119,
            "rrelocate_3": 39891,
            "rrelocate_5": 40310,
            "two_opt": 60966
        },
        "rate": {
            "centered_exchange_1": 0.24854224920272827,
            "centered_exchange_2": 0.21314780414104462,
            "centered_exchange_3": 0.12950532138347626,
            "centered_exchange_4": 0.07448498904705048,
            "exchange_1_1": 0.46456006169319153,
            "exchange_1_2": 0.41160449385643005,
            "exchange_2_3": 0.29306039214134216,
            "exchange_2_4": 0.21716131269931793,
            "exchange_3_3": 0.21826989948749542,
            "exchange_3_4": 0.23557960987091064,
            "exchange_ids": 0.4716305732727051,
            "insert_1": 0.12672072649002075,
            "move_all_by_2": 0.3643362820148468,
            "move_all_by_3": 0.3893277645111084,
            "move_all_by_4": 0.4190940856933594,
            "relocate_5": 0.2609572410583496,
            "remove_1": 0.11715258657932281,
            "rexchange_1_2": 0.45597463846206665,
            "rrelocate_2": 0.42003682255744934,
            "rrelocate_3": 0.34821054339408875,
            "rrelocate_5": 0.3518711030483246,
            "two_opt": 0.5321799516677856
        }
    },
    "last_improvement": 484,
    "name": "cvrp-A-n65-k09.xml",
    "solution": {
        "solution": {
            "fitness": 1174,
            "is_feasible": true,
            "permutation": [
                0,
                43,
                27,
                14,
                9,
                22,
                15,
                0,
                44,
                59,
                40,
                58,
                20,
                32,
                0,
                18,
                19,
                8,
                10,
                56,
                53,
                5,
                0,
                47,
                34,
                31,
                26,
                6,
                64,
                46,
                0,
                17,
                51,
                39,
                62,
                29,
                55,
                0,
                33,
                1,
                12,
                13,
                24,
                52,
                25,
                21,
                0,
                28,
                23,
                57,
                48,
                54,
                63,
                11,
                7,
                0,
                60,
                50,
                16,
                41,
                2,
                38,
                42,
                61,
                45,
                0,
                49,
                4,
                3,
                36,
                35,
                37,
                30,
                0
            ]
        }
    },
    "steps": {
        "0": 1184,
        "32": 1178,
        "484": 1174
    },
    "timeout": 600
}