{
    "config": {
        "allow_infeasible": true,
        "construction": "random_replicate",
        "ils_k": 6,
        "local_search": "CVND",
        "metaheuristic": "ILS",
        "num_threads": 8,
        "operators": [
            "insert_1",
            "remove_1",
            "two_opt",
            "exchange_ids",
            "exchange_1_2",
            "exchange_2_2",
            "exchange_3_3",
            "exchange_3_4",
            "exchange_4_4",
            "rexchange_2_2",
            "rexchange_2_3",
            "rexchange_4_4",
            "centered_exchange_1",
            "relocate_1",
            "relocate_5",
            "rrelocate_3",
            "rrelocate_4",
            "move_all_by_1",
            "move_all_by_2"
        ],
        "perturbation": [
            "random_double_bridge"
        ],
        "timeout": 60
    },
    "histogram": {
        "all": {
            "centered_exchange_1": 2685,
            "exchange_1_2": 2726,
            "exchange_2_2": 2703,
            "exchange_3_3": 2701,
            "exchange_3_4": 2700,
            "exchange_4_4": 2700,
            "exchange_ids": 2777,
            "insert_1": 2997,
            "move_all_by_1": 2188,
            "move_all_by_2": 2145,
            "relocate_1": 2271,
            "relocate_5": 2245,
            "remove_1": 2997,
            "rexchange_2_2": 2697,
            "rexchange_2_3": 2692,
            "rexchange_4_4": 2692,
            "rrelocate_3": 2221,
            "rrelocate_4": 2217,
            "two_opt": 2881
        },
        "improving": {
            "centered_exchange_1": 319,
            "exchange_1_2": 1256,
            "exchange_2_2": 750,
            "exchange_3_3": 459,
            "exchange_3_4": 485,
            "exchange_4_4": 236,
            "exchange_ids": 1364,
            "insert_1": 0,
            "move_all_by_1": 620,
            "move_all_by_2": 600,
            "relocate_1": 1736,
            "relocate_5": 814,
            "remove_1": 0,
            "rexchange_2_2": 488,
            "rexchange_2_3": 324,
            "rexchange_4_4": 56,
            "rrelocate_3": 689,
            "rrelocate_4": 346,
            "two_opt": 1152
        },
        "rate": {
            "centered_exchange_1": 0.11880819499492645,
            "exchange_1_2": 0.4607483446598053,
            "exchange_2_2": 0.2774694859981537,
            "exchange_3_3": 0.16993705928325653,
            "exchange_3_4": 0.1796296238899231,
            "exchange_4_4": 0.08740741014480591,
            "exchange_ids": 0.4911775290966034,
            "insert_1": 0.0,
            "move_all_by_1": 0.28336378931999207,
            "move_all_by_2": 0.279720276594162,
            "relocate_1": 0.7644209861755371,
            "relocate_5": 0.3625835180282593,
            "remove_1": 0.0,
            "rexchange_2_2": 0.18094179034233093,
            "rexchange_2_3": 0.12035661190748215,
            "rexchange_4_4": 0.02080237679183483,
            "rrelocate_3": 0.3102206289768219,
            "rrelocate_4": 0.15606676042079926,
            "two_opt": 0.3998611569404602
        }
    },
    "last_improvement": 2,
    "name": "berlin52",
    "solution": {
        "fitness": 8469,
        "is_feasible": true,
        "permutation": [
            32,
            50,
            10,
            51,
            12,
            13,
            46,
            25,
            27,
            26,
            11,
            24,
            45,
            43,
            15,
            28,
            49,
            19,
            29,
            22,
            20,
            41,
            1,
            6,
            16,
            40,
            7,
            9,
            8,
            18,
            44,
            2,
            17,
            30,
            21,
            31,
            0,
            48,
            35,
            33,
            34,
            38,
            39,
            36,
            37,
            47,
            23,
            14,
            5,
            4,
            3,
            42
        ],
        "permutation_orig_ids": [
            "33",
            "51",
            "11",
            "52",
            "13",
            "14",
            "47",
            "26",
            "28",
            "27",
            "12",
            "25",
            "46",
            "44",
            "16",
            "29",
            "50",
            "20",
            "30",
            "23",
            "21",
            "42",
            "2",
            "7",
            "17",
            "41",
            "8",
            "10",
            "9",
            "19",
            "45",
            "3",
            "18",
            "31",
            "22",
            "32",
            "1",
            "49",
            "36",
            "34",
            "35",
            "39",
            "40",
            "37",
            "38",
            "48",
            "24",
            "15",
            "6",
            "5",
            "4",
            "43"
        ]
    },
    "steps": {
        "0": 8774,
        "1": 8617,
        "2": 8469
    },
    "timeout": 60
}