{
    "config": {
        "allow_infeasible": true,
        "construction": "random_replicate",
        "ils_k": 6,
        "local_search": "CVND",
        "metaheuristic": "ILS",
        "num_threads": 8,
        "operators": [
            "insert_1",
            "remove_1",
            "two_opt",
            "exchange_ids",
            "exchange_1_2",
            "exchange_2_2",
            "exchange_3_3",
            "exchange_3_4",
            "exchange_4_4",
            "rexchange_2_2",
            "rexchange_2_3",
            "rexchange_4_4",
            "centered_exchange_1",
            "relocate_1",
            "relocate_5",
            "rrelocate_3",
            "rrelocate_4",
            "move_all_by_1",
            "move_all_by_2"
        ],
        "perturbation": [
            "random_double_bridge"
        ],
        "timeout": 3600
    },
    "histogram": {
        "all": {
            "centered_exchange_1": 2088,
            "exchange_1_2": 2101,
            "exchange_2_2": 2094,
            "exchange_3_3": 2094,
            "exchange_3_4": 2094,
            "exchange_4_4": 2094,
            "exchange_ids": 2111,
            "insert_1": 2170,
            "move_all_by_1": 1892,
            "move_all_by_2": 1892,
            "relocate_1": 1901,
            "relocate_5": 1901,
            "remove_1": 2155,
            "rexchange_2_2": 2092,
            "rexchange_2_3": 2091,
            "rexchange_4_4": 2089,
            "rrelocate_3": 1898,
            "rrelocate_4": 1898,
            "two_opt": 2131
        },
        "improving": {
            "centered_exchange_1": 694,
            "exchange_1_2": 1361,
            "exchange_2_2": 935,
            "exchange_3_3": 592,
            "exchange_3_4": 658,
            "exchange_4_4": 423,
            "exchange_ids": 1580,
            "insert_1": 274,
            "move_all_by_1": 958,
            "move_all_by_2": 749,
            "relocate_1": 1785,
            "relocate_5": 457,
            "remove_1": 230,
            "rexchange_2_2": 1096,
            "rexchange_2_3": 1047,
            "rexchange_4_4": 848,
            "rrelocate_3": 713,
            "rrelocate_4": 476,
            "two_opt": 1681
        },
        "rate": {
            "centered_exchange_1": 0.3323754668235779,
            "exchange_1_2": 0.6477867960929871,
            "exchange_2_2": 0.4465138614177704,
            "exchange_3_3": 0.28271251916885376,
            "exchange_3_4": 0.31423112750053406,
            "exchange_4_4": 0.20200572907924652,
            "exchange_ids": 0.7484604716300964,
            "insert_1": 0.12626728415489197,
            "move_all_by_1": 0.5063424706459045,
            "move_all_by_2": 0.3958773910999298,
            "relocate_1": 0.9389795064926147,
            "relocate_5": 0.2403997927904129,
            "remove_1": 0.10672853887081146,
            "rexchange_2_2": 0.52390056848526,
            "rexchange_2_3": 0.5007173418998718,
            "rexchange_4_4": 0.4059358537197113,
            "rrelocate_3": 0.3756586015224457,
            "rrelocate_4": 0.2507902979850769,
            "two_opt": 0.7888315320014954
        }
    },
    "last_improvement": 3371,
    "name": "cvrp-X-n561-k42.xml",
    "solution": {
        "solution": {
            "fitness": 43815,
            "is_feasible": true,
            "permutation": [
                0,
                357,
                554,
                117,
                294,
                414,
                415,
                349,
                306,
                41,
                184,
                342,
                89,
                0,
                267,
                550,
                449,
                424,
                326,
                300,
                288,
                130,
                293,
                351,
                0,
                344,
                369,
                112,
                15,
                305,
                330,
                478,
                406,
                509,
                482,
                511,
                188,
                396,
                100,
                0,
                433,
                308,
                533,
                134,
                277,
                231,
                154,
                150,
                529,
                320,
                390,
                230,
                536,
                0,
                456,
                174,
                331,
                383,
                464,
                167,
                556,
                502,
                287,
                341,
                435,
                508,
                0,
                235,
                91,
                70,
                49,
                452,
                337,
                33,
                437,
                374,
                519,
                26,
                555,
                223,
                156,
                467,
                176,
                0,
                145,
                303,
                2,
                546,
                362,
                229,
                247,
                120,
                51,
                0,
                87,
                19,
                21,
                194,
                160,
                168,
                48,
                242,
                221,
                224,
                34,
                175,
                50,
                272,
                0,
                463,
                108,
                448,
                373,
                232,
                155,
                517,
                386,
                310,
                475,
                148,
                211,
                17,
                0,
                278,
                241,
                468,
                552,
                64,
                461,
                523,
                393,
                114,
                365,
                483,
                0,
                170,
                265,
                399,
                96,
                544,
                258,
                516,
                347,
                451,
                74,
                313,
                192,
                67,
                469,
                0,
                352,
                422,
                31,
                332,
                459,
                73,
                123,
                434,
                520,
                135,
                284,
                535,
                0,
                59,
                133,
                416,
                398,
                138,
                450,
                226,
                472,
                490,
                3,
                276,
                339,
                218,
                410,
                527,
                317,
                0,
                104,
                268,
                222,
                473,
                137,
                146,
                164,
                76,
                55,
                163,
                0,
                395,
                260,
                213,
                368,
                375,
                343,
                460,
                315,
                394,
                295,
                558,
                304,
                63,
                0,
                210,
                251,
                538,
                236,
                116,
                255,
                125,
                6,
                12,
                92,
                193,
                191,
                23,
                249,
                301,
                0,
                263,
                171,
                158,
                46,
                107,
                141,
                243,
                94,
                32,
                109,
                85,
                197,
                0,
                88,
                45,
                215,
                183,
                131,
                16,
                65,
                214,
                18,
                132,
                68,
                270,
                177,
                128,
                0,
                429,
                438,
                314,
                336,
                465,
                280,
                140,
                409,
                340,
                309,
                291,
                333,
                378,
                0,
                187,
                397,
                370,
                423,
                514,
                97,
                75,
                531,
                522,
                431,
                439,
                58,
                0,
                165,
                101,
                402,
                206,
                539,
                436,
                356,
                480,
                377,
                99,
                27,
                0,
                103,
                29,
                244,
                136,
                53,
                78,
                325,
                542,
                282,
                498,
                444,
                466,
                84,
                240,
                0,
                126,
                334,
                318,
                93,
                497,
                275,
                404,
                60,
                43,
                494,
                289,
                387,
                298,
                90,
                0,
                361,
                428,
                139,
                246,
                195,
                485,
                477,
                401,
                382,
                286,
                420,
                440,
                421,
                367,
                560,
                457,
                389,
                479,
                0,
                528,
                209,
                38,
                269,
                322,
                169,
                110,
                273,
                216,
                105,
                471,
                504,
                363,
                203,
                0,
                524,
                553,
                376,
                327,
                405,
                335,
                364,
                534,
                488,
                425,
                296,
                285,
                441,
                321,
                0,
                42,
                407,
                503,
                207,
                237,
                122,
                181,
                142,
                430,
                106,
                147,
                496,
                279,
                316,
                388,
                0,
                261,
                541,
                22,
                346,
                208,
                254,
                86,
                505,
                371,
                180,
                52,
                348,
                0,
                8,
                250,
                403,
                162,
                30,
                257,
                124,
                338,
                292,
                354,
                0,
                290,
                400,
                66,
                443,
                540,
                530,
                446,
                507,
                442,
                1,
                264,
                476,
                323,
                499,
                0,
                217,
                307,
                149,
                350,
                458,
                455,
                411,
                71,
                311,
                526,
                228,
                0,
                44,
                14,
                381,
                360,
                372,
                353,
                220,
                82,
                57,
                5,
                95,
                513,
                0,
                501,
                470,
                474,
                506,
                302,
                453,
                379,
                380,
                419,
                549,
                40,
                178,
                491,
                119,
                492,
                543,
                319,
                0,
                328,
                13,
                532,
                445,
                62,
                521,
                345,
                512,
                418,
                0,
                98,
                481,
                557,
                518,
                283,
                324,
                77,
                493,
                384,
                259,
                152,
                205,
                0,
                79,
                274,
                121,
                489,
                151,
                271,
                239,
                127,
                559,
                234,
                219,
                196,
                500,
                9,
                4,
                495,
                0,
                392,
                83,
                551,
                233,
                299,
                248,
                329,
                525,
                253,
                189,
                157,
                24,
                212,
                413,
                182,
                61,
                113,
                447,
                355,
                0,
                262,
                153,
                36,
                179,
                185,
                202,
                115,
                28,
                11,
                227,
                172,
                37,
                166,
                7,
                391,
                129,
                0,
                266,
                190,
                252,
                159,
                144,
                201,
                143,
                204,
                80,
                118,
                10,
                198,
                69,
                186,
                515,
                0,
                20,
                537,
                426,
                111,
                297,
                486,
                548,
                408,
                427,
                454,
                358,
                385,
                256,
                238,
                245,
                200,
                0,
                359,
                225,
                81,
                484,
                25,
                432,
                545,
                547,
                487,
                417,
                35,
                281,
                510,
                39,
                412,
                0,
                173,
                54,
                72,
                312,
                47,
                199,
                161,
                366,
                56,
                462,
                102,
                0
            ]
        }
    },
    "steps": {
        "0": 603080936,
        "1": 592979422,
        "10": 522328847,
        "100": 46021,
        "101": 45994,
        "102": 45984,
        "103": 45943,
        "104": 45936,
        "105": 45895,
        "106": 45786,
        "107": 45782,
        "108": 45756,
        "109": 45746,
        "11": 512248241,
        "110": 45728,
        "111": 45709,
        "112": 45701,
        "113": 45687,
        "114": 45636,
        "115": 45624,
        "116": 45618,
        "1161": 44322,
        "117": 45609,
        "118": 45602,
        "119": 45539,
        "12": 512242713,
        "120": 45454,
        "1267": 44320,
        "13": 502163728,
        "130": 45452,
        "131": 45450,
        "132": 45419,
        "133": 45368,
        "134": 45340,
        "135": 45300,
        "136": 45296,
        "137": 45257,
        "1377": 44315,
        "138": 45246,
        "139": 45229,
        "14": 492085071,
        "140": 45190,
        "141": 45177,
        "142": 45173,
        "15": 492081615,
        "16": 482004387,
        "1657": 44294,
        "1658": 44287,
        "1659": 44285,
        "1660": 44279,
        "1661": 44278,
        "17": 471926951,
        "172": 45169,
        "1783": 44274,
        "1784": 44273,
        "179": 45168,
        "18": 461850500,
        "181": 45145,
        "182": 45142,
        "183": 45135,
        "184": 45134,
        "19": 461848237,
        "1963": 44266,
        "1964": 44257,
        "1965": 44225,
        "1966": 44210,
        "1967": 44202,
        "1968": 44195,
        "1969": 44194,
        "1970": 44190,
        "1972": 44189,
        "2": 582880836,
        "20": 451771982,
        "2009": 44181,
        "2010": 44176,
        "2050": 44152,
        "2052": 44150,
        "207": 45123,
        "208": 45118,
        "21": 441696129,
        "2192": 44105,
        "2194": 44101,
        "2196": 44088,
        "2197": 44086,
        "22": 441694308,
        "2290": 44070,
        "2291": 44064,
        "2292": 44063,
        "23": 431619316,
        "2311": 44054,
        "2313": 44053,
        "24": 421544365,
        "2459": 44052,
        "2495": 44046,
        "2496": 44032,
        "2497": 44017,
        "2498": 44009,
        "2499": 44005,
        "25": 411469801,
        "2500": 44004,
        "2549": 43999,
        "26": 411468788,
        "2610": 43955,
        "2611": 43947,
        "2613": 43946,
        "27": 401394424,
        "271": 45085,
        "272": 45080,
        "273": 45075,
        "28": 391320512,
        "2834": 43944,
        "2835": 43942,
        "2842": 43932,
        "2843": 43928,
        "2865": 43927,
        "2866": 43922,
        "2867": 43918,
        "29": 391319757,
        "293": 45067,
        "294": 45066,
        "295": 45062,
        "3": 572785024,
        "30": 381245752,
        "31": 371171548,
        "3128": 43914,
        "3179": 43901,
        "3180": 43886,
        "3181": 43884,
        "3182": 43877,
        "32": 371170925,
        "3230": 43873,
        "33": 361096789,
        "3339": 43861,
        "3341": 43824,
        "3342": 43822,
        "3343": 43820,
        "3344": 43817,
        "3371": 43815,
        "34": 351023283,
        "343": 45059,
        "35": 351022781,
        "36": 340949319,
        "37": 330875891,
        "371": 45048,
        "372": 45047,
        "373": 45046,
        "38": 330875430,
        "39": 320802466,
        "4": 572768396,
        "40": 320802051,
        "41": 310728689,
        "42": 300655600,
        "43": 300655253,
        "44": 290582112,
        "449": 45045,
        "45": 280510012,
        "450": 45042,
        "451": 45025,
        "452": 45022,
        "453": 45003,
        "454": 44999,
        "46": 280508783,
        "460": 44998,
        "468": 44986,
        "469": 44983,
        "47": 270435528,
        "48": 260403922,
        "480": 44975,
        "49": 260364750,
        "5": 562678296,
        "50": 250292999,
        "51": 250291732,
        "52": 240219501,
        "53": 230187955,
        "537": 44972,
        "538": 44966,
        "54": 230150508,
        "540": 44962,
        "55": 220104063,
        "551": 44961,
        "552": 44956,
        "56": 220084667,
        "568": 44954,
        "569": 44915,
        "57": 210062695,
        "570": 44890,
        "571": 44869,
        "572": 44843,
        "573": 44841,
        "574": 44825,
        "575": 44813,
        "576": 44806,
        "577": 44803,
        "578": 44777,
        "579": 44762,
        "58": 200059150,
        "580": 44760,
        "59": 100058782,
        "6": 552590115,
        "60": 57146,
        "61": 55719,
        "62": 54527,
        "624": 44748,
        "625": 44740,
        "63": 53695,
        "634": 44724,
        "635": 44716,
        "636": 44690,
        "637": 44686,
        "638": 44685,
        "639": 44683,
        "64": 52688,
        "65": 52190,
        "66": 51721,
        "67": 51219,
        "68": 50881,
        "683": 44682,
        "684": 44668,
        "685": 44665,
        "686": 44664,
        "69": 50337,
        "7": 542504769,
        "70": 50026,
        "71": 49648,
        "717": 44660,
        "719": 44654,
        "72": 49338,
        "727": 44637,
        "73": 49055,
        "735": 44623,
        "736": 44566,
        "737": 44547,
        "739": 44539,
        "74": 48718,
        "740": 44537,
        "75": 48507,
        "76": 48177,
        "77": 48022,
        "78": 47793,
        "79": 47668,
        "8": 542495193,
        "80": 47502,
        "81": 47375,
        "82": 47266,
        "824": 44534,
        "83": 47079,
        "84": 47001,
        "85": 46889,
        "86": 46837,
        "87": 46759,
        "88": 46627,
        "89": 46562,
        "895": 44500,
        "896": 44479,
        "9": 532411762,
        "90": 46487,
        "91": 46445,
        "92": 46369,
        "93": 46327,
        "94": 46210,
        "95": 46190,
        "955": 44471,
        "956": 44469,
        "96": 46141,
        "97": 46127,
        "970": 44463,
        "971": 44445,
        "972": 44401,
        "973": 44371,
        "98": 46086,
        "984": 44344,
        "985": 44326,
        "988": 44324,
        "99": 46042
    },
    "timeout": 3600
}