{
    "config": {
        "allow_infeasible": true,
        "construction": "random_replicate",
        "ils_k": 6,
        "local_search": "CVND",
        "metaheuristic": "ILS",
        "num_threads": 8,
        "operators": [
            "insert_1",
            "remove_1",
            "two_opt",
            "exchange_ids",
            "exchange_1_2",
            "exchange_2_2",
            "exchange_3_3",
            "exchange_3_4",
            "exchange_4_4",
            "rexchange_2_2",
            "rexchange_2_3",
            "rexchange_4_4",
            "centered_exchange_1",
            "relocate_1",
            "relocate_5",
            "rrelocate_3",
            "rrelocate_4",
            "move_all_by_1",
            "move_all_by_2"
        ],
        "perturbation": [
            "random_double_bridge"
        ],
        "stop_on_feasible": true,
        "timeout": 3
    },
    "histogram": {
        "all": {
            "centered_exchange_1": 15,
            "exchange_1_2": 16,
            "exchange_2_2": 16,
            "exchange_3_3": 16,
            "exchange_3_4": 16,
            "exchange_4_4": 16,
            "exchange_ids": 17,
            "insert_1": 19,
            "move_all_by_1": 13,
            "move_all_by_2": 12,
            "relocate_1": 13,
            "relocate_5": 13,
            "remove_1": 19,
            "rexchange_2_2": 15,
            "rexchange_2_3": 15,
            "rexchange_4_4": 15,
            "rrelocate_3": 13,
            "rrelocate_4": 13,
            "two_opt": 17
        },
        "improving": {
            "centered_exchange_1": 3,
            "exchange_1_2": 6,
            "exchange_2_2": 2,
            "exchange_3_3": 1,
            "exchange_3_4": 3,
            "exchange_4_4": 1,
            "exchange_ids": 6,
            "insert_1": 0,
            "move_all_by_1": 4,
            "move_all_by_2": 2,
            "relocate_1": 8,
            "relocate_5": 2,
            "remove_1": 0,
            "rexchange_2_2": 3,
            "rexchange_2_3": 1,
            "rexchange_4_4": 1,
            "rrelocate_3": 4,
            "rrelocate_4": 2,
            "two_opt": 9
        },
        "rate": {
            "centered_exchange_1": 0.20000000298023224,
            "exchange_1_2": 0.375,
            "exchange_2_2": 0.125,
            "exchange_3_3": 0.0625,
            "exchange_3_4": 0.1875,
            "exchange_4_4": 0.0625,
            "exchange_ids": 0.3529411852359772,
            "insert_1": 0.0,
            "move_all_by_1": 0.3076923191547394,
            "move_all_by_2": 0.1666666716337204,
            "relocate_1": 0.6153846383094788,
            "relocate_5": 0.1538461595773697,
            "remove_1": 0.0,
            "rexchange_2_2": 0.20000000298023224,
            "rexchange_2_3": 0.06666667014360428,
            "rexchange_4_4": 0.06666667014360428,
            "rrelocate_3": 0.3076923191547394,
            "rrelocate_4": 0.1538461595773697,
            "two_opt": 0.529411792755127
        }
    },
    "last_improvement": 0,
    "name": "random-24-134.5-12",
    "solution": {
        "fitness": 690,
        "is_feasible": true,
        "permutation": [
            12,
            13,
            9,
            6,
            17,
            5,
            3,
            18,
            14,
            10,
            19,
            0,
            1,
            20,
            23,
            22,
            21,
            7,
            15,
            16,
            11,
            8,
            4,
            2
        ],
        "permutation_orig_ids": [
            "13",
            "14",
            "10",
            "7",
            "18",
            "6",
            "4",
            "19",
            "15",
            "11",
            "20",
            "1",
            "2",
            "21",
            "24",
            "23",
            "22",
            "8",
            "16",
            "17",
            "12",
            "9",
            "5",
            "3"
        ]
    },
    "steps": {
        "0": 690
    },
    "timeout": 3
}