{
    "config": {
        "allow_infeasible": true,
        "construction": "random_replicate",
        "ils_k": 6,
        "local_search": "CVND",
        "metaheuristic": "ILS",
        "num_threads": 8,
        "operators": [
            "insert_1",
            "remove_1",
            "two_opt",
            "exchange_ids",
            "exchange_1_2",
            "exchange_2_2",
            "exchange_3_3",
            "exchange_3_4",
            "exchange_4_4",
            "rexchange_2_2",
            "rexchange_2_3",
            "rexchange_4_4",
            "centered_exchange_1",
            "relocate_1",
            "relocate_5",
            "rrelocate_3",
            "rrelocate_4",
            "move_all_by_1",
            "move_all_by_2"
        ],
        "perturbation": [
            "random_double_bridge"
        ],
        "stop_on_feasible": true,
        "timeout": 3
    },
    "histogram": {
        "all": {
            "centered_exchange_1": 4257,
            "exchange_1_2": 4442,
            "exchange_2_2": 4438,
            "exchange_3_3": 4437,
            "exchange_3_4": 4435,
            "exchange_4_4": 4431,
            "exchange_ids": 4474,
            "insert_1": 5528,
            "move_all_by_1": 3262,
            "move_all_by_2": 3160,
            "relocate_1": 3696,
            "relocate_5": 3686,
            "remove_1": 5528,
            "rexchange_2_2": 4369,
            "rexchange_2_3": 4334,
            "rexchange_4_4": 4334,
            "rrelocate_3": 3595,
            "rrelocate_4": 3521,
            "two_opt": 4908
        },
        "improving": {
            "centered_exchange_1": 600,
            "exchange_1_2": 1262,
            "exchange_2_2": 462,
            "exchange_3_3": 219,
            "exchange_3_4": 272,
            "exchange_4_4": 98,
            "exchange_ids": 1990,
            "insert_1": 0,
            "move_all_by_1": 654,
            "move_all_by_2": 369,
            "relocate_1": 1569,
            "relocate_5": 238,
            "remove_1": 0,
            "rexchange_2_2": 655,
            "rexchange_2_3": 298,
            "rexchange_4_4": 40,
            "rrelocate_3": 532,
            "rrelocate_4": 322,
            "two_opt": 2674
        },
        "rate": {
            "centered_exchange_1": 0.14094433188438416,
            "exchange_1_2": 0.2841062545776367,
            "exchange_2_2": 0.10410095006227493,
            "exchange_3_3": 0.04935767501592636,
            "exchange_3_4": 0.06133032590150833,
            "exchange_4_4": 0.022116903215646744,
            "exchange_ids": 0.44479212164878845,
            "insert_1": 0.0,
            "move_all_by_1": 0.20049048960208893,
            "move_all_by_2": 0.11677215248346329,
            "relocate_1": 0.42451298236846924,
            "relocate_5": 0.06456863880157471,
            "remove_1": 0.0,
            "rexchange_2_2": 0.14991989731788635,
            "rexchange_2_3": 0.06875865161418915,
            "rexchange_4_4": 0.009229348972439766,
            "rrelocate_3": 0.14798331260681152,
            "rrelocate_4": 0.09145129472017288,
            "two_opt": 0.5448247790336609
        }
    },
    "last_improvement": 0,
    "name": "random-24-138.0-10",
    "solution": {
        "fitness": 1000490,
        "is_feasible": false,
        "permutation": [
            15,
            7,
            5,
            3,
            21,
            17,
            8,
            2,
            19,
            6,
            14,
            11,
            0,
            13,
            16,
            12,
            22,
            20,
            9,
            23,
            18,
            1,
            10,
            4
        ],
        "permutation_orig_ids": [
            "16",
            "8",
            "6",
            "4",
            "22",
            "18",
            "9",
            "3",
            "20",
            "7",
            "15",
            "12",
            "1",
            "14",
            "17",
            "13",
            "23",
            "21",
            "10",
            "24",
            "19",
            "2",
            "11",
            "5"
        ]
    },
    "steps": {
        "0": 1000490
    },
    "timeout": 3
}