{
    "config": {
        "allow_infeasible": true,
        "construction": "random_replicate",
        "ils_k": 6,
        "local_search": "CVND",
        "metaheuristic": "ILS",
        "num_threads": 8,
        "operators": [
            "insert_1",
            "remove_1",
            "two_opt",
            "exchange_ids",
            "exchange_1_2",
            "exchange_2_2",
            "exchange_3_3",
            "exchange_3_4",
            "exchange_4_4",
            "rexchange_2_2",
            "rexchange_2_3",
            "rexchange_4_4",
            "centered_exchange_1",
            "relocate_1",
            "relocate_5",
            "rrelocate_3",
            "rrelocate_4",
            "move_all_by_1",
            "move_all_by_2"
        ],
        "perturbation": [
            "random_double_bridge"
        ],
        "stop_on_feasible": true,
        "timeout": 3
    },
    "histogram": {
        "all": {
            "centered_exchange_1": 9,
            "exchange_1_2": 9,
            "exchange_2_2": 9,
            "exchange_3_3": 9,
            "exchange_3_4": 9,
            "exchange_4_4": 9,
            "exchange_ids": 9,
            "insert_1": 9,
            "move_all_by_1": 7,
            "move_all_by_2": 7,
            "relocate_1": 8,
            "relocate_5": 7,
            "remove_1": 9,
            "rexchange_2_2": 9,
            "rexchange_2_3": 9,
            "rexchange_4_4": 9,
            "rrelocate_3": 7,
            "rrelocate_4": 7,
            "two_opt": 9
        },
        "improving": {
            "centered_exchange_1": 2,
            "exchange_1_2": 4,
            "exchange_2_2": 2,
            "exchange_3_3": 1,
            "exchange_3_4": 1,
            "exchange_4_4": 1,
            "exchange_ids": 2,
            "insert_1": 0,
            "move_all_by_1": 3,
            "move_all_by_2": 2,
            "relocate_1": 7,
            "relocate_5": 3,
            "remove_1": 0,
            "rexchange_2_2": 2,
            "rexchange_2_3": 2,
            "rexchange_4_4": 0,
            "rrelocate_3": 3,
            "rrelocate_4": 2,
            "two_opt": 5
        },
        "rate": {
            "centered_exchange_1": 0.2222222238779068,
            "exchange_1_2": 0.4444444477558136,
            "exchange_2_2": 0.2222222238779068,
            "exchange_3_3": 0.1111111119389534,
            "exchange_3_4": 0.1111111119389534,
            "exchange_4_4": 0.1111111119389534,
            "exchange_ids": 0.2222222238779068,
            "insert_1": 0.0,
            "move_all_by_1": 0.4285714328289032,
            "move_all_by_2": 0.2857142984867096,
            "relocate_1": 0.875,
            "relocate_5": 0.4285714328289032,
            "remove_1": 0.0,
            "rexchange_2_2": 0.2222222238779068,
            "rexchange_2_3": 0.2222222238779068,
            "rexchange_4_4": 0.0,
            "rrelocate_3": 0.4285714328289032,
            "rrelocate_4": 0.2857142984867096,
            "two_opt": 0.5555555820465088
        }
    },
    "last_improvement": 0,
    "name": "random-24-131.0-8",
    "solution": {
        "fitness": 550,
        "is_feasible": true,
        "permutation": [
            18,
            11,
            7,
            16,
            5,
            14,
            13,
            1,
            20,
            4,
            12,
            22,
            2,
            19,
            8,
            0,
            17,
            23,
            9,
            15,
            3,
            21,
            10,
            6
        ],
        "permutation_orig_ids": [
            "19",
            "12",
            "8",
            "17",
            "6",
            "15",
            "14",
            "2",
            "21",
            "5",
            "13",
            "23",
            "3",
            "20",
            "9",
            "1",
            "18",
            "24",
            "10",
            "16",
            "4",
            "22",
            "11",
            "7"
        ]
    },
    "steps": {
        "0": 550
    },
    "timeout": 3
}