{
    "config": {
        "allow_infeasible": true,
        "construction": "random_replicate",
        "ils_k": 6,
        "local_search": "CVND",
        "metaheuristic": "ILS",
        "num_threads": 8,
        "operators": [
            "insert_1",
            "remove_1",
            "two_opt",
            "exchange_ids",
            "exchange_1_2",
            "exchange_2_2",
            "exchange_3_3",
            "exchange_3_4",
            "exchange_4_4",
            "rexchange_2_2",
            "rexchange_2_3",
            "rexchange_4_4",
            "centered_exchange_1",
            "relocate_1",
            "relocate_5",
            "rrelocate_3",
            "rrelocate_4",
            "move_all_by_1",
            "move_all_by_2"
        ],
        "perturbation": [
            "random_double_bridge"
        ],
        "stop_on_feasible": true,
        "timeout": 3
    },
    "histogram": {
        "all": {
            "centered_exchange_1": 10,
            "exchange_1_2": 10,
            "exchange_2_2": 10,
            "exchange_3_3": 10,
            "exchange_3_4": 10,
            "exchange_4_4": 10,
            "exchange_ids": 10,
            "insert_1": 10,
            "move_all_by_1": 7,
            "move_all_by_2": 7,
            "relocate_1": 9,
            "relocate_5": 9,
            "remove_1": 10,
            "rexchange_2_2": 10,
            "rexchange_2_3": 10,
            "rexchange_4_4": 10,
            "rrelocate_3": 8,
            "rrelocate_4": 8,
            "two_opt": 10
        },
        "improving": {
            "centered_exchange_1": 3,
            "exchange_1_2": 6,
            "exchange_2_2": 3,
            "exchange_3_3": 1,
            "exchange_3_4": 3,
            "exchange_4_4": 3,
            "exchange_ids": 5,
            "insert_1": 0,
            "move_all_by_1": 4,
            "move_all_by_2": 3,
            "relocate_1": 7,
            "relocate_5": 4,
            "remove_1": 0,
            "rexchange_2_2": 4,
            "rexchange_2_3": 1,
            "rexchange_4_4": 0,
            "rrelocate_3": 3,
            "rrelocate_4": 2,
            "two_opt": 5
        },
        "rate": {
            "centered_exchange_1": 0.30000001192092896,
            "exchange_1_2": 0.6000000238418579,
            "exchange_2_2": 0.30000001192092896,
            "exchange_3_3": 0.10000000149011612,
            "exchange_3_4": 0.30000001192092896,
            "exchange_4_4": 0.30000001192092896,
            "exchange_ids": 0.5,
            "insert_1": 0.0,
            "move_all_by_1": 0.5714285969734192,
            "move_all_by_2": 0.4285714328289032,
            "relocate_1": 0.7777777910232544,
            "relocate_5": 0.4444444477558136,
            "remove_1": 0.0,
            "rexchange_2_2": 0.4000000059604645,
            "rexchange_2_3": 0.10000000149011612,
            "rexchange_4_4": 0.0,
            "rrelocate_3": 0.375,
            "rrelocate_4": 0.25,
            "two_opt": 0.5
        }
    },
    "last_improvement": 0,
    "name": "random-24-126.5-0",
    "solution": {
        "fitness": 578,
        "is_feasible": true,
        "permutation": [
            21,
            6,
            11,
            14,
            17,
            0,
            4,
            16,
            9,
            7,
            19,
            2,
            22,
            5,
            13,
            23,
            18,
            8,
            15,
            10,
            3,
            1,
            12,
            20
        ],
        "permutation_orig_ids": [
            "22",
            "7",
            "12",
            "15",
            "18",
            "1",
            "5",
            "17",
            "10",
            "8",
            "20",
            "3",
            "23",
            "6",
            "14",
            "24",
            "19",
            "9",
            "16",
            "11",
            "4",
            "2",
            "13",
            "21"
        ]
    },
    "steps": {
        "0": 578
    },
    "timeout": 3
}