{
    "config": {
        "allow_infeasible": true,
        "construction": "random_replicate",
        "ils_k": 6,
        "local_search": "CVND",
        "metaheuristic": "ILS",
        "num_threads": 8,
        "operators": [
            "insert_1",
            "remove_1",
            "two_opt",
            "exchange_ids",
            "exchange_1_2",
            "exchange_2_2",
            "exchange_3_3",
            "exchange_3_4",
            "exchange_4_4",
            "rexchange_2_2",
            "rexchange_2_3",
            "rexchange_4_4",
            "centered_exchange_1",
            "relocate_1",
            "relocate_5",
            "rrelocate_3",
            "rrelocate_4",
            "move_all_by_1",
            "move_all_by_2"
        ],
        "perturbation": [
            "random_double_bridge"
        ],
        "timeout": 60
    },
    "histogram": {
        "all": {
            "centered_exchange_1": 1084,
            "exchange_1_2": 1333,
            "exchange_2_2": 1274,
            "exchange_3_3": 1237,
            "exchange_3_4": 1214,
            "exchange_4_4": 1200,
            "exchange_ids": 1501,
            "insert_1": 1906,
            "move_all_by_1": 1001,
            "move_all_by_2": 998,
            "relocate_1": 1038,
            "relocate_5": 1028,
            "remove_1": 1906,
            "rexchange_2_2": 1127,
            "rexchange_2_3": 1108,
            "rexchange_4_4": 1106,
            "rrelocate_3": 1006,
            "rrelocate_4": 1005,
            "two_opt": 1707
        },
        "improving": {
            "centered_exchange_1": 31,
            "exchange_1_2": 534,
            "exchange_2_2": 298,
            "exchange_3_3": 199,
            "exchange_3_4": 147,
            "exchange_4_4": 79,
            "exchange_ids": 743,
            "insert_1": 0,
            "move_all_by_1": 5,
            "move_all_by_2": 4,
            "relocate_1": 78,
            "relocate_5": 23,
            "remove_1": 0,
            "rexchange_2_2": 170,
            "rexchange_2_3": 57,
            "rexchange_4_4": 5,
            "rrelocate_3": 32,
            "rrelocate_4": 7,
            "two_opt": 912
        },
        "rate": {
            "centered_exchange_1": 0.028597785159945488,
            "exchange_1_2": 0.4006001353263855,
            "exchange_2_2": 0.23390895128250122,
            "exchange_3_3": 0.16087308526039124,
            "exchange_3_4": 0.12108731269836426,
            "exchange_4_4": 0.06583333015441895,
            "exchange_ids": 0.495003342628479,
            "insert_1": 0.0,
            "move_all_by_1": 0.004995005205273628,
            "move_all_by_2": 0.004008016083389521,
            "relocate_1": 0.07514450699090958,
            "relocate_5": 0.022373540326952934,
            "remove_1": 0.0,
            "rexchange_2_2": 0.15084294974803925,
            "rexchange_2_3": 0.05144404247403145,
            "rexchange_4_4": 0.004520795773714781,
            "rrelocate_3": 0.03180914372205734,
            "rrelocate_4": 0.006965174339711666,
            "two_opt": 0.5342706441879272
        }
    },
    "last_improvement": 0,
    "name": "berlin52",
    "solution": {
        "fitness": 33013478,
        "is_feasible": false,
        "permutation": [
            0,
            14,
            15,
            32,
            2,
            29,
            30,
            33,
            22,
            35,
            36,
            1,
            28,
            8,
            46,
            9,
            43,
            12,
            37,
            42,
            44,
            11,
            16,
            19,
            26,
            45,
            5,
            51,
            3,
            41,
            40,
            34,
            10,
            25,
            38,
            23,
            21,
            7,
            48,
            39,
            6,
            31,
            50,
            47,
            13,
            20,
            4,
            49,
            24,
            18,
            17,
            27
        ],
        "permutation_orig_ids": [
            "1",
            "15",
            "16",
            "33",
            "3",
            "30",
            "31",
            "34",
            "23",
            "36",
            "37",
            "2",
            "29",
            "9",
            "47",
            "10",
            "44",
            "13",
            "38",
            "43",
            "45",
            "12",
            "17",
            "20",
            "27",
            "46",
            "6",
            "52",
            "4",
            "42",
            "41",
            "35",
            "11",
            "26",
            "39",
            "24",
            "22",
            "8",
            "49",
            "40",
            "7",
            "32",
            "51",
            "48",
            "14",
            "21",
            "5",
            "50",
            "25",
            "19",
            "18",
            "28"
        ]
    },
    "steps": {
        "0": 33013478
    },
    "timeout": 60
}