{
    "config": {
        "allow_infeasible": true,
        "construction": "random_replicate",
        "ils_k": 6,
        "local_search": "CVND",
        "metaheuristic": "ILS",
        "num_threads": 8,
        "operators": [
            "insert_1",
            "remove_1",
            "two_opt",
            "exchange_ids",
            "exchange_1_2",
            "exchange_2_2",
            "exchange_3_3",
            "exchange_3_4",
            "exchange_4_4",
            "rexchange_2_2",
            "rexchange_2_3",
            "rexchange_4_4",
            "centered_exchange_1",
            "relocate_1",
            "relocate_5",
            "rrelocate_3",
            "rrelocate_4",
            "move_all_by_1",
            "move_all_by_2"
        ],
        "perturbation": [
            "random_double_bridge"
        ],
        "stop_on_feasible": true,
        "timeout": 20
    },
    "histogram": {
        "all": {
            "centered_exchange_1": 799,
            "exchange_1_2": 828,
            "exchange_2_2": 828,
            "exchange_3_3": 828,
            "exchange_3_4": 828,
            "exchange_4_4": 828,
            "exchange_ids": 845,
            "insert_1": 1096,
            "move_all_by_1": 620,
            "move_all_by_2": 609,
            "relocate_1": 680,
            "relocate_5": 679,
            "remove_1": 1096,
            "rexchange_2_2": 807,
            "rexchange_2_3": 807,
            "rexchange_4_4": 807,
            "rrelocate_3": 677,
            "rrelocate_4": 677,
            "two_opt": 951
        },
        "improving": {
            "centered_exchange_1": 72,
            "exchange_1_2": 221,
            "exchange_2_2": 69,
            "exchange_3_3": 19,
            "exchange_3_4": 19,
            "exchange_4_4": 7,
            "exchange_ids": 357,
            "insert_1": 0,
            "move_all_by_1": 105,
            "move_all_by_2": 32,
            "relocate_1": 232,
            "relocate_5": 19,
            "remove_1": 0,
            "rexchange_2_2": 98,
            "rexchange_2_3": 22,
            "rexchange_4_4": 0,
            "rrelocate_3": 31,
            "rrelocate_4": 10,
            "two_opt": 498
        },
        "rate": {
            "centered_exchange_1": 0.09011264145374298,
            "exchange_1_2": 0.266908198595047,
            "exchange_2_2": 0.0833333358168602,
            "exchange_3_3": 0.022946860641241074,
            "exchange_3_4": 0.022946860641241074,
            "exchange_4_4": 0.00845410581678152,
            "exchange_ids": 0.42248520255088806,
            "insert_1": 0.0,
            "move_all_by_1": 0.16935484111309052,
            "move_all_by_2": 0.052545156329870224,
            "relocate_1": 0.34117648005485535,
            "relocate_5": 0.027982326224446297,
            "remove_1": 0.0,
            "rexchange_2_2": 0.1214374229311943,
            "rexchange_2_3": 0.027261462062597275,
            "rexchange_4_4": 0.0,
            "rrelocate_3": 0.04579025134444237,
            "rrelocate_4": 0.014771048910915852,
            "two_opt": 0.5236592888832092
        }
    },
    "last_improvement": 6,
    "name": "random-20-3.00-45",
    "solution": {
        "fitness": 1000882,
        "is_feasible": false,
        "permutation": [
            16,
            2,
            14,
            5,
            18,
            15,
            4,
            6,
            8,
            1,
            13,
            7,
            11,
            0,
            3,
            19,
            12,
            17,
            10,
            9
        ],
        "permutation_orig_ids": [
            "17",
            "3",
            "15",
            "6",
            "19",
            "16",
            "5",
            "7",
            "9",
            "2",
            "14",
            "8",
            "12",
            "1",
            "4",
            "20",
            "13",
            "18",
            "11",
            "10"
        ],
        "walk_orig_ids": [
            "17",
            "3",
            "10",
            "15",
            "1",
            "6",
            "19",
            "16",
            "5",
            "7",
            "2",
            "9",
            "2",
            "14",
            "12",
            "8",
            "12",
            "1",
            "4",
            "20",
            "13",
            "18",
            "11",
            "10"
        ],
        "walk_processing": [
            true,
            true,
            false,
            true,
            false,
            true,
            true,
            true,
            true,
            true,
            false,
            true,
            true,
            true,
            false,
            true,
            true,
            true,
            true,
            true,
            true,
            true,
            true,
            true
        ]
    },
    "steps": {
        "0": 1000913,
        "5": 1000899,
        "6": 1000882
    },
    "timeout": 20
}