{
    "config": {
        "allow_infeasible": true,
        "construction": "random_replicate",
        "ils_k": 1,
        "local_search": "BVND",
        "metaheuristic": "ILS",
        "num_threads": 8,
        "operators": [
            "exchange_ids",
            "exchange_1_1",
            "exchange_2_2",
            "exchange_2_4",
            "exchange_3_4",
            "exchange_4_4",
            "rexchange_2_3",
            "centered_exchange_2",
            "centered_exchange_4",
            "relocate_1",
            "relocate_2",
            "relocate_5",
            "rrelocate_4",
            "move_all_by_1",
            "move_all_by_3",
            "move_all_by_4"
        ],
        "perturbation": [
            "random_swap"
        ],
        "timeout": 1800
    },
    "histogram": {
        "all": {
            "centered_exchange_2": 22,
            "centered_exchange_4": 22,
            "exchange_1_1": 36,
            "exchange_2_2": 23,
            "exchange_2_4": 23,
            "exchange_3_4": 23,
            "exchange_4_4": 23,
            "exchange_ids": 786,
            "move_all_by_1": 22,
            "move_all_by_3": 22,
            "move_all_by_4": 13,
            "relocate_1": 22,
            "relocate_2": 22,
            "relocate_5": 22,
            "rexchange_2_3": 22,
            "rrelocate_4": 22
        },
        "improving": {
            "centered_exchange_2": 0,
            "centered_exchange_4": 0,
            "exchange_1_1": 13,
            "exchange_2_2": 0,
            "exchange_2_4": 0,
            "exchange_3_4": 0,
            "exchange_4_4": 0,
            "exchange_ids": 750,
            "move_all_by_1": 0,
            "move_all_by_3": 9,
            "move_all_by_4": 0,
            "relocate_1": 0,
            "relocate_2": 0,
            "relocate_5": 0,
            "rexchange_2_3": 0,
            "rrelocate_4": 0
        },
        "rate": {
            "centered_exchange_2": 0.0,
            "centered_exchange_4": 0.0,
            "exchange_1_1": 0.3611111044883728,
            "exchange_2_2": 0.0,
            "exchange_2_4": 0.0,
            "exchange_3_4": 0.0,
            "exchange_4_4": 0.0,
            "exchange_ids": 0.9541984796524048,
            "move_all_by_1": 0.0,
            "move_all_by_3": 0.40909090638160706,
            "move_all_by_4": 0.0,
            "relocate_1": 0.0,
            "relocate_2": 0.0,
            "relocate_5": 0.0,
            "rexchange_2_3": 0.0,
            "rrelocate_4": 0.0
        }
    },
    "last_improvement": 1289,
    "name": "npfs-VFR100_20_2.txt",
    "solution": {
        "solution": {
            "fitness": 6519,
            "is_feasible": true,
            "permutation": [
                6,
                68,
                48,
                40,
                14,
                43,
                60,
                16,
                20,
                83,
                86,
                66,
                27,
                41,
                94,
                59,
                47,
                99,
                54,
                24,
                69,
                9,
                70,
                91,
                76,
                74,
                1,
                37,
                5,
                53,
                61,
                56,
                11,
                65,
                71,
                31,
                81,
                13,
                2,
                62,
                95,
                26,
                93,
                25,
                34,
                96,
                80,
                75,
                36,
                67,
                38,
                33,
                7,
                28,
                15,
                52,
                8,
                64,
                42,
                51,
                97,
                89,
                49,
                39,
                30,
                45,
                73,
                57,
                55,
                3,
                88,
                78,
                85,
                21,
                79,
                44,
                4,
                84,
                22,
                19,
                29,
                10,
                18,
                87,
                50,
                98,
                90,
                58,
                72,
                12,
                92,
                82,
                32,
                23,
                0,
                46,
                77,
                35,
                17,
                63,
                6,
                68,
                48,
                40,
                14,
                43,
                60,
                16,
                20,
                83,
                86,
                66,
                27,
                41,
                94,
                59,
                47,
                99,
                54,
                24,
                69,
                9,
                70,
                91,
                76,
                74,
                1,
                37,
                5,
                53,
                61,
                56,
                11,
                65,
                71,
                31,
                81,
                13,
                2,
                62,
                95,
                26,
                93,
                25,
                34,
                96,
                80,
                75,
                36,
                67,
                38,
                33,
                7,
                28,
                15,
                52,
                8,
                64,
                42,
                51,
                97,
                89,
                49,
                39,
                30,
                45,
                73,
                57,
                55,
                3,
                88,
                78,
                85,
                21,
                79,
                44,
                4,
                84,
                22,
                19,
                29,
                10,
                18,
                87,
                50,
                98,
                90,
                58,
                72,
                12,
                92,
                82,
                32,
                23,
                0,
                46,
                77,
                35,
                17,
                63,
                6,
                68,
                48,
                40,
                14,
                43,
                60,
                16,
                20,
                83,
                86,
                66,
                27,
                41,
                94,
                59,
                47,
                99,
                54,
                24,
                69,
                9,
                70,
                91,
                76,
                74,
                1,
                37,
                5,
                53,
                61,
                56,
                11,
                65,
                71,
                31,
                81,
                13,
                2,
                62,
                95,
                26,
                93,
                25,
                34,
                96,
                80,
                75,
                36,
                67,
                38,
                33,
                7,
                28,
                15,
                52,
                8,
                64,
                42,
                51,
                97,
                89,
                49,
                39,
                30,
                45,
                73,
                57,
                55,
                3,
                88,
                78,
                85,
                21,
                79,
                44,
                4,
                84,
                22,
                19,
                29,
                10,
                18,
                87,
                50,
                98,
                90,
                58,
                72,
                12,
                92,
                82,
                32,
                23,
                0,
                46,
                77,
                35,
                17,
                63,
                6,
                68,
                48,
                40,
                14,
                43,
                60,
                16,
                20,
                83,
                86,
                66,
                27,
                41,
                94,
                59,
                47,
                99,
                54,
                24,
                69,
                9,
                70,
                91,
                76,
                74,
                1,
                37,
                5,
                53,
                61,
                56,
                11,
                65,
                71,
                31,
                81,
                13,
                2,
                62,
                95,
                26,
                93,
                25,
                34,
                96,
                80,
                75,
                36,
                67,
                38,
                33,
                7,
                28,
                15,
                52,
                8,
                64,
                42,
                51,
                97,
                89,
                49,
                39,
                30,
                45,
                73,
                57,
                55,
                3,
                88,
                78,
                85,
                21,
                79,
                44,
                4,
                84,
                22,
                19,
                29,
                10,
                18,
                87,
                50,
                98,
                90,
                58,
                72,
                12,
                92,
                82,
                32,
                23,
                0,
                46,
                77,
                35,
                17,
                63,
                6,
                68,
                48,
                40,
                14,
                43,
                60,
                16,
                20,
                83,
                86,
                66,
                27,
                41,
                94,
                59,
                47,
                99,
                54,
                24,
                69,
                9,
                70,
                91,
                76,
                74,
                1,
                37,
                5,
                53,
                61,
                56,
                11,
                65,
                71,
                31,
                81,
                13,
                2,
                62,
                95,
                26,
                93,
                25,
                34,
                96,
                80,
                75,
                36,
                67,
                38,
                33,
                7,
                28,
                15,
                52,
                8,
                64,
                42,
                51,
                97,
                89,
                49,
                39,
                30,
                45,
                73,
                57,
                55,
                3,
                88,
                78,
                85,
                21,
                79,
                44,
                4,
                84,
                22,
                19,
                29,
                10,
                18,
                87,
                50,
                98,
                90,
                58,
                72,
                12,
                92,
                82,
                32,
                23,
                0,
                46,
                77,
                35,
                17,
                63,
                6,
                68,
                48,
                40,
                14,
                43,
                60,
                16,
                20,
                83,
                86,
                66,
                27,
                41,
                94,
                59,
                47,
                99,
                54,
                24,
                69,
                9,
                70,
                91,
                76,
                74,
                1,
                37,
                5,
                53,
                61,
                56,
                11,
                65,
                71,
                31,
                81,
                13,
                2,
                62,
                95,
                26,
                93,
                25,
                34,
                96,
                80,
                75,
                36,
                67,
                38,
                33,
                7,
                28,
                15,
                52,
                8,
                64,
                42,
                51,
                97,
                89,
                49,
                39,
                30,
                45,
                73,
                57,
                55,
                3,
                88,
                78,
                85,
                21,
                79,
                44,
                4,
                84,
                22,
                19,
                29,
                10,
                18,
                87,
                50,
                98,
                90,
                58,
                72,
                12,
                92,
                82,
                32,
                23,
                0,
                46,
                77,
                35,
                17,
                63,
                6,
                68,
                48,
                40,
                14,
                43,
                60,
                16,
                20,
                83,
                86,
                66,
                27,
                41,
                94,
                59,
                47,
                99,
                54,
                24,
                69,
                9,
                70,
                91,
                76,
                74,
                1,
                37,
                5,
                53,
                61,
                56,
                11,
                65,
                71,
                31,
                81,
                13,
                2,
                62,
                95,
                26,
                93,
                25,
                34,
                96,
                80,
                75,
                36,
                67,
                38,
                33,
                7,
                28,
                15,
                52,
                8,
                64,
                42,
                51,
                97,
                89,
                49,
                39,
                30,
                45,
                73,
                57,
                55,
                3,
                88,
                78,
                85,
                21,
                79,
                44,
                4,
                84,
                22,
                19,
                29,
                10,
                18,
                87,
                50,
                98,
                90,
                58,
                72,
                12,
                92,
                82,
                32,
                23,
                0,
                46,
                77,
                35,
                17,
                63,
                6,
                68,
                48,
                40,
                14,
                43,
                60,
                16,
                20,
                83,
                86,
                66,
                27,
                41,
                94,
                59,
                47,
                99,
                54,
                24,
                69,
                9,
                70,
                91,
                76,
                74,
                1,
                37,
                5,
                53,
                61,
                56,
                11,
                65,
                71,
                31,
                81,
                13,
                2,
                62,
                95,
                26,
                93,
                25,
                34,
                96,
                80,
                75,
                36,
                67,
                38,
                33,
                7,
                28,
                15,
                52,
                8,
                64,
                42,
                51,
                97,
                89,
                49,
                39,
                30,
                45,
                73,
                57,
                55,
                3,
                88,
                78,
                85,
                21,
                79,
                44,
                4,
                84,
                22,
                19,
                29,
                10,
                18,
                87,
                50,
                98,
                90,
                58,
                72,
                12,
                92,
                82,
                32,
                23,
                0,
                46,
                77,
                35,
                17,
                63,
                6,
                68,
                48,
                40,
                14,
                43,
                60,
                16,
                20,
                83,
                86,
                66,
                27,
                41,
                94,
                59,
                47,
                99,
                54,
                24,
                69,
                9,
                70,
                91,
                76,
                74,
                1,
                37,
                5,
                53,
                61,
                56,
                11,
                65,
                71,
                31,
                81,
                13,
                2,
                62,
                95,
                26,
                93,
                25,
                34,
                96,
                80,
                75,
                36,
                67,
                38,
                33,
                7,
                28,
                15,
                52,
                8,
                64,
                42,
                51,
                97,
                89,
                49,
                39,
                30,
                45,
                73,
                57,
                55,
                3,
                88,
                78,
                85,
                21,
                79,
                44,
                4,
                84,
                22,
                19,
                29,
                10,
                18,
                87,
                50,
                98,
                90,
                58,
                72,
                12,
                92,
                82,
                32,
                23,
                0,
                46,
                77,
                35,
                17,
                63,
                6,
                68,
                48,
                40,
                14,
                43,
                60,
                16,
                20,
                83,
                86,
                66,
                27,
                41,
                94,
                59,
                47,
                99,
                54,
                24,
                69,
                9,
                70,
                91,
                76,
                74,
                1,
                37,
                5,
                53,
                61,
                56,
                11,
                65,
                71,
                31,
                81,
                13,
                2,
                62,
                95,
                26,
                93,
                25,
                34,
                96,
                80,
                75,
                36,
                67,
                38,
                33,
                7,
                28,
                15,
                52,
                8,
                64,
                42,
                51,
                97,
                89,
                49,
                39,
                30,
                45,
                73,
                57,
                55,
                3,
                88,
                78,
                85,
                21,
                79,
                44,
                4,
                84,
                22,
                19,
                29,
                10,
                18,
                87,
                50,
                98,
                90,
                58,
                72,
                12,
                92,
                82,
                32,
                23,
                0,
                46,
                77,
                35,
                17,
                63,
                6,
                68,
                48,
                40,
                14,
                43,
                60,
                16,
                20,
                83,
                86,
                66,
                27,
                41,
                94,
                59,
                47,
                99,
                54,
                24,
                69,
                9,
                70,
                91,
                76,
                74,
                1,
                37,
                5,
                53,
                61,
                56,
                11,
                65,
                71,
                31,
                81,
                13,
                2,
                62,
                95,
                26,
                93,
                25,
                34,
                96,
                80,
                75,
                36,
                67,
                38,
                33,
                7,
                28,
                15,
                52,
                8,
                64,
                42,
                51,
                97,
                89,
                49,
                39,
                30,
                45,
                73,
                57,
                55,
                3,
                88,
                78,
                85,
                21,
                79,
                44,
                4,
                84,
                22,
                19,
                29,
                10,
                18,
                87,
                50,
                98,
                90,
                58,
                72,
                12,
                92,
                82,
                32,
                23,
                0,
                46,
                77,
                35,
                17,
                63,
                6,
                68,
                48,
                40,
                14,
                43,
                60,
                16,
                20,
                83,
                86,
                66,
                27,
                41,
                94,
                59,
                47,
                99,
                54,
                24,
                69,
                9,
                70,
                91,
                76,
                74,
                1,
                37,
                5,
                53,
                61,
                56,
                11,
                65,
                71,
                31,
                81,
                13,
                2,
                62,
                95,
                26,
                93,
                25,
                34,
                96,
                80,
                75,
                36,
                67,
                38,
                33,
                7,
                28,
                15,
                52,
                8,
                64,
                42,
                51,
                97,
                89,
                49,
                39,
                30,
                45,
                73,
                57,
                55,
                3,
                88,
                78,
                85,
                21,
                79,
                44,
                4,
                84,
                22,
                19,
                29,
                10,
                18,
                87,
                50,
                98,
                90,
                58,
                72,
                12,
                92,
                82,
                32,
                23,
                0,
                46,
                77,
                35,
                17,
                63,
                6,
                68,
                48,
                40,
                14,
                43,
                60,
                16,
                20,
                83,
                86,
                66,
                27,
                41,
                94,
                59,
                47,
                99,
                54,
                24,
                69,
                9,
                70,
                91,
                76,
                74,
                1,
                37,
                5,
                53,
                61,
                56,
                11,
                65,
                71,
                31,
                81,
                13,
                2,
                62,
                95,
                26,
                93,
                25,
                34,
                96,
                80,
                75,
                36,
                67,
                38,
                33,
                7,
                28,
                15,
                52,
                8,
                64,
                42,
                51,
                97,
                89,
                49,
                39,
                30,
                45,
                73,
                57,
                55,
                3,
                88,
                78,
                85,
                21,
                79,
                44,
                4,
                84,
                22,
                19,
                29,
                10,
                18,
                87,
                50,
                98,
                90,
                58,
                72,
                12,
                92,
                82,
                32,
                23,
                0,
                46,
                77,
                35,
                17,
                63,
                6,
                68,
                48,
                40,
                14,
                43,
                60,
                16,
                20,
                83,
                86,
                66,
                27,
                41,
                94,
                59,
                47,
                99,
                54,
                24,
                69,
                9,
                70,
                91,
                76,
                74,
                1,
                37,
                5,
                53,
                61,
                56,
                11,
                65,
                71,
                31,
                81,
                13,
                2,
                62,
                95,
                26,
                93,
                25,
                34,
                96,
                80,
                75,
                36,
                67,
                38,
                33,
                7,
                28,
                15,
                52,
                8,
                64,
                42,
                51,
                97,
                89,
                49,
                39,
                30,
                45,
                73,
                57,
                55,
                3,
                88,
                78,
                85,
                21,
                79,
                44,
                4,
                84,
                22,
                19,
                29,
                10,
                18,
                87,
                50,
                98,
                90,
                58,
                72,
                12,
                92,
                82,
                32,
                23,
                0,
                46,
                77,
                35,
                17,
                63,
                6,
                68,
                48,
                40,
                14,
                43,
                60,
                16,
                20,
                83,
                86,
                66,
                27,
                41,
                94,
                59,
                47,
                99,
                54,
                24,
                69,
                9,
                70,
                91,
                76,
                74,
                1,
                37,
                5,
                53,
                61,
                56,
                11,
                65,
                71,
                31,
                81,
                13,
                2,
                62,
                95,
                26,
                93,
                25,
                34,
                96,
                80,
                75,
                36,
                67,
                38,
                33,
                7,
                28,
                15,
                52,
                8,
                64,
                42,
                51,
                97,
                89,
                49,
                39,
                30,
                45,
                73,
                57,
                55,
                3,
                88,
                78,
                85,
                21,
                79,
                44,
                4,
                84,
                22,
                19,
                29,
                10,
                18,
                87,
                50,
                98,
                90,
                58,
                72,
                12,
                92,
                82,
                32,
                23,
                0,
                46,
                77,
                35,
                17,
                63,
                6,
                68,
                48,
                40,
                14,
                43,
                60,
                16,
                20,
                83,
                86,
                66,
                27,
                41,
                94,
                59,
                47,
                99,
                54,
                24,
                69,
                9,
                70,
                91,
                76,
                74,
                1,
                37,
                5,
                53,
                61,
                56,
                11,
                65,
                71,
                31,
                81,
                13,
                2,
                62,
                95,
                26,
                93,
                25,
                34,
                96,
                80,
                75,
                36,
                67,
                38,
                33,
                7,
                28,
                15,
                52,
                8,
                64,
                42,
                51,
                97,
                89,
                49,
                39,
                30,
                45,
                73,
                57,
                55,
                3,
                88,
                78,
                85,
                21,
                79,
                44,
                4,
                84,
                22,
                19,
                29,
                10,
                18,
                87,
                50,
                98,
                90,
                58,
                72,
                12,
                92,
                82,
                32,
                23,
                0,
                46,
                77,
                35,
                17,
                63,
                6,
                68,
                48,
                40,
                14,
                43,
                60,
                16,
                20,
                83,
                86,
                66,
                27,
                41,
                94,
                59,
                47,
                99,
                54,
                24,
                69,
                9,
                70,
                91,
                76,
                74,
                1,
                37,
                5,
                53,
                61,
                56,
                11,
                65,
                71,
                31,
                81,
                13,
                2,
                62,
                95,
                26,
                93,
                25,
                34,
                96,
                80,
                75,
                36,
                67,
                38,
                33,
                7,
                28,
                15,
                52,
                8,
                64,
                42,
                51,
                97,
                89,
                49,
                39,
                30,
                45,
                73,
                57,
                55,
                3,
                88,
                78,
                85,
                21,
                79,
                44,
                4,
                84,
                22,
                19,
                29,
                10,
                18,
                87,
                50,
                98,
                90,
                58,
                72,
                12,
                92,
                82,
                32,
                23,
                0,
                46,
                77,
                35,
                17,
                63,
                6,
                68,
                48,
                40,
                14,
                43,
                60,
                16,
                20,
                83,
                86,
                66,
                27,
                41,
                94,
                59,
                47,
                99,
                54,
                24,
                69,
                9,
                70,
                91,
                76,
                74,
                1,
                37,
                5,
                53,
                61,
                56,
                11,
                65,
                71,
                31,
                81,
                13,
                2,
                62,
                95,
                26,
                93,
                25,
                34,
                96,
                80,
                75,
                36,
                67,
                38,
                33,
                7,
                28,
                15,
                52,
                8,
                64,
                42,
                51,
                97,
                89,
                49,
                39,
                30,
                45,
                73,
                57,
                55,
                3,
                88,
                78,
                85,
                21,
                79,
                44,
                4,
                84,
                22,
                19,
                29,
                10,
                18,
                87,
                50,
                98,
                90,
                58,
                72,
                12,
                92,
                82,
                32,
                23,
                0,
                46,
                77,
                35,
                17,
                63,
                6,
                68,
                48,
                40,
                14,
                43,
                60,
                16,
                20,
                83,
                86,
                66,
                27,
                41,
                94,
                59,
                47,
                99,
                54,
                24,
                69,
                9,
                70,
                91,
                76,
                74,
                1,
                37,
                5,
                53,
                61,
                56,
                11,
                65,
                71,
                31,
                81,
                13,
                2,
                62,
                95,
                26,
                93,
                25,
                34,
                96,
                80,
                75,
                36,
                67,
                38,
                33,
                7,
                28,
                15,
                52,
                8,
                64,
                42,
                51,
                97,
                89,
                49,
                39,
                30,
                45,
                73,
                57,
                55,
                3,
                88,
                78,
                85,
                21,
                79,
                44,
                4,
                84,
                22,
                19,
                29,
                10,
                18,
                87,
                50,
                98,
                90,
                58,
                72,
                12,
                92,
                82,
                32,
                23,
                0,
                46,
                77,
                35,
                17,
                63,
                6,
                68,
                48,
                40,
                14,
                43,
                60,
                16,
                20,
                83,
                86,
                66,
                27,
                41,
                94,
                59,
                47,
                99,
                54,
                24,
                69,
                9,
                70,
                91,
                76,
                74,
                1,
                37,
                5,
                53,
                61,
                56,
                11,
                65,
                71,
                31,
                81,
                13,
                2,
                62,
                95,
                26,
                93,
                25,
                34,
                96,
                80,
                75,
                36,
                67,
                38,
                33,
                7,
                28,
                15,
                52,
                8,
                64,
                42,
                51,
                97,
                89,
                49,
                39,
                30,
                45,
                73,
                57,
                55,
                3,
                88,
                78,
                85,
                21,
                79,
                44,
                4,
                84,
                22,
                19,
                29,
                10,
                18,
                87,
                50,
                98,
                90,
                58,
                72,
                12,
                92,
                82,
                32,
                23,
                0,
                46,
                77,
                35,
                17,
                63
            ]
        }
    },
    "steps": {
        "0": 6708,
        "1289": 6519,
        "159": 6678,
        "160": 6652,
        "402": 6639,
        "569": 6556,
        "570": 6553,
        "645": 6550,
        "720": 6534,
        "75": 6688,
        "804": 6526
    },
    "timeout": 1800
}