{
    "config": {
        "allow_infeasible": true,
        "construction": "random_replicate",
        "ils_k": 6,
        "local_search": "CVND",
        "metaheuristic": "ILS",
        "num_threads": 8,
        "operators": [
            "insert_1",
            "remove_1",
            "two_opt",
            "exchange_ids",
            "exchange_1_2",
            "exchange_2_2",
            "exchange_3_3",
            "exchange_3_4",
            "exchange_4_4",
            "rexchange_2_2",
            "rexchange_2_3",
            "rexchange_4_4",
            "centered_exchange_1",
            "relocate_1",
            "relocate_5",
            "rrelocate_3",
            "rrelocate_4",
            "move_all_by_1",
            "move_all_by_2"
        ],
        "perturbation": [
            "random_double_bridge"
        ],
        "stop_on_feasible": true,
        "timeout": 24
    },
    "histogram": {
        "all": {
            "centered_exchange_1": 0,
            "exchange_1_2": 0,
            "exchange_2_2": 0,
            "exchange_3_3": 0,
            "exchange_3_4": 0,
            "exchange_4_4": 0,
            "exchange_ids": 0,
            "insert_1": 0,
            "move_all_by_1": 0,
            "move_all_by_2": 0,
            "relocate_1": 0,
            "relocate_5": 0,
            "remove_1": 0,
            "rexchange_2_2": 0,
            "rexchange_2_3": 0,
            "rexchange_4_4": 0,
            "rrelocate_3": 0,
            "rrelocate_4": 0,
            "two_opt": 0
        },
        "improving": {
            "centered_exchange_1": 0,
            "exchange_1_2": 0,
            "exchange_2_2": 0,
            "exchange_3_3": 0,
            "exchange_3_4": 0,
            "exchange_4_4": 0,
            "exchange_ids": 0,
            "insert_1": 0,
            "move_all_by_1": 0,
            "move_all_by_2": 0,
            "relocate_1": 0,
            "relocate_5": 0,
            "remove_1": 0,
            "rexchange_2_2": 0,
            "rexchange_2_3": 0,
            "rexchange_4_4": 0,
            "rrelocate_3": 0,
            "rrelocate_4": 0,
            "two_opt": 0
        },
        "rate": {
            "centered_exchange_1": 0.0,
            "exchange_1_2": 0.0,
            "exchange_2_2": 0.0,
            "exchange_3_3": 0.0,
            "exchange_3_4": 0.0,
            "exchange_4_4": 0.0,
            "exchange_ids": 0.0,
            "insert_1": 0.0,
            "move_all_by_1": 0.0,
            "move_all_by_2": 0.0,
            "relocate_1": 0.0,
            "relocate_5": 0.0,
            "remove_1": 0.0,
            "rexchange_2_2": 0.0,
            "rexchange_2_3": 0.0,
            "rexchange_4_4": 0.0,
            "rrelocate_3": 0.0,
            "rrelocate_4": 0.0,
            "two_opt": 0.0
        }
    },
    "last_improvement": 0,
    "name": "random-24-7.67-7",
    "solution": {
        "fitness": 1872,
        "is_feasible": true,
        "permutation": [
            8,
            23,
            19,
            2,
            12,
            13,
            3,
            0,
            11,
            4,
            5,
            6,
            20,
            21,
            16,
            15,
            22,
            14,
            10,
            17,
            18,
            9,
            1,
            7
        ],
        "permutation_orig_ids": [
            "9",
            "24",
            "20",
            "3",
            "13",
            "14",
            "4",
            "1",
            "12",
            "5",
            "6",
            "7",
            "21",
            "22",
            "17",
            "16",
            "23",
            "15",
            "11",
            "18",
            "19",
            "10",
            "2",
            "8"
        ],
        "walk_orig_ids": [
            "9",
            "24",
            "20",
            "9",
            "15",
            "3",
            "13",
            "14",
            "16",
            "4",
            "1",
            "17",
            "12",
            "11",
            "5",
            "6",
            "15",
            "7",
            "21",
            "5",
            "22",
            "5",
            "17",
            "18",
            "14",
            "16",
            "14",
            "23",
            "2",
            "15",
            "5",
            "11",
            "18",
            "19",
            "18",
            "10",
            "21",
            "23",
            "2",
            "23",
            "21",
            "8",
            "3",
            "15"
        ],
        "walk_processing": [
            true,
            true,
            true,
            false,
            false,
            true,
            true,
            true,
            false,
            true,
            true,
            false,
            true,
            false,
            true,
            true,
            false,
            true,
            true,
            false,
            true,
            false,
            true,
            false,
            false,
            true,
            false,
            true,
            false,
            true,
            false,
            true,
            true,
            true,
            false,
            true,
            false,
            false,
            true,
            false,
            false,
            true,
            false,
            false
        ]
    },
    "steps": {
        "0": 1872
    },
    "timeout": 24
}