{
    "config": {
        "allow_infeasible": true,
        "construction": "random_replicate",
        "ils_k": 6,
        "local_search": "CVND",
        "metaheuristic": "ILS",
        "num_threads": 8,
        "operators": [
            "insert_1",
            "remove_1",
            "two_opt",
            "exchange_ids",
            "exchange_1_2",
            "exchange_2_2",
            "exchange_3_3",
            "exchange_3_4",
            "exchange_4_4",
            "rexchange_2_2",
            "rexchange_2_3",
            "rexchange_4_4",
            "centered_exchange_1",
            "relocate_1",
            "relocate_5",
            "rrelocate_3",
            "rrelocate_4",
            "move_all_by_1",
            "move_all_by_2"
        ],
        "perturbation": [
            "random_double_bridge"
        ],
        "stop_on_feasible": true,
        "timeout": 90
    },
    "histogram": {
        "all": {
            "centered_exchange_1": 7,
            "exchange_1_2": 7,
            "exchange_2_2": 7,
            "exchange_3_3": 7,
            "exchange_3_4": 7,
            "exchange_4_4": 7,
            "exchange_ids": 7,
            "insert_1": 7,
            "move_all_by_1": 6,
            "move_all_by_2": 6,
            "relocate_1": 7,
            "relocate_5": 7,
            "remove_1": 7,
            "rexchange_2_2": 7,
            "rexchange_2_3": 7,
            "rexchange_4_4": 7,
            "rrelocate_3": 7,
            "rrelocate_4": 6,
            "two_opt": 7
        },
        "improving": {
            "centered_exchange_1": 5,
            "exchange_1_2": 7,
            "exchange_2_2": 5,
            "exchange_3_3": 4,
            "exchange_3_4": 5,
            "exchange_4_4": 4,
            "exchange_ids": 7,
            "insert_1": 0,
            "move_all_by_1": 6,
            "move_all_by_2": 6,
            "relocate_1": 7,
            "relocate_5": 6,
            "remove_1": 0,
            "rexchange_2_2": 6,
            "rexchange_2_3": 5,
            "rexchange_4_4": 5,
            "rrelocate_3": 7,
            "rrelocate_4": 5,
            "two_opt": 7
        },
        "rate": {
            "centered_exchange_1": 0.7142857313156128,
            "exchange_1_2": 1.0,
            "exchange_2_2": 0.7142857313156128,
            "exchange_3_3": 0.5714285969734192,
            "exchange_3_4": 0.7142857313156128,
            "exchange_4_4": 0.5714285969734192,
            "exchange_ids": 1.0,
            "insert_1": 0.0,
            "move_all_by_1": 1.0,
            "move_all_by_2": 1.0,
            "relocate_1": 1.0,
            "relocate_5": 0.8571428656578064,
            "remove_1": 0.0,
            "rexchange_2_2": 0.8571428656578064,
            "rexchange_2_3": 0.7142857313156128,
            "rexchange_4_4": 0.7142857313156128,
            "rrelocate_3": 1.0,
            "rrelocate_4": 0.8333333134651184,
            "two_opt": 1.0
        }
    },
    "last_improvement": 91,
    "name": "random-90-7.96-6",
    "solution": {
        "fitness": 1004289,
        "is_feasible": false,
        "permutation": [
            15,
            11,
            42,
            69,
            78,
            41,
            85,
            16,
            87,
            13,
            10,
            83,
            7,
            48,
            89,
            65,
            74,
            17,
            34,
            51,
            18,
            62,
            88,
            73,
            81,
            22,
            35,
            14,
            40,
            49,
            82,
            61,
            58,
            46,
            5,
            28,
            44,
            31,
            66,
            32,
            8,
            36,
            68,
            63,
            50,
            53,
            84,
            3,
            38,
            55,
            56,
            6,
            79,
            1,
            52,
            72,
            24,
            25,
            9,
            86,
            37,
            4,
            20,
            71,
            12,
            75,
            30,
            76,
            59,
            33,
            27,
            29,
            26,
            19,
            2,
            70,
            39,
            43,
            23,
            47,
            45,
            67,
            54,
            21,
            60,
            80,
            0,
            77,
            57,
            64
        ],
        "permutation_orig_ids": [
            "16",
            "12",
            "43",
            "70",
            "79",
            "42",
            "86",
            "17",
            "88",
            "14",
            "11",
            "84",
            "8",
            "49",
            "90",
            "66",
            "75",
            "18",
            "35",
            "52",
            "19",
            "63",
            "89",
            "74",
            "82",
            "23",
            "36",
            "15",
            "41",
            "50",
            "83",
            "62",
            "59",
            "47",
            "6",
            "29",
            "45",
            "32",
            "67",
            "33",
            "9",
            "37",
            "69",
            "64",
            "51",
            "54",
            "85",
            "4",
            "39",
            "56",
            "57",
            "7",
            "80",
            "2",
            "53",
            "73",
            "25",
            "26",
            "10",
            "87",
            "38",
            "5",
            "21",
            "72",
            "13",
            "76",
            "31",
            "77",
            "60",
            "34",
            "28",
            "30",
            "27",
            "20",
            "3",
            "71",
            "40",
            "44",
            "24",
            "48",
            "46",
            "68",
            "55",
            "22",
            "61",
            "81",
            "1",
            "78",
            "58",
            "65"
        ],
        "walk_orig_ids": [
            "16",
            "12",
            "43",
            "70",
            "79",
            "42",
            "86",
            "17",
            "88",
            "14",
            "11",
            "84",
            "8",
            "49",
            "90",
            "37",
            "66",
            "75",
            "18",
            "35",
            "52",
            "19",
            "63",
            "89",
            "74",
            "38",
            "82",
            "23",
            "36",
            "15",
            "50",
            "41",
            "50",
            "83",
            "62",
            "80",
            "59",
            "47",
            "63",
            "29",
            "6",
            "29",
            "45",
            "48",
            "32",
            "48",
            "49",
            "67",
            "33",
            "9",
            "37",
            "9",
            "33",
            "69",
            "64",
            "11",
            "51",
            "85",
            "54",
            "85",
            "4",
            "85",
            "39",
            "56",
            "57",
            "7",
            "80",
            "2",
            "53",
            "73",
            "25",
            "73",
            "26",
            "10",
            "87",
            "38",
            "5",
            "61",
            "21",
            "61",
            "13",
            "72",
            "13",
            "76",
            "60",
            "17",
            "31",
            "17",
            "77",
            "17",
            "60",
            "44",
            "34",
            "88",
            "18",
            "20",
            "30",
            "28",
            "30",
            "87",
            "27",
            "87",
            "30",
            "20",
            "18",
            "3",
            "89",
            "71",
            "89",
            "3",
            "88",
            "40",
            "88",
            "18",
            "73",
            "44",
            "8",
            "80",
            "81",
            "24",
            "81",
            "48",
            "68",
            "9",
            "46",
            "9",
            "68",
            "48",
            "81",
            "80",
            "55",
            "5",
            "61",
            "22",
            "61",
            "5",
            "55",
            "80",
            "81",
            "39",
            "1",
            "78",
            "1",
            "58",
            "65"
        ],
        "walk_processing": [
            true,
            true,
            true,
            true,
            true,
            true,
            true,
            true,
            true,
            true,
            true,
            true,
            true,
            true,
            true,
            false,
            true,
            true,
            true,
            true,
            true,
            true,
            true,
            true,
            true,
            false,
            true,
            true,
            true,
            true,
            false,
            true,
            true,
            true,
            true,
            false,
            true,
            true,
            false,
            false,
            true,
            true,
            true,
            false,
            true,
            false,
            false,
            true,
            true,
            true,
            true,
            false,
            false,
            true,
            true,
            false,
            true,
            false,
            true,
            true,
            true,
            false,
            true,
            true,
            true,
            true,
            true,
            true,
            true,
            true,
            true,
            false,
            true,
            true,
            true,
            true,
            true,
            false,
            true,
            false,
            false,
            true,
            true,
            true,
            false,
            false,
            true,
            false,
            true,
            false,
            true,
            false,
            true,
            false,
            false,
            false,
            false,
            true,
            true,
            false,
            true,
            false,
            false,
            true,
            false,
            true,
            false,
            true,
            false,
            false,
            false,
            true,
            false,
            false,
            false,
            true,
            false,
            false,
            false,
            true,
            false,
            true,
            false,
            false,
            true,
            false,
            true,
            false,
            false,
            false,
            true,
            false,
            false,
            true,
            true,
            false,
            false,
            false,
            true,
            false,
            true,
            true,
            false,
            true,
            true
        ]
    },
    "steps": {
        "0": 19007334,
        "1": 12009915,
        "10": 5011140,
        "12": 5010364,
        "13": 5009542,
        "14": 4009987,
        "16": 4009407,
        "17": 4008972,
        "19": 4008070,
        "2": 9011894,
        "20": 3008538,
        "22": 3008060,
        "23": 3007855,
        "24": 3007673,
        "25": 3007452,
        "26": 3007352,
        "27": 3007207,
        "29": 3007073,
        "3": 8010689,
        "30": 3006895,
        "31": 3006646,
        "32": 3006476,
        "33": 3006300,
        "34": 3005993,
        "35": 3005897,
        "36": 3005699,
        "37": 3005555,
        "38": 3005454,
        "39": 3005391,
        "40": 3005343,
        "41": 3005255,
        "42": 3005187,
        "43": 3005116,
        "44": 3005021,
        "45": 2006155,
        "46": 2005631,
        "47": 2005347,
        "48": 2005169,
        "49": 2005085,
        "5": 7010924,
        "50": 1006206,
        "51": 1005626,
        "52": 1005582,
        "53": 1005562,
        "54": 1005547,
        "55": 1005527,
        "56": 1005505,
        "57": 1005480,
        "58": 1005112,
        "59": 1005083,
        "6": 6011346,
        "60": 1005061,
        "61": 1004924,
        "62": 1004907,
        "63": 1004858,
        "64": 1004849,
        "67": 1004827,
        "68": 1004805,
        "69": 1004757,
        "7": 6010476,
        "70": 1004694,
        "71": 1004664,
        "72": 1004604,
        "73": 1004598,
        "74": 1004572,
        "76": 1004571,
        "77": 1004557,
        "79": 1004520,
        "80": 1004514,
        "81": 1004490,
        "82": 1004453,
        "83": 1004331,
        "89": 1004291,
        "9": 5013058,
        "91": 1004289
    },
    "timeout": 90
}