{
    "config": {
        "allow_infeasible": true,
        "bvns_max_k": 8,
        "bvns_min_k": 3,
        "construction": "random",
        "local_search": "RVND",
        "metaheuristic": "BVNS",
        "num_threads": 8,
        "operators": [
            "insert_1",
            "remove_1",
            "two_opt",
            "exchange_ids",
            "exchange_1_1",
            "exchange_1_2",
            "exchange_2_3",
            "exchange_2_4",
            "exchange_3_3",
            "exchange_3_4",
            "rexchange_1_2",
            "centered_exchange_1",
            "centered_exchange_2",
            "centered_exchange_3",
            "centered_exchange_4",
            "relocate_5",
            "rrelocate_2",
            "rrelocate_3",
            "rrelocate_5",
            "move_all_by_2",
            "move_all_by_3",
            "move_all_by_4"
        ],
        "perturbation": [
            "random_double_bridge"
        ],
        "timeout": 3600
    },
    "histogram": {
        "all": {
            "centered_exchange_1": 902,
            "centered_exchange_2": 901,
            "centered_exchange_3": 901,
            "centered_exchange_4": 901,
            "exchange_1_1": 901,
            "exchange_1_2": 901,
            "exchange_2_3": 901,
            "exchange_2_4": 902,
            "exchange_3_3": 901,
            "exchange_3_4": 902,
            "exchange_ids": 902,
            "insert_1": 901,
            "move_all_by_2": 901,
            "move_all_by_3": 901,
            "move_all_by_4": 902,
            "relocate_5": 902,
            "remove_1": 901,
            "rexchange_1_2": 901,
            "rrelocate_2": 902,
            "rrelocate_3": 901,
            "rrelocate_5": 901,
            "two_opt": 901
        },
        "improving": {
            "centered_exchange_1": 371,
            "centered_exchange_2": 322,
            "centered_exchange_3": 291,
            "centered_exchange_4": 143,
            "exchange_1_1": 739,
            "exchange_1_2": 662,
            "exchange_2_3": 511,
            "exchange_2_4": 352,
            "exchange_3_3": 467,
            "exchange_3_4": 439,
            "exchange_ids": 741,
            "insert_1": 134,
            "move_all_by_2": 508,
            "move_all_by_3": 532,
            "move_all_by_4": 561,
            "relocate_5": 374,
            "remove_1": 14,
            "rexchange_1_2": 699,
            "rrelocate_2": 563,
            "rrelocate_3": 506,
            "rrelocate_5": 472,
            "two_opt": 743
        },
        "rate": {
            "centered_exchange_1": 0.4113081991672516,
            "centered_exchange_2": 0.3573806881904602,
            "centered_exchange_3": 0.32297447323799133,
            "centered_exchange_4": 0.15871253609657288,
            "exchange_1_1": 0.8201997876167297,
            "exchange_1_2": 0.7347391843795776,
            "exchange_2_3": 0.5671476125717163,
            "exchange_2_4": 0.39024388790130615,
            "exchange_3_3": 0.5183129906654358,
            "exchange_3_4": 0.4866962432861328,
            "exchange_ids": 0.8215077519416809,
            "insert_1": 0.14872364699840546,
            "move_all_by_2": 0.5638179779052734,
            "move_all_by_3": 0.5904550552368164,
            "move_all_by_4": 0.6219512224197388,
            "relocate_5": 0.4146341383457184,
            "remove_1": 0.015538291074335575,
            "rexchange_1_2": 0.7758046388626099,
            "rrelocate_2": 0.6241685152053833,
            "rrelocate_3": 0.5615982413291931,
            "rrelocate_5": 0.523862361907959,
            "two_opt": 0.8246392607688904
        }
    },
    "last_improvement": 3318,
    "name": "cvrp-X-n749-k98.xml",
    "solution": {
        "solution": {
            "fitness": 81455,
            "is_feasible": true,
            "permutation": [
                0,
                575,
                471,
                490,
                152,
                459,
                2,
                416,
                0,
                77,
                495,
                306,
                395,
                100,
                601,
                509,
                0,
                624,
                547,
                170,
                106,
                215,
                130,
                0,
                493,
                669,
                220,
                169,
                665,
                426,
                69,
                0,
                552,
                447,
                557,
                269,
                72,
                210,
                310,
                0,
                524,
                559,
                150,
                550,
                520,
                187,
                0,
                642,
                633,
                694,
                379,
                49,
                302,
                679,
                360,
                0,
                12,
                31,
                172,
                675,
                748,
                131,
                0,
                276,
                233,
                296,
                603,
                46,
                144,
                0,
                614,
                60,
                282,
                418,
                572,
                730,
                0,
                271,
                666,
                86,
                353,
                654,
                327,
                411,
                643,
                0,
                71,
                500,
                63,
                243,
                427,
                278,
                0,
                234,
                708,
                244,
                466,
                628,
                283,
                94,
                464,
                0,
                678,
                630,
                439,
                248,
                482,
                38,
                732,
                166,
                359,
                171,
                0,
                522,
                629,
                27,
                404,
                676,
                563,
                429,
                281,
                178,
                0,
                138,
                93,
                363,
                274,
                265,
                435,
                155,
                687,
                0,
                73,
                518,
                35,
                148,
                445,
                611,
                576,
                207,
                0,
                96,
                727,
                20,
                700,
                342,
                533,
                0,
                480,
                497,
                44,
                667,
                636,
                251,
                545,
                0,
                513,
                316,
                319,
                738,
                367,
                99,
                600,
                0,
                631,
                400,
                637,
                413,
                285,
                320,
                0,
                17,
                588,
                615,
                7,
                301,
                593,
                673,
                156,
                699,
                300,
                0,
                725,
                8,
                409,
                599,
                440,
                179,
                209,
                0,
                544,
                259,
                127,
                197,
                313,
                384,
                0,
                701,
                693,
                340,
                226,
                609,
                530,
                114,
                336,
                0,
                25,
                398,
                377,
                590,
                358,
                412,
                677,
                0,
                205,
                713,
                571,
                415,
                729,
                0,
                401,
                107,
                460,
                433,
                288,
                402,
                458,
                0,
                564,
                28,
                163,
                174,
                691,
                30,
                573,
                475,
                389,
                51,
                322,
                0,
                297,
                536,
                607,
                291,
                387,
                221,
                176,
                70,
                0,
                553,
                181,
                146,
                312,
                190,
                617,
                744,
                280,
                697,
                0,
                294,
                580,
                13,
                707,
                498,
                160,
                671,
                718,
                0,
                177,
                534,
                455,
                684,
                407,
                663,
                329,
                0,
                141,
                332,
                273,
                709,
                397,
                347,
                0,
                188,
                305,
                227,
                582,
                254,
                330,
                206,
                620,
                392,
                0,
                261,
                510,
                410,
                568,
                245,
                40,
                0,
                682,
                423,
                719,
                640,
                365,
                211,
                277,
                689,
                0,
                323,
                680,
                23,
                408,
                90,
                0,
                535,
                256,
                303,
                82,
                289,
                567,
                621,
                284,
                604,
                121,
                0,
                489,
                10,
                355,
                134,
                660,
                0,
                299,
                704,
                102,
                232,
                382,
                686,
                0,
                263,
                722,
                264,
                16,
                605,
                339,
                668,
                454,
                0,
                577,
                350,
                229,
                4,
                165,
                136,
                405,
                91,
                29,
                309,
                0,
                41,
                512,
                219,
                364,
                55,
                618,
                696,
                208,
                270,
                0,
                714,
                124,
                399,
                692,
                616,
                432,
                128,
                655,
                0,
                406,
                351,
                606,
                587,
                688,
                543,
                0,
                462,
                307,
                362,
                555,
                526,
                598,
                626,
                66,
                0,
                3,
                661,
                119,
                74,
                487,
                126,
                583,
                228,
                0,
                222,
                561,
                88,
                236,
                728,
                403,
                558,
                0,
                308,
                6,
                79,
                651,
                737,
                484,
                239,
                39,
                0,
                556,
                653,
                641,
                468,
                161,
                240,
                85,
                0,
                670,
                145,
                337,
                527,
                230,
                731,
                193,
                705,
                0,
                334,
                153,
                478,
                346,
                422,
                414,
                508,
                168,
                711,
                0,
                644,
                741,
                83,
                685,
                746,
                213,
                0,
                476,
                140,
                562,
                721,
                109,
                610,
                483,
                474,
                0,
                594,
                648,
                376,
                541,
                203,
                262,
                97,
                551,
                521,
                486,
                0,
                157,
                335,
                716,
                720,
                103,
                393,
                529,
                0,
                105,
                217,
                549,
                585,
                185,
                584,
                537,
                0,
                349,
                58,
                98,
                452,
                424,
                548,
                125,
                0,
                204,
                469,
                683,
                745,
                92,
                448,
                253,
                733,
                0,
                420,
                431,
                255,
                632,
                712,
                62,
                224,
                162,
                0,
                116,
                11,
                525,
                195,
                505,
                674,
                369,
                0,
                212,
                5,
                672,
                338,
                595,
                623,
                133,
                659,
                242,
                695,
                0,
                608,
                32,
                658,
                15,
                539,
                0,
                34,
                743,
                465,
                61,
                579,
                235,
                159,
                381,
                386,
                602,
                311,
                0,
                266,
                154,
                690,
                279,
                613,
                293,
                477,
                739,
                0,
                578,
                569,
                247,
                287,
                158,
                173,
                225,
                0,
                457,
                184,
                238,
                123,
                735,
                523,
                108,
                321,
                78,
                517,
                470,
                0,
                113,
                374,
                383,
                638,
                341,
                43,
                456,
                542,
                0,
                366,
                481,
                354,
                120,
                314,
                417,
                723,
                438,
                26,
                0,
                201,
                368,
                241,
                129,
                378,
                268,
                24,
                275,
                664,
                0,
                101,
                111,
                740,
                139,
                394,
                104,
                467,
                0,
                214,
                246,
                591,
                565,
                428,
                218,
                519,
                272,
                0,
                501,
                194,
                371,
                267,
                361,
                196,
                443,
                199,
                223,
                0,
                570,
                622,
                463,
                619,
                724,
                290,
                56,
                0,
                504,
                538,
                612,
                95,
                324,
                0,
                356,
                33,
                47,
                180,
                370,
                348,
                202,
                461,
                257,
                710,
                0,
                89,
                442,
                64,
                298,
                84,
                703,
                450,
                0,
                657,
                122,
                449,
                81,
                485,
                115,
                391,
                110,
                0,
                325,
                647,
                42,
                231,
                589,
                451,
                249,
                65,
                596,
                0,
                216,
                532,
                747,
                68,
                560,
                345,
                87,
                0,
                388,
                1,
                147,
                531,
                292,
                137,
                0,
                295,
                315,
                597,
                151,
                496,
                511,
                191,
                328,
                200,
                540,
                0,
                726,
                546,
                634,
                581,
                566,
                22,
                441,
                0,
                373,
                446,
                67,
                515,
                52,
                488,
                437,
                343,
                0,
                742,
                506,
                317,
                625,
                182,
                53,
                715,
                59,
                473,
                0,
                37,
                706,
                117,
                189,
                75,
                436,
                734,
                425,
                0,
                18,
                681,
                702,
                421,
                80,
                132,
                592,
                492,
                0,
                167,
                19,
                385,
                352,
                149,
                444,
                434,
                698,
                250,
                503,
                183,
                0,
                491,
                112,
                252,
                21,
                142,
                586,
                554,
                0,
                380,
                390,
                646,
                36,
                528,
                516,
                57,
                649,
                0,
                48,
                627,
                192,
                318,
                453,
                717,
                499,
                375,
                14,
                0,
                304,
                419,
                656,
                260,
                9,
                237,
                0,
                45,
                639,
                198,
                662,
                175,
                396,
                479,
                736,
                645,
                0,
                258,
                494,
                372,
                357,
                54,
                0,
                430,
                186,
                118,
                652,
                135,
                635,
                0,
                286,
                502,
                50,
                514,
                507,
                344,
                0,
                472,
                331,
                650,
                143,
                333,
                76,
                326,
                574,
                164,
                0
            ]
        }
    },
    "steps": {
        "0": 1207889529,
        "1": 1207879551,
        "10": 1166207772,
        "100": 843803361,
        "101": 843803166,
        "1018": 82212,
        "1019": 82198,
        "102": 833407808,
        "1020": 82191,
        "1021": 82172,
        "1022": 82139,
        "1023": 82135,
        "1024": 82133,
        "1025": 82108,
        "1026": 82106,
        "103": 833407447,
        "1031": 82092,
        "1032": 82089,
        "1033": 82059,
        "1034": 82044,
        "1035": 82026,
        "1036": 82016,
        "1037": 82012,
        "1038": 81991,
        "104": 833407209,
        "1040": 81985,
        "1041": 81984,
        "1042": 81978,
        "1043": 81974,
        "1046": 81973,
        "1048": 81968,
        "105": 823011689,
        "1050": 81954,
        "1053": 81926,
        "1054": 81920,
        "1055": 81894,
        "1056": 81889,
        "1059": 81879,
        "106": 823011551,
        "1060": 81875,
        "1061": 81870,
        "1063": 81868,
        "1064": 81862,
        "107": 812616248,
        "108": 812616086,
        "109": 812615957,
        "11": 1166200986,
        "110": 812615816,
        "111": 802220522,
        "112": 802220371,
        "113": 802220262,
        "114": 791825092,
        "115": 791824852,
        "116": 791824675,
        "117": 781430280,
        "118": 781429222,
        "119": 781429108,
        "12": 1155797440,
        "120": 771033984,
        "121": 771033826,
        "122": 771033728,
        "123": 771033660,
        "124": 771033564,
        "125": 771033401,
        "126": 760638081,
        "127": 760638007,
        "128": 750242930,
        "129": 750242823,
        "13": 1155790841,
        "130": 750242801,
        "131": 750242714,
        "132": 739847591,
        "133": 739847254,
        "134": 729452051,
        "135": 729451898,
        "136": 729451858,
        "137": 729451751,
        "138": 719056731,
        "139": 719056648,
        "14": 1155784451,
        "140": 719056579,
        "141": 708661451,
        "142": 708661405,
        "143": 708661359,
        "144": 708661299,
        "145": 698266265,
        "146": 698266212,
        "147": 698266148,
        "148": 687870931,
        "149": 687870809,
        "15": 1145382150,
        "150": 687870742,
        "151": 687870526,
        "152": 677475429,
        "153": 667080557,
        "154": 667080452,
        "155": 667080373,
        "156": 667080307,
        "157": 667080078,
        "158": 656685175,
        "159": 656684968,
        "16": 1145376076,
        "160": 646289845,
        "161": 646289737,
        "162": 646289679,
        "163": 646289633,
        "164": 646289590,
        "165": 635894640,
        "166": 635894555,
        "167": 625499470,
        "168": 625499418,
        "169": 625499346,
        "17": 1134975978,
        "170": 625499273,
        "171": 625499185,
        "172": 615104398,
        "173": 604709585,
        "174": 604709431,
        "175": 604709413,
        "176": 604709348,
        "177": 604709323,
        "178": 604709295,
        "179": 594314486,
        "18": 1134970876,
        "180": 583919731,
        "181": 583919631,
        "182": 583919468,
        "183": 573524583,
        "184": 573524410,
        "185": 573524343,
        "186": 573524268,
        "187": 573524253,
        "188": 573524157,
        "189": 563129267,
        "19": 1134965852,
        "190": 563128914,
        "191": 563128827,
        "192": 563128678,
        "193": 542340106,
        "194": 542339056,
        "195": 542338967,
        "196": 542338877,
        "197": 542338756,
        "198": 531943794,
        "199": 531943700,
        "2": 1197473714,
        "20": 1134962075,
        "200": 531943582,
        "201": 531943521,
        "202": 531943495,
        "203": 531943472,
        "204": 521548545,
        "205": 521548518,
        "206": 521548498,
        "207": 511153629,
        "208": 511153560,
        "2081": 81857,
        "2083": 81842,
        "2085": 81840,
        "209": 500759569,
        "21": 1124561950,
        "210": 500758762,
        "211": 500758659,
        "212": 490363322,
        "213": 490363220,
        "214": 490363195,
        "215": 490363161,
        "216": 490363120,
        "217": 490363081,
        "218": 479970156,
        "219": 469573157,
        "22": 1124557434,
        "220": 469573106,
        "2200": 81833,
        "2201": 81828,
        "2202": 81782,
        "2203": 81781,
        "221": 469573079,
        "222": 469573050,
        "223": 469572965,
        "224": 469572893,
        "225": 469572871,
        "226": 459178064,
        "227": 459178022,
        "228": 459178011,
        "229": 448785566,
        "23": 1114158591,
        "230": 438390586,
        "231": 438389179,
        "232": 438389077,
        "233": 428002387,
        "234": 427994719,
        "235": 427994505,
        "236": 427994275,
        "237": 417600287,
        "238": 417599974,
        "239": 417599551,
        "24": 1114155074,
        "240": 417599513,
        "241": 417599208,
        "242": 417599155,
        "243": 417599117,
        "244": 407204783,
        "245": 407204382,
        "246": 396819781,
        "247": 396810559,
        "248": 396810376,
        "249": 386417525,
        "25": 1114151281,
        "250": 386416212,
        "2503": 81771,
        "2505": 81770,
        "2506": 81727,
        "2508": 81726,
        "251": 386415718,
        "2510": 81705,
        "2511": 81694,
        "2512": 81693,
        "2513": 81691,
        "252": 386415534,
        "253": 386415467,
        "254": 376060708,
        "255": 376023180,
        "256": 376022252,
        "257": 365644589,
        "258": 365628675,
        "259": 365628058,
        "26": 1103752739,
        "260": 365627410,
        "261": 365627353,
        "262": 355232400,
        "263": 355232293,
        "264": 344843718,
        "265": 344838443,
        "266": 344838140,
        "267": 334482111,
        "2677": 81681,
        "2678": 81677,
        "2679": 81668,
        "268": 334446159,
        "2680": 81667,
        "2684": 81625,
        "2685": 81616,
        "269": 334443844,
        "27": 1103750102,
        "270": 334443696,
        "271": 334443600,
        "272": 334443461,
        "2722": 81590,
        "2723": 81576,
        "2724": 81574,
        "2726": 81569,
        "2727": 81568,
        "2728": 81564,
        "2729": 81561,
        "273": 324065853,
        "2730": 81559,
        "274": 324051669,
        "275": 313851146,
        "276": 313663133,
        "277": 313656527,
        "278": 313656301,
        "279": 313655762,
        "28": 1093352169,
        "280": 303332967,
        "281": 303264831,
        "282": 303262247,
        "283": 293107319,
        "284": 292886010,
        "2843": 81558,
        "285": 292868779,
        "286": 292868493,
        "287": 282729844,
        "288": 282510920,
        "289": 282475137,
        "29": 1093349350,
        "290": 282473947,
        "291": 272283015,
        "292": 272101985,
        "293": 272081266,
        "294": 261828875,
        "295": 261723913,
        "296": 261699576,
        "297": 261691857,
        "298": 251504885,
        "299": 251306225,
        "3": 1197460993,
        "30": 1093347704,
        "300": 251296341,
        "301": 251295782,
        "302": 241040136,
        "303": 240922376,
        "304": 240909390,
        "305": 240906323,
        "306": 240903999,
        "307": 240902488,
        "308": 230775458,
        "309": 230597111,
        "3091": 81533,
        "3093": 81523,
        "31": 1093345213,
        "310": 230514390,
        "311": 230511806,
        "312": 230511412,
        "313": 220460584,
        "314": 210288037,
        "315": 210160770,
        "316": 210125183,
        "317": 210113771,
        "318": 210112376,
        "319": 210110898,
        "32": 1082946813,
        "320": 200109661,
        "321": 200108323,
        "322": 200107315,
        "3224": 81518,
        "3225": 81514,
        "3226": 81513,
        "3227": 81496,
        "3228": 81489,
        "3229": 81487,
        "323": 200106464,
        "3233": 81483,
        "3234": 81481,
        "324": 200105121,
        "325": 200104309,
        "326": 200103500,
        "327": 200102626,
        "328": 200102064,
        "3287": 81474,
        "3288": 81461,
        "3289": 81460,
        "329": 200101793,
        "3291": 81459,
        "33": 1082944828,
        "330": 200100602,
        "331": 200100132,
        "3317": 81456,
        "3318": 81455,
        "332": 200099825,
        "333": 200099158,
        "334": 200098742,
        "335": 200098161,
        "336": 200097709,
        "337": 200097052,
        "338": 200096819,
        "339": 200096466,
        "34": 1082943048,
        "340": 200096230,
        "341": 200095569,
        "342": 200095002,
        "343": 200094755,
        "344": 200094547,
        "345": 200094281,
        "346": 200093963,
        "347": 200093747,
        "348": 200093127,
        "349": 200092951,
        "35": 1072545378,
        "350": 200092505,
        "351": 200092122,
        "352": 200091891,
        "353": 200091721,
        "354": 200091554,
        "355": 200091333,
        "356": 200091123,
        "357": 200090882,
        "358": 200090659,
        "359": 200090459,
        "36": 1072543109,
        "360": 200090346,
        "361": 200090142,
        "362": 200089950,
        "363": 200089774,
        "364": 200089684,
        "365": 200089546,
        "366": 200089435,
        "367": 200089346,
        "368": 200089241,
        "369": 200089089,
        "37": 1062145739,
        "370": 200088927,
        "371": 200088807,
        "372": 200088677,
        "373": 200088612,
        "374": 200088418,
        "375": 200088320,
        "376": 200088256,
        "377": 200088044,
        "378": 200087891,
        "379": 200087778,
        "38": 1062143947,
        "380": 200087642,
        "381": 200087534,
        "382": 200087383,
        "383": 200087299,
        "384": 200087122,
        "385": 200087035,
        "386": 200086966,
        "387": 200086894,
        "388": 200086846,
        "389": 200086820,
        "39": 1062142933,
        "390": 200086696,
        "391": 200086626,
        "392": 200086557,
        "393": 200086411,
        "394": 200086347,
        "395": 200086312,
        "396": 200086248,
        "397": 200086224,
        "398": 200086119,
        "399": 200086035,
        "4": 1187054071,
        "40": 1051745498,
        "400": 200085966,
        "401": 200085914,
        "402": 200085889,
        "403": 200085854,
        "404": 200085761,
        "405": 200085661,
        "406": 200085580,
        "407": 200085465,
        "408": 200085424,
        "409": 200085375,
        "41": 1041348435,
        "410": 200085291,
        "411": 200085186,
        "412": 200085154,
        "413": 200085126,
        "414": 200085041,
        "415": 200085011,
        "416": 200084966,
        "417": 200084929,
        "418": 200084835,
        "419": 200084810,
        "42": 1041346852,
        "420": 200084761,
        "421": 200084718,
        "422": 200084685,
        "423": 200084655,
        "424": 200084567,
        "425": 200084510,
        "426": 200084468,
        "427": 200084391,
        "428": 200084345,
        "429": 200084340,
        "43": 1041345573,
        "430": 200084283,
        "431": 200084185,
        "432": 200084155,
        "433": 200084135,
        "434": 200084110,
        "435": 200084081,
        "436": 200084072,
        "437": 200084039,
        "438": 200084016,
        "439": 200083982,
        "44": 1041344397,
        "440": 200083957,
        "441": 200083937,
        "442": 200083906,
        "443": 200083871,
        "444": 200083833,
        "445": 200083806,
        "446": 200083791,
        "447": 200083778,
        "448": 200083758,
        "449": 200083710,
        "45": 1041343637,
        "450": 200083693,
        "451": 200083645,
        "452": 200083643,
        "453": 200083609,
        "454": 200083584,
        "455": 200083556,
        "456": 200083544,
        "457": 200083493,
        "458": 200083491,
        "459": 200083455,
        "46": 1041342388,
        "460": 200083444,
        "461": 200083423,
        "462": 200083380,
        "463": 200083358,
        "464": 200083318,
        "465": 200083305,
        "466": 200083295,
        "467": 200083248,
        "468": 200083240,
        "469": 200083180,
        "47": 1030945765,
        "470": 200083138,
        "471": 200083077,
        "472": 200083051,
        "473": 200083037,
        "474": 200083027,
        "475": 200083005,
        "476": 200082998,
        "477": 200082976,
        "478": 200082973,
        "479": 200082962,
        "48": 1020549416,
        "480": 200082943,
        "481": 200082941,
        "482": 200082931,
        "483": 200082903,
        "484": 200082899,
        "485": 200082893,
        "486": 200082885,
        "487": 200082879,
        "488": 200082846,
        "489": 200082814,
        "49": 1020548342,
        "490": 200082810,
        "491": 200082775,
        "492": 200082757,
        "493": 200082716,
        "494": 200082686,
        "495": 200082684,
        "496": 200082672,
        "497": 200082667,
        "498": 200082664,
        "499": 200082615,
        "5": 1187043918,
        "50": 1020547357,
        "500": 200082612,
        "501": 200082609,
        "502": 200082608,
        "503": 200082598,
        "504": 200082584,
        "506": 200082583,
        "508": 200082563,
        "509": 200082562,
        "51": 1010150973,
        "511": 200082515,
        "513": 200082512,
        "514": 200082499,
        "516": 200082498,
        "517": 200082493,
        "519": 200082492,
        "52": 1010150341,
        "521": 200082490,
        "522": 200082487,
        "53": 1010149421,
        "54": 1010148564,
        "541": 110085416,
        "542": 110084594,
        "543": 100409181,
        "544": 100289525,
        "545": 100201254,
        "546": 100171565,
        "547": 10089429,
        "548": 10088286,
        "549": 10087648,
        "55": 999752307,
        "550": 10087187,
        "551": 10086833,
        "552": 10086061,
        "553": 10085836,
        "554": 10085267,
        "555": 10085061,
        "556": 10084914,
        "557": 10084724,
        "558": 10084635,
        "559": 10084268,
        "56": 989356059,
        "560": 10084069,
        "561": 10084008,
        "562": 10083858,
        "563": 10083822,
        "564": 10083684,
        "565": 10083634,
        "566": 10083578,
        "567": 10083495,
        "568": 10083437,
        "569": 10083396,
        "57": 989355334,
        "570": 10083350,
        "571": 10083245,
        "572": 10083221,
        "573": 10083199,
        "574": 10083186,
        "575": 10083179,
        "576": 10083164,
        "577": 10083157,
        "578": 10083097,
        "579": 10083095,
        "58": 989354532,
        "580": 10083071,
        "581": 10083046,
        "582": 10083038,
        "583": 10083016,
        "584": 10082989,
        "585": 10082978,
        "586": 10082876,
        "587": 10082819,
        "588": 10082806,
        "589": 10082796,
        "59": 989353814,
        "590": 10082791,
        "591": 10082740,
        "592": 10082731,
        "593": 10082729,
        "594": 10082728,
        "595": 10082719,
        "596": 10082714,
        "597": 10082695,
        "598": 10082684,
        "599": 10082678,
        "6": 1187034926,
        "60": 978957949,
        "600": 10082666,
        "601": 10082662,
        "602": 10082635,
        "603": 10082634,
        "604": 10082626,
        "605": 10082600,
        "606": 10082572,
        "608": 10082571,
        "61": 978957465,
        "610": 10082569,
        "611": 10082566,
        "612": 10082561,
        "62": 968561268,
        "63": 968560737,
        "64": 968560107,
        "65": 968559553,
        "66": 958163446,
        "67": 958163033,
        "676": 10082542,
        "677": 10082465,
        "678": 10082439,
        "679": 10082405,
        "68": 958162639,
        "680": 10082379,
        "681": 10082360,
        "682": 10082306,
        "683": 10082297,
        "684": 10082278,
        "685": 10082273,
        "686": 10082263,
        "687": 10082249,
        "688": 10082244,
        "689": 10082207,
        "69": 947766336,
        "690": 10082162,
        "691": 10082156,
        "692": 10082146,
        "693": 10082135,
        "694": 10082132,
        "695": 10082128,
        "696": 10082119,
        "698": 10082095,
        "699": 10082049,
        "7": 1176627767,
        "70": 947765770,
        "701": 10082034,
        "702": 10082033,
        "703": 10082028,
        "704": 10082026,
        "705": 10082025,
        "71": 937369948,
        "72": 937369440,
        "73": 937369032,
        "732": 88276,
        "733": 87113,
        "734": 86751,
        "735": 86374,
        "736": 85676,
        "737": 85187,
        "738": 85128,
        "739": 85027,
        "74": 926972842,
        "740": 84842,
        "741": 84592,
        "742": 84424,
        "743": 84340,
        "744": 84305,
        "745": 84141,
        "746": 83991,
        "747": 83777,
        "748": 83641,
        "749": 83588,
        "75": 926972494,
        "750": 83483,
        "751": 83470,
        "752": 83445,
        "753": 83422,
        "754": 83332,
        "755": 83280,
        "756": 83270,
        "757": 83266,
        "758": 83247,
        "759": 83205,
        "76": 926972241,
        "760": 83158,
        "761": 83113,
        "762": 83089,
        "763": 83084,
        "764": 83068,
        "765": 83066,
        "766": 83023,
        "768": 83022,
        "769": 83017,
        "77": 916576626,
        "770": 83012,
        "771": 83009,
        "772": 83004,
        "773": 82937,
        "774": 82936,
        "775": 82906,
        "776": 82848,
        "777": 82807,
        "778": 82793,
        "779": 82789,
        "78": 916576320,
        "79": 916575993,
        "790": 82778,
        "791": 82750,
        "792": 82731,
        "793": 82714,
        "794": 82648,
        "795": 82526,
        "796": 82467,
        "798": 82423,
        "799": 82415,
        "8": 1176621094,
        "80": 916575667,
        "800": 82383,
        "801": 82330,
        "802": 82277,
        "803": 82253,
        "804": 82252,
        "805": 82244,
        "806": 82243,
        "81": 906179915,
        "82": 895784461,
        "83": 895784078,
        "84": 895783833,
        "85": 895783499,
        "86": 895783326,
        "87": 885387642,
        "88": 885387150,
        "89": 874991617,
        "9": 1176612915,
        "90": 874991081,
        "91": 874990765,
        "92": 874990561,
        "93": 874990304,
        "94": 864595055,
        "95": 864594874,
        "96": 864594649,
        "97": 854199451,
        "98": 854199206,
        "99": 843803944
    },
    "timeout": 3600
}