{
    "config": {
        "allow_infeasible": true,
        "construction": "random_replicate",
        "ils_k": 6,
        "local_search": "CVND",
        "metaheuristic": "ILS",
        "num_threads": 8,
        "operators": [
            "insert_1",
            "remove_1",
            "two_opt",
            "exchange_ids",
            "exchange_1_2",
            "exchange_2_2",
            "exchange_3_3",
            "exchange_3_4",
            "exchange_4_4",
            "rexchange_2_2",
            "rexchange_2_3",
            "rexchange_4_4",
            "centered_exchange_1",
            "relocate_1",
            "relocate_5",
            "rrelocate_3",
            "rrelocate_4",
            "move_all_by_1",
            "move_all_by_2"
        ],
        "perturbation": [
            "random_double_bridge"
        ],
        "stop_on_feasible": true,
        "timeout": 3
    },
    "histogram": {
        "all": {
            "centered_exchange_1": 418,
            "exchange_1_2": 490,
            "exchange_2_2": 481,
            "exchange_3_3": 464,
            "exchange_3_4": 454,
            "exchange_4_4": 452,
            "exchange_ids": 515,
            "insert_1": 703,
            "move_all_by_1": 400,
            "move_all_by_2": 400,
            "relocate_1": 406,
            "relocate_5": 403,
            "remove_1": 703,
            "rexchange_2_2": 437,
            "rexchange_2_3": 424,
            "rexchange_4_4": 420,
            "rrelocate_3": 400,
            "rrelocate_4": 400,
            "two_opt": 585
        },
        "improving": {
            "centered_exchange_1": 2,
            "exchange_1_2": 81,
            "exchange_2_2": 25,
            "exchange_3_3": 29,
            "exchange_3_4": 15,
            "exchange_4_4": 6,
            "exchange_ids": 161,
            "insert_1": 0,
            "move_all_by_1": 0,
            "move_all_by_2": 0,
            "relocate_1": 12,
            "relocate_5": 3,
            "remove_1": 0,
            "rexchange_2_2": 20,
            "rexchange_2_3": 19,
            "rexchange_4_4": 6,
            "rrelocate_3": 3,
            "rrelocate_4": 0,
            "two_opt": 303
        },
        "rate": {
            "centered_exchange_1": 0.0047846888191998005,
            "exchange_1_2": 0.16530612111091614,
            "exchange_2_2": 0.051975052803754807,
            "exchange_3_3": 0.0625,
            "exchange_3_4": 0.033039648085832596,
            "exchange_4_4": 0.013274336233735085,
            "exchange_ids": 0.3126213550567627,
            "insert_1": 0.0,
            "move_all_by_1": 0.0,
            "move_all_by_2": 0.0,
            "relocate_1": 0.029556650668382645,
            "relocate_5": 0.007444168906658888,
            "remove_1": 0.0,
            "rexchange_2_2": 0.045766592025756836,
            "rexchange_2_3": 0.044811319559812546,
            "rexchange_4_4": 0.014285714365541935,
            "rrelocate_3": 0.007499999832361937,
            "rrelocate_4": 0.0,
            "two_opt": 0.5179487466812134
        }
    },
    "last_improvement": 0,
    "name": "random_tsp-24-1.25-0",
    "solution": {
        "fitness": 13000410,
        "is_feasible": false,
        "permutation": [
            8,
            23,
            20,
            10,
            2,
            12,
            14,
            3,
            4,
            6,
            15,
            9,
            18,
            16,
            17,
            0,
            13,
            1,
            19,
            21,
            5,
            7,
            11,
            22
        ],
        "permutation_orig_ids": [
            "9",
            "24",
            "21",
            "11",
            "3",
            "13",
            "15",
            "4",
            "5",
            "7",
            "16",
            "10",
            "19",
            "17",
            "18",
            "1",
            "14",
            "2",
            "20",
            "22",
            "6",
            "8",
            "12",
            "23"
        ]
    },
    "steps": {
        "0": 13000410
    },
    "timeout": 3
}