{
    "config": {
        "allow_infeasible": true,
        "construction": "random_replicate",
        "ils_k": 6,
        "local_search": "CVND",
        "metaheuristic": "ILS",
        "num_threads": 8,
        "operators": [
            "insert_1",
            "remove_1",
            "two_opt",
            "exchange_ids",
            "exchange_1_2",
            "exchange_2_2",
            "exchange_3_3",
            "exchange_3_4",
            "exchange_4_4",
            "rexchange_2_2",
            "rexchange_2_3",
            "rexchange_4_4",
            "centered_exchange_1",
            "relocate_1",
            "relocate_5",
            "rrelocate_3",
            "rrelocate_4",
            "move_all_by_1",
            "move_all_by_2"
        ],
        "perturbation": [
            "random_double_bridge"
        ],
        "stop_on_feasible": true,
        "timeout": 3
    },
    "histogram": {
        "all": {
            "centered_exchange_1": 451,
            "exchange_1_2": 523,
            "exchange_2_2": 512,
            "exchange_3_3": 509,
            "exchange_3_4": 502,
            "exchange_4_4": 501,
            "exchange_ids": 558,
            "insert_1": 735,
            "move_all_by_1": 408,
            "move_all_by_2": 408,
            "relocate_1": 421,
            "relocate_5": 414,
            "remove_1": 735,
            "rexchange_2_2": 478,
            "rexchange_2_3": 467,
            "rexchange_4_4": 455,
            "rrelocate_3": 408,
            "rrelocate_4": 408,
            "two_opt": 633
        },
        "improving": {
            "centered_exchange_1": 4,
            "exchange_1_2": 109,
            "exchange_2_2": 33,
            "exchange_3_3": 20,
            "exchange_3_4": 27,
            "exchange_4_4": 8,
            "exchange_ids": 200,
            "insert_1": 0,
            "move_all_by_1": 0,
            "move_all_by_2": 0,
            "relocate_1": 35,
            "relocate_5": 7,
            "remove_1": 0,
            "rexchange_2_2": 34,
            "rexchange_2_3": 18,
            "rexchange_4_4": 17,
            "rrelocate_3": 6,
            "rrelocate_4": 0,
            "two_opt": 328
        },
        "rate": {
            "centered_exchange_1": 0.008869179524481297,
            "exchange_1_2": 0.2084130048751831,
            "exchange_2_2": 0.064453125,
            "exchange_3_3": 0.03929273039102554,
            "exchange_3_4": 0.05378486216068268,
            "exchange_4_4": 0.015968063846230507,
            "exchange_ids": 0.3584229350090027,
            "insert_1": 0.0,
            "move_all_by_1": 0.0,
            "move_all_by_2": 0.0,
            "relocate_1": 0.08313538879156113,
            "relocate_5": 0.01690821163356304,
            "remove_1": 0.0,
            "rexchange_2_2": 0.071129709482193,
            "rexchange_2_3": 0.03854389861226082,
            "rexchange_4_4": 0.03736263886094093,
            "rrelocate_3": 0.014705882407724857,
            "rrelocate_4": 0.0,
            "two_opt": 0.5181674361228943
        }
    },
    "last_improvement": 0,
    "name": "random_tsp-24-1.17-5",
    "solution": {
        "fitness": 11000582,
        "is_feasible": false,
        "permutation": [
            23,
            14,
            13,
            16,
            6,
            0,
            3,
            11,
            5,
            15,
            12,
            2,
            22,
            18,
            1,
            21,
            19,
            4,
            7,
            17,
            8,
            9,
            10,
            20
        ],
        "permutation_orig_ids": [
            "24",
            "15",
            "14",
            "17",
            "7",
            "1",
            "4",
            "12",
            "6",
            "16",
            "13",
            "3",
            "23",
            "19",
            "2",
            "22",
            "20",
            "5",
            "8",
            "18",
            "9",
            "10",
            "11",
            "21"
        ]
    },
    "steps": {
        "0": 11000582
    },
    "timeout": 3
}