{
    "config": {
        "allow_infeasible": true,
        "construction": "random_replicate",
        "ils_k": 6,
        "local_search": "CVND",
        "metaheuristic": "ILS",
        "num_threads": 8,
        "operators": [
            "insert_1",
            "remove_1",
            "two_opt",
            "exchange_ids",
            "exchange_1_2",
            "exchange_2_2",
            "exchange_3_3",
            "exchange_3_4",
            "exchange_4_4",
            "rexchange_2_2",
            "rexchange_2_3",
            "rexchange_4_4",
            "centered_exchange_1",
            "relocate_1",
            "relocate_5",
            "rrelocate_3",
            "rrelocate_4",
            "move_all_by_1",
            "move_all_by_2"
        ],
        "perturbation": [
            "random_double_bridge"
        ],
        "stop_on_feasible": true,
        "timeout": 3
    },
    "histogram": {
        "all": {
            "centered_exchange_1": 546,
            "exchange_1_2": 618,
            "exchange_2_2": 609,
            "exchange_3_3": 607,
            "exchange_3_4": 605,
            "exchange_4_4": 605,
            "exchange_ids": 622,
            "insert_1": 761,
            "move_all_by_1": 456,
            "move_all_by_2": 456,
            "relocate_1": 533,
            "relocate_5": 529,
            "remove_1": 761,
            "rexchange_2_2": 581,
            "rexchange_2_3": 565,
            "rexchange_4_4": 549,
            "rrelocate_3": 488,
            "rrelocate_4": 457,
            "two_opt": 648
        },
        "improving": {
            "centered_exchange_1": 25,
            "exchange_1_2": 135,
            "exchange_2_2": 51,
            "exchange_3_3": 27,
            "exchange_3_4": 40,
            "exchange_4_4": 35,
            "exchange_ids": 201,
            "insert_1": 0,
            "move_all_by_1": 4,
            "move_all_by_2": 1,
            "relocate_1": 87,
            "relocate_5": 65,
            "remove_1": 0,
            "rexchange_2_2": 132,
            "rexchange_2_3": 77,
            "rexchange_4_4": 59,
            "rrelocate_3": 117,
            "rrelocate_4": 64,
            "two_opt": 413
        },
        "rate": {
            "centered_exchange_1": 0.045787546783685684,
            "exchange_1_2": 0.21844659745693207,
            "exchange_2_2": 0.08374384045600891,
            "exchange_3_3": 0.044481053948402405,
            "exchange_3_4": 0.06611569970846176,
            "exchange_4_4": 0.057851240038871765,
            "exchange_ids": 0.3231511116027832,
            "insert_1": 0.0,
            "move_all_by_1": 0.008771929889917374,
            "move_all_by_2": 0.0021929824724793434,
            "relocate_1": 0.16322702169418335,
            "relocate_5": 0.12287334352731705,
            "remove_1": 0.0,
            "rexchange_2_2": 0.22719448804855347,
            "rexchange_2_3": 0.13628318905830383,
            "rexchange_4_4": 0.1074681207537651,
            "rrelocate_3": 0.2397540956735611,
            "rrelocate_4": 0.14004376530647278,
            "two_opt": 0.6373456716537476
        }
    },
    "last_improvement": 0,
    "name": "random_tsp-24-4.33-13",
    "solution": {
        "fitness": 1000822,
        "is_feasible": false,
        "permutation": [
            12,
            2,
            17,
            3,
            18,
            19,
            8,
            4,
            5,
            10,
            1,
            23,
            21,
            13,
            14,
            7,
            0,
            22,
            20,
            16,
            15,
            11,
            6,
            9
        ],
        "permutation_orig_ids": [
            "13",
            "3",
            "18",
            "4",
            "19",
            "20",
            "9",
            "5",
            "6",
            "11",
            "2",
            "24",
            "22",
            "14",
            "15",
            "8",
            "1",
            "23",
            "21",
            "17",
            "16",
            "12",
            "7",
            "10"
        ]
    },
    "steps": {
        "0": 1000822
    },
    "timeout": 3
}