{
    "config": {
        "allow_infeasible": true,
        "construction": "random_replicate",
        "ils_k": 6,
        "local_search": "CVND",
        "metaheuristic": "ILS",
        "num_threads": 8,
        "operators": [
            "insert_1",
            "remove_1",
            "two_opt",
            "exchange_ids",
            "exchange_1_2",
            "exchange_2_2",
            "exchange_3_3",
            "exchange_3_4",
            "exchange_4_4",
            "rexchange_2_2",
            "rexchange_2_3",
            "rexchange_4_4",
            "centered_exchange_1",
            "relocate_1",
            "relocate_5",
            "rrelocate_3",
            "rrelocate_4",
            "move_all_by_1",
            "move_all_by_2"
        ],
        "perturbation": [
            "random_double_bridge"
        ],
        "stop_on_feasible": true,
        "timeout": 3
    },
    "histogram": {
        "all": {
            "centered_exchange_1": 357,
            "exchange_1_2": 380,
            "exchange_2_2": 379,
            "exchange_3_3": 379,
            "exchange_3_4": 379,
            "exchange_4_4": 379,
            "exchange_ids": 381,
            "insert_1": 491,
            "move_all_by_1": 303,
            "move_all_by_2": 302,
            "relocate_1": 328,
            "relocate_5": 325,
            "remove_1": 491,
            "rexchange_2_2": 373,
            "rexchange_2_3": 368,
            "rexchange_4_4": 363,
            "rrelocate_3": 317,
            "rrelocate_4": 306,
            "two_opt": 415
        },
        "improving": {
            "centered_exchange_1": 28,
            "exchange_1_2": 85,
            "exchange_2_2": 23,
            "exchange_3_3": 12,
            "exchange_3_4": 28,
            "exchange_4_4": 20,
            "exchange_ids": 145,
            "insert_1": 0,
            "move_all_by_1": 7,
            "move_all_by_2": 4,
            "relocate_1": 83,
            "relocate_5": 29,
            "remove_1": 0,
            "rexchange_2_2": 61,
            "rexchange_2_3": 43,
            "rexchange_4_4": 43,
            "rrelocate_3": 40,
            "rrelocate_4": 43,
            "two_opt": 270
        },
        "rate": {
            "centered_exchange_1": 0.0784313753247261,
            "exchange_1_2": 0.22368420660495758,
            "exchange_2_2": 0.06068601459264755,
            "exchange_3_3": 0.03166227042675018,
            "exchange_3_4": 0.07387863099575043,
            "exchange_4_4": 0.05277044698596001,
            "exchange_ids": 0.38057741522789,
            "insert_1": 0.0,
            "move_all_by_1": 0.023102309554815292,
            "move_all_by_2": 0.013245033100247383,
            "relocate_1": 0.25304877758026123,
            "relocate_5": 0.08923076838254929,
            "remove_1": 0.0,
            "rexchange_2_2": 0.1635388731956482,
            "rexchange_2_3": 0.11684782803058624,
            "rexchange_4_4": 0.11845730245113373,
            "rrelocate_3": 0.12618295848369598,
            "rrelocate_4": 0.14052288234233856,
            "two_opt": 0.650602400302887
        }
    },
    "last_improvement": 2,
    "name": "random_tsp-24-4.00-18",
    "solution": {
        "fitness": 1316,
        "is_feasible": true,
        "permutation": [
            5,
            4,
            13,
            3,
            2,
            9,
            20,
            17,
            16,
            10,
            1,
            19,
            23,
            7,
            14,
            21,
            0,
            11,
            6,
            15,
            8,
            12,
            22,
            18
        ],
        "permutation_orig_ids": [
            "6",
            "5",
            "14",
            "4",
            "3",
            "10",
            "21",
            "18",
            "17",
            "11",
            "2",
            "20",
            "24",
            "8",
            "15",
            "22",
            "1",
            "12",
            "7",
            "16",
            "9",
            "13",
            "23",
            "19"
        ]
    },
    "steps": {
        "0": 1000997,
        "2": 1316
    },
    "timeout": 3
}