{
    "config": {
        "allow_infeasible": true,
        "construction": "random_replicate",
        "ils_k": 6,
        "local_search": "CVND",
        "metaheuristic": "ILS",
        "num_threads": 8,
        "operators": [
            "insert_1",
            "remove_1",
            "two_opt",
            "exchange_ids",
            "exchange_1_2",
            "exchange_2_2",
            "exchange_3_3",
            "exchange_3_4",
            "exchange_4_4",
            "rexchange_2_2",
            "rexchange_2_3",
            "rexchange_4_4",
            "centered_exchange_1",
            "relocate_1",
            "relocate_5",
            "rrelocate_3",
            "rrelocate_4",
            "move_all_by_1",
            "move_all_by_2"
        ],
        "perturbation": [
            "random_double_bridge"
        ],
        "stop_on_feasible": true,
        "timeout": 3
    },
    "histogram": {
        "all": {
            "centered_exchange_1": 522,
            "exchange_1_2": 594,
            "exchange_2_2": 585,
            "exchange_3_3": 580,
            "exchange_3_4": 573,
            "exchange_4_4": 573,
            "exchange_ids": 624,
            "insert_1": 812,
            "move_all_by_1": 444,
            "move_all_by_2": 444,
            "relocate_1": 495,
            "relocate_5": 475,
            "remove_1": 812,
            "rexchange_2_2": 542,
            "rexchange_2_3": 530,
            "rexchange_4_4": 524,
            "rrelocate_3": 457,
            "rrelocate_4": 444,
            "two_opt": 685
        },
        "improving": {
            "centered_exchange_1": 17,
            "exchange_1_2": 143,
            "exchange_2_2": 44,
            "exchange_3_3": 47,
            "exchange_3_4": 50,
            "exchange_4_4": 22,
            "exchange_ids": 218,
            "insert_1": 0,
            "move_all_by_1": 1,
            "move_all_by_2": 0,
            "relocate_1": 41,
            "relocate_5": 34,
            "remove_1": 0,
            "rexchange_2_2": 75,
            "rexchange_2_3": 37,
            "rexchange_4_4": 26,
            "rrelocate_3": 32,
            "rrelocate_4": 18,
            "two_opt": 380
        },
        "rate": {
            "centered_exchange_1": 0.03256705030798912,
            "exchange_1_2": 0.24074074625968933,
            "exchange_2_2": 0.07521367818117142,
            "exchange_3_3": 0.08103448152542114,
            "exchange_3_4": 0.08726003766059875,
            "exchange_4_4": 0.03839441388845444,
            "exchange_ids": 0.3493589758872986,
            "insert_1": 0.0,
            "move_all_by_1": 0.0022522523067891598,
            "move_all_by_2": 0.0,
            "relocate_1": 0.08282828330993652,
            "relocate_5": 0.07157894968986511,
            "remove_1": 0.0,
            "rexchange_2_2": 0.138376384973526,
            "rexchange_2_3": 0.06981132179498672,
            "rexchange_4_4": 0.049618322402238846,
            "rrelocate_3": 0.07002188265323639,
            "rrelocate_4": 0.04054053872823715,
            "two_opt": 0.55474454164505
        }
    },
    "last_improvement": 0,
    "name": "random_tsp-24-1.83-1",
    "solution": {
        "fitness": 10000725,
        "is_feasible": false,
        "permutation": [
            15,
            5,
            0,
            20,
            18,
            16,
            3,
            14,
            22,
            9,
            8,
            17,
            6,
            21,
            12,
            11,
            1,
            13,
            2,
            19,
            10,
            4,
            23,
            7
        ],
        "permutation_orig_ids": [
            "16",
            "6",
            "1",
            "21",
            "19",
            "17",
            "4",
            "15",
            "23",
            "10",
            "9",
            "18",
            "7",
            "22",
            "13",
            "12",
            "2",
            "14",
            "3",
            "20",
            "11",
            "5",
            "24",
            "8"
        ]
    },
    "steps": {
        "0": 10000725
    },
    "timeout": 3
}