{
    "config": {
        "allow_infeasible": true,
        "construction": "random_replicate",
        "ils_k": 6,
        "local_search": "CVND",
        "metaheuristic": "ILS",
        "num_threads": 8,
        "operators": [
            "insert_1",
            "remove_1",
            "two_opt",
            "exchange_ids",
            "exchange_1_2",
            "exchange_2_2",
            "exchange_3_3",
            "exchange_3_4",
            "exchange_4_4",
            "rexchange_2_2",
            "rexchange_2_3",
            "rexchange_4_4",
            "centered_exchange_1",
            "relocate_1",
            "relocate_5",
            "rrelocate_3",
            "rrelocate_4",
            "move_all_by_1",
            "move_all_by_2"
        ],
        "perturbation": [
            "random_double_bridge"
        ],
        "stop_on_feasible": true,
        "timeout": 3
    },
    "histogram": {
        "all": {
            "centered_exchange_1": 625,
            "exchange_1_2": 695,
            "exchange_2_2": 693,
            "exchange_3_3": 691,
            "exchange_3_4": 674,
            "exchange_4_4": 672,
            "exchange_ids": 698,
            "insert_1": 849,
            "move_all_by_1": 509,
            "move_all_by_2": 509,
            "relocate_1": 579,
            "relocate_5": 574,
            "remove_1": 849,
            "rexchange_2_2": 650,
            "rexchange_2_3": 644,
            "rexchange_4_4": 631,
            "rrelocate_3": 541,
            "rrelocate_4": 512,
            "two_opt": 733
        },
        "improving": {
            "centered_exchange_1": 38,
            "exchange_1_2": 120,
            "exchange_2_2": 39,
            "exchange_3_3": 62,
            "exchange_3_4": 69,
            "exchange_4_4": 29,
            "exchange_ids": 234,
            "insert_1": 0,
            "move_all_by_1": 3,
            "move_all_by_2": 0,
            "relocate_1": 119,
            "relocate_5": 44,
            "remove_1": 0,
            "rexchange_2_2": 115,
            "rexchange_2_3": 61,
            "rexchange_4_4": 61,
            "rrelocate_3": 92,
            "rrelocate_4": 75,
            "two_opt": 437
        },
        "rate": {
            "centered_exchange_1": 0.06080000102519989,
            "exchange_1_2": 0.17266187071800232,
            "exchange_2_2": 0.05627705529332161,
            "exchange_3_3": 0.08972503989934921,
            "exchange_3_4": 0.1023738905787468,
            "exchange_4_4": 0.0431547611951828,
            "exchange_ids": 0.3352435529232025,
            "insert_1": 0.0,
            "move_all_by_1": 0.005893909838050604,
            "move_all_by_2": 0.0,
            "relocate_1": 0.20552676916122437,
            "relocate_5": 0.07665505260229111,
            "remove_1": 0.0,
            "rexchange_2_2": 0.17692308127880096,
            "rexchange_2_3": 0.0947204977273941,
            "rexchange_4_4": 0.0966719463467598,
            "rrelocate_3": 0.17005544900894165,
            "rrelocate_4": 0.146484375,
            "two_opt": 0.5961800813674927
        }
    },
    "last_improvement": 0,
    "name": "random_tsp-24-5.08-1",
    "solution": {
        "fitness": 1000902,
        "is_feasible": false,
        "permutation": [
            19,
            14,
            6,
            16,
            3,
            22,
            2,
            8,
            4,
            0,
            20,
            10,
            9,
            12,
            1,
            7,
            15,
            21,
            23,
            18,
            13,
            17,
            5,
            11
        ],
        "permutation_orig_ids": [
            "20",
            "15",
            "7",
            "17",
            "4",
            "23",
            "3",
            "9",
            "5",
            "1",
            "21",
            "11",
            "10",
            "13",
            "2",
            "8",
            "16",
            "22",
            "24",
            "19",
            "14",
            "18",
            "6",
            "12"
        ]
    },
    "steps": {
        "0": 1000902
    },
    "timeout": 3
}