{
    "config": {
        "allow_infeasible": true,
        "construction": "random_replicate",
        "ils_k": 6,
        "local_search": "CVND",
        "metaheuristic": "ILS",
        "num_threads": 8,
        "operators": [
            "insert_1",
            "remove_1",
            "two_opt",
            "exchange_ids",
            "exchange_1_2",
            "exchange_2_2",
            "exchange_3_3",
            "exchange_3_4",
            "exchange_4_4",
            "rexchange_2_2",
            "rexchange_2_3",
            "rexchange_4_4",
            "centered_exchange_1",
            "relocate_1",
            "relocate_5",
            "rrelocate_3",
            "rrelocate_4",
            "move_all_by_1",
            "move_all_by_2"
        ],
        "perturbation": [
            "random_double_bridge"
        ],
        "stop_on_feasible": true,
        "timeout": 3
    },
    "histogram": {
        "all": {
            "centered_exchange_1": 629,
            "exchange_1_2": 669,
            "exchange_2_2": 668,
            "exchange_3_3": 664,
            "exchange_3_4": 663,
            "exchange_4_4": 662,
            "exchange_ids": 669,
            "insert_1": 904,
            "move_all_by_1": 570,
            "move_all_by_2": 570,
            "relocate_1": 606,
            "relocate_5": 601,
            "remove_1": 904,
            "rexchange_2_2": 643,
            "rexchange_2_3": 637,
            "rexchange_4_4": 630,
            "rrelocate_3": 589,
            "rrelocate_4": 570,
            "two_opt": 718
        },
        "improving": {
            "centered_exchange_1": 42,
            "exchange_1_2": 132,
            "exchange_2_2": 58,
            "exchange_3_3": 36,
            "exchange_3_4": 52,
            "exchange_4_4": 16,
            "exchange_ids": 229,
            "insert_1": 0,
            "move_all_by_1": 12,
            "move_all_by_2": 2,
            "relocate_1": 139,
            "relocate_5": 65,
            "remove_1": 0,
            "rexchange_2_2": 118,
            "rexchange_2_3": 68,
            "rexchange_4_4": 77,
            "rrelocate_3": 85,
            "rrelocate_4": 69,
            "two_opt": 541
        },
        "rate": {
            "centered_exchange_1": 0.06677265465259552,
            "exchange_1_2": 0.19730941951274872,
            "exchange_2_2": 0.08682634681463242,
            "exchange_3_3": 0.05421686917543411,
            "exchange_3_4": 0.0784313753247261,
            "exchange_4_4": 0.024169184267520905,
            "exchange_ids": 0.3423019349575043,
            "insert_1": 0.0,
            "move_all_by_1": 0.021052632480859756,
            "move_all_by_2": 0.003508772002533078,
            "relocate_1": 0.22937293350696564,
            "relocate_5": 0.1081530749797821,
            "remove_1": 0.0,
            "rexchange_2_2": 0.1835147738456726,
            "rexchange_2_3": 0.10675039142370224,
            "rexchange_4_4": 0.12222222238779068,
            "rrelocate_3": 0.14431239664554596,
            "rrelocate_4": 0.12105263024568558,
            "two_opt": 0.7534818649291992
        }
    },
    "last_improvement": 0,
    "name": "random_tsp-24-5.67-2",
    "solution": {
        "fitness": 1000898,
        "is_feasible": false,
        "permutation": [
            2,
            8,
            9,
            3,
            18,
            7,
            13,
            11,
            12,
            6,
            23,
            15,
            17,
            20,
            14,
            21,
            19,
            16,
            4,
            22,
            1,
            0,
            5,
            10
        ],
        "permutation_orig_ids": [
            "3",
            "9",
            "10",
            "4",
            "19",
            "8",
            "14",
            "12",
            "13",
            "7",
            "24",
            "16",
            "18",
            "21",
            "15",
            "22",
            "20",
            "17",
            "5",
            "23",
            "2",
            "1",
            "6",
            "11"
        ]
    },
    "steps": {
        "0": 1000898
    },
    "timeout": 3
}