{
    "config": {
        "allow_infeasible": true,
        "construction": "random_replicate",
        "ils_k": 6,
        "local_search": "CVND",
        "metaheuristic": "ILS",
        "num_threads": 8,
        "operators": [
            "insert_1",
            "remove_1",
            "two_opt",
            "exchange_ids",
            "exchange_1_2",
            "exchange_2_2",
            "exchange_3_3",
            "exchange_3_4",
            "exchange_4_4",
            "rexchange_2_2",
            "rexchange_2_3",
            "rexchange_4_4",
            "centered_exchange_1",
            "relocate_1",
            "relocate_5",
            "rrelocate_3",
            "rrelocate_4",
            "move_all_by_1",
            "move_all_by_2"
        ],
        "perturbation": [
            "random_double_bridge"
        ],
        "stop_on_feasible": true,
        "timeout": 3
    },
    "histogram": {
        "all": {
            "centered_exchange_1": 600,
            "exchange_1_2": 657,
            "exchange_2_2": 654,
            "exchange_3_3": 653,
            "exchange_3_4": 650,
            "exchange_4_4": 650,
            "exchange_ids": 658,
            "insert_1": 851,
            "move_all_by_1": 519,
            "move_all_by_2": 519,
            "relocate_1": 588,
            "relocate_5": 567,
            "remove_1": 851,
            "rexchange_2_2": 630,
            "rexchange_2_3": 617,
            "rexchange_4_4": 607,
            "rrelocate_3": 547,
            "rrelocate_4": 520,
            "two_opt": 706
        },
        "improving": {
            "centered_exchange_1": 33,
            "exchange_1_2": 114,
            "exchange_2_2": 57,
            "exchange_3_3": 37,
            "exchange_3_4": 84,
            "exchange_4_4": 15,
            "exchange_ids": 222,
            "insert_1": 0,
            "move_all_by_1": 5,
            "move_all_by_2": 0,
            "relocate_1": 82,
            "relocate_5": 77,
            "remove_1": 0,
            "rexchange_2_2": 132,
            "rexchange_2_3": 112,
            "rexchange_4_4": 62,
            "rrelocate_3": 83,
            "rrelocate_4": 79,
            "two_opt": 479
        },
        "rate": {
            "centered_exchange_1": 0.054999999701976776,
            "exchange_1_2": 0.17351597547531128,
            "exchange_2_2": 0.08715596050024033,
            "exchange_3_3": 0.056661561131477356,
            "exchange_3_4": 0.12923076748847961,
            "exchange_4_4": 0.023076923564076424,
            "exchange_ids": 0.33738601207733154,
            "insert_1": 0.0,
            "move_all_by_1": 0.009633911773562431,
            "move_all_by_2": 0.0,
            "relocate_1": 0.13945578038692474,
            "relocate_5": 0.1358024626970291,
            "remove_1": 0.0,
            "rexchange_2_2": 0.20952381193637848,
            "rexchange_2_3": 0.18152350187301636,
            "rexchange_4_4": 0.10214167833328247,
            "rrelocate_3": 0.15173675119876862,
            "rrelocate_4": 0.1519230753183365,
            "two_opt": 0.678470253944397
        }
    },
    "last_improvement": 0,
    "name": "random_tsp-24-4.92-4",
    "solution": {
        "fitness": 1001248,
        "is_feasible": false,
        "permutation": [
            18,
            4,
            2,
            7,
            17,
            20,
            6,
            9,
            19,
            11,
            14,
            5,
            0,
            10,
            1,
            21,
            3,
            8,
            12,
            23,
            15,
            13,
            22,
            16
        ],
        "permutation_orig_ids": [
            "19",
            "5",
            "3",
            "8",
            "18",
            "21",
            "7",
            "10",
            "20",
            "12",
            "15",
            "6",
            "1",
            "11",
            "2",
            "22",
            "4",
            "9",
            "13",
            "24",
            "16",
            "14",
            "23",
            "17"
        ]
    },
    "steps": {
        "0": 1001248
    },
    "timeout": 3
}