{
    "config": {
        "allow_infeasible": true,
        "construction": "random_replicate",
        "ils_k": 6,
        "local_search": "CVND",
        "metaheuristic": "ILS",
        "num_threads": 8,
        "operators": [
            "insert_1",
            "remove_1",
            "two_opt",
            "exchange_ids",
            "exchange_1_2",
            "exchange_2_2",
            "exchange_3_3",
            "exchange_3_4",
            "exchange_4_4",
            "rexchange_2_2",
            "rexchange_2_3",
            "rexchange_4_4",
            "centered_exchange_1",
            "relocate_1",
            "relocate_5",
            "rrelocate_3",
            "rrelocate_4",
            "move_all_by_1",
            "move_all_by_2"
        ],
        "perturbation": [
            "random_double_bridge"
        ],
        "stop_on_feasible": true,
        "timeout": 3
    },
    "histogram": {
        "all": {
            "centered_exchange_1": 501,
            "exchange_1_2": 502,
            "exchange_2_2": 502,
            "exchange_3_3": 502,
            "exchange_3_4": 501,
            "exchange_4_4": 501,
            "exchange_ids": 502,
            "insert_1": 583,
            "move_all_by_1": 501,
            "move_all_by_2": 501,
            "relocate_1": 501,
            "relocate_5": 501,
            "remove_1": 583,
            "rexchange_2_2": 501,
            "rexchange_2_3": 501,
            "rexchange_4_4": 501,
            "rrelocate_3": 501,
            "rrelocate_4": 501,
            "two_opt": 507
        },
        "improving": {
            "centered_exchange_1": 0,
            "exchange_1_2": 0,
            "exchange_2_2": 0,
            "exchange_3_3": 0,
            "exchange_3_4": 0,
            "exchange_4_4": 0,
            "exchange_ids": 5,
            "insert_1": 0,
            "move_all_by_1": 0,
            "move_all_by_2": 0,
            "relocate_1": 0,
            "relocate_5": 0,
            "remove_1": 0,
            "rexchange_2_2": 0,
            "rexchange_2_3": 0,
            "rexchange_4_4": 0,
            "rrelocate_3": 0,
            "rrelocate_4": 0,
            "two_opt": 82
        },
        "rate": {
            "centered_exchange_1": 0.0,
            "exchange_1_2": 0.0,
            "exchange_2_2": 0.0,
            "exchange_3_3": 0.0,
            "exchange_3_4": 0.0,
            "exchange_4_4": 0.0,
            "exchange_ids": 0.009960159659385681,
            "insert_1": 0.0,
            "move_all_by_1": 0.0,
            "move_all_by_2": 0.0,
            "relocate_1": 0.0,
            "relocate_5": 0.0,
            "remove_1": 0.0,
            "rexchange_2_2": 0.0,
            "rexchange_2_3": 0.0,
            "rexchange_4_4": 0.0,
            "rrelocate_3": 0.0,
            "rrelocate_4": 0.0,
            "two_opt": 0.16173569858074188
        }
    },
    "last_improvement": 0,
    "name": "random_tsp-24-0.17-18",
    "solution": {
        "fitness": 22000119,
        "is_feasible": false,
        "permutation": [
            2,
            9,
            1,
            17,
            23,
            12,
            18,
            19,
            21,
            0,
            6,
            11,
            4,
            8,
            13,
            5,
            3,
            7,
            20,
            22,
            16,
            15,
            10,
            14
        ],
        "permutation_orig_ids": [
            "3",
            "10",
            "2",
            "18",
            "24",
            "13",
            "19",
            "20",
            "22",
            "1",
            "7",
            "12",
            "5",
            "9",
            "14",
            "6",
            "4",
            "8",
            "21",
            "23",
            "17",
            "16",
            "11",
            "15"
        ]
    },
    "steps": {
        "0": 22000119
    },
    "timeout": 3
}