{
    "config": {
        "allow_infeasible": true,
        "construction": "random_replicate",
        "ils_k": 6,
        "local_search": "CVND",
        "metaheuristic": "ILS",
        "num_threads": 8,
        "operators": [
            "insert_1",
            "remove_1",
            "two_opt",
            "exchange_ids",
            "exchange_1_2",
            "exchange_2_2",
            "exchange_3_3",
            "exchange_3_4",
            "exchange_4_4",
            "rexchange_2_2",
            "rexchange_2_3",
            "rexchange_4_4",
            "centered_exchange_1",
            "relocate_1",
            "relocate_5",
            "rrelocate_3",
            "rrelocate_4",
            "move_all_by_1",
            "move_all_by_2"
        ],
        "perturbation": [
            "random_double_bridge"
        ],
        "stop_on_feasible": true,
        "timeout": 3
    },
    "histogram": {
        "all": {
            "centered_exchange_1": 463,
            "exchange_1_2": 545,
            "exchange_2_2": 539,
            "exchange_3_3": 535,
            "exchange_3_4": 531,
            "exchange_4_4": 530,
            "exchange_ids": 562,
            "insert_1": 713,
            "move_all_by_1": 390,
            "move_all_by_2": 390,
            "relocate_1": 426,
            "relocate_5": 417,
            "remove_1": 713,
            "rexchange_2_2": 509,
            "rexchange_2_3": 493,
            "rexchange_4_4": 479,
            "rrelocate_3": 400,
            "rrelocate_4": 390,
            "two_opt": 610
        },
        "improving": {
            "centered_exchange_1": 31,
            "exchange_1_2": 130,
            "exchange_2_2": 54,
            "exchange_3_3": 42,
            "exchange_3_4": 52,
            "exchange_4_4": 20,
            "exchange_ids": 193,
            "insert_1": 0,
            "move_all_by_1": 2,
            "move_all_by_2": 0,
            "relocate_1": 63,
            "relocate_5": 17,
            "remove_1": 0,
            "rexchange_2_2": 74,
            "rexchange_2_3": 51,
            "rexchange_4_4": 42,
            "rrelocate_3": 35,
            "rrelocate_4": 21,
            "two_opt": 345
        },
        "rate": {
            "centered_exchange_1": 0.06695464253425598,
            "exchange_1_2": 0.23853211104869843,
            "exchange_2_2": 0.10018552839756012,
            "exchange_3_3": 0.07850467413663864,
            "exchange_3_4": 0.09792843461036682,
            "exchange_4_4": 0.03773584961891174,
            "exchange_ids": 0.34341636300086975,
            "insert_1": 0.0,
            "move_all_by_1": 0.0051282052882015705,
            "move_all_by_2": 0.0,
            "relocate_1": 0.14788731932640076,
            "relocate_5": 0.04076738655567169,
            "remove_1": 0.0,
            "rexchange_2_2": 0.1453831046819687,
            "rexchange_2_3": 0.1034482792019844,
            "rexchange_4_4": 0.08768267184495926,
            "rrelocate_3": 0.08749999850988388,
            "rrelocate_4": 0.05384615436196327,
            "two_opt": 0.5655737519264221
        }
    },
    "last_improvement": 0,
    "name": "random_tsp-24-2.50-2",
    "solution": {
        "fitness": 6000661,
        "is_feasible": false,
        "permutation": [
            4,
            20,
            5,
            12,
            19,
            17,
            18,
            9,
            23,
            11,
            10,
            6,
            15,
            1,
            8,
            21,
            2,
            3,
            13,
            0,
            22,
            7,
            16,
            14
        ],
        "permutation_orig_ids": [
            "5",
            "21",
            "6",
            "13",
            "20",
            "18",
            "19",
            "10",
            "24",
            "12",
            "11",
            "7",
            "16",
            "2",
            "9",
            "22",
            "3",
            "4",
            "14",
            "1",
            "23",
            "8",
            "17",
            "15"
        ]
    },
    "steps": {
        "0": 6000661
    },
    "timeout": 3
}