{
    "config": {
        "allow_infeasible": true,
        "construction": "random_replicate",
        "ils_k": 6,
        "local_search": "CVND",
        "metaheuristic": "ILS",
        "num_threads": 8,
        "operators": [
            "insert_1",
            "remove_1",
            "two_opt",
            "exchange_ids",
            "exchange_1_2",
            "exchange_2_2",
            "exchange_3_3",
            "exchange_3_4",
            "exchange_4_4",
            "rexchange_2_2",
            "rexchange_2_3",
            "rexchange_4_4",
            "centered_exchange_1",
            "relocate_1",
            "relocate_5",
            "rrelocate_3",
            "rrelocate_4",
            "move_all_by_1",
            "move_all_by_2"
        ],
        "perturbation": [
            "random_double_bridge"
        ],
        "stop_on_feasible": true,
        "timeout": 3
    },
    "histogram": {
        "all": {
            "centered_exchange_1": 527,
            "exchange_1_2": 608,
            "exchange_2_2": 607,
            "exchange_3_3": 600,
            "exchange_3_4": 584,
            "exchange_4_4": 580,
            "exchange_ids": 619,
            "insert_1": 805,
            "move_all_by_1": 467,
            "move_all_by_2": 467,
            "relocate_1": 518,
            "relocate_5": 504,
            "remove_1": 805,
            "rexchange_2_2": 560,
            "rexchange_2_3": 547,
            "rexchange_4_4": 533,
            "rrelocate_3": 483,
            "rrelocate_4": 469,
            "two_opt": 671
        },
        "improving": {
            "centered_exchange_1": 11,
            "exchange_1_2": 94,
            "exchange_2_2": 23,
            "exchange_3_3": 55,
            "exchange_3_4": 69,
            "exchange_4_4": 24,
            "exchange_ids": 197,
            "insert_1": 0,
            "move_all_by_1": 1,
            "move_all_by_2": 1,
            "relocate_1": 38,
            "relocate_5": 32,
            "remove_1": 0,
            "rexchange_2_2": 72,
            "rexchange_2_3": 46,
            "rexchange_4_4": 36,
            "rrelocate_3": 47,
            "rrelocate_4": 26,
            "two_opt": 387
        },
        "rate": {
            "centered_exchange_1": 0.02087286487221718,
            "exchange_1_2": 0.15460526943206787,
            "exchange_2_2": 0.037891268730163574,
            "exchange_3_3": 0.09166666865348816,
            "exchange_3_4": 0.11815068125724792,
            "exchange_4_4": 0.04137931019067764,
            "exchange_ids": 0.3182552456855774,
            "insert_1": 0.0,
            "move_all_by_1": 0.0021413275972008705,
            "move_all_by_2": 0.0021413275972008705,
            "relocate_1": 0.07335907220840454,
            "relocate_5": 0.0634920671582222,
            "remove_1": 0.0,
            "rexchange_2_2": 0.12857143580913544,
            "rexchange_2_3": 0.0840950608253479,
            "rexchange_4_4": 0.06754221022129059,
            "rrelocate_3": 0.09730848670005798,
            "rrelocate_4": 0.05543709918856621,
            "two_opt": 0.5767511129379272
        }
    },
    "last_improvement": 0,
    "name": "random_tsp-24-2.17-17",
    "solution": {
        "fitness": 6000926,
        "is_feasible": false,
        "permutation": [
            9,
            1,
            19,
            22,
            23,
            15,
            5,
            18,
            21,
            16,
            11,
            3,
            4,
            8,
            20,
            0,
            6,
            10,
            14,
            12,
            7,
            2,
            17,
            13
        ],
        "permutation_orig_ids": [
            "10",
            "2",
            "20",
            "23",
            "24",
            "16",
            "6",
            "19",
            "22",
            "17",
            "12",
            "4",
            "5",
            "9",
            "21",
            "1",
            "7",
            "11",
            "15",
            "13",
            "8",
            "3",
            "18",
            "14"
        ]
    },
    "steps": {
        "0": 6000926
    },
    "timeout": 3
}