{
    "config": {
        "allow_infeasible": true,
        "construction": "random_replicate",
        "ils_k": 6,
        "local_search": "CVND",
        "metaheuristic": "ILS",
        "num_threads": 8,
        "operators": [
            "insert_1",
            "remove_1",
            "two_opt",
            "exchange_ids",
            "exchange_1_2",
            "exchange_2_2",
            "exchange_3_3",
            "exchange_3_4",
            "exchange_4_4",
            "rexchange_2_2",
            "rexchange_2_3",
            "rexchange_4_4",
            "centered_exchange_1",
            "relocate_1",
            "relocate_5",
            "rrelocate_3",
            "rrelocate_4",
            "move_all_by_1",
            "move_all_by_2"
        ],
        "perturbation": [
            "random_double_bridge"
        ],
        "stop_on_feasible": true,
        "timeout": 3
    },
    "histogram": {
        "all": {
            "centered_exchange_1": 10,
            "exchange_1_2": 11,
            "exchange_2_2": 11,
            "exchange_3_3": 11,
            "exchange_3_4": 11,
            "exchange_4_4": 11,
            "exchange_ids": 11,
            "insert_1": 13,
            "move_all_by_1": 9,
            "move_all_by_2": 9,
            "relocate_1": 10,
            "relocate_5": 10,
            "remove_1": 13,
            "rexchange_2_2": 10,
            "rexchange_2_3": 10,
            "rexchange_4_4": 10,
            "rrelocate_3": 10,
            "rrelocate_4": 9,
            "two_opt": 11
        },
        "improving": {
            "centered_exchange_1": 1,
            "exchange_1_2": 2,
            "exchange_2_2": 1,
            "exchange_3_3": 1,
            "exchange_3_4": 2,
            "exchange_4_4": 2,
            "exchange_ids": 3,
            "insert_1": 0,
            "move_all_by_1": 0,
            "move_all_by_2": 0,
            "relocate_1": 1,
            "relocate_5": 2,
            "remove_1": 0,
            "rexchange_2_2": 4,
            "rexchange_2_3": 2,
            "rexchange_4_4": 3,
            "rrelocate_3": 3,
            "rrelocate_4": 2,
            "two_opt": 9
        },
        "rate": {
            "centered_exchange_1": 0.10000000149011612,
            "exchange_1_2": 0.1818181872367859,
            "exchange_2_2": 0.09090909361839294,
            "exchange_3_3": 0.09090909361839294,
            "exchange_3_4": 0.1818181872367859,
            "exchange_4_4": 0.1818181872367859,
            "exchange_ids": 0.27272728085517883,
            "insert_1": 0.0,
            "move_all_by_1": 0.0,
            "move_all_by_2": 0.0,
            "relocate_1": 0.10000000149011612,
            "relocate_5": 0.20000000298023224,
            "remove_1": 0.0,
            "rexchange_2_2": 0.4000000059604645,
            "rexchange_2_3": 0.20000000298023224,
            "rexchange_4_4": 0.30000001192092896,
            "rrelocate_3": 0.30000001192092896,
            "rrelocate_4": 0.2222222238779068,
            "two_opt": 0.8181818127632141
        }
    },
    "last_improvement": 0,
    "name": "random_tsp-24-6.08-18",
    "solution": {
        "fitness": 1062,
        "is_feasible": true,
        "permutation": [
            1,
            11,
            4,
            6,
            13,
            12,
            3,
            19,
            5,
            14,
            20,
            0,
            17,
            9,
            2,
            10,
            16,
            8,
            15,
            18,
            22,
            7,
            23,
            21
        ],
        "permutation_orig_ids": [
            "2",
            "12",
            "5",
            "7",
            "14",
            "13",
            "4",
            "20",
            "6",
            "15",
            "21",
            "1",
            "18",
            "10",
            "3",
            "11",
            "17",
            "9",
            "16",
            "19",
            "23",
            "8",
            "24",
            "22"
        ]
    },
    "steps": {
        "0": 1062
    },
    "timeout": 3
}