{
    "config": {
        "allow_infeasible": true,
        "construction": "random_replicate",
        "ils_k": 6,
        "local_search": "CVND",
        "metaheuristic": "ILS",
        "num_threads": 8,
        "operators": [
            "insert_1",
            "remove_1",
            "two_opt",
            "exchange_ids",
            "exchange_1_2",
            "exchange_2_2",
            "exchange_3_3",
            "exchange_3_4",
            "exchange_4_4",
            "rexchange_2_2",
            "rexchange_2_3",
            "rexchange_4_4",
            "centered_exchange_1",
            "relocate_1",
            "relocate_5",
            "rrelocate_3",
            "rrelocate_4",
            "move_all_by_1",
            "move_all_by_2"
        ],
        "perturbation": [
            "random_double_bridge"
        ],
        "stop_on_feasible": true,
        "timeout": 3
    },
    "histogram": {
        "all": {
            "centered_exchange_1": 513,
            "exchange_1_2": 515,
            "exchange_2_2": 514,
            "exchange_3_3": 514,
            "exchange_3_4": 514,
            "exchange_4_4": 514,
            "exchange_ids": 515,
            "insert_1": 689,
            "move_all_by_1": 513,
            "move_all_by_2": 513,
            "relocate_1": 513,
            "relocate_5": 513,
            "remove_1": 689,
            "rexchange_2_2": 514,
            "rexchange_2_3": 514,
            "rexchange_4_4": 513,
            "rrelocate_3": 513,
            "rrelocate_4": 513,
            "two_opt": 539
        },
        "improving": {
            "centered_exchange_1": 0,
            "exchange_1_2": 1,
            "exchange_2_2": 1,
            "exchange_3_3": 0,
            "exchange_3_4": 0,
            "exchange_4_4": 0,
            "exchange_ids": 25,
            "insert_1": 0,
            "move_all_by_1": 0,
            "move_all_by_2": 0,
            "relocate_1": 0,
            "relocate_5": 0,
            "remove_1": 0,
            "rexchange_2_2": 0,
            "rexchange_2_3": 0,
            "rexchange_4_4": 0,
            "rrelocate_3": 0,
            "rrelocate_4": 0,
            "two_opt": 176
        },
        "rate": {
            "centered_exchange_1": 0.0,
            "exchange_1_2": 0.0019417476141825318,
            "exchange_2_2": 0.0019455252913758159,
            "exchange_3_3": 0.0,
            "exchange_3_4": 0.0,
            "exchange_4_4": 0.0,
            "exchange_ids": 0.04854368790984154,
            "insert_1": 0.0,
            "move_all_by_1": 0.0,
            "move_all_by_2": 0.0,
            "relocate_1": 0.0,
            "relocate_5": 0.0,
            "remove_1": 0.0,
            "rexchange_2_2": 0.0,
            "rexchange_2_3": 0.0,
            "rexchange_4_4": 0.0,
            "rrelocate_3": 0.0,
            "rrelocate_4": 0.0,
            "two_opt": 0.3265306055545807
        }
    },
    "last_improvement": 0,
    "name": "random_tsp-24-0.42-8",
    "solution": {
        "fitness": 20000215,
        "is_feasible": false,
        "permutation": [
            22,
            7,
            0,
            6,
            3,
            16,
            4,
            8,
            12,
            10,
            15,
            14,
            18,
            19,
            21,
            11,
            17,
            5,
            9,
            2,
            20,
            13,
            23,
            1
        ],
        "permutation_orig_ids": [
            "23",
            "8",
            "1",
            "7",
            "4",
            "17",
            "5",
            "9",
            "13",
            "11",
            "16",
            "15",
            "19",
            "20",
            "22",
            "12",
            "18",
            "6",
            "10",
            "3",
            "21",
            "14",
            "24",
            "2"
        ]
    },
    "steps": {
        "0": 20000215
    },
    "timeout": 3
}