{
    "config": {
        "allow_infeasible": true,
        "construction": "random_replicate",
        "ils_k": 6,
        "local_search": "CVND",
        "metaheuristic": "ILS",
        "num_threads": 8,
        "operators": [
            "insert_1",
            "remove_1",
            "two_opt",
            "exchange_ids",
            "exchange_1_2",
            "exchange_2_2",
            "exchange_3_3",
            "exchange_3_4",
            "exchange_4_4",
            "rexchange_2_2",
            "rexchange_2_3",
            "rexchange_4_4",
            "centered_exchange_1",
            "relocate_1",
            "relocate_5",
            "rrelocate_3",
            "rrelocate_4",
            "move_all_by_1",
            "move_all_by_2"
        ],
        "perturbation": [
            "random_double_bridge"
        ],
        "stop_on_feasible": true,
        "timeout": 3
    },
    "histogram": {
        "all": {
            "centered_exchange_1": 621,
            "exchange_1_2": 670,
            "exchange_2_2": 670,
            "exchange_3_3": 667,
            "exchange_3_4": 667,
            "exchange_4_4": 666,
            "exchange_ids": 670,
            "insert_1": 839,
            "move_all_by_1": 490,
            "move_all_by_2": 489,
            "relocate_1": 587,
            "relocate_5": 578,
            "remove_1": 839,
            "rexchange_2_2": 655,
            "rexchange_2_3": 635,
            "rexchange_4_4": 631,
            "rrelocate_3": 504,
            "rrelocate_4": 490,
            "two_opt": 722
        },
        "improving": {
            "centered_exchange_1": 39,
            "exchange_1_2": 101,
            "exchange_2_2": 40,
            "exchange_3_3": 45,
            "exchange_3_4": 40,
            "exchange_4_4": 15,
            "exchange_ids": 258,
            "insert_1": 0,
            "move_all_by_1": 5,
            "move_all_by_2": 6,
            "relocate_1": 136,
            "relocate_5": 46,
            "remove_1": 0,
            "rexchange_2_2": 116,
            "rexchange_2_3": 92,
            "rexchange_4_4": 45,
            "rrelocate_3": 135,
            "rrelocate_4": 56,
            "two_opt": 459
        },
        "rate": {
            "centered_exchange_1": 0.06280193477869034,
            "exchange_1_2": 0.15074627101421356,
            "exchange_2_2": 0.05970149114727974,
            "exchange_3_3": 0.06746626645326614,
            "exchange_3_4": 0.05997001379728317,
            "exchange_4_4": 0.022522522136569023,
            "exchange_ids": 0.3850746154785156,
            "insert_1": 0.0,
            "move_all_by_1": 0.010204081423580647,
            "move_all_by_2": 0.012269938364624977,
            "relocate_1": 0.2316865473985672,
            "relocate_5": 0.07958477735519409,
            "remove_1": 0.0,
            "rexchange_2_2": 0.17709924280643463,
            "rexchange_2_3": 0.14488188922405243,
            "rexchange_4_4": 0.07131537050008774,
            "rrelocate_3": 0.2678571343421936,
            "rrelocate_4": 0.11428571492433548,
            "two_opt": 0.6357340812683105
        }
    },
    "last_improvement": 0,
    "name": "random_tsp-24-4.58-0",
    "solution": {
        "fitness": 2000806,
        "is_feasible": false,
        "permutation": [
            22,
            20,
            3,
            10,
            5,
            17,
            7,
            1,
            9,
            0,
            23,
            4,
            15,
            12,
            6,
            8,
            16,
            18,
            11,
            14,
            21,
            19,
            2,
            13
        ],
        "permutation_orig_ids": [
            "23",
            "21",
            "4",
            "11",
            "6",
            "18",
            "8",
            "2",
            "10",
            "1",
            "24",
            "5",
            "16",
            "13",
            "7",
            "9",
            "17",
            "19",
            "12",
            "15",
            "22",
            "20",
            "3",
            "14"
        ]
    },
    "steps": {
        "0": 2000806
    },
    "timeout": 3
}