{
    "config": {
        "allow_infeasible": true,
        "construction": "random_replicate",
        "ils_k": 6,
        "local_search": "CVND",
        "metaheuristic": "ILS",
        "num_threads": 8,
        "operators": [
            "insert_1",
            "remove_1",
            "two_opt",
            "exchange_ids",
            "exchange_1_2",
            "exchange_2_2",
            "exchange_3_3",
            "exchange_3_4",
            "exchange_4_4",
            "rexchange_2_2",
            "rexchange_2_3",
            "rexchange_4_4",
            "centered_exchange_1",
            "relocate_1",
            "relocate_5",
            "rrelocate_3",
            "rrelocate_4",
            "move_all_by_1",
            "move_all_by_2"
        ],
        "perturbation": [
            "random_double_bridge"
        ],
        "stop_on_feasible": true,
        "timeout": 3
    },
    "histogram": {
        "all": {
            "centered_exchange_1": 524,
            "exchange_1_2": 594,
            "exchange_2_2": 592,
            "exchange_3_3": 591,
            "exchange_3_4": 589,
            "exchange_4_4": 588,
            "exchange_ids": 607,
            "insert_1": 783,
            "move_all_by_1": 451,
            "move_all_by_2": 450,
            "relocate_1": 499,
            "relocate_5": 488,
            "remove_1": 783,
            "rexchange_2_2": 567,
            "rexchange_2_3": 539,
            "rexchange_4_4": 528,
            "rrelocate_3": 473,
            "rrelocate_4": 452,
            "two_opt": 653
        },
        "improving": {
            "centered_exchange_1": 12,
            "exchange_1_2": 141,
            "exchange_2_2": 40,
            "exchange_3_3": 50,
            "exchange_3_4": 39,
            "exchange_4_4": 19,
            "exchange_ids": 230,
            "insert_1": 0,
            "move_all_by_1": 2,
            "move_all_by_2": 1,
            "relocate_1": 62,
            "relocate_5": 35,
            "remove_1": 0,
            "rexchange_2_2": 81,
            "rexchange_2_3": 94,
            "rexchange_4_4": 46,
            "rrelocate_3": 34,
            "rrelocate_4": 47,
            "two_opt": 403
        },
        "rate": {
            "centered_exchange_1": 0.022900763899087906,
            "exchange_1_2": 0.2373737394809723,
            "exchange_2_2": 0.06756756454706192,
            "exchange_3_3": 0.08460237085819244,
            "exchange_3_4": 0.06621392071247101,
            "exchange_4_4": 0.03231292590498924,
            "exchange_ids": 0.37891268730163574,
            "insert_1": 0.0,
            "move_all_by_1": 0.004434589762240648,
            "move_all_by_2": 0.002222222276031971,
            "relocate_1": 0.12424849718809128,
            "relocate_5": 0.07172130793333054,
            "remove_1": 0.0,
            "rexchange_2_2": 0.1428571492433548,
            "rexchange_2_3": 0.1743970364332199,
            "rexchange_4_4": 0.08712121099233627,
            "rrelocate_3": 0.07188160717487335,
            "rrelocate_4": 0.10398229956626892,
            "two_opt": 0.6171516180038452
        }
    },
    "last_improvement": 0,
    "name": "random_tsp-24-2.25-19",
    "solution": {
        "fitness": 6000860,
        "is_feasible": false,
        "permutation": [
            4,
            11,
            12,
            0,
            8,
            5,
            7,
            21,
            18,
            10,
            2,
            14,
            1,
            20,
            13,
            19,
            23,
            9,
            22,
            17,
            6,
            3,
            16,
            15
        ],
        "permutation_orig_ids": [
            "5",
            "12",
            "13",
            "1",
            "9",
            "6",
            "8",
            "22",
            "19",
            "11",
            "3",
            "15",
            "2",
            "21",
            "14",
            "20",
            "24",
            "10",
            "23",
            "18",
            "7",
            "4",
            "17",
            "16"
        ]
    },
    "steps": {
        "0": 6000860
    },
    "timeout": 3
}