{
    "config": {
        "allow_infeasible": true,
        "construction": "random_replicate",
        "ils_k": 6,
        "local_search": "CVND",
        "metaheuristic": "ILS",
        "num_threads": 8,
        "operators": [
            "insert_1",
            "remove_1",
            "two_opt",
            "exchange_ids",
            "exchange_1_2",
            "exchange_2_2",
            "exchange_3_3",
            "exchange_3_4",
            "exchange_4_4",
            "rexchange_2_2",
            "rexchange_2_3",
            "rexchange_4_4",
            "centered_exchange_1",
            "relocate_1",
            "relocate_5",
            "rrelocate_3",
            "rrelocate_4",
            "move_all_by_1",
            "move_all_by_2"
        ],
        "perturbation": [
            "random_double_bridge"
        ],
        "stop_on_feasible": true,
        "timeout": 3
    },
    "histogram": {
        "all": {
            "centered_exchange_1": 482,
            "exchange_1_2": 561,
            "exchange_2_2": 552,
            "exchange_3_3": 539,
            "exchange_3_4": 520,
            "exchange_4_4": 520,
            "exchange_ids": 606,
            "insert_1": 842,
            "move_all_by_1": 466,
            "move_all_by_2": 466,
            "relocate_1": 473,
            "relocate_5": 469,
            "remove_1": 842,
            "rexchange_2_2": 508,
            "rexchange_2_3": 490,
            "rexchange_4_4": 485,
            "rrelocate_3": 466,
            "rrelocate_4": 466,
            "two_opt": 709
        },
        "improving": {
            "centered_exchange_1": 3,
            "exchange_1_2": 104,
            "exchange_2_2": 33,
            "exchange_3_3": 29,
            "exchange_3_4": 30,
            "exchange_4_4": 6,
            "exchange_ids": 213,
            "insert_1": 0,
            "move_all_by_1": 0,
            "move_all_by_2": 0,
            "relocate_1": 12,
            "relocate_5": 5,
            "remove_1": 0,
            "rexchange_2_2": 18,
            "rexchange_2_3": 21,
            "rexchange_4_4": 6,
            "rrelocate_3": 3,
            "rrelocate_4": 0,
            "two_opt": 376
        },
        "rate": {
            "centered_exchange_1": 0.006224066484719515,
            "exchange_1_2": 0.18538324534893036,
            "exchange_2_2": 0.05978260934352875,
            "exchange_3_3": 0.05380333960056305,
            "exchange_3_4": 0.057692307978868484,
            "exchange_4_4": 0.011538461782038212,
            "exchange_ids": 0.35148516297340393,
            "insert_1": 0.0,
            "move_all_by_1": 0.0,
            "move_all_by_2": 0.0,
            "relocate_1": 0.025369979441165924,
            "relocate_5": 0.010660980828106403,
            "remove_1": 0.0,
            "rexchange_2_2": 0.035433072596788406,
            "rexchange_2_3": 0.04285714402794838,
            "rexchange_4_4": 0.012371134012937546,
            "rrelocate_3": 0.00643776822835207,
            "rrelocate_4": 0.0,
            "two_opt": 0.530324399471283
        }
    },
    "last_improvement": 0,
    "name": "random_tsp-24-1.42-16",
    "solution": {
        "fitness": 12000635,
        "is_feasible": false,
        "permutation": [
            2,
            7,
            10,
            12,
            9,
            8,
            14,
            17,
            11,
            1,
            22,
            13,
            3,
            18,
            16,
            5,
            4,
            23,
            19,
            6,
            21,
            20,
            15,
            0
        ],
        "permutation_orig_ids": [
            "3",
            "8",
            "11",
            "13",
            "10",
            "9",
            "15",
            "18",
            "12",
            "2",
            "23",
            "14",
            "4",
            "19",
            "17",
            "6",
            "5",
            "24",
            "20",
            "7",
            "22",
            "21",
            "16",
            "1"
        ]
    },
    "steps": {
        "0": 12000635
    },
    "timeout": 3
}