{
    "config": {
        "allow_infeasible": true,
        "construction": "random_replicate",
        "ils_k": 6,
        "local_search": "CVND",
        "metaheuristic": "ILS",
        "num_threads": 8,
        "operators": [
            "insert_1",
            "remove_1",
            "two_opt",
            "exchange_ids",
            "exchange_1_2",
            "exchange_2_2",
            "exchange_3_3",
            "exchange_3_4",
            "exchange_4_4",
            "rexchange_2_2",
            "rexchange_2_3",
            "rexchange_4_4",
            "centered_exchange_1",
            "relocate_1",
            "relocate_5",
            "rrelocate_3",
            "rrelocate_4",
            "move_all_by_1",
            "move_all_by_2"
        ],
        "perturbation": [
            "random_double_bridge"
        ],
        "stop_on_feasible": true,
        "timeout": 3
    },
    "histogram": {
        "all": {
            "centered_exchange_1": 389,
            "exchange_1_2": 454,
            "exchange_2_2": 445,
            "exchange_3_3": 439,
            "exchange_3_4": 426,
            "exchange_4_4": 425,
            "exchange_ids": 498,
            "insert_1": 675,
            "move_all_by_1": 382,
            "move_all_by_2": 382,
            "relocate_1": 386,
            "relocate_5": 382,
            "remove_1": 675,
            "rexchange_2_2": 407,
            "rexchange_2_3": 399,
            "rexchange_4_4": 393,
            "rrelocate_3": 382,
            "rrelocate_4": 382,
            "two_opt": 568
        },
        "improving": {
            "centered_exchange_1": 4,
            "exchange_1_2": 81,
            "exchange_2_2": 16,
            "exchange_3_3": 19,
            "exchange_3_4": 20,
            "exchange_4_4": 4,
            "exchange_ids": 141,
            "insert_1": 0,
            "move_all_by_1": 0,
            "move_all_by_2": 0,
            "relocate_1": 3,
            "relocate_5": 3,
            "remove_1": 0,
            "rexchange_2_2": 21,
            "rexchange_2_3": 12,
            "rexchange_4_4": 6,
            "rrelocate_3": 0,
            "rrelocate_4": 0,
            "two_opt": 291
        },
        "rate": {
            "centered_exchange_1": 0.010282776318490505,
            "exchange_1_2": 0.17841409146785736,
            "exchange_2_2": 0.03595505654811859,
            "exchange_3_3": 0.04328018054366112,
            "exchange_3_4": 0.04694835841655731,
            "exchange_4_4": 0.009411764331161976,
            "exchange_ids": 0.28313252329826355,
            "insert_1": 0.0,
            "move_all_by_1": 0.0,
            "move_all_by_2": 0.0,
            "relocate_1": 0.0077720205299556255,
            "relocate_5": 0.007853402756154537,
            "remove_1": 0.0,
            "rexchange_2_2": 0.051597051322460175,
            "rexchange_2_3": 0.030075188726186752,
            "rexchange_4_4": 0.015267175622284412,
            "rrelocate_3": 0.0,
            "rrelocate_4": 0.0,
            "two_opt": 0.5123239159584045
        }
    },
    "last_improvement": 0,
    "name": "random_tsp-24-1.00-18",
    "solution": {
        "fitness": 12000532,
        "is_feasible": false,
        "permutation": [
            20,
            14,
            21,
            6,
            16,
            15,
            9,
            22,
            4,
            17,
            19,
            23,
            2,
            5,
            1,
            18,
            12,
            8,
            10,
            3,
            7,
            13,
            0,
            11
        ],
        "permutation_orig_ids": [
            "21",
            "15",
            "22",
            "7",
            "17",
            "16",
            "10",
            "23",
            "5",
            "18",
            "20",
            "24",
            "3",
            "6",
            "2",
            "19",
            "13",
            "9",
            "11",
            "4",
            "8",
            "14",
            "1",
            "12"
        ]
    },
    "steps": {
        "0": 12000532
    },
    "timeout": 3
}