{
    "config": {
        "allow_infeasible": true,
        "construction": "random_replicate",
        "ils_k": 6,
        "local_search": "CVND",
        "metaheuristic": "ILS",
        "num_threads": 8,
        "operators": [
            "insert_1",
            "remove_1",
            "two_opt",
            "exchange_ids",
            "exchange_1_2",
            "exchange_2_2",
            "exchange_3_3",
            "exchange_3_4",
            "exchange_4_4",
            "rexchange_2_2",
            "rexchange_2_3",
            "rexchange_4_4",
            "centered_exchange_1",
            "relocate_1",
            "relocate_5",
            "rrelocate_3",
            "rrelocate_4",
            "move_all_by_1",
            "move_all_by_2"
        ],
        "perturbation": [
            "random_double_bridge"
        ],
        "stop_on_feasible": true,
        "timeout": 20
    },
    "histogram": {
        "all": {
            "centered_exchange_1": 681,
            "exchange_1_2": 688,
            "exchange_2_2": 688,
            "exchange_3_3": 687,
            "exchange_3_4": 686,
            "exchange_4_4": 686,
            "exchange_ids": 713,
            "insert_1": 914,
            "move_all_by_1": 535,
            "move_all_by_2": 509,
            "relocate_1": 593,
            "relocate_5": 593,
            "remove_1": 914,
            "rexchange_2_2": 683,
            "rexchange_2_3": 683,
            "rexchange_4_4": 683,
            "rrelocate_3": 577,
            "rrelocate_4": 577,
            "two_opt": 806
        },
        "improving": {
            "centered_exchange_1": 85,
            "exchange_1_2": 206,
            "exchange_2_2": 67,
            "exchange_3_3": 16,
            "exchange_3_4": 11,
            "exchange_4_4": 3,
            "exchange_ids": 312,
            "insert_1": 0,
            "move_all_by_1": 88,
            "move_all_by_2": 49,
            "relocate_1": 187,
            "relocate_5": 15,
            "remove_1": 0,
            "rexchange_2_2": 72,
            "rexchange_2_3": 26,
            "rexchange_4_4": 1,
            "rrelocate_3": 68,
            "rrelocate_4": 7,
            "two_opt": 426
        },
        "rate": {
            "centered_exchange_1": 0.12481644749641418,
            "exchange_1_2": 0.2994185984134674,
            "exchange_2_2": 0.09738372266292572,
            "exchange_3_3": 0.023289665579795837,
            "exchange_3_4": 0.016034984961152077,
            "exchange_4_4": 0.004373177886009216,
            "exchange_ids": 0.4375876486301422,
            "insert_1": 0.0,
            "move_all_by_1": 0.16448597609996796,
            "move_all_by_2": 0.09626719355583191,
            "relocate_1": 0.3153457045555115,
            "relocate_5": 0.025295110419392586,
            "remove_1": 0.0,
            "rexchange_2_2": 0.10541727393865585,
            "rexchange_2_3": 0.038067348301410675,
            "rexchange_4_4": 0.0014641288435086608,
            "rrelocate_3": 0.11785095185041428,
            "rrelocate_4": 0.012131716124713421,
            "two_opt": 0.5285359621047974
        }
    },
    "last_improvement": 1,
    "name": "random-20-1.60-23",
    "solution": {
        "fitness": 3000712,
        "is_feasible": false,
        "permutation": [
            12,
            15,
            8,
            9,
            6,
            1,
            5,
            3,
            11,
            16,
            0,
            19,
            7,
            14,
            13,
            10,
            4,
            17,
            18,
            2
        ],
        "permutation_orig_ids": [
            "13",
            "16",
            "9",
            "10",
            "7",
            "2",
            "6",
            "4",
            "12",
            "17",
            "1",
            "20",
            "8",
            "15",
            "14",
            "11",
            "5",
            "18",
            "19",
            "3"
        ],
        "walk_orig_ids": [
            "13",
            "16",
            "14",
            "9",
            "10",
            "19",
            "7",
            "2",
            "6",
            "4",
            "6",
            "12",
            "17",
            "5",
            "1",
            "5",
            "20",
            "8",
            "15",
            "8",
            "14",
            "11",
            "5",
            "18",
            "19",
            "3"
        ],
        "walk_processing": [
            true,
            true,
            false,
            true,
            true,
            false,
            true,
            true,
            true,
            true,
            false,
            true,
            true,
            false,
            true,
            false,
            true,
            true,
            true,
            false,
            true,
            true,
            true,
            true,
            true,
            true
        ]
    },
    "steps": {
        "0": 3000904,
        "1": 3000712
    },
    "timeout": 20
}