{
    "config": {
        "allow_infeasible": true,
        "construction": "random_replicate",
        "ils_k": 6,
        "local_search": "CVND",
        "metaheuristic": "ILS",
        "num_threads": 8,
        "operators": [
            "insert_1",
            "remove_1",
            "two_opt",
            "exchange_ids",
            "exchange_1_2",
            "exchange_2_2",
            "exchange_3_3",
            "exchange_3_4",
            "exchange_4_4",
            "rexchange_2_2",
            "rexchange_2_3",
            "rexchange_4_4",
            "centered_exchange_1",
            "relocate_1",
            "relocate_5",
            "rrelocate_3",
            "rrelocate_4",
            "move_all_by_1",
            "move_all_by_2"
        ],
        "perturbation": [
            "random_double_bridge"
        ],
        "stop_on_feasible": true,
        "timeout": 20
    },
    "histogram": {
        "all": {
            "centered_exchange_1": 683,
            "exchange_1_2": 696,
            "exchange_2_2": 696,
            "exchange_3_3": 695,
            "exchange_3_4": 695,
            "exchange_4_4": 695,
            "exchange_ids": 705,
            "insert_1": 890,
            "move_all_by_1": 521,
            "move_all_by_2": 510,
            "relocate_1": 555,
            "relocate_5": 552,
            "remove_1": 890,
            "rexchange_2_2": 692,
            "rexchange_2_3": 688,
            "rexchange_4_4": 688,
            "rrelocate_3": 550,
            "rrelocate_4": 550,
            "two_opt": 791
        },
        "improving": {
            "centered_exchange_1": 51,
            "exchange_1_2": 192,
            "exchange_2_2": 60,
            "exchange_3_3": 18,
            "exchange_3_4": 23,
            "exchange_4_4": 5,
            "exchange_ids": 299,
            "insert_1": 0,
            "move_all_by_1": 82,
            "move_all_by_2": 41,
            "relocate_1": 235,
            "relocate_5": 24,
            "remove_1": 0,
            "rexchange_2_2": 73,
            "rexchange_2_3": 25,
            "rexchange_4_4": 3,
            "rrelocate_3": 29,
            "rrelocate_4": 6,
            "two_opt": 400
        },
        "rate": {
            "centered_exchange_1": 0.07467056810855865,
            "exchange_1_2": 0.27586206793785095,
            "exchange_2_2": 0.08620689809322357,
            "exchange_3_3": 0.025899279862642288,
            "exchange_3_4": 0.03309352695941925,
            "exchange_4_4": 0.007194244768470526,
            "exchange_ids": 0.4241134822368622,
            "insert_1": 0.0,
            "move_all_by_1": 0.15738964080810547,
            "move_all_by_2": 0.08039215952157974,
            "relocate_1": 0.4234234094619751,
            "relocate_5": 0.043478261679410934,
            "remove_1": 0.0,
            "rexchange_2_2": 0.10549133270978928,
            "rexchange_2_3": 0.03633720800280571,
            "rexchange_4_4": 0.004360465332865715,
            "rrelocate_3": 0.05272727087140083,
            "rrelocate_4": 0.010909090749919415,
            "two_opt": 0.5056890249252319
        }
    },
    "last_improvement": 8,
    "name": "random-20-2.60-37",
    "solution": {
        "fitness": 1001001,
        "is_feasible": false,
        "permutation": [
            6,
            17,
            15,
            18,
            1,
            8,
            14,
            19,
            4,
            2,
            13,
            11,
            9,
            12,
            0,
            7,
            5,
            16,
            10,
            3
        ],
        "permutation_orig_ids": [
            "7",
            "18",
            "16",
            "19",
            "2",
            "9",
            "15",
            "20",
            "5",
            "3",
            "14",
            "12",
            "10",
            "13",
            "1",
            "8",
            "6",
            "17",
            "11",
            "4"
        ],
        "walk_orig_ids": [
            "7",
            "18",
            "6",
            "16",
            "6",
            "19",
            "2",
            "9",
            "15",
            "20",
            "5",
            "3",
            "14",
            "10",
            "12",
            "10",
            "13",
            "6",
            "1",
            "6",
            "8",
            "6",
            "17",
            "11",
            "4"
        ],
        "walk_processing": [
            true,
            true,
            false,
            true,
            false,
            true,
            true,
            true,
            true,
            true,
            true,
            true,
            true,
            false,
            true,
            true,
            true,
            false,
            true,
            false,
            true,
            true,
            true,
            true,
            true
        ]
    },
    "steps": {
        "0": 2001074,
        "3": 2000809,
        "4": 2000752,
        "7": 2000751,
        "8": 1001001
    },
    "timeout": 20
}