{
    "config": {
        "allow_infeasible": true,
        "construction": "random_replicate",
        "ils_k": 6,
        "local_search": "CVND",
        "metaheuristic": "ILS",
        "num_threads": 8,
        "operators": [
            "insert_1",
            "remove_1",
            "two_opt",
            "exchange_ids",
            "exchange_1_2",
            "exchange_2_2",
            "exchange_3_3",
            "exchange_3_4",
            "exchange_4_4",
            "rexchange_2_2",
            "rexchange_2_3",
            "rexchange_4_4",
            "centered_exchange_1",
            "relocate_1",
            "relocate_5",
            "rrelocate_3",
            "rrelocate_4",
            "move_all_by_1",
            "move_all_by_2"
        ],
        "perturbation": [
            "random_double_bridge"
        ],
        "stop_on_feasible": true,
        "timeout": 3
    },
    "histogram": {
        "all": {
            "centered_exchange_1": 543,
            "exchange_1_2": 622,
            "exchange_2_2": 622,
            "exchange_3_3": 620,
            "exchange_3_4": 619,
            "exchange_4_4": 618,
            "exchange_ids": 632,
            "insert_1": 805,
            "move_all_by_1": 472,
            "move_all_by_2": 472,
            "relocate_1": 524,
            "relocate_5": 518,
            "remove_1": 805,
            "rexchange_2_2": 585,
            "rexchange_2_3": 572,
            "rexchange_4_4": 567,
            "rrelocate_3": 487,
            "rrelocate_4": 478,
            "two_opt": 670
        },
        "improving": {
            "centered_exchange_1": 50,
            "exchange_1_2": 108,
            "exchange_2_2": 32,
            "exchange_3_3": 35,
            "exchange_3_4": 42,
            "exchange_4_4": 23,
            "exchange_ids": 227,
            "insert_1": 0,
            "move_all_by_1": 15,
            "move_all_by_2": 1,
            "relocate_1": 88,
            "relocate_5": 58,
            "remove_1": 0,
            "rexchange_2_2": 126,
            "rexchange_2_3": 70,
            "rexchange_4_4": 62,
            "rrelocate_3": 70,
            "rrelocate_4": 28,
            "two_opt": 428
        },
        "rate": {
            "centered_exchange_1": 0.09208103269338608,
            "exchange_1_2": 0.17363344132900238,
            "exchange_2_2": 0.05144694447517395,
            "exchange_3_3": 0.05645161122083664,
            "exchange_3_4": 0.06785137206315994,
            "exchange_4_4": 0.037216827273368835,
            "exchange_ids": 0.35917720198631287,
            "insert_1": 0.0,
            "move_all_by_1": 0.031779661774635315,
            "move_all_by_2": 0.0021186440717428923,
            "relocate_1": 0.1679389327764511,
            "relocate_5": 0.11196911334991455,
            "remove_1": 0.0,
            "rexchange_2_2": 0.2153846174478531,
            "rexchange_2_3": 0.12237761914730072,
            "rexchange_4_4": 0.10934744030237198,
            "rrelocate_3": 0.14373716711997986,
            "rrelocate_4": 0.05857740715146065,
            "two_opt": 0.6388059854507446
        }
    },
    "last_improvement": 0,
    "name": "random_tsp-24-3.92-62",
    "solution": {
        "fitness": 2000845,
        "is_feasible": false,
        "permutation": [
            16,
            3,
            15,
            10,
            14,
            20,
            1,
            11,
            8,
            9,
            13,
            6,
            12,
            0,
            5,
            4,
            23,
            2,
            18,
            19,
            21,
            22,
            7,
            17
        ],
        "permutation_orig_ids": [
            "17",
            "4",
            "16",
            "11",
            "15",
            "21",
            "2",
            "12",
            "9",
            "10",
            "14",
            "7",
            "13",
            "1",
            "6",
            "5",
            "24",
            "3",
            "19",
            "20",
            "22",
            "23",
            "8",
            "18"
        ]
    },
    "steps": {
        "0": 2000845
    },
    "timeout": 3
}