{
    "config": {
        "allow_infeasible": true,
        "construction": "random_replicate",
        "ils_k": 6,
        "local_search": "CVND",
        "metaheuristic": "ILS",
        "num_threads": 8,
        "operators": [
            "insert_1",
            "remove_1",
            "two_opt",
            "exchange_ids",
            "exchange_1_2",
            "exchange_2_2",
            "exchange_3_3",
            "exchange_3_4",
            "exchange_4_4",
            "rexchange_2_2",
            "rexchange_2_3",
            "rexchange_4_4",
            "centered_exchange_1",
            "relocate_1",
            "relocate_5",
            "rrelocate_3",
            "rrelocate_4",
            "move_all_by_1",
            "move_all_by_2"
        ],
        "perturbation": [
            "random_double_bridge"
        ],
        "stop_on_feasible": true,
        "timeout": 3
    },
    "histogram": {
        "all": {
            "centered_exchange_1": 529,
            "exchange_1_2": 599,
            "exchange_2_2": 594,
            "exchange_3_3": 588,
            "exchange_3_4": 580,
            "exchange_4_4": 578,
            "exchange_ids": 619,
            "insert_1": 764,
            "move_all_by_1": 435,
            "move_all_by_2": 435,
            "relocate_1": 502,
            "relocate_5": 490,
            "remove_1": 764,
            "rexchange_2_2": 564,
            "rexchange_2_3": 554,
            "rexchange_4_4": 545,
            "rrelocate_3": 454,
            "rrelocate_4": 436,
            "two_opt": 659
        },
        "improving": {
            "centered_exchange_1": 32,
            "exchange_1_2": 138,
            "exchange_2_2": 40,
            "exchange_3_3": 40,
            "exchange_3_4": 51,
            "exchange_4_4": 24,
            "exchange_ids": 199,
            "insert_1": 0,
            "move_all_by_1": 2,
            "move_all_by_2": 0,
            "relocate_1": 50,
            "relocate_5": 26,
            "remove_1": 0,
            "rexchange_2_2": 87,
            "rexchange_2_3": 48,
            "rexchange_4_4": 28,
            "rrelocate_3": 60,
            "rrelocate_4": 30,
            "two_opt": 352
        },
        "rate": {
            "centered_exchange_1": 0.060491494834423065,
            "exchange_1_2": 0.2303839772939682,
            "exchange_2_2": 0.06734006851911545,
            "exchange_3_3": 0.06802721321582794,
            "exchange_3_4": 0.08793103694915771,
            "exchange_4_4": 0.041522491723299026,
            "exchange_ids": 0.3214862644672394,
            "insert_1": 0.0,
            "move_all_by_1": 0.004597701132297516,
            "move_all_by_2": 0.0,
            "relocate_1": 0.09960159659385681,
            "relocate_5": 0.05306122452020645,
            "remove_1": 0.0,
            "rexchange_2_2": 0.15425531566143036,
            "rexchange_2_3": 0.08664260059595108,
            "rexchange_4_4": 0.05137614533305168,
            "rrelocate_3": 0.13215859234333038,
            "rrelocate_4": 0.06880734115839005,
            "two_opt": 0.5341426134109497
        }
    },
    "last_improvement": 0,
    "name": "random_tsp-24-2.25-6",
    "solution": {
        "fitness": 6001018,
        "is_feasible": false,
        "permutation": [
            5,
            12,
            0,
            15,
            13,
            1,
            17,
            10,
            11,
            18,
            22,
            19,
            3,
            8,
            4,
            14,
            16,
            6,
            21,
            9,
            2,
            7,
            23,
            20
        ],
        "permutation_orig_ids": [
            "6",
            "13",
            "1",
            "16",
            "14",
            "2",
            "18",
            "11",
            "12",
            "19",
            "23",
            "20",
            "4",
            "9",
            "5",
            "15",
            "17",
            "7",
            "22",
            "10",
            "3",
            "8",
            "24",
            "21"
        ]
    },
    "steps": {
        "0": 6001018
    },
    "timeout": 3
}