{
    "config": {
        "allow_infeasible": true,
        "construction": "random_replicate",
        "ils_k": 6,
        "local_search": "CVND",
        "metaheuristic": "ILS",
        "num_threads": 8,
        "operators": [
            "insert_1",
            "remove_1",
            "two_opt",
            "exchange_ids",
            "exchange_1_2",
            "exchange_2_2",
            "exchange_3_3",
            "exchange_3_4",
            "exchange_4_4",
            "rexchange_2_2",
            "rexchange_2_3",
            "rexchange_4_4",
            "centered_exchange_1",
            "relocate_1",
            "relocate_5",
            "rrelocate_3",
            "rrelocate_4",
            "move_all_by_1",
            "move_all_by_2"
        ],
        "perturbation": [
            "random_double_bridge"
        ],
        "stop_on_feasible": true,
        "timeout": 3
    },
    "histogram": {
        "all": {
            "centered_exchange_1": 572,
            "exchange_1_2": 615,
            "exchange_2_2": 614,
            "exchange_3_3": 614,
            "exchange_3_4": 612,
            "exchange_4_4": 612,
            "exchange_ids": 620,
            "insert_1": 750,
            "move_all_by_1": 430,
            "move_all_by_2": 428,
            "relocate_1": 509,
            "relocate_5": 473,
            "remove_1": 750,
            "rexchange_2_2": 598,
            "rexchange_2_3": 583,
            "rexchange_4_4": 579,
            "rrelocate_3": 451,
            "rrelocate_4": 432,
            "two_opt": 665
        },
        "improving": {
            "centered_exchange_1": 20,
            "exchange_1_2": 130,
            "exchange_2_2": 38,
            "exchange_3_3": 36,
            "exchange_3_4": 45,
            "exchange_4_4": 24,
            "exchange_ids": 246,
            "insert_1": 0,
            "move_all_by_1": 4,
            "move_all_by_2": 3,
            "relocate_1": 119,
            "relocate_5": 79,
            "remove_1": 0,
            "rexchange_2_2": 94,
            "rexchange_2_3": 65,
            "rexchange_4_4": 48,
            "rrelocate_3": 60,
            "rrelocate_4": 35,
            "two_opt": 371
        },
        "rate": {
            "centered_exchange_1": 0.03496503457427025,
            "exchange_1_2": 0.21138212084770203,
            "exchange_2_2": 0.061889249831438065,
            "exchange_3_3": 0.05863192304968834,
            "exchange_3_4": 0.07352941483259201,
            "exchange_4_4": 0.03921568766236305,
            "exchange_ids": 0.39677420258522034,
            "insert_1": 0.0,
            "move_all_by_1": 0.009302325546741486,
            "move_all_by_2": 0.007009345572441816,
            "relocate_1": 0.2337917536497116,
            "relocate_5": 0.16701902449131012,
            "remove_1": 0.0,
            "rexchange_2_2": 0.15719063580036163,
            "rexchange_2_3": 0.11149228364229202,
            "rexchange_4_4": 0.08290155231952667,
            "rrelocate_3": 0.13303770124912262,
            "rrelocate_4": 0.08101851493120193,
            "two_opt": 0.557894766330719
        }
    },
    "last_improvement": 0,
    "name": "random_tsp-24-3.00-53",
    "solution": {
        "fitness": 3001129,
        "is_feasible": false,
        "permutation": [
            16,
            2,
            8,
            11,
            6,
            21,
            19,
            17,
            9,
            20,
            10,
            23,
            18,
            0,
            13,
            7,
            14,
            4,
            15,
            3,
            5,
            12,
            1,
            22
        ],
        "permutation_orig_ids": [
            "17",
            "3",
            "9",
            "12",
            "7",
            "22",
            "20",
            "18",
            "10",
            "21",
            "11",
            "24",
            "19",
            "1",
            "14",
            "8",
            "15",
            "5",
            "16",
            "4",
            "6",
            "13",
            "2",
            "23"
        ]
    },
    "steps": {
        "0": 3001129
    },
    "timeout": 3
}