{
    "config": {
        "allow_infeasible": true,
        "construction": "random_replicate",
        "ils_k": 6,
        "local_search": "CVND",
        "metaheuristic": "ILS",
        "num_threads": 8,
        "operators": [
            "insert_1",
            "remove_1",
            "two_opt",
            "exchange_ids",
            "exchange_1_2",
            "exchange_2_2",
            "exchange_3_3",
            "exchange_3_4",
            "exchange_4_4",
            "rexchange_2_2",
            "rexchange_2_3",
            "rexchange_4_4",
            "centered_exchange_1",
            "relocate_1",
            "relocate_5",
            "rrelocate_3",
            "rrelocate_4",
            "move_all_by_1",
            "move_all_by_2"
        ],
        "perturbation": [
            "random_double_bridge"
        ],
        "stop_on_feasible": true,
        "timeout": 3
    },
    "histogram": {
        "all": {
            "centered_exchange_1": 494,
            "exchange_1_2": 536,
            "exchange_2_2": 533,
            "exchange_3_3": 527,
            "exchange_3_4": 518,
            "exchange_4_4": 517,
            "exchange_ids": 577,
            "insert_1": 849,
            "move_all_by_1": 479,
            "move_all_by_2": 479,
            "relocate_1": 483,
            "relocate_5": 482,
            "remove_1": 849,
            "rexchange_2_2": 510,
            "rexchange_2_3": 503,
            "rexchange_4_4": 497,
            "rrelocate_3": 480,
            "rrelocate_4": 479,
            "two_opt": 690
        },
        "improving": {
            "centered_exchange_1": 3,
            "exchange_1_2": 68,
            "exchange_2_2": 16,
            "exchange_3_3": 10,
            "exchange_3_4": 12,
            "exchange_4_4": 2,
            "exchange_ids": 188,
            "insert_1": 0,
            "move_all_by_1": 0,
            "move_all_by_2": 0,
            "relocate_1": 11,
            "relocate_5": 1,
            "remove_1": 0,
            "rexchange_2_2": 13,
            "rexchange_2_3": 13,
            "rexchange_4_4": 6,
            "rrelocate_3": 2,
            "rrelocate_4": 0,
            "two_opt": 369
        },
        "rate": {
            "centered_exchange_1": 0.0060728746466338634,
            "exchange_1_2": 0.1268656700849533,
            "exchange_2_2": 0.03001876175403595,
            "exchange_3_3": 0.018975332379341125,
            "exchange_3_4": 0.023166023194789886,
            "exchange_4_4": 0.0038684720639139414,
            "exchange_ids": 0.32582321763038635,
            "insert_1": 0.0,
            "move_all_by_1": 0.0,
            "move_all_by_2": 0.0,
            "relocate_1": 0.02277432754635811,
            "relocate_5": 0.002074688905850053,
            "remove_1": 0.0,
            "rexchange_2_2": 0.02549019642174244,
            "rexchange_2_3": 0.025844929739832878,
            "rexchange_4_4": 0.012072434648871422,
            "rrelocate_3": 0.004166666883975267,
            "rrelocate_4": 0.0,
            "two_opt": 0.5347825884819031
        }
    },
    "last_improvement": 0,
    "name": "random_tsp-24-0.92-87",
    "solution": {
        "fitness": 13000392,
        "is_feasible": false,
        "permutation": [
            2,
            3,
            14,
            21,
            7,
            12,
            4,
            17,
            11,
            0,
            22,
            1,
            9,
            20,
            10,
            8,
            16,
            18,
            19,
            13,
            15,
            6,
            5,
            23
        ],
        "permutation_orig_ids": [
            "3",
            "4",
            "15",
            "22",
            "8",
            "13",
            "5",
            "18",
            "12",
            "1",
            "23",
            "2",
            "10",
            "21",
            "11",
            "9",
            "17",
            "19",
            "20",
            "14",
            "16",
            "7",
            "6",
            "24"
        ]
    },
    "steps": {
        "0": 13000392
    },
    "timeout": 3
}