{
    "config": {
        "allow_infeasible": true,
        "construction": "random_replicate",
        "ils_k": 6,
        "local_search": "CVND",
        "metaheuristic": "ILS",
        "num_threads": 8,
        "operators": [
            "insert_1",
            "remove_1",
            "two_opt",
            "exchange_ids",
            "exchange_1_2",
            "exchange_2_2",
            "exchange_3_3",
            "exchange_3_4",
            "exchange_4_4",
            "rexchange_2_2",
            "rexchange_2_3",
            "rexchange_4_4",
            "centered_exchange_1",
            "relocate_1",
            "relocate_5",
            "rrelocate_3",
            "rrelocate_4",
            "move_all_by_1",
            "move_all_by_2"
        ],
        "perturbation": [
            "random_double_bridge"
        ],
        "stop_on_feasible": true,
        "timeout": 3
    },
    "histogram": {
        "all": {
            "centered_exchange_1": 476,
            "exchange_1_2": 562,
            "exchange_2_2": 552,
            "exchange_3_3": 542,
            "exchange_3_4": 521,
            "exchange_4_4": 521,
            "exchange_ids": 611,
            "insert_1": 839,
            "move_all_by_1": 456,
            "move_all_by_2": 456,
            "relocate_1": 461,
            "relocate_5": 459,
            "remove_1": 839,
            "rexchange_2_2": 502,
            "rexchange_2_3": 490,
            "rexchange_4_4": 479,
            "rrelocate_3": 458,
            "rrelocate_4": 457,
            "two_opt": 716
        },
        "improving": {
            "centered_exchange_1": 4,
            "exchange_1_2": 105,
            "exchange_2_2": 24,
            "exchange_3_3": 21,
            "exchange_3_4": 38,
            "exchange_4_4": 6,
            "exchange_ids": 216,
            "insert_1": 0,
            "move_all_by_1": 0,
            "move_all_by_2": 0,
            "relocate_1": 15,
            "relocate_5": 2,
            "remove_1": 0,
            "rexchange_2_2": 23,
            "rexchange_2_3": 19,
            "rexchange_4_4": 12,
            "rrelocate_3": 2,
            "rrelocate_4": 1,
            "two_opt": 380
        },
        "rate": {
            "centered_exchange_1": 0.008403361774981022,
            "exchange_1_2": 0.1868327409029007,
            "exchange_2_2": 0.043478261679410934,
            "exchange_3_3": 0.03874538838863373,
            "exchange_3_4": 0.07293666154146194,
            "exchange_4_4": 0.011516314931213856,
            "exchange_ids": 0.3535188138484955,
            "insert_1": 0.0,
            "move_all_by_1": 0.0,
            "move_all_by_2": 0.0,
            "relocate_1": 0.03253795951604843,
            "relocate_5": 0.004357298370450735,
            "remove_1": 0.0,
            "rexchange_2_2": 0.04581673443317413,
            "rexchange_2_3": 0.03877551108598709,
            "rexchange_4_4": 0.02505219168961048,
            "rrelocate_3": 0.0043668122962117195,
            "rrelocate_4": 0.002188183832913637,
            "two_opt": 0.5307262539863586
        }
    },
    "last_improvement": 0,
    "name": "random_tsp-24-1.33-28",
    "solution": {
        "fitness": 12000580,
        "is_feasible": false,
        "permutation": [
            23,
            3,
            22,
            15,
            17,
            13,
            18,
            16,
            7,
            21,
            8,
            20,
            19,
            4,
            1,
            6,
            11,
            14,
            0,
            2,
            12,
            9,
            5,
            10
        ],
        "permutation_orig_ids": [
            "24",
            "4",
            "23",
            "16",
            "18",
            "14",
            "19",
            "17",
            "8",
            "22",
            "9",
            "21",
            "20",
            "5",
            "2",
            "7",
            "12",
            "15",
            "1",
            "3",
            "13",
            "10",
            "6",
            "11"
        ]
    },
    "steps": {
        "0": 12000580
    },
    "timeout": 3
}