{
    "config": {
        "allow_infeasible": true,
        "construction": "random_replicate",
        "ils_k": 6,
        "local_search": "CVND",
        "metaheuristic": "ILS",
        "num_threads": 8,
        "operators": [
            "insert_1",
            "remove_1",
            "two_opt",
            "exchange_ids",
            "exchange_1_2",
            "exchange_2_2",
            "exchange_3_3",
            "exchange_3_4",
            "exchange_4_4",
            "rexchange_2_2",
            "rexchange_2_3",
            "rexchange_4_4",
            "centered_exchange_1",
            "relocate_1",
            "relocate_5",
            "rrelocate_3",
            "rrelocate_4",
            "move_all_by_1",
            "move_all_by_2"
        ],
        "perturbation": [
            "random_double_bridge"
        ],
        "stop_on_feasible": true,
        "timeout": 3
    },
    "histogram": {
        "all": {
            "centered_exchange_1": 573,
            "exchange_1_2": 646,
            "exchange_2_2": 645,
            "exchange_3_3": 644,
            "exchange_3_4": 640,
            "exchange_4_4": 638,
            "exchange_ids": 648,
            "insert_1": 820,
            "move_all_by_1": 476,
            "move_all_by_2": 476,
            "relocate_1": 549,
            "relocate_5": 515,
            "remove_1": 820,
            "rexchange_2_2": 620,
            "rexchange_2_3": 602,
            "rexchange_4_4": 580,
            "rrelocate_3": 494,
            "rrelocate_4": 476,
            "two_opt": 693
        },
        "improving": {
            "centered_exchange_1": 30,
            "exchange_1_2": 120,
            "exchange_2_2": 42,
            "exchange_3_3": 44,
            "exchange_3_4": 53,
            "exchange_4_4": 23,
            "exchange_ids": 238,
            "insert_1": 0,
            "move_all_by_1": 0,
            "move_all_by_2": 0,
            "relocate_1": 99,
            "relocate_5": 78,
            "remove_1": 0,
            "rexchange_2_2": 83,
            "rexchange_2_3": 95,
            "rexchange_4_4": 69,
            "rrelocate_3": 59,
            "rrelocate_4": 45,
            "two_opt": 424
        },
        "rate": {
            "centered_exchange_1": 0.052356019616127014,
            "exchange_1_2": 0.18575851619243622,
            "exchange_2_2": 0.0651162788271904,
            "exchange_3_3": 0.06832297891378403,
            "exchange_3_4": 0.08281250298023224,
            "exchange_4_4": 0.03605015575885773,
            "exchange_ids": 0.3672839403152466,
            "insert_1": 0.0,
            "move_all_by_1": 0.0,
            "move_all_by_2": 0.0,
            "relocate_1": 0.1803278625011444,
            "relocate_5": 0.1514563113451004,
            "remove_1": 0.0,
            "rexchange_2_2": 0.13387097418308258,
            "rexchange_2_3": 0.15780730545520782,
            "rexchange_4_4": 0.1189655140042305,
            "rrelocate_3": 0.1194332018494606,
            "rrelocate_4": 0.09453781694173813,
            "two_opt": 0.6118326187133789
        }
    },
    "last_improvement": 0,
    "name": "random_tsp-24-4.08-47",
    "solution": {
        "fitness": 2000894,
        "is_feasible": false,
        "permutation": [
            21,
            10,
            13,
            7,
            14,
            17,
            12,
            22,
            5,
            4,
            18,
            20,
            16,
            11,
            19,
            8,
            23,
            2,
            15,
            0,
            1,
            3,
            9,
            6
        ],
        "permutation_orig_ids": [
            "22",
            "11",
            "14",
            "8",
            "15",
            "18",
            "13",
            "23",
            "6",
            "5",
            "19",
            "21",
            "17",
            "12",
            "20",
            "9",
            "24",
            "3",
            "16",
            "1",
            "2",
            "4",
            "10",
            "7"
        ]
    },
    "steps": {
        "0": 2000894
    },
    "timeout": 3
}