{
    "config": {
        "allow_infeasible": true,
        "construction": "random_replicate",
        "ils_k": 6,
        "local_search": "CVND",
        "metaheuristic": "ILS",
        "num_threads": 8,
        "operators": [
            "insert_1",
            "remove_1",
            "two_opt",
            "exchange_ids",
            "exchange_1_2",
            "exchange_2_2",
            "exchange_3_3",
            "exchange_3_4",
            "exchange_4_4",
            "rexchange_2_2",
            "rexchange_2_3",
            "rexchange_4_4",
            "centered_exchange_1",
            "relocate_1",
            "relocate_5",
            "rrelocate_3",
            "rrelocate_4",
            "move_all_by_1",
            "move_all_by_2"
        ],
        "perturbation": [
            "random_double_bridge"
        ],
        "stop_on_feasible": true,
        "timeout": 3
    },
    "histogram": {
        "all": {
            "centered_exchange_1": 564,
            "exchange_1_2": 629,
            "exchange_2_2": 628,
            "exchange_3_3": 628,
            "exchange_3_4": 628,
            "exchange_4_4": 626,
            "exchange_ids": 639,
            "insert_1": 807,
            "move_all_by_1": 481,
            "move_all_by_2": 481,
            "relocate_1": 546,
            "relocate_5": 530,
            "remove_1": 807,
            "rexchange_2_2": 589,
            "rexchange_2_3": 574,
            "rexchange_4_4": 566,
            "rrelocate_3": 506,
            "rrelocate_4": 485,
            "two_opt": 677
        },
        "improving": {
            "centered_exchange_1": 28,
            "exchange_1_2": 113,
            "exchange_2_2": 42,
            "exchange_3_3": 32,
            "exchange_3_4": 48,
            "exchange_4_4": 30,
            "exchange_ids": 202,
            "insert_1": 0,
            "move_all_by_1": 12,
            "move_all_by_2": 1,
            "relocate_1": 85,
            "relocate_5": 51,
            "remove_1": 0,
            "rexchange_2_2": 137,
            "rexchange_2_3": 94,
            "rexchange_4_4": 42,
            "rrelocate_3": 75,
            "rrelocate_4": 59,
            "two_opt": 424
        },
        "rate": {
            "centered_exchange_1": 0.04964539036154747,
            "exchange_1_2": 0.1796502321958542,
            "exchange_2_2": 0.06687898188829422,
            "exchange_3_3": 0.05095541477203369,
            "exchange_3_4": 0.07643312215805054,
            "exchange_4_4": 0.04792332276701927,
            "exchange_ids": 0.31611892580986023,
            "insert_1": 0.0,
            "move_all_by_1": 0.02494802512228489,
            "move_all_by_2": 0.0020790020935237408,
            "relocate_1": 0.1556776612997055,
            "relocate_5": 0.09622641652822495,
            "remove_1": 0.0,
            "rexchange_2_2": 0.23259761929512024,
            "rexchange_2_3": 0.16376306116580963,
            "rexchange_4_4": 0.0742049440741539,
            "rrelocate_3": 0.14822134375572205,
            "rrelocate_4": 0.12164948135614395,
            "two_opt": 0.6262924671173096
        }
    },
    "last_improvement": 0,
    "name": "random_tsp-24-4.25-64",
    "solution": {
        "fitness": 1001122,
        "is_feasible": false,
        "permutation": [
            8,
            4,
            23,
            22,
            13,
            19,
            1,
            6,
            0,
            2,
            18,
            21,
            7,
            12,
            10,
            16,
            3,
            17,
            5,
            14,
            11,
            9,
            20,
            15
        ],
        "permutation_orig_ids": [
            "9",
            "5",
            "24",
            "23",
            "14",
            "20",
            "2",
            "7",
            "1",
            "3",
            "19",
            "22",
            "8",
            "13",
            "11",
            "17",
            "4",
            "18",
            "6",
            "15",
            "12",
            "10",
            "21",
            "16"
        ]
    },
    "steps": {
        "0": 1001122
    },
    "timeout": 3
}