{
    "config": {
        "allow_infeasible": true,
        "construction": "random_replicate",
        "ils_k": 6,
        "local_search": "CVND",
        "metaheuristic": "ILS",
        "num_threads": 8,
        "operators": [
            "insert_1",
            "remove_1",
            "two_opt",
            "exchange_ids",
            "exchange_1_2",
            "exchange_2_2",
            "exchange_3_3",
            "exchange_3_4",
            "exchange_4_4",
            "rexchange_2_2",
            "rexchange_2_3",
            "rexchange_4_4",
            "centered_exchange_1",
            "relocate_1",
            "relocate_5",
            "rrelocate_3",
            "rrelocate_4",
            "move_all_by_1",
            "move_all_by_2"
        ],
        "perturbation": [
            "random_double_bridge"
        ],
        "stop_on_feasible": true,
        "timeout": 3
    },
    "histogram": {
        "all": {
            "centered_exchange_1": 578,
            "exchange_1_2": 634,
            "exchange_2_2": 634,
            "exchange_3_3": 634,
            "exchange_3_4": 633,
            "exchange_4_4": 625,
            "exchange_ids": 643,
            "insert_1": 787,
            "move_all_by_1": 464,
            "move_all_by_2": 464,
            "relocate_1": 533,
            "relocate_5": 508,
            "remove_1": 787,
            "rexchange_2_2": 596,
            "rexchange_2_3": 584,
            "rexchange_4_4": 578,
            "rrelocate_3": 491,
            "rrelocate_4": 465,
            "two_opt": 680
        },
        "improving": {
            "centered_exchange_1": 20,
            "exchange_1_2": 141,
            "exchange_2_2": 34,
            "exchange_3_3": 26,
            "exchange_3_4": 57,
            "exchange_4_4": 44,
            "exchange_ids": 226,
            "insert_1": 0,
            "move_all_by_1": 15,
            "move_all_by_2": 2,
            "relocate_1": 113,
            "relocate_5": 65,
            "remove_1": 0,
            "rexchange_2_2": 104,
            "rexchange_2_3": 63,
            "rexchange_4_4": 52,
            "rrelocate_3": 65,
            "rrelocate_4": 57,
            "two_opt": 399
        },
        "rate": {
            "centered_exchange_1": 0.034602075815200806,
            "exchange_1_2": 0.22239747643470764,
            "exchange_2_2": 0.05362775921821594,
            "exchange_3_3": 0.041009463369846344,
            "exchange_3_4": 0.09004739671945572,
            "exchange_4_4": 0.07039999961853027,
            "exchange_ids": 0.3514774441719055,
            "insert_1": 0.0,
            "move_all_by_1": 0.03232758492231369,
            "move_all_by_2": 0.004310344811528921,
            "relocate_1": 0.21200750768184662,
            "relocate_5": 0.12795275449752808,
            "remove_1": 0.0,
            "rexchange_2_2": 0.17449665069580078,
            "rexchange_2_3": 0.10787671059370041,
            "rexchange_4_4": 0.08996539562940598,
            "rrelocate_3": 0.13238288462162018,
            "rrelocate_4": 0.1225806474685669,
            "two_opt": 0.5867646932601929
        }
    },
    "last_improvement": 0,
    "name": "random_tsp-24-3.67-59",
    "solution": {
        "fitness": 2000831,
        "is_feasible": false,
        "permutation": [
            12,
            6,
            8,
            2,
            19,
            11,
            7,
            4,
            21,
            16,
            18,
            5,
            3,
            0,
            14,
            9,
            10,
            13,
            20,
            17,
            1,
            15,
            23,
            22
        ],
        "permutation_orig_ids": [
            "13",
            "7",
            "9",
            "3",
            "20",
            "12",
            "8",
            "5",
            "22",
            "17",
            "19",
            "6",
            "4",
            "1",
            "15",
            "10",
            "11",
            "14",
            "21",
            "18",
            "2",
            "16",
            "24",
            "23"
        ]
    },
    "steps": {
        "0": 2000831
    },
    "timeout": 3
}