{
    "config": {
        "allow_infeasible": true,
        "construction": "random_replicate",
        "ils_k": 6,
        "local_search": "CVND",
        "metaheuristic": "ILS",
        "num_threads": 8,
        "operators": [
            "insert_1",
            "remove_1",
            "two_opt",
            "exchange_ids",
            "exchange_1_2",
            "exchange_2_2",
            "exchange_3_3",
            "exchange_3_4",
            "exchange_4_4",
            "rexchange_2_2",
            "rexchange_2_3",
            "rexchange_4_4",
            "centered_exchange_1",
            "relocate_1",
            "relocate_5",
            "rrelocate_3",
            "rrelocate_4",
            "move_all_by_1",
            "move_all_by_2"
        ],
        "perturbation": [
            "random_double_bridge"
        ],
        "stop_on_feasible": true,
        "timeout": 3
    },
    "histogram": {
        "all": {
            "centered_exchange_1": 573,
            "exchange_1_2": 633,
            "exchange_2_2": 632,
            "exchange_3_3": 632,
            "exchange_3_4": 630,
            "exchange_4_4": 630,
            "exchange_ids": 645,
            "insert_1": 815,
            "move_all_by_1": 485,
            "move_all_by_2": 481,
            "relocate_1": 522,
            "relocate_5": 516,
            "remove_1": 815,
            "rexchange_2_2": 605,
            "rexchange_2_3": 592,
            "rexchange_4_4": 582,
            "rrelocate_3": 499,
            "rrelocate_4": 490,
            "two_opt": 689
        },
        "improving": {
            "centered_exchange_1": 53,
            "exchange_1_2": 120,
            "exchange_2_2": 26,
            "exchange_3_3": 33,
            "exchange_3_4": 47,
            "exchange_4_4": 19,
            "exchange_ids": 223,
            "insert_1": 0,
            "move_all_by_1": 16,
            "move_all_by_2": 12,
            "relocate_1": 119,
            "relocate_5": 30,
            "remove_1": 0,
            "rexchange_2_2": 111,
            "rexchange_2_3": 63,
            "rexchange_4_4": 60,
            "rrelocate_3": 48,
            "rrelocate_4": 44,
            "two_opt": 418
        },
        "rate": {
            "centered_exchange_1": 0.0924956351518631,
            "exchange_1_2": 0.1895734667778015,
            "exchange_2_2": 0.04113924130797386,
            "exchange_3_3": 0.05221518874168396,
            "exchange_3_4": 0.07460317760705948,
            "exchange_4_4": 0.03015873022377491,
            "exchange_ids": 0.34573644399642944,
            "insert_1": 0.0,
            "move_all_by_1": 0.03298969194293022,
            "move_all_by_2": 0.02494802512228489,
            "relocate_1": 0.22796934843063354,
            "relocate_5": 0.058139536529779434,
            "remove_1": 0.0,
            "rexchange_2_2": 0.18347106873989105,
            "rexchange_2_3": 0.1064189225435257,
            "rexchange_4_4": 0.10309278219938278,
            "rrelocate_3": 0.0961923822760582,
            "rrelocate_4": 0.08979591727256775,
            "two_opt": 0.6066763401031494
        }
    },
    "last_improvement": 1,
    "name": "random_tsp-24-4.17-12",
    "solution": {
        "fitness": 3000820,
        "is_feasible": false,
        "permutation": [
            22,
            6,
            2,
            17,
            3,
            5,
            4,
            16,
            10,
            19,
            20,
            18,
            9,
            11,
            14,
            12,
            13,
            7,
            1,
            15,
            0,
            21,
            8,
            23
        ],
        "permutation_orig_ids": [
            "23",
            "7",
            "3",
            "18",
            "4",
            "6",
            "5",
            "17",
            "11",
            "20",
            "21",
            "19",
            "10",
            "12",
            "15",
            "13",
            "14",
            "8",
            "2",
            "16",
            "1",
            "22",
            "9",
            "24"
        ]
    },
    "steps": {
        "0": 3000860,
        "1": 3000820
    },
    "timeout": 3
}