{
    "config": {
        "allow_infeasible": true,
        "construction": "random_replicate",
        "ils_k": 6,
        "local_search": "CVND",
        "metaheuristic": "ILS",
        "num_threads": 8,
        "operators": [
            "insert_1",
            "remove_1",
            "two_opt",
            "exchange_ids",
            "exchange_1_2",
            "exchange_2_2",
            "exchange_3_3",
            "exchange_3_4",
            "exchange_4_4",
            "rexchange_2_2",
            "rexchange_2_3",
            "rexchange_4_4",
            "centered_exchange_1",
            "relocate_1",
            "relocate_5",
            "rrelocate_3",
            "rrelocate_4",
            "move_all_by_1",
            "move_all_by_2"
        ],
        "perturbation": [
            "random_double_bridge"
        ],
        "stop_on_feasible": true,
        "timeout": 3
    },
    "histogram": {
        "all": {
            "centered_exchange_1": 503,
            "exchange_1_2": 528,
            "exchange_2_2": 525,
            "exchange_3_3": 519,
            "exchange_3_4": 519,
            "exchange_4_4": 519,
            "exchange_ids": 551,
            "insert_1": 763,
            "move_all_by_1": 502,
            "move_all_by_2": 502,
            "relocate_1": 502,
            "relocate_5": 502,
            "remove_1": 763,
            "rexchange_2_2": 509,
            "rexchange_2_3": 503,
            "rexchange_4_4": 503,
            "rrelocate_3": 502,
            "rrelocate_4": 502,
            "two_opt": 587
        },
        "improving": {
            "centered_exchange_1": 0,
            "exchange_1_2": 29,
            "exchange_2_2": 5,
            "exchange_3_3": 6,
            "exchange_3_4": 0,
            "exchange_4_4": 0,
            "exchange_ids": 54,
            "insert_1": 0,
            "move_all_by_1": 0,
            "move_all_by_2": 0,
            "relocate_1": 0,
            "relocate_5": 0,
            "remove_1": 0,
            "rexchange_2_2": 11,
            "rexchange_2_3": 6,
            "rexchange_4_4": 0,
            "rrelocate_3": 0,
            "rrelocate_4": 0,
            "two_opt": 250
        },
        "rate": {
            "centered_exchange_1": 0.0,
            "exchange_1_2": 0.054924242198467255,
            "exchange_2_2": 0.009523809887468815,
            "exchange_3_3": 0.011560693383216858,
            "exchange_3_4": 0.0,
            "exchange_4_4": 0.0,
            "exchange_ids": 0.09800363332033157,
            "insert_1": 0.0,
            "move_all_by_1": 0.0,
            "move_all_by_2": 0.0,
            "relocate_1": 0.0,
            "relocate_5": 0.0,
            "remove_1": 0.0,
            "rexchange_2_2": 0.02161100134253502,
            "rexchange_2_3": 0.011928429827094078,
            "rexchange_4_4": 0.0,
            "rrelocate_3": 0.0,
            "rrelocate_4": 0.0,
            "two_opt": 0.4258943796157837
        }
    },
    "last_improvement": 0,
    "name": "random_tsp-24-0.50-67",
    "solution": {
        "fitness": 18000339,
        "is_feasible": false,
        "permutation": [
            3,
            8,
            23,
            2,
            7,
            14,
            1,
            9,
            22,
            12,
            13,
            17,
            19,
            10,
            11,
            5,
            4,
            18,
            6,
            21,
            15,
            20,
            16,
            0
        ],
        "permutation_orig_ids": [
            "4",
            "9",
            "24",
            "3",
            "8",
            "15",
            "2",
            "10",
            "23",
            "13",
            "14",
            "18",
            "20",
            "11",
            "12",
            "6",
            "5",
            "19",
            "7",
            "22",
            "16",
            "21",
            "17",
            "1"
        ]
    },
    "steps": {
        "0": 18000339
    },
    "timeout": 3
}