{
    "config": {
        "allow_infeasible": true,
        "construction": "random_replicate",
        "ils_k": 6,
        "local_search": "CVND",
        "metaheuristic": "ILS",
        "num_threads": 8,
        "operators": [
            "insert_1",
            "remove_1",
            "two_opt",
            "exchange_ids",
            "exchange_1_2",
            "exchange_2_2",
            "exchange_3_3",
            "exchange_3_4",
            "exchange_4_4",
            "rexchange_2_2",
            "rexchange_2_3",
            "rexchange_4_4",
            "centered_exchange_1",
            "relocate_1",
            "relocate_5",
            "rrelocate_3",
            "rrelocate_4",
            "move_all_by_1",
            "move_all_by_2"
        ],
        "perturbation": [
            "random_double_bridge"
        ],
        "stop_on_feasible": true,
        "timeout": 3
    },
    "histogram": {
        "all": {
            "centered_exchange_1": 502,
            "exchange_1_2": 544,
            "exchange_2_2": 541,
            "exchange_3_3": 536,
            "exchange_3_4": 535,
            "exchange_4_4": 535,
            "exchange_ids": 553,
            "insert_1": 737,
            "move_all_by_1": 497,
            "move_all_by_2": 497,
            "relocate_1": 501,
            "relocate_5": 497,
            "remove_1": 737,
            "rexchange_2_2": 525,
            "rexchange_2_3": 504,
            "rexchange_4_4": 503,
            "rrelocate_3": 497,
            "rrelocate_4": 497,
            "two_opt": 578
        },
        "improving": {
            "centered_exchange_1": 1,
            "exchange_1_2": 12,
            "exchange_2_2": 4,
            "exchange_3_3": 6,
            "exchange_3_4": 1,
            "exchange_4_4": 0,
            "exchange_ids": 58,
            "insert_1": 0,
            "move_all_by_1": 0,
            "move_all_by_2": 0,
            "relocate_1": 1,
            "relocate_5": 4,
            "remove_1": 0,
            "rexchange_2_2": 12,
            "rexchange_2_3": 22,
            "rexchange_4_4": 0,
            "rrelocate_3": 0,
            "rrelocate_4": 0,
            "two_opt": 237
        },
        "rate": {
            "centered_exchange_1": 0.0019920319318771362,
            "exchange_1_2": 0.022058824077248573,
            "exchange_2_2": 0.007393715437501669,
            "exchange_3_3": 0.011194029822945595,
            "exchange_3_4": 0.0018691589357331395,
            "exchange_4_4": 0.0,
            "exchange_ids": 0.10488245636224747,
            "insert_1": 0.0,
            "move_all_by_1": 0.0,
            "move_all_by_2": 0.0,
            "relocate_1": 0.0019960079807788134,
            "relocate_5": 0.008048289455473423,
            "remove_1": 0.0,
            "rexchange_2_2": 0.022857142612338066,
            "rexchange_2_3": 0.0436507947742939,
            "rexchange_4_4": 0.0,
            "rrelocate_3": 0.0,
            "rrelocate_4": 0.0,
            "two_opt": 0.41003459692001343
        }
    },
    "last_improvement": 0,
    "name": "random_tsp-24-0.58-62",
    "solution": {
        "fitness": 18000239,
        "is_feasible": false,
        "permutation": [
            14,
            10,
            23,
            1,
            6,
            11,
            7,
            0,
            9,
            3,
            22,
            2,
            12,
            8,
            20,
            17,
            18,
            5,
            19,
            13,
            21,
            16,
            4,
            15
        ],
        "permutation_orig_ids": [
            "15",
            "11",
            "24",
            "2",
            "7",
            "12",
            "8",
            "1",
            "10",
            "4",
            "23",
            "3",
            "13",
            "9",
            "21",
            "18",
            "19",
            "6",
            "20",
            "14",
            "22",
            "17",
            "5",
            "16"
        ]
    },
    "steps": {
        "0": 18000239
    },
    "timeout": 3
}