{
    "config": {
        "allow_infeasible": true,
        "construction": "random_replicate",
        "ils_k": 6,
        "local_search": "CVND",
        "metaheuristic": "ILS",
        "num_threads": 8,
        "operators": [
            "insert_1",
            "remove_1",
            "two_opt",
            "exchange_ids",
            "exchange_1_2",
            "exchange_2_2",
            "exchange_3_3",
            "exchange_3_4",
            "exchange_4_4",
            "rexchange_2_2",
            "rexchange_2_3",
            "rexchange_4_4",
            "centered_exchange_1",
            "relocate_1",
            "relocate_5",
            "rrelocate_3",
            "rrelocate_4",
            "move_all_by_1",
            "move_all_by_2"
        ],
        "perturbation": [
            "random_double_bridge"
        ],
        "stop_on_feasible": true,
        "timeout": 3
    },
    "histogram": {
        "all": {
            "centered_exchange_1": 546,
            "exchange_1_2": 623,
            "exchange_2_2": 616,
            "exchange_3_3": 609,
            "exchange_3_4": 605,
            "exchange_4_4": 603,
            "exchange_ids": 632,
            "insert_1": 807,
            "move_all_by_1": 464,
            "move_all_by_2": 462,
            "relocate_1": 528,
            "relocate_5": 511,
            "remove_1": 807,
            "rexchange_2_2": 587,
            "rexchange_2_3": 565,
            "rexchange_4_4": 551,
            "rrelocate_3": 496,
            "rrelocate_4": 465,
            "two_opt": 681
        },
        "improving": {
            "centered_exchange_1": 23,
            "exchange_1_2": 107,
            "exchange_2_2": 47,
            "exchange_3_3": 49,
            "exchange_3_4": 53,
            "exchange_4_4": 31,
            "exchange_ids": 222,
            "insert_1": 0,
            "move_all_by_1": 4,
            "move_all_by_2": 3,
            "relocate_1": 58,
            "relocate_5": 47,
            "remove_1": 0,
            "rexchange_2_2": 81,
            "rexchange_2_3": 65,
            "rexchange_4_4": 38,
            "rrelocate_3": 42,
            "rrelocate_4": 49,
            "two_opt": 405
        },
        "rate": {
            "centered_exchange_1": 0.04212454333901405,
            "exchange_1_2": 0.17174959182739258,
            "exchange_2_2": 0.07629869878292084,
            "exchange_3_3": 0.08045977354049683,
            "exchange_3_4": 0.08760330826044083,
            "exchange_4_4": 0.05140961706638336,
            "exchange_ids": 0.3512658178806305,
            "insert_1": 0.0,
            "move_all_by_1": 0.008620689623057842,
            "move_all_by_2": 0.006493506487458944,
            "relocate_1": 0.10984848439693451,
            "relocate_5": 0.09197651594877243,
            "remove_1": 0.0,
            "rexchange_2_2": 0.13798977434635162,
            "rexchange_2_3": 0.1150442510843277,
            "rexchange_4_4": 0.06896551698446274,
            "rrelocate_3": 0.08467742055654526,
            "rrelocate_4": 0.10537634044885635,
            "two_opt": 0.5947136282920837
        }
    },
    "last_improvement": 3,
    "name": "random_tsp-24-3.33-8",
    "solution": {
        "fitness": 3001064,
        "is_feasible": false,
        "permutation": [
            3,
            5,
            7,
            10,
            9,
            16,
            20,
            19,
            15,
            11,
            0,
            21,
            2,
            1,
            23,
            6,
            22,
            18,
            8,
            12,
            13,
            14,
            4,
            17
        ],
        "permutation_orig_ids": [
            "4",
            "6",
            "8",
            "11",
            "10",
            "17",
            "21",
            "20",
            "16",
            "12",
            "1",
            "22",
            "3",
            "2",
            "24",
            "7",
            "23",
            "19",
            "9",
            "13",
            "14",
            "15",
            "5",
            "18"
        ]
    },
    "steps": {
        "0": 4000907,
        "2": 3001066,
        "3": 3001064
    },
    "timeout": 3
}