{
    "config": {
        "allow_infeasible": true,
        "construction": "random_replicate",
        "ils_k": 6,
        "local_search": "CVND",
        "metaheuristic": "ILS",
        "num_threads": 8,
        "operators": [
            "insert_1",
            "remove_1",
            "two_opt",
            "exchange_ids",
            "exchange_1_2",
            "exchange_2_2",
            "exchange_3_3",
            "exchange_3_4",
            "exchange_4_4",
            "rexchange_2_2",
            "rexchange_2_3",
            "rexchange_4_4",
            "centered_exchange_1",
            "relocate_1",
            "relocate_5",
            "rrelocate_3",
            "rrelocate_4",
            "move_all_by_1",
            "move_all_by_2"
        ],
        "perturbation": [
            "random_double_bridge"
        ],
        "timeout": 3600
    },
    "histogram": {
        "all": {
            "centered_exchange_1": 758,
            "exchange_1_2": 767,
            "exchange_2_2": 766,
            "exchange_3_3": 766,
            "exchange_3_4": 766,
            "exchange_4_4": 766,
            "exchange_ids": 769,
            "insert_1": 785,
            "move_all_by_1": 726,
            "move_all_by_2": 726,
            "relocate_1": 731,
            "relocate_5": 731,
            "remove_1": 783,
            "rexchange_2_2": 762,
            "rexchange_2_3": 758,
            "rexchange_4_4": 758,
            "rrelocate_3": 731,
            "rrelocate_4": 729,
            "two_opt": 780
        },
        "improving": {
            "centered_exchange_1": 360,
            "exchange_1_2": 597,
            "exchange_2_2": 470,
            "exchange_3_3": 294,
            "exchange_3_4": 332,
            "exchange_4_4": 238,
            "exchange_ids": 668,
            "insert_1": 139,
            "move_all_by_1": 397,
            "move_all_by_2": 337,
            "relocate_1": 675,
            "relocate_5": 304,
            "remove_1": 40,
            "rexchange_2_2": 576,
            "rexchange_2_3": 566,
            "rexchange_4_4": 363,
            "rrelocate_3": 380,
            "rrelocate_4": 316,
            "two_opt": 619
        },
        "rate": {
            "centered_exchange_1": 0.47493404150009155,
            "exchange_1_2": 0.778357207775116,
            "exchange_2_2": 0.6135770082473755,
            "exchange_3_3": 0.3838120102882385,
            "exchange_3_4": 0.4334203600883484,
            "exchange_4_4": 0.31070494651794434,
            "exchange_ids": 0.868660569190979,
            "insert_1": 0.17707006633281708,
            "move_all_by_1": 0.5468319654464722,
            "move_all_by_2": 0.4641873240470886,
            "relocate_1": 0.9233925938606262,
            "relocate_5": 0.4158686697483063,
            "remove_1": 0.051085568964481354,
            "rexchange_2_2": 0.7559055089950562,
            "rexchange_2_3": 0.7467018365859985,
            "rexchange_4_4": 0.4788918197154999,
            "rrelocate_3": 0.5198358297348022,
            "rrelocate_4": 0.4334705173969269,
            "two_opt": 0.7935897707939148
        }
    },
    "last_improvement": 3143,
    "name": "cvrp-X-n749-k98.xml",
    "solution": {
        "solution": {
            "fitness": 81137,
            "is_feasible": true,
            "permutation": [
                0,
                187,
                441,
                510,
                410,
                150,
                550,
                559,
                524,
                0,
                326,
                484,
                308,
                74,
                621,
                567,
                487,
                483,
                96,
                0,
                568,
                581,
                566,
                22,
                245,
                0,
                195,
                66,
                626,
                486,
                678,
                521,
                298,
                84,
                703,
                0,
                237,
                653,
                468,
                71,
                63,
                243,
                641,
                689,
                0,
                2,
                644,
                83,
                741,
                152,
                0,
                214,
                661,
                737,
                79,
                734,
                143,
                331,
                472,
                37,
                0,
                144,
                679,
                197,
                360,
                450,
                416,
                127,
                0,
                409,
                375,
                383,
                341,
                456,
                104,
                467,
                740,
                0,
                471,
                627,
                575,
                746,
                358,
                412,
                0,
                200,
                158,
                598,
                526,
                439,
                555,
                362,
                64,
                0,
                518,
                309,
                165,
                281,
                429,
                435,
                4,
                229,
                350,
                0,
                14,
                638,
                43,
                394,
                473,
                59,
                715,
                182,
                0,
                201,
                551,
                385,
                352,
                149,
                250,
                442,
                89,
                0,
                318,
                506,
                629,
                27,
                29,
                728,
                403,
                446,
                222,
                0,
                705,
                449,
                128,
                432,
                399,
                124,
                81,
                115,
                300,
                0,
                710,
                60,
                118,
                652,
                105,
                624,
                0,
                304,
                397,
                522,
                402,
                288,
                401,
                374,
                0,
                380,
                390,
                646,
                365,
                277,
                516,
                57,
                649,
                139,
                101,
                0,
                668,
                166,
                24,
                378,
                268,
                16,
                721,
                284,
                0,
                459,
                420,
                211,
                255,
                431,
                632,
                224,
                162,
                0,
                110,
                168,
                714,
                122,
                731,
                657,
                406,
                0,
                54,
                357,
                9,
                372,
                494,
                0,
                701,
                340,
                530,
                609,
                114,
                220,
                0,
                606,
                45,
                639,
                175,
                615,
                654,
                198,
                351,
                0,
                242,
                266,
                5,
                702,
                738,
                367,
                212,
                0,
                103,
                236,
                136,
                405,
                404,
                148,
                254,
                227,
                305,
                330,
                724,
                206,
                693,
                670,
                12,
                0,
                332,
                437,
                515,
                622,
                463,
                619,
                290,
                56,
                0,
                658,
                138,
                502,
                514,
                507,
                344,
                0,
                520,
                40,
                389,
                174,
                691,
                30,
                163,
                28,
                470,
                388,
                0,
                230,
                120,
                337,
                314,
                417,
                723,
                438,
                26,
                226,
                0,
                596,
                65,
                451,
                589,
                231,
                42,
                253,
                496,
                173,
                0,
                208,
                306,
                635,
                711,
                584,
                135,
                430,
                0,
                34,
                465,
                61,
                579,
                235,
                86,
                159,
                381,
                386,
                0,
                203,
                444,
                359,
                171,
                241,
                368,
                434,
                698,
                503,
                0,
                310,
                72,
                18,
                295,
                269,
                379,
                49,
                633,
                0,
                517,
                108,
                523,
                123,
                735,
                573,
                475,
                634,
                546,
                51,
                322,
                0,
                582,
                62,
                712,
                445,
                611,
                576,
                53,
                625,
                317,
                113,
                0,
                6,
                119,
                218,
                519,
                428,
                591,
                0,
                161,
                297,
                497,
                44,
                177,
                656,
                0,
                58,
                647,
                597,
                151,
                448,
                92,
                745,
                683,
                469,
                447,
                0,
                650,
                706,
                117,
                607,
                223,
                291,
                387,
                682,
                176,
                0,
                225,
                287,
                247,
                569,
                578,
                505,
                674,
                0,
                356,
                311,
                602,
                618,
                55,
                364,
                219,
                587,
                588,
                0,
                130,
                50,
                69,
                426,
                720,
                32,
                334,
                0,
                553,
                181,
                146,
                312,
                190,
                617,
                744,
                125,
                280,
                0,
                730,
                234,
                572,
                418,
                282,
                509,
                614,
                0,
                324,
                95,
                612,
                538,
                504,
                0,
                500,
                499,
                717,
                453,
                192,
                490,
                48,
                0,
                77,
                549,
                585,
                202,
                78,
                321,
                461,
                257,
                0,
                480,
                23,
                680,
                276,
                209,
                0,
                454,
                19,
                583,
                339,
                664,
                275,
                722,
                109,
                610,
                0,
                603,
                263,
                142,
                252,
                246,
                112,
                491,
                532,
                216,
                0,
                501,
                371,
                443,
                199,
                196,
                361,
                267,
                303,
                3,
                0,
                557,
                492,
                733,
                191,
                552,
                204,
                540,
                0,
                121,
                604,
                82,
                140,
                562,
                476,
                289,
                436,
                535,
                0,
                205,
                398,
                542,
                251,
                713,
                729,
                0,
                215,
                106,
                17,
                170,
                547,
                539,
                0,
                116,
                233,
                554,
                102,
                704,
                299,
                0,
                558,
                67,
                561,
                134,
                660,
                178,
                458,
                677,
                0,
                391,
                485,
                156,
                414,
                422,
                673,
                593,
                7,
                479,
                645,
                0,
                91,
                676,
                563,
                35,
                88,
                373,
                0,
                194,
                423,
                719,
                36,
                640,
                528,
                536,
                0,
                258,
                384,
                313,
                708,
                697,
                261,
                0,
                39,
                329,
                407,
                684,
                636,
                667,
                8,
                0,
                685,
                107,
                460,
                742,
                433,
                207,
                213,
                556,
                0,
                167,
                382,
                232,
                425,
                727,
                20,
                586,
                594,
                11,
                0,
                70,
                663,
                221,
                75,
                189,
                256,
                651,
                0,
                260,
                533,
                240,
                25,
                529,
                347,
                0,
                686,
                345,
                747,
                68,
                239,
                76,
                333,
                0,
                286,
                15,
                608,
                335,
                716,
                419,
                0,
                366,
                153,
                481,
                655,
                274,
                265,
                188,
                363,
                193,
                0,
                495,
                41,
                512,
                271,
                666,
                743,
                411,
                643,
                736,
                688,
                631,
                0,
                133,
                279,
                595,
                325,
                132,
                315,
                592,
                511,
                328,
                0,
                157,
                137,
                726,
                395,
                100,
                601,
                270,
                0,
                630,
                248,
                482,
                38,
                732,
                129,
                605,
                264,
                126,
                272,
                565,
                0,
                348,
                184,
                238,
                543,
                413,
                400,
                0,
                464,
                94,
                283,
                98,
                452,
                628,
                466,
                0,
                600,
                659,
                623,
                690,
                718,
                154,
                99,
                210,
                0,
                185,
                33,
                696,
                370,
                180,
                47,
                217,
                457,
                0,
                616,
                692,
                346,
                527,
                478,
                145,
                354,
                0,
                544,
                85,
                179,
                599,
                440,
                259,
                0,
                694,
                681,
                513,
                319,
                316,
                80,
                421,
                672,
                338,
                0,
                725,
                415,
                534,
                455,
                111,
                571,
                0,
                320,
                669,
                489,
                675,
                748,
                73,
                0,
                10,
                355,
                131,
                343,
                709,
                0,
                186,
                1,
                564,
                147,
                531,
                292,
                0,
                493,
                665,
                169,
                93,
                285,
                637,
                537,
                0,
                377,
                427,
                590,
                278,
                393,
                0,
                349,
                739,
                293,
                613,
                13,
                580,
                424,
                548,
                244,
                294,
                0,
                369,
                46,
                296,
                525,
                302,
                695,
                642,
                0,
                474,
                90,
                408,
                87,
                545,
                323,
                0,
                342,
                164,
                574,
                560,
                700,
                0,
                462,
                21,
                307,
                228,
                97,
                262,
                541,
                376,
                648,
                183,
                0,
                336,
                392,
                687,
                620,
                155,
                52,
                488,
                577,
                0,
                662,
                508,
                699,
                301,
                353,
                327,
                396,
                0,
                141,
                31,
                570,
                172,
                273,
                0,
                477,
                707,
                249,
                498,
                160,
                671,
                0
            ]
        }
    },
    "steps": {
        "0": 1197502176,
        "1": 1197493165,
        "10": 1166225687,
        "100": 864596028,
        "1001": 81913,
        "1002": 81910,
        "1003": 81904,
        "1006": 81903,
        "101": 864595857,
        "102": 864595664,
        "103": 854200393,
        "1030": 81897,
        "1031": 81882,
        "1032": 81864,
        "1033": 81853,
        "1034": 81834,
        "1035": 81828,
        "1036": 81809,
        "1038": 81803,
        "104": 854200220,
        "1040": 81802,
        "105": 854200115,
        "106": 854199970,
        "107": 843804650,
        "108": 843804555,
        "109": 843804350,
        "11": 1155822946,
        "110": 833408939,
        "111": 833408833,
        "112": 833408749,
        "113": 833408567,
        "114": 823012951,
        "115": 823012885,
        "116": 823012702,
        "117": 812617489,
        "118": 812617403,
        "119": 812617290,
        "12": 1155816076,
        "120": 812617085,
        "121": 802221731,
        "122": 802221578,
        "123": 802221377,
        "124": 791825994,
        "125": 791825884,
        "126": 791825759,
        "127": 791825596,
        "128": 781430481,
        "1280": 81800,
        "1281": 81799,
        "1282": 81795,
        "1283": 81791,
        "1284": 81788,
        "129": 781430438,
        "13": 1155809954,
        "130": 781430334,
        "131": 771034895,
        "132": 771034823,
        "133": 771034745,
        "134": 771034622,
        "135": 760639545,
        "136": 760639529,
        "137": 760639422,
        "1374": 81784,
        "138": 750244350,
        "139": 750244279,
        "14": 1145407823,
        "140": 750244225,
        "141": 750244014,
        "142": 739848837,
        "143": 739848798,
        "144": 739848619,
        "145": 729453428,
        "146": 729453308,
        "147": 729453287,
        "148": 729453184,
        "149": 719058168,
        "15": 1145401682,
        "150": 719058084,
        "151": 719058027,
        "152": 719057943,
        "153": 708662960,
        "154": 708662901,
        "155": 708662821,
        "156": 698267924,
        "157": 698267876,
        "158": 698267846,
        "159": 698267735,
        "16": 1145396432,
        "160": 687872605,
        "161": 687872583,
        "162": 687872525,
        "163": 677477418,
        "164": 677477365,
        "165": 677477345,
        "166": 677477262,
        "167": 667082151,
        "168": 667082091,
        "169": 667082070,
        "17": 1134993800,
        "170": 667081981,
        "171": 656687022,
        "172": 656687002,
        "173": 656686974,
        "1734": 81728,
        "1735": 81724,
        "1736": 81721,
        "1737": 81716,
        "174": 656686935,
        "1740": 81697,
        "1741": 81681,
        "1742": 81677,
        "1743": 81642,
        "1745": 81640,
        "1746": 81616,
        "1747": 81614,
        "175": 646292016,
        "1750": 81597,
        "1751": 81596,
        "1752": 81593,
        "1754": 81588,
        "1756": 81583,
        "1759": 81580,
        "176": 646292014,
        "1761": 81578,
        "1764": 81577,
        "177": 646291945,
        "178": 635896836,
        "179": 635896809,
        "18": 1134989294,
        "180": 635896805,
        "1806": 81576,
        "181": 635896730,
        "182": 625502190,
        "183": 625501838,
        "184": 625501808,
        "185": 625501675,
        "186": 615106779,
        "187": 615106678,
        "188": 615106662,
        "189": 604711681,
        "19": 1134984714,
        "190": 604711623,
        "192": 604711482,
        "193": 594316603,
        "194": 594316552,
        "195": 594316538,
        "196": 594316478,
        "197": 583921470,
        "198": 583921411,
        "199": 583921408,
        "2": 1187085778,
        "20": 1124583720,
        "200": 583921382,
        "201": 573526206,
        "202": 573526167,
        "203": 573526156,
        "204": 573526059,
        "2049": 81540,
        "205": 563131724,
        "2051": 81531,
        "2052": 81527,
        "2056": 81526,
        "206": 563131458,
        "207": 563131395,
        "208": 563131346,
        "209": 552736486,
        "21": 1124579168,
        "210": 552736475,
        "211": 552736407,
        "212": 542352269,
        "213": 542341514,
        "214": 542341490,
        "215": 542341373,
        "216": 531948533,
        "217": 531946592,
        "2178": 81482,
        "2179": 81481,
        "218": 531946581,
        "2180": 81461,
        "2182": 81460,
        "2183": 81458,
        "219": 531946545,
        "22": 1124575142,
        "220": 521552046,
        "221": 521551757,
        "222": 521551743,
        "223": 521551687,
        "224": 511157627,
        "225": 511156615,
        "226": 511156554,
        "227": 511156356,
        "228": 500761449,
        "229": 500761408,
        "23": 1114174760,
        "230": 500761400,
        "231": 500761345,
        "232": 490366791,
        "233": 490366673,
        "234": 490366622,
        "235": 490366538,
        "236": 479971870,
        "237": 479971791,
        "238": 479971722,
        "239": 479971670,
        "24": 1114170882,
        "240": 469576522,
        "241": 469576347,
        "242": 469576288,
        "243": 469576225,
        "244": 459187534,
        "245": 459181340,
        "246": 459181309,
        "247": 459181267,
        "248": 448790674,
        "249": 448787663,
        "25": 1114167515,
        "250": 448787346,
        "251": 448787077,
        "252": 438394271,
        "253": 438392171,
        "254": 438392052,
        "255": 438391958,
        "256": 427997019,
        "257": 427996925,
        "258": 427996878,
        "259": 427996789,
        "26": 1103767779,
        "260": 417613261,
        "261": 417601926,
        "2611": 81432,
        "2612": 81421,
        "2613": 81416,
        "2614": 81390,
        "2615": 81372,
        "2616": 81352,
        "2617": 81350,
        "2618": 81327,
        "262": 417601847,
        "2620": 81326,
        "2621": 81324,
        "2622": 81317,
        "2623": 81316,
        "2624": 81278,
        "2625": 81275,
        "2626": 81274,
        "263": 417601555,
        "264": 407233764,
        "265": 407208787,
        "2652": 81272,
        "2653": 81261,
        "2654": 81258,
        "2655": 81257,
        "2656": 81243,
        "2657": 81242,
        "2658": 81240,
        "2659": 81236,
        "266": 407208560,
        "2660": 81235,
        "2661": 81214,
        "2662": 81210,
        "2663": 81206,
        "2664": 81204,
        "2665": 81203,
        "2666": 81198,
        "2669": 81197,
        "267": 407208141,
        "2671": 81195,
        "268": 396926866,
        "269": 396814721,
        "27": 1103764374,
        "270": 396814312,
        "271": 396813911,
        "272": 396813409,
        "273": 386419131,
        "2736": 81191,
        "2737": 81190,
        "2739": 81183,
        "274": 386418745,
        "2742": 81153,
        "2743": 81150,
        "275": 386418607,
        "276": 386418184,
        "277": 376023349,
        "278": 376023192,
        "279": 376022903,
        "28": 1103761517,
        "280": 376022754,
        "281": 365628216,
        "282": 365628018,
        "283": 365627963,
        "284": 365627826,
        "285": 355238520,
        "286": 355232410,
        "287": 355232387,
        "288": 355232279,
        "289": 344859811,
        "29": 1093362434,
        "290": 344838821,
        "291": 344838680,
        "292": 344838003,
        "293": 334620486,
        "294": 334445108,
        "295": 334444683,
        "296": 334443715,
        "297": 334443462,
        "298": 324081045,
        "299": 324054279,
        "3": 1187076178,
        "30": 1093360135,
        "300": 324053119,
        "301": 324052049,
        "302": 313705170,
        "303": 313662436,
        "304": 313658447,
        "305": 313657718,
        "306": 303358712,
        "307": 303264520,
        "308": 303264193,
        "309": 303263696,
        "31": 1093357180,
        "310": 293097016,
        "311": 292875760,
        "312": 292872330,
        "313": 292869721,
        "3135": 81143,
        "314": 292869144,
        "3140": 81141,
        "3141": 81138,
        "3143": 81137,
        "315": 282531191,
        "316": 282491090,
        "317": 282481356,
        "318": 282477856,
        "319": 272241864,
        "32": 1082959146,
        "320": 272114134,
        "321": 272090854,
        "322": 272084229,
        "323": 261981480,
        "324": 261707125,
        "325": 261700292,
        "326": 261697663,
        "327": 261695621,
        "328": 251452177,
        "329": 251309608,
        "33": 1082956638,
        "330": 251304529,
        "331": 251302143,
        "332": 241155207,
        "333": 241031308,
        "334": 240979559,
        "335": 240924562,
        "336": 240918697,
        "337": 230687593,
        "338": 230616267,
        "339": 230554835,
        "34": 1082954834,
        "340": 230536755,
        "341": 220411247,
        "342": 220306290,
        "343": 220269310,
        "344": 220197657,
        "345": 220182415,
        "346": 210127385,
        "347": 210125675,
        "348": 210120484,
        "349": 210118891,
        "35": 1072555695,
        "350": 210117908,
        "351": 100115081,
        "352": 100113883,
        "353": 100113415,
        "354": 100112223,
        "355": 111744,
        "356": 110787,
        "357": 110048,
        "358": 109142,
        "359": 108503,
        "36": 1072553579,
        "360": 108025,
        "361": 107389,
        "362": 106853,
        "363": 106336,
        "364": 105875,
        "365": 105539,
        "366": 105017,
        "367": 104614,
        "368": 104113,
        "369": 103724,
        "37": 1072551945,
        "370": 103357,
        "371": 102870,
        "372": 102653,
        "373": 102223,
        "374": 101845,
        "375": 101471,
        "376": 101019,
        "377": 100226,
        "378": 99942,
        "379": 99646,
        "38": 1072550378,
        "380": 99238,
        "381": 98967,
        "382": 98689,
        "383": 98369,
        "384": 98242,
        "385": 97895,
        "386": 97677,
        "387": 97404,
        "388": 97080,
        "389": 96863,
        "39": 1062152358,
        "390": 96543,
        "391": 96324,
        "392": 96201,
        "393": 95914,
        "394": 95782,
        "395": 95499,
        "396": 95321,
        "397": 95071,
        "398": 94900,
        "399": 94802,
        "4": 1187065704,
        "40": 1062151150,
        "400": 94495,
        "401": 94391,
        "402": 94256,
        "403": 94075,
        "404": 94017,
        "405": 93742,
        "406": 93631,
        "407": 93550,
        "408": 93400,
        "409": 93325,
        "41": 1062149718,
        "410": 93152,
        "411": 92963,
        "412": 92762,
        "413": 92665,
        "414": 92540,
        "415": 92303,
        "416": 92197,
        "417": 92052,
        "418": 91964,
        "419": 91819,
        "42": 1051752149,
        "420": 91679,
        "421": 91597,
        "422": 91481,
        "423": 91358,
        "424": 91294,
        "425": 91100,
        "426": 91029,
        "427": 90934,
        "428": 90871,
        "429": 90704,
        "43": 1051750741,
        "430": 90614,
        "431": 90499,
        "432": 90416,
        "433": 90371,
        "434": 90240,
        "435": 90156,
        "436": 90104,
        "437": 90024,
        "438": 89978,
        "439": 89889,
        "44": 1051749396,
        "440": 89795,
        "441": 89765,
        "442": 89729,
        "443": 89686,
        "444": 89577,
        "445": 89507,
        "446": 89399,
        "447": 89342,
        "448": 89240,
        "449": 89113,
        "45": 1041352020,
        "450": 89069,
        "451": 88985,
        "452": 88941,
        "453": 88907,
        "454": 88737,
        "455": 88679,
        "456": 88636,
        "457": 88601,
        "458": 88562,
        "459": 88469,
        "46": 1041351013,
        "460": 88434,
        "461": 88373,
        "462": 88322,
        "463": 88307,
        "464": 88192,
        "465": 88166,
        "466": 88107,
        "467": 88066,
        "468": 88052,
        "469": 87920,
        "47": 1041349969,
        "470": 87884,
        "471": 87755,
        "472": 87720,
        "473": 87691,
        "474": 87604,
        "475": 87529,
        "476": 87507,
        "477": 87471,
        "478": 87445,
        "479": 87357,
        "48": 1030952623,
        "480": 87309,
        "481": 87293,
        "482": 87256,
        "483": 87194,
        "484": 87138,
        "486": 87122,
        "487": 87089,
        "488": 87050,
        "489": 86957,
        "49": 1030951414,
        "490": 86951,
        "491": 86937,
        "492": 86920,
        "493": 86905,
        "494": 86867,
        "495": 86866,
        "496": 86844,
        "497": 86728,
        "498": 86672,
        "499": 86652,
        "5": 1176660940,
        "50": 1030950506,
        "501": 86572,
        "502": 86535,
        "503": 86482,
        "504": 86468,
        "505": 86452,
        "506": 86376,
        "507": 86343,
        "508": 86313,
        "509": 86297,
        "51": 1020553289,
        "510": 86289,
        "511": 86256,
        "512": 86242,
        "513": 86194,
        "514": 86185,
        "515": 86078,
        "516": 86067,
        "517": 86051,
        "518": 85996,
        "519": 85981,
        "52": 1020552408,
        "520": 85977,
        "521": 85960,
        "522": 85957,
        "523": 85884,
        "524": 85882,
        "525": 85879,
        "526": 85860,
        "527": 85858,
        "528": 85778,
        "529": 85769,
        "53": 1020551493,
        "530": 85727,
        "531": 85695,
        "532": 85674,
        "533": 85627,
        "534": 85583,
        "535": 85488,
        "536": 85381,
        "537": 85380,
        "538": 85273,
        "54": 1010154244,
        "540": 85265,
        "541": 85204,
        "542": 85175,
        "543": 85151,
        "545": 85130,
        "546": 85119,
        "547": 85112,
        "548": 85053,
        "549": 85049,
        "55": 1010153458,
        "550": 85010,
        "551": 84978,
        "552": 84945,
        "553": 84928,
        "554": 84907,
        "555": 84889,
        "556": 84854,
        "557": 84748,
        "558": 84729,
        "559": 84656,
        "56": 1010152539,
        "560": 84600,
        "561": 84580,
        "562": 84553,
        "563": 84543,
        "564": 84475,
        "565": 84470,
        "566": 84459,
        "567": 84384,
        "568": 84369,
        "569": 84345,
        "57": 999755664,
        "570": 84311,
        "571": 84310,
        "572": 84285,
        "573": 84242,
        "574": 84240,
        "575": 84128,
        "576": 84114,
        "577": 84068,
        "578": 84067,
        "579": 84063,
        "58": 999754836,
        "580": 84052,
        "582": 84012,
        "583": 84010,
        "584": 83996,
        "585": 83990,
        "586": 83975,
        "587": 83839,
        "588": 83835,
        "589": 83802,
        "59": 999754153,
        "590": 83794,
        "591": 83771,
        "592": 83703,
        "594": 83688,
        "595": 83684,
        "596": 83659,
        "597": 83630,
        "599": 83622,
        "6": 1176651718,
        "60": 999753462,
        "600": 83619,
        "601": 83610,
        "602": 83581,
        "604": 83534,
        "605": 83531,
        "606": 83519,
        "607": 83516,
        "608": 83508,
        "609": 83503,
        "61": 989356717,
        "610": 83500,
        "611": 83493,
        "612": 83484,
        "613": 83469,
        "614": 83447,
        "615": 83441,
        "616": 83412,
        "618": 83400,
        "619": 83385,
        "62": 989356207,
        "620": 83383,
        "621": 83352,
        "622": 83350,
        "623": 83348,
        "624": 83337,
        "626": 83316,
        "627": 83309,
        "628": 83296,
        "629": 83276,
        "63": 989355585,
        "630": 83275,
        "631": 83252,
        "632": 83251,
        "633": 83246,
        "634": 83240,
        "635": 83237,
        "636": 83227,
        "638": 83226,
        "639": 83223,
        "64": 978958959,
        "640": 83220,
        "641": 83211,
        "643": 83208,
        "644": 83204,
        "645": 83201,
        "646": 83196,
        "647": 83188,
        "648": 83169,
        "649": 83166,
        "65": 978958452,
        "650": 83164,
        "654": 83162,
        "655": 83159,
        "656": 83154,
        "657": 83145,
        "658": 83141,
        "659": 83140,
        "66": 978957861,
        "660": 83138,
        "663": 83104,
        "664": 83098,
        "665": 83088,
        "667": 83084,
        "668": 83073,
        "669": 83071,
        "67": 968561630,
        "670": 83067,
        "671": 83064,
        "672": 83054,
        "673": 83052,
        "675": 83051,
        "677": 83050,
        "678": 83049,
        "68": 968561132,
        "69": 968560622,
        "7": 1176644026,
        "70": 958164762,
        "71": 958164295,
        "72": 958163757,
        "73": 947767662,
        "74": 947767240,
        "75": 947766829,
        "76": 947766330,
        "769": 83008,
        "77": 937370399,
        "770": 83002,
        "771": 83000,
        "772": 82996,
        "774": 82993,
        "775": 82992,
        "776": 82988,
        "777": 82968,
        "778": 82965,
        "779": 82963,
        "78": 937370086,
        "782": 82960,
        "79": 937369642,
        "8": 1166240198,
        "80": 926974025,
        "81": 926973773,
        "82": 926973362,
        "83": 916577094,
        "84": 916576834,
        "85": 916576582,
        "86": 916576282,
        "87": 906180792,
        "872": 82958,
        "873": 82950,
        "875": 82949,
        "88": 906180599,
        "89": 906180308,
        "9": 1166232382,
        "90": 895784732,
        "91": 895784445,
        "919": 82902,
        "92": 895784081,
        "920": 82900,
        "921": 82899,
        "922": 82886,
        "924": 82849,
        "925": 82835,
        "926": 82753,
        "927": 82734,
        "929": 82699,
        "93": 885388044,
        "931": 82670,
        "932": 82655,
        "933": 82651,
        "934": 82631,
        "935": 82623,
        "936": 82622,
        "937": 82616,
        "939": 82593,
        "94": 885387821,
        "940": 82578,
        "941": 82571,
        "942": 82544,
        "944": 82486,
        "946": 82475,
        "947": 82458,
        "948": 82431,
        "949": 82410,
        "95": 885387620,
        "950": 82402,
        "951": 82396,
        "952": 82385,
        "954": 82369,
        "955": 82368,
        "956": 82358,
        "957": 82356,
        "958": 82355,
        "959": 82257,
        "96": 885387396,
        "961": 82256,
        "962": 82239,
        "964": 82159,
        "965": 82115,
        "966": 82094,
        "967": 82069,
        "968": 82064,
        "969": 82030,
        "97": 874991938,
        "970": 82029,
        "971": 82002,
        "972": 81998,
        "974": 81991,
        "976": 81990,
        "977": 81989,
        "978": 81988,
        "979": 81984,
        "98": 874991768,
        "982": 81983,
        "983": 81980,
        "984": 81976,
        "986": 81971,
        "987": 81970,
        "989": 81969,
        "99": 874991532,
        "990": 81964,
        "991": 81962,
        "992": 81958,
        "993": 81949,
        "996": 81918,
        "997": 81916
    },
    "timeout": 3600
}