{
    "config": {
        "allow_infeasible": true,
        "bvns_max_k": 8,
        "bvns_min_k": 1,
        "construction": "random",
        "local_search": "PVND",
        "metaheuristic": "BVNS",
        "num_threads": 8,
        "operators": [
            "insert_1",
            "two_opt",
            "exchange_ids",
            "exchange_1_2",
            "exchange_2_3",
            "exchange_2_4",
            "rexchange_2_2",
            "rexchange_2_4",
            "rexchange_3_3",
            "rexchange_3_4",
            "centered_exchange_1",
            "centered_exchange_4",
            "relocate_1",
            "relocate_2",
            "relocate_3",
            "relocate_4",
            "rrelocate_2",
            "rrelocate_4",
            "move_all_by_10"
        ],
        "perturbation": [
            "reinsert"
        ],
        "timeout": 3600
    },
    "histogram": {
        "all": {
            "centered_exchange_1": 4847,
            "centered_exchange_4": 4751,
            "exchange_1_2": 5081,
            "exchange_2_3": 4766,
            "exchange_2_4": 4765,
            "exchange_ids": 137991,
            "insert_1": 8990,
            "move_all_by_10": 4708,
            "relocate_1": 4939,
            "relocate_2": 4738,
            "relocate_3": 4748,
            "relocate_4": 4728,
            "rexchange_2_2": 4971,
            "rexchange_2_4": 4757,
            "rexchange_3_3": 4755,
            "rexchange_3_4": 4762,
            "rrelocate_2": 4778,
            "rrelocate_4": 4710,
            "two_opt": 142062
        },
        "improving": {
            "centered_exchange_1": 96,
            "centered_exchange_4": 0,
            "exchange_1_2": 319,
            "exchange_2_3": 4,
            "exchange_2_4": 3,
            "exchange_ids": 133150,
            "insert_1": 0,
            "move_all_by_10": 4,
            "relocate_1": 210,
            "relocate_2": 10,
            "relocate_3": 20,
            "relocate_4": 0,
            "rexchange_2_2": 216,
            "rexchange_2_4": 2,
            "rexchange_3_3": 0,
            "rexchange_3_4": 7,
            "rrelocate_2": 73,
            "rrelocate_4": 6,
            "two_opt": 133135
        },
        "rate": {
            "centered_exchange_1": 0.019806066527962685,
            "centered_exchange_4": 0.0,
            "exchange_1_2": 0.06278291344642639,
            "exchange_2_3": 0.0008392782183364034,
            "exchange_2_4": 0.0006295907660387456,
            "exchange_ids": 0.9649180173873901,
            "insert_1": 0.0,
            "move_all_by_10": 0.0008496176451444626,
            "relocate_1": 0.042518727481365204,
            "relocate_2": 0.002110595116391778,
            "relocate_3": 0.004212299827486277,
            "relocate_4": 0.0,
            "rexchange_2_2": 0.04345202073454857,
            "rexchange_2_4": 0.0004204330325592309,
            "rexchange_3_3": 0.0,
            "rexchange_3_4": 0.0014699705643579364,
            "rrelocate_2": 0.015278358943760395,
            "rrelocate_4": 0.0012738853693008423,
            "two_opt": 0.9371612668037415
        }
    },
    "last_improvement": 2003,
    "name": "qap-tai80b.dat",
    "solution": {
        "solution": {
            "fitness": 824276863,
            "is_feasible": true,
            "permutation": [
                5,
                64,
                17,
                44,
                11,
                73,
                49,
                65,
                79,
                63,
                10,
                7,
                42,
                66,
                16,
                41,
                51,
                68,
                34,
                20,
                23,
                1,
                43,
                52,
                28,
                50,
                3,
                12,
                32,
                24,
                62,
                67,
                26,
                47,
                22,
                37,
                0,
                25,
                4,
                15,
                72,
                21,
                70,
                55,
                9,
                27,
                74,
                6,
                46,
                60,
                48,
                2,
                69,
                39,
                76,
                8,
                14,
                54,
                35,
                36,
                40,
                53,
                75,
                38,
                61,
                30,
                77,
                58,
                71,
                18,
                57,
                13,
                78,
                31,
                19,
                59,
                33,
                29,
                45,
                56
            ]
        }
    },
    "steps": {
        "0": 877465243,
        "1": 868097944,
        "10": 858594679,
        "125": 833967195,
        "126": 833701978,
        "13": 858227411,
        "137": 833634927,
        "14": 858195554,
        "141": 833466448,
        "144": 833421370,
        "145": 833392957,
        "146": 833118442,
        "16": 853870015,
        "1614": 830860390,
        "1615": 829865208,
        "1616": 829745695,
        "1628": 829657089,
        "1631": 829430068,
        "1632": 829190692,
        "1642": 829143696,
        "1649": 828259140,
        "1650": 828256267,
        "1651": 828179734,
        "1652": 828174770,
        "1654": 827873365,
        "1665": 827103638,
        "1667": 826781094,
        "1669": 826773439,
        "17": 852134382,
        "1717": 826675411,
        "1719": 826615559,
        "1720": 826522691,
        "1726": 826494523,
        "1727": 826489301,
        "1744": 826487563,
        "1766": 826484194,
        "1777": 825824630,
        "178": 833091121,
        "1794": 825454794,
        "1797": 825285676,
        "18": 851483070,
        "1801": 825120330,
        "1806": 824926314,
        "1813": 824826428,
        "1815": 824714078,
        "1816": 824704360,
        "1817": 824630353,
        "1819": 824628532,
        "1831": 824593333,
        "1834": 824588340,
        "184": 833073720,
        "186": 833042394,
        "19": 847225803,
        "1904": 824586317,
        "196": 833036611,
        "198": 832999859,
        "2": 865863089,
        "20": 847122905,
        "2003": 824276863,
        "21": 845957384,
        "22": 845351651,
        "23": 841502072,
        "24": 841452657,
        "25": 840529997,
        "26": 840347780,
        "28": 840243119,
        "3": 863517172,
        "30": 840231518,
        "31": 836648523,
        "32": 836634560,
        "334": 832984589,
        "34": 835009461,
        "35": 834896220,
        "36": 834833231,
        "37": 834640838,
        "38": 834488941,
        "4": 862060767,
        "410": 832979367,
        "42": 834296409,
        "44": 834112396,
        "49": 834054199,
        "50": 834024440,
        "6": 858625187,
        "7": 858608993
    },
    "timeout": 3600
}