{
    "config": {
        "allow_infeasible": true,
        "construction": "random_replicate",
        "ils_k": 6,
        "local_search": "CVND",
        "metaheuristic": "ILS",
        "num_threads": 8,
        "operators": [
            "insert_1",
            "remove_1",
            "two_opt",
            "exchange_ids",
            "exchange_1_2",
            "exchange_2_2",
            "exchange_3_3",
            "exchange_3_4",
            "exchange_4_4",
            "rexchange_2_2",
            "rexchange_2_3",
            "rexchange_4_4",
            "centered_exchange_1",
            "relocate_1",
            "relocate_5",
            "rrelocate_3",
            "rrelocate_4",
            "move_all_by_1",
            "move_all_by_2"
        ],
        "perturbation": [
            "random_double_bridge"
        ],
        "stop_on_feasible": true,
        "timeout": 50
    },
    "histogram": {
        "all": {
            "centered_exchange_1": 25,
            "exchange_1_2": 25,
            "exchange_2_2": 25,
            "exchange_3_3": 25,
            "exchange_3_4": 25,
            "exchange_4_4": 25,
            "exchange_ids": 25,
            "insert_1": 26,
            "move_all_by_1": 17,
            "move_all_by_2": 17,
            "relocate_1": 18,
            "relocate_5": 17,
            "remove_1": 26,
            "rexchange_2_2": 25,
            "rexchange_2_3": 25,
            "rexchange_4_4": 25,
            "rrelocate_3": 17,
            "rrelocate_4": 17,
            "two_opt": 25
        },
        "improving": {
            "centered_exchange_1": 5,
            "exchange_1_2": 10,
            "exchange_2_2": 8,
            "exchange_3_3": 4,
            "exchange_3_4": 2,
            "exchange_4_4": 3,
            "exchange_ids": 12,
            "insert_1": 0,
            "move_all_by_1": 8,
            "move_all_by_2": 7,
            "relocate_1": 17,
            "relocate_5": 3,
            "remove_1": 0,
            "rexchange_2_2": 7,
            "rexchange_2_3": 4,
            "rexchange_4_4": 6,
            "rrelocate_3": 5,
            "rrelocate_4": 3,
            "two_opt": 13
        },
        "rate": {
            "centered_exchange_1": 0.20000000298023224,
            "exchange_1_2": 0.4000000059604645,
            "exchange_2_2": 0.3199999928474426,
            "exchange_3_3": 0.1599999964237213,
            "exchange_3_4": 0.07999999821186066,
            "exchange_4_4": 0.11999999731779099,
            "exchange_ids": 0.47999998927116394,
            "insert_1": 0.0,
            "move_all_by_1": 0.47058823704719543,
            "move_all_by_2": 0.4117647111415863,
            "relocate_1": 0.9444444179534912,
            "relocate_5": 0.1764705926179886,
            "remove_1": 0.0,
            "rexchange_2_2": 0.2800000011920929,
            "rexchange_2_3": 0.1599999964237213,
            "rexchange_4_4": 0.23999999463558197,
            "rrelocate_3": 0.29411765933036804,
            "rrelocate_4": 0.1764705926179886,
            "two_opt": 0.5199999809265137
        }
    },
    "last_improvement": 21,
    "name": "random-50-6.20-46",
    "solution": {
        "fitness": 2426,
        "is_feasible": true,
        "permutation": [
            35,
            48,
            3,
            43,
            25,
            5,
            34,
            45,
            16,
            21,
            0,
            4,
            39,
            29,
            22,
            27,
            10,
            33,
            28,
            36,
            17,
            9,
            31,
            32,
            19,
            2,
            1,
            41,
            6,
            20,
            40,
            37,
            44,
            26,
            46,
            15,
            13,
            49,
            7,
            30,
            12,
            14,
            23,
            42,
            18,
            8,
            24,
            11,
            47,
            38
        ],
        "permutation_orig_ids": [
            "36",
            "49",
            "4",
            "44",
            "26",
            "6",
            "35",
            "46",
            "17",
            "22",
            "1",
            "5",
            "40",
            "30",
            "23",
            "28",
            "11",
            "34",
            "29",
            "37",
            "18",
            "10",
            "32",
            "33",
            "20",
            "3",
            "2",
            "42",
            "7",
            "21",
            "41",
            "38",
            "45",
            "27",
            "47",
            "16",
            "14",
            "50",
            "8",
            "31",
            "13",
            "15",
            "24",
            "43",
            "19",
            "9",
            "25",
            "12",
            "48",
            "39"
        ],
        "walk_orig_ids": [
            "36",
            "49",
            "4",
            "44",
            "26",
            "6",
            "34",
            "35",
            "46",
            "17",
            "22",
            "1",
            "5",
            "30",
            "40",
            "30",
            "23",
            "30",
            "2",
            "28",
            "11",
            "34",
            "2",
            "29",
            "37",
            "10",
            "18",
            "27",
            "10",
            "32",
            "47",
            "39",
            "12",
            "33",
            "15",
            "21",
            "20",
            "25",
            "3",
            "2",
            "42",
            "7",
            "21",
            "41",
            "19",
            "38",
            "45",
            "27",
            "47",
            "27",
            "18",
            "8",
            "50",
            "16",
            "14",
            "16",
            "50",
            "8",
            "50",
            "48",
            "33",
            "15",
            "13",
            "31",
            "13",
            "15",
            "33",
            "48",
            "43",
            "24",
            "43",
            "41",
            "19",
            "41",
            "21",
            "9",
            "25",
            "12",
            "25",
            "9",
            "21",
            "41",
            "43",
            "48",
            "39",
            "48"
        ],
        "walk_processing": [
            true,
            true,
            true,
            true,
            true,
            true,
            false,
            true,
            true,
            true,
            true,
            true,
            true,
            false,
            true,
            true,
            true,
            false,
            false,
            true,
            true,
            true,
            false,
            true,
            true,
            false,
            true,
            false,
            true,
            true,
            false,
            false,
            false,
            true,
            false,
            false,
            true,
            false,
            true,
            true,
            true,
            true,
            true,
            true,
            false,
            true,
            true,
            true,
            true,
            false,
            false,
            false,
            false,
            true,
            true,
            false,
            true,
            true,
            false,
            false,
            false,
            false,
            false,
            true,
            true,
            true,
            false,
            false,
            false,
            true,
            true,
            false,
            true,
            false,
            false,
            true,
            true,
            true,
            false,
            false,
            false,
            false,
            false,
            true,
            true,
            false
        ]
    },
    "steps": {
        "0": 1003488,
        "1": 1002396,
        "10": 1001647,
        "11": 1001626,
        "12": 1001617,
        "16": 1001611,
        "17": 1001589,
        "19": 1001580,
        "2": 1002004,
        "21": 2426,
        "3": 1001879,
        "4": 1001790,
        "5": 1001712,
        "6": 1001663,
        "7": 1001654
    },
    "timeout": 50
}