{
    "config": {
        "allow_infeasible": true,
        "bvns_max_k": 7,
        "bvns_min_k": 1,
        "construction": "random",
        "local_search": "CVND",
        "metaheuristic": "BVNS",
        "num_threads": 8,
        "operators": [
            "insert_1",
            "remove_1",
            "two_opt",
            "centered_exchange_1",
            "centered_exchange_3",
            "centered_exchange_4",
            "relocate_1",
            "relocate_4",
            "rrelocate_2",
            "rrelocate_3",
            "rrelocate_5",
            "move_all_by_1",
            "move_all_by_2",
            "move_all_by_3",
            "move_all_by_10"
        ],
        "perturbation": [
            "reinsert"
        ],
        "stop_on_feasible": false,
        "timeout": 520
    },
    "histogram": {
        "all": {
            "centered_exchange_1": 2707,
            "centered_exchange_3": 2707,
            "centered_exchange_4": 2707,
            "insert_1": 2735,
            "move_all_by_1": 2206,
            "move_all_by_10": 2144,
            "move_all_by_2": 2192,
            "move_all_by_3": 2186,
            "relocate_1": 2356,
            "relocate_4": 2349,
            "remove_1": 2735,
            "rrelocate_2": 2279,
            "rrelocate_3": 2242,
            "rrelocate_5": 2241,
            "two_opt": 2710
        },
        "improving": {
            "centered_exchange_1": 881,
            "centered_exchange_3": 528,
            "centered_exchange_4": 313,
            "insert_1": 0,
            "move_all_by_1": 1089,
            "move_all_by_10": 1147,
            "move_all_by_2": 895,
            "move_all_by_3": 756,
            "relocate_1": 2095,
            "relocate_4": 990,
            "remove_1": 0,
            "rrelocate_2": 1602,
            "rrelocate_3": 1104,
            "rrelocate_5": 630,
            "two_opt": 1449
        },
        "rate": {
            "centered_exchange_1": 0.3254525363445282,
            "centered_exchange_3": 0.19504986703395844,
            "centered_exchange_4": 0.11562615633010864,
            "insert_1": 0.0,
            "move_all_by_1": 0.49365368485450745,
            "move_all_by_10": 0.534981369972229,
            "move_all_by_2": 0.4083029329776764,
            "move_all_by_3": 0.34583714604377747,
            "relocate_1": 0.8892189860343933,
            "relocate_4": 0.4214559495449066,
            "remove_1": 0.0,
            "rrelocate_2": 0.7029398679733276,
            "rrelocate_3": 0.49241748452186584,
            "rrelocate_5": 0.2811245024204254,
            "two_opt": 0.5346863269805908
        }
    },
    "last_improvement": 507,
    "name": "berlin52-52-8.30-0",
    "solution": {
        "fitness": 15142,
        "is_feasible": true,
        "permutation": [
            32,
            9,
            8,
            7,
            18,
            48,
            21,
            0,
            30,
            22,
            20,
            49,
            28,
            12,
            13,
            51,
            25,
            15,
            45,
            23,
            47,
            37,
            35,
            43,
            29,
            41,
            6,
            1,
            16,
            40,
            44,
            2,
            34,
            38,
            24,
            27,
            46,
            11,
            26,
            10,
            3,
            5,
            42,
            4,
            36,
            50,
            33,
            14,
            19,
            31,
            17,
            39
        ],
        "permutation_orig_ids": [
            "33",
            "10",
            "9",
            "8",
            "19",
            "49",
            "22",
            "1",
            "31",
            "23",
            "21",
            "50",
            "29",
            "13",
            "14",
            "52",
            "26",
            "16",
            "46",
            "24",
            "48",
            "38",
            "36",
            "44",
            "30",
            "42",
            "7",
            "2",
            "17",
            "41",
            "45",
            "3",
            "35",
            "39",
            "25",
            "28",
            "47",
            "12",
            "27",
            "11",
            "4",
            "6",
            "43",
            "5",
            "37",
            "51",
            "34",
            "15",
            "20",
            "32",
            "18",
            "40"
        ],
        "walk_orig_ids": [
            "33",
            "10",
            "9",
            "8",
            "19",
            "49",
            "22",
            "1",
            "31",
            "23",
            "21",
            "50",
            "29",
            "13",
            "14",
            "52",
            "28",
            "26",
            "16",
            "46",
            "24",
            "4",
            "48",
            "38",
            "36",
            "44",
            "30",
            "42",
            "7",
            "2",
            "17",
            "41",
            "45",
            "3",
            "35",
            "39",
            "34",
            "15",
            "25",
            "28",
            "47",
            "12",
            "27",
            "11",
            "4",
            "6",
            "43",
            "5",
            "37",
            "51",
            "15",
            "34",
            "15",
            "20",
            "32",
            "18",
            "40"
        ],
        "walk_processing": [
            true,
            true,
            true,
            true,
            true,
            true,
            true,
            true,
            true,
            true,
            true,
            true,
            true,
            true,
            true,
            true,
            false,
            true,
            true,
            true,
            true,
            false,
            true,
            true,
            true,
            true,
            true,
            true,
            true,
            true,
            true,
            true,
            true,
            true,
            true,
            true,
            false,
            false,
            true,
            true,
            true,
            true,
            true,
            true,
            true,
            true,
            true,
            true,
            true,
            true,
            false,
            true,
            true,
            true,
            true,
            true,
            true
        ]
    },
    "steps": {
        "0": 15263,
        "25": 15161,
        "3": 15251,
        "507": 15142
    },
    "timeout": 520
}