{
    "config": {
        "allow_infeasible": true,
        "bvns_max_k": 8,
        "bvns_min_k": 1,
        "construction": "random",
        "local_search": "PVND",
        "metaheuristic": "BVNS",
        "num_threads": 8,
        "operators": [
            "insert_1",
            "two_opt",
            "exchange_ids",
            "exchange_1_2",
            "exchange_2_3",
            "exchange_2_4",
            "rexchange_2_2",
            "rexchange_2_4",
            "rexchange_3_3",
            "rexchange_3_4",
            "centered_exchange_1",
            "centered_exchange_4",
            "relocate_1",
            "relocate_2",
            "relocate_3",
            "relocate_4",
            "rrelocate_2",
            "rrelocate_4",
            "move_all_by_10"
        ],
        "perturbation": [
            "reinsert"
        ],
        "timeout": 1800
    },
    "histogram": {
        "all": {
            "centered_exchange_1": 19257,
            "centered_exchange_4": 18173,
            "exchange_1_2": 19891,
            "exchange_2_3": 18471,
            "exchange_2_4": 18431,
            "exchange_ids": 383909,
            "insert_1": 33903,
            "move_all_by_10": 18097,
            "relocate_1": 19938,
            "relocate_2": 18113,
            "relocate_3": 17986,
            "relocate_4": 17972,
            "rexchange_2_2": 20480,
            "rexchange_2_4": 18237,
            "rexchange_3_3": 18456,
            "rexchange_3_4": 18209,
            "rrelocate_2": 18293,
            "rrelocate_4": 18040,
            "two_opt": 470690
        },
        "improving": {
            "centered_exchange_1": 1085,
            "centered_exchange_4": 1,
            "exchange_1_2": 1534,
            "exchange_2_3": 114,
            "exchange_2_4": 74,
            "exchange_ids": 365156,
            "insert_1": 0,
            "move_all_by_10": 144,
            "relocate_1": 1929,
            "relocate_2": 142,
            "relocate_3": 15,
            "relocate_4": 1,
            "rexchange_2_2": 2279,
            "rexchange_2_4": 36,
            "rexchange_3_3": 255,
            "rexchange_3_4": 8,
            "rrelocate_2": 337,
            "rrelocate_4": 84,
            "two_opt": 436818
        },
        "rate": {
            "centered_exchange_1": 0.05634314939379692,
            "centered_exchange_4": 5.502668864210136e-05,
            "exchange_1_2": 0.07712030410766602,
            "exchange_2_3": 0.006171836983412504,
            "exchange_2_4": 0.0040149749256670475,
            "exchange_ids": 0.951152503490448,
            "insert_1": 0.0,
            "move_all_by_10": 0.007957120425999165,
            "relocate_1": 0.0967499241232872,
            "relocate_2": 0.007839673198759556,
            "relocate_3": 0.0008339819614775479,
            "relocate_4": 5.564211096498184e-05,
            "rexchange_2_2": 0.11127929389476776,
            "rexchange_2_4": 0.0019740089774131775,
            "rexchange_3_3": 0.013816645368933678,
            "rexchange_3_4": 0.00043934318819083273,
            "rrelocate_2": 0.01842234656214714,
            "rrelocate_4": 0.004656319506466389,
            "two_opt": 0.9280375838279724
        }
    },
    "last_improvement": 138,
    "name": "qap-tai50b.dat",
    "solution": {
        "solution": {
            "fitness": 460335235,
            "is_feasible": true,
            "permutation": [
                37,
                9,
                29,
                5,
                23,
                46,
                25,
                6,
                15,
                21,
                19,
                45,
                42,
                28,
                27,
                4,
                40,
                12,
                16,
                11,
                34,
                35,
                44,
                38,
                39,
                1,
                43,
                41,
                49,
                24,
                17,
                7,
                0,
                32,
                13,
                2,
                47,
                48,
                10,
                33,
                22,
                18,
                8,
                31,
                20,
                3,
                14,
                26,
                30,
                36
            ]
        }
    },
    "steps": {
        "0": 484677296,
        "1": 484580175,
        "12": 461005347,
        "132": 460424118,
        "138": 460335235,
        "16": 460848178,
        "17": 460760694,
        "19": 460446437,
        "3": 466048343,
        "4": 465352022,
        "5": 463003355,
        "6": 462632516
    },
    "timeout": 1800
}