{
    "config": {
        "allow_infeasible": true,
        "bvns_max_k": 8,
        "bvns_min_k": 1,
        "construction": "random",
        "local_search": "PVND",
        "metaheuristic": "BVNS",
        "num_threads": 8,
        "operators": [
            "insert_1",
            "two_opt",
            "exchange_ids",
            "exchange_1_2",
            "exchange_2_3",
            "exchange_2_4",
            "rexchange_2_2",
            "rexchange_2_4",
            "rexchange_3_3",
            "rexchange_3_4",
            "centered_exchange_1",
            "centered_exchange_4",
            "relocate_1",
            "relocate_2",
            "relocate_3",
            "relocate_4",
            "rrelocate_2",
            "rrelocate_4",
            "move_all_by_10"
        ],
        "perturbation": [
            "reinsert"
        ],
        "timeout": 600
    },
    "histogram": {
        "all": {
            "centered_exchange_1": 181662,
            "centered_exchange_4": 180639,
            "exchange_1_2": 187195,
            "exchange_2_3": 181332,
            "exchange_2_4": 181257,
            "exchange_ids": 1373085,
            "insert_1": 354918,
            "move_all_by_10": 180499,
            "relocate_1": 182307,
            "relocate_2": 180407,
            "relocate_3": 180348,
            "relocate_4": 180316,
            "rexchange_2_2": 183533,
            "rexchange_2_4": 180804,
            "rexchange_3_3": 180887,
            "rexchange_3_4": 180783,
            "rrelocate_2": 180666,
            "rrelocate_4": 180315,
            "two_opt": 1673412
        },
        "improving": {
            "centered_exchange_1": 1023,
            "centered_exchange_4": 0,
            "exchange_1_2": 5948,
            "exchange_2_3": 94,
            "exchange_2_4": 19,
            "exchange_ids": 1189226,
            "insert_1": 0,
            "move_all_by_10": 294,
            "relocate_1": 1978,
            "relocate_2": 92,
            "relocate_3": 35,
            "relocate_4": 3,
            "rexchange_2_2": 2741,
            "rexchange_2_4": 12,
            "rexchange_3_3": 104,
            "rexchange_3_4": 0,
            "rrelocate_2": 406,
            "rrelocate_4": 58,
            "two_opt": 1319165
        },
        "rate": {
            "centered_exchange_1": 0.005631337407976389,
            "centered_exchange_4": 0.0,
            "exchange_1_2": 0.03177435323596001,
            "exchange_2_3": 0.0005183861358091235,
            "exchange_2_4": 0.0001048235353664495,
            "exchange_ids": 0.8660978674888611,
            "insert_1": 0.0,
            "move_all_by_10": 0.001628817874006927,
            "relocate_1": 0.010849830694496632,
            "relocate_2": 0.0005099580157548189,
            "relocate_3": 0.0001940692454809323,
            "relocate_4": 1.6637459339108318e-05,
            "rexchange_2_2": 0.014934644103050232,
            "rexchange_2_4": 6.637021579081193e-05,
            "rexchange_3_3": 0.0005749445990659297,
            "rexchange_3_4": 0.0,
            "rrelocate_2": 0.002247240860015154,
            "rrelocate_4": 0.00032165931770578027,
            "two_opt": 0.7883085608482361
        }
    },
    "last_improvement": 90,
    "name": "qap-tai25a.dat",
    "solution": {
        "solution": {
            "fitness": 1171944,
            "is_feasible": true,
            "permutation": [
                23,
                19,
                10,
                13,
                2,
                9,
                6,
                20,
                24,
                4,
                12,
                0,
                17,
                16,
                1,
                22,
                3,
                18,
                11,
                14,
                8,
                7,
                21,
                15,
                5
            ]
        }
    },
    "steps": {
        "0": 1187222,
        "10": 1176634,
        "2": 1186266,
        "4": 1182370,
        "90": 1171944
    },
    "timeout": 600
}