{
    "config": {
        "allow_infeasible": true,
        "construction": "random_replicate",
        "ils_k": 6,
        "local_search": "CVND",
        "metaheuristic": "ILS",
        "num_threads": 8,
        "operators": [
            "insert_1",
            "remove_1",
            "two_opt",
            "exchange_ids",
            "exchange_1_2",
            "exchange_2_2",
            "exchange_3_3",
            "exchange_3_4",
            "exchange_4_4",
            "rexchange_2_2",
            "rexchange_2_3",
            "rexchange_4_4",
            "centered_exchange_1",
            "relocate_1",
            "relocate_5",
            "rrelocate_3",
            "rrelocate_4",
            "move_all_by_1",
            "move_all_by_2"
        ],
        "perturbation": [
            "random_double_bridge"
        ],
        "stop_on_feasible": true,
        "timeout": 10
    },
    "histogram": {
        "all": {
            "centered_exchange_1": 15,
            "exchange_1_2": 15,
            "exchange_2_2": 15,
            "exchange_3_3": 15,
            "exchange_3_4": 15,
            "exchange_4_4": 15,
            "exchange_ids": 15,
            "insert_1": 15,
            "move_all_by_1": 14,
            "move_all_by_2": 14,
            "relocate_1": 15,
            "relocate_5": 14,
            "remove_1": 15,
            "rexchange_2_2": 15,
            "rexchange_2_3": 15,
            "rexchange_4_4": 15,
            "rrelocate_3": 14,
            "rrelocate_4": 14,
            "two_opt": 15
        },
        "improving": {
            "centered_exchange_1": 6,
            "exchange_1_2": 10,
            "exchange_2_2": 4,
            "exchange_3_3": 5,
            "exchange_3_4": 3,
            "exchange_4_4": 5,
            "exchange_ids": 8,
            "insert_1": 0,
            "move_all_by_1": 6,
            "move_all_by_2": 4,
            "relocate_1": 14,
            "relocate_5": 5,
            "remove_1": 0,
            "rexchange_2_2": 9,
            "rexchange_2_3": 5,
            "rexchange_4_4": 3,
            "rrelocate_3": 8,
            "rrelocate_4": 7,
            "two_opt": 11
        },
        "rate": {
            "centered_exchange_1": 0.4000000059604645,
            "exchange_1_2": 0.6666666865348816,
            "exchange_2_2": 0.2666666805744171,
            "exchange_3_3": 0.3333333432674408,
            "exchange_3_4": 0.20000000298023224,
            "exchange_4_4": 0.3333333432674408,
            "exchange_ids": 0.5333333611488342,
            "insert_1": 0.0,
            "move_all_by_1": 0.4285714328289032,
            "move_all_by_2": 0.2857142984867096,
            "relocate_1": 0.9333333373069763,
            "relocate_5": 0.3571428656578064,
            "remove_1": 0.0,
            "rexchange_2_2": 0.6000000238418579,
            "rexchange_2_3": 0.3333333432674408,
            "rexchange_4_4": 0.20000000298023224,
            "rrelocate_3": 0.5714285969734192,
            "rrelocate_4": 0.5,
            "two_opt": 0.7333333492279053
        }
    },
    "last_improvement": 3,
    "name": "random-100-37.00-82",
    "solution": {
        "fitness": 2076,
        "is_feasible": true,
        "permutation": [
            78,
            52,
            41,
            6,
            95,
            90,
            27,
            91,
            47,
            66,
            2,
            21,
            15,
            96,
            65,
            59,
            46,
            61,
            22,
            81,
            25,
            4,
            80,
            92,
            26,
            98,
            14,
            34,
            93,
            56,
            89,
            32,
            31,
            82,
            20,
            71,
            11,
            42,
            73,
            37,
            30,
            64,
            36,
            57,
            60,
            45,
            88,
            84,
            87,
            97,
            48,
            83,
            50,
            17,
            70,
            76,
            3,
            7,
            77,
            10,
            44,
            85,
            38,
            55,
            68,
            8,
            29,
            43,
            51,
            18,
            79,
            16,
            33,
            5,
            75,
            54,
            74,
            67,
            49,
            23,
            39,
            19,
            72,
            12,
            1,
            13,
            69,
            58,
            62,
            28,
            99,
            40,
            94,
            86,
            0,
            9,
            35,
            53,
            24,
            63
        ],
        "permutation_orig_ids": [
            "79",
            "53",
            "42",
            "7",
            "96",
            "91",
            "28",
            "92",
            "48",
            "67",
            "3",
            "22",
            "16",
            "97",
            "66",
            "60",
            "47",
            "62",
            "23",
            "82",
            "26",
            "5",
            "81",
            "93",
            "27",
            "99",
            "15",
            "35",
            "94",
            "57",
            "90",
            "33",
            "32",
            "83",
            "21",
            "72",
            "12",
            "43",
            "74",
            "38",
            "31",
            "65",
            "37",
            "58",
            "61",
            "46",
            "89",
            "85",
            "88",
            "98",
            "49",
            "84",
            "51",
            "18",
            "71",
            "77",
            "4",
            "8",
            "78",
            "11",
            "45",
            "86",
            "39",
            "56",
            "69",
            "9",
            "30",
            "44",
            "52",
            "19",
            "80",
            "17",
            "34",
            "6",
            "76",
            "55",
            "75",
            "68",
            "50",
            "24",
            "40",
            "20",
            "73",
            "13",
            "2",
            "14",
            "70",
            "59",
            "63",
            "29",
            "100",
            "41",
            "95",
            "87",
            "1",
            "10",
            "36",
            "54",
            "25",
            "64"
        ]
    },
    "steps": {
        "0": 2805,
        "1": 2324,
        "2": 2129,
        "3": 2076
    },
    "timeout": 10
}