{
    "config": {
        "allow_infeasible": true,
        "construction": "random_replicate",
        "ils_k": 6,
        "local_search": "CVND",
        "metaheuristic": "ILS",
        "num_threads": 8,
        "operators": [
            "insert_1",
            "remove_1",
            "two_opt",
            "exchange_ids",
            "exchange_1_2",
            "exchange_2_2",
            "exchange_3_3",
            "exchange_3_4",
            "exchange_4_4",
            "rexchange_2_2",
            "rexchange_2_3",
            "rexchange_4_4",
            "centered_exchange_1",
            "relocate_1",
            "relocate_5",
            "rrelocate_3",
            "rrelocate_4",
            "move_all_by_1",
            "move_all_by_2"
        ],
        "perturbation": [
            "random_double_bridge"
        ],
        "stop_on_feasible": true,
        "timeout": 10
    },
    "histogram": {
        "all": {
            "centered_exchange_1": 18,
            "exchange_1_2": 18,
            "exchange_2_2": 18,
            "exchange_3_3": 18,
            "exchange_3_4": 18,
            "exchange_4_4": 18,
            "exchange_ids": 18,
            "insert_1": 18,
            "move_all_by_1": 15,
            "move_all_by_2": 15,
            "relocate_1": 15,
            "relocate_5": 15,
            "remove_1": 18,
            "rexchange_2_2": 18,
            "rexchange_2_3": 18,
            "rexchange_4_4": 18,
            "rrelocate_3": 15,
            "rrelocate_4": 15,
            "two_opt": 18
        },
        "improving": {
            "centered_exchange_1": 6,
            "exchange_1_2": 8,
            "exchange_2_2": 5,
            "exchange_3_3": 5,
            "exchange_3_4": 5,
            "exchange_4_4": 3,
            "exchange_ids": 9,
            "insert_1": 0,
            "move_all_by_1": 7,
            "move_all_by_2": 4,
            "relocate_1": 15,
            "relocate_5": 6,
            "remove_1": 0,
            "rexchange_2_2": 9,
            "rexchange_2_3": 5,
            "rexchange_4_4": 4,
            "rrelocate_3": 11,
            "rrelocate_4": 11,
            "two_opt": 12
        },
        "rate": {
            "centered_exchange_1": 0.3333333432674408,
            "exchange_1_2": 0.4444444477558136,
            "exchange_2_2": 0.2777777910232544,
            "exchange_3_3": 0.2777777910232544,
            "exchange_3_4": 0.2777777910232544,
            "exchange_4_4": 0.1666666716337204,
            "exchange_ids": 0.5,
            "insert_1": 0.0,
            "move_all_by_1": 0.46666666865348816,
            "move_all_by_2": 0.2666666805744171,
            "relocate_1": 1.0,
            "relocate_5": 0.4000000059604645,
            "remove_1": 0.0,
            "rexchange_2_2": 0.5,
            "rexchange_2_3": 0.2777777910232544,
            "rexchange_4_4": 0.2222222238779068,
            "rrelocate_3": 0.7333333492279053,
            "rrelocate_4": 0.7333333492279053,
            "two_opt": 0.6666666865348816
        }
    },
    "last_improvement": 5,
    "name": "random-100-28.00-31",
    "solution": {
        "fitness": 2505,
        "is_feasible": true,
        "permutation": [
            24,
            82,
            86,
            18,
            53,
            81,
            37,
            11,
            3,
            50,
            90,
            33,
            73,
            91,
            56,
            2,
            47,
            12,
            25,
            75,
            66,
            10,
            6,
            96,
            28,
            44,
            36,
            54,
            69,
            79,
            72,
            92,
            41,
            4,
            76,
            78,
            5,
            1,
            8,
            22,
            68,
            0,
            30,
            43,
            55,
            64,
            39,
            65,
            93,
            29,
            77,
            13,
            26,
            49,
            84,
            85,
            52,
            46,
            60,
            88,
            23,
            71,
            61,
            63,
            15,
            7,
            27,
            21,
            45,
            87,
            58,
            94,
            59,
            70,
            34,
            98,
            35,
            83,
            89,
            80,
            57,
            74,
            16,
            51,
            95,
            99,
            32,
            48,
            67,
            31,
            19,
            62,
            42,
            97,
            9,
            40,
            17,
            14,
            20,
            38
        ],
        "permutation_orig_ids": [
            "25",
            "83",
            "87",
            "19",
            "54",
            "82",
            "38",
            "12",
            "4",
            "51",
            "91",
            "34",
            "74",
            "92",
            "57",
            "3",
            "48",
            "13",
            "26",
            "76",
            "67",
            "11",
            "7",
            "97",
            "29",
            "45",
            "37",
            "55",
            "70",
            "80",
            "73",
            "93",
            "42",
            "5",
            "77",
            "79",
            "6",
            "2",
            "9",
            "23",
            "69",
            "1",
            "31",
            "44",
            "56",
            "65",
            "40",
            "66",
            "94",
            "30",
            "78",
            "14",
            "27",
            "50",
            "85",
            "86",
            "53",
            "47",
            "61",
            "89",
            "24",
            "72",
            "62",
            "64",
            "16",
            "8",
            "28",
            "22",
            "46",
            "88",
            "59",
            "95",
            "60",
            "71",
            "35",
            "99",
            "36",
            "84",
            "90",
            "81",
            "58",
            "75",
            "17",
            "52",
            "96",
            "100",
            "33",
            "49",
            "68",
            "32",
            "20",
            "63",
            "43",
            "98",
            "10",
            "41",
            "18",
            "15",
            "21",
            "39"
        ]
    },
    "steps": {
        "0": 4003152,
        "1": 2002675,
        "2": 2002425,
        "3": 2002397,
        "4": 1002410,
        "5": 2505
    },
    "timeout": 10
}