{
    "config": {
        "allow_infeasible": true,
        "construction": "random_replicate",
        "ils_k": 6,
        "local_search": "CVND",
        "metaheuristic": "ILS",
        "num_threads": 8,
        "operators": [
            "insert_1",
            "remove_1",
            "two_opt",
            "exchange_ids",
            "exchange_1_2",
            "exchange_2_2",
            "exchange_3_3",
            "exchange_3_4",
            "exchange_4_4",
            "rexchange_2_2",
            "rexchange_2_3",
            "rexchange_4_4",
            "centered_exchange_1",
            "relocate_1",
            "relocate_5",
            "rrelocate_3",
            "rrelocate_4",
            "move_all_by_1",
            "move_all_by_2"
        ],
        "perturbation": [
            "random_double_bridge"
        ],
        "stop_on_feasible": true,
        "timeout": 10
    },
    "histogram": {
        "all": {
            "centered_exchange_1": 9,
            "exchange_1_2": 9,
            "exchange_2_2": 9,
            "exchange_3_3": 9,
            "exchange_3_4": 9,
            "exchange_4_4": 9,
            "exchange_ids": 9,
            "insert_1": 9,
            "move_all_by_1": 8,
            "move_all_by_2": 8,
            "relocate_1": 8,
            "relocate_5": 8,
            "remove_1": 9,
            "rexchange_2_2": 9,
            "rexchange_2_3": 9,
            "rexchange_4_4": 9,
            "rrelocate_3": 8,
            "rrelocate_4": 8,
            "two_opt": 9
        },
        "improving": {
            "centered_exchange_1": 5,
            "exchange_1_2": 6,
            "exchange_2_2": 5,
            "exchange_3_3": 4,
            "exchange_3_4": 4,
            "exchange_4_4": 3,
            "exchange_ids": 7,
            "insert_1": 0,
            "move_all_by_1": 4,
            "move_all_by_2": 5,
            "relocate_1": 8,
            "relocate_5": 4,
            "remove_1": 0,
            "rexchange_2_2": 6,
            "rexchange_2_3": 5,
            "rexchange_4_4": 3,
            "rrelocate_3": 7,
            "rrelocate_4": 6,
            "two_opt": 8
        },
        "rate": {
            "centered_exchange_1": 0.5555555820465088,
            "exchange_1_2": 0.6666666865348816,
            "exchange_2_2": 0.5555555820465088,
            "exchange_3_3": 0.4444444477558136,
            "exchange_3_4": 0.4444444477558136,
            "exchange_4_4": 0.3333333432674408,
            "exchange_ids": 0.7777777910232544,
            "insert_1": 0.0,
            "move_all_by_1": 0.5,
            "move_all_by_2": 0.625,
            "relocate_1": 1.0,
            "relocate_5": 0.5,
            "remove_1": 0.0,
            "rexchange_2_2": 0.6666666865348816,
            "rexchange_2_3": 0.5555555820465088,
            "rexchange_4_4": 0.3333333432674408,
            "rrelocate_3": 0.875,
            "rrelocate_4": 0.75,
            "two_opt": 0.8888888955116272
        }
    },
    "last_improvement": 2,
    "name": "random-100-35.00-42",
    "solution": {
        "fitness": 2589,
        "is_feasible": true,
        "permutation": [
            99,
            78,
            69,
            26,
            63,
            12,
            90,
            57,
            37,
            58,
            72,
            15,
            96,
            47,
            3,
            1,
            53,
            44,
            42,
            22,
            29,
            30,
            79,
            84,
            41,
            77,
            46,
            45,
            2,
            8,
            68,
            50,
            66,
            81,
            70,
            54,
            52,
            31,
            65,
            10,
            11,
            5,
            75,
            38,
            14,
            9,
            61,
            93,
            34,
            67,
            32,
            7,
            16,
            56,
            24,
            18,
            20,
            62,
            33,
            94,
            49,
            0,
            55,
            48,
            17,
            98,
            97,
            80,
            21,
            91,
            89,
            92,
            40,
            82,
            88,
            36,
            87,
            43,
            4,
            85,
            95,
            76,
            6,
            27,
            51,
            19,
            86,
            73,
            25,
            35,
            59,
            13,
            23,
            74,
            64,
            39,
            71,
            28,
            60,
            83
        ],
        "permutation_orig_ids": [
            "100",
            "79",
            "70",
            "27",
            "64",
            "13",
            "91",
            "58",
            "38",
            "59",
            "73",
            "16",
            "97",
            "48",
            "4",
            "2",
            "54",
            "45",
            "43",
            "23",
            "30",
            "31",
            "80",
            "85",
            "42",
            "78",
            "47",
            "46",
            "3",
            "9",
            "69",
            "51",
            "67",
            "82",
            "71",
            "55",
            "53",
            "32",
            "66",
            "11",
            "12",
            "6",
            "76",
            "39",
            "15",
            "10",
            "62",
            "94",
            "35",
            "68",
            "33",
            "8",
            "17",
            "57",
            "25",
            "19",
            "21",
            "63",
            "34",
            "95",
            "50",
            "1",
            "56",
            "49",
            "18",
            "99",
            "98",
            "81",
            "22",
            "92",
            "90",
            "93",
            "41",
            "83",
            "89",
            "37",
            "88",
            "44",
            "5",
            "86",
            "96",
            "77",
            "7",
            "28",
            "52",
            "20",
            "87",
            "74",
            "26",
            "36",
            "60",
            "14",
            "24",
            "75",
            "65",
            "40",
            "72",
            "29",
            "61",
            "84"
        ]
    },
    "steps": {
        "0": 3123,
        "1": 2597,
        "2": 2589
    },
    "timeout": 10
}