{
    "config": {
        "allow_infeasible": true,
        "construction": "random_replicate",
        "ils_k": 6,
        "local_search": "CVND",
        "metaheuristic": "ILS",
        "num_threads": 8,
        "operators": [
            "insert_1",
            "remove_1",
            "two_opt",
            "exchange_ids",
            "exchange_1_2",
            "exchange_2_2",
            "exchange_3_3",
            "exchange_3_4",
            "exchange_4_4",
            "rexchange_2_2",
            "rexchange_2_3",
            "rexchange_4_4",
            "centered_exchange_1",
            "relocate_1",
            "relocate_5",
            "rrelocate_3",
            "rrelocate_4",
            "move_all_by_1",
            "move_all_by_2"
        ],
        "perturbation": [
            "random_double_bridge"
        ],
        "stop_on_feasible": true,
        "timeout": 10
    },
    "histogram": {
        "all": {
            "centered_exchange_1": 25,
            "exchange_1_2": 26,
            "exchange_2_2": 26,
            "exchange_3_3": 26,
            "exchange_3_4": 26,
            "exchange_4_4": 26,
            "exchange_ids": 26,
            "insert_1": 26,
            "move_all_by_1": 21,
            "move_all_by_2": 21,
            "relocate_1": 23,
            "relocate_5": 23,
            "remove_1": 26,
            "rexchange_2_2": 25,
            "rexchange_2_3": 25,
            "rexchange_4_4": 25,
            "rrelocate_3": 21,
            "rrelocate_4": 21,
            "two_opt": 26
        },
        "improving": {
            "centered_exchange_1": 7,
            "exchange_1_2": 12,
            "exchange_2_2": 8,
            "exchange_3_3": 5,
            "exchange_3_4": 5,
            "exchange_4_4": 3,
            "exchange_ids": 13,
            "insert_1": 0,
            "move_all_by_1": 8,
            "move_all_by_2": 2,
            "relocate_1": 21,
            "relocate_5": 10,
            "remove_1": 0,
            "rexchange_2_2": 13,
            "rexchange_2_3": 7,
            "rexchange_4_4": 5,
            "rrelocate_3": 12,
            "rrelocate_4": 12,
            "two_opt": 18
        },
        "rate": {
            "centered_exchange_1": 0.2800000011920929,
            "exchange_1_2": 0.4615384638309479,
            "exchange_2_2": 0.3076923191547394,
            "exchange_3_3": 0.19230769574642181,
            "exchange_3_4": 0.19230769574642181,
            "exchange_4_4": 0.11538461595773697,
            "exchange_ids": 0.5,
            "insert_1": 0.0,
            "move_all_by_1": 0.380952388048172,
            "move_all_by_2": 0.095238097012043,
            "relocate_1": 0.9130434989929199,
            "relocate_5": 0.43478259444236755,
            "remove_1": 0.0,
            "rexchange_2_2": 0.5199999809265137,
            "rexchange_2_3": 0.2800000011920929,
            "rexchange_4_4": 0.20000000298023224,
            "rrelocate_3": 0.5714285969734192,
            "rrelocate_4": 0.5714285969734192,
            "two_opt": 0.692307710647583
        }
    },
    "last_improvement": 8,
    "name": "random-100-15.00-26",
    "solution": {
        "fitness": 7002783,
        "is_feasible": false,
        "permutation": [
            9,
            64,
            82,
            0,
            16,
            27,
            35,
            99,
            91,
            75,
            28,
            90,
            89,
            1,
            92,
            48,
            49,
            84,
            29,
            38,
            24,
            8,
            31,
            30,
            63,
            76,
            42,
            47,
            15,
            20,
            37,
            36,
            55,
            57,
            53,
            18,
            45,
            95,
            59,
            7,
            56,
            52,
            70,
            80,
            41,
            14,
            3,
            26,
            93,
            66,
            79,
            32,
            97,
            21,
            94,
            17,
            77,
            74,
            5,
            98,
            69,
            51,
            83,
            87,
            58,
            67,
            6,
            65,
            96,
            62,
            23,
            33,
            54,
            61,
            43,
            12,
            19,
            2,
            39,
            40,
            78,
            10,
            4,
            25,
            34,
            46,
            13,
            68,
            86,
            60,
            88,
            72,
            22,
            81,
            73,
            71,
            50,
            11,
            85,
            44
        ],
        "permutation_orig_ids": [
            "10",
            "65",
            "83",
            "1",
            "17",
            "28",
            "36",
            "100",
            "92",
            "76",
            "29",
            "91",
            "90",
            "2",
            "93",
            "49",
            "50",
            "85",
            "30",
            "39",
            "25",
            "9",
            "32",
            "31",
            "64",
            "77",
            "43",
            "48",
            "16",
            "21",
            "38",
            "37",
            "56",
            "58",
            "54",
            "19",
            "46",
            "96",
            "60",
            "8",
            "57",
            "53",
            "71",
            "81",
            "42",
            "15",
            "4",
            "27",
            "94",
            "67",
            "80",
            "33",
            "98",
            "22",
            "95",
            "18",
            "78",
            "75",
            "6",
            "99",
            "70",
            "52",
            "84",
            "88",
            "59",
            "68",
            "7",
            "66",
            "97",
            "63",
            "24",
            "34",
            "55",
            "62",
            "44",
            "13",
            "20",
            "3",
            "40",
            "41",
            "79",
            "11",
            "5",
            "26",
            "35",
            "47",
            "14",
            "69",
            "87",
            "61",
            "89",
            "73",
            "23",
            "82",
            "74",
            "72",
            "51",
            "12",
            "86",
            "45"
        ]
    },
    "steps": {
        "0": 13003951,
        "1": 8003596,
        "2": 7003170,
        "3": 7002954,
        "4": 7002867,
        "5": 7002795,
        "8": 7002783
    },
    "timeout": 10
}