{
    "config": {
        "allow_infeasible": true,
        "construction": "random_replicate",
        "ils_k": 6,
        "local_search": "CVND",
        "metaheuristic": "ILS",
        "num_threads": 8,
        "operators": [
            "insert_1",
            "remove_1",
            "two_opt",
            "exchange_ids",
            "exchange_1_2",
            "exchange_2_2",
            "exchange_3_3",
            "exchange_3_4",
            "exchange_4_4",
            "rexchange_2_2",
            "rexchange_2_3",
            "rexchange_4_4",
            "centered_exchange_1",
            "relocate_1",
            "relocate_5",
            "rrelocate_3",
            "rrelocate_4",
            "move_all_by_1",
            "move_all_by_2"
        ],
        "perturbation": [
            "random_double_bridge"
        ],
        "stop_on_feasible": true,
        "timeout": 10
    },
    "histogram": {
        "all": {
            "centered_exchange_1": 13,
            "exchange_1_2": 13,
            "exchange_2_2": 13,
            "exchange_3_3": 13,
            "exchange_3_4": 13,
            "exchange_4_4": 13,
            "exchange_ids": 13,
            "insert_1": 13,
            "move_all_by_1": 11,
            "move_all_by_2": 11,
            "relocate_1": 11,
            "relocate_5": 11,
            "remove_1": 13,
            "rexchange_2_2": 13,
            "rexchange_2_3": 13,
            "rexchange_4_4": 13,
            "rrelocate_3": 11,
            "rrelocate_4": 11,
            "two_opt": 13
        },
        "improving": {
            "centered_exchange_1": 3,
            "exchange_1_2": 8,
            "exchange_2_2": 5,
            "exchange_3_3": 4,
            "exchange_3_4": 5,
            "exchange_4_4": 2,
            "exchange_ids": 7,
            "insert_1": 0,
            "move_all_by_1": 6,
            "move_all_by_2": 3,
            "relocate_1": 11,
            "relocate_5": 4,
            "remove_1": 0,
            "rexchange_2_2": 5,
            "rexchange_2_3": 5,
            "rexchange_4_4": 4,
            "rrelocate_3": 8,
            "rrelocate_4": 6,
            "two_opt": 8
        },
        "rate": {
            "centered_exchange_1": 0.23076923191547394,
            "exchange_1_2": 0.6153846383094788,
            "exchange_2_2": 0.38461539149284363,
            "exchange_3_3": 0.3076923191547394,
            "exchange_3_4": 0.38461539149284363,
            "exchange_4_4": 0.1538461595773697,
            "exchange_ids": 0.5384615659713745,
            "insert_1": 0.0,
            "move_all_by_1": 0.5454545617103577,
            "move_all_by_2": 0.27272728085517883,
            "relocate_1": 1.0,
            "relocate_5": 0.3636363744735718,
            "remove_1": 0.0,
            "rexchange_2_2": 0.38461539149284363,
            "rexchange_2_3": 0.38461539149284363,
            "rexchange_4_4": 0.3076923191547394,
            "rrelocate_3": 0.7272727489471436,
            "rrelocate_4": 0.5454545617103577,
            "two_opt": 0.6153846383094788
        }
    },
    "last_improvement": 3,
    "name": "random-100-27.00-43",
    "solution": {
        "fitness": 2821,
        "is_feasible": true,
        "permutation": [
            1,
            53,
            75,
            93,
            4,
            45,
            12,
            48,
            19,
            63,
            85,
            64,
            50,
            46,
            62,
            2,
            81,
            32,
            59,
            11,
            65,
            84,
            79,
            52,
            29,
            89,
            76,
            43,
            44,
            83,
            99,
            15,
            80,
            77,
            27,
            88,
            22,
            72,
            73,
            78,
            37,
            16,
            33,
            9,
            14,
            26,
            74,
            60,
            67,
            38,
            96,
            97,
            69,
            98,
            41,
            58,
            55,
            71,
            13,
            25,
            92,
            51,
            86,
            82,
            31,
            95,
            8,
            61,
            7,
            90,
            34,
            49,
            30,
            0,
            47,
            66,
            5,
            94,
            87,
            23,
            20,
            91,
            42,
            6,
            36,
            28,
            68,
            35,
            24,
            3,
            54,
            18,
            39,
            21,
            70,
            17,
            40,
            10,
            57,
            56
        ],
        "permutation_orig_ids": [
            "2",
            "54",
            "76",
            "94",
            "5",
            "46",
            "13",
            "49",
            "20",
            "64",
            "86",
            "65",
            "51",
            "47",
            "63",
            "3",
            "82",
            "33",
            "60",
            "12",
            "66",
            "85",
            "80",
            "53",
            "30",
            "90",
            "77",
            "44",
            "45",
            "84",
            "100",
            "16",
            "81",
            "78",
            "28",
            "89",
            "23",
            "73",
            "74",
            "79",
            "38",
            "17",
            "34",
            "10",
            "15",
            "27",
            "75",
            "61",
            "68",
            "39",
            "97",
            "98",
            "70",
            "99",
            "42",
            "59",
            "56",
            "72",
            "14",
            "26",
            "93",
            "52",
            "87",
            "83",
            "32",
            "96",
            "9",
            "62",
            "8",
            "91",
            "35",
            "50",
            "31",
            "1",
            "48",
            "67",
            "6",
            "95",
            "88",
            "24",
            "21",
            "92",
            "43",
            "7",
            "37",
            "29",
            "69",
            "36",
            "25",
            "4",
            "55",
            "19",
            "40",
            "22",
            "71",
            "18",
            "41",
            "11",
            "58",
            "57"
        ]
    },
    "steps": {
        "0": 3003424,
        "1": 2002842,
        "2": 2002706,
        "3": 2821
    },
    "timeout": 10
}