{
    "config": {
        "allow_infeasible": true,
        "construction": "random_replicate",
        "ils_k": 6,
        "local_search": "CVND",
        "metaheuristic": "ILS",
        "num_threads": 8,
        "operators": [
            "insert_1",
            "remove_1",
            "two_opt",
            "exchange_ids",
            "exchange_1_2",
            "exchange_2_2",
            "exchange_3_3",
            "exchange_3_4",
            "exchange_4_4",
            "rexchange_2_2",
            "rexchange_2_3",
            "rexchange_4_4",
            "centered_exchange_1",
            "relocate_1",
            "relocate_5",
            "rrelocate_3",
            "rrelocate_4",
            "move_all_by_1",
            "move_all_by_2"
        ],
        "perturbation": [
            "random_double_bridge"
        ],
        "stop_on_feasible": true,
        "timeout": 10
    },
    "histogram": {
        "all": {
            "centered_exchange_1": 14,
            "exchange_1_2": 14,
            "exchange_2_2": 14,
            "exchange_3_3": 14,
            "exchange_3_4": 14,
            "exchange_4_4": 14,
            "exchange_ids": 14,
            "insert_1": 14,
            "move_all_by_1": 13,
            "move_all_by_2": 13,
            "relocate_1": 13,
            "relocate_5": 13,
            "remove_1": 14,
            "rexchange_2_2": 14,
            "rexchange_2_3": 14,
            "rexchange_4_4": 14,
            "rrelocate_3": 13,
            "rrelocate_4": 13,
            "two_opt": 14
        },
        "improving": {
            "centered_exchange_1": 6,
            "exchange_1_2": 8,
            "exchange_2_2": 6,
            "exchange_3_3": 3,
            "exchange_3_4": 3,
            "exchange_4_4": 3,
            "exchange_ids": 11,
            "insert_1": 0,
            "move_all_by_1": 8,
            "move_all_by_2": 5,
            "relocate_1": 13,
            "relocate_5": 8,
            "remove_1": 0,
            "rexchange_2_2": 8,
            "rexchange_2_3": 5,
            "rexchange_4_4": 4,
            "rrelocate_3": 11,
            "rrelocate_4": 8,
            "two_opt": 11
        },
        "rate": {
            "centered_exchange_1": 0.4285714328289032,
            "exchange_1_2": 0.5714285969734192,
            "exchange_2_2": 0.4285714328289032,
            "exchange_3_3": 0.2142857164144516,
            "exchange_3_4": 0.2142857164144516,
            "exchange_4_4": 0.2142857164144516,
            "exchange_ids": 0.7857142686843872,
            "insert_1": 0.0,
            "move_all_by_1": 0.6153846383094788,
            "move_all_by_2": 0.38461539149284363,
            "relocate_1": 1.0,
            "relocate_5": 0.6153846383094788,
            "remove_1": 0.0,
            "rexchange_2_2": 0.5714285969734192,
            "rexchange_2_3": 0.3571428656578064,
            "rexchange_4_4": 0.2857142984867096,
            "rrelocate_3": 0.8461538553237915,
            "rrelocate_4": 0.6153846383094788,
            "two_opt": 0.7857142686843872
        }
    },
    "last_improvement": 3,
    "name": "random-100-34.00-26",
    "solution": {
        "fitness": 2263,
        "is_feasible": true,
        "permutation": [
            82,
            64,
            9,
            41,
            61,
            32,
            15,
            42,
            76,
            93,
            65,
            63,
            72,
            8,
            24,
            95,
            39,
            38,
            74,
            77,
            29,
            49,
            28,
            58,
            88,
            1,
            46,
            17,
            6,
            26,
            85,
            44,
            43,
            91,
            98,
            99,
            16,
            96,
            3,
            14,
            34,
            0,
            80,
            75,
            7,
            51,
            83,
            69,
            10,
            40,
            23,
            33,
            37,
            22,
            78,
            27,
            55,
            97,
            53,
            18,
            94,
            84,
            19,
            79,
            48,
            92,
            11,
            45,
            67,
            50,
            52,
            89,
            90,
            81,
            13,
            62,
            59,
            5,
            21,
            60,
            2,
            70,
            57,
            47,
            66,
            54,
            31,
            20,
            35,
            73,
            56,
            71,
            36,
            30,
            12,
            86,
            87,
            68,
            4,
            25
        ],
        "permutation_orig_ids": [
            "83",
            "65",
            "10",
            "42",
            "62",
            "33",
            "16",
            "43",
            "77",
            "94",
            "66",
            "64",
            "73",
            "9",
            "25",
            "96",
            "40",
            "39",
            "75",
            "78",
            "30",
            "50",
            "29",
            "59",
            "89",
            "2",
            "47",
            "18",
            "7",
            "27",
            "86",
            "45",
            "44",
            "92",
            "99",
            "100",
            "17",
            "97",
            "4",
            "15",
            "35",
            "1",
            "81",
            "76",
            "8",
            "52",
            "84",
            "70",
            "11",
            "41",
            "24",
            "34",
            "38",
            "23",
            "79",
            "28",
            "56",
            "98",
            "54",
            "19",
            "95",
            "85",
            "20",
            "80",
            "49",
            "93",
            "12",
            "46",
            "68",
            "51",
            "53",
            "90",
            "91",
            "82",
            "14",
            "63",
            "60",
            "6",
            "22",
            "61",
            "3",
            "71",
            "58",
            "48",
            "67",
            "55",
            "32",
            "21",
            "36",
            "74",
            "57",
            "72",
            "37",
            "31",
            "13",
            "87",
            "88",
            "69",
            "5",
            "26"
        ]
    },
    "steps": {
        "0": 3457,
        "1": 2659,
        "2": 2367,
        "3": 2263
    },
    "timeout": 10
}