{
    "config": {
        "allow_infeasible": true,
        "construction": "random_replicate",
        "ils_k": 6,
        "local_search": "CVND",
        "metaheuristic": "ILS",
        "num_threads": 8,
        "operators": [
            "insert_1",
            "remove_1",
            "two_opt",
            "exchange_ids",
            "exchange_1_2",
            "exchange_2_2",
            "exchange_3_3",
            "exchange_3_4",
            "exchange_4_4",
            "rexchange_2_2",
            "rexchange_2_3",
            "rexchange_4_4",
            "centered_exchange_1",
            "relocate_1",
            "relocate_5",
            "rrelocate_3",
            "rrelocate_4",
            "move_all_by_1",
            "move_all_by_2"
        ],
        "perturbation": [
            "random_double_bridge"
        ],
        "stop_on_feasible": true,
        "timeout": 10
    },
    "histogram": {
        "all": {
            "centered_exchange_1": 29,
            "exchange_1_2": 29,
            "exchange_2_2": 29,
            "exchange_3_3": 29,
            "exchange_3_4": 29,
            "exchange_4_4": 29,
            "exchange_ids": 29,
            "insert_1": 29,
            "move_all_by_1": 25,
            "move_all_by_2": 25,
            "relocate_1": 27,
            "relocate_5": 27,
            "remove_1": 29,
            "rexchange_2_2": 29,
            "rexchange_2_3": 29,
            "rexchange_4_4": 29,
            "rrelocate_3": 26,
            "rrelocate_4": 25,
            "two_opt": 29
        },
        "improving": {
            "centered_exchange_1": 9,
            "exchange_1_2": 17,
            "exchange_2_2": 8,
            "exchange_3_3": 9,
            "exchange_3_4": 10,
            "exchange_4_4": 7,
            "exchange_ids": 15,
            "insert_1": 0,
            "move_all_by_1": 12,
            "move_all_by_2": 11,
            "relocate_1": 25,
            "relocate_5": 13,
            "remove_1": 0,
            "rexchange_2_2": 12,
            "rexchange_2_3": 10,
            "rexchange_4_4": 7,
            "rrelocate_3": 14,
            "rrelocate_4": 14,
            "two_opt": 15
        },
        "rate": {
            "centered_exchange_1": 0.3103448152542114,
            "exchange_1_2": 0.5862069129943848,
            "exchange_2_2": 0.27586206793785095,
            "exchange_3_3": 0.3103448152542114,
            "exchange_3_4": 0.3448275923728943,
            "exchange_4_4": 0.24137930572032928,
            "exchange_ids": 0.517241358757019,
            "insert_1": 0.0,
            "move_all_by_1": 0.47999998927116394,
            "move_all_by_2": 0.4399999976158142,
            "relocate_1": 0.9259259104728699,
            "relocate_5": 0.48148149251937866,
            "remove_1": 0.0,
            "rexchange_2_2": 0.4137931168079376,
            "rexchange_2_3": 0.3448275923728943,
            "rexchange_4_4": 0.24137930572032928,
            "rrelocate_3": 0.5384615659713745,
            "rrelocate_4": 0.5600000023841858,
            "two_opt": 0.517241358757019
        }
    },
    "last_improvement": 9,
    "name": "random-100-21.00-86",
    "solution": {
        "fitness": 1002702,
        "is_feasible": false,
        "permutation": [
            13,
            42,
            3,
            24,
            32,
            94,
            91,
            66,
            67,
            62,
            16,
            58,
            18,
            14,
            21,
            60,
            51,
            89,
            40,
            47,
            92,
            44,
            2,
            86,
            28,
            56,
            69,
            50,
            19,
            57,
            23,
            59,
            97,
            87,
            26,
            45,
            52,
            53,
            77,
            30,
            63,
            68,
            49,
            10,
            80,
            5,
            79,
            90,
            71,
            17,
            78,
            6,
            43,
            55,
            84,
            0,
            76,
            34,
            82,
            36,
            8,
            25,
            96,
            37,
            98,
            38,
            9,
            41,
            74,
            29,
            72,
            54,
            39,
            4,
            7,
            85,
            11,
            73,
            46,
            35,
            70,
            20,
            93,
            15,
            61,
            31,
            12,
            64,
            1,
            48,
            33,
            81,
            83,
            75,
            88,
            22,
            95,
            99,
            27,
            65
        ],
        "permutation_orig_ids": [
            "14",
            "43",
            "4",
            "25",
            "33",
            "95",
            "92",
            "67",
            "68",
            "63",
            "17",
            "59",
            "19",
            "15",
            "22",
            "61",
            "52",
            "90",
            "41",
            "48",
            "93",
            "45",
            "3",
            "87",
            "29",
            "57",
            "70",
            "51",
            "20",
            "58",
            "24",
            "60",
            "98",
            "88",
            "27",
            "46",
            "53",
            "54",
            "78",
            "31",
            "64",
            "69",
            "50",
            "11",
            "81",
            "6",
            "80",
            "91",
            "72",
            "18",
            "79",
            "7",
            "44",
            "56",
            "85",
            "1",
            "77",
            "35",
            "83",
            "37",
            "9",
            "26",
            "97",
            "38",
            "99",
            "39",
            "10",
            "42",
            "75",
            "30",
            "73",
            "55",
            "40",
            "5",
            "8",
            "86",
            "12",
            "74",
            "47",
            "36",
            "71",
            "21",
            "94",
            "16",
            "62",
            "32",
            "13",
            "65",
            "2",
            "49",
            "34",
            "82",
            "84",
            "76",
            "89",
            "23",
            "96",
            "100",
            "28",
            "66"
        ]
    },
    "steps": {
        "0": 10003448,
        "1": 4002904,
        "2": 4002494,
        "3": 2002542,
        "4": 2002494,
        "6": 2002457,
        "7": 1002804,
        "8": 1002720,
        "9": 1002702
    },
    "timeout": 10
}