{
    "config": {
        "allow_infeasible": true,
        "construction": "random_replicate",
        "ils_k": 6,
        "local_search": "CVND",
        "metaheuristic": "ILS",
        "num_threads": 8,
        "operators": [
            "insert_1",
            "remove_1",
            "two_opt",
            "exchange_ids",
            "exchange_1_2",
            "exchange_2_2",
            "exchange_3_3",
            "exchange_3_4",
            "exchange_4_4",
            "rexchange_2_2",
            "rexchange_2_3",
            "rexchange_4_4",
            "centered_exchange_1",
            "relocate_1",
            "relocate_5",
            "rrelocate_3",
            "rrelocate_4",
            "move_all_by_1",
            "move_all_by_2"
        ],
        "perturbation": [
            "random_double_bridge"
        ],
        "stop_on_feasible": true,
        "timeout": 10
    },
    "histogram": {
        "all": {
            "centered_exchange_1": 17,
            "exchange_1_2": 17,
            "exchange_2_2": 17,
            "exchange_3_3": 17,
            "exchange_3_4": 17,
            "exchange_4_4": 17,
            "exchange_ids": 17,
            "insert_1": 17,
            "move_all_by_1": 16,
            "move_all_by_2": 16,
            "relocate_1": 16,
            "relocate_5": 16,
            "remove_1": 17,
            "rexchange_2_2": 17,
            "rexchange_2_3": 17,
            "rexchange_4_4": 17,
            "rrelocate_3": 16,
            "rrelocate_4": 16,
            "two_opt": 17
        },
        "improving": {
            "centered_exchange_1": 7,
            "exchange_1_2": 10,
            "exchange_2_2": 8,
            "exchange_3_3": 5,
            "exchange_3_4": 3,
            "exchange_4_4": 2,
            "exchange_ids": 12,
            "insert_1": 0,
            "move_all_by_1": 11,
            "move_all_by_2": 5,
            "relocate_1": 16,
            "relocate_5": 5,
            "remove_1": 0,
            "rexchange_2_2": 9,
            "rexchange_2_3": 4,
            "rexchange_4_4": 7,
            "rrelocate_3": 12,
            "rrelocate_4": 8,
            "two_opt": 10
        },
        "rate": {
            "centered_exchange_1": 0.4117647111415863,
            "exchange_1_2": 0.5882353186607361,
            "exchange_2_2": 0.47058823704719543,
            "exchange_3_3": 0.29411765933036804,
            "exchange_3_4": 0.1764705926179886,
            "exchange_4_4": 0.11764705926179886,
            "exchange_ids": 0.7058823704719543,
            "insert_1": 0.0,
            "move_all_by_1": 0.6875,
            "move_all_by_2": 0.3125,
            "relocate_1": 1.0,
            "relocate_5": 0.3125,
            "remove_1": 0.0,
            "rexchange_2_2": 0.529411792755127,
            "rexchange_2_3": 0.23529411852359772,
            "rexchange_4_4": 0.4117647111415863,
            "rrelocate_3": 0.75,
            "rrelocate_4": 0.5,
            "two_opt": 0.5882353186607361
        }
    },
    "last_improvement": 4,
    "name": "random-100-31.00-96",
    "solution": {
        "fitness": 2566,
        "is_feasible": true,
        "permutation": [
            15,
            57,
            97,
            59,
            92,
            99,
            45,
            47,
            85,
            48,
            49,
            91,
            38,
            46,
            90,
            73,
            60,
            26,
            67,
            72,
            22,
            16,
            24,
            6,
            4,
            2,
            3,
            31,
            74,
            35,
            29,
            9,
            96,
            87,
            61,
            82,
            33,
            62,
            71,
            76,
            77,
            88,
            50,
            17,
            0,
            27,
            80,
            14,
            83,
            81,
            94,
            30,
            95,
            37,
            86,
            68,
            13,
            1,
            65,
            58,
            32,
            5,
            54,
            78,
            44,
            79,
            10,
            40,
            21,
            39,
            66,
            8,
            69,
            51,
            55,
            98,
            75,
            28,
            70,
            34,
            18,
            56,
            20,
            89,
            42,
            52,
            41,
            23,
            19,
            53,
            84,
            12,
            7,
            93,
            25,
            36,
            63,
            11,
            64,
            43
        ],
        "permutation_orig_ids": [
            "16",
            "58",
            "98",
            "60",
            "93",
            "100",
            "46",
            "48",
            "86",
            "49",
            "50",
            "92",
            "39",
            "47",
            "91",
            "74",
            "61",
            "27",
            "68",
            "73",
            "23",
            "17",
            "25",
            "7",
            "5",
            "3",
            "4",
            "32",
            "75",
            "36",
            "30",
            "10",
            "97",
            "88",
            "62",
            "83",
            "34",
            "63",
            "72",
            "77",
            "78",
            "89",
            "51",
            "18",
            "1",
            "28",
            "81",
            "15",
            "84",
            "82",
            "95",
            "31",
            "96",
            "38",
            "87",
            "69",
            "14",
            "2",
            "66",
            "59",
            "33",
            "6",
            "55",
            "79",
            "45",
            "80",
            "11",
            "41",
            "22",
            "40",
            "67",
            "9",
            "70",
            "52",
            "56",
            "99",
            "76",
            "29",
            "71",
            "35",
            "19",
            "57",
            "21",
            "90",
            "43",
            "53",
            "42",
            "24",
            "20",
            "54",
            "85",
            "13",
            "8",
            "94",
            "26",
            "37",
            "64",
            "12",
            "65",
            "44"
        ]
    },
    "steps": {
        "0": 1003587,
        "1": 1002952,
        "2": 2783,
        "3": 2618,
        "4": 2566
    },
    "timeout": 10
}