{
    "config": {
        "allow_infeasible": true,
        "construction": "random_replicate",
        "ils_k": 6,
        "local_search": "CVND",
        "metaheuristic": "ILS",
        "num_threads": 8,
        "operators": [
            "insert_1",
            "remove_1",
            "two_opt",
            "exchange_ids",
            "exchange_1_2",
            "exchange_2_2",
            "exchange_3_3",
            "exchange_3_4",
            "exchange_4_4",
            "rexchange_2_2",
            "rexchange_2_3",
            "rexchange_4_4",
            "centered_exchange_1",
            "relocate_1",
            "relocate_5",
            "rrelocate_3",
            "rrelocate_4",
            "move_all_by_1",
            "move_all_by_2"
        ],
        "perturbation": [
            "random_double_bridge"
        ],
        "stop_on_feasible": true,
        "timeout": 10
    },
    "histogram": {
        "all": {
            "centered_exchange_1": 31,
            "exchange_1_2": 31,
            "exchange_2_2": 31,
            "exchange_3_3": 31,
            "exchange_3_4": 31,
            "exchange_4_4": 31,
            "exchange_ids": 31,
            "insert_1": 31,
            "move_all_by_1": 26,
            "move_all_by_2": 26,
            "relocate_1": 29,
            "relocate_5": 29,
            "remove_1": 31,
            "rexchange_2_2": 31,
            "rexchange_2_3": 31,
            "rexchange_4_4": 31,
            "rrelocate_3": 29,
            "rrelocate_4": 27,
            "two_opt": 31
        },
        "improving": {
            "centered_exchange_1": 6,
            "exchange_1_2": 15,
            "exchange_2_2": 8,
            "exchange_3_3": 7,
            "exchange_3_4": 7,
            "exchange_4_4": 4,
            "exchange_ids": 14,
            "insert_1": 0,
            "move_all_by_1": 12,
            "move_all_by_2": 7,
            "relocate_1": 26,
            "relocate_5": 11,
            "remove_1": 0,
            "rexchange_2_2": 11,
            "rexchange_2_3": 9,
            "rexchange_4_4": 7,
            "rrelocate_3": 19,
            "rrelocate_4": 16,
            "two_opt": 17
        },
        "rate": {
            "centered_exchange_1": 0.19354838132858276,
            "exchange_1_2": 0.4838709533214569,
            "exchange_2_2": 0.25806450843811035,
            "exchange_3_3": 0.22580644488334656,
            "exchange_3_4": 0.22580644488334656,
            "exchange_4_4": 0.12903225421905518,
            "exchange_ids": 0.4516128897666931,
            "insert_1": 0.0,
            "move_all_by_1": 0.4615384638309479,
            "move_all_by_2": 0.26923078298568726,
            "relocate_1": 0.8965517282485962,
            "relocate_5": 0.37931033968925476,
            "remove_1": 0.0,
            "rexchange_2_2": 0.35483869910240173,
            "rexchange_2_3": 0.29032257199287415,
            "rexchange_4_4": 0.22580644488334656,
            "rrelocate_3": 0.6551724076271057,
            "rrelocate_4": 0.5925925970077515,
            "two_opt": 0.5483871102333069
        }
    },
    "last_improvement": 11,
    "name": "random-100-24.00-66",
    "solution": {
        "fitness": 1002319,
        "is_feasible": false,
        "permutation": [
            55,
            64,
            79,
            24,
            26,
            67,
            33,
            58,
            69,
            17,
            74,
            6,
            60,
            22,
            39,
            25,
            19,
            2,
            53,
            86,
            35,
            43,
            9,
            47,
            56,
            99,
            28,
            51,
            4,
            13,
            15,
            29,
            88,
            89,
            71,
            46,
            8,
            65,
            34,
            48,
            82,
            11,
            44,
            49,
            37,
            66,
            96,
            59,
            94,
            40,
            50,
            18,
            63,
            12,
            3,
            30,
            16,
            41,
            5,
            98,
            78,
            87,
            80,
            62,
            32,
            73,
            14,
            31,
            61,
            85,
            54,
            97,
            83,
            57,
            1,
            95,
            93,
            10,
            21,
            72,
            68,
            20,
            36,
            81,
            76,
            42,
            91,
            90,
            45,
            0,
            84,
            23,
            77,
            52,
            70,
            75,
            27,
            38,
            7,
            92
        ],
        "permutation_orig_ids": [
            "56",
            "65",
            "80",
            "25",
            "27",
            "68",
            "34",
            "59",
            "70",
            "18",
            "75",
            "7",
            "61",
            "23",
            "40",
            "26",
            "20",
            "3",
            "54",
            "87",
            "36",
            "44",
            "10",
            "48",
            "57",
            "100",
            "29",
            "52",
            "5",
            "14",
            "16",
            "30",
            "89",
            "90",
            "72",
            "47",
            "9",
            "66",
            "35",
            "49",
            "83",
            "12",
            "45",
            "50",
            "38",
            "67",
            "97",
            "60",
            "95",
            "41",
            "51",
            "19",
            "64",
            "13",
            "4",
            "31",
            "17",
            "42",
            "6",
            "99",
            "79",
            "88",
            "81",
            "63",
            "33",
            "74",
            "15",
            "32",
            "62",
            "86",
            "55",
            "98",
            "84",
            "58",
            "2",
            "96",
            "94",
            "11",
            "22",
            "73",
            "69",
            "21",
            "37",
            "82",
            "77",
            "43",
            "92",
            "91",
            "46",
            "1",
            "85",
            "24",
            "78",
            "53",
            "71",
            "76",
            "28",
            "39",
            "8",
            "93"
        ]
    },
    "steps": {
        "0": 5003426,
        "1": 2002752,
        "11": 1002319,
        "2": 2002381,
        "3": 1002367,
        "4": 1002351,
        "5": 1002322,
        "7": 1002320
    },
    "timeout": 10
}