{
    "config": {
        "allow_infeasible": true,
        "construction": "random_replicate",
        "ils_k": 6,
        "local_search": "CVND",
        "metaheuristic": "ILS",
        "num_threads": 8,
        "operators": [
            "insert_1",
            "remove_1",
            "two_opt",
            "exchange_ids",
            "exchange_1_2",
            "exchange_2_2",
            "exchange_3_3",
            "exchange_3_4",
            "exchange_4_4",
            "rexchange_2_2",
            "rexchange_2_3",
            "rexchange_4_4",
            "centered_exchange_1",
            "relocate_1",
            "relocate_5",
            "rrelocate_3",
            "rrelocate_4",
            "move_all_by_1",
            "move_all_by_2"
        ],
        "perturbation": [
            "random_double_bridge"
        ],
        "stop_on_feasible": true,
        "timeout": 10
    },
    "histogram": {
        "all": {
            "centered_exchange_1": 18,
            "exchange_1_2": 18,
            "exchange_2_2": 18,
            "exchange_3_3": 18,
            "exchange_3_4": 18,
            "exchange_4_4": 18,
            "exchange_ids": 18,
            "insert_1": 18,
            "move_all_by_1": 18,
            "move_all_by_2": 17,
            "relocate_1": 18,
            "relocate_5": 18,
            "remove_1": 18,
            "rexchange_2_2": 18,
            "rexchange_2_3": 18,
            "rexchange_4_4": 18,
            "rrelocate_3": 18,
            "rrelocate_4": 18,
            "two_opt": 18
        },
        "improving": {
            "centered_exchange_1": 10,
            "exchange_1_2": 13,
            "exchange_2_2": 7,
            "exchange_3_3": 4,
            "exchange_3_4": 3,
            "exchange_4_4": 4,
            "exchange_ids": 13,
            "insert_1": 0,
            "move_all_by_1": 10,
            "move_all_by_2": 7,
            "relocate_1": 17,
            "relocate_5": 6,
            "remove_1": 0,
            "rexchange_2_2": 8,
            "rexchange_2_3": 4,
            "rexchange_4_4": 6,
            "rrelocate_3": 13,
            "rrelocate_4": 10,
            "two_opt": 12
        },
        "rate": {
            "centered_exchange_1": 0.5555555820465088,
            "exchange_1_2": 0.7222222089767456,
            "exchange_2_2": 0.3888888955116272,
            "exchange_3_3": 0.2222222238779068,
            "exchange_3_4": 0.1666666716337204,
            "exchange_4_4": 0.2222222238779068,
            "exchange_ids": 0.7222222089767456,
            "insert_1": 0.0,
            "move_all_by_1": 0.5555555820465088,
            "move_all_by_2": 0.4117647111415863,
            "relocate_1": 0.9444444179534912,
            "relocate_5": 0.3333333432674408,
            "remove_1": 0.0,
            "rexchange_2_2": 0.4444444477558136,
            "rexchange_2_3": 0.2222222238779068,
            "rexchange_4_4": 0.3333333432674408,
            "rrelocate_3": 0.7222222089767456,
            "rrelocate_4": 0.5555555820465088,
            "two_opt": 0.6666666865348816
        }
    },
    "last_improvement": 5,
    "name": "random-100-28.00-52",
    "solution": {
        "fitness": 2528,
        "is_feasible": true,
        "permutation": [
            10,
            77,
            4,
            86,
            5,
            78,
            98,
            3,
            28,
            33,
            59,
            72,
            68,
            97,
            46,
            66,
            39,
            19,
            64,
            24,
            23,
            15,
            57,
            65,
            13,
            29,
            9,
            34,
            70,
            49,
            93,
            32,
            27,
            63,
            84,
            44,
            11,
            17,
            50,
            80,
            53,
            18,
            42,
            30,
            36,
            16,
            74,
            87,
            54,
            73,
            91,
            22,
            56,
            7,
            76,
            62,
            47,
            35,
            99,
            69,
            58,
            8,
            48,
            41,
            92,
            37,
            38,
            45,
            88,
            90,
            82,
            40,
            20,
            25,
            89,
            81,
            6,
            67,
            95,
            79,
            51,
            83,
            0,
            60,
            21,
            94,
            71,
            31,
            26,
            1,
            61,
            2,
            14,
            52,
            55,
            12,
            85,
            96,
            43,
            75
        ],
        "permutation_orig_ids": [
            "11",
            "78",
            "5",
            "87",
            "6",
            "79",
            "99",
            "4",
            "29",
            "34",
            "60",
            "73",
            "69",
            "98",
            "47",
            "67",
            "40",
            "20",
            "65",
            "25",
            "24",
            "16",
            "58",
            "66",
            "14",
            "30",
            "10",
            "35",
            "71",
            "50",
            "94",
            "33",
            "28",
            "64",
            "85",
            "45",
            "12",
            "18",
            "51",
            "81",
            "54",
            "19",
            "43",
            "31",
            "37",
            "17",
            "75",
            "88",
            "55",
            "74",
            "92",
            "23",
            "57",
            "8",
            "77",
            "63",
            "48",
            "36",
            "100",
            "70",
            "59",
            "9",
            "49",
            "42",
            "93",
            "38",
            "39",
            "46",
            "89",
            "91",
            "83",
            "41",
            "21",
            "26",
            "90",
            "82",
            "7",
            "68",
            "96",
            "80",
            "52",
            "84",
            "1",
            "61",
            "22",
            "95",
            "72",
            "32",
            "27",
            "2",
            "62",
            "3",
            "15",
            "53",
            "56",
            "13",
            "86",
            "97",
            "44",
            "76"
        ]
    },
    "steps": {
        "0": 2003691,
        "1": 3255,
        "2": 3084,
        "3": 2884,
        "4": 2589,
        "5": 2528
    },
    "timeout": 10
}