{
    "config": {
        "allow_infeasible": true,
        "construction": "random_replicate",
        "ils_k": 6,
        "local_search": "CVND",
        "metaheuristic": "ILS",
        "num_threads": 8,
        "operators": [
            "insert_1",
            "remove_1",
            "two_opt",
            "exchange_ids",
            "exchange_1_2",
            "exchange_2_2",
            "exchange_3_3",
            "exchange_3_4",
            "exchange_4_4",
            "rexchange_2_2",
            "rexchange_2_3",
            "rexchange_4_4",
            "centered_exchange_1",
            "relocate_1",
            "relocate_5",
            "rrelocate_3",
            "rrelocate_4",
            "move_all_by_1",
            "move_all_by_2"
        ],
        "perturbation": [
            "random_double_bridge"
        ],
        "stop_on_feasible": true,
        "timeout": 10
    },
    "histogram": {
        "all": {
            "centered_exchange_1": 27,
            "exchange_1_2": 28,
            "exchange_2_2": 27,
            "exchange_3_3": 27,
            "exchange_3_4": 27,
            "exchange_4_4": 27,
            "exchange_ids": 28,
            "insert_1": 28,
            "move_all_by_1": 22,
            "move_all_by_2": 22,
            "relocate_1": 24,
            "relocate_5": 24,
            "remove_1": 28,
            "rexchange_2_2": 27,
            "rexchange_2_3": 27,
            "rexchange_4_4": 27,
            "rrelocate_3": 23,
            "rrelocate_4": 23,
            "two_opt": 28
        },
        "improving": {
            "centered_exchange_1": 11,
            "exchange_1_2": 16,
            "exchange_2_2": 9,
            "exchange_3_3": 8,
            "exchange_3_4": 7,
            "exchange_4_4": 6,
            "exchange_ids": 14,
            "insert_1": 0,
            "move_all_by_1": 12,
            "move_all_by_2": 9,
            "relocate_1": 22,
            "relocate_5": 13,
            "remove_1": 0,
            "rexchange_2_2": 11,
            "rexchange_2_3": 11,
            "rexchange_4_4": 7,
            "rrelocate_3": 16,
            "rrelocate_4": 13,
            "two_opt": 18
        },
        "rate": {
            "centered_exchange_1": 0.40740740299224854,
            "exchange_1_2": 0.5714285969734192,
            "exchange_2_2": 0.3333333432674408,
            "exchange_3_3": 0.29629629850387573,
            "exchange_3_4": 0.25925925374031067,
            "exchange_4_4": 0.2222222238779068,
            "exchange_ids": 0.5,
            "insert_1": 0.0,
            "move_all_by_1": 0.5454545617103577,
            "move_all_by_2": 0.40909090638160706,
            "relocate_1": 0.9166666865348816,
            "relocate_5": 0.5416666865348816,
            "remove_1": 0.0,
            "rexchange_2_2": 0.40740740299224854,
            "rexchange_2_3": 0.40740740299224854,
            "rexchange_4_4": 0.25925925374031067,
            "rrelocate_3": 0.695652186870575,
            "rrelocate_4": 0.5652173757553101,
            "two_opt": 0.6428571343421936
        }
    },
    "last_improvement": 9,
    "name": "random-100-12.00-76",
    "solution": {
        "fitness": 3002610,
        "is_feasible": false,
        "permutation": [
            17,
            36,
            18,
            10,
            98,
            94,
            65,
            33,
            61,
            7,
            50,
            23,
            80,
            47,
            37,
            26,
            81,
            87,
            95,
            84,
            72,
            43,
            35,
            11,
            77,
            34,
            4,
            59,
            89,
            6,
            71,
            90,
            70,
            29,
            58,
            0,
            86,
            93,
            69,
            52,
            15,
            79,
            85,
            88,
            60,
            66,
            40,
            22,
            8,
            1,
            2,
            53,
            54,
            48,
            19,
            63,
            46,
            62,
            25,
            14,
            64,
            78,
            91,
            57,
            99,
            96,
            16,
            12,
            32,
            28,
            38,
            56,
            41,
            73,
            3,
            44,
            27,
            49,
            55,
            68,
            92,
            67,
            31,
            5,
            74,
            97,
            75,
            30,
            51,
            20,
            82,
            42,
            9,
            21,
            45,
            39,
            76,
            13,
            83,
            24
        ],
        "permutation_orig_ids": [
            "18",
            "37",
            "19",
            "11",
            "99",
            "95",
            "66",
            "34",
            "62",
            "8",
            "51",
            "24",
            "81",
            "48",
            "38",
            "27",
            "82",
            "88",
            "96",
            "85",
            "73",
            "44",
            "36",
            "12",
            "78",
            "35",
            "5",
            "60",
            "90",
            "7",
            "72",
            "91",
            "71",
            "30",
            "59",
            "1",
            "87",
            "94",
            "70",
            "53",
            "16",
            "80",
            "86",
            "89",
            "61",
            "67",
            "41",
            "23",
            "9",
            "2",
            "3",
            "54",
            "55",
            "49",
            "20",
            "64",
            "47",
            "63",
            "26",
            "15",
            "65",
            "79",
            "92",
            "58",
            "100",
            "97",
            "17",
            "13",
            "33",
            "29",
            "39",
            "57",
            "42",
            "74",
            "4",
            "45",
            "28",
            "50",
            "56",
            "69",
            "93",
            "68",
            "32",
            "6",
            "75",
            "98",
            "76",
            "31",
            "52",
            "21",
            "83",
            "43",
            "10",
            "22",
            "46",
            "40",
            "77",
            "14",
            "84",
            "25"
        ]
    },
    "steps": {
        "0": 9003371,
        "1": 6003103,
        "2": 4003067,
        "3": 3003081,
        "4": 3003080,
        "5": 3003072,
        "7": 3002641,
        "8": 3002618,
        "9": 3002610
    },
    "timeout": 10
}