{
    "config": {
        "allow_infeasible": true,
        "construction": "random_replicate",
        "ils_k": 6,
        "local_search": "CVND",
        "metaheuristic": "ILS",
        "num_threads": 8,
        "operators": [
            "insert_1",
            "remove_1",
            "two_opt",
            "exchange_ids",
            "exchange_1_2",
            "exchange_2_2",
            "exchange_3_3",
            "exchange_3_4",
            "exchange_4_4",
            "rexchange_2_2",
            "rexchange_2_3",
            "rexchange_4_4",
            "centered_exchange_1",
            "relocate_1",
            "relocate_5",
            "rrelocate_3",
            "rrelocate_4",
            "move_all_by_1",
            "move_all_by_2"
        ],
        "perturbation": [
            "random_double_bridge"
        ],
        "stop_on_feasible": true,
        "timeout": 10
    },
    "histogram": {
        "all": {
            "centered_exchange_1": 27,
            "exchange_1_2": 28,
            "exchange_2_2": 28,
            "exchange_3_3": 28,
            "exchange_3_4": 28,
            "exchange_4_4": 28,
            "exchange_ids": 28,
            "insert_1": 28,
            "move_all_by_1": 22,
            "move_all_by_2": 22,
            "relocate_1": 22,
            "relocate_5": 22,
            "remove_1": 28,
            "rexchange_2_2": 28,
            "rexchange_2_3": 28,
            "rexchange_4_4": 27,
            "rrelocate_3": 22,
            "rrelocate_4": 22,
            "two_opt": 28
        },
        "improving": {
            "centered_exchange_1": 11,
            "exchange_1_2": 18,
            "exchange_2_2": 10,
            "exchange_3_3": 12,
            "exchange_3_4": 7,
            "exchange_4_4": 6,
            "exchange_ids": 17,
            "insert_1": 0,
            "move_all_by_1": 14,
            "move_all_by_2": 11,
            "relocate_1": 22,
            "relocate_5": 6,
            "remove_1": 0,
            "rexchange_2_2": 11,
            "rexchange_2_3": 10,
            "rexchange_4_4": 2,
            "rrelocate_3": 13,
            "rrelocate_4": 12,
            "two_opt": 18
        },
        "rate": {
            "centered_exchange_1": 0.40740740299224854,
            "exchange_1_2": 0.6428571343421936,
            "exchange_2_2": 0.3571428656578064,
            "exchange_3_3": 0.4285714328289032,
            "exchange_3_4": 0.25,
            "exchange_4_4": 0.2142857164144516,
            "exchange_ids": 0.6071428656578064,
            "insert_1": 0.0,
            "move_all_by_1": 0.6363636255264282,
            "move_all_by_2": 0.5,
            "relocate_1": 1.0,
            "relocate_5": 0.27272728085517883,
            "remove_1": 0.0,
            "rexchange_2_2": 0.3928571343421936,
            "rexchange_2_3": 0.3571428656578064,
            "rexchange_4_4": 0.07407407462596893,
            "rrelocate_3": 0.5909090638160706,
            "rrelocate_4": 0.5454545617103577,
            "two_opt": 0.6428571343421936
        }
    },
    "last_improvement": 10,
    "name": "random-100-13.00-17",
    "solution": {
        "fitness": 4003087,
        "is_feasible": false,
        "permutation": [
            10,
            1,
            59,
            8,
            90,
            7,
            16,
            28,
            2,
            55,
            23,
            17,
            31,
            46,
            58,
            91,
            97,
            81,
            3,
            41,
            80,
            26,
            22,
            44,
            66,
            84,
            82,
            12,
            94,
            29,
            35,
            72,
            27,
            38,
            75,
            61,
            5,
            77,
            95,
            49,
            57,
            37,
            39,
            86,
            74,
            51,
            40,
            21,
            32,
            89,
            83,
            34,
            67,
            25,
            92,
            50,
            99,
            45,
            54,
            20,
            71,
            24,
            70,
            36,
            53,
            63,
            62,
            30,
            96,
            18,
            60,
            48,
            88,
            87,
            64,
            47,
            68,
            98,
            56,
            6,
            13,
            14,
            0,
            69,
            43,
            15,
            42,
            73,
            76,
            93,
            33,
            9,
            78,
            85,
            19,
            4,
            52,
            11,
            79,
            65
        ],
        "permutation_orig_ids": [
            "11",
            "2",
            "60",
            "9",
            "91",
            "8",
            "17",
            "29",
            "3",
            "56",
            "24",
            "18",
            "32",
            "47",
            "59",
            "92",
            "98",
            "82",
            "4",
            "42",
            "81",
            "27",
            "23",
            "45",
            "67",
            "85",
            "83",
            "13",
            "95",
            "30",
            "36",
            "73",
            "28",
            "39",
            "76",
            "62",
            "6",
            "78",
            "96",
            "50",
            "58",
            "38",
            "40",
            "87",
            "75",
            "52",
            "41",
            "22",
            "33",
            "90",
            "84",
            "35",
            "68",
            "26",
            "93",
            "51",
            "100",
            "46",
            "55",
            "21",
            "72",
            "25",
            "71",
            "37",
            "54",
            "64",
            "63",
            "31",
            "97",
            "19",
            "61",
            "49",
            "89",
            "88",
            "65",
            "48",
            "69",
            "99",
            "57",
            "7",
            "14",
            "15",
            "1",
            "70",
            "44",
            "16",
            "43",
            "74",
            "77",
            "94",
            "34",
            "10",
            "79",
            "86",
            "20",
            "5",
            "53",
            "12",
            "80",
            "66"
        ]
    },
    "steps": {
        "0": 12003185,
        "1": 7003059,
        "10": 4003087,
        "2": 6002711,
        "3": 5002792,
        "4": 5002721,
        "5": 5002717,
        "6": 5002680,
        "9": 4003235
    },
    "timeout": 10
}