{
    "config": {
        "allow_infeasible": true,
        "construction": "random_replicate",
        "ils_k": 6,
        "local_search": "CVND",
        "metaheuristic": "ILS",
        "num_threads": 8,
        "operators": [
            "insert_1",
            "remove_1",
            "two_opt",
            "exchange_ids",
            "exchange_1_2",
            "exchange_2_2",
            "exchange_3_3",
            "exchange_3_4",
            "exchange_4_4",
            "rexchange_2_2",
            "rexchange_2_3",
            "rexchange_4_4",
            "centered_exchange_1",
            "relocate_1",
            "relocate_5",
            "rrelocate_3",
            "rrelocate_4",
            "move_all_by_1",
            "move_all_by_2"
        ],
        "perturbation": [
            "random_double_bridge"
        ],
        "stop_on_feasible": true,
        "timeout": 10
    },
    "histogram": {
        "all": {
            "centered_exchange_1": 30,
            "exchange_1_2": 30,
            "exchange_2_2": 30,
            "exchange_3_3": 30,
            "exchange_3_4": 30,
            "exchange_4_4": 30,
            "exchange_ids": 31,
            "insert_1": 31,
            "move_all_by_1": 25,
            "move_all_by_2": 24,
            "relocate_1": 25,
            "relocate_5": 25,
            "remove_1": 31,
            "rexchange_2_2": 30,
            "rexchange_2_3": 30,
            "rexchange_4_4": 30,
            "rrelocate_3": 25,
            "rrelocate_4": 25,
            "two_opt": 31
        },
        "improving": {
            "centered_exchange_1": 7,
            "exchange_1_2": 14,
            "exchange_2_2": 11,
            "exchange_3_3": 8,
            "exchange_3_4": 8,
            "exchange_4_4": 4,
            "exchange_ids": 19,
            "insert_1": 0,
            "move_all_by_1": 11,
            "move_all_by_2": 9,
            "relocate_1": 24,
            "relocate_5": 7,
            "remove_1": 0,
            "rexchange_2_2": 10,
            "rexchange_2_3": 11,
            "rexchange_4_4": 6,
            "rrelocate_3": 13,
            "rrelocate_4": 8,
            "two_opt": 19
        },
        "rate": {
            "centered_exchange_1": 0.23333333432674408,
            "exchange_1_2": 0.46666666865348816,
            "exchange_2_2": 0.36666667461395264,
            "exchange_3_3": 0.2666666805744171,
            "exchange_3_4": 0.2666666805744171,
            "exchange_4_4": 0.13333334028720856,
            "exchange_ids": 0.6129032373428345,
            "insert_1": 0.0,
            "move_all_by_1": 0.4399999976158142,
            "move_all_by_2": 0.375,
            "relocate_1": 0.9599999785423279,
            "relocate_5": 0.2800000011920929,
            "remove_1": 0.0,
            "rexchange_2_2": 0.3333333432674408,
            "rexchange_2_3": 0.36666667461395264,
            "rexchange_4_4": 0.20000000298023224,
            "rrelocate_3": 0.5199999809265137,
            "rrelocate_4": 0.3199999928474426,
            "two_opt": 0.6129032373428345
        }
    },
    "last_improvement": 10,
    "name": "random-100-22.00-38",
    "solution": {
        "fitness": 4002733,
        "is_feasible": false,
        "permutation": [
            95,
            23,
            39,
            42,
            97,
            82,
            34,
            96,
            90,
            9,
            80,
            26,
            57,
            64,
            56,
            91,
            33,
            55,
            24,
            86,
            69,
            6,
            22,
            52,
            0,
            76,
            60,
            29,
            1,
            50,
            19,
            3,
            8,
            40,
            38,
            4,
            92,
            71,
            11,
            93,
            46,
            36,
            20,
            62,
            94,
            32,
            43,
            53,
            88,
            59,
            99,
            74,
            28,
            12,
            47,
            17,
            18,
            87,
            37,
            85,
            13,
            15,
            63,
            77,
            41,
            35,
            48,
            30,
            27,
            25,
            78,
            7,
            5,
            2,
            81,
            72,
            14,
            68,
            98,
            61,
            16,
            75,
            79,
            84,
            73,
            67,
            70,
            51,
            31,
            89,
            45,
            21,
            10,
            54,
            66,
            49,
            44,
            58,
            65,
            83
        ],
        "permutation_orig_ids": [
            "96",
            "24",
            "40",
            "43",
            "98",
            "83",
            "35",
            "97",
            "91",
            "10",
            "81",
            "27",
            "58",
            "65",
            "57",
            "92",
            "34",
            "56",
            "25",
            "87",
            "70",
            "7",
            "23",
            "53",
            "1",
            "77",
            "61",
            "30",
            "2",
            "51",
            "20",
            "4",
            "9",
            "41",
            "39",
            "5",
            "93",
            "72",
            "12",
            "94",
            "47",
            "37",
            "21",
            "63",
            "95",
            "33",
            "44",
            "54",
            "89",
            "60",
            "100",
            "75",
            "29",
            "13",
            "48",
            "18",
            "19",
            "88",
            "38",
            "86",
            "14",
            "16",
            "64",
            "78",
            "42",
            "36",
            "49",
            "31",
            "28",
            "26",
            "79",
            "8",
            "6",
            "3",
            "82",
            "73",
            "15",
            "69",
            "99",
            "62",
            "17",
            "76",
            "80",
            "85",
            "74",
            "68",
            "71",
            "52",
            "32",
            "90",
            "46",
            "22",
            "11",
            "55",
            "67",
            "50",
            "45",
            "59",
            "66",
            "84"
        ]
    },
    "steps": {
        "0": 10003434,
        "1": 6003017,
        "10": 4002733,
        "2": 5002907,
        "3": 5002838,
        "4": 5002822,
        "5": 5002762,
        "7": 5002722,
        "8": 5002635,
        "9": 4002747
    },
    "timeout": 10
}