{
    "config": {
        "allow_infeasible": true,
        "construction": "random_replicate",
        "ils_k": 6,
        "local_search": "CVND",
        "metaheuristic": "ILS",
        "num_threads": 8,
        "operators": [
            "insert_1",
            "remove_1",
            "two_opt",
            "exchange_ids",
            "exchange_1_2",
            "exchange_2_2",
            "exchange_3_3",
            "exchange_3_4",
            "exchange_4_4",
            "rexchange_2_2",
            "rexchange_2_3",
            "rexchange_4_4",
            "centered_exchange_1",
            "relocate_1",
            "relocate_5",
            "rrelocate_3",
            "rrelocate_4",
            "move_all_by_1",
            "move_all_by_2"
        ],
        "perturbation": [
            "random_double_bridge"
        ],
        "stop_on_feasible": true,
        "timeout": 10
    },
    "histogram": {
        "all": {
            "centered_exchange_1": 35,
            "exchange_1_2": 36,
            "exchange_2_2": 35,
            "exchange_3_3": 35,
            "exchange_3_4": 35,
            "exchange_4_4": 35,
            "exchange_ids": 37,
            "insert_1": 37,
            "move_all_by_1": 31,
            "move_all_by_2": 30,
            "relocate_1": 32,
            "relocate_5": 32,
            "remove_1": 37,
            "rexchange_2_2": 35,
            "rexchange_2_3": 35,
            "rexchange_4_4": 35,
            "rrelocate_3": 32,
            "rrelocate_4": 31,
            "two_opt": 37
        },
        "improving": {
            "centered_exchange_1": 12,
            "exchange_1_2": 20,
            "exchange_2_2": 11,
            "exchange_3_3": 9,
            "exchange_3_4": 10,
            "exchange_4_4": 7,
            "exchange_ids": 21,
            "insert_1": 0,
            "move_all_by_1": 16,
            "move_all_by_2": 14,
            "relocate_1": 29,
            "relocate_5": 17,
            "remove_1": 0,
            "rexchange_2_2": 13,
            "rexchange_2_3": 14,
            "rexchange_4_4": 12,
            "rrelocate_3": 15,
            "rrelocate_4": 19,
            "two_opt": 23
        },
        "rate": {
            "centered_exchange_1": 0.34285715222358704,
            "exchange_1_2": 0.5555555820465088,
            "exchange_2_2": 0.3142857253551483,
            "exchange_3_3": 0.2571428716182709,
            "exchange_3_4": 0.2857142984867096,
            "exchange_4_4": 0.20000000298023224,
            "exchange_ids": 0.5675675868988037,
            "insert_1": 0.0,
            "move_all_by_1": 0.5161290168762207,
            "move_all_by_2": 0.46666666865348816,
            "relocate_1": 0.90625,
            "relocate_5": 0.53125,
            "remove_1": 0.0,
            "rexchange_2_2": 0.37142857909202576,
            "rexchange_2_3": 0.4000000059604645,
            "rexchange_4_4": 0.34285715222358704,
            "rrelocate_3": 0.46875,
            "rrelocate_4": 0.6129032373428345,
            "two_opt": 0.6216216087341309
        }
    },
    "last_improvement": 8,
    "name": "random-100-29.00-28",
    "solution": {
        "fitness": 1002399,
        "is_feasible": false,
        "permutation": [
            19,
            78,
            88,
            43,
            90,
            83,
            96,
            9,
            17,
            79,
            25,
            94,
            35,
            92,
            20,
            18,
            71,
            74,
            59,
            80,
            31,
            45,
            69,
            13,
            76,
            52,
            11,
            84,
            6,
            22,
            93,
            81,
            42,
            82,
            72,
            0,
            86,
            32,
            56,
            12,
            89,
            62,
            39,
            26,
            40,
            47,
            46,
            54,
            10,
            16,
            50,
            67,
            61,
            99,
            57,
            70,
            55,
            38,
            21,
            53,
            41,
            7,
            5,
            14,
            33,
            85,
            29,
            75,
            23,
            77,
            3,
            44,
            91,
            24,
            60,
            8,
            1,
            64,
            68,
            51,
            73,
            49,
            97,
            63,
            87,
            37,
            28,
            66,
            58,
            2,
            65,
            98,
            36,
            27,
            95,
            15,
            34,
            48,
            30,
            4
        ],
        "permutation_orig_ids": [
            "20",
            "79",
            "89",
            "44",
            "91",
            "84",
            "97",
            "10",
            "18",
            "80",
            "26",
            "95",
            "36",
            "93",
            "21",
            "19",
            "72",
            "75",
            "60",
            "81",
            "32",
            "46",
            "70",
            "14",
            "77",
            "53",
            "12",
            "85",
            "7",
            "23",
            "94",
            "82",
            "43",
            "83",
            "73",
            "1",
            "87",
            "33",
            "57",
            "13",
            "90",
            "63",
            "40",
            "27",
            "41",
            "48",
            "47",
            "55",
            "11",
            "17",
            "51",
            "68",
            "62",
            "100",
            "58",
            "71",
            "56",
            "39",
            "22",
            "54",
            "42",
            "8",
            "6",
            "15",
            "34",
            "86",
            "30",
            "76",
            "24",
            "78",
            "4",
            "45",
            "92",
            "25",
            "61",
            "9",
            "2",
            "65",
            "69",
            "52",
            "74",
            "50",
            "98",
            "64",
            "88",
            "38",
            "29",
            "67",
            "59",
            "3",
            "66",
            "99",
            "37",
            "28",
            "96",
            "16",
            "35",
            "49",
            "31",
            "5"
        ]
    },
    "steps": {
        "0": 2003462,
        "1": 1002912,
        "2": 1002875,
        "3": 1002617,
        "4": 1002594,
        "5": 1002563,
        "6": 1002409,
        "8": 1002399
    },
    "timeout": 10
}