{
    "config": {
        "allow_infeasible": true,
        "construction": "random_replicate",
        "ils_k": 6,
        "local_search": "CVND",
        "metaheuristic": "ILS",
        "num_threads": 8,
        "operators": [
            "insert_1",
            "remove_1",
            "two_opt",
            "exchange_ids",
            "exchange_1_2",
            "exchange_2_2",
            "exchange_3_3",
            "exchange_3_4",
            "exchange_4_4",
            "rexchange_2_2",
            "rexchange_2_3",
            "rexchange_4_4",
            "centered_exchange_1",
            "relocate_1",
            "relocate_5",
            "rrelocate_3",
            "rrelocate_4",
            "move_all_by_1",
            "move_all_by_2"
        ],
        "perturbation": [
            "random_double_bridge"
        ],
        "stop_on_feasible": true,
        "timeout": 10
    },
    "histogram": {
        "all": {
            "centered_exchange_1": 28,
            "exchange_1_2": 29,
            "exchange_2_2": 28,
            "exchange_3_3": 28,
            "exchange_3_4": 28,
            "exchange_4_4": 28,
            "exchange_ids": 29,
            "insert_1": 29,
            "move_all_by_1": 24,
            "move_all_by_2": 24,
            "relocate_1": 24,
            "relocate_5": 24,
            "remove_1": 29,
            "rexchange_2_2": 28,
            "rexchange_2_3": 28,
            "rexchange_4_4": 28,
            "rrelocate_3": 24,
            "rrelocate_4": 24,
            "two_opt": 29
        },
        "improving": {
            "centered_exchange_1": 8,
            "exchange_1_2": 17,
            "exchange_2_2": 10,
            "exchange_3_3": 5,
            "exchange_3_4": 7,
            "exchange_4_4": 8,
            "exchange_ids": 16,
            "insert_1": 0,
            "move_all_by_1": 15,
            "move_all_by_2": 9,
            "relocate_1": 24,
            "relocate_5": 14,
            "remove_1": 0,
            "rexchange_2_2": 12,
            "rexchange_2_3": 11,
            "rexchange_4_4": 8,
            "rrelocate_3": 13,
            "rrelocate_4": 11,
            "two_opt": 18
        },
        "rate": {
            "centered_exchange_1": 0.2857142984867096,
            "exchange_1_2": 0.5862069129943848,
            "exchange_2_2": 0.3571428656578064,
            "exchange_3_3": 0.1785714328289032,
            "exchange_3_4": 0.25,
            "exchange_4_4": 0.2857142984867096,
            "exchange_ids": 0.5517241358757019,
            "insert_1": 0.0,
            "move_all_by_1": 0.625,
            "move_all_by_2": 0.375,
            "relocate_1": 1.0,
            "relocate_5": 0.5833333134651184,
            "remove_1": 0.0,
            "rexchange_2_2": 0.4285714328289032,
            "rexchange_2_3": 0.3928571343421936,
            "rexchange_4_4": 0.2857142984867096,
            "rrelocate_3": 0.5416666865348816,
            "rrelocate_4": 0.4583333432674408,
            "two_opt": 0.6206896305084229
        }
    },
    "last_improvement": 10,
    "name": "random-100-19.00-59",
    "solution": {
        "fitness": 3002598,
        "is_feasible": false,
        "permutation": [
            58,
            87,
            98,
            76,
            11,
            50,
            8,
            10,
            52,
            71,
            59,
            94,
            7,
            79,
            45,
            6,
            36,
            62,
            69,
            48,
            31,
            54,
            64,
            14,
            23,
            27,
            16,
            78,
            97,
            95,
            39,
            18,
            90,
            3,
            72,
            83,
            1,
            19,
            63,
            96,
            91,
            42,
            13,
            51,
            66,
            68,
            57,
            67,
            92,
            56,
            53,
            24,
            25,
            80,
            38,
            30,
            37,
            70,
            34,
            99,
            93,
            32,
            40,
            12,
            82,
            35,
            47,
            46,
            0,
            77,
            43,
            49,
            15,
            17,
            29,
            41,
            4,
            74,
            33,
            55,
            22,
            2,
            5,
            85,
            26,
            65,
            20,
            89,
            88,
            81,
            28,
            86,
            60,
            61,
            9,
            21,
            84,
            75,
            44,
            73
        ],
        "permutation_orig_ids": [
            "59",
            "88",
            "99",
            "77",
            "12",
            "51",
            "9",
            "11",
            "53",
            "72",
            "60",
            "95",
            "8",
            "80",
            "46",
            "7",
            "37",
            "63",
            "70",
            "49",
            "32",
            "55",
            "65",
            "15",
            "24",
            "28",
            "17",
            "79",
            "98",
            "96",
            "40",
            "19",
            "91",
            "4",
            "73",
            "84",
            "2",
            "20",
            "64",
            "97",
            "92",
            "43",
            "14",
            "52",
            "67",
            "69",
            "58",
            "68",
            "93",
            "57",
            "54",
            "25",
            "26",
            "81",
            "39",
            "31",
            "38",
            "71",
            "35",
            "100",
            "94",
            "33",
            "41",
            "13",
            "83",
            "36",
            "48",
            "47",
            "1",
            "78",
            "44",
            "50",
            "16",
            "18",
            "30",
            "42",
            "5",
            "75",
            "34",
            "56",
            "23",
            "3",
            "6",
            "86",
            "27",
            "66",
            "21",
            "90",
            "89",
            "82",
            "29",
            "87",
            "61",
            "62",
            "10",
            "22",
            "85",
            "76",
            "45",
            "74"
        ]
    },
    "steps": {
        "0": 11003246,
        "1": 6002895,
        "10": 3002598,
        "2": 5002750,
        "3": 4002700,
        "4": 4002625,
        "6": 4002601,
        "7": 4002592,
        "8": 3002768,
        "9": 3002651
    },
    "timeout": 10
}