{
    "config": {
        "allow_infeasible": true,
        "construction": "random_replicate",
        "ils_k": 6,
        "local_search": "CVND",
        "metaheuristic": "ILS",
        "num_threads": 8,
        "operators": [
            "insert_1",
            "remove_1",
            "two_opt",
            "exchange_ids",
            "exchange_1_2",
            "exchange_2_2",
            "exchange_3_3",
            "exchange_3_4",
            "exchange_4_4",
            "rexchange_2_2",
            "rexchange_2_3",
            "rexchange_4_4",
            "centered_exchange_1",
            "relocate_1",
            "relocate_5",
            "rrelocate_3",
            "rrelocate_4",
            "move_all_by_1",
            "move_all_by_2"
        ],
        "perturbation": [
            "random_double_bridge"
        ],
        "stop_on_feasible": true,
        "timeout": 10
    },
    "histogram": {
        "all": {
            "centered_exchange_1": 37,
            "exchange_1_2": 38,
            "exchange_2_2": 38,
            "exchange_3_3": 37,
            "exchange_3_4": 37,
            "exchange_4_4": 37,
            "exchange_ids": 38,
            "insert_1": 39,
            "move_all_by_1": 31,
            "move_all_by_2": 31,
            "relocate_1": 32,
            "relocate_5": 32,
            "remove_1": 39,
            "rexchange_2_2": 37,
            "rexchange_2_3": 37,
            "rexchange_4_4": 37,
            "rrelocate_3": 31,
            "rrelocate_4": 31,
            "two_opt": 38
        },
        "improving": {
            "centered_exchange_1": 9,
            "exchange_1_2": 17,
            "exchange_2_2": 11,
            "exchange_3_3": 6,
            "exchange_3_4": 8,
            "exchange_4_4": 4,
            "exchange_ids": 21,
            "insert_1": 0,
            "move_all_by_1": 13,
            "move_all_by_2": 8,
            "relocate_1": 30,
            "relocate_5": 13,
            "remove_1": 0,
            "rexchange_2_2": 14,
            "rexchange_2_3": 11,
            "rexchange_4_4": 9,
            "rrelocate_3": 17,
            "rrelocate_4": 13,
            "two_opt": 21
        },
        "rate": {
            "centered_exchange_1": 0.2432432472705841,
            "exchange_1_2": 0.44736841320991516,
            "exchange_2_2": 0.28947368264198303,
            "exchange_3_3": 0.1621621549129486,
            "exchange_3_4": 0.21621622145175934,
            "exchange_4_4": 0.10810811072587967,
            "exchange_ids": 0.5526315569877625,
            "insert_1": 0.0,
            "move_all_by_1": 0.4193548262119293,
            "move_all_by_2": 0.25806450843811035,
            "relocate_1": 0.9375,
            "relocate_5": 0.40625,
            "remove_1": 0.0,
            "rexchange_2_2": 0.37837839126586914,
            "rexchange_2_3": 0.29729729890823364,
            "rexchange_4_4": 0.2432432472705841,
            "rrelocate_3": 0.5483871102333069,
            "rrelocate_4": 0.4193548262119293,
            "two_opt": 0.5526315569877625
        }
    },
    "last_improvement": 10,
    "name": "random-100-31.00-86",
    "solution": {
        "fitness": 1002193,
        "is_feasible": false,
        "permutation": [
            14,
            43,
            83,
            51,
            40,
            89,
            54,
            31,
            35,
            81,
            6,
            12,
            24,
            13,
            8,
            36,
            42,
            82,
            17,
            22,
            1,
            95,
            76,
            50,
            86,
            61,
            34,
            53,
            38,
            70,
            55,
            97,
            48,
            27,
            16,
            45,
            39,
            26,
            87,
            0,
            84,
            98,
            92,
            29,
            72,
            91,
            10,
            9,
            32,
            59,
            47,
            25,
            78,
            90,
            23,
            73,
            64,
            30,
            19,
            63,
            2,
            69,
            57,
            56,
            28,
            4,
            52,
            62,
            96,
            44,
            79,
            46,
            93,
            66,
            18,
            99,
            67,
            65,
            88,
            77,
            20,
            68,
            49,
            21,
            5,
            80,
            58,
            15,
            94,
            74,
            41,
            75,
            37,
            33,
            11,
            85,
            7,
            71,
            3,
            60
        ],
        "permutation_orig_ids": [
            "15",
            "44",
            "84",
            "52",
            "41",
            "90",
            "55",
            "32",
            "36",
            "82",
            "7",
            "13",
            "25",
            "14",
            "9",
            "37",
            "43",
            "83",
            "18",
            "23",
            "2",
            "96",
            "77",
            "51",
            "87",
            "62",
            "35",
            "54",
            "39",
            "71",
            "56",
            "98",
            "49",
            "28",
            "17",
            "46",
            "40",
            "27",
            "88",
            "1",
            "85",
            "99",
            "93",
            "30",
            "73",
            "92",
            "11",
            "10",
            "33",
            "60",
            "48",
            "26",
            "79",
            "91",
            "24",
            "74",
            "65",
            "31",
            "20",
            "64",
            "3",
            "70",
            "58",
            "57",
            "29",
            "5",
            "53",
            "63",
            "97",
            "45",
            "80",
            "47",
            "94",
            "67",
            "19",
            "100",
            "68",
            "66",
            "89",
            "78",
            "21",
            "69",
            "50",
            "22",
            "6",
            "81",
            "59",
            "16",
            "95",
            "75",
            "42",
            "76",
            "38",
            "34",
            "12",
            "86",
            "8",
            "72",
            "4",
            "61"
        ]
    },
    "steps": {
        "0": 2003178,
        "1": 2002603,
        "10": 1002193,
        "2": 2002583,
        "3": 1002548,
        "4": 1002406,
        "5": 1002387,
        "6": 1002377,
        "8": 1002371,
        "9": 1002220
    },
    "timeout": 10
}