{
    "config": {
        "allow_infeasible": true,
        "construction": "random",
        "ils_k": 6,
        "local_search": "PVND",
        "metaheuristic": "ILS",
        "num_threads": 8,
        "operators": [
            "remove_1",
            "two_opt",
            "exchange_ids",
            "exchange_1_1",
            "exchange_2_2",
            "exchange_2_3",
            "exchange_2_4",
            "exchange_3_4",
            "rexchange_2_2",
            "rexchange_2_4",
            "rexchange_4_4",
            "centered_exchange_1",
            "centered_exchange_2",
            "centered_exchange_3",
            "centered_exchange_5",
            "relocate_3",
            "rrelocate_3",
            "move_all_by_1",
            "move_all_by_2",
            "move_all_by_3"
        ],
        "perturbation": [
            "random_move"
        ],
        "timeout": 600
    },
    "histogram": {
        "all": {
            "centered_exchange_1": 66647,
            "centered_exchange_2": 65007,
            "centered_exchange_3": 64968,
            "centered_exchange_5": 64967,
            "exchange_1_1": 65130,
            "exchange_2_2": 67698,
            "exchange_2_3": 65588,
            "exchange_2_4": 65273,
            "exchange_3_4": 65119,
            "exchange_ids": 690406,
            "move_all_by_1": 66359,
            "move_all_by_2": 68083,
            "move_all_by_3": 64127,
            "relocate_3": 65315,
            "remove_1": 114288,
            "rexchange_2_2": 66636,
            "rexchange_2_4": 65124,
            "rexchange_4_4": 65120,
            "rrelocate_3": 65967,
            "two_opt": 927843
        },
        "improving": {
            "centered_exchange_1": 1681,
            "centered_exchange_2": 41,
            "centered_exchange_3": 2,
            "centered_exchange_5": 1,
            "exchange_1_1": 0,
            "exchange_2_2": 2597,
            "exchange_2_3": 491,
            "exchange_2_4": 176,
            "exchange_3_4": 22,
            "exchange_ids": 625276,
            "move_all_by_1": 1524,
            "move_all_by_2": 5594,
            "move_all_by_3": 4822,
            "relocate_3": 361,
            "remove_1": 0,
            "rexchange_2_2": 1563,
            "rexchange_2_4": 51,
            "rexchange_4_4": 47,
            "rrelocate_3": 1029,
            "two_opt": 814102
        },
        "rate": {
            "centered_exchange_1": 0.02522244118154049,
            "centered_exchange_2": 0.0006307013100013137,
            "centered_exchange_3": 3.0784387490712106e-05,
            "centered_exchange_5": 1.5392430213978514e-05,
            "exchange_1_1": 0.0,
            "exchange_2_2": 0.03836154565215111,
            "exchange_2_3": 0.0074861254543066025,
            "exchange_2_4": 0.0026963676791638136,
            "exchange_3_4": 0.00033784302650019526,
            "exchange_ids": 0.9056642055511475,
            "move_all_by_1": 0.022965988144278526,
            "move_all_by_2": 0.08216441422700882,
            "move_all_by_3": 0.07519453763961792,
            "relocate_3": 0.005527060944586992,
            "remove_1": 0.0,
            "rexchange_2_2": 0.0234557893127203,
            "rexchange_2_4": 0.0007831214461475611,
            "rexchange_4_4": 0.0007217444945126772,
            "rrelocate_3": 0.015598708763718605,
            "two_opt": 0.8774135112762451
        }
    },
    "last_improvement": 2,
    "name": "qap-tai30b.dat",
    "solution": {
        "solution": {
            "fitness": 637117113,
            "is_feasible": true,
            "permutation": [
                3,
                7,
                10,
                14,
                16,
                19,
                20,
                4,
                13,
                29,
                1,
                12,
                5,
                28,
                9,
                25,
                26,
                23,
                27,
                21,
                11,
                8,
                6,
                22,
                18,
                17,
                24,
                15,
                0,
                2
            ]
        }
    },
    "steps": {
        "0": 638281306,
        "1": 637223549,
        "2": 637117113
    },
    "timeout": 600
}