{
    "config": {
        "allow_infeasible": true,
        "construction": "random_replicate",
        "ils_k": 6,
        "local_search": "CVND",
        "metaheuristic": "ILS",
        "num_threads": 8,
        "operators": [
            "insert_1",
            "remove_1",
            "two_opt",
            "exchange_ids",
            "exchange_1_2",
            "exchange_2_2",
            "exchange_3_3",
            "exchange_3_4",
            "exchange_4_4",
            "rexchange_2_2",
            "rexchange_2_3",
            "rexchange_4_4",
            "centered_exchange_1",
            "relocate_1",
            "relocate_5",
            "rrelocate_3",
            "rrelocate_4",
            "move_all_by_1",
            "move_all_by_2"
        ],
        "perturbation": [
            "random_double_bridge"
        ],
        "stop_on_feasible": true,
        "timeout": 40
    },
    "histogram": {
        "all": {
            "centered_exchange_1": 18,
            "exchange_1_2": 18,
            "exchange_2_2": 18,
            "exchange_3_3": 18,
            "exchange_3_4": 18,
            "exchange_4_4": 18,
            "exchange_ids": 18,
            "insert_1": 19,
            "move_all_by_1": 14,
            "move_all_by_2": 13,
            "relocate_1": 14,
            "relocate_5": 14,
            "remove_1": 19,
            "rexchange_2_2": 18,
            "rexchange_2_3": 18,
            "rexchange_4_4": 18,
            "rrelocate_3": 14,
            "rrelocate_4": 14,
            "two_opt": 19
        },
        "improving": {
            "centered_exchange_1": 1,
            "exchange_1_2": 9,
            "exchange_2_2": 2,
            "exchange_3_3": 2,
            "exchange_3_4": 1,
            "exchange_4_4": 1,
            "exchange_ids": 7,
            "insert_1": 0,
            "move_all_by_1": 5,
            "move_all_by_2": 2,
            "relocate_1": 13,
            "relocate_5": 1,
            "remove_1": 0,
            "rexchange_2_2": 5,
            "rexchange_2_3": 4,
            "rexchange_4_4": 2,
            "rrelocate_3": 3,
            "rrelocate_4": 3,
            "two_opt": 7
        },
        "rate": {
            "centered_exchange_1": 0.0555555559694767,
            "exchange_1_2": 0.5,
            "exchange_2_2": 0.1111111119389534,
            "exchange_3_3": 0.1111111119389534,
            "exchange_3_4": 0.0555555559694767,
            "exchange_4_4": 0.0555555559694767,
            "exchange_ids": 0.3888888955116272,
            "insert_1": 0.0,
            "move_all_by_1": 0.3571428656578064,
            "move_all_by_2": 0.1538461595773697,
            "relocate_1": 0.9285714030265808,
            "relocate_5": 0.0714285746216774,
            "remove_1": 0.0,
            "rexchange_2_2": 0.2777777910232544,
            "rexchange_2_3": 0.2222222238779068,
            "rexchange_4_4": 0.1111111119389534,
            "rrelocate_3": 0.2142857164144516,
            "rrelocate_4": 0.2142857164144516,
            "two_opt": 0.3684210479259491
        }
    },
    "last_improvement": 6,
    "name": "random-40-7.60-33",
    "solution": {
        "fitness": 2419,
        "is_feasible": true,
        "permutation": [
            24,
            2,
            22,
            17,
            15,
            38,
            21,
            12,
            29,
            13,
            10,
            23,
            39,
            36,
            14,
            4,
            8,
            1,
            16,
            33,
            25,
            34,
            9,
            35,
            32,
            0,
            19,
            27,
            20,
            26,
            37,
            7,
            28,
            31,
            18,
            6,
            11,
            30,
            5,
            3
        ],
        "permutation_orig_ids": [
            "25",
            "3",
            "23",
            "18",
            "16",
            "39",
            "22",
            "13",
            "30",
            "14",
            "11",
            "24",
            "40",
            "37",
            "15",
            "5",
            "9",
            "2",
            "17",
            "34",
            "26",
            "35",
            "10",
            "36",
            "33",
            "1",
            "20",
            "28",
            "21",
            "27",
            "38",
            "8",
            "29",
            "32",
            "19",
            "7",
            "12",
            "31",
            "6",
            "4"
        ],
        "walk_orig_ids": [
            "25",
            "3",
            "23",
            "18",
            "16",
            "25",
            "39",
            "22",
            "13",
            "30",
            "14",
            "11",
            "24",
            "40",
            "37",
            "15",
            "39",
            "38",
            "25",
            "5",
            "9",
            "2",
            "17",
            "20",
            "34",
            "26",
            "37",
            "40",
            "35",
            "24",
            "10",
            "36",
            "7",
            "33",
            "7",
            "1",
            "20",
            "34",
            "28",
            "21",
            "27",
            "38",
            "31",
            "6",
            "25",
            "11",
            "23",
            "3",
            "8",
            "3",
            "23",
            "14",
            "29",
            "14",
            "23",
            "3",
            "32",
            "19",
            "7",
            "19",
            "32",
            "3",
            "22",
            "12",
            "22",
            "3",
            "23",
            "35",
            "25",
            "6",
            "31",
            "6",
            "4",
            "6"
        ],
        "walk_processing": [
            true,
            true,
            true,
            true,
            true,
            false,
            true,
            true,
            true,
            true,
            true,
            true,
            true,
            true,
            true,
            true,
            false,
            false,
            false,
            true,
            true,
            true,
            true,
            false,
            true,
            true,
            false,
            false,
            true,
            false,
            true,
            true,
            false,
            true,
            false,
            true,
            true,
            false,
            true,
            true,
            true,
            true,
            false,
            false,
            false,
            false,
            false,
            false,
            true,
            false,
            false,
            false,
            true,
            false,
            false,
            false,
            true,
            true,
            true,
            false,
            false,
            false,
            false,
            true,
            false,
            false,
            false,
            false,
            false,
            false,
            true,
            true,
            true,
            false
        ]
    },
    "steps": {
        "0": 1001491,
        "1": 1001323,
        "2": 1001246,
        "3": 1001213,
        "4": 1001202,
        "5": 1001182,
        "6": 2419
    },
    "timeout": 40
}