{
    "config": {
        "allow_infeasible": true,
        "construction": "greedy",
        "ils_k": 8,
        "local_search": "RPVND",
        "metaheuristic": "ILS",
        "num_threads": 8,
        "operators": [
            "insert_1",
            "exchange_ids",
            "exchange_1_1",
            "rexchange_1_2",
            "rexchange_2_2",
            "rexchange_3_3",
            "centered_exchange_1",
            "centered_exchange_2",
            "centered_exchange_3",
            "centered_exchange_4",
            "relocate_3",
            "relocate_4",
            "move_all_by_1",
            "move_all_by_2",
            "move_all_by_4"
        ],
        "perturbation": [
            "random_swap"
        ],
        "timeout": 1800
    },
    "histogram": {
        "all": {
            "centered_exchange_1": 4287,
            "centered_exchange_2": 3818,
            "centered_exchange_3": 3775,
            "centered_exchange_4": 3770,
            "exchange_1_1": 17628,
            "exchange_ids": 3855,
            "insert_1": 3770,
            "move_all_by_1": 3769,
            "move_all_by_2": 3769,
            "move_all_by_4": 3769,
            "relocate_3": 3946,
            "relocate_4": 3820,
            "rexchange_1_2": 4536,
            "rexchange_2_2": 10557,
            "rexchange_3_3": 5654
        },
        "improving": {
            "centered_exchange_1": 518,
            "centered_exchange_2": 49,
            "centered_exchange_3": 6,
            "centered_exchange_4": 0,
            "exchange_1_1": 13859,
            "exchange_ids": 86,
            "insert_1": 1,
            "move_all_by_1": 0,
            "move_all_by_2": 0,
            "move_all_by_4": 0,
            "relocate_3": 177,
            "relocate_4": 51,
            "rexchange_1_2": 767,
            "rexchange_2_2": 6788,
            "rexchange_3_3": 1885
        },
        "rate": {
            "centered_exchange_1": 0.12083041667938232,
            "centered_exchange_2": 0.012833944521844387,
            "centered_exchange_3": 0.0015894039534032345,
            "centered_exchange_4": 0.0,
            "exchange_1_1": 0.7861924171447754,
            "exchange_ids": 0.02230869047343731,
            "insert_1": 0.00026525199064053595,
            "move_all_by_1": 0.0,
            "move_all_by_2": 0.0,
            "move_all_by_4": 0.0,
            "relocate_3": 0.044855549931526184,
            "relocate_4": 0.013350785709917545,
            "rexchange_1_2": 0.16909171640872955,
            "rexchange_2_2": 0.6429857015609741,
            "rexchange_3_3": 0.33339229226112366
        }
    },
    "last_improvement": 417,
    "name": "sudoku-inst16x16_5_0.txt",
    "solution": {
        "solution": {
            "fitness": 0,
            "is_feasible": true,
            "permutation": [
                1,
                2,
                3,
                6,
                4,
                7,
                0,
                8,
                11,
                12,
                14,
                13,
                10,
                9,
                15,
                5,
                14,
                4,
                7,
                1,
                2,
                15,
                6,
                9,
                10,
                13,
                8,
                11,
                12,
                0,
                3,
                11,
                10,
                9,
                8,
                14,
                13,
                12,
                5,
                2,
                15,
                0,
                3,
                7,
                1,
                6,
                4,
                0,
                12,
                15,
                13,
                10,
                9,
                11,
                3,
                1,
                7,
                6,
                4,
                5,
                8,
                2,
                13,
                1,
                2,
                11,
                7,
                8,
                6,
                5,
                9,
                3,
                0,
                4,
                14,
                10,
                12,
                9,
                3,
                5,
                10,
                12,
                0,
                14,
                1,
                7,
                2,
                4,
                13,
                8,
                6,
                15,
                11,
                6,
                8,
                7,
                12,
                5,
                4,
                3,
                2,
                10,
                11,
                14,
                15,
                0,
                9,
                13,
                1,
                15,
                4,
                0,
                14,
                9,
                11,
                13,
                10,
                12,
                1,
                8,
                6,
                3,
                2,
                5,
                7,
                7,
                6,
                0,
                3,
                1,
                8,
                11,
                14,
                4,
                10,
                9,
                15,
                2,
                5,
                3,
                5,
                12,
                1,
                13,
                14,
                15,
                8,
                7,
                2,
                6,
                4,
                11,
                10,
                10,
                9,
                8,
                15,
                6,
                5,
                2,
                4,
                13,
                3,
                11,
                12,
                1,
                7,
                14,
                2,
                11,
                14,
                4,
                15,
                12,
                10,
                7,
                0,
                5,
                1,
                9,
                13,
                3,
                8,
                14,
                13,
                1,
                3,
                11,
                10,
                4,
                9,
                0,
                12,
                15,
                5,
                2,
                8,
                6,
                8,
                7,
                10,
                5,
                6,
                1,
                13,
                4,
                14,
                9,
                11,
                15,
                3,
                0,
                4,
                0,
                11,
                9,
                8,
                15,
                7,
                12,
                3,
                6,
                2,
                10,
                14,
                5,
                1,
                13,
                12,
                15,
                2,
                0,
                3,
                5,
                14,
                8,
                13,
                1,
                7,
                10,
                11,
                4,
                9
            ]
        }
    },
    "steps": {
        "0": 18,
        "1": 16,
        "25": 9,
        "3": 12,
        "402": 2,
        "417": 0,
        "6": 11,
        "61": 5,
        "76": 4
    },
    "timeout": 1800
}