{
    "config": {
        "allow_infeasible": true,
        "construction": "random_replicate",
        "ils_k": 6,
        "local_search": "CVND",
        "metaheuristic": "ILS",
        "num_threads": 8,
        "operators": [
            "insert_1",
            "remove_1",
            "two_opt",
            "exchange_ids",
            "exchange_1_2",
            "exchange_2_2",
            "exchange_3_3",
            "exchange_3_4",
            "exchange_4_4",
            "rexchange_2_2",
            "rexchange_2_3",
            "rexchange_4_4",
            "centered_exchange_1",
            "relocate_1",
            "relocate_5",
            "rrelocate_3",
            "rrelocate_4",
            "move_all_by_1",
            "move_all_by_2"
        ],
        "perturbation": [
            "random_double_bridge"
        ],
        "stop_on_feasible": true,
        "timeout": 5
    },
    "histogram": {
        "all": {
            "centered_exchange_1": 20,
            "exchange_1_2": 20,
            "exchange_2_2": 20,
            "exchange_3_3": 20,
            "exchange_3_4": 20,
            "exchange_4_4": 20,
            "exchange_ids": 20,
            "insert_1": 25,
            "move_all_by_1": 18,
            "move_all_by_2": 18,
            "relocate_1": 20,
            "relocate_5": 19,
            "remove_1": 25,
            "rexchange_2_2": 20,
            "rexchange_2_3": 20,
            "rexchange_4_4": 20,
            "rrelocate_3": 19,
            "rrelocate_4": 18,
            "two_opt": 20
        },
        "improving": {
            "centered_exchange_1": 2,
            "exchange_1_2": 6,
            "exchange_2_2": 3,
            "exchange_3_3": 5,
            "exchange_3_4": 3,
            "exchange_4_4": 4,
            "exchange_ids": 6,
            "insert_1": 0,
            "move_all_by_1": 0,
            "move_all_by_2": 0,
            "relocate_1": 4,
            "relocate_5": 5,
            "remove_1": 0,
            "rexchange_2_2": 5,
            "rexchange_2_3": 5,
            "rexchange_4_4": 6,
            "rrelocate_3": 7,
            "rrelocate_4": 8,
            "two_opt": 18
        },
        "rate": {
            "centered_exchange_1": 0.10000000149011612,
            "exchange_1_2": 0.30000001192092896,
            "exchange_2_2": 0.15000000596046448,
            "exchange_3_3": 0.25,
            "exchange_3_4": 0.15000000596046448,
            "exchange_4_4": 0.20000000298023224,
            "exchange_ids": 0.30000001192092896,
            "insert_1": 0.0,
            "move_all_by_1": 0.0,
            "move_all_by_2": 0.0,
            "relocate_1": 0.20000000298023224,
            "relocate_5": 0.2631579041481018,
            "remove_1": 0.0,
            "rexchange_2_2": 0.25,
            "rexchange_2_3": 0.25,
            "rexchange_4_4": 0.30000001192092896,
            "rrelocate_3": 0.3684210479259491,
            "rrelocate_4": 0.4444444477558136,
            "two_opt": 0.8999999761581421
        }
    },
    "last_improvement": 5,
    "name": "random_tsp-50-5.56-7",
    "solution": {
        "fitness": 2085,
        "is_feasible": true,
        "permutation": [
            25,
            12,
            15,
            32,
            5,
            31,
            1,
            45,
            11,
            6,
            20,
            14,
            17,
            36,
            46,
            26,
            16,
            34,
            39,
            28,
            10,
            48,
            38,
            35,
            44,
            8,
            23,
            42,
            30,
            0,
            4,
            3,
            18,
            22,
            33,
            9,
            41,
            24,
            13,
            37,
            40,
            19,
            27,
            29,
            43,
            21,
            49,
            47,
            7,
            2
        ],
        "permutation_orig_ids": [
            "26",
            "13",
            "16",
            "33",
            "6",
            "32",
            "2",
            "46",
            "12",
            "7",
            "21",
            "15",
            "18",
            "37",
            "47",
            "27",
            "17",
            "35",
            "40",
            "29",
            "11",
            "49",
            "39",
            "36",
            "45",
            "9",
            "24",
            "43",
            "31",
            "1",
            "5",
            "4",
            "19",
            "23",
            "34",
            "10",
            "42",
            "25",
            "14",
            "38",
            "41",
            "20",
            "28",
            "30",
            "44",
            "22",
            "50",
            "48",
            "8",
            "3"
        ]
    },
    "steps": {
        "0": 1002071,
        "1": 1001942,
        "4": 1001928,
        "5": 2085
    },
    "timeout": 5
}