{
    "config": {
        "allow_infeasible": true,
        "bvns_max_k": 8,
        "bvns_min_k": 3,
        "construction": "random",
        "local_search": "RVND",
        "metaheuristic": "BVNS",
        "num_threads": 8,
        "operators": [
            "insert_1",
            "remove_1",
            "two_opt",
            "exchange_ids",
            "exchange_1_1",
            "exchange_1_2",
            "exchange_2_3",
            "exchange_2_4",
            "exchange_3_3",
            "exchange_3_4",
            "rexchange_1_2",
            "centered_exchange_1",
            "centered_exchange_2",
            "centered_exchange_3",
            "centered_exchange_4",
            "relocate_5",
            "rrelocate_2",
            "rrelocate_3",
            "rrelocate_5",
            "move_all_by_2",
            "move_all_by_3",
            "move_all_by_4"
        ],
        "perturbation": [
            "random_double_bridge"
        ],
        "timeout": 1800
    },
    "histogram": {
        "all": {
            "centered_exchange_1": 20950,
            "centered_exchange_2": 20951,
            "centered_exchange_3": 20950,
            "centered_exchange_4": 20951,
            "exchange_1_1": 20950,
            "exchange_1_2": 20951,
            "exchange_2_3": 20951,
            "exchange_2_4": 20951,
            "exchange_3_3": 20951,
            "exchange_3_4": 20951,
            "exchange_ids": 20950,
            "insert_1": 20951,
            "move_all_by_2": 20951,
            "move_all_by_3": 20951,
            "move_all_by_4": 20951,
            "relocate_5": 20950,
            "remove_1": 20951,
            "rexchange_1_2": 20951,
            "rrelocate_2": 20950,
            "rrelocate_3": 20951,
            "rrelocate_5": 20950,
            "two_opt": 20950
        },
        "improving": {
            "centered_exchange_1": 5913,
            "centered_exchange_2": 4537,
            "centered_exchange_3": 5249,
            "centered_exchange_4": 6447,
            "exchange_1_1": 14332,
            "exchange_1_2": 10943,
            "exchange_2_3": 7634,
            "exchange_2_4": 4555,
            "exchange_3_3": 8075,
            "exchange_3_4": 6381,
            "exchange_ids": 14376,
            "insert_1": 1408,
            "move_all_by_2": 9277,
            "move_all_by_3": 9616,
            "move_all_by_4": 9991,
            "relocate_5": 5481,
            "remove_1": 1379,
            "rexchange_1_2": 13042,
            "rrelocate_2": 11273,
            "rrelocate_3": 8143,
            "rrelocate_5": 6815,
            "two_opt": 14770
        },
        "rate": {
            "centered_exchange_1": 0.28224343061447144,
            "centered_exchange_2": 0.21655291318893433,
            "centered_exchange_3": 0.25054892897605896,
            "centered_exchange_4": 0.3077180087566376,
            "exchange_1_1": 0.6841050386428833,
            "exchange_1_2": 0.5223139524459839,
            "exchange_2_3": 0.3643740117549896,
            "exchange_2_4": 0.2174120545387268,
            "exchange_3_3": 0.38542312383651733,
            "exchange_3_4": 0.304567813873291,
            "exchange_ids": 0.686205267906189,
            "insert_1": 0.06720443069934845,
            "move_all_by_2": 0.4427950978279114,
            "move_all_by_3": 0.4589757025241852,
            "move_all_by_4": 0.47687461972236633,
            "relocate_5": 0.26162290573120117,
            "remove_1": 0.06582024693489075,
            "rexchange_1_2": 0.6225001215934753,
            "rrelocate_2": 0.538090705871582,
            "rrelocate_3": 0.38866880536079407,
            "rrelocate_5": 0.32529833912849426,
            "two_opt": 0.7050119042396545
        }
    },
    "last_improvement": 397,
    "name": "cvrp-X-n204-k19.xml",
    "solution": {
        "solution": {
            "fitness": 19786,
            "is_feasible": true,
            "permutation": [
                0,
                177,
                167,
                131,
                123,
                164,
                169,
                128,
                143,
                65,
                173,
                96,
                0,
                193,
                154,
                9,
                187,
                111,
                112,
                47,
                129,
                121,
                8,
                1,
                159,
                0,
                86,
                6,
                28,
                24,
                23,
                4,
                59,
                69,
                73,
                21,
                42,
                0,
                190,
                114,
                132,
                195,
                127,
                133,
                172,
                188,
                98,
                118,
                0,
                85,
                92,
                29,
                95,
                67,
                7,
                84,
                39,
                33,
                58,
                0,
                202,
                48,
                36,
                101,
                53,
                34,
                15,
                100,
                78,
                174,
                32,
                0,
                199,
                203,
                144,
                119,
                116,
                148,
                136,
                12,
                135,
                198,
                16,
                0,
                61,
                74,
                3,
                87,
                41,
                31,
                13,
                25,
                91,
                54,
                51,
                0,
                22,
                125,
                81,
                44,
                10,
                102,
                14,
                147,
                201,
                142,
                145,
                0,
                63,
                26,
                189,
                38,
                45,
                50,
                43,
                17,
                0,
                166,
                134,
                68,
                126,
                149,
                192,
                196,
                97,
                138,
                191,
                117,
                0,
                186,
                120,
                99,
                72,
                30,
                52,
                27,
                49,
                75,
                83,
                183,
                0,
                151,
                104,
                70,
                62,
                124,
                2,
                176,
                5,
                194,
                0,
                185,
                89,
                93,
                165,
                180,
                158,
                146,
                103,
                184,
                163,
                57,
                0,
                90,
                170,
                106,
                155,
                181,
                150,
                182,
                200,
                18,
                152,
                109,
                0,
                76,
                108,
                178,
                107,
                171,
                161,
                130,
                175,
                168,
                115,
                0,
                153,
                160,
                113,
                162,
                71,
                179,
                105,
                122,
                157,
                79,
                77,
                0,
                137,
                55,
                197,
                139,
                156,
                110,
                66,
                40,
                94,
                11,
                56,
                140,
                141,
                0,
                88,
                64,
                60,
                37,
                35,
                82,
                20,
                46,
                80,
                19,
                0
            ]
        }
    },
    "steps": {
        "0": 241788458,
        "1": 21687,
        "112": 20019,
        "12": 20512,
        "121": 20007,
        "13": 20479,
        "134": 19995,
        "16": 20281,
        "172": 19987,
        "173": 19978,
        "18": 20259,
        "19": 20234,
        "2": 21016,
        "257": 19968,
        "28": 20230,
        "29": 20218,
        "3": 20737,
        "300": 19958,
        "304": 19896,
        "306": 19854,
        "307": 19851,
        "311": 19843,
        "32": 20163,
        "333": 19837,
        "39": 20148,
        "392": 19796,
        "397": 19786,
        "54": 20145,
        "58": 20128,
        "6": 20585,
        "65": 20126,
        "73": 20118,
        "78": 20092,
        "89": 20063,
        "91": 20051
    },
    "timeout": 1800
}