{
    "config": {
        "allow_infeasible": true,
        "bvns_max_k": 7,
        "bvns_min_k": 1,
        "construction": "greedy",
        "local_search": "CVND",
        "metaheuristic": "BVNS",
        "num_threads": 8,
        "operators": [
            "insert_1",
            "remove_1",
            "two_opt",
            "centered_exchange_1",
            "centered_exchange_3",
            "centered_exchange_4",
            "relocate_1",
            "relocate_4",
            "rrelocate_2",
            "rrelocate_3",
            "rrelocate_5",
            "move_all_by_1",
            "move_all_by_2",
            "move_all_by_3",
            "move_all_by_10"
        ],
        "perturbation": [
            "reinsert"
        ],
        "stop_on_feasible": false,
        "timeout": 3180
    },
    "histogram": {
        "all": {
            "centered_exchange_1": 76,
            "centered_exchange_3": 76,
            "centered_exchange_4": 76,
            "insert_1": 77,
            "move_all_by_1": 63,
            "move_all_by_10": 62,
            "move_all_by_2": 63,
            "move_all_by_3": 63,
            "relocate_1": 68,
            "relocate_4": 66,
            "remove_1": 77,
            "rrelocate_2": 65,
            "rrelocate_3": 63,
            "rrelocate_5": 63,
            "two_opt": 76
        },
        "improving": {
            "centered_exchange_1": 13,
            "centered_exchange_3": 8,
            "centered_exchange_4": 12,
            "insert_1": 0,
            "move_all_by_1": 11,
            "move_all_by_10": 15,
            "move_all_by_2": 9,
            "move_all_by_3": 9,
            "relocate_1": 59,
            "relocate_4": 28,
            "remove_1": 0,
            "rrelocate_2": 44,
            "rrelocate_3": 34,
            "rrelocate_5": 25,
            "two_opt": 41
        },
        "rate": {
            "centered_exchange_1": 0.17105263471603394,
            "centered_exchange_3": 0.10526315867900848,
            "centered_exchange_4": 0.15789473056793213,
            "insert_1": 0.0,
            "move_all_by_1": 0.1746031790971756,
            "move_all_by_10": 0.24193547666072845,
            "move_all_by_2": 0.1428571492433548,
            "move_all_by_3": 0.1428571492433548,
            "relocate_1": 0.8676470518112183,
            "relocate_4": 0.42424243688583374,
            "remove_1": 0.0,
            "rrelocate_2": 0.6769230961799622,
            "rrelocate_3": 0.5396825671195984,
            "rrelocate_5": 0.3968254029750824,
            "two_opt": 0.5394737124443054
        }
    },
    "last_improvement": 2902,
    "name": "lin318-318-70.00-0",
    "solution": {
        "fitness": 207834,
        "is_feasible": true,
        "permutation": [
            158,
            148,
            144,
            41,
            45,
            51,
            57,
            53,
            50,
            43,
            19,
            11,
            8,
            7,
            2,
            1,
            5,
            20,
            21,
            28,
            29,
            30,
            32,
            35,
            44,
            54,
            55,
            56,
            104,
            63,
            66,
            67,
            70,
            77,
            81,
            84,
            82,
            83,
            71,
            72,
            75,
            79,
            85,
            196,
            200,
            197,
            190,
            187,
            186,
            172,
            175,
            182,
            183,
            177,
            176,
            163,
            154,
            159,
            155,
            146,
            139,
            138,
            259,
            258,
            254,
            143,
            240,
            239,
            229,
            236,
            233,
            234,
            246,
            247,
            235,
            223,
            214,
            217,
            225,
            221,
            237,
            231,
            224,
            109,
            118,
            117,
            220,
            215,
            108,
            211,
            113,
            120,
            112,
            122,
            130,
            141,
            140,
            126,
            111,
            107,
            105,
            106,
            128,
            134,
            125,
            207,
            124,
            123,
            110,
            114,
            12,
            34,
            33,
            37,
            152,
            209,
            185,
            180,
            181,
            161,
            166,
            167,
            164,
            276,
            285,
            286,
            282,
            289,
            288,
            300,
            191,
            302,
            299,
            308,
            304,
            297,
            275,
            269,
            244,
            243,
            248,
            255,
            262,
            256,
            264,
            265,
            263,
            142,
            169,
            294,
            192,
            198,
            311,
            310,
            295,
            309,
            303,
            274,
            279,
            257,
            174,
            170,
            165,
            203,
            179,
            94,
            205,
            201,
            98,
            92,
            91,
            90,
            97,
            88,
            100,
            73,
            68,
            89,
            74,
            80,
            61,
            48,
            315,
            39,
            40,
            22,
            27,
            18,
            15,
            16,
            17,
            24,
            25,
            26,
            65,
            278,
            290,
            280,
            193,
            87,
            86,
            76,
            58,
            316,
            49,
            102,
            14,
            135,
            42,
            162,
            132,
            250,
            266,
            313,
            251,
            252,
            116,
            212,
            145,
            38,
            137,
            46,
            10,
            9,
            78,
            160,
            312,
            150,
            147,
            242,
            317,
            298,
            292,
            273,
            283,
            284,
            232,
            253,
            226,
            228,
            157,
            287,
            291,
            281,
            238,
            153,
            59,
            93,
            99,
            194,
            199,
            195,
            96,
            305,
            301,
            245,
            6,
            0,
            119,
            23,
            222,
            218,
            60,
            133,
            208,
            69,
            227,
            270,
            261,
            272,
            213,
            314,
            3,
            136,
            241,
            121,
            268,
            307,
            206,
            277,
            306,
            271,
            64,
            95,
            36,
            216,
            103,
            296,
            293,
            156,
            260,
            204,
            219,
            210,
            127,
            4,
            115,
            62,
            202,
            13,
            171,
            178,
            151,
            129,
            52,
            47,
            188,
            168,
            173,
            184,
            189,
            131,
            267,
            149,
            101,
            31,
            230,
            249
        ],
        "permutation_orig_ids": [
            "159",
            "149",
            "145",
            "42",
            "46",
            "52",
            "58",
            "54",
            "51",
            "44",
            "20",
            "12",
            "9",
            "8",
            "3",
            "2",
            "6",
            "21",
            "22",
            "29",
            "30",
            "31",
            "33",
            "36",
            "45",
            "55",
            "56",
            "57",
            "105",
            "64",
            "67",
            "68",
            "71",
            "78",
            "82",
            "85",
            "83",
            "84",
            "72",
            "73",
            "76",
            "80",
            "86",
            "197",
            "201",
            "198",
            "191",
            "188",
            "187",
            "173",
            "176",
            "183",
            "184",
            "178",
            "177",
            "164",
            "155",
            "160",
            "156",
            "147",
            "140",
            "139",
            "260",
            "259",
            "255",
            "144",
            "241",
            "240",
            "230",
            "237",
            "234",
            "235",
            "247",
            "248",
            "236",
            "224",
            "215",
            "218",
            "226",
            "222",
            "238",
            "232",
            "225",
            "110",
            "119",
            "118",
            "221",
            "216",
            "109",
            "212",
            "114",
            "121",
            "113",
            "123",
            "131",
            "142",
            "141",
            "127",
            "112",
            "108",
            "106",
            "107",
            "129",
            "135",
            "126",
            "208",
            "125",
            "124",
            "111",
            "115",
            "13",
            "35",
            "34",
            "38",
            "153",
            "210",
            "186",
            "181",
            "182",
            "162",
            "167",
            "168",
            "165",
            "277",
            "286",
            "287",
            "283",
            "290",
            "289",
            "301",
            "192",
            "303",
            "300",
            "309",
            "305",
            "298",
            "276",
            "270",
            "245",
            "244",
            "249",
            "256",
            "263",
            "257",
            "265",
            "266",
            "264",
            "143",
            "170",
            "295",
            "193",
            "199",
            "312",
            "311",
            "296",
            "310",
            "304",
            "275",
            "280",
            "258",
            "175",
            "171",
            "166",
            "204",
            "180",
            "95",
            "206",
            "202",
            "99",
            "93",
            "92",
            "91",
            "98",
            "89",
            "101",
            "74",
            "69",
            "90",
            "75",
            "81",
            "62",
            "49",
            "316",
            "40",
            "41",
            "23",
            "28",
            "19",
            "16",
            "17",
            "18",
            "25",
            "26",
            "27",
            "66",
            "279",
            "291",
            "281",
            "194",
            "88",
            "87",
            "77",
            "59",
            "317",
            "50",
            "103",
            "15",
            "136",
            "43",
            "163",
            "133",
            "251",
            "267",
            "314",
            "252",
            "253",
            "117",
            "213",
            "146",
            "39",
            "138",
            "47",
            "11",
            "10",
            "79",
            "161",
            "313",
            "151",
            "148",
            "243",
            "318",
            "299",
            "293",
            "274",
            "284",
            "285",
            "233",
            "254",
            "227",
            "229",
            "158",
            "288",
            "292",
            "282",
            "239",
            "154",
            "60",
            "94",
            "100",
            "195",
            "200",
            "196",
            "97",
            "306",
            "302",
            "246",
            "7",
            "1",
            "120",
            "24",
            "223",
            "219",
            "61",
            "134",
            "209",
            "70",
            "228",
            "271",
            "262",
            "273",
            "214",
            "315",
            "4",
            "137",
            "242",
            "122",
            "269",
            "308",
            "207",
            "278",
            "307",
            "272",
            "65",
            "96",
            "37",
            "217",
            "104",
            "297",
            "294",
            "157",
            "261",
            "205",
            "220",
            "211",
            "128",
            "5",
            "116",
            "63",
            "203",
            "14",
            "172",
            "179",
            "152",
            "130",
            "53",
            "48",
            "189",
            "169",
            "174",
            "185",
            "190",
            "132",
            "268",
            "150",
            "102",
            "32",
            "231",
            "250"
        ]
    },
    "steps": {
        "1004": 220792,
        "1041": 220744,
        "1049": 220695,
        "1057": 220443,
        "1078": 220231,
        "1086": 220107,
        "1102": 219699,
        "1109": 218811,
        "1117": 216308,
        "1118": 216276,
        "1123": 216268,
        "1131": 215547,
        "1139": 215499,
        "1147": 215417,
        "1176": 215369,
        "1191": 215352,
        "1208": 215260,
        "1220": 215191,
        "1447": 215144,
        "1455": 214995,
        "1487": 214944,
        "1492": 214933,
        "1500": 214892,
        "1594": 214374,
        "1610": 214261,
        "1639": 214195,
        "2148": 213273,
        "2156": 212689,
        "2162": 211993,
        "2170": 211980,
        "218": 15243438,
        "2193": 211665,
        "2201": 211591,
        "2222": 211487,
        "223": 14240514,
        "231": 13243059,
        "239": 13241487,
        "2434": 211430,
        "247": 12242787,
        "2501": 211210,
        "2509": 210814,
        "2523": 210722,
        "2531": 210639,
        "2547": 210073,
        "255": 11245362,
        "2555": 209903,
        "2562": 209783,
        "2592": 209570,
        "2600": 209458,
        "2608": 209434,
        "2621": 209253,
        "263": 11241064,
        "2645": 209175,
        "2658": 209144,
        "2666": 208999,
        "2682": 208975,
        "269": 11237639,
        "2719": 208608,
        "2727": 208263,
        "277": 10241137,
        "2792": 208246,
        "2813": 208138,
        "2821": 207963,
        "285": 10240578,
        "2902": 207834,
        "293": 9241332,
        "301": 9240808,
        "308": 8246270,
        "309": 8245716,
        "314": 8244581,
        "322": 7248249,
        "330": 7247040,
        "338": 7245051,
        "346": 7243249,
        "354": 7241949,
        "359": 7241179,
        "367": 6244927,
        "375": 6244596,
        "383": 6242701,
        "391": 6239162,
        "399": 6237384,
        "404": 6236734,
        "412": 5241506,
        "420": 5240621,
        "428": 5238366,
        "436": 5236644,
        "444": 5236146,
        "445": 5236025,
        "449": 5235963,
        "450": 5235957,
        "458": 4242288,
        "465": 4241713,
        "473": 4240541,
        "481": 4239763,
        "489": 4238998,
        "490": 4238569,
        "494": 3241480,
        "502": 2246221,
        "510": 2243653,
        "518": 1247381,
        "526": 1247182,
        "533": 1246934,
        "539": 1246414,
        "547": 1241607,
        "555": 1241503,
        "562": 1239577,
        "570": 1239430,
        "578": 1238899,
        "579": 1238854,
        "584": 1238711,
        "592": 1238445,
        "601": 1236902,
        "608": 1235410,
        "617": 1235001,
        "624": 1234710,
        "629": 1232364,
        "637": 234312,
        "645": 234193,
        "653": 232014,
        "661": 230606,
        "669": 229574,
        "682": 228321,
        "690": 228298,
        "698": 227243,
        "706": 226992,
        "713": 226719,
        "719": 226689,
        "727": 225867,
        "743": 225483,
        "759": 225436,
        "772": 225037,
        "779": 224740,
        "787": 223728,
        "795": 223532,
        "803": 223301,
        "816": 223097,
        "832": 222814,
        "861": 222258,
        "876": 222162,
        "892": 221833,
        "906": 221604,
        "921": 221542,
        "929": 221498,
        "937": 221475,
        "951": 221279,
        "966": 221250,
        "974": 221187,
        "982": 221065,
        "996": 220900
    },
    "timeout": 3180
}