{
    "config": {
        "allow_infeasible": true,
        "bvns_max_k": 7,
        "bvns_min_k": 1,
        "construction": "greedy",
        "local_search": "CVND",
        "metaheuristic": "BVNS",
        "num_threads": 8,
        "operators": [
            "insert_1",
            "remove_1",
            "two_opt",
            "centered_exchange_1",
            "centered_exchange_3",
            "centered_exchange_4",
            "relocate_1",
            "relocate_4",
            "rrelocate_2",
            "rrelocate_3",
            "rrelocate_5",
            "move_all_by_1",
            "move_all_by_2",
            "move_all_by_3",
            "move_all_by_10"
        ],
        "perturbation": [
            "reinsert"
        ],
        "stop_on_feasible": false,
        "timeout": 3180
    },
    "histogram": {
        "all": {
            "centered_exchange_1": 72,
            "centered_exchange_3": 72,
            "centered_exchange_4": 72,
            "insert_1": 72,
            "move_all_by_1": 63,
            "move_all_by_10": 62,
            "move_all_by_2": 63,
            "move_all_by_3": 63,
            "relocate_1": 66,
            "relocate_4": 66,
            "remove_1": 72,
            "rrelocate_2": 64,
            "rrelocate_3": 64,
            "rrelocate_5": 64,
            "two_opt": 72
        },
        "improving": {
            "centered_exchange_1": 11,
            "centered_exchange_3": 10,
            "centered_exchange_4": 4,
            "insert_1": 0,
            "move_all_by_1": 17,
            "move_all_by_10": 15,
            "move_all_by_2": 11,
            "move_all_by_3": 13,
            "relocate_1": 61,
            "relocate_4": 20,
            "remove_1": 0,
            "rrelocate_2": 51,
            "rrelocate_3": 31,
            "rrelocate_5": 22,
            "two_opt": 37
        },
        "rate": {
            "centered_exchange_1": 0.1527777761220932,
            "centered_exchange_3": 0.1388888955116272,
            "centered_exchange_4": 0.0555555559694767,
            "insert_1": 0.0,
            "move_all_by_1": 0.2698412835597992,
            "move_all_by_10": 0.24193547666072845,
            "move_all_by_2": 0.1746031790971756,
            "move_all_by_3": 0.2063492089509964,
            "relocate_1": 0.9242424368858337,
            "relocate_4": 0.3030303120613098,
            "remove_1": 0.0,
            "rrelocate_2": 0.796875,
            "rrelocate_3": 0.484375,
            "rrelocate_5": 0.34375,
            "two_opt": 0.5138888955116272
        }
    },
    "last_improvement": 2873,
    "name": "lin318-318-70.00-0",
    "solution": {
        "fitness": 2192196,
        "is_feasible": false,
        "permutation": [
            189,
            152,
            153,
            37,
            34,
            33,
            3,
            4,
            8,
            7,
            2,
            1,
            5,
            6,
            11,
            20,
            21,
            28,
            30,
            29,
            31,
            32,
            35,
            43,
            103,
            39,
            44,
            48,
            316,
            54,
            55,
            61,
            72,
            68,
            73,
            74,
            80,
            98,
            94,
            206,
            205,
            196,
            195,
            186,
            188,
            179,
            193,
            194,
            192,
            165,
            167,
            166,
            209,
            159,
            148,
            145,
            232,
            233,
            236,
            246,
            245,
            261,
            272,
            278,
            284,
            297,
            309,
            304,
            299,
            298,
            290,
            314,
            263,
            265,
            313,
            239,
            216,
            215,
            217,
            218,
            228,
            249,
            250,
            256,
            259,
            240,
            238,
            237,
            234,
            227,
            225,
            226,
            247,
            214,
            222,
            223,
            244,
            213,
            117,
            113,
            128,
            130,
            120,
            122,
            129,
            123,
            131,
            121,
            118,
            138,
            151,
            137,
            132,
            136,
            124,
            126,
            13,
            106,
            114,
            115,
            119,
            140,
            147,
            158,
            161,
            174,
            170,
            169,
            277,
            294,
            288,
            301,
            305,
            310,
            204,
            199,
            198,
            311,
            306,
            302,
            185,
            180,
            176,
            181,
            197,
            183,
            182,
            65,
            88,
            75,
            79,
            87,
            85,
            66,
            70,
            77,
            81,
            83,
            82,
            100,
            96,
            101,
            91,
            90,
            92,
            84,
            76,
            67,
            63,
            104,
            56,
            53,
            50,
            51,
            57,
            58,
            173,
            224,
            212,
            109,
            235,
            112,
            36,
            135,
            155,
            286,
            285,
            289,
            252,
            211,
            141,
            40,
            26,
            23,
            25,
            315,
            49,
            45,
            52,
            172,
            175,
            280,
            276,
            283,
            307,
            154,
            163,
            230,
            110,
            134,
            133,
            16,
            17,
            105,
            24,
            116,
            243,
            275,
            292,
            201,
            190,
            203,
            258,
            264,
            262,
            255,
            248,
            317,
            279,
            177,
            42,
            125,
            162,
            160,
            146,
            139,
            287,
            291,
            295,
            64,
            78,
            95,
            97,
            89,
            86,
            273,
            200,
            300,
            281,
            229,
            210,
            219,
            220,
            178,
            60,
            107,
            271,
            164,
            142,
            168,
            149,
            144,
            127,
            111,
            15,
            18,
            27,
            22,
            19,
            312,
            251,
            156,
            208,
            38,
            59,
            93,
            99,
            202,
            69,
            241,
            157,
            257,
            260,
            143,
            282,
            266,
            171,
            187,
            150,
            207,
            254,
            108,
            274,
            221,
            231,
            268,
            296,
            293,
            308,
            269,
            253,
            242,
            12,
            46,
            10,
            0,
            9,
            62,
            14,
            270,
            71,
            41,
            191,
            303,
            102,
            47,
            267,
            184
        ],
        "permutation_orig_ids": [
            "190",
            "153",
            "154",
            "38",
            "35",
            "34",
            "4",
            "5",
            "9",
            "8",
            "3",
            "2",
            "6",
            "7",
            "12",
            "21",
            "22",
            "29",
            "31",
            "30",
            "32",
            "33",
            "36",
            "44",
            "104",
            "40",
            "45",
            "49",
            "317",
            "55",
            "56",
            "62",
            "73",
            "69",
            "74",
            "75",
            "81",
            "99",
            "95",
            "207",
            "206",
            "197",
            "196",
            "187",
            "189",
            "180",
            "194",
            "195",
            "193",
            "166",
            "168",
            "167",
            "210",
            "160",
            "149",
            "146",
            "233",
            "234",
            "237",
            "247",
            "246",
            "262",
            "273",
            "279",
            "285",
            "298",
            "310",
            "305",
            "300",
            "299",
            "291",
            "315",
            "264",
            "266",
            "314",
            "240",
            "217",
            "216",
            "218",
            "219",
            "229",
            "250",
            "251",
            "257",
            "260",
            "241",
            "239",
            "238",
            "235",
            "228",
            "226",
            "227",
            "248",
            "215",
            "223",
            "224",
            "245",
            "214",
            "118",
            "114",
            "129",
            "131",
            "121",
            "123",
            "130",
            "124",
            "132",
            "122",
            "119",
            "139",
            "152",
            "138",
            "133",
            "137",
            "125",
            "127",
            "14",
            "107",
            "115",
            "116",
            "120",
            "141",
            "148",
            "159",
            "162",
            "175",
            "171",
            "170",
            "278",
            "295",
            "289",
            "302",
            "306",
            "311",
            "205",
            "200",
            "199",
            "312",
            "307",
            "303",
            "186",
            "181",
            "177",
            "182",
            "198",
            "184",
            "183",
            "66",
            "89",
            "76",
            "80",
            "88",
            "86",
            "67",
            "71",
            "78",
            "82",
            "84",
            "83",
            "101",
            "97",
            "102",
            "92",
            "91",
            "93",
            "85",
            "77",
            "68",
            "64",
            "105",
            "57",
            "54",
            "51",
            "52",
            "58",
            "59",
            "174",
            "225",
            "213",
            "110",
            "236",
            "113",
            "37",
            "136",
            "156",
            "287",
            "286",
            "290",
            "253",
            "212",
            "142",
            "41",
            "27",
            "24",
            "26",
            "316",
            "50",
            "46",
            "53",
            "173",
            "176",
            "281",
            "277",
            "284",
            "308",
            "155",
            "164",
            "231",
            "111",
            "135",
            "134",
            "17",
            "18",
            "106",
            "25",
            "117",
            "244",
            "276",
            "293",
            "202",
            "191",
            "204",
            "259",
            "265",
            "263",
            "256",
            "249",
            "318",
            "280",
            "178",
            "43",
            "126",
            "163",
            "161",
            "147",
            "140",
            "288",
            "292",
            "296",
            "65",
            "79",
            "96",
            "98",
            "90",
            "87",
            "274",
            "201",
            "301",
            "282",
            "230",
            "211",
            "220",
            "221",
            "179",
            "61",
            "108",
            "272",
            "165",
            "143",
            "169",
            "150",
            "145",
            "128",
            "112",
            "16",
            "19",
            "28",
            "23",
            "20",
            "313",
            "252",
            "157",
            "209",
            "39",
            "60",
            "94",
            "100",
            "203",
            "70",
            "242",
            "158",
            "258",
            "261",
            "144",
            "283",
            "267",
            "172",
            "188",
            "151",
            "208",
            "255",
            "109",
            "275",
            "222",
            "232",
            "269",
            "297",
            "294",
            "309",
            "270",
            "254",
            "243",
            "13",
            "47",
            "11",
            "1",
            "10",
            "63",
            "15",
            "271",
            "72",
            "42",
            "192",
            "304",
            "103",
            "48",
            "268",
            "185"
        ]
    },
    "steps": {
        "1005": 3196257,
        "1021": 3195967,
        "1028": 3195476,
        "1036": 3195474,
        "1042": 3195395,
        "1051": 3195364,
        "1059": 3195233,
        "1066": 3195053,
        "1074": 3195011,
        "1083": 3194941,
        "1088": 3194918,
        "1096": 3194731,
        "1104": 3194693,
        "1112": 3194679,
        "1129": 3194583,
        "1218": 2204426,
        "1223": 2204384,
        "1231": 2204303,
        "1247": 2204226,
        "1267": 2204093,
        "1268": 2203909,
        "1276": 2203348,
        "1283": 2203143,
        "1291": 2202944,
        "1299": 2202878,
        "1307": 2202395,
        "1308": 2202327,
        "1320": 2201791,
        "1335": 2201776,
        "1364": 2201386,
        "1388": 2201061,
        "1408": 2200921,
        "1432": 2200762,
        "1454": 2200659,
        "1470": 2200472,
        "1486": 2200413,
        "1499": 2200330,
        "1515": 2200313,
        "1545": 2200270,
        "1561": 2199540,
        "1569": 2199088,
        "1576": 2198579,
        "1577": 2198432,
        "1582": 2198374,
        "1590": 2198328,
        "1678": 2197711,
        "1686": 2197668,
        "1710": 2197534,
        "1718": 2197280,
        "1723": 2197165,
        "1731": 2197135,
        "1755": 2197086,
        "1763": 2197023,
        "1769": 2196881,
        "1777": 2196874,
        "1793": 2196807,
        "1801": 2196800,
        "1815": 2196720,
        "1823": 2196198,
        "1839": 2196101,
        "1847": 2196071,
        "1861": 2194654,
        "1869": 2194646,
        "1884": 2194562,
        "1900": 2194501,
        "1929": 2194469,
        "1958": 2194459,
        "1974": 2194429,
        "1982": 2194411,
        "2019": 2194381,
        "219": 17216941,
        "2206": 2194040,
        "2222": 2193885,
        "223": 16213469,
        "2251": 2193733,
        "2267": 2193700,
        "231": 15214888,
        "239": 14216676,
        "247": 14213554,
        "255": 14211809,
        "262": 13214960,
        "263": 12216306,
        "2672": 2193684,
        "2673": 2193669,
        "2677": 2193492,
        "268": 12215460,
        "2685": 2192910,
        "2718": 2192894,
        "2731": 2192611,
        "2747": 2192549,
        "276": 11216899,
        "2776": 2192321,
        "283": 11215264,
        "2873": 2192196,
        "291": 11213589,
        "299": 11212661,
        "307": 11211645,
        "308": 11210566,
        "312": 11210338,
        "320": 10211625,
        "328": 10210964,
        "336": 10210635,
        "344": 10210299,
        "352": 10209919,
        "353": 10208930,
        "358": 10207358,
        "366": 9208865,
        "374": 9208368,
        "382": 9208111,
        "389": 8210655,
        "397": 8208860,
        "398": 8205579,
        "403": 8205111,
        "411": 7205538,
        "419": 7205426,
        "427": 6207807,
        "435": 6207191,
        "443": 4214878,
        "449": 4213576,
        "457": 4211430,
        "464": 4211243,
        "472": 4210935,
        "480": 4210665,
        "488": 4210289,
        "493": 4210273,
        "501": 4209394,
        "509": 4209282,
        "516": 4208978,
        "524": 4208703,
        "532": 4208608,
        "537": 4208261,
        "545": 4207946,
        "553": 4207747,
        "561": 4206987,
        "569": 3209872,
        "577": 3209666,
        "583": 3209407,
        "591": 3208342,
        "599": 3207221,
        "606": 3206582,
        "614": 3205729,
        "628": 3205717,
        "636": 3203007,
        "652": 3202374,
        "660": 3201914,
        "668": 3201858,
        "682": 3201600,
        "698": 3199941,
        "706": 3199728,
        "728": 3199480,
        "743": 3199038,
        "751": 3198888,
        "759": 3198804,
        "760": 3197810,
        "774": 3197118,
        "790": 3196818,
        "819": 3196750,
        "835": 3196460,
        "851": 3196458,
        "864": 3196422,
        "880": 3196414,
        "909": 3196392
    },
    "timeout": 3180
}