{
    "config": {
        "allow_infeasible": true,
        "construction": "random_replicate",
        "ils_k": 6,
        "local_search": "CVND",
        "metaheuristic": "ILS",
        "num_threads": 8,
        "operators": [
            "insert_1",
            "remove_1",
            "two_opt",
            "exchange_ids",
            "exchange_1_2",
            "exchange_2_2",
            "exchange_3_3",
            "exchange_3_4",
            "exchange_4_4",
            "rexchange_2_2",
            "rexchange_2_3",
            "rexchange_4_4",
            "centered_exchange_1",
            "relocate_1",
            "relocate_5",
            "rrelocate_3",
            "rrelocate_4",
            "move_all_by_1",
            "move_all_by_2"
        ],
        "perturbation": [
            "random_double_bridge"
        ],
        "stop_on_feasible": true,
        "timeout": 30
    },
    "histogram": {
        "all": {
            "centered_exchange_1": 1,
            "exchange_1_2": 1,
            "exchange_2_2": 1,
            "exchange_3_3": 1,
            "exchange_3_4": 1,
            "exchange_4_4": 1,
            "exchange_ids": 1,
            "insert_1": 2,
            "move_all_by_1": 1,
            "move_all_by_2": 1,
            "relocate_1": 1,
            "relocate_5": 1,
            "remove_1": 2,
            "rexchange_2_2": 1,
            "rexchange_2_3": 1,
            "rexchange_4_4": 1,
            "rrelocate_3": 1,
            "rrelocate_4": 1,
            "two_opt": 2
        },
        "improving": {
            "centered_exchange_1": 1,
            "exchange_1_2": 1,
            "exchange_2_2": 1,
            "exchange_3_3": 1,
            "exchange_3_4": 1,
            "exchange_4_4": 1,
            "exchange_ids": 1,
            "insert_1": 0,
            "move_all_by_1": 1,
            "move_all_by_2": 1,
            "relocate_1": 1,
            "relocate_5": 1,
            "remove_1": 0,
            "rexchange_2_2": 1,
            "rexchange_2_3": 1,
            "rexchange_4_4": 1,
            "rrelocate_3": 1,
            "rrelocate_4": 0,
            "two_opt": 2
        },
        "rate": {
            "centered_exchange_1": 1.0,
            "exchange_1_2": 1.0,
            "exchange_2_2": 1.0,
            "exchange_3_3": 1.0,
            "exchange_3_4": 1.0,
            "exchange_4_4": 1.0,
            "exchange_ids": 1.0,
            "insert_1": 0.0,
            "move_all_by_1": 1.0,
            "move_all_by_2": 1.0,
            "relocate_1": 1.0,
            "relocate_5": 1.0,
            "remove_1": 0.0,
            "rexchange_2_2": 1.0,
            "rexchange_2_3": 1.0,
            "rexchange_4_4": 1.0,
            "rrelocate_3": 1.0,
            "rrelocate_4": 0.0,
            "two_opt": 1.0
        }
    },
    "last_improvement": 0,
    "name": "random-30-4.80-2",
    "solution": {
        "fitness": 2101,
        "is_feasible": true,
        "permutation": [
            0,
            8,
            9,
            18,
            2,
            13,
            21,
            1,
            12,
            23,
            20,
            15,
            5,
            22,
            16,
            26,
            4,
            28,
            19,
            17,
            14,
            3,
            6,
            27,
            7,
            24,
            29,
            25,
            11,
            10
        ],
        "permutation_orig_ids": [
            "1",
            "9",
            "10",
            "19",
            "3",
            "14",
            "22",
            "2",
            "13",
            "24",
            "21",
            "16",
            "6",
            "23",
            "17",
            "27",
            "5",
            "29",
            "20",
            "18",
            "15",
            "4",
            "7",
            "28",
            "8",
            "25",
            "30",
            "26",
            "12",
            "11"
        ],
        "walk_orig_ids": [
            "1",
            "9",
            "10",
            "19",
            "3",
            "14",
            "22",
            "2",
            "26",
            "13",
            "26",
            "24",
            "20",
            "21",
            "20",
            "16",
            "24",
            "6",
            "17",
            "23",
            "17",
            "6",
            "1",
            "27",
            "5",
            "27",
            "1",
            "29",
            "1",
            "26",
            "21",
            "5",
            "20",
            "5",
            "21",
            "26",
            "15",
            "18",
            "15",
            "18",
            "4",
            "3",
            "7",
            "3",
            "6",
            "28",
            "25",
            "14",
            "8",
            "14",
            "25",
            "16",
            "30",
            "16",
            "25",
            "26",
            "25",
            "12",
            "11",
            "12",
            "25",
            "26"
        ],
        "walk_processing": [
            true,
            true,
            true,
            true,
            true,
            true,
            true,
            true,
            false,
            true,
            false,
            true,
            false,
            true,
            false,
            true,
            false,
            true,
            false,
            true,
            true,
            false,
            false,
            true,
            true,
            false,
            false,
            true,
            false,
            false,
            false,
            false,
            true,
            false,
            false,
            false,
            false,
            true,
            true,
            false,
            true,
            false,
            true,
            false,
            false,
            true,
            false,
            false,
            true,
            false,
            true,
            false,
            true,
            false,
            false,
            true,
            false,
            true,
            true,
            false,
            false,
            false
        ]
    },
    "steps": {
        "0": 2101
    },
    "timeout": 30
}