{
    "config": {
        "allow_infeasible": true,
        "construction": "random_replicate",
        "ils_k": 6,
        "local_search": "CVND",
        "metaheuristic": "ILS",
        "num_threads": 8,
        "operators": [
            "insert_1",
            "remove_1",
            "two_opt",
            "exchange_ids",
            "exchange_1_2",
            "exchange_2_2",
            "exchange_3_3",
            "exchange_3_4",
            "exchange_4_4",
            "rexchange_2_2",
            "rexchange_2_3",
            "rexchange_4_4",
            "centered_exchange_1",
            "relocate_1",
            "relocate_5",
            "rrelocate_3",
            "rrelocate_4",
            "move_all_by_1",
            "move_all_by_2"
        ],
        "perturbation": [
            "random_double_bridge"
        ],
        "stop_on_feasible": true,
        "timeout": 30
    },
    "histogram": {
        "all": {
            "centered_exchange_1": 299,
            "exchange_1_2": 301,
            "exchange_2_2": 301,
            "exchange_3_3": 301,
            "exchange_3_4": 301,
            "exchange_4_4": 301,
            "exchange_ids": 304,
            "insert_1": 366,
            "move_all_by_1": 225,
            "move_all_by_2": 205,
            "relocate_1": 261,
            "relocate_5": 260,
            "remove_1": 366,
            "rexchange_2_2": 300,
            "rexchange_2_3": 300,
            "rexchange_4_4": 300,
            "rrelocate_3": 258,
            "rrelocate_4": 258,
            "two_opt": 333
        },
        "improving": {
            "centered_exchange_1": 62,
            "exchange_1_2": 111,
            "exchange_2_2": 60,
            "exchange_3_3": 18,
            "exchange_3_4": 14,
            "exchange_4_4": 5,
            "exchange_ids": 150,
            "insert_1": 0,
            "move_all_by_1": 80,
            "move_all_by_2": 40,
            "relocate_1": 127,
            "relocate_5": 22,
            "remove_1": 0,
            "rexchange_2_2": 50,
            "rexchange_2_3": 22,
            "rexchange_4_4": 3,
            "rrelocate_3": 30,
            "rrelocate_4": 6,
            "two_opt": 188
        },
        "rate": {
            "centered_exchange_1": 0.20735785365104675,
            "exchange_1_2": 0.3687707781791687,
            "exchange_2_2": 0.19933554530143738,
            "exchange_3_3": 0.05980066582560539,
            "exchange_3_4": 0.04651162773370743,
            "exchange_4_4": 0.016611294820904732,
            "exchange_ids": 0.4934210479259491,
            "insert_1": 0.0,
            "move_all_by_1": 0.35555556416511536,
            "move_all_by_2": 0.19512194395065308,
            "relocate_1": 0.48659002780914307,
            "relocate_5": 0.08461538702249527,
            "remove_1": 0.0,
            "rexchange_2_2": 0.1666666716337204,
            "rexchange_2_3": 0.07333333045244217,
            "rexchange_4_4": 0.009999999776482582,
            "rrelocate_3": 0.11627907305955887,
            "rrelocate_4": 0.023255813866853714,
            "two_opt": 0.56456458568573
        }
    },
    "last_improvement": 25,
    "name": "random-30-4.60-25",
    "solution": {
        "fitness": 1000823,
        "is_feasible": false,
        "permutation": [
            6,
            9,
            21,
            25,
            19,
            27,
            24,
            3,
            1,
            12,
            2,
            8,
            5,
            26,
            0,
            16,
            7,
            10,
            28,
            15,
            13,
            23,
            22,
            14,
            17,
            4,
            18,
            11,
            20,
            29
        ],
        "permutation_orig_ids": [
            "7",
            "10",
            "22",
            "26",
            "20",
            "28",
            "25",
            "4",
            "2",
            "13",
            "3",
            "9",
            "6",
            "27",
            "1",
            "17",
            "8",
            "11",
            "29",
            "16",
            "14",
            "24",
            "23",
            "15",
            "18",
            "5",
            "19",
            "12",
            "21",
            "30"
        ],
        "walk_orig_ids": [
            "7",
            "10",
            "22",
            "26",
            "20",
            "28",
            "25",
            "4",
            "2",
            "5",
            "18",
            "13",
            "18",
            "3",
            "9",
            "6",
            "8",
            "1",
            "27",
            "1",
            "17",
            "8",
            "14",
            "11",
            "29",
            "16",
            "14",
            "24",
            "23",
            "15",
            "18",
            "5",
            "19",
            "12",
            "21",
            "30"
        ],
        "walk_processing": [
            true,
            true,
            true,
            true,
            true,
            true,
            true,
            true,
            true,
            false,
            false,
            true,
            false,
            true,
            true,
            true,
            false,
            false,
            true,
            true,
            true,
            true,
            false,
            true,
            true,
            true,
            true,
            true,
            true,
            true,
            true,
            true,
            true,
            true,
            true,
            true
        ]
    },
    "steps": {
        "0": 1000863,
        "1": 1000853,
        "25": 1000823,
        "4": 1000851
    },
    "timeout": 30
}