{
    "config": {
        "allow_infeasible": true,
        "construction": "random_replicate",
        "ils_k": 6,
        "local_search": "CVND",
        "metaheuristic": "ILS",
        "num_threads": 8,
        "operators": [
            "insert_1",
            "remove_1",
            "two_opt",
            "exchange_ids",
            "exchange_1_2",
            "exchange_2_2",
            "exchange_3_3",
            "exchange_3_4",
            "exchange_4_4",
            "rexchange_2_2",
            "rexchange_2_3",
            "rexchange_4_4",
            "centered_exchange_1",
            "relocate_1",
            "relocate_5",
            "rrelocate_3",
            "rrelocate_4",
            "move_all_by_1",
            "move_all_by_2"
        ],
        "perturbation": [
            "random_double_bridge"
        ],
        "stop_on_feasible": true,
        "timeout": 3
    },
    "histogram": {
        "all": {
            "centered_exchange_1": 2322,
            "exchange_1_2": 2465,
            "exchange_2_2": 2438,
            "exchange_3_3": 2432,
            "exchange_3_4": 2427,
            "exchange_4_4": 2427,
            "exchange_ids": 2512,
            "insert_1": 3090,
            "move_all_by_1": 1805,
            "move_all_by_2": 1781,
            "relocate_1": 1941,
            "relocate_5": 1928,
            "remove_1": 3090,
            "rexchange_2_2": 2400,
            "rexchange_2_3": 2396,
            "rexchange_4_4": 2392,
            "rrelocate_3": 1870,
            "rrelocate_4": 1858,
            "two_opt": 2805
        },
        "improving": {
            "centered_exchange_1": 280,
            "exchange_1_2": 705,
            "exchange_2_2": 209,
            "exchange_3_3": 82,
            "exchange_3_4": 88,
            "exchange_4_4": 34,
            "exchange_ids": 1148,
            "insert_1": 0,
            "move_all_by_1": 147,
            "move_all_by_2": 84,
            "relocate_1": 805,
            "relocate_5": 84,
            "remove_1": 0,
            "rexchange_2_2": 261,
            "rexchange_2_3": 104,
            "rexchange_4_4": 8,
            "rrelocate_3": 194,
            "rrelocate_4": 46,
            "two_opt": 1416
        },
        "rate": {
            "centered_exchange_1": 0.12058570235967636,
            "exchange_1_2": 0.28600406646728516,
            "exchange_2_2": 0.08572600781917572,
            "exchange_3_3": 0.03371710702776909,
            "exchange_3_4": 0.0362587571144104,
            "exchange_4_4": 0.014009064994752407,
            "exchange_ids": 0.4570063650608063,
            "insert_1": 0.0,
            "move_all_by_1": 0.08144044131040573,
            "move_all_by_2": 0.047164514660835266,
            "relocate_1": 0.4147346615791321,
            "relocate_5": 0.04356846585869789,
            "remove_1": 0.0,
            "rexchange_2_2": 0.10875000059604645,
            "rexchange_2_3": 0.043405674397945404,
            "rexchange_4_4": 0.0033444815780967474,
            "rrelocate_3": 0.10374331474304199,
            "rrelocate_4": 0.024757804349064827,
            "two_opt": 0.5048128366470337
        }
    },
    "last_improvement": 2,
    "name": "random-24-3.25-2",
    "solution": {
        "fitness": 2000767,
        "is_feasible": false,
        "permutation": [
            19,
            7,
            22,
            13,
            5,
            18,
            3,
            4,
            15,
            6,
            20,
            17,
            1,
            14,
            23,
            8,
            11,
            16,
            21,
            12,
            0,
            9,
            2,
            10
        ],
        "permutation_orig_ids": [
            "20",
            "8",
            "23",
            "14",
            "6",
            "19",
            "4",
            "5",
            "16",
            "7",
            "21",
            "18",
            "2",
            "15",
            "24",
            "9",
            "12",
            "17",
            "22",
            "13",
            "1",
            "10",
            "3",
            "11"
        ]
    },
    "steps": {
        "0": 3000549,
        "2": 2000767
    },
    "timeout": 3
}