{
    "config": {
        "allow_infeasible": true,
        "construction": "random_replicate",
        "ils_k": 6,
        "local_search": "CVND",
        "metaheuristic": "ILS",
        "num_threads": 8,
        "operators": [
            "insert_1",
            "remove_1",
            "two_opt",
            "exchange_ids",
            "exchange_1_2",
            "exchange_2_2",
            "exchange_3_3",
            "exchange_3_4",
            "exchange_4_4",
            "rexchange_2_2",
            "rexchange_2_3",
            "rexchange_4_4",
            "centered_exchange_1",
            "relocate_1",
            "relocate_5",
            "rrelocate_3",
            "rrelocate_4",
            "move_all_by_1",
            "move_all_by_2"
        ],
        "perturbation": [
            "random_double_bridge"
        ],
        "stop_on_feasible": true,
        "timeout": 3
    },
    "histogram": {
        "all": {
            "centered_exchange_1": 1994,
            "exchange_1_2": 2122,
            "exchange_2_2": 2066,
            "exchange_3_3": 2065,
            "exchange_3_4": 2065,
            "exchange_4_4": 2064,
            "exchange_ids": 2235,
            "insert_1": 2772,
            "move_all_by_1": 1614,
            "move_all_by_2": 1580,
            "relocate_1": 1688,
            "relocate_5": 1676,
            "remove_1": 2772,
            "rexchange_2_2": 2027,
            "rexchange_2_3": 2024,
            "rexchange_4_4": 2023,
            "rrelocate_3": 1639,
            "rrelocate_4": 1636,
            "two_opt": 2476
        },
        "improving": {
            "centered_exchange_1": 200,
            "exchange_1_2": 640,
            "exchange_2_2": 243,
            "exchange_3_3": 58,
            "exchange_3_4": 43,
            "exchange_4_4": 16,
            "exchange_ids": 967,
            "insert_1": 0,
            "move_all_by_1": 85,
            "move_all_by_2": 82,
            "relocate_1": 604,
            "relocate_5": 61,
            "remove_1": 0,
            "rexchange_2_2": 194,
            "rexchange_2_3": 40,
            "rexchange_4_4": 2,
            "rrelocate_3": 123,
            "rrelocate_4": 23,
            "two_opt": 1274
        },
        "rate": {
            "centered_exchange_1": 0.10030090063810349,
            "exchange_1_2": 0.3016022741794586,
            "exchange_2_2": 0.11761858314275742,
            "exchange_3_3": 0.02808716706931591,
            "exchange_3_4": 0.020823244005441666,
            "exchange_4_4": 0.007751937955617905,
            "exchange_ids": 0.4326621890068054,
            "insert_1": 0.0,
            "move_all_by_1": 0.05266418680548668,
            "move_all_by_2": 0.05189873278141022,
            "relocate_1": 0.35781991481781006,
            "relocate_5": 0.03639618307352066,
            "remove_1": 0.0,
            "rexchange_2_2": 0.09570794552564621,
            "rexchange_2_3": 0.01976284570991993,
            "rexchange_4_4": 0.0009886306943371892,
            "rrelocate_3": 0.07504575699567795,
            "rrelocate_4": 0.014058679342269897,
            "two_opt": 0.5145395994186401
        }
    },
    "last_improvement": 3,
    "name": "random-24-1.83-15",
    "solution": {
        "fitness": 5000776,
        "is_feasible": false,
        "permutation": [
            16,
            2,
            22,
            11,
            4,
            9,
            6,
            5,
            14,
            0,
            19,
            20,
            21,
            23,
            12,
            8,
            17,
            18,
            7,
            1,
            13,
            10,
            3,
            15
        ],
        "permutation_orig_ids": [
            "17",
            "3",
            "23",
            "12",
            "5",
            "10",
            "7",
            "6",
            "15",
            "1",
            "20",
            "21",
            "22",
            "24",
            "13",
            "9",
            "18",
            "19",
            "8",
            "2",
            "14",
            "11",
            "4",
            "16"
        ]
    },
    "steps": {
        "0": 5000797,
        "3": 5000776
    },
    "timeout": 3
}