{
    "config": {
        "allow_infeasible": true,
        "construction": "random_replicate",
        "ils_k": 6,
        "local_search": "CVND",
        "metaheuristic": "ILS",
        "num_threads": 8,
        "operators": [
            "insert_1",
            "remove_1",
            "two_opt",
            "exchange_ids",
            "exchange_1_2",
            "exchange_2_2",
            "exchange_3_3",
            "exchange_3_4",
            "exchange_4_4",
            "rexchange_2_2",
            "rexchange_2_3",
            "rexchange_4_4",
            "centered_exchange_1",
            "relocate_1",
            "relocate_5",
            "rrelocate_3",
            "rrelocate_4",
            "move_all_by_1",
            "move_all_by_2"
        ],
        "perturbation": [
            "random_double_bridge"
        ],
        "stop_on_feasible": true,
        "timeout": 3
    },
    "histogram": {
        "all": {
            "centered_exchange_1": 1969,
            "exchange_1_2": 2107,
            "exchange_2_2": 2103,
            "exchange_3_3": 2085,
            "exchange_3_4": 2081,
            "exchange_4_4": 2081,
            "exchange_ids": 2143,
            "insert_1": 2697,
            "move_all_by_1": 1538,
            "move_all_by_2": 1529,
            "relocate_1": 1669,
            "relocate_5": 1628,
            "remove_1": 2697,
            "rexchange_2_2": 2029,
            "rexchange_2_3": 2024,
            "rexchange_4_4": 2024,
            "rrelocate_3": 1589,
            "rrelocate_4": 1585,
            "two_opt": 2384
        },
        "improving": {
            "centered_exchange_1": 163,
            "exchange_1_2": 542,
            "exchange_2_2": 128,
            "exchange_3_3": 109,
            "exchange_3_4": 56,
            "exchange_4_4": 6,
            "exchange_ids": 930,
            "insert_1": 0,
            "move_all_by_1": 116,
            "move_all_by_2": 47,
            "relocate_1": 612,
            "relocate_5": 82,
            "remove_1": 0,
            "rexchange_2_2": 197,
            "rexchange_2_3": 47,
            "rexchange_4_4": 2,
            "rrelocate_3": 108,
            "rrelocate_4": 24,
            "two_opt": 1246
        },
        "rate": {
            "centered_exchange_1": 0.08278314024209976,
            "exchange_1_2": 0.2572377920150757,
            "exchange_2_2": 0.060865432024002075,
            "exchange_3_3": 0.052278175950050354,
            "exchange_3_4": 0.026910139247775078,
            "exchange_4_4": 0.002883229171857238,
            "exchange_ids": 0.4339710772037506,
            "insert_1": 0.0,
            "move_all_by_1": 0.07542262971401215,
            "move_all_by_2": 0.03073904477059841,
            "relocate_1": 0.3666866421699524,
            "relocate_5": 0.050368551164865494,
            "remove_1": 0.0,
            "rexchange_2_2": 0.0970921665430069,
            "rexchange_2_3": 0.023221343755722046,
            "rexchange_4_4": 0.0009881423320621252,
            "rrelocate_3": 0.06796727329492569,
            "rrelocate_4": 0.015141955576837063,
            "two_opt": 0.5226510167121887
        }
    },
    "last_improvement": 0,
    "name": "random-24-1.92-18",
    "solution": {
        "fitness": 5000884,
        "is_feasible": false,
        "permutation": [
            13,
            3,
            17,
            2,
            12,
            9,
            5,
            19,
            14,
            21,
            4,
            7,
            8,
            6,
            15,
            11,
            1,
            23,
            16,
            18,
            20,
            0,
            22,
            10
        ],
        "permutation_orig_ids": [
            "14",
            "4",
            "18",
            "3",
            "13",
            "10",
            "6",
            "20",
            "15",
            "22",
            "5",
            "8",
            "9",
            "7",
            "16",
            "12",
            "2",
            "24",
            "17",
            "19",
            "21",
            "1",
            "23",
            "11"
        ]
    },
    "steps": {
        "0": 5000884
    },
    "timeout": 3
}