{
    "config": {
        "allow_infeasible": true,
        "construction": "random_replicate",
        "ils_k": 6,
        "local_search": "CVND",
        "metaheuristic": "ILS",
        "num_threads": 8,
        "operators": [
            "insert_1",
            "remove_1",
            "two_opt",
            "exchange_ids",
            "exchange_1_2",
            "exchange_2_2",
            "exchange_3_3",
            "exchange_3_4",
            "exchange_4_4",
            "rexchange_2_2",
            "rexchange_2_3",
            "rexchange_4_4",
            "centered_exchange_1",
            "relocate_1",
            "relocate_5",
            "rrelocate_3",
            "rrelocate_4",
            "move_all_by_1",
            "move_all_by_2"
        ],
        "perturbation": [
            "random_double_bridge"
        ],
        "stop_on_feasible": true,
        "timeout": 3
    },
    "histogram": {
        "all": {
            "centered_exchange_1": 2191,
            "exchange_1_2": 2276,
            "exchange_2_2": 2262,
            "exchange_3_3": 2262,
            "exchange_3_4": 2260,
            "exchange_4_4": 2259,
            "exchange_ids": 2302,
            "insert_1": 2808,
            "move_all_by_1": 1635,
            "move_all_by_2": 1614,
            "relocate_1": 1780,
            "relocate_5": 1765,
            "remove_1": 2808,
            "rexchange_2_2": 2235,
            "rexchange_2_3": 2234,
            "rexchange_4_4": 2234,
            "rrelocate_3": 1700,
            "rrelocate_4": 1690,
            "two_opt": 2545
        },
        "improving": {
            "centered_exchange_1": 249,
            "exchange_1_2": 587,
            "exchange_2_2": 207,
            "exchange_3_3": 75,
            "exchange_3_4": 56,
            "exchange_4_4": 11,
            "exchange_ids": 990,
            "insert_1": 0,
            "move_all_by_1": 199,
            "move_all_by_2": 119,
            "relocate_1": 817,
            "relocate_5": 94,
            "remove_1": 0,
            "rexchange_2_2": 273,
            "rexchange_2_3": 59,
            "rexchange_4_4": 2,
            "rrelocate_3": 187,
            "rrelocate_4": 35,
            "two_opt": 1264
        },
        "rate": {
            "centered_exchange_1": 0.1136467382311821,
            "exchange_1_2": 0.2579086124897003,
            "exchange_2_2": 0.09151193499565125,
            "exchange_3_3": 0.03315649926662445,
            "exchange_3_4": 0.024778760969638824,
            "exchange_4_4": 0.004869411233812571,
            "exchange_ids": 0.43006080389022827,
            "insert_1": 0.0,
            "move_all_by_1": 0.12171253561973572,
            "move_all_by_2": 0.07372986525297165,
            "relocate_1": 0.458988755941391,
            "relocate_5": 0.053257789462804794,
            "remove_1": 0.0,
            "rexchange_2_2": 0.12214764952659607,
            "rexchange_2_3": 0.026410026475787163,
            "rexchange_4_4": 0.000895255128853023,
            "rrelocate_3": 0.10999999940395355,
            "rrelocate_4": 0.020710058510303497,
            "two_opt": 0.49666011333465576
        }
    },
    "last_improvement": 1,
    "name": "random-24-2.75-7",
    "solution": {
        "fitness": 2000937,
        "is_feasible": false,
        "permutation": [
            23,
            22,
            11,
            14,
            17,
            19,
            8,
            1,
            9,
            6,
            13,
            5,
            0,
            3,
            15,
            16,
            4,
            10,
            7,
            2,
            18,
            20,
            12,
            21
        ],
        "permutation_orig_ids": [
            "24",
            "23",
            "12",
            "15",
            "18",
            "20",
            "9",
            "2",
            "10",
            "7",
            "14",
            "6",
            "1",
            "4",
            "16",
            "17",
            "5",
            "11",
            "8",
            "3",
            "19",
            "21",
            "13",
            "22"
        ]
    },
    "steps": {
        "0": 3000930,
        "1": 2000937
    },
    "timeout": 3
}