{
    "config": {
        "allow_infeasible": true,
        "construction": "random_replicate",
        "ils_k": 6,
        "local_search": "CVND",
        "metaheuristic": "ILS",
        "num_threads": 8,
        "operators": [
            "insert_1",
            "remove_1",
            "two_opt",
            "exchange_ids",
            "exchange_1_2",
            "exchange_2_2",
            "exchange_3_3",
            "exchange_3_4",
            "exchange_4_4",
            "rexchange_2_2",
            "rexchange_2_3",
            "rexchange_4_4",
            "centered_exchange_1",
            "relocate_1",
            "relocate_5",
            "rrelocate_3",
            "rrelocate_4",
            "move_all_by_1",
            "move_all_by_2"
        ],
        "perturbation": [
            "random_double_bridge"
        ],
        "stop_on_feasible": true,
        "timeout": 3
    },
    "histogram": {
        "all": {
            "centered_exchange_1": 76,
            "exchange_1_2": 78,
            "exchange_2_2": 78,
            "exchange_3_3": 78,
            "exchange_3_4": 77,
            "exchange_4_4": 77,
            "exchange_ids": 80,
            "insert_1": 95,
            "move_all_by_1": 57,
            "move_all_by_2": 57,
            "relocate_1": 62,
            "relocate_5": 61,
            "remove_1": 95,
            "rexchange_2_2": 76,
            "rexchange_2_3": 76,
            "rexchange_4_4": 76,
            "rrelocate_3": 59,
            "rrelocate_4": 59,
            "two_opt": 89
        },
        "improving": {
            "centered_exchange_1": 9,
            "exchange_1_2": 25,
            "exchange_2_2": 9,
            "exchange_3_3": 5,
            "exchange_3_4": 3,
            "exchange_4_4": 0,
            "exchange_ids": 36,
            "insert_1": 0,
            "move_all_by_1": 7,
            "move_all_by_2": 4,
            "relocate_1": 34,
            "relocate_5": 4,
            "remove_1": 0,
            "rexchange_2_2": 13,
            "rexchange_2_3": 2,
            "rexchange_4_4": 0,
            "rrelocate_3": 10,
            "rrelocate_4": 2,
            "two_opt": 44
        },
        "rate": {
            "centered_exchange_1": 0.1184210553765297,
            "exchange_1_2": 0.3205128312110901,
            "exchange_2_2": 0.11538461595773697,
            "exchange_3_3": 0.06410256773233414,
            "exchange_3_4": 0.03896103799343109,
            "exchange_4_4": 0.0,
            "exchange_ids": 0.44999998807907104,
            "insert_1": 0.0,
            "move_all_by_1": 0.12280701845884323,
            "move_all_by_2": 0.07017543911933899,
            "relocate_1": 0.5483871102333069,
            "relocate_5": 0.06557376682758331,
            "remove_1": 0.0,
            "rexchange_2_2": 0.17105263471603394,
            "rexchange_2_3": 0.02631578966975212,
            "rexchange_4_4": 0.0,
            "rrelocate_3": 0.16949152946472168,
            "rrelocate_4": 0.033898305147886276,
            "two_opt": 0.49438202381134033
        }
    },
    "last_improvement": 0,
    "name": "random-24-5.42-0",
    "solution": {
        "fitness": 1073,
        "is_feasible": true,
        "permutation": [
            5,
            20,
            21,
            7,
            13,
            11,
            19,
            6,
            9,
            10,
            15,
            18,
            23,
            3,
            4,
            17,
            16,
            2,
            22,
            14,
            0,
            12,
            8,
            1
        ],
        "permutation_orig_ids": [
            "6",
            "21",
            "22",
            "8",
            "14",
            "12",
            "20",
            "7",
            "10",
            "11",
            "16",
            "19",
            "24",
            "4",
            "5",
            "18",
            "17",
            "3",
            "23",
            "15",
            "1",
            "13",
            "9",
            "2"
        ]
    },
    "steps": {
        "0": 1073
    },
    "timeout": 3
}