{
    "config": {
        "allow_infeasible": true,
        "construction": "random_replicate",
        "ils_k": 6,
        "local_search": "CVND",
        "metaheuristic": "ILS",
        "num_threads": 8,
        "operators": [
            "insert_1",
            "remove_1",
            "two_opt",
            "exchange_ids",
            "exchange_1_2",
            "exchange_2_2",
            "exchange_3_3",
            "exchange_3_4",
            "exchange_4_4",
            "rexchange_2_2",
            "rexchange_2_3",
            "rexchange_4_4",
            "centered_exchange_1",
            "relocate_1",
            "relocate_5",
            "rrelocate_3",
            "rrelocate_4",
            "move_all_by_1",
            "move_all_by_2"
        ],
        "perturbation": [
            "random_double_bridge"
        ],
        "stop_on_feasible": true,
        "timeout": 3
    },
    "histogram": {
        "all": {
            "centered_exchange_1": 1863,
            "exchange_1_2": 1949,
            "exchange_2_2": 1943,
            "exchange_3_3": 1936,
            "exchange_3_4": 1933,
            "exchange_4_4": 1931,
            "exchange_ids": 1992,
            "insert_1": 2470,
            "move_all_by_1": 1399,
            "move_all_by_2": 1376,
            "relocate_1": 1540,
            "relocate_5": 1517,
            "remove_1": 2470,
            "rexchange_2_2": 1901,
            "rexchange_2_3": 1899,
            "rexchange_4_4": 1899,
            "rrelocate_3": 1476,
            "rrelocate_4": 1470,
            "two_opt": 2213
        },
        "improving": {
            "centered_exchange_1": 179,
            "exchange_1_2": 555,
            "exchange_2_2": 118,
            "exchange_3_3": 69,
            "exchange_3_4": 45,
            "exchange_4_4": 17,
            "exchange_ids": 856,
            "insert_1": 0,
            "move_all_by_1": 134,
            "move_all_by_2": 57,
            "relocate_1": 613,
            "relocate_5": 76,
            "remove_1": 0,
            "rexchange_2_2": 212,
            "rexchange_2_3": 31,
            "rexchange_4_4": 2,
            "rrelocate_3": 113,
            "rrelocate_4": 14,
            "two_opt": 1138
        },
        "rate": {
            "centered_exchange_1": 0.09608159214258194,
            "exchange_1_2": 0.2847614288330078,
            "exchange_2_2": 0.06073082983493805,
            "exchange_3_3": 0.035640496760606766,
            "exchange_3_4": 0.02327987551689148,
            "exchange_4_4": 0.008803728967905045,
            "exchange_ids": 0.42971888184547424,
            "insert_1": 0.0,
            "move_all_by_1": 0.09578270465135574,
            "move_all_by_2": 0.04142441973090172,
            "relocate_1": 0.3980519473552704,
            "relocate_5": 0.050098881125450134,
            "remove_1": 0.0,
            "rexchange_2_2": 0.11152025312185287,
            "rexchange_2_3": 0.016324380412697792,
            "rexchange_4_4": 0.0010531859006732702,
            "rrelocate_3": 0.07655826210975647,
            "rrelocate_4": 0.009523809887468815,
            "two_opt": 0.5142340660095215
        }
    },
    "last_improvement": 1,
    "name": "random-24-1.75-3",
    "solution": {
        "fitness": 4000932,
        "is_feasible": false,
        "permutation": [
            9,
            20,
            3,
            6,
            18,
            8,
            22,
            16,
            1,
            2,
            5,
            21,
            11,
            10,
            4,
            15,
            14,
            12,
            7,
            13,
            19,
            17,
            0,
            23
        ],
        "permutation_orig_ids": [
            "10",
            "21",
            "4",
            "7",
            "19",
            "9",
            "23",
            "17",
            "2",
            "3",
            "6",
            "22",
            "12",
            "11",
            "5",
            "16",
            "15",
            "13",
            "8",
            "14",
            "20",
            "18",
            "1",
            "24"
        ]
    },
    "steps": {
        "0": 5001027,
        "1": 4000932
    },
    "timeout": 3
}