{
    "config": {
        "allow_infeasible": true,
        "construction": "random_replicate",
        "ils_k": 6,
        "local_search": "CVND",
        "metaheuristic": "ILS",
        "num_threads": 8,
        "operators": [
            "insert_1",
            "remove_1",
            "two_opt",
            "exchange_ids",
            "exchange_1_2",
            "exchange_2_2",
            "exchange_3_3",
            "exchange_3_4",
            "exchange_4_4",
            "rexchange_2_2",
            "rexchange_2_3",
            "rexchange_4_4",
            "centered_exchange_1",
            "relocate_1",
            "relocate_5",
            "rrelocate_3",
            "rrelocate_4",
            "move_all_by_1",
            "move_all_by_2"
        ],
        "perturbation": [
            "random_double_bridge"
        ],
        "stop_on_feasible": true,
        "timeout": 3
    },
    "histogram": {
        "all": {
            "centered_exchange_1": 84,
            "exchange_1_2": 86,
            "exchange_2_2": 85,
            "exchange_3_3": 85,
            "exchange_3_4": 85,
            "exchange_4_4": 84,
            "exchange_ids": 87,
            "insert_1": 104,
            "move_all_by_1": 65,
            "move_all_by_2": 63,
            "relocate_1": 72,
            "relocate_5": 72,
            "remove_1": 104,
            "rexchange_2_2": 84,
            "rexchange_2_3": 84,
            "rexchange_4_4": 84,
            "rrelocate_3": 70,
            "rrelocate_4": 68,
            "two_opt": 97
        },
        "improving": {
            "centered_exchange_1": 7,
            "exchange_1_2": 29,
            "exchange_2_2": 9,
            "exchange_3_3": 2,
            "exchange_3_4": 4,
            "exchange_4_4": 4,
            "exchange_ids": 41,
            "insert_1": 0,
            "move_all_by_1": 7,
            "move_all_by_2": 3,
            "relocate_1": 34,
            "relocate_5": 6,
            "remove_1": 0,
            "rexchange_2_2": 13,
            "rexchange_2_3": 8,
            "rexchange_4_4": 2,
            "rrelocate_3": 14,
            "rrelocate_4": 8,
            "two_opt": 48
        },
        "rate": {
            "centered_exchange_1": 0.0833333358168602,
            "exchange_1_2": 0.3372093141078949,
            "exchange_2_2": 0.10588235408067703,
            "exchange_3_3": 0.0235294122248888,
            "exchange_3_4": 0.0470588244497776,
            "exchange_4_4": 0.0476190485060215,
            "exchange_ids": 0.4712643623352051,
            "insert_1": 0.0,
            "move_all_by_1": 0.10769230872392654,
            "move_all_by_2": 0.0476190485060215,
            "relocate_1": 0.4722222089767456,
            "relocate_5": 0.0833333358168602,
            "remove_1": 0.0,
            "rexchange_2_2": 0.1547619104385376,
            "rexchange_2_3": 0.095238097012043,
            "rexchange_4_4": 0.02380952425301075,
            "rrelocate_3": 0.20000000298023224,
            "rrelocate_4": 0.11764705926179886,
            "two_opt": 0.49484536051750183
        }
    },
    "last_improvement": 0,
    "name": "random-24-6.08-7",
    "solution": {
        "fitness": 1143,
        "is_feasible": true,
        "permutation": [
            0,
            11,
            21,
            14,
            17,
            8,
            15,
            6,
            7,
            12,
            13,
            5,
            20,
            4,
            10,
            2,
            23,
            16,
            1,
            3,
            18,
            9,
            22,
            19
        ],
        "permutation_orig_ids": [
            "1",
            "12",
            "22",
            "15",
            "18",
            "9",
            "16",
            "7",
            "8",
            "13",
            "14",
            "6",
            "21",
            "5",
            "11",
            "3",
            "24",
            "17",
            "2",
            "4",
            "19",
            "10",
            "23",
            "20"
        ]
    },
    "steps": {
        "0": 1143
    },
    "timeout": 3
}