{
    "config": {
        "allow_infeasible": true,
        "construction": "random_replicate",
        "ils_k": 6,
        "local_search": "CVND",
        "metaheuristic": "ILS",
        "num_threads": 8,
        "operators": [
            "insert_1",
            "remove_1",
            "two_opt",
            "exchange_ids",
            "exchange_1_2",
            "exchange_2_2",
            "exchange_3_3",
            "exchange_3_4",
            "exchange_4_4",
            "rexchange_2_2",
            "rexchange_2_3",
            "rexchange_4_4",
            "centered_exchange_1",
            "relocate_1",
            "relocate_5",
            "rrelocate_3",
            "rrelocate_4",
            "move_all_by_1",
            "move_all_by_2"
        ],
        "perturbation": [
            "random_double_bridge"
        ],
        "stop_on_feasible": true,
        "timeout": 3
    },
    "histogram": {
        "all": {
            "centered_exchange_1": 10,
            "exchange_1_2": 10,
            "exchange_2_2": 10,
            "exchange_3_3": 10,
            "exchange_3_4": 10,
            "exchange_4_4": 10,
            "exchange_ids": 10,
            "insert_1": 12,
            "move_all_by_1": 8,
            "move_all_by_2": 8,
            "relocate_1": 8,
            "relocate_5": 8,
            "remove_1": 12,
            "rexchange_2_2": 10,
            "rexchange_2_3": 10,
            "rexchange_4_4": 10,
            "rrelocate_3": 8,
            "rrelocate_4": 8,
            "two_opt": 11
        },
        "improving": {
            "centered_exchange_1": 2,
            "exchange_1_2": 4,
            "exchange_2_2": 1,
            "exchange_3_3": 1,
            "exchange_3_4": 0,
            "exchange_4_4": 0,
            "exchange_ids": 4,
            "insert_1": 0,
            "move_all_by_1": 2,
            "move_all_by_2": 2,
            "relocate_1": 6,
            "relocate_5": 1,
            "remove_1": 0,
            "rexchange_2_2": 4,
            "rexchange_2_3": 1,
            "rexchange_4_4": 0,
            "rrelocate_3": 3,
            "rrelocate_4": 2,
            "two_opt": 7
        },
        "rate": {
            "centered_exchange_1": 0.20000000298023224,
            "exchange_1_2": 0.4000000059604645,
            "exchange_2_2": 0.10000000149011612,
            "exchange_3_3": 0.10000000149011612,
            "exchange_3_4": 0.0,
            "exchange_4_4": 0.0,
            "exchange_ids": 0.4000000059604645,
            "insert_1": 0.0,
            "move_all_by_1": 0.25,
            "move_all_by_2": 0.25,
            "relocate_1": 0.75,
            "relocate_5": 0.125,
            "remove_1": 0.0,
            "rexchange_2_2": 0.4000000059604645,
            "rexchange_2_3": 0.10000000149011612,
            "rexchange_4_4": 0.0,
            "rrelocate_3": 0.375,
            "rrelocate_4": 0.25,
            "two_opt": 0.6363636255264282
        }
    },
    "last_improvement": 0,
    "name": "random-24-7.67-16",
    "solution": {
        "fitness": 954,
        "is_feasible": true,
        "permutation": [
            5,
            1,
            9,
            16,
            8,
            0,
            17,
            19,
            3,
            23,
            4,
            21,
            2,
            10,
            7,
            13,
            18,
            15,
            22,
            6,
            20,
            11,
            14,
            12
        ],
        "permutation_orig_ids": [
            "6",
            "2",
            "10",
            "17",
            "9",
            "1",
            "18",
            "20",
            "4",
            "24",
            "5",
            "22",
            "3",
            "11",
            "8",
            "14",
            "19",
            "16",
            "23",
            "7",
            "21",
            "12",
            "15",
            "13"
        ]
    },
    "steps": {
        "0": 954
    },
    "timeout": 3
}