{
    "config": {
        "allow_infeasible": true,
        "construction": "random_replicate",
        "ils_k": 6,
        "local_search": "CVND",
        "metaheuristic": "ILS",
        "num_threads": 8,
        "operators": [
            "insert_1",
            "remove_1",
            "two_opt",
            "exchange_ids",
            "exchange_1_2",
            "exchange_2_2",
            "exchange_3_3",
            "exchange_3_4",
            "exchange_4_4",
            "rexchange_2_2",
            "rexchange_2_3",
            "rexchange_4_4",
            "centered_exchange_1",
            "relocate_1",
            "relocate_5",
            "rrelocate_3",
            "rrelocate_4",
            "move_all_by_1",
            "move_all_by_2"
        ],
        "perturbation": [
            "random_double_bridge"
        ],
        "stop_on_feasible": true,
        "timeout": 3
    },
    "histogram": {
        "all": {
            "centered_exchange_1": 2262,
            "exchange_1_2": 2377,
            "exchange_2_2": 2358,
            "exchange_3_3": 2354,
            "exchange_3_4": 2351,
            "exchange_4_4": 2351,
            "exchange_ids": 2457,
            "insert_1": 3049,
            "move_all_by_1": 1808,
            "move_all_by_2": 1747,
            "relocate_1": 1936,
            "relocate_5": 1910,
            "remove_1": 3049,
            "rexchange_2_2": 2306,
            "rexchange_2_3": 2305,
            "rexchange_4_4": 2305,
            "rrelocate_3": 1869,
            "rrelocate_4": 1855,
            "two_opt": 2760
        },
        "improving": {
            "centered_exchange_1": 252,
            "exchange_1_2": 691,
            "exchange_2_2": 241,
            "exchange_3_3": 87,
            "exchange_3_4": 69,
            "exchange_4_4": 17,
            "exchange_ids": 1138,
            "insert_1": 0,
            "move_all_by_1": 139,
            "move_all_by_2": 131,
            "relocate_1": 726,
            "relocate_5": 125,
            "remove_1": 0,
            "rexchange_2_2": 295,
            "rexchange_2_3": 60,
            "rexchange_4_4": 3,
            "rrelocate_3": 160,
            "rrelocate_4": 35,
            "two_opt": 1365
        },
        "rate": {
            "centered_exchange_1": 0.11140583455562592,
            "exchange_1_2": 0.29070255160331726,
            "exchange_2_2": 0.10220526158809662,
            "exchange_3_3": 0.036958370357751846,
            "exchange_3_4": 0.02934921346604824,
            "exchange_4_4": 0.007230965420603752,
            "exchange_ids": 0.4631664752960205,
            "insert_1": 0.0,
            "move_all_by_1": 0.07688052952289581,
            "move_all_by_2": 0.07498569041490555,
            "relocate_1": 0.375,
            "relocate_5": 0.06544502824544907,
            "remove_1": 0.0,
            "rexchange_2_2": 0.12792713940143585,
            "rexchange_2_3": 0.026030369102954865,
            "rexchange_4_4": 0.0013015184085816145,
            "rrelocate_3": 0.08560727536678314,
            "rrelocate_4": 0.01886792480945587,
            "two_opt": 0.4945652186870575
        }
    },
    "last_improvement": 1,
    "name": "random-24-3.00-18",
    "solution": {
        "fitness": 2000945,
        "is_feasible": false,
        "permutation": [
            23,
            19,
            15,
            13,
            11,
            22,
            12,
            2,
            20,
            6,
            5,
            9,
            1,
            16,
            21,
            0,
            3,
            17,
            7,
            4,
            14,
            8,
            18,
            10
        ],
        "permutation_orig_ids": [
            "24",
            "20",
            "16",
            "14",
            "12",
            "23",
            "13",
            "3",
            "21",
            "7",
            "6",
            "10",
            "2",
            "17",
            "22",
            "1",
            "4",
            "18",
            "8",
            "5",
            "15",
            "9",
            "19",
            "11"
        ]
    },
    "steps": {
        "0": 3000823,
        "1": 2000945
    },
    "timeout": 3
}