{
    "config": {
        "allow_infeasible": true,
        "construction": "random_replicate",
        "ils_k": 6,
        "local_search": "CVND",
        "metaheuristic": "ILS",
        "num_threads": 8,
        "operators": [
            "insert_1",
            "remove_1",
            "two_opt",
            "exchange_ids",
            "exchange_1_2",
            "exchange_2_2",
            "exchange_3_3",
            "exchange_3_4",
            "exchange_4_4",
            "rexchange_2_2",
            "rexchange_2_3",
            "rexchange_4_4",
            "centered_exchange_1",
            "relocate_1",
            "relocate_5",
            "rrelocate_3",
            "rrelocate_4",
            "move_all_by_1",
            "move_all_by_2"
        ],
        "perturbation": [
            "random_double_bridge"
        ],
        "stop_on_feasible": true,
        "timeout": 3
    },
    "histogram": {
        "all": {
            "centered_exchange_1": 103,
            "exchange_1_2": 106,
            "exchange_2_2": 106,
            "exchange_3_3": 106,
            "exchange_3_4": 106,
            "exchange_4_4": 106,
            "exchange_ids": 106,
            "insert_1": 137,
            "move_all_by_1": 78,
            "move_all_by_2": 78,
            "relocate_1": 85,
            "relocate_5": 83,
            "remove_1": 137,
            "rexchange_2_2": 106,
            "rexchange_2_3": 105,
            "rexchange_4_4": 105,
            "rrelocate_3": 83,
            "rrelocate_4": 83,
            "two_opt": 124
        },
        "improving": {
            "centered_exchange_1": 15,
            "exchange_1_2": 31,
            "exchange_2_2": 13,
            "exchange_3_3": 6,
            "exchange_3_4": 6,
            "exchange_4_4": 1,
            "exchange_ids": 53,
            "insert_1": 0,
            "move_all_by_1": 11,
            "move_all_by_2": 3,
            "relocate_1": 40,
            "relocate_5": 11,
            "remove_1": 0,
            "rexchange_2_2": 15,
            "rexchange_2_3": 14,
            "rexchange_4_4": 3,
            "rrelocate_3": 11,
            "rrelocate_4": 8,
            "two_opt": 68
        },
        "rate": {
            "centered_exchange_1": 0.1456310749053955,
            "exchange_1_2": 0.2924528419971466,
            "exchange_2_2": 0.12264151126146317,
            "exchange_3_3": 0.056603774428367615,
            "exchange_3_4": 0.056603774428367615,
            "exchange_4_4": 0.009433962404727936,
            "exchange_ids": 0.5,
            "insert_1": 0.0,
            "move_all_by_1": 0.14102564752101898,
            "move_all_by_2": 0.03846153989434242,
            "relocate_1": 0.47058823704719543,
            "relocate_5": 0.1325301229953766,
            "remove_1": 0.0,
            "rexchange_2_2": 0.14150942862033844,
            "rexchange_2_3": 0.13333334028720856,
            "rexchange_4_4": 0.02857142873108387,
            "rrelocate_3": 0.1325301229953766,
            "rrelocate_4": 0.09638553857803345,
            "two_opt": 0.5483871102333069
        }
    },
    "last_improvement": 0,
    "name": "random-24-7.33-16",
    "solution": {
        "fitness": 807,
        "is_feasible": true,
        "permutation": [
            8,
            14,
            15,
            4,
            23,
            13,
            18,
            9,
            7,
            1,
            21,
            2,
            16,
            19,
            0,
            12,
            17,
            20,
            11,
            10,
            5,
            3,
            6,
            22
        ],
        "permutation_orig_ids": [
            "9",
            "15",
            "16",
            "5",
            "24",
            "14",
            "19",
            "10",
            "8",
            "2",
            "22",
            "3",
            "17",
            "20",
            "1",
            "13",
            "18",
            "21",
            "12",
            "11",
            "6",
            "4",
            "7",
            "23"
        ]
    },
    "steps": {
        "0": 807
    },
    "timeout": 3
}