{
    "config": {
        "allow_infeasible": true,
        "construction": "random_replicate",
        "ils_k": 3,
        "local_search": "BVND",
        "metaheuristic": "ILS",
        "num_threads": 8,
        "operators": [
            "remove_1",
            "exchange_ids",
            "exchange_n_ids",
            "rexchange_3_4",
            "centered_exchange_2",
            "centered_exchange_4",
            "relocate_1",
            "relocate_2",
            "relocate_5",
            "move_all_by_1",
            "move_all_by_3",
            "move_all_by_4",
            "move_all_by_10"
        ],
        "perturbation": [
            "random_move_all"
        ],
        "timeout": 1800
    },
    "histogram": {
        "all": {
            "centered_exchange_2": 9,
            "centered_exchange_4": 9,
            "exchange_ids": 125,
            "exchange_n_ids": 9,
            "move_all_by_1": 8,
            "move_all_by_10": 8,
            "move_all_by_3": 8,
            "move_all_by_4": 8,
            "relocate_1": 9,
            "relocate_2": 9,
            "relocate_5": 9,
            "remove_1": 125,
            "rexchange_3_4": 9
        },
        "improving": {
            "centered_exchange_2": 0,
            "centered_exchange_4": 0,
            "exchange_ids": 116,
            "exchange_n_ids": 0,
            "move_all_by_1": 0,
            "move_all_by_10": 1,
            "move_all_by_3": 0,
            "move_all_by_4": 0,
            "relocate_1": 0,
            "relocate_2": 0,
            "relocate_5": 0,
            "remove_1": 0,
            "rexchange_3_4": 0
        },
        "rate": {
            "centered_exchange_2": 0.0,
            "centered_exchange_4": 0.0,
            "exchange_ids": 0.9279999732971191,
            "exchange_n_ids": 0.0,
            "move_all_by_1": 0.0,
            "move_all_by_10": 0.125,
            "move_all_by_3": 0.0,
            "move_all_by_4": 0.0,
            "relocate_1": 0.0,
            "relocate_2": 0.0,
            "relocate_5": 0.0,
            "remove_1": 0.0,
            "rexchange_3_4": 0.0
        }
    },
    "last_improvement": 1633,
    "name": "npfs-VFR200_20_1.txt",
    "solution": {
        "solution": {
            "fitness": 11787,
            "is_feasible": true,
            "permutation": [
                52,
                114,
                189,
                98,
                22,
                156,
                12,
                70,
                77,
                90,
                125,
                96,
                87,
                54,
                107,
                132,
                66,
                157,
                128,
                142,
                130,
                9,
                99,
                13,
                63,
                23,
                158,
                148,
                40,
                84,
                180,
                82,
                26,
                37,
                86,
                193,
                134,
                6,
                31,
                83,
                174,
                168,
                199,
                51,
                170,
                68,
                187,
                162,
                81,
                17,
                181,
                93,
                58,
                95,
                136,
                195,
                41,
                183,
                105,
                122,
                151,
                150,
                140,
                62,
                91,
                109,
                36,
                155,
                35,
                21,
                78,
                25,
                14,
                34,
                24,
                61,
                145,
                47,
                100,
                152,
                101,
                143,
                45,
                28,
                64,
                171,
                197,
                65,
                165,
                67,
                121,
                191,
                147,
                179,
                198,
                103,
                118,
                39,
                73,
                161,
                19,
                5,
                192,
                126,
                166,
                32,
                108,
                172,
                106,
                120,
                133,
                33,
                112,
                137,
                153,
                46,
                119,
                20,
                146,
                94,
                7,
                167,
                18,
                178,
                177,
                135,
                141,
                104,
                194,
                163,
                55,
                53,
                72,
                110,
                124,
                27,
                1,
                173,
                185,
                149,
                131,
                48,
                57,
                0,
                74,
                117,
                42,
                176,
                79,
                11,
                138,
                10,
                2,
                102,
                129,
                4,
                59,
                182,
                89,
                75,
                144,
                3,
                60,
                44,
                30,
                71,
                43,
                190,
                38,
                127,
                188,
                88,
                169,
                50,
                113,
                116,
                123,
                80,
                76,
                15,
                196,
                154,
                139,
                115,
                111,
                160,
                97,
                186,
                164,
                29,
                175,
                159,
                8,
                56,
                69,
                85,
                184,
                16,
                92,
                49,
                52,
                114,
                189,
                98,
                22,
                156,
                12,
                70,
                77,
                90,
                125,
                96,
                87,
                54,
                107,
                132,
                66,
                157,
                128,
                142,
                130,
                9,
                99,
                13,
                63,
                23,
                158,
                148,
                40,
                84,
                180,
                82,
                26,
                37,
                86,
                193,
                134,
                6,
                31,
                83,
                174,
                168,
                199,
                51,
                170,
                68,
                187,
                162,
                81,
                17,
                181,
                93,
                58,
                95,
                136,
                195,
                41,
                183,
                105,
                122,
                151,
                150,
                140,
                62,
                91,
                109,
                36,
                155,
                35,
                21,
                78,
                25,
                14,
                34,
                24,
                61,
                145,
                47,
                100,
                152,
                101,
                143,
                45,
                28,
                64,
                171,
                197,
                65,
                165,
                67,
                121,
                191,
                147,
                179,
                198,
                103,
                118,
                39,
                73,
                161,
                19,
                5,
                192,
                126,
                166,
                32,
                108,
                172,
                106,
                120,
                133,
                33,
                112,
                137,
                153,
                46,
                119,
                20,
                146,
                94,
                7,
                167,
                18,
                178,
                177,
                135,
                141,
                104,
                194,
                163,
                55,
                53,
                72,
                110,
                124,
                27,
                1,
                173,
                185,
                149,
                131,
                48,
                57,
                0,
                74,
                117,
                42,
                176,
                79,
                11,
                138,
                10,
                2,
                102,
                129,
                4,
                59,
                182,
                89,
                75,
                144,
                3,
                60,
                44,
                30,
                71,
                43,
                190,
                38,
                127,
                188,
                88,
                169,
                50,
                113,
                116,
                123,
                80,
                76,
                15,
                196,
                154,
                139,
                115,
                111,
                160,
                97,
                186,
                164,
                29,
                175,
                159,
                8,
                56,
                69,
                85,
                184,
                16,
                92,
                49,
                52,
                114,
                189,
                98,
                22,
                156,
                12,
                70,
                77,
                90,
                125,
                96,
                87,
                54,
                107,
                132,
                66,
                157,
                128,
                142,
                130,
                9,
                99,
                13,
                63,
                23,
                158,
                148,
                40,
                84,
                180,
                82,
                26,
                37,
                86,
                193,
                134,
                6,
                31,
                83,
                174,
                168,
                199,
                51,
                170,
                68,
                187,
                162,
                81,
                17,
                181,
                93,
                58,
                95,
                136,
                195,
                41,
                183,
                105,
                122,
                151,
                150,
                140,
                62,
                91,
                109,
                36,
                155,
                35,
                21,
                78,
                25,
                14,
                34,
                24,
                61,
                145,
                47,
                100,
                152,
                101,
                143,
                45,
                28,
                64,
                171,
                197,
                65,
                165,
                67,
                121,
                191,
                147,
                179,
                198,
                103,
                118,
                39,
                73,
                161,
                19,
                5,
                192,
                126,
                166,
                32,
                108,
                172,
                106,
                120,
                133,
                33,
                112,
                137,
                153,
                46,
                119,
                20,
                146,
                94,
                7,
                167,
                18,
                178,
                177,
                135,
                141,
                104,
                194,
                163,
                55,
                53,
                72,
                110,
                124,
                27,
                1,
                173,
                185,
                149,
                131,
                48,
                57,
                0,
                74,
                117,
                42,
                176,
                79,
                11,
                138,
                10,
                2,
                102,
                129,
                4,
                59,
                182,
                89,
                75,
                144,
                3,
                60,
                44,
                30,
                71,
                43,
                190,
                38,
                127,
                188,
                88,
                169,
                50,
                113,
                116,
                123,
                80,
                76,
                15,
                196,
                154,
                139,
                115,
                111,
                160,
                97,
                186,
                164,
                29,
                175,
                159,
                8,
                56,
                69,
                85,
                184,
                16,
                92,
                49,
                52,
                114,
                189,
                98,
                22,
                156,
                12,
                70,
                77,
                90,
                125,
                96,
                87,
                54,
                107,
                132,
                66,
                157,
                128,
                142,
                130,
                9,
                99,
                13,
                63,
                23,
                158,
                148,
                40,
                84,
                180,
                82,
                26,
                37,
                86,
                193,
                134,
                6,
                31,
                83,
                174,
                168,
                199,
                51,
                170,
                68,
                187,
                162,
                81,
                17,
                181,
                93,
                58,
                95,
                136,
                195,
                41,
                183,
                105,
                122,
                151,
                150,
                140,
                62,
                91,
                109,
                36,
                155,
                35,
                21,
                78,
                25,
                14,
                34,
                24,
                61,
                145,
                47,
                100,
                152,
                101,
                143,
                45,
                28,
                64,
                171,
                197,
                65,
                165,
                67,
                121,
                191,
                147,
                179,
                198,
                103,
                118,
                39,
                73,
                161,
                19,
                5,
                192,
                126,
                166,
                32,
                108,
                172,
                106,
                120,
                133,
                33,
                112,
                137,
                153,
                46,
                119,
                20,
                146,
                94,
                7,
                167,
                18,
                178,
                177,
                135,
                141,
                104,
                194,
                163,
                55,
                53,
                72,
                110,
                124,
                27,
                1,
                173,
                185,
                149,
                131,
                48,
                57,
                0,
                74,
                117,
                42,
                176,
                79,
                11,
                138,
                10,
                2,
                102,
                129,
                4,
                59,
                182,
                89,
                75,
                144,
                3,
                60,
                44,
                30,
                71,
                43,
                190,
                38,
                127,
                188,
                88,
                169,
                50,
                113,
                116,
                123,
                80,
                76,
                15,
                196,
                154,
                139,
                115,
                111,
                160,
                97,
                186,
                164,
                29,
                175,
                159,
                8,
                56,
                69,
                85,
                184,
                16,
                92,
                49,
                52,
                114,
                189,
                98,
                22,
                156,
                12,
                70,
                77,
                90,
                125,
                96,
                87,
                54,
                107,
                132,
                66,
                157,
                128,
                142,
                130,
                9,
                99,
                13,
                63,
                23,
                158,
                148,
                40,
                84,
                180,
                82,
                26,
                37,
                86,
                193,
                134,
                6,
                31,
                83,
                174,
                168,
                199,
                51,
                170,
                68,
                187,
                162,
                81,
                17,
                181,
                93,
                58,
                95,
                136,
                195,
                41,
                183,
                105,
                122,
                151,
                150,
                140,
                62,
                91,
                109,
                36,
                155,
                35,
                21,
                78,
                25,
                14,
                34,
                24,
                61,
                145,
                47,
                100,
                152,
                101,
                143,
                45,
                28,
                64,
                171,
                197,
                65,
                165,
                67,
                121,
                191,
                147,
                179,
                198,
                103,
                118,
                39,
                73,
                161,
                19,
                5,
                192,
                126,
                166,
                32,
                108,
                172,
                106,
                120,
                133,
                33,
                112,
                137,
                153,
                46,
                119,
                20,
                146,
                94,
                7,
                167,
                18,
                178,
                177,
                135,
                141,
                104,
                194,
                163,
                55,
                53,
                72,
                110,
                124,
                27,
                1,
                173,
                185,
                149,
                131,
                48,
                57,
                0,
                74,
                117,
                42,
                176,
                79,
                11,
                138,
                10,
                2,
                102,
                129,
                4,
                59,
                182,
                89,
                75,
                144,
                3,
                60,
                44,
                30,
                71,
                43,
                190,
                38,
                127,
                188,
                88,
                169,
                50,
                113,
                116,
                123,
                80,
                76,
                15,
                196,
                154,
                139,
                115,
                111,
                160,
                97,
                186,
                164,
                29,
                175,
                159,
                8,
                56,
                69,
                85,
                184,
                16,
                92,
                49,
                52,
                114,
                189,
                98,
                22,
                156,
                12,
                70,
                77,
                90,
                125,
                96,
                87,
                54,
                107,
                132,
                66,
                157,
                128,
                142,
                130,
                9,
                99,
                13,
                63,
                23,
                158,
                148,
                40,
                84,
                180,
                82,
                26,
                37,
                86,
                193,
                134,
                6,
                31,
                83,
                174,
                168,
                199,
                51,
                170,
                68,
                187,
                162,
                81,
                17,
                181,
                93,
                58,
                95,
                136,
                195,
                41,
                183,
                105,
                122,
                151,
                150,
                140,
                62,
                91,
                109,
                36,
                155,
                35,
                21,
                78,
                25,
                14,
                34,
                24,
                61,
                145,
                47,
                100,
                152,
                101,
                143,
                45,
                28,
                64,
                171,
                197,
                65,
                165,
                67,
                121,
                191,
                147,
                179,
                198,
                103,
                118,
                39,
                73,
                161,
                19,
                5,
                192,
                126,
                166,
                32,
                108,
                172,
                106,
                120,
                133,
                33,
                112,
                137,
                153,
                46,
                119,
                20,
                146,
                94,
                7,
                167,
                18,
                178,
                177,
                135,
                141,
                104,
                194,
                163,
                55,
                53,
                72,
                110,
                124,
                27,
                1,
                173,
                185,
                149,
                131,
                48,
                57,
                0,
                74,
                117,
                42,
                176,
                79,
                11,
                138,
                10,
                2,
                102,
                129,
                4,
                59,
                182,
                89,
                75,
                144,
                3,
                60,
                44,
                30,
                71,
                43,
                190,
                38,
                127,
                188,
                88,
                169,
                50,
                113,
                116,
                123,
                80,
                76,
                15,
                196,
                154,
                139,
                115,
                111,
                160,
                97,
                186,
                164,
                29,
                175,
                159,
                8,
                56,
                69,
                85,
                184,
                16,
                92,
                49,
                52,
                114,
                189,
                98,
                22,
                156,
                12,
                70,
                77,
                90,
                125,
                96,
                87,
                54,
                107,
                132,
                66,
                157,
                128,
                142,
                130,
                9,
                99,
                13,
                63,
                23,
                158,
                148,
                40,
                84,
                180,
                82,
                26,
                37,
                86,
                193,
                134,
                6,
                31,
                83,
                174,
                168,
                199,
                51,
                170,
                68,
                187,
                162,
                81,
                17,
                181,
                93,
                58,
                95,
                136,
                195,
                41,
                183,
                105,
                122,
                151,
                150,
                140,
                62,
                91,
                109,
                36,
                155,
                35,
                21,
                78,
                25,
                14,
                34,
                24,
                61,
                145,
                47,
                100,
                152,
                101,
                143,
                45,
                28,
                64,
                171,
                197,
                65,
                165,
                67,
                121,
                191,
                147,
                179,
                198,
                103,
                118,
                39,
                73,
                161,
                19,
                5,
                192,
                126,
                166,
                32,
                108,
                172,
                106,
                120,
                133,
                33,
                112,
                137,
                153,
                46,
                119,
                20,
                146,
                94,
                7,
                167,
                18,
                178,
                177,
                135,
                141,
                104,
                194,
                163,
                55,
                53,
                72,
                110,
                124,
                27,
                1,
                173,
                185,
                149,
                131,
                48,
                57,
                0,
                74,
                117,
                42,
                176,
                79,
                11,
                138,
                10,
                2,
                102,
                129,
                4,
                59,
                182,
                89,
                75,
                144,
                3,
                60,
                44,
                30,
                71,
                43,
                190,
                38,
                127,
                188,
                88,
                169,
                50,
                113,
                116,
                123,
                80,
                76,
                15,
                196,
                154,
                139,
                115,
                111,
                160,
                97,
                186,
                164,
                29,
                175,
                159,
                8,
                56,
                69,
                85,
                184,
                16,
                92,
                49,
                52,
                114,
                189,
                98,
                22,
                156,
                12,
                70,
                77,
                90,
                125,
                96,
                87,
                54,
                107,
                132,
                66,
                157,
                128,
                142,
                130,
                9,
                99,
                13,
                63,
                23,
                158,
                148,
                40,
                84,
                180,
                82,
                26,
                37,
                86,
                193,
                134,
                6,
                31,
                83,
                174,
                168,
                199,
                51,
                170,
                68,
                187,
                162,
                81,
                17,
                181,
                93,
                58,
                95,
                136,
                195,
                41,
                183,
                105,
                122,
                151,
                150,
                140,
                62,
                91,
                109,
                36,
                155,
                35,
                21,
                78,
                25,
                14,
                34,
                24,
                61,
                145,
                47,
                100,
                152,
                101,
                143,
                45,
                28,
                64,
                171,
                197,
                65,
                165,
                67,
                121,
                191,
                147,
                179,
                198,
                103,
                118,
                39,
                73,
                161,
                19,
                5,
                192,
                126,
                166,
                32,
                108,
                172,
                106,
                120,
                133,
                33,
                112,
                137,
                153,
                46,
                119,
                20,
                146,
                94,
                7,
                167,
                18,
                178,
                177,
                135,
                141,
                104,
                194,
                163,
                55,
                53,
                72,
                110,
                124,
                27,
                1,
                173,
                185,
                149,
                131,
                48,
                57,
                0,
                74,
                117,
                42,
                176,
                79,
                11,
                138,
                10,
                2,
                102,
                129,
                4,
                59,
                182,
                89,
                75,
                144,
                3,
                60,
                44,
                30,
                71,
                43,
                190,
                38,
                127,
                188,
                88,
                169,
                50,
                113,
                116,
                123,
                80,
                76,
                15,
                196,
                154,
                139,
                115,
                111,
                160,
                97,
                186,
                164,
                29,
                175,
                159,
                8,
                56,
                69,
                85,
                184,
                16,
                92,
                49,
                52,
                114,
                189,
                98,
                22,
                156,
                12,
                70,
                77,
                90,
                125,
                96,
                87,
                54,
                107,
                132,
                66,
                157,
                128,
                142,
                130,
                9,
                99,
                13,
                63,
                23,
                158,
                148,
                40,
                84,
                180,
                82,
                26,
                37,
                86,
                193,
                134,
                6,
                31,
                83,
                174,
                168,
                199,
                51,
                170,
                68,
                187,
                162,
                81,
                17,
                181,
                93,
                58,
                95,
                136,
                195,
                41,
                183,
                105,
                122,
                151,
                150,
                140,
                62,
                91,
                109,
                36,
                155,
                35,
                21,
                78,
                25,
                14,
                34,
                24,
                61,
                145,
                47,
                100,
                152,
                101,
                143,
                45,
                28,
                64,
                171,
                197,
                65,
                165,
                67,
                121,
                191,
                147,
                179,
                198,
                103,
                118,
                39,
                73,
                161,
                19,
                5,
                192,
                126,
                166,
                32,
                108,
                172,
                106,
                120,
                133,
                33,
                112,
                137,
                153,
                46,
                119,
                20,
                146,
                94,
                7,
                167,
                18,
                178,
                177,
                135,
                141,
                104,
                194,
                163,
                55,
                53,
                72,
                110,
                124,
                27,
                1,
                173,
                185,
                149,
                131,
                48,
                57,
                0,
                74,
                117,
                42,
                176,
                79,
                11,
                138,
                10,
                2,
                102,
                129,
                4,
                59,
                182,
                89,
                75,
                144,
                3,
                60,
                44,
                30,
                71,
                43,
                190,
                38,
                127,
                188,
                88,
                169,
                50,
                113,
                116,
                123,
                80,
                76,
                15,
                196,
                154,
                139,
                115,
                111,
                160,
                97,
                186,
                164,
                29,
                175,
                159,
                8,
                56,
                69,
                85,
                184,
                16,
                92,
                49,
                52,
                114,
                189,
                98,
                22,
                156,
                12,
                70,
                77,
                90,
                125,
                96,
                87,
                54,
                107,
                132,
                66,
                157,
                128,
                142,
                130,
                9,
                99,
                13,
                63,
                23,
                158,
                148,
                40,
                84,
                180,
                82,
                26,
                37,
                86,
                193,
                134,
                6,
                31,
                83,
                174,
                168,
                199,
                51,
                170,
                68,
                187,
                162,
                81,
                17,
                181,
                93,
                58,
                95,
                136,
                195,
                41,
                183,
                105,
                122,
                151,
                150,
                140,
                62,
                91,
                109,
                36,
                155,
                35,
                21,
                78,
                25,
                14,
                34,
                24,
                61,
                145,
                47,
                100,
                152,
                101,
                143,
                45,
                28,
                64,
                171,
                197,
                65,
                165,
                67,
                121,
                191,
                147,
                179,
                198,
                103,
                118,
                39,
                73,
                161,
                19,
                5,
                192,
                126,
                166,
                32,
                108,
                172,
                106,
                120,
                133,
                33,
                112,
                137,
                153,
                46,
                119,
                20,
                146,
                94,
                7,
                167,
                18,
                178,
                177,
                135,
                141,
                104,
                194,
                163,
                55,
                53,
                72,
                110,
                124,
                27,
                1,
                173,
                185,
                149,
                131,
                48,
                57,
                0,
                74,
                117,
                42,
                176,
                79,
                11,
                138,
                10,
                2,
                102,
                129,
                4,
                59,
                182,
                89,
                75,
                144,
                3,
                60,
                44,
                30,
                71,
                43,
                190,
                38,
                127,
                188,
                88,
                169,
                50,
                113,
                116,
                123,
                80,
                76,
                15,
                196,
                154,
                139,
                115,
                111,
                160,
                97,
                186,
                164,
                29,
                175,
                159,
                8,
                56,
                69,
                85,
                184,
                16,
                92,
                49,
                52,
                114,
                189,
                98,
                22,
                156,
                12,
                70,
                77,
                90,
                125,
                96,
                87,
                54,
                107,
                132,
                66,
                157,
                128,
                142,
                130,
                9,
                99,
                13,
                63,
                23,
                158,
                148,
                40,
                84,
                180,
                82,
                26,
                37,
                86,
                193,
                134,
                6,
                31,
                83,
                174,
                168,
                199,
                51,
                170,
                68,
                187,
                162,
                81,
                17,
                181,
                93,
                58,
                95,
                136,
                195,
                41,
                183,
                105,
                122,
                151,
                150,
                140,
                62,
                91,
                109,
                36,
                155,
                35,
                21,
                78,
                25,
                14,
                34,
                24,
                61,
                145,
                47,
                100,
                152,
                101,
                143,
                45,
                28,
                64,
                171,
                197,
                65,
                165,
                67,
                121,
                191,
                147,
                179,
                198,
                103,
                118,
                39,
                73,
                161,
                19,
                5,
                192,
                126,
                166,
                32,
                108,
                172,
                106,
                120,
                133,
                33,
                112,
                137,
                153,
                46,
                119,
                20,
                146,
                94,
                7,
                167,
                18,
                178,
                177,
                135,
                141,
                104,
                194,
                163,
                55,
                53,
                72,
                110,
                124,
                27,
                1,
                173,
                185,
                149,
                131,
                48,
                57,
                0,
                74,
                117,
                42,
                176,
                79,
                11,
                138,
                10,
                2,
                102,
                129,
                4,
                59,
                182,
                89,
                75,
                144,
                3,
                60,
                44,
                30,
                71,
                43,
                190,
                38,
                127,
                188,
                88,
                169,
                50,
                113,
                116,
                123,
                80,
                76,
                15,
                196,
                154,
                139,
                115,
                111,
                160,
                97,
                186,
                164,
                29,
                175,
                159,
                8,
                56,
                69,
                85,
                184,
                16,
                92,
                49,
                52,
                114,
                189,
                98,
                22,
                156,
                12,
                70,
                77,
                90,
                125,
                96,
                87,
                54,
                107,
                132,
                66,
                157,
                128,
                142,
                130,
                9,
                99,
                13,
                63,
                23,
                158,
                148,
                40,
                84,
                180,
                82,
                26,
                37,
                86,
                193,
                134,
                6,
                31,
                83,
                174,
                168,
                199,
                51,
                170,
                68,
                187,
                162,
                81,
                17,
                181,
                93,
                58,
                95,
                136,
                195,
                41,
                183,
                105,
                122,
                151,
                150,
                140,
                62,
                91,
                109,
                36,
                155,
                35,
                21,
                78,
                25,
                14,
                34,
                24,
                61,
                145,
                47,
                100,
                152,
                101,
                143,
                45,
                28,
                64,
                171,
                197,
                65,
                165,
                67,
                121,
                191,
                147,
                179,
                198,
                103,
                118,
                39,
                73,
                161,
                19,
                5,
                192,
                126,
                166,
                32,
                108,
                172,
                106,
                120,
                133,
                33,
                112,
                137,
                153,
                46,
                119,
                20,
                146,
                94,
                7,
                167,
                18,
                178,
                177,
                135,
                141,
                104,
                194,
                163,
                55,
                53,
                72,
                110,
                124,
                27,
                1,
                173,
                185,
                149,
                131,
                48,
                57,
                0,
                74,
                117,
                42,
                176,
                79,
                11,
                138,
                10,
                2,
                102,
                129,
                4,
                59,
                182,
                89,
                75,
                144,
                3,
                60,
                44,
                30,
                71,
                43,
                190,
                38,
                127,
                188,
                88,
                169,
                50,
                113,
                116,
                123,
                80,
                76,
                15,
                196,
                154,
                139,
                115,
                111,
                160,
                97,
                186,
                164,
                29,
                175,
                159,
                8,
                56,
                69,
                85,
                184,
                16,
                92,
                49,
                52,
                114,
                189,
                98,
                22,
                156,
                12,
                70,
                77,
                90,
                125,
                96,
                87,
                54,
                107,
                132,
                66,
                157,
                128,
                142,
                130,
                9,
                99,
                13,
                63,
                23,
                158,
                148,
                40,
                84,
                180,
                82,
                26,
                37,
                86,
                193,
                134,
                6,
                31,
                83,
                174,
                168,
                199,
                51,
                170,
                68,
                187,
                162,
                81,
                17,
                181,
                93,
                58,
                95,
                136,
                195,
                41,
                183,
                105,
                122,
                151,
                150,
                140,
                62,
                91,
                109,
                36,
                155,
                35,
                21,
                78,
                25,
                14,
                34,
                24,
                61,
                145,
                47,
                100,
                152,
                101,
                143,
                45,
                28,
                64,
                171,
                197,
                65,
                165,
                67,
                121,
                191,
                147,
                179,
                198,
                103,
                118,
                39,
                73,
                161,
                19,
                5,
                192,
                126,
                166,
                32,
                108,
                172,
                106,
                120,
                133,
                33,
                112,
                137,
                153,
                46,
                119,
                20,
                146,
                94,
                7,
                167,
                18,
                178,
                177,
                135,
                141,
                104,
                194,
                163,
                55,
                53,
                72,
                110,
                124,
                27,
                1,
                173,
                185,
                149,
                131,
                48,
                57,
                0,
                74,
                117,
                42,
                176,
                79,
                11,
                138,
                10,
                2,
                102,
                129,
                4,
                59,
                182,
                89,
                75,
                144,
                3,
                60,
                44,
                30,
                71,
                43,
                190,
                38,
                127,
                188,
                88,
                169,
                50,
                113,
                116,
                123,
                80,
                76,
                15,
                196,
                154,
                139,
                115,
                111,
                160,
                97,
                186,
                164,
                29,
                175,
                159,
                8,
                56,
                69,
                85,
                184,
                16,
                92,
                49,
                52,
                114,
                189,
                98,
                22,
                156,
                12,
                70,
                77,
                90,
                125,
                96,
                87,
                54,
                107,
                132,
                66,
                157,
                128,
                142,
                130,
                9,
                99,
                13,
                63,
                23,
                158,
                148,
                40,
                84,
                180,
                82,
                26,
                37,
                86,
                193,
                134,
                6,
                31,
                83,
                174,
                168,
                199,
                51,
                170,
                68,
                187,
                162,
                81,
                17,
                181,
                93,
                58,
                95,
                136,
                195,
                41,
                183,
                105,
                122,
                151,
                150,
                140,
                62,
                91,
                109,
                36,
                155,
                35,
                21,
                78,
                25,
                14,
                34,
                24,
                61,
                145,
                47,
                100,
                152,
                101,
                143,
                45,
                28,
                64,
                171,
                197,
                65,
                165,
                67,
                121,
                191,
                147,
                179,
                198,
                103,
                118,
                39,
                73,
                161,
                19,
                5,
                192,
                126,
                166,
                32,
                108,
                172,
                106,
                120,
                133,
                33,
                112,
                137,
                153,
                46,
                119,
                20,
                146,
                94,
                7,
                167,
                18,
                178,
                177,
                135,
                141,
                104,
                194,
                163,
                55,
                53,
                72,
                110,
                124,
                27,
                1,
                173,
                185,
                149,
                131,
                48,
                57,
                0,
                74,
                117,
                42,
                176,
                79,
                11,
                138,
                10,
                2,
                102,
                129,
                4,
                59,
                182,
                89,
                75,
                144,
                3,
                60,
                44,
                30,
                71,
                43,
                190,
                38,
                127,
                188,
                88,
                169,
                50,
                113,
                116,
                123,
                80,
                76,
                15,
                196,
                154,
                139,
                115,
                111,
                160,
                97,
                186,
                164,
                29,
                175,
                159,
                8,
                56,
                69,
                85,
                184,
                16,
                92,
                49,
                52,
                114,
                189,
                98,
                22,
                156,
                12,
                70,
                77,
                90,
                125,
                96,
                87,
                54,
                107,
                132,
                66,
                157,
                128,
                142,
                130,
                9,
                99,
                13,
                63,
                23,
                158,
                148,
                40,
                84,
                180,
                82,
                26,
                37,
                86,
                193,
                134,
                6,
                31,
                83,
                174,
                168,
                199,
                51,
                170,
                68,
                187,
                162,
                81,
                17,
                181,
                93,
                58,
                95,
                136,
                195,
                41,
                183,
                105,
                122,
                151,
                150,
                140,
                62,
                91,
                109,
                36,
                155,
                35,
                21,
                78,
                25,
                14,
                34,
                24,
                61,
                145,
                47,
                100,
                152,
                101,
                143,
                45,
                28,
                64,
                171,
                197,
                65,
                165,
                67,
                121,
                191,
                147,
                179,
                198,
                103,
                118,
                39,
                73,
                161,
                19,
                5,
                192,
                126,
                166,
                32,
                108,
                172,
                106,
                120,
                133,
                33,
                112,
                137,
                153,
                46,
                119,
                20,
                146,
                94,
                7,
                167,
                18,
                178,
                177,
                135,
                141,
                104,
                194,
                163,
                55,
                53,
                72,
                110,
                124,
                27,
                1,
                173,
                185,
                149,
                131,
                48,
                57,
                0,
                74,
                117,
                42,
                176,
                79,
                11,
                138,
                10,
                2,
                102,
                129,
                4,
                59,
                182,
                89,
                75,
                144,
                3,
                60,
                44,
                30,
                71,
                43,
                190,
                38,
                127,
                188,
                88,
                169,
                50,
                113,
                116,
                123,
                80,
                76,
                15,
                196,
                154,
                139,
                115,
                111,
                160,
                97,
                186,
                164,
                29,
                175,
                159,
                8,
                56,
                69,
                85,
                184,
                16,
                92,
                49,
                52,
                114,
                189,
                98,
                22,
                156,
                12,
                70,
                77,
                90,
                125,
                96,
                87,
                54,
                107,
                132,
                66,
                157,
                128,
                142,
                130,
                9,
                99,
                13,
                63,
                23,
                158,
                148,
                40,
                84,
                180,
                82,
                26,
                37,
                86,
                193,
                134,
                6,
                31,
                83,
                174,
                168,
                199,
                51,
                170,
                68,
                187,
                162,
                81,
                17,
                181,
                93,
                58,
                95,
                136,
                195,
                41,
                183,
                105,
                122,
                151,
                150,
                140,
                62,
                91,
                109,
                36,
                155,
                35,
                21,
                78,
                25,
                14,
                34,
                24,
                61,
                145,
                47,
                100,
                152,
                101,
                143,
                45,
                28,
                64,
                171,
                197,
                65,
                165,
                67,
                121,
                191,
                147,
                179,
                198,
                103,
                118,
                39,
                73,
                161,
                19,
                5,
                192,
                126,
                166,
                32,
                108,
                172,
                106,
                120,
                133,
                33,
                112,
                137,
                153,
                46,
                119,
                20,
                146,
                94,
                7,
                167,
                18,
                178,
                177,
                135,
                141,
                104,
                194,
                163,
                55,
                53,
                72,
                110,
                124,
                27,
                1,
                173,
                185,
                149,
                131,
                48,
                57,
                0,
                74,
                117,
                42,
                176,
                79,
                11,
                138,
                10,
                2,
                102,
                129,
                4,
                59,
                182,
                89,
                75,
                144,
                3,
                60,
                44,
                30,
                71,
                43,
                190,
                38,
                127,
                188,
                88,
                169,
                50,
                113,
                116,
                123,
                80,
                76,
                15,
                196,
                154,
                139,
                115,
                111,
                160,
                97,
                186,
                164,
                29,
                175,
                159,
                8,
                56,
                69,
                85,
                184,
                16,
                92,
                49,
                52,
                114,
                189,
                98,
                22,
                156,
                12,
                70,
                77,
                90,
                125,
                96,
                87,
                54,
                107,
                132,
                66,
                157,
                128,
                142,
                130,
                9,
                99,
                13,
                63,
                23,
                158,
                148,
                40,
                84,
                180,
                82,
                26,
                37,
                86,
                193,
                134,
                6,
                31,
                83,
                174,
                168,
                199,
                51,
                170,
                68,
                187,
                162,
                81,
                17,
                181,
                93,
                58,
                95,
                136,
                195,
                41,
                183,
                105,
                122,
                151,
                150,
                140,
                62,
                91,
                109,
                36,
                155,
                35,
                21,
                78,
                25,
                14,
                34,
                24,
                61,
                145,
                47,
                100,
                152,
                101,
                143,
                45,
                28,
                64,
                171,
                197,
                65,
                165,
                67,
                121,
                191,
                147,
                179,
                198,
                103,
                118,
                39,
                73,
                161,
                19,
                5,
                192,
                126,
                166,
                32,
                108,
                172,
                106,
                120,
                133,
                33,
                112,
                137,
                153,
                46,
                119,
                20,
                146,
                94,
                7,
                167,
                18,
                178,
                177,
                135,
                141,
                104,
                194,
                163,
                55,
                53,
                72,
                110,
                124,
                27,
                1,
                173,
                185,
                149,
                131,
                48,
                57,
                0,
                74,
                117,
                42,
                176,
                79,
                11,
                138,
                10,
                2,
                102,
                129,
                4,
                59,
                182,
                89,
                75,
                144,
                3,
                60,
                44,
                30,
                71,
                43,
                190,
                38,
                127,
                188,
                88,
                169,
                50,
                113,
                116,
                123,
                80,
                76,
                15,
                196,
                154,
                139,
                115,
                111,
                160,
                97,
                186,
                164,
                29,
                175,
                159,
                8,
                56,
                69,
                85,
                184,
                16,
                92,
                49,
                52,
                114,
                189,
                98,
                22,
                156,
                12,
                70,
                77,
                90,
                125,
                96,
                87,
                54,
                107,
                132,
                66,
                157,
                128,
                142,
                130,
                9,
                99,
                13,
                63,
                23,
                158,
                148,
                40,
                84,
                180,
                82,
                26,
                37,
                86,
                193,
                134,
                6,
                31,
                83,
                174,
                168,
                199,
                51,
                170,
                68,
                187,
                162,
                81,
                17,
                181,
                93,
                58,
                95,
                136,
                195,
                41,
                183,
                105,
                122,
                151,
                150,
                140,
                62,
                91,
                109,
                36,
                155,
                35,
                21,
                78,
                25,
                14,
                34,
                24,
                61,
                145,
                47,
                100,
                152,
                101,
                143,
                45,
                28,
                64,
                171,
                197,
                65,
                165,
                67,
                121,
                191,
                147,
                179,
                198,
                103,
                118,
                39,
                73,
                161,
                19,
                5,
                192,
                126,
                166,
                32,
                108,
                172,
                106,
                120,
                133,
                33,
                112,
                137,
                153,
                46,
                119,
                20,
                146,
                94,
                7,
                167,
                18,
                178,
                177,
                135,
                141,
                104,
                194,
                163,
                55,
                53,
                72,
                110,
                124,
                27,
                1,
                173,
                185,
                149,
                131,
                48,
                57,
                0,
                74,
                117,
                42,
                176,
                79,
                11,
                138,
                10,
                2,
                102,
                129,
                4,
                59,
                182,
                89,
                75,
                144,
                3,
                60,
                44,
                30,
                71,
                43,
                190,
                38,
                127,
                188,
                88,
                169,
                50,
                113,
                116,
                123,
                80,
                76,
                15,
                196,
                154,
                139,
                115,
                111,
                160,
                97,
                186,
                164,
                29,
                175,
                159,
                8,
                56,
                69,
                85,
                184,
                16,
                92,
                49,
                52,
                114,
                189,
                98,
                22,
                156,
                12,
                70,
                77,
                90,
                125,
                96,
                87,
                54,
                107,
                132,
                66,
                157,
                128,
                142,
                130,
                9,
                99,
                13,
                63,
                23,
                158,
                148,
                40,
                84,
                180,
                82,
                26,
                37,
                86,
                193,
                134,
                6,
                31,
                83,
                174,
                168,
                199,
                51,
                170,
                68,
                187,
                162,
                81,
                17,
                181,
                93,
                58,
                95,
                136,
                195,
                41,
                183,
                105,
                122,
                151,
                150,
                140,
                62,
                91,
                109,
                36,
                155,
                35,
                21,
                78,
                25,
                14,
                34,
                24,
                61,
                145,
                47,
                100,
                152,
                101,
                143,
                45,
                28,
                64,
                171,
                197,
                65,
                165,
                67,
                121,
                191,
                147,
                179,
                198,
                103,
                118,
                39,
                73,
                161,
                19,
                5,
                192,
                126,
                166,
                32,
                108,
                172,
                106,
                120,
                133,
                33,
                112,
                137,
                153,
                46,
                119,
                20,
                146,
                94,
                7,
                167,
                18,
                178,
                177,
                135,
                141,
                104,
                194,
                163,
                55,
                53,
                72,
                110,
                124,
                27,
                1,
                173,
                185,
                149,
                131,
                48,
                57,
                0,
                74,
                117,
                42,
                176,
                79,
                11,
                138,
                10,
                2,
                102,
                129,
                4,
                59,
                182,
                89,
                75,
                144,
                3,
                60,
                44,
                30,
                71,
                43,
                190,
                38,
                127,
                188,
                88,
                169,
                50,
                113,
                116,
                123,
                80,
                76,
                15,
                196,
                154,
                139,
                115,
                111,
                160,
                97,
                186,
                164,
                29,
                175,
                159,
                8,
                56,
                69,
                85,
                184,
                16,
                92,
                49,
                52,
                114,
                189,
                98,
                22,
                156,
                12,
                70,
                77,
                90,
                125,
                96,
                87,
                54,
                107,
                132,
                66,
                157,
                128,
                142,
                130,
                9,
                99,
                13,
                63,
                23,
                158,
                148,
                40,
                84,
                180,
                82,
                26,
                37,
                86,
                193,
                134,
                6,
                31,
                83,
                174,
                168,
                199,
                51,
                170,
                68,
                187,
                162,
                81,
                17,
                181,
                93,
                58,
                95,
                136,
                195,
                41,
                183,
                105,
                122,
                151,
                150,
                140,
                62,
                91,
                109,
                36,
                155,
                35,
                21,
                78,
                25,
                14,
                34,
                24,
                61,
                145,
                47,
                100,
                152,
                101,
                143,
                45,
                28,
                64,
                171,
                197,
                65,
                165,
                67,
                121,
                191,
                147,
                179,
                198,
                103,
                118,
                39,
                73,
                161,
                19,
                5,
                192,
                126,
                166,
                32,
                108,
                172,
                106,
                120,
                133,
                33,
                112,
                137,
                153,
                46,
                119,
                20,
                146,
                94,
                7,
                167,
                18,
                178,
                177,
                135,
                141,
                104,
                194,
                163,
                55,
                53,
                72,
                110,
                124,
                27,
                1,
                173,
                185,
                149,
                131,
                48,
                57,
                0,
                74,
                117,
                42,
                176,
                79,
                11,
                138,
                10,
                2,
                102,
                129,
                4,
                59,
                182,
                89,
                75,
                144,
                3,
                60,
                44,
                30,
                71,
                43,
                190,
                38,
                127,
                188,
                88,
                169,
                50,
                113,
                116,
                123,
                80,
                76,
                15,
                196,
                154,
                139,
                115,
                111,
                160,
                97,
                186,
                164,
                29,
                175,
                159,
                8,
                56,
                69,
                85,
                184,
                16,
                92,
                49
            ]
        }
    },
    "steps": {
        "0": 12832,
        "1": 12427,
        "1227": 11805,
        "1228": 11801,
        "1633": 11787,
        "2": 12170,
        "3": 12066,
        "4": 11972,
        "413": 11844,
        "414": 11821,
        "415": 11815,
        "5": 11927,
        "6": 11873,
        "618": 11814,
        "7": 11861
    },
    "timeout": 1800
}