{
    "config": {
        "allow_infeasible": true,
        "construction": "random_replicate",
        "ils_k": 6,
        "local_search": "CVND",
        "metaheuristic": "ILS",
        "num_threads": 8,
        "operators": [
            "insert_1",
            "remove_1",
            "two_opt",
            "exchange_ids",
            "exchange_1_2",
            "exchange_2_2",
            "exchange_3_3",
            "exchange_3_4",
            "exchange_4_4",
            "rexchange_2_2",
            "rexchange_2_3",
            "rexchange_4_4",
            "centered_exchange_1",
            "relocate_1",
            "relocate_5",
            "rrelocate_3",
            "rrelocate_4",
            "move_all_by_1",
            "move_all_by_2"
        ],
        "perturbation": [
            "random_double_bridge"
        ],
        "timeout": 3600
    },
    "histogram": {
        "all": {
            "centered_exchange_1": 376,
            "exchange_1_2": 377,
            "exchange_2_2": 377,
            "exchange_3_3": 377,
            "exchange_3_4": 377,
            "exchange_4_4": 377,
            "exchange_ids": 377,
            "insert_1": 378,
            "move_all_by_1": 364,
            "move_all_by_2": 364,
            "relocate_1": 364,
            "relocate_5": 364,
            "remove_1": 378,
            "rexchange_2_2": 377,
            "rexchange_2_3": 376,
            "rexchange_4_4": 376,
            "rrelocate_3": 364,
            "rrelocate_4": 364,
            "two_opt": 378
        },
        "improving": {
            "centered_exchange_1": 122,
            "exchange_1_2": 319,
            "exchange_2_2": 236,
            "exchange_3_3": 179,
            "exchange_3_4": 202,
            "exchange_4_4": 133,
            "exchange_ids": 355,
            "insert_1": 54,
            "move_all_by_1": 193,
            "move_all_by_2": 155,
            "relocate_1": 363,
            "relocate_5": 78,
            "remove_1": 11,
            "rexchange_2_2": 258,
            "rexchange_2_3": 268,
            "rexchange_4_4": 173,
            "rrelocate_3": 156,
            "rrelocate_4": 97,
            "two_opt": 337
        },
        "rate": {
            "centered_exchange_1": 0.32446807622909546,
            "exchange_1_2": 0.8461538553237915,
            "exchange_2_2": 0.6259946823120117,
            "exchange_3_3": 0.47480106353759766,
            "exchange_3_4": 0.5358090400695801,
            "exchange_4_4": 0.3527851402759552,
            "exchange_ids": 0.941644549369812,
            "insert_1": 0.1428571492433548,
            "move_all_by_1": 0.5302197933197021,
            "move_all_by_2": 0.4258241653442383,
            "relocate_1": 0.9972527623176575,
            "relocate_5": 0.2142857164144516,
            "remove_1": 0.029100529849529266,
            "rexchange_2_2": 0.6843501329421997,
            "rexchange_2_3": 0.7127659320831299,
            "rexchange_4_4": 0.46010637283325195,
            "rrelocate_3": 0.4285714328289032,
            "rrelocate_4": 0.26648351550102234,
            "two_opt": 0.8915343880653381
        }
    },
    "last_improvement": 3459,
    "name": "cvrp-X-n1001-k43.xml",
    "solution": {
        "solution": {
            "fitness": 78412,
            "is_feasible": true,
            "permutation": [
                0,
                94,
                261,
                625,
                672,
                517,
                471,
                645,
                95,
                404,
                777,
                869,
                511,
                76,
                3,
                798,
                113,
                772,
                79,
                577,
                995,
                87,
                924,
                118,
                379,
                48,
                0,
                5,
                830,
                519,
                675,
                716,
                67,
                478,
                295,
                73,
                170,
                381,
                420,
                449,
                36,
                997,
                189,
                178,
                224,
                715,
                69,
                741,
                458,
                636,
                864,
                206,
                0,
                801,
                8,
                98,
                690,
                307,
                148,
                614,
                872,
                347,
                516,
                686,
                644,
                363,
                373,
                342,
                11,
                334,
                7,
                846,
                697,
                773,
                737,
                21,
                0,
                754,
                140,
                842,
                313,
                218,
                251,
                685,
                608,
                380,
                326,
                878,
                319,
                631,
                666,
                271,
                97,
                849,
                530,
                389,
                746,
                569,
                943,
                59,
                959,
                774,
                0,
                727,
                925,
                128,
                999,
                520,
                448,
                749,
                669,
                233,
                225,
                503,
                687,
                426,
                527,
                504,
                700,
                252,
                30,
                743,
                314,
                66,
                886,
                268,
                131,
                388,
                989,
                718,
                603,
                533,
                0,
                861,
                246,
                273,
                425,
                327,
                779,
                691,
                996,
                521,
                106,
                612,
                891,
                281,
                986,
                4,
                276,
                791,
                184,
                166,
                193,
                336,
                235,
                584,
                162,
                848,
                769,
                100,
                0,
                822,
                538,
                204,
                130,
                907,
                681,
                885,
                152,
                370,
                961,
                550,
                121,
                387,
                860,
                920,
                940,
                602,
                922,
                573,
                751,
                255,
                815,
                96,
                921,
                766,
                0,
                211,
                400,
                439,
                430,
                428,
                813,
                159,
                575,
                308,
                405,
                971,
                117,
                17,
                47,
                580,
                987,
                591,
                362,
                181,
                847,
                857,
                459,
                719,
                767,
                0,
                915,
                571,
                818,
                498,
                831,
                340,
                160,
                928,
                310,
                939,
                72,
                574,
                821,
                526,
                567,
                180,
                747,
                889,
                352,
                757,
                845,
                998,
                542,
                0,
                457,
                806,
                377,
                906,
                733,
                933,
                475,
                838,
                970,
                657,
                856,
                371,
                226,
                253,
                365,
                641,
                674,
                896,
                615,
                154,
                796,
                936,
                37,
                84,
                179,
                0,
                71,
                299,
                712,
                209,
                692,
                726,
                551,
                173,
                893,
                136,
                910,
                991,
                450,
                90,
                200,
                1000,
                633,
                655,
                640,
                280,
                231,
                0,
                611,
                355,
                356,
                604,
                467,
                290,
                81,
                53,
                65,
                730,
                917,
                353,
                833,
                647,
                706,
                213,
                306,
                248,
                724,
                634,
                361,
                0,
                535,
                303,
                904,
                259,
                263,
                285,
                317,
                909,
                628,
                950,
                257,
                711,
                410,
                423,
                546,
                835,
                963,
                292,
                497,
                398,
                725,
                771,
                134,
                112,
                0,
                969,
                266,
                949,
                548,
                432,
                78,
                556,
                185,
                512,
                829,
                348,
                239,
                877,
                598,
                482,
                333,
                212,
                249,
                704,
                438,
                990,
                114,
                45,
                561,
                0,
                9,
                201,
                508,
                871,
                221,
                396,
                738,
                480,
                616,
                717,
                853,
                668,
                418,
                879,
                962,
                256,
                581,
                582,
                974,
                850,
                547,
                101,
                865,
                988,
                0,
                168,
                58,
                243,
                866,
                781,
                442,
                776,
                714,
                2,
                851,
                976,
                35,
                823,
                883,
                926,
                651,
                208,
                539,
                529,
                217,
                311,
                138,
                790,
                627,
                56,
                64,
                0,
                132,
                337,
                859,
                797,
                564,
                395,
                525,
                38,
                965,
                296,
                32,
                6,
                91,
                629,
                756,
                973,
                331,
                901,
                555,
                599,
                216,
                50,
                454,
                761,
                670,
                247,
                452,
                0,
                186,
                938,
                75,
                646,
                401,
                169,
                618,
                763,
                323,
                951,
                137,
                127,
                46,
                496,
                383,
                126,
                787,
                729,
                54,
                888,
                814,
                500,
                302,
                305,
                392,
                898,
                283,
                133,
                972,
                0,
                836,
                369,
                753,
                207,
                642,
                880,
                624,
                376,
                676,
                552,
                678,
                770,
                832,
                758,
                862,
                254,
                589,
                241,
                653,
                465,
                661,
                429,
                479,
                325,
                469,
                0,
                557,
                817,
                328,
                374,
                142,
                800,
                495,
                456,
                60,
                586,
                149,
                622,
                786,
                413,
                367,
                62,
                444,
                424,
                783,
                537,
                507,
                18,
                0,
                937,
                92,
                839,
                703,
                762,
                811,
                375,
                51,
                244,
                359,
                447,
                264,
                391,
                291,
                960,
                232,
                545,
                144,
                671,
                966,
                219,
                802,
                293,
                748,
                0,
                42,
                899,
                982,
                932,
                472,
                699,
                223,
                70,
                946,
                705,
                579,
                975,
                476,
                828,
                820,
                351,
                732,
                558,
                572,
                33,
                968,
                228,
                165,
                613,
                446,
                760,
                837,
                595,
                416,
                284,
                680,
                321,
                0,
                723,
                623,
                278,
                834,
                158,
                344,
                385,
                421,
                287,
                689,
                780,
                541,
                566,
                210,
                514,
                434,
                312,
                358,
                116,
                745,
                460,
                739,
                794,
                0,
                958,
                237,
                900,
                15,
                297,
                980,
                812,
                277,
                52,
                262,
                752,
                171,
                663,
                708,
                596,
                728,
                406,
                41,
                588,
                735,
                354,
                0,
                590,
                464,
                172,
                129,
                630,
                364,
                222,
                523,
                594,
                412,
                994,
                437,
                568,
                947,
                176,
                399,
                510,
                639,
                534,
                605,
                554,
                953,
                411,
                68,
                86,
                0,
                150,
                695,
                122,
                606,
                983,
                99,
                124,
                461,
                553,
                887,
                315,
                948,
                109,
                174,
                911,
                258,
                102,
                941,
                183,
                863,
                992,
                483,
                0,
                289,
                39,
                227,
                617,
                108,
                23,
                799,
                576,
                20,
                393,
                682,
                83,
                667,
                161,
                415,
                977,
                912,
                544,
                721,
                286,
                795,
                654,
                895,
                451,
                785,
                31,
                0,
                107,
                549,
                788,
                635,
                360,
                366,
                267,
                665,
                403,
                125,
                587,
                902,
                332,
                382,
                349,
                341,
                858,
                40,
                473,
                827,
                621,
                205,
                163,
                597,
                196,
                468,
                455,
                688,
                357,
                409,
                707,
                875,
                0,
                28,
                240,
                710,
                638,
                720,
                585,
                709,
                765,
                436,
                16,
                673,
                61,
                441,
                49,
                531,
                868,
                27,
                282,
                220,
                0,
                540,
                187,
                935,
                151,
                301,
                650,
                346,
                402,
                494,
                194,
                952,
                583,
                499,
                528,
                322,
                825,
                407,
                0,
                565,
                245,
                104,
                440,
                927,
                175,
                390,
                481,
                696,
                881,
                854,
                1,
                304,
                195,
                560,
                105,
                14,
                474,
                693,
                740,
                648,
                0,
                234,
                632,
                562,
                120,
                894,
                954,
                913,
                683,
                919,
                123,
                993,
                25,
                198,
                345,
                485,
                236,
                819,
                0,
                372,
                955,
                826,
                870,
                146,
                734,
                487,
                956,
                803,
                24,
                914,
                63,
                139,
                489,
                957,
                942,
                702,
                804,
                524,
                816,
                0,
                658,
                408,
                664,
                768,
                662,
                335,
                978,
                532,
                12,
                908,
                13,
                522,
                742,
                260,
                873,
                698,
                0,
                115,
                643,
                143,
                167,
                93,
                652,
                330,
                85,
                484,
                755,
                964,
                119,
                203,
                145,
                656,
                55,
                230,
                601,
                350,
                930,
                0,
                505,
                844,
                944,
                417,
                386,
                242,
                592,
                384,
                153,
                488,
                744,
                506,
                897,
                270,
                164,
                10,
                916,
                29,
                934,
                789,
                0,
                88,
                394,
                882,
                981,
                923,
                855,
                493,
                329,
                34,
                979,
                649,
                191,
                324,
                677,
                111,
                419,
                288,
                626,
                843,
                778,
                238,
                701,
                929,
                607,
                0,
                320,
                600,
                570,
                502,
                265,
                397,
                593,
                82,
                443,
                731,
                188,
                659,
                43,
                892,
                378,
                103,
                984,
                578,
                294,
                80,
                0,
                431,
                309,
                782,
                269,
                824,
                807,
                750,
                155,
                156,
                182,
                764,
                272,
                543,
                985,
                339,
                57,
                841,
                486,
                513,
                318,
                793,
                462,
                141,
                0,
                903,
                110,
                694,
                784,
                867,
                490,
                918,
                202,
                759,
                422,
                135,
                427,
                229,
                463,
                809,
                157,
                619,
                905,
                736,
                0,
                876,
                316,
                214,
                931,
                491,
                298,
                197,
                840,
                792,
                808,
                884,
                509,
                279,
                89,
                22,
                501,
                660,
                433,
                515,
                0,
                300,
                343,
                492,
                74,
                414,
                805,
                637,
                945,
                874,
                445,
                713,
                215,
                190,
                518,
                453,
                274,
                722,
                775,
                177,
                852,
                44,
                0,
                620,
                199,
                250,
                559,
                26,
                679,
                77,
                147,
                536,
                368,
                19,
                470,
                477,
                610,
                338,
                967,
                275,
                466,
                810,
                435,
                890,
                563,
                684,
                609,
                192,
                0
            ]
        }
    },
    "steps": {
        "0": 615681548,
        "1": 615674720,
        "10": 605495026,
        "100": 493776769,
        "1000": 81421,
        "1001": 81418,
        "1002": 81416,
        "1005": 81403,
        "1006": 81389,
        "1007": 81359,
        "1009": 81358,
        "101": 493774600,
        "1010": 81348,
        "1011": 81347,
        "1012": 81346,
        "1015": 81343,
        "1017": 81333,
        "102": 493774028,
        "1020": 81325,
        "1021": 81324,
        "1022": 81322,
        "1024": 81321,
        "1027": 81314,
        "1029": 81311,
        "103": 493772368,
        "1030": 81306,
        "1031": 81303,
        "1034": 81302,
        "1036": 81297,
        "1039": 81295,
        "104": 483639368,
        "1040": 81287,
        "1043": 81274,
        "1044": 81265,
        "1046": 81261,
        "1049": 81255,
        "105": 483637791,
        "1050": 81252,
        "1054": 81251,
        "1056": 81244,
        "1059": 81238,
        "106": 483637024,
        "1061": 81237,
        "1064": 81232,
        "1066": 81228,
        "1069": 81217,
        "107": 483635115,
        "1070": 81215,
        "1076": 81211,
        "1078": 81210,
        "1079": 81160,
        "108": 483633452,
        "1080": 81159,
        "1084": 81146,
        "1085": 81130,
        "1088": 81125,
        "1089": 81109,
        "109": 483632693,
        "1092": 81093,
        "1093": 81092,
        "1094": 81089,
        "1095": 81081,
        "1098": 81071,
        "11": 605492125,
        "110": 483631147,
        "1102": 81068,
        "1103": 81067,
        "1105": 81060,
        "1108": 81050,
        "1109": 81049,
        "111": 483630277,
        "1110": 81048,
        "1113": 81044,
        "1115": 81024,
        "1117": 81023,
        "1118": 81018,
        "1119": 80975,
        "112": 473497353,
        "1122": 80965,
        "1123": 80950,
        "1124": 80949,
        "1125": 80927,
        "1127": 80900,
        "1128": 80875,
        "1129": 80873,
        "113": 473495929,
        "1132": 80870,
        "1133": 80867,
        "1134": 80846,
        "1137": 80830,
        "1138": 80817,
        "1139": 80809,
        "114": 473494559,
        "1142": 80808,
        "1143": 80807,
        "1144": 80798,
        "1147": 80796,
        "1148": 80787,
        "1149": 80785,
        "115": 473493854,
        "1153": 80775,
        "1154": 80768,
        "1157": 80761,
        "1158": 80752,
        "1159": 80744,
        "116": 473492312,
        "1160": 80740,
        "1162": 80739,
        "1163": 80731,
        "1164": 80708,
        "1167": 80634,
        "1168": 80623,
        "1169": 80621,
        "117": 473490894,
        "1170": 80602,
        "1172": 80536,
        "1174": 80521,
        "1176": 80490,
        "1177": 80445,
        "1178": 80443,
        "1179": 80435,
        "118": 473489987,
        "1180": 80425,
        "1181": 80424,
        "1182": 80421,
        "1184": 80407,
        "1186": 80392,
        "1187": 80364,
        "119": 473488688,
        "1191": 80360,
        "1192": 80358,
        "1193": 80347,
        "1195": 80339,
        "1196": 80290,
        "1197": 80256,
        "12": 605486606,
        "120": 473487942,
        "1201": 80251,
        "1202": 80250,
        "1203": 80245,
        "1206": 80222,
        "1207": 80214,
        "1209": 80204,
        "121": 463355099,
        "1211": 80191,
        "1213": 80180,
        "1215": 80173,
        "1216": 80164,
        "1217": 80162,
        "122": 463354517,
        "1220": 80144,
        "1221": 80142,
        "1223": 80127,
        "1225": 80114,
        "1226": 80108,
        "1227": 80099,
        "123": 463353163,
        "1230": 80097,
        "1231": 80096,
        "1233": 80080,
        "1235": 80068,
        "1236": 80063,
        "1237": 80054,
        "124": 463352399,
        "1241": 80053,
        "1243": 80015,
        "1245": 80014,
        "1246": 80012,
        "1247": 80008,
        "125": 463351134,
        "1252": 79997,
        "1254": 79995,
        "1255": 79993,
        "1256": 79988,
        "1259": 79987,
        "126": 463350452,
        "1261": 79983,
        "1262": 79962,
        "1265": 79960,
        "1268": 79956,
        "127": 463349257,
        "1270": 79955,
        "1272": 79950,
        "1275": 79905,
        "1276": 79898,
        "1278": 79897,
        "1279": 79890,
        "128": 463347792,
        "1282": 79887,
        "1285": 79886,
        "1286": 79879,
        "129": 453215526,
        "1291": 79876,
        "1294": 79875,
        "13": 605480744,
        "130": 453215012,
        "1301": 79872,
        "131": 453213925,
        "132": 453212793,
        "133": 453212160,
        "134": 453210993,
        "135": 453210262,
        "136": 453209366,
        "137": 453208699,
        "138": 443076305,
        "139": 443075778,
        "14": 605478591,
        "140": 443074766,
        "141": 443074235,
        "142": 443073234,
        "143": 443072697,
        "144": 443071658,
        "145": 443071097,
        "146": 432939370,
        "147": 432938340,
        "148": 432937423,
        "149": 432936968,
        "15": 595340726,
        "150": 432936076,
        "151": 432935612,
        "152": 432934591,
        "153": 432934252,
        "154": 432933342,
        "155": 422801860,
        "156": 422801133,
        "157": 422800717,
        "158": 422799724,
        "1583": 79863,
        "1584": 79860,
        "1585": 79832,
        "159": 422799334,
        "1591": 79800,
        "1594": 79797,
        "1595": 79796,
        "1596": 79779,
        "16": 595336094,
        "160": 422798501,
        "1601": 79774,
        "1603": 79769,
        "1604": 79767,
        "161": 422797968,
        "1610": 79765,
        "162": 422797195,
        "163": 422796826,
        "164": 412665397,
        "165": 412665008,
        "166": 412664249,
        "167": 412663619,
        "168": 412662821,
        "169": 412662408,
        "17": 595331039,
        "170": 412661645,
        "1705": 79763,
        "1707": 79762,
        "1708": 79756,
        "1709": 79754,
        "171": 412661301,
        "1713": 79753,
        "1714": 79732,
        "1715": 79729,
        "1718": 79725,
        "1719": 79722,
        "172": 402530538,
        "1720": 79721,
        "1721": 79720,
        "1725": 79718,
        "1728": 79714,
        "1729": 79712,
        "173": 402529727,
        "1735": 79710,
        "1738": 79701,
        "1739": 79700,
        "174": 402529002,
        "1745": 79695,
        "1748": 79692,
        "175": 402528643,
        "1753": 79691,
        "1754": 79675,
        "1755": 79672,
        "1756": 79668,
        "176": 402527975,
        "1762": 79664,
        "1764": 79658,
        "177": 402527666,
        "178": 402526935,
        "179": 402526670,
        "18": 595325558,
        "180": 402525919,
        "181": 392394475,
        "182": 392394202,
        "183": 392393615,
        "184": 392392945,
        "185": 392392661,
        "186": 392392120,
        "187": 392391756,
        "188": 392391189,
        "189": 392390899,
        "19": 595320421,
        "190": 382260217,
        "191": 382259630,
        "192": 382259302,
        "193": 382258642,
        "194": 382258167,
        "195": 382257889,
        "196": 382257325,
        "197": 382256946,
        "198": 382256681,
        "199": 372126089,
        "2": 615671674,
        "20": 595317793,
        "200": 372125844,
        "201": 372125367,
        "202": 372125134,
        "2026": 79652,
        "2028": 79646,
        "2029": 79635,
        "203": 372124702,
        "2032": 79632,
        "2035": 79631,
        "2038": 79620,
        "204": 372124465,
        "2040": 79619,
        "2045": 79617,
        "2047": 79616,
        "2048": 79613,
        "205": 372123971,
        "2054": 79612,
        "2057": 79609,
        "2058": 79607,
        "2059": 79603,
        "206": 372123632,
        "2064": 79592,
        "2066": 79586,
        "2067": 79585,
        "207": 361993511,
        "2074": 79584,
        "2076": 79583,
        "2077": 79581,
        "208": 361993015,
        "2083": 79580,
        "2086": 79579,
        "209": 361992780,
        "2090": 79573,
        "2092": 79542,
        "2093": 79494,
        "2096": 79485,
        "2097": 79484,
        "2098": 79479,
        "21": 595312218,
        "210": 361992383,
        "2102": 79464,
        "2103": 79463,
        "2105": 79451,
        "2106": 79449,
        "2108": 79436,
        "211": 361992096,
        "2112": 79435,
        "2116": 79425,
        "212": 361991720,
        "2122": 79424,
        "213": 361991490,
        "214": 361990983,
        "215": 361990667,
        "216": 351860869,
        "217": 351860438,
        "218": 351860228,
        "2181": 79414,
        "2182": 79411,
        "2185": 79409,
        "2187": 79398,
        "2188": 79396,
        "2189": 79392,
        "219": 351859860,
        "2191": 79391,
        "2192": 79383,
        "2194": 79339,
        "2196": 79335,
        "2197": 79327,
        "22": 595308124,
        "220": 351859602,
        "2200": 79326,
        "2204": 79325,
        "2205": 79323,
        "2206": 79311,
        "2209": 79310,
        "221": 351859258,
        "2216": 79305,
        "222": 351859048,
        "223": 351858636,
        "224": 351858403,
        "225": 341728627,
        "226": 341728253,
        "227": 341728012,
        "228": 341727614,
        "229": 341727396,
        "23": 585171187,
        "230": 341727044,
        "231": 341726824,
        "232": 341726383,
        "233": 341726087,
        "234": 331597341,
        "235": 331596075,
        "236": 331595907,
        "237": 331595489,
        "2370": 79303,
        "2371": 79301,
        "2372": 79300,
        "2374": 79297,
        "2377": 79295,
        "238": 331595296,
        "2380": 79284,
        "2381": 79283,
        "2382": 79278,
        "2385": 79276,
        "2387": 79264,
        "239": 331594892,
        "2390": 79263,
        "2391": 79262,
        "2392": 79261,
        "2395": 79260,
        "2397": 79256,
        "24": 585166208,
        "240": 331594716,
        "2400": 79228,
        "2407": 79226,
        "2409": 79225,
        "241": 331594354,
        "2410": 79222,
        "2416": 79220,
        "242": 331594146,
        "243": 321469661,
        "244": 321464567,
        "245": 321464408,
        "246": 321464063,
        "247": 321463907,
        "248": 321463604,
        "249": 321463441,
        "25": 585161136,
        "250": 321463124,
        "251": 321462931,
        "252": 311338991,
        "2524": 79205,
        "2525": 79202,
        "2529": 79171,
        "253": 311332922,
        "2531": 79163,
        "2533": 79135,
        "2534": 79106,
        "2535": 79077,
        "2536": 79076,
        "2539": 79068,
        "254": 311332691,
        "2541": 79049,
        "2544": 79040,
        "2545": 79030,
        "2546": 79025,
        "2549": 79021,
        "255": 311332384,
        "2551": 79005,
        "2553": 79001,
        "2554": 78999,
        "2555": 78998,
        "256": 311332124,
        "2560": 78982,
        "2562": 78979,
        "2563": 78975,
        "2564": 78960,
        "257": 311331769,
        "2570": 78957,
        "2573": 78946,
        "258": 311331603,
        "2580": 78935,
        "2583": 78915,
        "2588": 78914,
        "259": 311331272,
        "2590": 78899,
        "2592": 78894,
        "2593": 78892,
        "2594": 78888,
        "2595": 78887,
        "2597": 78884,
        "2599": 78883,
        "26": 585158834,
        "260": 311331097,
        "2600": 78874,
        "2602": 78869,
        "2603": 78864,
        "2604": 78861,
        "2606": 78858,
        "2608": 78850,
        "2609": 78846,
        "261": 301208909,
        "2612": 78845,
        "2613": 78840,
        "2617": 78834,
        "2618": 78828,
        "2619": 78822,
        "262": 301201751,
        "2622": 78821,
        "2623": 78817,
        "2629": 78814,
        "263": 301201598,
        "2632": 78805,
        "2635": 78804,
        "2639": 78801,
        "264": 301201294,
        "2642": 78798,
        "2643": 78793,
        "2647": 78790,
        "2648": 78789,
        "2649": 78786,
        "265": 301201149,
        "2651": 78784,
        "2652": 78778,
        "2655": 78774,
        "2657": 78770,
        "2659": 78760,
        "266": 301200917,
        "2661": 78750,
        "2667": 78749,
        "2668": 78747,
        "267": 301200758,
        "2672": 78741,
        "2673": 78736,
        "2678": 78734,
        "268": 301200540,
        "2683": 78732,
        "2688": 78728,
        "269": 301200225,
        "2691": 78720,
        "2698": 78718,
        "27": 585154280,
        "270": 301200040,
        "271": 291077679,
        "272": 291070455,
        "273": 291070336,
        "274": 291070051,
        "275": 291069921,
        "276": 291069680,
        "277": 291069483,
        "278": 291069112,
        "279": 291068988,
        "28": 585148606,
        "280": 280950825,
        "281": 280939770,
        "282": 280939653,
        "283": 280939552,
        "284": 280939251,
        "285": 280939115,
        "286": 280938829,
        "287": 280938716,
        "288": 280938495,
        "2880": 78717,
        "2883": 78714,
        "2884": 78705,
        "2887": 78704,
        "289": 270810066,
        "2890": 78702,
        "2892": 78701,
        "2893": 78699,
        "2894": 78698,
        "2896": 78692,
        "29": 585147164,
        "290": 270809018,
        "2900": 78681,
        "2903": 78671,
        "2904": 78668,
        "2906": 78664,
        "2909": 78652,
        "291": 270808793,
        "2912": 78644,
        "2913": 78643,
        "2914": 78642,
        "2916": 78641,
        "2919": 78633,
        "292": 270808696,
        "2922": 78631,
        "2923": 78627,
        "2929": 78624,
        "293": 270808415,
        "2933": 78621,
        "2939": 78615,
        "294": 270808311,
        "2942": 78614,
        "2944": 78612,
        "2947": 78603,
        "2948": 78600,
        "295": 270807895,
        "2952": 78595,
        "2957": 78584,
        "2958": 78583,
        "296": 270807756,
        "297": 270807405,
        "2977": 78582,
        "298": 260690691,
        "2985": 78581,
        "299": 260677704,
        "3": 615665344,
        "30": 585143396,
        "300": 260677459,
        "301": 260677367,
        "302": 260677209,
        "303": 260677107,
        "304": 260677010,
        "305": 260676762,
        "306": 260676688,
        "307": 250611710,
        "308": 250564530,
        "309": 250548407,
        "31": 575006941,
        "310": 250548057,
        "311": 250547913,
        "312": 250547683,
        "313": 250547514,
        "314": 250547059,
        "315": 250546975,
        "316": 240500817,
        "317": 240469877,
        "318": 240453157,
        "319": 240427952,
        "32": 575002137,
        "320": 240419042,
        "321": 240418915,
        "322": 240418344,
        "323": 240418152,
        "324": 240417898,
        "325": 240417759,
        "326": 230362015,
        "327": 230328019,
        "328": 230312215,
        "329": 230297563,
        "33": 574997740,
        "330": 230293790,
        "331": 230292039,
        "332": 230290953,
        "333": 230290528,
        "334": 230290057,
        "335": 220243731,
        "336": 220233716,
        "337": 220205447,
        "338": 220195766,
        "339": 220179806,
        "3397": 78574,
        "3399": 78566,
        "34": 574995505,
        "340": 220175257,
        "3400": 78560,
        "3403": 78553,
        "3404": 78547,
        "3409": 78546,
        "341": 220171170,
        "3410": 78543,
        "3413": 78537,
        "3414": 78517,
        "3418": 78516,
        "3419": 78515,
        "342": 220166370,
        "3420": 78512,
        "3422": 78511,
        "3423": 78497,
        "3424": 78486,
        "3428": 78483,
        "343": 220166293,
        "3430": 78463,
        "3432": 78452,
        "3433": 78439,
        "3438": 78438,
        "3439": 78436,
        "344": 210155570,
        "3442": 78434,
        "3443": 78430,
        "3449": 78428,
        "345": 210141963,
        "3453": 78427,
        "3459": 78412,
        "346": 210134498,
        "347": 210129169,
        "348": 210124773,
        "349": 210124258,
        "35": 574991231,
        "350": 210119841,
        "351": 210118700,
        "352": 210118113,
        "353": 210116901,
        "354": 100112844,
        "355": 100112419,
        "356": 100111699,
        "357": 100111487,
        "358": 100111255,
        "359": 100110934,
        "36": 574986151,
        "360": 100110768,
        "361": 100110390,
        "362": 100109887,
        "363": 100109605,
        "364": 109937,
        "365": 109459,
        "366": 109289,
        "367": 109157,
        "368": 108760,
        "369": 108599,
        "37": 574984856,
        "370": 108030,
        "371": 107801,
        "372": 107730,
        "373": 107060,
        "374": 106712,
        "375": 106510,
        "376": 106390,
        "377": 106128,
        "378": 106067,
        "379": 105940,
        "38": 574981342,
        "380": 105558,
        "381": 105445,
        "382": 105303,
        "383": 105089,
        "384": 104744,
        "385": 104623,
        "386": 104430,
        "387": 104309,
        "388": 104123,
        "389": 104006,
        "39": 564843392,
        "390": 103854,
        "391": 103698,
        "392": 103615,
        "393": 103322,
        "394": 103214,
        "395": 102999,
        "396": 102908,
        "397": 102743,
        "398": 102637,
        "399": 102526,
        "4": 615659192,
        "40": 564841205,
        "400": 102308,
        "401": 102287,
        "402": 102226,
        "403": 101912,
        "404": 101721,
        "405": 101627,
        "406": 101564,
        "407": 101384,
        "408": 101318,
        "409": 101134,
        "41": 564837153,
        "410": 101027,
        "411": 100979,
        "412": 100781,
        "413": 100598,
        "414": 100508,
        "415": 100412,
        "416": 100298,
        "417": 100166,
        "418": 99983,
        "419": 99888,
        "42": 564835110,
        "420": 99797,
        "421": 99657,
        "422": 99514,
        "423": 99339,
        "424": 99272,
        "425": 99128,
        "426": 99066,
        "427": 99020,
        "428": 98854,
        "429": 98767,
        "43": 564831175,
        "430": 98682,
        "431": 98611,
        "432": 98403,
        "433": 98309,
        "434": 98166,
        "435": 98090,
        "436": 97934,
        "437": 97782,
        "438": 97713,
        "439": 97624,
        "44": 564826416,
        "440": 97532,
        "441": 97490,
        "442": 97238,
        "443": 97088,
        "444": 97018,
        "445": 96960,
        "446": 96864,
        "447": 96788,
        "448": 96708,
        "449": 96533,
        "45": 564825261,
        "450": 96529,
        "451": 96457,
        "452": 96223,
        "453": 96083,
        "454": 96020,
        "455": 95893,
        "456": 95819,
        "457": 95754,
        "458": 95558,
        "459": 95484,
        "46": 564821921,
        "460": 95438,
        "461": 95323,
        "462": 95103,
        "463": 95039,
        "464": 94907,
        "465": 94868,
        "466": 94766,
        "467": 94701,
        "468": 94634,
        "469": 94514,
        "47": 554686259,
        "470": 94432,
        "471": 94203,
        "472": 94135,
        "473": 94008,
        "474": 93969,
        "475": 93912,
        "476": 93828,
        "477": 93771,
        "478": 93634,
        "48": 554682482,
        "480": 93576,
        "481": 93378,
        "482": 93261,
        "483": 93178,
        "484": 93078,
        "485": 93033,
        "486": 92982,
        "487": 92871,
        "488": 92804,
        "489": 92795,
        "49": 554679011,
        "490": 92692,
        "491": 92540,
        "492": 92478,
        "493": 92367,
        "494": 92311,
        "495": 92291,
        "496": 92207,
        "497": 92144,
        "498": 92081,
        "499": 92049,
        "5": 615654662,
        "50": 554677117,
        "500": 91910,
        "501": 91855,
        "502": 91763,
        "503": 91729,
        "504": 91676,
        "505": 91633,
        "506": 91591,
        "507": 91558,
        "508": 91465,
        "509": 91438,
        "51": 554673573,
        "510": 91299,
        "511": 91210,
        "512": 91177,
        "513": 91151,
        "514": 91055,
        "515": 91022,
        "516": 90949,
        "517": 90906,
        "519": 90846,
        "52": 554671767,
        "520": 90740,
        "521": 90701,
        "522": 90669,
        "523": 90490,
        "524": 90460,
        "525": 90368,
        "526": 90313,
        "527": 90262,
        "528": 90252,
        "529": 90216,
        "53": 554668201,
        "530": 90124,
        "531": 90052,
        "532": 89962,
        "533": 89935,
        "534": 89917,
        "535": 89834,
        "536": 89735,
        "537": 89698,
        "538": 89692,
        "539": 89582,
        "54": 554665240,
        "540": 89517,
        "541": 89423,
        "542": 89392,
        "543": 89347,
        "544": 89290,
        "545": 89259,
        "546": 89209,
        "547": 89163,
        "548": 89146,
        "549": 89043,
        "55": 544530013,
        "550": 88997,
        "551": 88926,
        "552": 88900,
        "553": 88857,
        "554": 88804,
        "555": 88771,
        "556": 88742,
        "557": 88679,
        "558": 88673,
        "559": 88578,
        "56": 544526517,
        "560": 88505,
        "561": 88472,
        "562": 88443,
        "563": 88397,
        "564": 88375,
        "565": 88331,
        "566": 88263,
        "568": 88238,
        "569": 88157,
        "57": 544524932,
        "570": 88095,
        "571": 88064,
        "572": 88037,
        "573": 87994,
        "574": 87964,
        "575": 87934,
        "576": 87881,
        "578": 87862,
        "579": 87787,
        "58": 544521585,
        "580": 87733,
        "581": 87675,
        "582": 87629,
        "583": 87614,
        "584": 87596,
        "585": 87556,
        "586": 87525,
        "588": 87488,
        "589": 87405,
        "59": 544518412,
        "590": 87374,
        "591": 87359,
        "592": 87279,
        "593": 87265,
        "594": 87252,
        "595": 87225,
        "596": 87193,
        "597": 87175,
        "598": 87141,
        "599": 87075,
        "6": 615650173,
        "60": 544516883,
        "600": 87053,
        "601": 87025,
        "602": 87008,
        "603": 87001,
        "604": 86967,
        "605": 86950,
        "606": 86924,
        "607": 86906,
        "608": 86853,
        "609": 86823,
        "61": 544513696,
        "610": 86797,
        "611": 86765,
        "612": 86757,
        "613": 86733,
        "614": 86709,
        "615": 86701,
        "616": 86663,
        "617": 86645,
        "618": 86576,
        "619": 86549,
        "62": 544511022,
        "620": 86502,
        "621": 86490,
        "622": 86474,
        "623": 86459,
        "624": 86444,
        "625": 86420,
        "626": 86392,
        "627": 86388,
        "628": 86297,
        "629": 86250,
        "63": 534376328,
        "630": 86239,
        "631": 86222,
        "632": 86194,
        "633": 86182,
        "634": 86164,
        "635": 86134,
        "637": 86111,
        "638": 86032,
        "639": 85992,
        "64": 534373493,
        "640": 85972,
        "641": 85962,
        "642": 85854,
        "643": 85846,
        "644": 85824,
        "645": 85805,
        "647": 85780,
        "648": 85715,
        "649": 85694,
        "65": 534371960,
        "650": 85688,
        "651": 85651,
        "652": 85644,
        "653": 85626,
        "654": 85607,
        "655": 85573,
        "656": 85569,
        "657": 85549,
        "658": 85501,
        "659": 85484,
        "66": 534369063,
        "660": 85466,
        "661": 85451,
        "662": 85440,
        "663": 85418,
        "664": 85409,
        "665": 85391,
        "666": 85390,
        "667": 85330,
        "668": 85312,
        "669": 85289,
        "67": 534366210,
        "670": 85287,
        "671": 85273,
        "672": 85262,
        "673": 85252,
        "674": 85232,
        "677": 85191,
        "678": 85159,
        "679": 85143,
        "68": 534364629,
        "680": 85141,
        "681": 85132,
        "682": 85113,
        "683": 85058,
        "684": 85037,
        "685": 85026,
        "686": 84980,
        "687": 84909,
        "688": 84892,
        "689": 84883,
        "69": 534361860,
        "690": 84870,
        "692": 84850,
        "693": 84839,
        "694": 84815,
        "696": 84770,
        "697": 84731,
        "698": 84719,
        "699": 84712,
        "7": 605511338,
        "70": 534360393,
        "700": 84706,
        "702": 84689,
        "703": 84688,
        "704": 84672,
        "706": 84634,
        "707": 84607,
        "708": 84590,
        "709": 84581,
        "71": 524226179,
        "710": 84566,
        "711": 84536,
        "712": 84524,
        "714": 84500,
        "716": 84466,
        "717": 84448,
        "718": 84430,
        "719": 84426,
        "72": 524223810,
        "720": 84349,
        "721": 84338,
        "722": 84330,
        "723": 84314,
        "726": 84260,
        "727": 84195,
        "728": 84184,
        "729": 84179,
        "73": 524221072,
        "730": 84167,
        "731": 84161,
        "732": 84122,
        "733": 84077,
        "735": 84063,
        "736": 83964,
        "737": 83943,
        "738": 83924,
        "739": 83909,
        "74": 524218405,
        "741": 83879,
        "743": 83855,
        "744": 83840,
        "745": 83792,
        "746": 83775,
        "747": 83752,
        "748": 83749,
        "75": 524217111,
        "750": 83744,
        "751": 83735,
        "752": 83687,
        "754": 83683,
        "755": 83658,
        "756": 83626,
        "757": 83620,
        "758": 83589,
        "76": 524214377,
        "760": 83582,
        "761": 83571,
        "762": 83535,
        "764": 83522,
        "765": 83499,
        "766": 83489,
        "767": 83483,
        "768": 83476,
        "77": 524211881,
        "770": 83457,
        "772": 83436,
        "773": 83432,
        "774": 83422,
        "775": 83373,
        "776": 83364,
        "777": 83350,
        "778": 83344,
        "779": 83337,
        "78": 524210542,
        "780": 83328,
        "781": 83322,
        "782": 83298,
        "783": 83294,
        "784": 83261,
        "785": 83250,
        "786": 83221,
        "787": 83219,
        "788": 83215,
        "789": 83201,
        "79": 514076495,
        "790": 83195,
        "791": 83176,
        "793": 83165,
        "794": 83145,
        "795": 83125,
        "796": 83121,
        "797": 83117,
        "798": 83109,
        "799": 83104,
        "8": 605506314,
        "80": 514074351,
        "800": 83092,
        "801": 83072,
        "803": 83064,
        "804": 83043,
        "805": 83038,
        "806": 83036,
        "807": 83034,
        "809": 83026,
        "81": 514072025,
        "811": 83013,
        "812": 83011,
        "813": 83004,
        "814": 82983,
        "815": 82979,
        "817": 82973,
        "819": 82949,
        "82": 514069696,
        "820": 82925,
        "821": 82911,
        "823": 82870,
        "824": 82855,
        "825": 82836,
        "827": 82832,
        "828": 82824,
        "829": 82806,
        "83": 514068618,
        "830": 82789,
        "833": 82756,
        "834": 82739,
        "835": 82733,
        "836": 82731,
        "837": 82710,
        "838": 82705,
        "839": 82699,
        "84": 514066091,
        "840": 82660,
        "842": 82656,
        "843": 82634,
        "844": 82629,
        "845": 82618,
        "846": 82616,
        "848": 82587,
        "849": 82584,
        "85": 514063799,
        "850": 82563,
        "851": 82557,
        "852": 82553,
        "853": 82529,
        "854": 82521,
        "855": 82506,
        "856": 82504,
        "858": 82471,
        "86": 514062748,
        "860": 82453,
        "861": 82449,
        "862": 82426,
        "863": 82416,
        "864": 82402,
        "865": 82389,
        "866": 82388,
        "867": 82382,
        "868": 82355,
        "869": 82352,
        "87": 503929193,
        "870": 82341,
        "872": 82330,
        "873": 82316,
        "874": 82312,
        "876": 82310,
        "877": 82300,
        "878": 82287,
        "879": 82275,
        "88": 503927174,
        "882": 82271,
        "883": 82259,
        "884": 82249,
        "886": 82248,
        "887": 82243,
        "888": 82223,
        "889": 82215,
        "89": 503925117,
        "892": 82196,
        "893": 82194,
        "894": 82190,
        "895": 82179,
        "897": 82175,
        "898": 82163,
        "899": 82149,
        "9": 605500503,
        "90": 503924159,
        "902": 82129,
        "903": 82127,
        "905": 82119,
        "907": 82107,
        "909": 82096,
        "91": 503922167,
        "911": 82079,
        "912": 82064,
        "913": 82051,
        "916": 82048,
        "917": 82043,
        "919": 82011,
        "92": 503919910,
        "920": 81976,
        "921": 81962,
        "922": 81950,
        "923": 81945,
        "926": 81942,
        "927": 81936,
        "928": 81900,
        "93": 503918349,
        "930": 81898,
        "931": 81893,
        "932": 81877,
        "934": 81865,
        "936": 81859,
        "937": 81850,
        "938": 81840,
        "94": 503916814,
        "940": 81821,
        "941": 81788,
        "942": 81786,
        "946": 81779,
        "947": 81776,
        "948": 81767,
        "95": 503915949,
        "950": 81761,
        "951": 81729,
        "952": 81726,
        "956": 81714,
        "958": 81706,
        "959": 81705,
        "96": 493782027,
        "960": 81702,
        "961": 81672,
        "962": 81671,
        "966": 81665,
        "968": 81649,
        "969": 81646,
        "97": 493781084,
        "970": 81634,
        "971": 81621,
        "972": 81618,
        "973": 81617,
        "975": 81616,
        "976": 81614,
        "977": 81606,
        "978": 81582,
        "979": 81578,
        "98": 493779429,
        "980": 81570,
        "981": 81561,
        "982": 81555,
        "986": 81554,
        "987": 81508,
        "99": 493777600,
        "990": 81495,
        "991": 81479,
        "995": 81448,
        "996": 81446,
        "997": 81440,
        "999": 81434
    },
    "timeout": 3600
}