MIPGap: 0.206993
Runtime: 600.014
Best solution: 715
Best bound: 567
0(0/100) -(15)> 2(26/74) -(31)> 22(12/62) -(42)> 42(11/51) -(46)> 41(15/36) -(50)> 43(18/18) -(57)> 1(18/0)
 -(82)> 0(0/100) -(98)> 8(16/84) -(106)> 19(15/69) -(115)> 14(31/38) -(126)> 11(37/1)
 -(155)> 0(0/100) -(179)> 9(29/71) -(189)> 25(14/57) -(200)> 18(13/44) -(213)> 24(27/17) -(220)> 49(5/12) -(230)> 23(6/6)
 -(261)> 0(0/100) -(273)> 12(16/84) -(278)> 40(33/51) -(287)> 32(28/23) -(292)> 44(17/6)
 -(313)> 0(0/100) -(321)> 17(20/80) -(333)> 3(11/69) -(342)> 16(19/50) -(351)> 33(27/23) -(360)> 6(19/4)
 -(369)> 0(0/100) -(375)> 26(18/82) -(385)> 7(15/67) -(390)> 35(10/57) -(399)> 46(27/30) -(408)> 4(30/0)
 -(415)> 0(0/100) -(447)> 37(14/86) -(453)> 20(22/64) -(464)> 15(8/56) -(475)> 13(12/44) -(482)> 27(17/27) -(490)> 34(19/8)
 -(500)> 0(0/100) -(527)> 38(24/76) -(534)> 10(26/50) -(547)> 31(25/25) -(563)> 39(16/9)
 -(585)> 0(0/100) -(599)> 45(21/79) -(603)> 29(13/66) -(610)> 5(21/45) -(617)> 48(20/25) -(624)> 30(22/3)
 -(638)> 0(0/100) -(665)> 47(19/81) -(671)> 36(12/69) -(681)> 21(28/41) -(690)> 28(29/12)
 -(715)> 0(0/100)
Fitness: 715
Feasibility: 1
Tours: 10
Unsatisfied: 0
Unvisited: {}
