{
    "config": {
        "allow_infeasible": true,
        "construction": "random_replicate",
        "ils_k": 6,
        "local_search": "CVND",
        "metaheuristic": "ILS",
        "num_threads": 8,
        "operators": [
            "insert_1",
            "remove_1",
            "two_opt",
            "exchange_ids",
            "exchange_1_2",
            "exchange_2_2",
            "exchange_3_3",
            "exchange_3_4",
            "exchange_4_4",
            "rexchange_2_2",
            "rexchange_2_3",
            "rexchange_4_4",
            "centered_exchange_1",
            "relocate_1",
            "relocate_5",
            "rrelocate_3",
            "rrelocate_4",
            "move_all_by_1",
            "move_all_by_2"
        ],
        "perturbation": [
            "random_double_bridge"
        ],
        "stop_on_feasible": true,
        "timeout": 3
    },
    "histogram": {
        "all": {
            "centered_exchange_1": 101,
            "exchange_1_2": 102,
            "exchange_2_2": 102,
            "exchange_3_3": 102,
            "exchange_3_4": 102,
            "exchange_4_4": 102,
            "exchange_ids": 103,
            "insert_1": 122,
            "move_all_by_1": 74,
            "move_all_by_2": 72,
            "relocate_1": 84,
            "relocate_5": 81,
            "remove_1": 122,
            "rexchange_2_2": 102,
            "rexchange_2_3": 102,
            "rexchange_4_4": 102,
            "rrelocate_3": 80,
            "rrelocate_4": 80,
            "two_opt": 111
        },
        "improving": {
            "centered_exchange_1": 14,
            "exchange_1_2": 37,
            "exchange_2_2": 17,
            "exchange_3_3": 11,
            "exchange_3_4": 8,
            "exchange_4_4": 3,
            "exchange_ids": 47,
            "insert_1": 0,
            "move_all_by_1": 22,
            "move_all_by_2": 13,
            "relocate_1": 47,
            "relocate_5": 17,
            "remove_1": 0,
            "rexchange_2_2": 20,
            "rexchange_2_3": 6,
            "rexchange_4_4": 1,
            "rrelocate_3": 16,
            "rrelocate_4": 5,
            "two_opt": 57
        },
        "rate": {
            "centered_exchange_1": 0.13861386477947235,
            "exchange_1_2": 0.36274510622024536,
            "exchange_2_2": 0.1666666716337204,
            "exchange_3_3": 0.10784313827753067,
            "exchange_3_4": 0.0784313753247261,
            "exchange_4_4": 0.029411764815449715,
            "exchange_ids": 0.4563106894493103,
            "insert_1": 0.0,
            "move_all_by_1": 0.29729729890823364,
            "move_all_by_2": 0.1805555522441864,
            "relocate_1": 0.5595238208770752,
            "relocate_5": 0.20987653732299805,
            "remove_1": 0.0,
            "rexchange_2_2": 0.19607843458652496,
            "rexchange_2_3": 0.05882352963089943,
            "rexchange_4_4": 0.009803921915590763,
            "rrelocate_3": 0.20000000298023224,
            "rrelocate_4": 0.0625,
            "two_opt": 0.5135135054588318
        }
    },
    "last_improvement": 2,
    "name": "random-24-3.67-22",
    "solution": {
        "fitness": 1240,
        "is_feasible": true,
        "permutation": [
            13,
            21,
            11,
            1,
            0,
            5,
            12,
            19,
            20,
            22,
            9,
            3,
            16,
            23,
            10,
            7,
            18,
            15,
            6,
            2,
            14,
            8,
            4,
            17
        ],
        "permutation_orig_ids": [
            "14",
            "22",
            "12",
            "2",
            "1",
            "6",
            "13",
            "20",
            "21",
            "23",
            "10",
            "4",
            "17",
            "24",
            "11",
            "8",
            "19",
            "16",
            "7",
            "3",
            "15",
            "9",
            "5",
            "18"
        ],
        "walk_orig_ids": [
            "14",
            "22",
            "12",
            "2",
            "1",
            "6",
            "13",
            "20",
            "13",
            "12",
            "21",
            "23",
            "10",
            "7",
            "4",
            "18",
            "17",
            "16",
            "15",
            "24",
            "11",
            "8",
            "19",
            "3",
            "16",
            "3",
            "7",
            "3",
            "6",
            "15",
            "9",
            "5",
            "18",
            "5"
        ],
        "walk_processing": [
            true,
            true,
            true,
            true,
            true,
            true,
            true,
            true,
            false,
            false,
            true,
            true,
            true,
            false,
            true,
            false,
            true,
            false,
            false,
            true,
            true,
            true,
            true,
            false,
            true,
            false,
            true,
            true,
            false,
            true,
            true,
            true,
            true,
            false
        ]
    },
    "steps": {
        "0": 1000972,
        "1": 1000954,
        "2": 1240
    },
    "timeout": 3
}