{
    "config": {
        "allow_infeasible": true,
        "construction": "random_replicate",
        "ils_k": 6,
        "local_search": "CVND",
        "metaheuristic": "ILS",
        "num_threads": 8,
        "operators": [
            "insert_1",
            "remove_1",
            "two_opt",
            "exchange_ids",
            "exchange_1_2",
            "exchange_2_2",
            "exchange_3_3",
            "exchange_3_4",
            "exchange_4_4",
            "rexchange_2_2",
            "rexchange_2_3",
            "rexchange_4_4",
            "centered_exchange_1",
            "relocate_1",
            "relocate_5",
            "rrelocate_3",
            "rrelocate_4",
            "move_all_by_1",
            "move_all_by_2"
        ],
        "perturbation": [
            "random_double_bridge"
        ],
        "stop_on_feasible": true,
        "timeout": 3
    },
    "histogram": {
        "all": {
            "centered_exchange_1": 127,
            "exchange_1_2": 131,
            "exchange_2_2": 131,
            "exchange_3_3": 131,
            "exchange_3_4": 131,
            "exchange_4_4": 131,
            "exchange_ids": 137,
            "insert_1": 177,
            "move_all_by_1": 108,
            "move_all_by_2": 104,
            "relocate_1": 114,
            "relocate_5": 113,
            "remove_1": 177,
            "rexchange_2_2": 130,
            "rexchange_2_3": 130,
            "rexchange_4_4": 130,
            "rrelocate_3": 112,
            "rrelocate_4": 112,
            "two_opt": 152
        },
        "improving": {
            "centered_exchange_1": 10,
            "exchange_1_2": 34,
            "exchange_2_2": 10,
            "exchange_3_3": 1,
            "exchange_3_4": 0,
            "exchange_4_4": 0,
            "exchange_ids": 54,
            "insert_1": 0,
            "move_all_by_1": 12,
            "move_all_by_2": 10,
            "relocate_1": 32,
            "relocate_5": 2,
            "remove_1": 0,
            "rexchange_2_2": 13,
            "rexchange_2_3": 1,
            "rexchange_4_4": 0,
            "rrelocate_3": 6,
            "rrelocate_4": 0,
            "two_opt": 79
        },
        "rate": {
            "centered_exchange_1": 0.07874015718698502,
            "exchange_1_2": 0.25954198837280273,
            "exchange_2_2": 0.07633587718009949,
            "exchange_3_3": 0.007633587811142206,
            "exchange_3_4": 0.0,
            "exchange_4_4": 0.0,
            "exchange_ids": 0.39416059851646423,
            "insert_1": 0.0,
            "move_all_by_1": 0.1111111119389534,
            "move_all_by_2": 0.09615384787321091,
            "relocate_1": 0.28070175647735596,
            "relocate_5": 0.017699114978313446,
            "remove_1": 0.0,
            "rexchange_2_2": 0.10000000149011612,
            "rexchange_2_3": 0.007692307699471712,
            "rexchange_4_4": 0.0,
            "rrelocate_3": 0.0535714291036129,
            "rrelocate_4": 0.0,
            "two_opt": 0.5197368264198303
        }
    },
    "last_improvement": 1,
    "name": "random-24-0.25-16",
    "solution": {
        "fitness": 8000865,
        "is_feasible": false,
        "permutation": [
            14,
            16,
            3,
            18,
            1,
            4,
            9,
            5,
            2,
            11,
            19,
            7,
            22,
            0,
            17,
            13,
            23,
            6,
            20,
            8,
            15,
            12,
            21,
            10
        ],
        "permutation_orig_ids": [
            "15",
            "17",
            "4",
            "19",
            "2",
            "5",
            "10",
            "6",
            "3",
            "12",
            "20",
            "8",
            "23",
            "1",
            "18",
            "14",
            "24",
            "7",
            "21",
            "9",
            "16",
            "13",
            "22",
            "11"
        ],
        "walk_orig_ids": [
            "15",
            "17",
            "4",
            "19",
            "2",
            "5",
            "10",
            "16",
            "20",
            "1",
            "3",
            "6",
            "3",
            "1",
            "12",
            "1",
            "20",
            "1",
            "8",
            "1",
            "23",
            "1",
            "18",
            "14",
            "18",
            "24",
            "7",
            "21",
            "9",
            "16",
            "13",
            "22",
            "11"
        ],
        "walk_processing": [
            true,
            true,
            true,
            true,
            true,
            true,
            true,
            false,
            false,
            false,
            false,
            true,
            true,
            false,
            true,
            false,
            true,
            false,
            true,
            false,
            true,
            true,
            true,
            true,
            false,
            true,
            true,
            true,
            true,
            true,
            true,
            true,
            true
        ]
    },
    "steps": {
        "0": 8000934,
        "1": 8000865
    },
    "timeout": 3
}