{
    "config": {
        "allow_infeasible": true,
        "construction": "random_replicate",
        "ils_k": 6,
        "local_search": "CVND",
        "metaheuristic": "ILS",
        "num_threads": 8,
        "operators": [
            "insert_1",
            "remove_1",
            "two_opt",
            "exchange_ids",
            "exchange_1_2",
            "exchange_2_2",
            "exchange_3_3",
            "exchange_3_4",
            "exchange_4_4",
            "rexchange_2_2",
            "rexchange_2_3",
            "rexchange_4_4",
            "centered_exchange_1",
            "relocate_1",
            "relocate_5",
            "rrelocate_3",
            "rrelocate_4",
            "move_all_by_1",
            "move_all_by_2"
        ],
        "perturbation": [
            "random_double_bridge"
        ],
        "stop_on_feasible": true,
        "timeout": 3
    },
    "histogram": {
        "all": {
            "centered_exchange_1": 149,
            "exchange_1_2": 152,
            "exchange_2_2": 152,
            "exchange_3_3": 152,
            "exchange_3_4": 152,
            "exchange_4_4": 152,
            "exchange_ids": 156,
            "insert_1": 201,
            "move_all_by_1": 111,
            "move_all_by_2": 109,
            "relocate_1": 131,
            "relocate_5": 131,
            "remove_1": 201,
            "rexchange_2_2": 150,
            "rexchange_2_3": 150,
            "rexchange_4_4": 150,
            "rrelocate_3": 124,
            "rrelocate_4": 123,
            "two_opt": 172
        },
        "improving": {
            "centered_exchange_1": 15,
            "exchange_1_2": 45,
            "exchange_2_2": 13,
            "exchange_3_3": 3,
            "exchange_3_4": 1,
            "exchange_4_4": 0,
            "exchange_ids": 66,
            "insert_1": 0,
            "move_all_by_1": 18,
            "move_all_by_2": 5,
            "relocate_1": 41,
            "relocate_5": 2,
            "remove_1": 0,
            "rexchange_2_2": 12,
            "rexchange_2_3": 1,
            "rexchange_4_4": 0,
            "rrelocate_3": 13,
            "rrelocate_4": 4,
            "two_opt": 98
        },
        "rate": {
            "centered_exchange_1": 0.10067114233970642,
            "exchange_1_2": 0.29605263471603394,
            "exchange_2_2": 0.08552631735801697,
            "exchange_3_3": 0.019736841320991516,
            "exchange_3_4": 0.00657894741743803,
            "exchange_4_4": 0.0,
            "exchange_ids": 0.42307692766189575,
            "insert_1": 0.0,
            "move_all_by_1": 0.1621621549129486,
            "move_all_by_2": 0.0458715595304966,
            "relocate_1": 0.3129771053791046,
            "relocate_5": 0.015267175622284412,
            "remove_1": 0.0,
            "rexchange_2_2": 0.07999999821186066,
            "rexchange_2_3": 0.006666666828095913,
            "rexchange_4_4": 0.0,
            "rrelocate_3": 0.10483870655298233,
            "rrelocate_4": 0.03252032399177551,
            "two_opt": 0.569767415523529
        }
    },
    "last_improvement": 0,
    "name": "random-24-0.42-2",
    "solution": {
        "fitness": 7000928,
        "is_feasible": false,
        "permutation": [
            6,
            8,
            10,
            14,
            5,
            13,
            0,
            19,
            12,
            17,
            7,
            9,
            3,
            4,
            22,
            11,
            15,
            2,
            23,
            1,
            20,
            18,
            21,
            16
        ],
        "permutation_orig_ids": [
            "7",
            "9",
            "11",
            "15",
            "6",
            "14",
            "1",
            "20",
            "13",
            "18",
            "8",
            "10",
            "4",
            "5",
            "23",
            "12",
            "16",
            "3",
            "24",
            "2",
            "21",
            "19",
            "22",
            "17"
        ],
        "walk_orig_ids": [
            "7",
            "9",
            "11",
            "15",
            "6",
            "14",
            "1",
            "20",
            "13",
            "18",
            "16",
            "17",
            "8",
            "10",
            "12",
            "4",
            "12",
            "23",
            "5",
            "23",
            "12",
            "16",
            "3",
            "24",
            "2",
            "21",
            "19",
            "22",
            "17"
        ],
        "walk_processing": [
            true,
            true,
            true,
            true,
            true,
            true,
            true,
            true,
            true,
            true,
            false,
            false,
            true,
            true,
            false,
            true,
            false,
            false,
            true,
            true,
            true,
            true,
            true,
            true,
            true,
            true,
            true,
            true,
            true
        ]
    },
    "steps": {
        "0": 7000928
    },
    "timeout": 3
}