{
    "config": {
        "allow_infeasible": true,
        "construction": "random_replicate",
        "ils_k": 6,
        "local_search": "CVND",
        "metaheuristic": "ILS",
        "num_threads": 8,
        "operators": [
            "insert_1",
            "remove_1",
            "two_opt",
            "exchange_ids",
            "exchange_1_2",
            "exchange_2_2",
            "exchange_3_3",
            "exchange_3_4",
            "exchange_4_4",
            "rexchange_2_2",
            "rexchange_2_3",
            "rexchange_4_4",
            "centered_exchange_1",
            "relocate_1",
            "relocate_5",
            "rrelocate_3",
            "rrelocate_4",
            "move_all_by_1",
            "move_all_by_2"
        ],
        "perturbation": [
            "random_double_bridge"
        ],
        "stop_on_feasible": true,
        "timeout": 3
    },
    "histogram": {
        "all": {
            "centered_exchange_1": 129,
            "exchange_1_2": 133,
            "exchange_2_2": 131,
            "exchange_3_3": 131,
            "exchange_3_4": 130,
            "exchange_4_4": 130,
            "exchange_ids": 148,
            "insert_1": 193,
            "move_all_by_1": 111,
            "move_all_by_2": 110,
            "relocate_1": 114,
            "relocate_5": 113,
            "remove_1": 193,
            "rexchange_2_2": 129,
            "rexchange_2_3": 129,
            "rexchange_4_4": 129,
            "rrelocate_3": 112,
            "rrelocate_4": 112,
            "two_opt": 163
        },
        "improving": {
            "centered_exchange_1": 10,
            "exchange_1_2": 48,
            "exchange_2_2": 15,
            "exchange_3_3": 2,
            "exchange_3_4": 3,
            "exchange_4_4": 1,
            "exchange_ids": 57,
            "insert_1": 0,
            "move_all_by_1": 7,
            "move_all_by_2": 7,
            "relocate_1": 35,
            "relocate_5": 7,
            "remove_1": 0,
            "rexchange_2_2": 13,
            "rexchange_2_3": 4,
            "rexchange_4_4": 0,
            "rrelocate_3": 6,
            "rrelocate_4": 3,
            "two_opt": 86
        },
        "rate": {
            "centered_exchange_1": 0.07751937955617905,
            "exchange_1_2": 0.36090224981307983,
            "exchange_2_2": 0.11450381577014923,
            "exchange_3_3": 0.015267175622284412,
            "exchange_3_4": 0.023076923564076424,
            "exchange_4_4": 0.007692307699471712,
            "exchange_ids": 0.38513514399528503,
            "insert_1": 0.0,
            "move_all_by_1": 0.06306306272745132,
            "move_all_by_2": 0.06363636255264282,
            "relocate_1": 0.3070175349712372,
            "relocate_5": 0.06194690242409706,
            "remove_1": 0.0,
            "rexchange_2_2": 0.10077519714832306,
            "rexchange_2_3": 0.03100775182247162,
            "rexchange_4_4": 0.0,
            "rrelocate_3": 0.0535714291036129,
            "rrelocate_4": 0.02678571455180645,
            "two_opt": 0.5276073813438416
        }
    },
    "last_improvement": 0,
    "name": "random-24-0.75-2",
    "solution": {
        "fitness": 6001229,
        "is_feasible": false,
        "permutation": [
            8,
            7,
            15,
            12,
            5,
            20,
            14,
            17,
            10,
            21,
            19,
            3,
            18,
            2,
            11,
            22,
            16,
            4,
            23,
            6,
            0,
            13,
            1,
            9
        ],
        "permutation_orig_ids": [
            "9",
            "8",
            "16",
            "13",
            "6",
            "21",
            "15",
            "18",
            "11",
            "22",
            "20",
            "4",
            "19",
            "3",
            "12",
            "23",
            "17",
            "5",
            "24",
            "7",
            "1",
            "14",
            "2",
            "10"
        ],
        "walk_orig_ids": [
            "9",
            "8",
            "13",
            "16",
            "13",
            "15",
            "6",
            "15",
            "21",
            "15",
            "18",
            "1",
            "20",
            "11",
            "20",
            "22",
            "20",
            "4",
            "12",
            "19",
            "12",
            "17",
            "5",
            "3",
            "5",
            "17",
            "12",
            "23",
            "12",
            "17",
            "5",
            "17",
            "24",
            "7",
            "1",
            "14",
            "2",
            "10"
        ],
        "walk_processing": [
            true,
            true,
            false,
            true,
            true,
            false,
            true,
            false,
            true,
            true,
            true,
            false,
            false,
            true,
            false,
            true,
            true,
            true,
            false,
            true,
            false,
            false,
            false,
            true,
            false,
            false,
            true,
            true,
            false,
            true,
            true,
            false,
            true,
            true,
            true,
            true,
            true,
            true
        ]
    },
    "steps": {
        "0": 6001229
    },
    "timeout": 3
}