{
    "config": {
        "allow_infeasible": true,
        "construction": "random_replicate",
        "ils_k": 6,
        "local_search": "CVND",
        "metaheuristic": "ILS",
        "num_threads": 8,
        "operators": [
            "insert_1",
            "remove_1",
            "two_opt",
            "exchange_ids",
            "exchange_1_2",
            "exchange_2_2",
            "exchange_3_3",
            "exchange_3_4",
            "exchange_4_4",
            "rexchange_2_2",
            "rexchange_2_3",
            "rexchange_4_4",
            "centered_exchange_1",
            "relocate_1",
            "relocate_5",
            "rrelocate_3",
            "rrelocate_4",
            "move_all_by_1",
            "move_all_by_2"
        ],
        "perturbation": [
            "random_double_bridge"
        ],
        "stop_on_feasible": true,
        "timeout": 3
    },
    "histogram": {
        "all": {
            "centered_exchange_1": 148,
            "exchange_1_2": 154,
            "exchange_2_2": 154,
            "exchange_3_3": 154,
            "exchange_3_4": 153,
            "exchange_4_4": 153,
            "exchange_ids": 156,
            "insert_1": 192,
            "move_all_by_1": 120,
            "move_all_by_2": 113,
            "relocate_1": 131,
            "relocate_5": 131,
            "remove_1": 192,
            "rexchange_2_2": 153,
            "rexchange_2_3": 153,
            "rexchange_4_4": 153,
            "rrelocate_3": 128,
            "rrelocate_4": 127,
            "two_opt": 173
        },
        "improving": {
            "centered_exchange_1": 35,
            "exchange_1_2": 51,
            "exchange_2_2": 27,
            "exchange_3_3": 2,
            "exchange_3_4": 4,
            "exchange_4_4": 0,
            "exchange_ids": 69,
            "insert_1": 0,
            "move_all_by_1": 27,
            "move_all_by_2": 18,
            "relocate_1": 57,
            "relocate_5": 18,
            "remove_1": 0,
            "rexchange_2_2": 23,
            "rexchange_2_3": 7,
            "rexchange_4_4": 0,
            "rrelocate_3": 21,
            "rrelocate_4": 2,
            "two_opt": 91
        },
        "rate": {
            "centered_exchange_1": 0.23648647964000702,
            "exchange_1_2": 0.3311688303947449,
            "exchange_2_2": 0.1753246784210205,
            "exchange_3_3": 0.012987012974917889,
            "exchange_3_4": 0.026143791154026985,
            "exchange_4_4": 0.0,
            "exchange_ids": 0.4423076808452606,
            "insert_1": 0.0,
            "move_all_by_1": 0.22499999403953552,
            "move_all_by_2": 0.1592920422554016,
            "relocate_1": 0.4351145029067993,
            "relocate_5": 0.13740457594394684,
            "remove_1": 0.0,
            "rexchange_2_2": 0.15032680332660675,
            "rexchange_2_3": 0.04575163498520851,
            "rexchange_4_4": 0.0,
            "rrelocate_3": 0.1640625,
            "rrelocate_4": 0.015748031437397003,
            "two_opt": 0.52601158618927
        }
    },
    "last_improvement": 3,
    "name": "random-24-0.75-1",
    "solution": {
        "fitness": 5000906,
        "is_feasible": false,
        "permutation": [
            6,
            22,
            3,
            5,
            8,
            1,
            10,
            0,
            20,
            14,
            19,
            2,
            21,
            15,
            23,
            17,
            13,
            4,
            11,
            7,
            9,
            12,
            16,
            18
        ],
        "permutation_orig_ids": [
            "7",
            "23",
            "4",
            "6",
            "9",
            "2",
            "11",
            "1",
            "21",
            "15",
            "20",
            "3",
            "22",
            "16",
            "24",
            "18",
            "14",
            "5",
            "12",
            "8",
            "10",
            "13",
            "17",
            "19"
        ],
        "walk_orig_ids": [
            "7",
            "23",
            "16",
            "4",
            "6",
            "9",
            "2",
            "11",
            "1",
            "24",
            "17",
            "21",
            "15",
            "20",
            "3",
            "18",
            "16",
            "22",
            "16",
            "18",
            "24",
            "18",
            "14",
            "5",
            "12",
            "8",
            "10",
            "13",
            "17",
            "19"
        ],
        "walk_processing": [
            true,
            true,
            false,
            true,
            true,
            true,
            true,
            true,
            true,
            false,
            false,
            true,
            true,
            true,
            true,
            false,
            false,
            true,
            true,
            false,
            true,
            true,
            true,
            true,
            true,
            true,
            true,
            true,
            true,
            true
        ]
    },
    "steps": {
        "0": 6000962,
        "2": 6000665,
        "3": 5000906
    },
    "timeout": 3
}