{
    "config": {
        "allow_infeasible": true,
        "construction": "random_replicate",
        "ils_k": 6,
        "local_search": "CVND",
        "metaheuristic": "ILS",
        "num_threads": 8,
        "operators": [
            "insert_1",
            "remove_1",
            "two_opt",
            "exchange_ids",
            "exchange_1_2",
            "exchange_2_2",
            "exchange_3_3",
            "exchange_3_4",
            "exchange_4_4",
            "rexchange_2_2",
            "rexchange_2_3",
            "rexchange_4_4",
            "centered_exchange_1",
            "relocate_1",
            "relocate_5",
            "rrelocate_3",
            "rrelocate_4",
            "move_all_by_1",
            "move_all_by_2"
        ],
        "perturbation": [
            "random_double_bridge"
        ],
        "stop_on_feasible": true,
        "timeout": 3
    },
    "histogram": {
        "all": {
            "centered_exchange_1": 132,
            "exchange_1_2": 134,
            "exchange_2_2": 134,
            "exchange_3_3": 134,
            "exchange_3_4": 134,
            "exchange_4_4": 134,
            "exchange_ids": 136,
            "insert_1": 189,
            "move_all_by_1": 103,
            "move_all_by_2": 103,
            "relocate_1": 108,
            "relocate_5": 106,
            "remove_1": 189,
            "rexchange_2_2": 133,
            "rexchange_2_3": 133,
            "rexchange_4_4": 133,
            "rrelocate_3": 106,
            "rrelocate_4": 106,
            "two_opt": 163
        },
        "improving": {
            "centered_exchange_1": 12,
            "exchange_1_2": 33,
            "exchange_2_2": 12,
            "exchange_3_3": 1,
            "exchange_3_4": 1,
            "exchange_4_4": 0,
            "exchange_ids": 64,
            "insert_1": 0,
            "move_all_by_1": 12,
            "move_all_by_2": 3,
            "relocate_1": 42,
            "relocate_5": 5,
            "remove_1": 0,
            "rexchange_2_2": 9,
            "rexchange_2_3": 3,
            "rexchange_4_4": 0,
            "rrelocate_3": 8,
            "rrelocate_4": 4,
            "two_opt": 88
        },
        "rate": {
            "centered_exchange_1": 0.09090909361839294,
            "exchange_1_2": 0.24626865983009338,
            "exchange_2_2": 0.08955223858356476,
            "exchange_3_3": 0.007462686393409967,
            "exchange_3_4": 0.007462686393409967,
            "exchange_4_4": 0.0,
            "exchange_ids": 0.47058823704719543,
            "insert_1": 0.0,
            "move_all_by_1": 0.11650485545396805,
            "move_all_by_2": 0.029126213863492012,
            "relocate_1": 0.3888888955116272,
            "relocate_5": 0.04716981202363968,
            "remove_1": 0.0,
            "rexchange_2_2": 0.06766917556524277,
            "rexchange_2_3": 0.02255639061331749,
            "rexchange_4_4": 0.0,
            "rrelocate_3": 0.07547169923782349,
            "rrelocate_4": 0.03773584961891174,
            "two_opt": 0.5398772954940796
        }
    },
    "last_improvement": 1,
    "name": "random-24-0.33-23",
    "solution": {
        "fitness": 10000597,
        "is_feasible": false,
        "permutation": [
            22,
            18,
            1,
            9,
            3,
            23,
            19,
            16,
            15,
            4,
            14,
            7,
            13,
            17,
            12,
            6,
            10,
            21,
            2,
            20,
            0,
            5,
            11,
            8
        ],
        "permutation_orig_ids": [
            "23",
            "19",
            "2",
            "10",
            "4",
            "24",
            "20",
            "17",
            "16",
            "5",
            "15",
            "8",
            "14",
            "18",
            "13",
            "7",
            "11",
            "22",
            "3",
            "21",
            "1",
            "6",
            "12",
            "9"
        ],
        "walk_orig_ids": [
            "23",
            "19",
            "2",
            "1",
            "10",
            "7",
            "4",
            "15",
            "20",
            "24",
            "20",
            "17",
            "16",
            "5",
            "15",
            "8",
            "14",
            "18",
            "7",
            "13",
            "7",
            "11",
            "22",
            "3",
            "21",
            "1",
            "6",
            "12",
            "9"
        ],
        "walk_processing": [
            true,
            true,
            true,
            false,
            true,
            false,
            true,
            false,
            false,
            true,
            true,
            true,
            true,
            true,
            true,
            true,
            true,
            true,
            false,
            true,
            true,
            true,
            true,
            true,
            true,
            true,
            true,
            true,
            true
        ]
    },
    "steps": {
        "0": 10000616,
        "1": 10000597
    },
    "timeout": 3
}