{
    "config": {
        "allow_infeasible": true,
        "construction": "random_replicate",
        "ils_k": 6,
        "local_search": "CVND",
        "metaheuristic": "ILS",
        "num_threads": 8,
        "operators": [
            "insert_1",
            "remove_1",
            "two_opt",
            "exchange_ids",
            "exchange_1_2",
            "exchange_2_2",
            "exchange_3_3",
            "exchange_3_4",
            "exchange_4_4",
            "rexchange_2_2",
            "rexchange_2_3",
            "rexchange_4_4",
            "centered_exchange_1",
            "relocate_1",
            "relocate_5",
            "rrelocate_3",
            "rrelocate_4",
            "move_all_by_1",
            "move_all_by_2"
        ],
        "perturbation": [
            "random_double_bridge"
        ],
        "stop_on_feasible": true,
        "timeout": 3
    },
    "histogram": {
        "all": {
            "centered_exchange_1": 115,
            "exchange_1_2": 117,
            "exchange_2_2": 117,
            "exchange_3_3": 115,
            "exchange_3_4": 115,
            "exchange_4_4": 115,
            "exchange_ids": 119,
            "insert_1": 165,
            "move_all_by_1": 102,
            "move_all_by_2": 101,
            "relocate_1": 103,
            "relocate_5": 103,
            "remove_1": 165,
            "rexchange_2_2": 115,
            "rexchange_2_3": 115,
            "rexchange_4_4": 115,
            "rrelocate_3": 102,
            "rrelocate_4": 102,
            "two_opt": 137
        },
        "improving": {
            "centered_exchange_1": 5,
            "exchange_1_2": 16,
            "exchange_2_2": 4,
            "exchange_3_3": 3,
            "exchange_3_4": 1,
            "exchange_4_4": 0,
            "exchange_ids": 38,
            "insert_1": 0,
            "move_all_by_1": 6,
            "move_all_by_2": 4,
            "relocate_1": 22,
            "relocate_5": 5,
            "remove_1": 0,
            "rexchange_2_2": 2,
            "rexchange_2_3": 1,
            "rexchange_4_4": 0,
            "rrelocate_3": 5,
            "rrelocate_4": 0,
            "two_opt": 65
        },
        "rate": {
            "centered_exchange_1": 0.043478261679410934,
            "exchange_1_2": 0.1367521435022354,
            "exchange_2_2": 0.03418803587555885,
            "exchange_3_3": 0.0260869562625885,
            "exchange_3_4": 0.008695651777088642,
            "exchange_4_4": 0.0,
            "exchange_ids": 0.3193277418613434,
            "insert_1": 0.0,
            "move_all_by_1": 0.05882352963089943,
            "move_all_by_2": 0.039603959769010544,
            "relocate_1": 0.21359223127365112,
            "relocate_5": 0.04854368790984154,
            "remove_1": 0.0,
            "rexchange_2_2": 0.017391303554177284,
            "rexchange_2_3": 0.008695651777088642,
            "rexchange_4_4": 0.0,
            "rrelocate_3": 0.04901960864663124,
            "rrelocate_4": 0.0,
            "two_opt": 0.47445255517959595
        }
    },
    "last_improvement": 2,
    "name": "random-24-0.08-0",
    "solution": {
        "fitness": 12000658,
        "is_feasible": false,
        "permutation": [
            23,
            19,
            17,
            20,
            11,
            9,
            3,
            5,
            18,
            4,
            7,
            6,
            15,
            21,
            10,
            2,
            0,
            16,
            8,
            22,
            13,
            1,
            14,
            12
        ],
        "permutation_orig_ids": [
            "24",
            "20",
            "18",
            "21",
            "12",
            "10",
            "4",
            "6",
            "19",
            "5",
            "8",
            "7",
            "16",
            "22",
            "11",
            "3",
            "1",
            "17",
            "9",
            "23",
            "14",
            "2",
            "15",
            "13"
        ],
        "walk_orig_ids": [
            "24",
            "20",
            "18",
            "21",
            "15",
            "12",
            "10",
            "17",
            "4",
            "7",
            "6",
            "19",
            "5",
            "19",
            "8",
            "19",
            "6",
            "7",
            "16",
            "22",
            "11",
            "3",
            "1",
            "17",
            "9",
            "23",
            "14",
            "2",
            "15",
            "13"
        ],
        "walk_processing": [
            true,
            true,
            true,
            true,
            false,
            true,
            true,
            false,
            true,
            false,
            true,
            true,
            true,
            false,
            true,
            false,
            false,
            true,
            true,
            true,
            true,
            true,
            true,
            true,
            true,
            true,
            true,
            true,
            true,
            true
        ]
    },
    "steps": {
        "0": 12000689,
        "1": 12000669,
        "2": 12000658
    },
    "timeout": 3
}