{
    "config": {
        "allow_infeasible": true,
        "construction": "random_replicate",
        "ils_k": 6,
        "local_search": "CVND",
        "metaheuristic": "ILS",
        "num_threads": 8,
        "operators": [
            "insert_1",
            "remove_1",
            "two_opt",
            "exchange_ids",
            "exchange_1_2",
            "exchange_2_2",
            "exchange_3_3",
            "exchange_3_4",
            "exchange_4_4",
            "rexchange_2_2",
            "rexchange_2_3",
            "rexchange_4_4",
            "centered_exchange_1",
            "relocate_1",
            "relocate_5",
            "rrelocate_3",
            "rrelocate_4",
            "move_all_by_1",
            "move_all_by_2"
        ],
        "perturbation": [
            "random_double_bridge"
        ],
        "stop_on_feasible": true,
        "timeout": 3
    },
    "histogram": {
        "all": {
            "centered_exchange_1": 201,
            "exchange_1_2": 201,
            "exchange_2_2": 201,
            "exchange_3_3": 201,
            "exchange_3_4": 201,
            "exchange_4_4": 201,
            "exchange_ids": 201,
            "insert_1": 249,
            "move_all_by_1": 156,
            "move_all_by_2": 143,
            "relocate_1": 170,
            "relocate_5": 170,
            "remove_1": 249,
            "rexchange_2_2": 201,
            "rexchange_2_3": 201,
            "rexchange_4_4": 201,
            "rrelocate_3": 170,
            "rrelocate_4": 170,
            "two_opt": 223
        },
        "improving": {
            "centered_exchange_1": 37,
            "exchange_1_2": 65,
            "exchange_2_2": 31,
            "exchange_3_3": 14,
            "exchange_3_4": 12,
            "exchange_4_4": 2,
            "exchange_ids": 97,
            "insert_1": 0,
            "move_all_by_1": 44,
            "move_all_by_2": 31,
            "relocate_1": 84,
            "relocate_5": 9,
            "remove_1": 0,
            "rexchange_2_2": 23,
            "rexchange_2_3": 9,
            "rexchange_4_4": 1,
            "rrelocate_3": 20,
            "rrelocate_4": 5,
            "two_opt": 118
        },
        "rate": {
            "centered_exchange_1": 0.1840796023607254,
            "exchange_1_2": 0.323383092880249,
            "exchange_2_2": 0.15422885119915009,
            "exchange_3_3": 0.06965173780918121,
            "exchange_3_4": 0.05970149114727974,
            "exchange_4_4": 0.009950248524546623,
            "exchange_ids": 0.482587069272995,
            "insert_1": 0.0,
            "move_all_by_1": 0.28205129504203796,
            "move_all_by_2": 0.21678321063518524,
            "relocate_1": 0.4941176474094391,
            "relocate_5": 0.052941177040338516,
            "remove_1": 0.0,
            "rexchange_2_2": 0.11442785710096359,
            "rexchange_2_3": 0.04477611929178238,
            "rexchange_4_4": 0.004975124262273312,
            "rrelocate_3": 0.11764705926179886,
            "rrelocate_4": 0.029411764815449715,
            "two_opt": 0.5291479825973511
        }
    },
    "last_improvement": 0,
    "name": "random-24-3.83-15",
    "solution": {
        "fitness": 1000695,
        "is_feasible": false,
        "permutation": [
            15,
            14,
            17,
            20,
            23,
            5,
            0,
            10,
            11,
            7,
            6,
            18,
            12,
            2,
            3,
            22,
            9,
            19,
            1,
            13,
            21,
            8,
            4,
            16
        ],
        "permutation_orig_ids": [
            "16",
            "15",
            "18",
            "21",
            "24",
            "6",
            "1",
            "11",
            "12",
            "8",
            "7",
            "19",
            "13",
            "3",
            "4",
            "23",
            "10",
            "20",
            "2",
            "14",
            "22",
            "9",
            "5",
            "17"
        ],
        "walk_orig_ids": [
            "16",
            "15",
            "18",
            "21",
            "5",
            "24",
            "6",
            "22",
            "1",
            "11",
            "12",
            "8",
            "7",
            "19",
            "13",
            "3",
            "4",
            "23",
            "10",
            "20",
            "2",
            "22",
            "14",
            "22",
            "9",
            "5",
            "17"
        ],
        "walk_processing": [
            true,
            true,
            true,
            true,
            false,
            true,
            true,
            false,
            true,
            true,
            true,
            true,
            true,
            true,
            true,
            true,
            true,
            true,
            true,
            true,
            true,
            false,
            true,
            true,
            true,
            true,
            true
        ]
    },
    "steps": {
        "0": 1000695
    },
    "timeout": 3
}