{
    "config": {
        "allow_infeasible": true,
        "construction": "random_replicate",
        "ils_k": 6,
        "local_search": "CVND",
        "metaheuristic": "ILS",
        "num_threads": 8,
        "operators": [
            "insert_1",
            "remove_1",
            "two_opt",
            "exchange_ids",
            "exchange_1_2",
            "exchange_2_2",
            "exchange_3_3",
            "exchange_3_4",
            "exchange_4_4",
            "rexchange_2_2",
            "rexchange_2_3",
            "rexchange_4_4",
            "centered_exchange_1",
            "relocate_1",
            "relocate_5",
            "rrelocate_3",
            "rrelocate_4",
            "move_all_by_1",
            "move_all_by_2"
        ],
        "perturbation": [
            "random_double_bridge"
        ],
        "stop_on_feasible": true,
        "timeout": 3
    },
    "histogram": {
        "all": {
            "centered_exchange_1": 177,
            "exchange_1_2": 178,
            "exchange_2_2": 178,
            "exchange_3_3": 178,
            "exchange_3_4": 178,
            "exchange_4_4": 178,
            "exchange_ids": 181,
            "insert_1": 206,
            "move_all_by_1": 123,
            "move_all_by_2": 120,
            "relocate_1": 137,
            "relocate_5": 134,
            "remove_1": 206,
            "rexchange_2_2": 177,
            "rexchange_2_3": 177,
            "rexchange_4_4": 177,
            "rrelocate_3": 134,
            "rrelocate_4": 134,
            "two_opt": 195
        },
        "improving": {
            "centered_exchange_1": 32,
            "exchange_1_2": 69,
            "exchange_2_2": 40,
            "exchange_3_3": 15,
            "exchange_3_4": 12,
            "exchange_4_4": 3,
            "exchange_ids": 86,
            "insert_1": 0,
            "move_all_by_1": 33,
            "move_all_by_2": 21,
            "relocate_1": 86,
            "relocate_5": 23,
            "remove_1": 0,
            "rexchange_2_2": 34,
            "rexchange_2_3": 9,
            "rexchange_4_4": 0,
            "rrelocate_3": 20,
            "rrelocate_4": 7,
            "two_opt": 94
        },
        "rate": {
            "centered_exchange_1": 0.1807909607887268,
            "exchange_1_2": 0.38764044642448425,
            "exchange_2_2": 0.2247191071510315,
            "exchange_3_3": 0.08426966518163681,
            "exchange_3_4": 0.06741572916507721,
            "exchange_4_4": 0.016853932291269302,
            "exchange_ids": 0.4751381278038025,
            "insert_1": 0.0,
            "move_all_by_1": 0.26829269528388977,
            "move_all_by_2": 0.17499999701976776,
            "relocate_1": 0.6277372241020203,
            "relocate_5": 0.17164179682731628,
            "remove_1": 0.0,
            "rexchange_2_2": 0.19209039211273193,
            "rexchange_2_3": 0.050847455859184265,
            "rexchange_4_4": 0.0,
            "rrelocate_3": 0.1492537260055542,
            "rrelocate_4": 0.05223880708217621,
            "two_opt": 0.482051283121109
        }
    },
    "last_improvement": 1,
    "name": "random-24-3.67-15",
    "solution": {
        "fitness": 1000761,
        "is_feasible": false,
        "permutation": [
            15,
            14,
            17,
            8,
            10,
            20,
            4,
            7,
            2,
            1,
            19,
            12,
            21,
            5,
            0,
            11,
            3,
            23,
            22,
            9,
            18,
            6,
            13,
            16
        ],
        "permutation_orig_ids": [
            "16",
            "15",
            "18",
            "9",
            "11",
            "21",
            "5",
            "8",
            "3",
            "2",
            "20",
            "13",
            "22",
            "6",
            "1",
            "12",
            "4",
            "24",
            "23",
            "10",
            "19",
            "7",
            "14",
            "17"
        ],
        "walk_orig_ids": [
            "16",
            "15",
            "18",
            "9",
            "11",
            "21",
            "5",
            "8",
            "7",
            "3",
            "2",
            "20",
            "13",
            "22",
            "6",
            "22",
            "1",
            "12",
            "4",
            "24",
            "23",
            "10",
            "19",
            "7",
            "14",
            "17"
        ],
        "walk_processing": [
            true,
            true,
            true,
            true,
            true,
            true,
            true,
            true,
            false,
            true,
            true,
            true,
            true,
            true,
            true,
            false,
            true,
            true,
            true,
            true,
            true,
            true,
            true,
            true,
            true,
            true
        ]
    },
    "steps": {
        "0": 1000764,
        "1": 1000761
    },
    "timeout": 3
}