{
    "config": {
        "allow_infeasible": true,
        "construction": "random_replicate",
        "ils_k": 6,
        "local_search": "CVND",
        "metaheuristic": "ILS",
        "num_threads": 8,
        "operators": [
            "insert_1",
            "remove_1",
            "two_opt",
            "exchange_ids",
            "exchange_1_2",
            "exchange_2_2",
            "exchange_3_3",
            "exchange_3_4",
            "exchange_4_4",
            "rexchange_2_2",
            "rexchange_2_3",
            "rexchange_4_4",
            "centered_exchange_1",
            "relocate_1",
            "relocate_5",
            "rrelocate_3",
            "rrelocate_4",
            "move_all_by_1",
            "move_all_by_2"
        ],
        "perturbation": [
            "random_double_bridge"
        ],
        "stop_on_feasible": true,
        "timeout": 3
    },
    "histogram": {
        "all": {
            "centered_exchange_1": 4408,
            "exchange_1_2": 4532,
            "exchange_2_2": 4530,
            "exchange_3_3": 4529,
            "exchange_3_4": 4529,
            "exchange_4_4": 4529,
            "exchange_ids": 4567,
            "insert_1": 5508,
            "move_all_by_1": 3260,
            "move_all_by_2": 3172,
            "relocate_1": 3633,
            "relocate_5": 3612,
            "remove_1": 5508,
            "rexchange_2_2": 4461,
            "rexchange_2_3": 4459,
            "rexchange_4_4": 4458,
            "rrelocate_3": 3484,
            "rrelocate_4": 3461,
            "two_opt": 4946
        },
        "improving": {
            "centered_exchange_1": 450,
            "exchange_1_2": 1492,
            "exchange_2_2": 439,
            "exchange_3_3": 149,
            "exchange_3_4": 168,
            "exchange_4_4": 33,
            "exchange_ids": 2007,
            "insert_1": 0,
            "move_all_by_1": 616,
            "move_all_by_2": 338,
            "relocate_1": 1787,
            "relocate_5": 143,
            "remove_1": 0,
            "rexchange_2_2": 834,
            "rexchange_2_3": 292,
            "rexchange_4_4": 131,
            "rrelocate_3": 493,
            "rrelocate_4": 194,
            "two_opt": 2625
        },
        "rate": {
            "centered_exchange_1": 0.1020871177315712,
            "exchange_1_2": 0.329214483499527,
            "exchange_2_2": 0.09690949320793152,
            "exchange_3_3": 0.03289909288287163,
            "exchange_3_4": 0.03709428012371063,
            "exchange_4_4": 0.007286376785486937,
            "exchange_ids": 0.439456969499588,
            "insert_1": 0.0,
            "move_all_by_1": 0.18895705044269562,
            "move_all_by_2": 0.10655737668275833,
            "relocate_1": 0.49187999963760376,
            "relocate_5": 0.0395902544260025,
            "remove_1": 0.0,
            "rexchange_2_2": 0.186953604221344,
            "rexchange_2_3": 0.06548553705215454,
            "rexchange_4_4": 0.02938537485897541,
            "rrelocate_3": 0.14150401949882507,
            "rrelocate_4": 0.05605316534638405,
            "two_opt": 0.5307319164276123
        }
    },
    "last_improvement": 0,
    "name": "random-24-138.0-30",
    "solution": {
        "fitness": 1000447,
        "is_feasible": false,
        "permutation": [
            6,
            15,
            7,
            5,
            21,
            11,
            14,
            17,
            12,
            16,
            13,
            18,
            19,
            4,
            1,
            8,
            20,
            9,
            10,
            0,
            3,
            23,
            2,
            22
        ],
        "permutation_orig_ids": [
            "7",
            "16",
            "8",
            "6",
            "22",
            "12",
            "15",
            "18",
            "13",
            "17",
            "14",
            "19",
            "20",
            "5",
            "2",
            "9",
            "21",
            "10",
            "11",
            "1",
            "4",
            "24",
            "3",
            "23"
        ]
    },
    "steps": {
        "0": 1000447
    },
    "timeout": 3
}