{
    "config": {
        "allow_infeasible": true,
        "construction": "random_replicate",
        "ils_k": 6,
        "local_search": "CVND",
        "metaheuristic": "ILS",
        "num_threads": 8,
        "operators": [
            "insert_1",
            "remove_1",
            "two_opt",
            "exchange_ids",
            "exchange_1_2",
            "exchange_2_2",
            "exchange_3_3",
            "exchange_3_4",
            "exchange_4_4",
            "rexchange_2_2",
            "rexchange_2_3",
            "rexchange_4_4",
            "centered_exchange_1",
            "relocate_1",
            "relocate_5",
            "rrelocate_3",
            "rrelocate_4",
            "move_all_by_1",
            "move_all_by_2"
        ],
        "perturbation": [
            "random_double_bridge"
        ],
        "stop_on_feasible": true,
        "timeout": 3
    },
    "histogram": {
        "all": {
            "centered_exchange_1": 107,
            "exchange_1_2": 112,
            "exchange_2_2": 112,
            "exchange_3_3": 112,
            "exchange_3_4": 112,
            "exchange_4_4": 112,
            "exchange_ids": 114,
            "insert_1": 134,
            "move_all_by_1": 85,
            "move_all_by_2": 83,
            "relocate_1": 93,
            "relocate_5": 92,
            "remove_1": 134,
            "rexchange_2_2": 109,
            "rexchange_2_3": 109,
            "rexchange_4_4": 109,
            "rrelocate_3": 89,
            "rrelocate_4": 88,
            "two_opt": 121
        },
        "improving": {
            "centered_exchange_1": 15,
            "exchange_1_2": 32,
            "exchange_2_2": 9,
            "exchange_3_3": 7,
            "exchange_3_4": 5,
            "exchange_4_4": 5,
            "exchange_ids": 46,
            "insert_1": 0,
            "move_all_by_1": 12,
            "move_all_by_2": 8,
            "relocate_1": 46,
            "relocate_5": 15,
            "remove_1": 0,
            "rexchange_2_2": 20,
            "rexchange_2_3": 9,
            "rexchange_4_4": 3,
            "rrelocate_3": 17,
            "rrelocate_4": 8,
            "two_opt": 58
        },
        "rate": {
            "centered_exchange_1": 0.14018692076206207,
            "exchange_1_2": 0.2857142984867096,
            "exchange_2_2": 0.0803571417927742,
            "exchange_3_3": 0.0625,
            "exchange_3_4": 0.0446428582072258,
            "exchange_4_4": 0.0446428582072258,
            "exchange_ids": 0.4035087823867798,
            "insert_1": 0.0,
            "move_all_by_1": 0.1411764770746231,
            "move_all_by_2": 0.09638553857803345,
            "relocate_1": 0.49462366104125977,
            "relocate_5": 0.16304348409175873,
            "remove_1": 0.0,
            "rexchange_2_2": 0.1834862381219864,
            "rexchange_2_3": 0.08256880939006805,
            "rexchange_4_4": 0.027522936463356018,
            "rrelocate_3": 0.1910112351179123,
            "rrelocate_4": 0.09090909361839294,
            "two_opt": 0.4793388545513153
        }
    },
    "last_improvement": 0,
    "name": "random-24-133.0-176",
    "solution": {
        "fitness": 740,
        "is_feasible": true,
        "permutation": [
            17,
            18,
            12,
            8,
            11,
            1,
            2,
            21,
            23,
            13,
            9,
            5,
            16,
            22,
            19,
            3,
            7,
            4,
            6,
            0,
            20,
            14,
            15,
            10
        ],
        "permutation_orig_ids": [
            "18",
            "19",
            "13",
            "9",
            "12",
            "2",
            "3",
            "22",
            "24",
            "14",
            "10",
            "6",
            "17",
            "23",
            "20",
            "4",
            "8",
            "5",
            "7",
            "1",
            "21",
            "15",
            "16",
            "11"
        ]
    },
    "steps": {
        "0": 740
    },
    "timeout": 3
}