{
    "config": {
        "allow_infeasible": true,
        "construction": "random_replicate",
        "ils_k": 6,
        "local_search": "CVND",
        "metaheuristic": "ILS",
        "num_threads": 8,
        "operators": [
            "insert_1",
            "remove_1",
            "two_opt",
            "exchange_ids",
            "exchange_1_2",
            "exchange_2_2",
            "exchange_3_3",
            "exchange_3_4",
            "exchange_4_4",
            "rexchange_2_2",
            "rexchange_2_3",
            "rexchange_4_4",
            "centered_exchange_1",
            "relocate_1",
            "relocate_5",
            "rrelocate_3",
            "rrelocate_4",
            "move_all_by_1",
            "move_all_by_2"
        ],
        "perturbation": [
            "random_double_bridge"
        ],
        "stop_on_feasible": true,
        "timeout": 3
    },
    "histogram": {
        "all": {
            "centered_exchange_1": 1807,
            "exchange_1_2": 1905,
            "exchange_2_2": 1904,
            "exchange_3_3": 1903,
            "exchange_3_4": 1902,
            "exchange_4_4": 1902,
            "exchange_ids": 1954,
            "insert_1": 2339,
            "move_all_by_1": 1363,
            "move_all_by_2": 1334,
            "relocate_1": 1542,
            "relocate_5": 1536,
            "remove_1": 2339,
            "rexchange_2_2": 1854,
            "rexchange_2_3": 1844,
            "rexchange_4_4": 1844,
            "rrelocate_3": 1471,
            "rrelocate_4": 1454,
            "two_opt": 2107
        },
        "improving": {
            "centered_exchange_1": 274,
            "exchange_1_2": 584,
            "exchange_2_2": 211,
            "exchange_3_3": 98,
            "exchange_3_4": 98,
            "exchange_4_4": 30,
            "exchange_ids": 828,
            "insert_1": 0,
            "move_all_by_1": 246,
            "move_all_by_2": 120,
            "relocate_1": 674,
            "relocate_5": 89,
            "remove_1": 0,
            "rexchange_2_2": 341,
            "rexchange_2_3": 150,
            "rexchange_4_4": 44,
            "rrelocate_3": 248,
            "rrelocate_4": 95,
            "two_opt": 1107
        },
        "rate": {
            "centered_exchange_1": 0.15163254737854004,
            "exchange_1_2": 0.306561678647995,
            "exchange_2_2": 0.11081932485103607,
            "exchange_3_3": 0.05149763450026512,
            "exchange_3_4": 0.05152470991015434,
            "exchange_4_4": 0.015772869810461998,
            "exchange_ids": 0.42374616861343384,
            "insert_1": 0.0,
            "move_all_by_1": 0.18048422038555145,
            "move_all_by_2": 0.08995502442121506,
            "relocate_1": 0.43709468841552734,
            "relocate_5": 0.0579427070915699,
            "remove_1": 0.0,
            "rexchange_2_2": 0.18392664194107056,
            "rexchange_2_3": 0.08134490251541138,
            "rexchange_4_4": 0.023861171677708626,
            "rrelocate_3": 0.16859279572963715,
            "rrelocate_4": 0.06533700227737427,
            "two_opt": 0.5253915786743164
        }
    },
    "last_improvement": 1,
    "name": "random-24-136.0-109",
    "solution": {
        "fitness": 739,
        "is_feasible": true,
        "permutation": [
            13,
            4,
            11,
            7,
            20,
            12,
            2,
            5,
            6,
            10,
            23,
            21,
            1,
            14,
            0,
            8,
            3,
            19,
            17,
            16,
            9,
            22,
            18,
            15
        ],
        "permutation_orig_ids": [
            "14",
            "5",
            "12",
            "8",
            "21",
            "13",
            "3",
            "6",
            "7",
            "11",
            "24",
            "22",
            "2",
            "15",
            "1",
            "9",
            "4",
            "20",
            "18",
            "17",
            "10",
            "23",
            "19",
            "16"
        ]
    },
    "steps": {
        "0": 1000479,
        "1": 739
    },
    "timeout": 3
}