{
    "config": {
        "allow_infeasible": true,
        "construction": "random_replicate",
        "ils_k": 6,
        "local_search": "CVND",
        "metaheuristic": "ILS",
        "num_threads": 8,
        "operators": [
            "insert_1",
            "remove_1",
            "two_opt",
            "exchange_ids",
            "exchange_1_2",
            "exchange_2_2",
            "exchange_3_3",
            "exchange_3_4",
            "exchange_4_4",
            "rexchange_2_2",
            "rexchange_2_3",
            "rexchange_4_4",
            "centered_exchange_1",
            "relocate_1",
            "relocate_5",
            "rrelocate_3",
            "rrelocate_4",
            "move_all_by_1",
            "move_all_by_2"
        ],
        "perturbation": [
            "random_double_bridge"
        ],
        "stop_on_feasible": true,
        "timeout": 3
    },
    "histogram": {
        "all": {
            "centered_exchange_1": 19,
            "exchange_1_2": 20,
            "exchange_2_2": 20,
            "exchange_3_3": 20,
            "exchange_3_4": 20,
            "exchange_4_4": 20,
            "exchange_ids": 21,
            "insert_1": 26,
            "move_all_by_1": 16,
            "move_all_by_2": 16,
            "relocate_1": 16,
            "relocate_5": 16,
            "remove_1": 26,
            "rexchange_2_2": 20,
            "rexchange_2_3": 20,
            "rexchange_4_4": 20,
            "rrelocate_3": 16,
            "rrelocate_4": 16,
            "two_opt": 23
        },
        "improving": {
            "centered_exchange_1": 3,
            "exchange_1_2": 4,
            "exchange_2_2": 1,
            "exchange_3_3": 0,
            "exchange_3_4": 1,
            "exchange_4_4": 1,
            "exchange_ids": 8,
            "insert_1": 0,
            "move_all_by_1": 1,
            "move_all_by_2": 1,
            "relocate_1": 7,
            "relocate_5": 3,
            "remove_1": 0,
            "rexchange_2_2": 2,
            "rexchange_2_3": 1,
            "rexchange_4_4": 3,
            "rrelocate_3": 4,
            "rrelocate_4": 2,
            "two_opt": 12
        },
        "rate": {
            "centered_exchange_1": 0.15789473056793213,
            "exchange_1_2": 0.20000000298023224,
            "exchange_2_2": 0.05000000074505806,
            "exchange_3_3": 0.0,
            "exchange_3_4": 0.05000000074505806,
            "exchange_4_4": 0.05000000074505806,
            "exchange_ids": 0.380952388048172,
            "insert_1": 0.0,
            "move_all_by_1": 0.0625,
            "move_all_by_2": 0.0625,
            "relocate_1": 0.4375,
            "relocate_5": 0.1875,
            "remove_1": 0.0,
            "rexchange_2_2": 0.10000000149011612,
            "rexchange_2_3": 0.05000000074505806,
            "rexchange_4_4": 0.15000000596046448,
            "rrelocate_3": 0.25,
            "rrelocate_4": 0.125,
            "two_opt": 0.52173912525177
        }
    },
    "last_improvement": 0,
    "name": "random-24-136.0-19",
    "solution": {
        "fitness": 598,
        "is_feasible": true,
        "permutation": [
            12,
            17,
            1,
            18,
            7,
            21,
            10,
            19,
            23,
            3,
            2,
            15,
            0,
            16,
            9,
            13,
            4,
            22,
            6,
            11,
            14,
            20,
            8,
            5
        ],
        "permutation_orig_ids": [
            "13",
            "18",
            "2",
            "19",
            "8",
            "22",
            "11",
            "20",
            "24",
            "4",
            "3",
            "16",
            "1",
            "17",
            "10",
            "14",
            "5",
            "23",
            "7",
            "12",
            "15",
            "21",
            "9",
            "6"
        ]
    },
    "steps": {
        "0": 598
    },
    "timeout": 3
}