{
    "config": {
        "allow_infeasible": true,
        "construction": "random_replicate",
        "ils_k": 6,
        "local_search": "CVND",
        "metaheuristic": "ILS",
        "num_threads": 8,
        "operators": [
            "insert_1",
            "remove_1",
            "two_opt",
            "exchange_ids",
            "exchange_1_2",
            "exchange_2_2",
            "exchange_3_3",
            "exchange_3_4",
            "exchange_4_4",
            "rexchange_2_2",
            "rexchange_2_3",
            "rexchange_4_4",
            "centered_exchange_1",
            "relocate_1",
            "relocate_5",
            "rrelocate_3",
            "rrelocate_4",
            "move_all_by_1",
            "move_all_by_2"
        ],
        "perturbation": [
            "random_double_bridge"
        ],
        "stop_on_feasible": true,
        "timeout": 3
    },
    "histogram": {
        "all": {
            "centered_exchange_1": 38,
            "exchange_1_2": 38,
            "exchange_2_2": 38,
            "exchange_3_3": 38,
            "exchange_3_4": 38,
            "exchange_4_4": 38,
            "exchange_ids": 38,
            "insert_1": 40,
            "move_all_by_1": 25,
            "move_all_by_2": 25,
            "relocate_1": 28,
            "relocate_5": 28,
            "remove_1": 40,
            "rexchange_2_2": 38,
            "rexchange_2_3": 38,
            "rexchange_4_4": 38,
            "rrelocate_3": 26,
            "rrelocate_4": 26,
            "two_opt": 40
        },
        "improving": {
            "centered_exchange_1": 6,
            "exchange_1_2": 14,
            "exchange_2_2": 6,
            "exchange_3_3": 6,
            "exchange_3_4": 5,
            "exchange_4_4": 3,
            "exchange_ids": 17,
            "insert_1": 0,
            "move_all_by_1": 8,
            "move_all_by_2": 5,
            "relocate_1": 23,
            "relocate_5": 2,
            "remove_1": 0,
            "rexchange_2_2": 8,
            "rexchange_2_3": 5,
            "rexchange_4_4": 0,
            "rrelocate_3": 7,
            "rrelocate_4": 4,
            "two_opt": 19
        },
        "rate": {
            "centered_exchange_1": 0.15789473056793213,
            "exchange_1_2": 0.3684210479259491,
            "exchange_2_2": 0.15789473056793213,
            "exchange_3_3": 0.15789473056793213,
            "exchange_3_4": 0.1315789520740509,
            "exchange_4_4": 0.07894736528396606,
            "exchange_ids": 0.44736841320991516,
            "insert_1": 0.0,
            "move_all_by_1": 0.3199999928474426,
            "move_all_by_2": 0.20000000298023224,
            "relocate_1": 0.8214285969734192,
            "relocate_5": 0.0714285746216774,
            "remove_1": 0.0,
            "rexchange_2_2": 0.21052631735801697,
            "rexchange_2_3": 0.1315789520740509,
            "rexchange_4_4": 0.0,
            "rrelocate_3": 0.26923078298568726,
            "rrelocate_4": 0.1538461595773697,
            "two_opt": 0.4749999940395355
        }
    },
    "last_improvement": 0,
    "name": "random-24-130.5-111",
    "solution": {
        "fitness": 660,
        "is_feasible": true,
        "permutation": [
            8,
            15,
            13,
            4,
            10,
            23,
            5,
            12,
            21,
            3,
            7,
            14,
            11,
            1,
            20,
            0,
            17,
            2,
            22,
            18,
            6,
            19,
            9,
            16
        ],
        "permutation_orig_ids": [
            "9",
            "16",
            "14",
            "5",
            "11",
            "24",
            "6",
            "13",
            "22",
            "4",
            "8",
            "15",
            "12",
            "2",
            "21",
            "1",
            "18",
            "3",
            "23",
            "19",
            "7",
            "20",
            "10",
            "17"
        ]
    },
    "steps": {
        "0": 660
    },
    "timeout": 3
}