{
    "config": {
        "allow_infeasible": true,
        "construction": "random_replicate",
        "ils_k": 6,
        "local_search": "CVND",
        "metaheuristic": "ILS",
        "num_threads": 8,
        "operators": [
            "insert_1",
            "remove_1",
            "two_opt",
            "exchange_ids",
            "exchange_1_2",
            "exchange_2_2",
            "exchange_3_3",
            "exchange_3_4",
            "exchange_4_4",
            "rexchange_2_2",
            "rexchange_2_3",
            "rexchange_4_4",
            "centered_exchange_1",
            "relocate_1",
            "relocate_5",
            "rrelocate_3",
            "rrelocate_4",
            "move_all_by_1",
            "move_all_by_2"
        ],
        "perturbation": [
            "random_double_bridge"
        ],
        "stop_on_feasible": true,
        "timeout": 3
    },
    "histogram": {
        "all": {
            "centered_exchange_1": 62,
            "exchange_1_2": 65,
            "exchange_2_2": 65,
            "exchange_3_3": 65,
            "exchange_3_4": 65,
            "exchange_4_4": 65,
            "exchange_ids": 66,
            "insert_1": 78,
            "move_all_by_1": 47,
            "move_all_by_2": 46,
            "relocate_1": 51,
            "relocate_5": 51,
            "remove_1": 78,
            "rexchange_2_2": 64,
            "rexchange_2_3": 64,
            "rexchange_4_4": 64,
            "rrelocate_3": 50,
            "rrelocate_4": 49,
            "two_opt": 70
        },
        "improving": {
            "centered_exchange_1": 8,
            "exchange_1_2": 23,
            "exchange_2_2": 9,
            "exchange_3_3": 7,
            "exchange_3_4": 4,
            "exchange_4_4": 2,
            "exchange_ids": 32,
            "insert_1": 0,
            "move_all_by_1": 12,
            "move_all_by_2": 4,
            "relocate_1": 28,
            "relocate_5": 4,
            "remove_1": 0,
            "rexchange_2_2": 12,
            "rexchange_2_3": 8,
            "rexchange_4_4": 4,
            "rrelocate_3": 10,
            "rrelocate_4": 4,
            "two_opt": 37
        },
        "rate": {
            "centered_exchange_1": 0.12903225421905518,
            "exchange_1_2": 0.35384616255760193,
            "exchange_2_2": 0.13846154510974884,
            "exchange_3_3": 0.10769230872392654,
            "exchange_3_4": 0.0615384615957737,
            "exchange_4_4": 0.03076923079788685,
            "exchange_ids": 0.4848484992980957,
            "insert_1": 0.0,
            "move_all_by_1": 0.25531914830207825,
            "move_all_by_2": 0.08695652335882187,
            "relocate_1": 0.5490196347236633,
            "relocate_5": 0.0784313753247261,
            "remove_1": 0.0,
            "rexchange_2_2": 0.1875,
            "rexchange_2_3": 0.125,
            "rexchange_4_4": 0.0625,
            "rrelocate_3": 0.20000000298023224,
            "rrelocate_4": 0.08163265138864517,
            "two_opt": 0.5285714268684387
        }
    },
    "last_improvement": 0,
    "name": "random-24-136.5-146",
    "solution": {
        "fitness": 747,
        "is_feasible": true,
        "permutation": [
            13,
            23,
            17,
            2,
            14,
            10,
            15,
            11,
            1,
            18,
            8,
            7,
            16,
            21,
            22,
            19,
            0,
            12,
            5,
            6,
            3,
            20,
            9,
            4
        ],
        "permutation_orig_ids": [
            "14",
            "24",
            "18",
            "3",
            "15",
            "11",
            "16",
            "12",
            "2",
            "19",
            "9",
            "8",
            "17",
            "22",
            "23",
            "20",
            "1",
            "13",
            "6",
            "7",
            "4",
            "21",
            "10",
            "5"
        ]
    },
    "steps": {
        "0": 747
    },
    "timeout": 3
}