{
    "config": {
        "allow_infeasible": true,
        "construction": "random_replicate",
        "ils_k": 6,
        "local_search": "CVND",
        "metaheuristic": "ILS",
        "num_threads": 8,
        "operators": [
            "insert_1",
            "remove_1",
            "two_opt",
            "exchange_ids",
            "exchange_1_2",
            "exchange_2_2",
            "exchange_3_3",
            "exchange_3_4",
            "exchange_4_4",
            "rexchange_2_2",
            "rexchange_2_3",
            "rexchange_4_4",
            "centered_exchange_1",
            "relocate_1",
            "relocate_5",
            "rrelocate_3",
            "rrelocate_4",
            "move_all_by_1",
            "move_all_by_2"
        ],
        "perturbation": [
            "random_double_bridge"
        ],
        "stop_on_feasible": true,
        "timeout": 3
    },
    "histogram": {
        "all": {
            "centered_exchange_1": 40,
            "exchange_1_2": 40,
            "exchange_2_2": 40,
            "exchange_3_3": 40,
            "exchange_3_4": 40,
            "exchange_4_4": 40,
            "exchange_ids": 40,
            "insert_1": 55,
            "move_all_by_1": 34,
            "move_all_by_2": 32,
            "relocate_1": 35,
            "relocate_5": 35,
            "remove_1": 55,
            "rexchange_2_2": 40,
            "rexchange_2_3": 40,
            "rexchange_4_4": 40,
            "rrelocate_3": 35,
            "rrelocate_4": 35,
            "two_opt": 51
        },
        "improving": {
            "centered_exchange_1": 4,
            "exchange_1_2": 10,
            "exchange_2_2": 5,
            "exchange_3_3": 3,
            "exchange_3_4": 2,
            "exchange_4_4": 1,
            "exchange_ids": 22,
            "insert_1": 0,
            "move_all_by_1": 7,
            "move_all_by_2": 5,
            "relocate_1": 14,
            "relocate_5": 1,
            "remove_1": 0,
            "rexchange_2_2": 6,
            "rexchange_2_3": 5,
            "rexchange_4_4": 1,
            "rrelocate_3": 7,
            "rrelocate_4": 2,
            "two_opt": 25
        },
        "rate": {
            "centered_exchange_1": 0.10000000149011612,
            "exchange_1_2": 0.25,
            "exchange_2_2": 0.125,
            "exchange_3_3": 0.07500000298023224,
            "exchange_3_4": 0.05000000074505806,
            "exchange_4_4": 0.02500000037252903,
            "exchange_ids": 0.550000011920929,
            "insert_1": 0.0,
            "move_all_by_1": 0.20588235557079315,
            "move_all_by_2": 0.15625,
            "relocate_1": 0.4000000059604645,
            "relocate_5": 0.02857142873108387,
            "remove_1": 0.0,
            "rexchange_2_2": 0.15000000596046448,
            "rexchange_2_3": 0.125,
            "rexchange_4_4": 0.02500000037252903,
            "rrelocate_3": 0.20000000298023224,
            "rrelocate_4": 0.05714285746216774,
            "two_opt": 0.4901960790157318
        }
    },
    "last_improvement": 0,
    "name": "random-24-137.5-129",
    "solution": {
        "fitness": 769,
        "is_feasible": true,
        "permutation": [
            3,
            4,
            5,
            0,
            17,
            9,
            19,
            12,
            8,
            7,
            21,
            22,
            6,
            15,
            16,
            23,
            14,
            11,
            1,
            13,
            18,
            20,
            10,
            2
        ],
        "permutation_orig_ids": [
            "4",
            "5",
            "6",
            "1",
            "18",
            "10",
            "20",
            "13",
            "9",
            "8",
            "22",
            "23",
            "7",
            "16",
            "17",
            "24",
            "15",
            "12",
            "2",
            "14",
            "19",
            "21",
            "11",
            "3"
        ]
    },
    "steps": {
        "0": 769
    },
    "timeout": 3
}