{
    "config": {
        "allow_infeasible": true,
        "construction": "random_replicate",
        "ils_k": 6,
        "local_search": "CVND",
        "metaheuristic": "ILS",
        "num_threads": 8,
        "operators": [
            "insert_1",
            "remove_1",
            "two_opt",
            "exchange_ids",
            "exchange_1_2",
            "exchange_2_2",
            "exchange_3_3",
            "exchange_3_4",
            "exchange_4_4",
            "rexchange_2_2",
            "rexchange_2_3",
            "rexchange_4_4",
            "centered_exchange_1",
            "relocate_1",
            "relocate_5",
            "rrelocate_3",
            "rrelocate_4",
            "move_all_by_1",
            "move_all_by_2"
        ],
        "perturbation": [
            "random_double_bridge"
        ],
        "stop_on_feasible": true,
        "timeout": 3
    },
    "histogram": {
        "all": {
            "centered_exchange_1": 217,
            "exchange_1_2": 223,
            "exchange_2_2": 223,
            "exchange_3_3": 222,
            "exchange_3_4": 222,
            "exchange_4_4": 222,
            "exchange_ids": 225,
            "insert_1": 261,
            "move_all_by_1": 159,
            "move_all_by_2": 154,
            "relocate_1": 175,
            "relocate_5": 173,
            "remove_1": 261,
            "rexchange_2_2": 222,
            "rexchange_2_3": 222,
            "rexchange_4_4": 222,
            "rrelocate_3": 168,
            "rrelocate_4": 168,
            "two_opt": 242
        },
        "improving": {
            "centered_exchange_1": 29,
            "exchange_1_2": 69,
            "exchange_2_2": 24,
            "exchange_3_3": 11,
            "exchange_3_4": 8,
            "exchange_4_4": 3,
            "exchange_ids": 95,
            "insert_1": 0,
            "move_all_by_1": 31,
            "move_all_by_2": 18,
            "relocate_1": 97,
            "relocate_5": 15,
            "remove_1": 0,
            "rexchange_2_2": 29,
            "rexchange_2_3": 15,
            "rexchange_4_4": 4,
            "rrelocate_3": 25,
            "rrelocate_4": 10,
            "two_opt": 117
        },
        "rate": {
            "centered_exchange_1": 0.13364055752754211,
            "exchange_1_2": 0.3094170391559601,
            "exchange_2_2": 0.10762331634759903,
            "exchange_3_3": 0.04954954981803894,
            "exchange_3_4": 0.036036036908626556,
            "exchange_4_4": 0.013513513840734959,
            "exchange_ids": 0.42222222685813904,
            "insert_1": 0.0,
            "move_all_by_1": 0.1949685513973236,
            "move_all_by_2": 0.11688311398029327,
            "relocate_1": 0.5542857050895691,
            "relocate_5": 0.08670520037412643,
            "remove_1": 0.0,
            "rexchange_2_2": 0.13063062727451324,
            "rexchange_2_3": 0.06756756454706192,
            "rexchange_4_4": 0.018018018454313278,
            "rrelocate_3": 0.1488095223903656,
            "rrelocate_4": 0.0595238097012043,
            "two_opt": 0.4834710657596588
        }
    },
    "last_improvement": 0,
    "name": "random-24-133.5-142",
    "solution": {
        "fitness": 742,
        "is_feasible": true,
        "permutation": [
            20,
            2,
            1,
            14,
            3,
            15,
            19,
            13,
            17,
            21,
            0,
            4,
            12,
            5,
            9,
            11,
            18,
            6,
            8,
            16,
            23,
            22,
            10,
            7
        ],
        "permutation_orig_ids": [
            "21",
            "3",
            "2",
            "15",
            "4",
            "16",
            "20",
            "14",
            "18",
            "22",
            "1",
            "5",
            "13",
            "6",
            "10",
            "12",
            "19",
            "7",
            "9",
            "17",
            "24",
            "23",
            "11",
            "8"
        ]
    },
    "steps": {
        "0": 742
    },
    "timeout": 3
}