{
    "config": {
        "allow_infeasible": true,
        "construction": "random_replicate",
        "ils_k": 6,
        "local_search": "CVND",
        "metaheuristic": "ILS",
        "num_threads": 8,
        "operators": [
            "insert_1",
            "remove_1",
            "two_opt",
            "exchange_ids",
            "exchange_1_2",
            "exchange_2_2",
            "exchange_3_3",
            "exchange_3_4",
            "exchange_4_4",
            "rexchange_2_2",
            "rexchange_2_3",
            "rexchange_4_4",
            "centered_exchange_1",
            "relocate_1",
            "relocate_5",
            "rrelocate_3",
            "rrelocate_4",
            "move_all_by_1",
            "move_all_by_2"
        ],
        "perturbation": [
            "random_double_bridge"
        ],
        "stop_on_feasible": true,
        "timeout": 5
    },
    "histogram": {
        "all": {
            "centered_exchange_1": 15,
            "exchange_1_2": 15,
            "exchange_2_2": 15,
            "exchange_3_3": 15,
            "exchange_3_4": 15,
            "exchange_4_4": 15,
            "exchange_ids": 15,
            "insert_1": 17,
            "move_all_by_1": 13,
            "move_all_by_2": 13,
            "relocate_1": 15,
            "relocate_5": 15,
            "remove_1": 17,
            "rexchange_2_2": 15,
            "rexchange_2_3": 15,
            "rexchange_4_4": 15,
            "rrelocate_3": 15,
            "rrelocate_4": 13,
            "two_opt": 15
        },
        "improving": {
            "centered_exchange_1": 1,
            "exchange_1_2": 3,
            "exchange_2_2": 4,
            "exchange_3_3": 3,
            "exchange_3_4": 3,
            "exchange_4_4": 3,
            "exchange_ids": 7,
            "insert_1": 0,
            "move_all_by_1": 1,
            "move_all_by_2": 0,
            "relocate_1": 4,
            "relocate_5": 4,
            "remove_1": 0,
            "rexchange_2_2": 5,
            "rexchange_2_3": 2,
            "rexchange_4_4": 5,
            "rrelocate_3": 6,
            "rrelocate_4": 6,
            "two_opt": 13
        },
        "rate": {
            "centered_exchange_1": 0.06666667014360428,
            "exchange_1_2": 0.20000000298023224,
            "exchange_2_2": 0.2666666805744171,
            "exchange_3_3": 0.20000000298023224,
            "exchange_3_4": 0.20000000298023224,
            "exchange_4_4": 0.20000000298023224,
            "exchange_ids": 0.46666666865348816,
            "insert_1": 0.0,
            "move_all_by_1": 0.07692307978868484,
            "move_all_by_2": 0.0,
            "relocate_1": 0.2666666805744171,
            "relocate_5": 0.2666666805744171,
            "remove_1": 0.0,
            "rexchange_2_2": 0.3333333432674408,
            "rexchange_2_3": 0.13333334028720856,
            "rexchange_4_4": 0.3333333432674408,
            "rrelocate_3": 0.4000000059604645,
            "rrelocate_4": 0.4615384638309479,
            "two_opt": 0.8666666746139526
        }
    },
    "last_improvement": 3,
    "name": "random_tsp-50-7.40-88",
    "solution": {
        "fitness": 1965,
        "is_feasible": true,
        "permutation": [
            8,
            44,
            48,
            20,
            3,
            42,
            32,
            22,
            36,
            28,
            17,
            39,
            26,
            35,
            16,
            34,
            2,
            29,
            19,
            5,
            11,
            14,
            46,
            37,
            41,
            0,
            1,
            10,
            24,
            43,
            40,
            9,
            4,
            25,
            23,
            33,
            13,
            27,
            47,
            7,
            38,
            6,
            21,
            18,
            30,
            31,
            15,
            12,
            49,
            45
        ],
        "permutation_orig_ids": [
            "9",
            "45",
            "49",
            "21",
            "4",
            "43",
            "33",
            "23",
            "37",
            "29",
            "18",
            "40",
            "27",
            "36",
            "17",
            "35",
            "3",
            "30",
            "20",
            "6",
            "12",
            "15",
            "47",
            "38",
            "42",
            "1",
            "2",
            "11",
            "25",
            "44",
            "41",
            "10",
            "5",
            "26",
            "24",
            "34",
            "14",
            "28",
            "48",
            "8",
            "39",
            "7",
            "22",
            "19",
            "31",
            "32",
            "16",
            "13",
            "50",
            "46"
        ]
    },
    "steps": {
        "0": 2001867,
        "1": 1001930,
        "3": 1965
    },
    "timeout": 5
}