{
    "config": {
        "allow_infeasible": true,
        "construction": "random_replicate",
        "ils_k": 6,
        "local_search": "CVND",
        "metaheuristic": "ILS",
        "num_threads": 8,
        "operators": [
            "insert_1",
            "remove_1",
            "two_opt",
            "exchange_ids",
            "exchange_1_2",
            "exchange_2_2",
            "exchange_3_3",
            "exchange_3_4",
            "exchange_4_4",
            "rexchange_2_2",
            "rexchange_2_3",
            "rexchange_4_4",
            "centered_exchange_1",
            "relocate_1",
            "relocate_5",
            "rrelocate_3",
            "rrelocate_4",
            "move_all_by_1",
            "move_all_by_2"
        ],
        "perturbation": [
            "random_double_bridge"
        ],
        "stop_on_feasible": true,
        "timeout": 5
    },
    "histogram": {
        "all": {
            "centered_exchange_1": 10,
            "exchange_1_2": 10,
            "exchange_2_2": 10,
            "exchange_3_3": 10,
            "exchange_3_4": 10,
            "exchange_4_4": 10,
            "exchange_ids": 10,
            "insert_1": 11,
            "move_all_by_1": 10,
            "move_all_by_2": 10,
            "relocate_1": 10,
            "relocate_5": 10,
            "remove_1": 11,
            "rexchange_2_2": 10,
            "rexchange_2_3": 10,
            "rexchange_4_4": 10,
            "rrelocate_3": 10,
            "rrelocate_4": 10,
            "two_opt": 10
        },
        "improving": {
            "centered_exchange_1": 2,
            "exchange_1_2": 3,
            "exchange_2_2": 2,
            "exchange_3_3": 2,
            "exchange_3_4": 2,
            "exchange_4_4": 2,
            "exchange_ids": 2,
            "insert_1": 0,
            "move_all_by_1": 0,
            "move_all_by_2": 0,
            "relocate_1": 4,
            "relocate_5": 6,
            "remove_1": 0,
            "rexchange_2_2": 2,
            "rexchange_2_3": 2,
            "rexchange_4_4": 4,
            "rrelocate_3": 4,
            "rrelocate_4": 6,
            "two_opt": 10
        },
        "rate": {
            "centered_exchange_1": 0.20000000298023224,
            "exchange_1_2": 0.30000001192092896,
            "exchange_2_2": 0.20000000298023224,
            "exchange_3_3": 0.20000000298023224,
            "exchange_3_4": 0.20000000298023224,
            "exchange_4_4": 0.20000000298023224,
            "exchange_ids": 0.20000000298023224,
            "insert_1": 0.0,
            "move_all_by_1": 0.0,
            "move_all_by_2": 0.0,
            "relocate_1": 0.4000000059604645,
            "relocate_5": 0.6000000238418579,
            "remove_1": 0.0,
            "rexchange_2_2": 0.20000000298023224,
            "rexchange_2_3": 0.20000000298023224,
            "rexchange_4_4": 0.4000000059604645,
            "rrelocate_3": 0.4000000059604645,
            "rrelocate_4": 0.6000000238418579,
            "two_opt": 1.0
        }
    },
    "last_improvement": 2,
    "name": "random_tsp-50-6.84-53",
    "solution": {
        "fitness": 2059,
        "is_feasible": true,
        "permutation": [
            22,
            0,
            49,
            41,
            7,
            34,
            8,
            5,
            21,
            37,
            33,
            39,
            10,
            9,
            36,
            31,
            26,
            29,
            18,
            47,
            6,
            1,
            35,
            3,
            27,
            16,
            24,
            25,
            2,
            40,
            15,
            20,
            28,
            48,
            30,
            32,
            13,
            14,
            19,
            38,
            12,
            44,
            23,
            4,
            11,
            43,
            17,
            46,
            42,
            45
        ],
        "permutation_orig_ids": [
            "23",
            "1",
            "50",
            "42",
            "8",
            "35",
            "9",
            "6",
            "22",
            "38",
            "34",
            "40",
            "11",
            "10",
            "37",
            "32",
            "27",
            "30",
            "19",
            "48",
            "7",
            "2",
            "36",
            "4",
            "28",
            "17",
            "25",
            "26",
            "3",
            "41",
            "16",
            "21",
            "29",
            "49",
            "31",
            "33",
            "14",
            "15",
            "20",
            "39",
            "13",
            "45",
            "24",
            "5",
            "12",
            "44",
            "18",
            "47",
            "43",
            "46"
        ]
    },
    "steps": {
        "0": 1002178,
        "1": 2118,
        "2": 2059
    },
    "timeout": 5
}