{
    "config": {
        "allow_infeasible": true,
        "construction": "random_replicate",
        "ils_k": 6,
        "local_search": "CVND",
        "metaheuristic": "ILS",
        "num_threads": 8,
        "operators": [
            "insert_1",
            "remove_1",
            "two_opt",
            "exchange_ids",
            "exchange_1_2",
            "exchange_2_2",
            "exchange_3_3",
            "exchange_3_4",
            "exchange_4_4",
            "rexchange_2_2",
            "rexchange_2_3",
            "rexchange_4_4",
            "centered_exchange_1",
            "relocate_1",
            "relocate_5",
            "rrelocate_3",
            "rrelocate_4",
            "move_all_by_1",
            "move_all_by_2"
        ],
        "perturbation": [
            "random_double_bridge"
        ],
        "stop_on_feasible": true,
        "timeout": 5
    },
    "histogram": {
        "all": {
            "centered_exchange_1": 21,
            "exchange_1_2": 22,
            "exchange_2_2": 22,
            "exchange_3_3": 22,
            "exchange_3_4": 21,
            "exchange_4_4": 21,
            "exchange_ids": 22,
            "insert_1": 28,
            "move_all_by_1": 20,
            "move_all_by_2": 20,
            "relocate_1": 21,
            "relocate_5": 20,
            "remove_1": 28,
            "rexchange_2_2": 21,
            "rexchange_2_3": 21,
            "rexchange_4_4": 21,
            "rrelocate_3": 20,
            "rrelocate_4": 20,
            "two_opt": 22
        },
        "improving": {
            "centered_exchange_1": 1,
            "exchange_1_2": 6,
            "exchange_2_2": 3,
            "exchange_3_3": 2,
            "exchange_3_4": 4,
            "exchange_4_4": 3,
            "exchange_ids": 9,
            "insert_1": 0,
            "move_all_by_1": 2,
            "move_all_by_2": 2,
            "relocate_1": 5,
            "relocate_5": 5,
            "remove_1": 0,
            "rexchange_2_2": 6,
            "rexchange_2_3": 7,
            "rexchange_4_4": 7,
            "rrelocate_3": 6,
            "rrelocate_4": 5,
            "two_opt": 21
        },
        "rate": {
            "centered_exchange_1": 0.0476190485060215,
            "exchange_1_2": 0.27272728085517883,
            "exchange_2_2": 0.13636364042758942,
            "exchange_3_3": 0.09090909361839294,
            "exchange_3_4": 0.190476194024086,
            "exchange_4_4": 0.1428571492433548,
            "exchange_ids": 0.40909090638160706,
            "insert_1": 0.0,
            "move_all_by_1": 0.10000000149011612,
            "move_all_by_2": 0.10000000149011612,
            "relocate_1": 0.2380952388048172,
            "relocate_5": 0.25,
            "remove_1": 0.0,
            "rexchange_2_2": 0.2857142984867096,
            "rexchange_2_3": 0.3333333432674408,
            "rexchange_4_4": 0.3333333432674408,
            "rrelocate_3": 0.30000001192092896,
            "rrelocate_4": 0.25,
            "two_opt": 0.9545454382896423
        }
    },
    "last_improvement": 5,
    "name": "random_tsp-50-7.00-85",
    "solution": {
        "fitness": 2001891,
        "is_feasible": false,
        "permutation": [
            30,
            28,
            1,
            24,
            4,
            26,
            16,
            6,
            0,
            34,
            49,
            33,
            48,
            18,
            31,
            35,
            43,
            39,
            41,
            42,
            21,
            11,
            3,
            45,
            23,
            40,
            37,
            13,
            32,
            27,
            44,
            8,
            47,
            29,
            25,
            22,
            38,
            19,
            14,
            36,
            5,
            20,
            2,
            10,
            17,
            9,
            15,
            7,
            12,
            46
        ],
        "permutation_orig_ids": [
            "31",
            "29",
            "2",
            "25",
            "5",
            "27",
            "17",
            "7",
            "1",
            "35",
            "50",
            "34",
            "49",
            "19",
            "32",
            "36",
            "44",
            "40",
            "42",
            "43",
            "22",
            "12",
            "4",
            "46",
            "24",
            "41",
            "38",
            "14",
            "33",
            "28",
            "45",
            "9",
            "48",
            "30",
            "26",
            "23",
            "39",
            "20",
            "15",
            "37",
            "6",
            "21",
            "3",
            "11",
            "18",
            "10",
            "16",
            "8",
            "13",
            "47"
        ]
    },
    "steps": {
        "0": 3001972,
        "1": 3001909,
        "2": 3001816,
        "4": 3001811,
        "5": 2001891
    },
    "timeout": 5
}