{
    "config": {
        "allow_infeasible": true,
        "construction": "random_replicate",
        "ils_k": 6,
        "local_search": "CVND",
        "metaheuristic": "ILS",
        "num_threads": 8,
        "operators": [
            "insert_1",
            "remove_1",
            "two_opt",
            "exchange_ids",
            "exchange_1_2",
            "exchange_2_2",
            "exchange_3_3",
            "exchange_3_4",
            "exchange_4_4",
            "rexchange_2_2",
            "rexchange_2_3",
            "rexchange_4_4",
            "centered_exchange_1",
            "relocate_1",
            "relocate_5",
            "rrelocate_3",
            "rrelocate_4",
            "move_all_by_1",
            "move_all_by_2"
        ],
        "perturbation": [
            "random_double_bridge"
        ],
        "stop_on_feasible": true,
        "timeout": 5
    },
    "histogram": {
        "all": {
            "centered_exchange_1": 7,
            "exchange_1_2": 7,
            "exchange_2_2": 7,
            "exchange_3_3": 7,
            "exchange_3_4": 7,
            "exchange_4_4": 7,
            "exchange_ids": 7,
            "insert_1": 8,
            "move_all_by_1": 7,
            "move_all_by_2": 7,
            "relocate_1": 7,
            "relocate_5": 7,
            "remove_1": 8,
            "rexchange_2_2": 7,
            "rexchange_2_3": 7,
            "rexchange_4_4": 7,
            "rrelocate_3": 7,
            "rrelocate_4": 7,
            "two_opt": 7
        },
        "improving": {
            "centered_exchange_1": 2,
            "exchange_1_2": 2,
            "exchange_2_2": 1,
            "exchange_3_3": 2,
            "exchange_3_4": 2,
            "exchange_4_4": 2,
            "exchange_ids": 3,
            "insert_1": 0,
            "move_all_by_1": 2,
            "move_all_by_2": 1,
            "relocate_1": 3,
            "relocate_5": 3,
            "remove_1": 0,
            "rexchange_2_2": 2,
            "rexchange_2_3": 1,
            "rexchange_4_4": 2,
            "rrelocate_3": 3,
            "rrelocate_4": 4,
            "two_opt": 7
        },
        "rate": {
            "centered_exchange_1": 0.2857142984867096,
            "exchange_1_2": 0.2857142984867096,
            "exchange_2_2": 0.1428571492433548,
            "exchange_3_3": 0.2857142984867096,
            "exchange_3_4": 0.2857142984867096,
            "exchange_4_4": 0.2857142984867096,
            "exchange_ids": 0.4285714328289032,
            "insert_1": 0.0,
            "move_all_by_1": 0.2857142984867096,
            "move_all_by_2": 0.1428571492433548,
            "relocate_1": 0.4285714328289032,
            "relocate_5": 0.4285714328289032,
            "remove_1": 0.0,
            "rexchange_2_2": 0.2857142984867096,
            "rexchange_2_3": 0.1428571492433548,
            "rexchange_4_4": 0.2857142984867096,
            "rrelocate_3": 0.4285714328289032,
            "rrelocate_4": 0.5714285969734192,
            "two_opt": 1.0
        }
    },
    "last_improvement": 1,
    "name": "random_tsp-50-9.48-10",
    "solution": {
        "fitness": 1639,
        "is_feasible": true,
        "permutation": [
            2,
            46,
            25,
            29,
            1,
            18,
            19,
            32,
            17,
            48,
            34,
            20,
            44,
            23,
            33,
            35,
            41,
            14,
            36,
            8,
            3,
            24,
            27,
            22,
            26,
            4,
            5,
            39,
            13,
            11,
            30,
            45,
            47,
            12,
            6,
            40,
            43,
            0,
            37,
            21,
            28,
            42,
            9,
            15,
            16,
            10,
            31,
            38,
            49,
            7
        ],
        "permutation_orig_ids": [
            "3",
            "47",
            "26",
            "30",
            "2",
            "19",
            "20",
            "33",
            "18",
            "49",
            "35",
            "21",
            "45",
            "24",
            "34",
            "36",
            "42",
            "15",
            "37",
            "9",
            "4",
            "25",
            "28",
            "23",
            "27",
            "5",
            "6",
            "40",
            "14",
            "12",
            "31",
            "46",
            "48",
            "13",
            "7",
            "41",
            "44",
            "1",
            "38",
            "22",
            "29",
            "43",
            "10",
            "16",
            "17",
            "11",
            "32",
            "39",
            "50",
            "8"
        ]
    },
    "steps": {
        "0": 1001553,
        "1": 1639
    },
    "timeout": 5
}