{
    "config": {
        "allow_infeasible": true,
        "construction": "random_replicate",
        "ils_k": 6,
        "local_search": "CVND",
        "metaheuristic": "ILS",
        "num_threads": 8,
        "operators": [
            "insert_1",
            "remove_1",
            "two_opt",
            "exchange_ids",
            "exchange_1_2",
            "exchange_2_2",
            "exchange_3_3",
            "exchange_3_4",
            "exchange_4_4",
            "rexchange_2_2",
            "rexchange_2_3",
            "rexchange_4_4",
            "centered_exchange_1",
            "relocate_1",
            "relocate_5",
            "rrelocate_3",
            "rrelocate_4",
            "move_all_by_1",
            "move_all_by_2"
        ],
        "perturbation": [
            "random_double_bridge"
        ],
        "stop_on_feasible": true,
        "timeout": 5
    },
    "histogram": {
        "all": {
            "centered_exchange_1": 21,
            "exchange_1_2": 21,
            "exchange_2_2": 21,
            "exchange_3_3": 21,
            "exchange_3_4": 21,
            "exchange_4_4": 21,
            "exchange_ids": 22,
            "insert_1": 28,
            "move_all_by_1": 20,
            "move_all_by_2": 20,
            "relocate_1": 20,
            "relocate_5": 20,
            "remove_1": 28,
            "rexchange_2_2": 21,
            "rexchange_2_3": 21,
            "rexchange_4_4": 21,
            "rrelocate_3": 20,
            "rrelocate_4": 20,
            "two_opt": 23
        },
        "improving": {
            "centered_exchange_1": 2,
            "exchange_1_2": 6,
            "exchange_2_2": 3,
            "exchange_3_3": 3,
            "exchange_3_4": 2,
            "exchange_4_4": 1,
            "exchange_ids": 7,
            "insert_1": 0,
            "move_all_by_1": 2,
            "move_all_by_2": 1,
            "relocate_1": 9,
            "relocate_5": 1,
            "remove_1": 0,
            "rexchange_2_2": 6,
            "rexchange_2_3": 1,
            "rexchange_4_4": 3,
            "rrelocate_3": 7,
            "rrelocate_4": 2,
            "two_opt": 21
        },
        "rate": {
            "centered_exchange_1": 0.095238097012043,
            "exchange_1_2": 0.2857142984867096,
            "exchange_2_2": 0.1428571492433548,
            "exchange_3_3": 0.1428571492433548,
            "exchange_3_4": 0.095238097012043,
            "exchange_4_4": 0.0476190485060215,
            "exchange_ids": 0.3181818127632141,
            "insert_1": 0.0,
            "move_all_by_1": 0.10000000149011612,
            "move_all_by_2": 0.05000000074505806,
            "relocate_1": 0.44999998807907104,
            "relocate_5": 0.05000000074505806,
            "remove_1": 0.0,
            "rexchange_2_2": 0.2857142984867096,
            "rexchange_2_3": 0.0476190485060215,
            "rexchange_4_4": 0.1428571492433548,
            "rrelocate_3": 0.3499999940395355,
            "rrelocate_4": 0.10000000149011612,
            "two_opt": 0.9130434989929199
        }
    },
    "last_improvement": 4,
    "name": "random_tsp-50-5.72-38",
    "solution": {
        "fitness": 1001709,
        "is_feasible": false,
        "permutation": [
            44,
            24,
            12,
            21,
            35,
            0,
            45,
            18,
            33,
            28,
            3,
            40,
            34,
            46,
            30,
            38,
            22,
            48,
            16,
            11,
            1,
            47,
            5,
            26,
            20,
            39,
            37,
            25,
            4,
            7,
            36,
            10,
            6,
            8,
            27,
            23,
            42,
            9,
            13,
            31,
            32,
            41,
            49,
            29,
            19,
            2,
            17,
            14,
            43,
            15
        ],
        "permutation_orig_ids": [
            "45",
            "25",
            "13",
            "22",
            "36",
            "1",
            "46",
            "19",
            "34",
            "29",
            "4",
            "41",
            "35",
            "47",
            "31",
            "39",
            "23",
            "49",
            "17",
            "12",
            "2",
            "48",
            "6",
            "27",
            "21",
            "40",
            "38",
            "26",
            "5",
            "8",
            "37",
            "11",
            "7",
            "9",
            "28",
            "24",
            "43",
            "10",
            "14",
            "32",
            "33",
            "42",
            "50",
            "30",
            "20",
            "3",
            "18",
            "15",
            "44",
            "16"
        ]
    },
    "steps": {
        "0": 2001704,
        "1": 2001662,
        "2": 1001736,
        "4": 1001709
    },
    "timeout": 5
}