{
    "config": {
        "allow_infeasible": true,
        "construction": "random_replicate",
        "ils_k": 6,
        "local_search": "CVND",
        "metaheuristic": "ILS",
        "num_threads": 8,
        "operators": [
            "insert_1",
            "remove_1",
            "two_opt",
            "exchange_ids",
            "exchange_1_2",
            "exchange_2_2",
            "exchange_3_3",
            "exchange_3_4",
            "exchange_4_4",
            "rexchange_2_2",
            "rexchange_2_3",
            "rexchange_4_4",
            "centered_exchange_1",
            "relocate_1",
            "relocate_5",
            "rrelocate_3",
            "rrelocate_4",
            "move_all_by_1",
            "move_all_by_2"
        ],
        "perturbation": [
            "random_double_bridge"
        ],
        "stop_on_feasible": true,
        "timeout": 5
    },
    "histogram": {
        "all": {
            "centered_exchange_1": 21,
            "exchange_1_2": 21,
            "exchange_2_2": 21,
            "exchange_3_3": 21,
            "exchange_3_4": 21,
            "exchange_4_4": 21,
            "exchange_ids": 21,
            "insert_1": 26,
            "move_all_by_1": 19,
            "move_all_by_2": 19,
            "relocate_1": 21,
            "relocate_5": 20,
            "remove_1": 26,
            "rexchange_2_2": 21,
            "rexchange_2_3": 21,
            "rexchange_4_4": 21,
            "rrelocate_3": 19,
            "rrelocate_4": 19,
            "two_opt": 21
        },
        "improving": {
            "centered_exchange_1": 1,
            "exchange_1_2": 4,
            "exchange_2_2": 3,
            "exchange_3_3": 4,
            "exchange_3_4": 5,
            "exchange_4_4": 5,
            "exchange_ids": 6,
            "insert_1": 0,
            "move_all_by_1": 1,
            "move_all_by_2": 1,
            "relocate_1": 2,
            "relocate_5": 5,
            "remove_1": 0,
            "rexchange_2_2": 4,
            "rexchange_2_3": 5,
            "rexchange_4_4": 8,
            "rrelocate_3": 5,
            "rrelocate_4": 5,
            "two_opt": 18
        },
        "rate": {
            "centered_exchange_1": 0.0476190485060215,
            "exchange_1_2": 0.190476194024086,
            "exchange_2_2": 0.1428571492433548,
            "exchange_3_3": 0.190476194024086,
            "exchange_3_4": 0.2380952388048172,
            "exchange_4_4": 0.2380952388048172,
            "exchange_ids": 0.2857142984867096,
            "insert_1": 0.0,
            "move_all_by_1": 0.05263157933950424,
            "move_all_by_2": 0.05263157933950424,
            "relocate_1": 0.095238097012043,
            "relocate_5": 0.25,
            "remove_1": 0.0,
            "rexchange_2_2": 0.190476194024086,
            "rexchange_2_3": 0.2380952388048172,
            "rexchange_4_4": 0.380952388048172,
            "rrelocate_3": 0.2631579041481018,
            "rrelocate_4": 0.2631579041481018,
            "two_opt": 0.8571428656578064
        }
    },
    "last_improvement": 5,
    "name": "random_tsp-50-6.04-19",
    "solution": {
        "fitness": 2002033,
        "is_feasible": false,
        "permutation": [
            39,
            15,
            9,
            18,
            5,
            35,
            47,
            29,
            14,
            6,
            17,
            11,
            43,
            44,
            42,
            1,
            7,
            40,
            32,
            19,
            38,
            13,
            31,
            27,
            10,
            25,
            26,
            8,
            3,
            16,
            0,
            2,
            12,
            33,
            28,
            48,
            37,
            21,
            24,
            45,
            22,
            46,
            41,
            34,
            20,
            4,
            30,
            36,
            49,
            23
        ],
        "permutation_orig_ids": [
            "40",
            "16",
            "10",
            "19",
            "6",
            "36",
            "48",
            "30",
            "15",
            "7",
            "18",
            "12",
            "44",
            "45",
            "43",
            "2",
            "8",
            "41",
            "33",
            "20",
            "39",
            "14",
            "32",
            "28",
            "11",
            "26",
            "27",
            "9",
            "4",
            "17",
            "1",
            "3",
            "13",
            "34",
            "29",
            "49",
            "38",
            "22",
            "25",
            "46",
            "23",
            "47",
            "42",
            "35",
            "21",
            "5",
            "31",
            "37",
            "50",
            "24"
        ]
    },
    "steps": {
        "0": 3001971,
        "1": 3001923,
        "2": 3001905,
        "5": 2002033
    },
    "timeout": 5
}