{
    "config": {
        "allow_infeasible": true,
        "construction": "random_replicate",
        "ils_k": 6,
        "local_search": "CVND",
        "metaheuristic": "ILS",
        "num_threads": 8,
        "operators": [
            "insert_1",
            "remove_1",
            "two_opt",
            "exchange_ids",
            "exchange_1_2",
            "exchange_2_2",
            "exchange_3_3",
            "exchange_3_4",
            "exchange_4_4",
            "rexchange_2_2",
            "rexchange_2_3",
            "rexchange_4_4",
            "centered_exchange_1",
            "relocate_1",
            "relocate_5",
            "rrelocate_3",
            "rrelocate_4",
            "move_all_by_1",
            "move_all_by_2"
        ],
        "perturbation": [
            "random_double_bridge"
        ],
        "stop_on_feasible": true,
        "timeout": 5
    },
    "histogram": {
        "all": {
            "centered_exchange_1": 11,
            "exchange_1_2": 11,
            "exchange_2_2": 11,
            "exchange_3_3": 11,
            "exchange_3_4": 11,
            "exchange_4_4": 11,
            "exchange_ids": 11,
            "insert_1": 14,
            "move_all_by_1": 10,
            "move_all_by_2": 10,
            "relocate_1": 11,
            "relocate_5": 11,
            "remove_1": 14,
            "rexchange_2_2": 11,
            "rexchange_2_3": 11,
            "rexchange_4_4": 11,
            "rrelocate_3": 11,
            "rrelocate_4": 10,
            "two_opt": 11
        },
        "improving": {
            "centered_exchange_1": 1,
            "exchange_1_2": 3,
            "exchange_2_2": 2,
            "exchange_3_3": 1,
            "exchange_3_4": 3,
            "exchange_4_4": 2,
            "exchange_ids": 4,
            "insert_1": 0,
            "move_all_by_1": 0,
            "move_all_by_2": 1,
            "relocate_1": 4,
            "relocate_5": 4,
            "remove_1": 0,
            "rexchange_2_2": 3,
            "rexchange_2_3": 1,
            "rexchange_4_4": 4,
            "rrelocate_3": 3,
            "rrelocate_4": 5,
            "two_opt": 10
        },
        "rate": {
            "centered_exchange_1": 0.09090909361839294,
            "exchange_1_2": 0.27272728085517883,
            "exchange_2_2": 0.1818181872367859,
            "exchange_3_3": 0.09090909361839294,
            "exchange_3_4": 0.27272728085517883,
            "exchange_4_4": 0.1818181872367859,
            "exchange_ids": 0.3636363744735718,
            "insert_1": 0.0,
            "move_all_by_1": 0.0,
            "move_all_by_2": 0.10000000149011612,
            "relocate_1": 0.3636363744735718,
            "relocate_5": 0.3636363744735718,
            "remove_1": 0.0,
            "rexchange_2_2": 0.27272728085517883,
            "rexchange_2_3": 0.09090909361839294,
            "rexchange_4_4": 0.3636363744735718,
            "rrelocate_3": 0.27272728085517883,
            "rrelocate_4": 0.5,
            "two_opt": 0.9090909361839294
        }
    },
    "last_improvement": 2,
    "name": "random_tsp-50-6.12-31",
    "solution": {
        "fitness": 2247,
        "is_feasible": true,
        "permutation": [
            45,
            43,
            18,
            39,
            24,
            15,
            12,
            36,
            4,
            16,
            3,
            27,
            6,
            30,
            38,
            34,
            1,
            46,
            11,
            25,
            0,
            26,
            48,
            28,
            13,
            31,
            7,
            17,
            2,
            23,
            41,
            44,
            37,
            21,
            40,
            20,
            9,
            49,
            33,
            42,
            8,
            10,
            29,
            35,
            32,
            14,
            22,
            19,
            5,
            47
        ],
        "permutation_orig_ids": [
            "46",
            "44",
            "19",
            "40",
            "25",
            "16",
            "13",
            "37",
            "5",
            "17",
            "4",
            "28",
            "7",
            "31",
            "39",
            "35",
            "2",
            "47",
            "12",
            "26",
            "1",
            "27",
            "49",
            "29",
            "14",
            "32",
            "8",
            "18",
            "3",
            "24",
            "42",
            "45",
            "38",
            "22",
            "41",
            "21",
            "10",
            "50",
            "34",
            "43",
            "9",
            "11",
            "30",
            "36",
            "33",
            "15",
            "23",
            "20",
            "6",
            "48"
        ]
    },
    "steps": {
        "0": 1002159,
        "1": 1002142,
        "2": 2247
    },
    "timeout": 5
}