{
    "config": {
        "allow_infeasible": true,
        "construction": "random_replicate",
        "ils_k": 6,
        "local_search": "CVND",
        "metaheuristic": "ILS",
        "num_threads": 8,
        "operators": [
            "insert_1",
            "remove_1",
            "two_opt",
            "exchange_ids",
            "exchange_1_2",
            "exchange_2_2",
            "exchange_3_3",
            "exchange_3_4",
            "exchange_4_4",
            "rexchange_2_2",
            "rexchange_2_3",
            "rexchange_4_4",
            "centered_exchange_1",
            "relocate_1",
            "relocate_5",
            "rrelocate_3",
            "rrelocate_4",
            "move_all_by_1",
            "move_all_by_2"
        ],
        "perturbation": [
            "random_double_bridge"
        ],
        "stop_on_feasible": true,
        "timeout": 24
    },
    "histogram": {
        "all": {
            "centered_exchange_1": 1174,
            "exchange_1_2": 1223,
            "exchange_2_2": 1223,
            "exchange_3_3": 1223,
            "exchange_3_4": 1221,
            "exchange_4_4": 1221,
            "exchange_ids": 1251,
            "insert_1": 1554,
            "move_all_by_1": 909,
            "move_all_by_2": 893,
            "relocate_1": 1011,
            "relocate_5": 1004,
            "remove_1": 1554,
            "rexchange_2_2": 1197,
            "rexchange_2_3": 1194,
            "rexchange_4_4": 1194,
            "rrelocate_3": 977,
            "rrelocate_4": 955,
            "two_opt": 1374
        },
        "improving": {
            "centered_exchange_1": 174,
            "exchange_1_2": 425,
            "exchange_2_2": 205,
            "exchange_3_3": 72,
            "exchange_3_4": 62,
            "exchange_4_4": 15,
            "exchange_ids": 553,
            "insert_1": 0,
            "move_all_by_1": 166,
            "move_all_by_2": 93,
            "relocate_1": 452,
            "relocate_5": 75,
            "remove_1": 0,
            "rexchange_2_2": 204,
            "rexchange_2_3": 64,
            "rexchange_4_4": 5,
            "rrelocate_3": 166,
            "rrelocate_4": 61,
            "two_opt": 735
        },
        "rate": {
            "centered_exchange_1": 0.14821124076843262,
            "exchange_1_2": 0.3475061357021332,
            "exchange_2_2": 0.16762059926986694,
            "exchange_3_3": 0.05887162685394287,
            "exchange_3_4": 0.05077804997563362,
            "exchange_4_4": 0.012285011820495129,
            "exchange_ids": 0.4420463740825653,
            "insert_1": 0.0,
            "move_all_by_1": 0.18261826038360596,
            "move_all_by_2": 0.10414333641529083,
            "relocate_1": 0.44708210229873657,
            "relocate_5": 0.07470119744539261,
            "remove_1": 0.0,
            "rexchange_2_2": 0.17042607069015503,
            "rexchange_2_3": 0.05360133945941925,
            "rexchange_4_4": 0.004187604878097773,
            "rrelocate_3": 0.16990788280963898,
            "rrelocate_4": 0.06387434899806976,
            "two_opt": 0.5349345207214355
        }
    },
    "last_improvement": 9,
    "name": "random-24-3.42-85",
    "solution": {
        "fitness": 1000990,
        "is_feasible": false,
        "permutation": [
            9,
            19,
            6,
            13,
            16,
            7,
            14,
            17,
            10,
            4,
            5,
            3,
            2,
            11,
            8,
            18,
            20,
            22,
            23,
            12,
            21,
            0,
            1,
            15
        ],
        "permutation_orig_ids": [
            "10",
            "20",
            "7",
            "14",
            "17",
            "8",
            "15",
            "18",
            "11",
            "5",
            "6",
            "4",
            "3",
            "12",
            "9",
            "19",
            "21",
            "23",
            "24",
            "13",
            "22",
            "1",
            "2",
            "16"
        ],
        "walk_orig_ids": [
            "10",
            "20",
            "7",
            "14",
            "22",
            "17",
            "8",
            "15",
            "18",
            "11",
            "5",
            "6",
            "12",
            "3",
            "4",
            "3",
            "12",
            "9",
            "12",
            "21",
            "19",
            "21",
            "23",
            "24",
            "13",
            "22",
            "1",
            "2",
            "16"
        ],
        "walk_processing": [
            true,
            true,
            true,
            true,
            false,
            true,
            true,
            true,
            true,
            true,
            true,
            true,
            false,
            false,
            true,
            true,
            true,
            true,
            false,
            false,
            true,
            true,
            true,
            true,
            true,
            true,
            true,
            true,
            true
        ]
    },
    "steps": {
        "0": 2000907,
        "1": 2000898,
        "2": 1001069,
        "8": 1001002,
        "9": 1000990
    },
    "timeout": 24
}