{
    "config": {
        "allow_infeasible": true,
        "construction": "random_replicate",
        "ils_k": 6,
        "local_search": "CVND",
        "metaheuristic": "ILS",
        "num_threads": 8,
        "operators": [
            "insert_1",
            "remove_1",
            "two_opt",
            "exchange_ids",
            "exchange_1_2",
            "exchange_2_2",
            "exchange_3_3",
            "exchange_3_4",
            "exchange_4_4",
            "rexchange_2_2",
            "rexchange_2_3",
            "rexchange_4_4",
            "centered_exchange_1",
            "relocate_1",
            "relocate_5",
            "rrelocate_3",
            "rrelocate_4",
            "move_all_by_1",
            "move_all_by_2"
        ],
        "perturbation": [
            "random_double_bridge"
        ],
        "stop_on_feasible": true,
        "timeout": 24
    },
    "histogram": {
        "all": {
            "centered_exchange_1": 122,
            "exchange_1_2": 122,
            "exchange_2_2": 122,
            "exchange_3_3": 122,
            "exchange_3_4": 122,
            "exchange_4_4": 122,
            "exchange_ids": 125,
            "insert_1": 148,
            "move_all_by_1": 90,
            "move_all_by_2": 87,
            "relocate_1": 106,
            "relocate_5": 102,
            "remove_1": 148,
            "rexchange_2_2": 122,
            "rexchange_2_3": 122,
            "rexchange_4_4": 122,
            "rrelocate_3": 99,
            "rrelocate_4": 99,
            "two_opt": 132
        },
        "improving": {
            "centered_exchange_1": 20,
            "exchange_1_2": 37,
            "exchange_2_2": 19,
            "exchange_3_3": 5,
            "exchange_3_4": 3,
            "exchange_4_4": 2,
            "exchange_ids": 46,
            "insert_1": 0,
            "move_all_by_1": 24,
            "move_all_by_2": 9,
            "relocate_1": 53,
            "relocate_5": 10,
            "remove_1": 0,
            "rexchange_2_2": 17,
            "rexchange_2_3": 7,
            "rexchange_4_4": 0,
            "rrelocate_3": 16,
            "rrelocate_4": 0,
            "two_opt": 66
        },
        "rate": {
            "centered_exchange_1": 0.16393442451953888,
            "exchange_1_2": 0.30327868461608887,
            "exchange_2_2": 0.15573769807815552,
            "exchange_3_3": 0.04098360612988472,
            "exchange_3_4": 0.02459016442298889,
            "exchange_4_4": 0.016393441706895828,
            "exchange_ids": 0.36800000071525574,
            "insert_1": 0.0,
            "move_all_by_1": 0.2666666805744171,
            "move_all_by_2": 0.1034482792019844,
            "relocate_1": 0.5,
            "relocate_5": 0.09803921729326248,
            "remove_1": 0.0,
            "rexchange_2_2": 0.13934426009655,
            "rexchange_2_3": 0.05737704783678055,
            "rexchange_4_4": 0.0,
            "rrelocate_3": 0.16161616146564484,
            "rrelocate_4": 0.0,
            "two_opt": 0.5
        }
    },
    "last_improvement": 2,
    "name": "random-24-3.00-19",
    "solution": {
        "fitness": 1644,
        "is_feasible": true,
        "permutation": [
            10,
            11,
            0,
            4,
            8,
            7,
            22,
            12,
            16,
            1,
            20,
            23,
            15,
            3,
            14,
            17,
            9,
            13,
            6,
            21,
            2,
            18,
            5,
            19
        ],
        "permutation_orig_ids": [
            "11",
            "12",
            "1",
            "5",
            "9",
            "8",
            "23",
            "13",
            "17",
            "2",
            "21",
            "24",
            "16",
            "4",
            "15",
            "18",
            "10",
            "14",
            "7",
            "22",
            "3",
            "19",
            "6",
            "20"
        ],
        "walk_orig_ids": [
            "11",
            "12",
            "1",
            "5",
            "1",
            "9",
            "8",
            "23",
            "13",
            "4",
            "2",
            "17",
            "2",
            "17",
            "5",
            "18",
            "21",
            "24",
            "16",
            "4",
            "16",
            "15",
            "16",
            "3",
            "10",
            "18",
            "10",
            "14",
            "10",
            "3",
            "22",
            "7",
            "22",
            "3",
            "10",
            "18",
            "19",
            "11",
            "6",
            "11",
            "20"
        ],
        "walk_processing": [
            true,
            true,
            true,
            true,
            false,
            true,
            true,
            true,
            true,
            false,
            false,
            true,
            true,
            false,
            false,
            false,
            true,
            true,
            true,
            true,
            false,
            true,
            false,
            false,
            false,
            true,
            true,
            true,
            false,
            false,
            false,
            true,
            true,
            true,
            false,
            false,
            true,
            false,
            true,
            false,
            true
        ]
    },
    "steps": {
        "0": 1001169,
        "1": 1001139,
        "2": 1644
    },
    "timeout": 24
}