{
    "config": {
        "allow_infeasible": true,
        "construction": "random_replicate",
        "ils_k": 6,
        "local_search": "CVND",
        "metaheuristic": "ILS",
        "num_threads": 8,
        "operators": [
            "insert_1",
            "remove_1",
            "two_opt",
            "exchange_ids",
            "exchange_1_2",
            "exchange_2_2",
            "exchange_3_3",
            "exchange_3_4",
            "exchange_4_4",
            "rexchange_2_2",
            "rexchange_2_3",
            "rexchange_4_4",
            "centered_exchange_1",
            "relocate_1",
            "relocate_5",
            "rrelocate_3",
            "rrelocate_4",
            "move_all_by_1",
            "move_all_by_2"
        ],
        "perturbation": [
            "random_double_bridge"
        ],
        "stop_on_feasible": true,
        "timeout": 24
    },
    "histogram": {
        "all": {
            "centered_exchange_1": 1037,
            "exchange_1_2": 1055,
            "exchange_2_2": 1050,
            "exchange_3_3": 1050,
            "exchange_3_4": 1049,
            "exchange_4_4": 1049,
            "exchange_ids": 1073,
            "insert_1": 1322,
            "move_all_by_1": 765,
            "move_all_by_2": 749,
            "relocate_1": 858,
            "relocate_5": 853,
            "remove_1": 1322,
            "rexchange_2_2": 1043,
            "rexchange_2_3": 1043,
            "rexchange_4_4": 1042,
            "rrelocate_3": 837,
            "rrelocate_4": 835,
            "two_opt": 1191
        },
        "improving": {
            "centered_exchange_1": 112,
            "exchange_1_2": 347,
            "exchange_2_2": 135,
            "exchange_3_3": 43,
            "exchange_3_4": 39,
            "exchange_4_4": 9,
            "exchange_ids": 491,
            "insert_1": 0,
            "move_all_by_1": 174,
            "move_all_by_2": 80,
            "relocate_1": 413,
            "relocate_5": 73,
            "remove_1": 0,
            "rexchange_2_2": 123,
            "rexchange_2_3": 39,
            "rexchange_4_4": 1,
            "rrelocate_3": 99,
            "rrelocate_4": 25,
            "two_opt": 612
        },
        "rate": {
            "centered_exchange_1": 0.10800385475158691,
            "exchange_1_2": 0.3289099633693695,
            "exchange_2_2": 0.12857143580913544,
            "exchange_3_3": 0.04095238074660301,
            "exchange_3_4": 0.037178266793489456,
            "exchange_4_4": 0.008579599671065807,
            "exchange_ids": 0.4575955271720886,
            "insert_1": 0.0,
            "move_all_by_1": 0.22745098173618317,
            "move_all_by_2": 0.10680907964706421,
            "relocate_1": 0.48135197162628174,
            "relocate_5": 0.08558030426502228,
            "remove_1": 0.0,
            "rexchange_2_2": 0.11792904883623123,
            "rexchange_2_3": 0.03739213943481445,
            "rexchange_4_4": 0.0009596928721293807,
            "rrelocate_3": 0.11827956885099411,
            "rrelocate_4": 0.02994011901319027,
            "two_opt": 0.513853907585144
        }
    },
    "last_improvement": 18,
    "name": "random-24-3.00-48",
    "solution": {
        "fitness": 1001037,
        "is_feasible": false,
        "permutation": [
            12,
            14,
            19,
            2,
            10,
            3,
            13,
            23,
            5,
            16,
            21,
            22,
            18,
            11,
            9,
            1,
            8,
            17,
            0,
            15,
            4,
            7,
            20,
            6
        ],
        "permutation_orig_ids": [
            "13",
            "15",
            "20",
            "3",
            "11",
            "4",
            "14",
            "24",
            "6",
            "17",
            "22",
            "23",
            "19",
            "12",
            "10",
            "2",
            "9",
            "18",
            "1",
            "16",
            "5",
            "8",
            "21",
            "7"
        ],
        "walk_orig_ids": [
            "13",
            "15",
            "20",
            "3",
            "16",
            "11",
            "4",
            "10",
            "14",
            "12",
            "6",
            "24",
            "6",
            "17",
            "22",
            "7",
            "19",
            "23",
            "19",
            "12",
            "10",
            "18",
            "9",
            "2",
            "9",
            "18",
            "1",
            "16",
            "8",
            "5",
            "8",
            "9",
            "21",
            "7"
        ],
        "walk_processing": [
            true,
            true,
            true,
            true,
            false,
            true,
            true,
            false,
            true,
            false,
            false,
            true,
            true,
            true,
            true,
            false,
            false,
            true,
            true,
            true,
            true,
            false,
            false,
            true,
            true,
            true,
            true,
            true,
            false,
            true,
            true,
            false,
            true,
            true
        ]
    },
    "steps": {
        "0": 1001155,
        "10": 1001130,
        "18": 1001037,
        "8": 1001154
    },
    "timeout": 24
}