{
    "config": {
        "allow_infeasible": true,
        "construction": "random_replicate",
        "ils_k": 6,
        "local_search": "CVND",
        "metaheuristic": "ILS",
        "num_threads": 8,
        "operators": [
            "insert_1",
            "remove_1",
            "two_opt",
            "exchange_ids",
            "exchange_1_2",
            "exchange_2_2",
            "exchange_3_3",
            "exchange_3_4",
            "exchange_4_4",
            "rexchange_2_2",
            "rexchange_2_3",
            "rexchange_4_4",
            "centered_exchange_1",
            "relocate_1",
            "relocate_5",
            "rrelocate_3",
            "rrelocate_4",
            "move_all_by_1",
            "move_all_by_2"
        ],
        "perturbation": [
            "random_double_bridge"
        ],
        "stop_on_feasible": true,
        "timeout": 24
    },
    "histogram": {
        "all": {
            "centered_exchange_1": 1185,
            "exchange_1_2": 1199,
            "exchange_2_2": 1198,
            "exchange_3_3": 1198,
            "exchange_3_4": 1198,
            "exchange_4_4": 1197,
            "exchange_ids": 1207,
            "insert_1": 1449,
            "move_all_by_1": 871,
            "move_all_by_2": 830,
            "relocate_1": 974,
            "relocate_5": 970,
            "remove_1": 1449,
            "rexchange_2_2": 1193,
            "rexchange_2_3": 1190,
            "rexchange_4_4": 1190,
            "rrelocate_3": 960,
            "rrelocate_4": 959,
            "two_opt": 1311
        },
        "improving": {
            "centered_exchange_1": 160,
            "exchange_1_2": 407,
            "exchange_2_2": 182,
            "exchange_3_3": 94,
            "exchange_3_4": 66,
            "exchange_4_4": 18,
            "exchange_ids": 533,
            "insert_1": 0,
            "move_all_by_1": 225,
            "move_all_by_2": 111,
            "relocate_1": 496,
            "relocate_5": 82,
            "remove_1": 0,
            "rexchange_2_2": 197,
            "rexchange_2_3": 77,
            "rexchange_4_4": 8,
            "rrelocate_3": 114,
            "rrelocate_4": 37,
            "two_opt": 668
        },
        "rate": {
            "centered_exchange_1": 0.13502109050750732,
            "exchange_1_2": 0.33944955468177795,
            "exchange_2_2": 0.1519198715686798,
            "exchange_3_3": 0.07846410572528839,
            "exchange_3_4": 0.055091820657253265,
            "exchange_4_4": 0.015037594363093376,
            "exchange_ids": 0.44159072637557983,
            "insert_1": 0.0,
            "move_all_by_1": 0.2583237588405609,
            "move_all_by_2": 0.13373494148254395,
            "relocate_1": 0.5092402696609497,
            "relocate_5": 0.08453608304262161,
            "remove_1": 0.0,
            "rexchange_2_2": 0.16512992978096008,
            "rexchange_2_3": 0.06470588594675064,
            "rexchange_4_4": 0.006722689140588045,
            "rrelocate_3": 0.11874999850988388,
            "rrelocate_4": 0.03858185559511185,
            "two_opt": 0.5095347166061401
        }
    },
    "last_improvement": 7,
    "name": "random-24-3.00-32",
    "solution": {
        "fitness": 1001237,
        "is_feasible": false,
        "permutation": [
            1,
            8,
            6,
            9,
            20,
            18,
            21,
            7,
            3,
            17,
            4,
            16,
            0,
            22,
            13,
            15,
            2,
            10,
            5,
            12,
            19,
            23,
            11,
            14
        ],
        "permutation_orig_ids": [
            "2",
            "9",
            "7",
            "10",
            "21",
            "19",
            "22",
            "8",
            "4",
            "18",
            "5",
            "17",
            "1",
            "23",
            "14",
            "16",
            "3",
            "11",
            "6",
            "13",
            "20",
            "24",
            "12",
            "15"
        ],
        "walk_orig_ids": [
            "2",
            "9",
            "7",
            "10",
            "21",
            "19",
            "24",
            "22",
            "8",
            "4",
            "18",
            "5",
            "17",
            "1",
            "23",
            "14",
            "16",
            "3",
            "20",
            "24",
            "11",
            "24",
            "20",
            "13",
            "6",
            "13",
            "20",
            "24",
            "12",
            "15"
        ],
        "walk_processing": [
            true,
            true,
            true,
            true,
            true,
            true,
            false,
            true,
            true,
            true,
            true,
            true,
            true,
            true,
            true,
            true,
            true,
            true,
            false,
            false,
            true,
            false,
            false,
            false,
            true,
            true,
            true,
            true,
            true,
            true
        ]
    },
    "steps": {
        "0": 2000988,
        "1": 2000950,
        "4": 1001390,
        "6": 1001327,
        "7": 1001237
    },
    "timeout": 24
}