{
    "config": {
        "allow_infeasible": true,
        "construction": "random_replicate",
        "ils_k": 6,
        "local_search": "CVND",
        "metaheuristic": "ILS",
        "num_threads": 8,
        "operators": [
            "insert_1",
            "remove_1",
            "two_opt",
            "exchange_ids",
            "exchange_1_2",
            "exchange_2_2",
            "exchange_3_3",
            "exchange_3_4",
            "exchange_4_4",
            "rexchange_2_2",
            "rexchange_2_3",
            "rexchange_4_4",
            "centered_exchange_1",
            "relocate_1",
            "relocate_5",
            "rrelocate_3",
            "rrelocate_4",
            "move_all_by_1",
            "move_all_by_2"
        ],
        "perturbation": [
            "random_double_bridge"
        ],
        "stop_on_feasible": true,
        "timeout": 5
    },
    "histogram": {
        "all": {
            "centered_exchange_1": 9,
            "exchange_1_2": 9,
            "exchange_2_2": 9,
            "exchange_3_3": 9,
            "exchange_3_4": 9,
            "exchange_4_4": 9,
            "exchange_ids": 9,
            "insert_1": 9,
            "move_all_by_1": 8,
            "move_all_by_2": 8,
            "relocate_1": 9,
            "relocate_5": 9,
            "remove_1": 9,
            "rexchange_2_2": 9,
            "rexchange_2_3": 9,
            "rexchange_4_4": 9,
            "rrelocate_3": 9,
            "rrelocate_4": 8,
            "two_opt": 9
        },
        "improving": {
            "centered_exchange_1": 1,
            "exchange_1_2": 2,
            "exchange_2_2": 2,
            "exchange_3_3": 1,
            "exchange_3_4": 2,
            "exchange_4_4": 2,
            "exchange_ids": 3,
            "insert_1": 0,
            "move_all_by_1": 1,
            "move_all_by_2": 0,
            "relocate_1": 3,
            "relocate_5": 6,
            "remove_1": 0,
            "rexchange_2_2": 3,
            "rexchange_2_3": 2,
            "rexchange_4_4": 3,
            "rrelocate_3": 5,
            "rrelocate_4": 6,
            "two_opt": 8
        },
        "rate": {
            "centered_exchange_1": 0.1111111119389534,
            "exchange_1_2": 0.2222222238779068,
            "exchange_2_2": 0.2222222238779068,
            "exchange_3_3": 0.1111111119389534,
            "exchange_3_4": 0.2222222238779068,
            "exchange_4_4": 0.2222222238779068,
            "exchange_ids": 0.3333333432674408,
            "insert_1": 0.0,
            "move_all_by_1": 0.125,
            "move_all_by_2": 0.0,
            "relocate_1": 0.3333333432674408,
            "relocate_5": 0.6666666865348816,
            "remove_1": 0.0,
            "rexchange_2_2": 0.3333333432674408,
            "rexchange_2_3": 0.2222222238779068,
            "rexchange_4_4": 0.3333333432674408,
            "rrelocate_3": 0.5555555820465088,
            "rrelocate_4": 0.75,
            "two_opt": 0.8888888955116272
        }
    },
    "last_improvement": 2,
    "name": "random_tsp-50-8.44-63",
    "solution": {
        "fitness": 1966,
        "is_feasible": true,
        "permutation": [
            11,
            9,
            37,
            25,
            33,
            19,
            22,
            42,
            20,
            1,
            4,
            18,
            3,
            6,
            48,
            5,
            2,
            14,
            39,
            24,
            49,
            40,
            7,
            31,
            28,
            17,
            16,
            23,
            27,
            30,
            15,
            45,
            47,
            21,
            26,
            29,
            13,
            38,
            32,
            12,
            34,
            46,
            36,
            35,
            41,
            44,
            10,
            0,
            8,
            43
        ],
        "permutation_orig_ids": [
            "12",
            "10",
            "38",
            "26",
            "34",
            "20",
            "23",
            "43",
            "21",
            "2",
            "5",
            "19",
            "4",
            "7",
            "49",
            "6",
            "3",
            "15",
            "40",
            "25",
            "50",
            "41",
            "8",
            "32",
            "29",
            "18",
            "17",
            "24",
            "28",
            "31",
            "16",
            "46",
            "48",
            "22",
            "27",
            "30",
            "14",
            "39",
            "33",
            "13",
            "35",
            "47",
            "37",
            "36",
            "42",
            "45",
            "11",
            "1",
            "9",
            "44"
        ]
    },
    "steps": {
        "0": 2240,
        "1": 2020,
        "2": 1966
    },
    "timeout": 5
}