{
    "config": {
        "allow_infeasible": true,
        "construction": "random_replicate",
        "ils_k": 6,
        "local_search": "CVND",
        "metaheuristic": "ILS",
        "num_threads": 8,
        "operators": [
            "insert_1",
            "remove_1",
            "two_opt",
            "exchange_ids",
            "exchange_1_2",
            "exchange_2_2",
            "exchange_3_3",
            "exchange_3_4",
            "exchange_4_4",
            "rexchange_2_2",
            "rexchange_2_3",
            "rexchange_4_4",
            "centered_exchange_1",
            "relocate_1",
            "relocate_5",
            "rrelocate_3",
            "rrelocate_4",
            "move_all_by_1",
            "move_all_by_2"
        ],
        "perturbation": [
            "random_double_bridge"
        ],
        "stop_on_feasible": true,
        "timeout": 5
    },
    "histogram": {
        "all": {
            "centered_exchange_1": 20,
            "exchange_1_2": 21,
            "exchange_2_2": 21,
            "exchange_3_3": 21,
            "exchange_3_4": 21,
            "exchange_4_4": 21,
            "exchange_ids": 21,
            "insert_1": 26,
            "move_all_by_1": 18,
            "move_all_by_2": 18,
            "relocate_1": 20,
            "relocate_5": 20,
            "remove_1": 26,
            "rexchange_2_2": 21,
            "rexchange_2_3": 20,
            "rexchange_4_4": 20,
            "rrelocate_3": 20,
            "rrelocate_4": 19,
            "two_opt": 21
        },
        "improving": {
            "centered_exchange_1": 3,
            "exchange_1_2": 5,
            "exchange_2_2": 4,
            "exchange_3_3": 5,
            "exchange_3_4": 4,
            "exchange_4_4": 3,
            "exchange_ids": 7,
            "insert_1": 0,
            "move_all_by_1": 5,
            "move_all_by_2": 0,
            "relocate_1": 6,
            "relocate_5": 3,
            "remove_1": 0,
            "rexchange_2_2": 6,
            "rexchange_2_3": 3,
            "rexchange_4_4": 5,
            "rrelocate_3": 10,
            "rrelocate_4": 7,
            "two_opt": 19
        },
        "rate": {
            "centered_exchange_1": 0.15000000596046448,
            "exchange_1_2": 0.2380952388048172,
            "exchange_2_2": 0.190476194024086,
            "exchange_3_3": 0.2380952388048172,
            "exchange_3_4": 0.190476194024086,
            "exchange_4_4": 0.1428571492433548,
            "exchange_ids": 0.3333333432674408,
            "insert_1": 0.0,
            "move_all_by_1": 0.2777777910232544,
            "move_all_by_2": 0.0,
            "relocate_1": 0.30000001192092896,
            "relocate_5": 0.15000000596046448,
            "remove_1": 0.0,
            "rexchange_2_2": 0.2857142984867096,
            "rexchange_2_3": 0.15000000596046448,
            "rexchange_4_4": 0.25,
            "rrelocate_3": 0.5,
            "rrelocate_4": 0.3684210479259491,
            "two_opt": 0.9047619104385376
        }
    },
    "last_improvement": 2,
    "name": "random_tsp-50-6.28-31",
    "solution": {
        "fitness": 2001571,
        "is_feasible": false,
        "permutation": [
            0,
            6,
            15,
            39,
            33,
            20,
            48,
            42,
            36,
            9,
            4,
            29,
            44,
            18,
            10,
            24,
            49,
            30,
            2,
            8,
            5,
            26,
            46,
            47,
            7,
            22,
            3,
            21,
            19,
            43,
            35,
            32,
            23,
            13,
            1,
            12,
            45,
            11,
            38,
            25,
            31,
            37,
            40,
            28,
            27,
            17,
            14,
            41,
            16,
            34
        ],
        "permutation_orig_ids": [
            "1",
            "7",
            "16",
            "40",
            "34",
            "21",
            "49",
            "43",
            "37",
            "10",
            "5",
            "30",
            "45",
            "19",
            "11",
            "25",
            "50",
            "31",
            "3",
            "9",
            "6",
            "27",
            "47",
            "48",
            "8",
            "23",
            "4",
            "22",
            "20",
            "44",
            "36",
            "33",
            "24",
            "14",
            "2",
            "13",
            "46",
            "12",
            "39",
            "26",
            "32",
            "38",
            "41",
            "29",
            "28",
            "18",
            "15",
            "42",
            "17",
            "35"
        ]
    },
    "steps": {
        "0": 3001762,
        "1": 2001721,
        "2": 2001571
    },
    "timeout": 5
}