{
    "config": {
        "allow_infeasible": true,
        "construction": "random_replicate",
        "ils_k": 6,
        "local_search": "CVND",
        "metaheuristic": "ILS",
        "num_threads": 8,
        "operators": [
            "insert_1",
            "remove_1",
            "two_opt",
            "exchange_ids",
            "exchange_1_2",
            "exchange_2_2",
            "exchange_3_3",
            "exchange_3_4",
            "exchange_4_4",
            "rexchange_2_2",
            "rexchange_2_3",
            "rexchange_4_4",
            "centered_exchange_1",
            "relocate_1",
            "relocate_5",
            "rrelocate_3",
            "rrelocate_4",
            "move_all_by_1",
            "move_all_by_2"
        ],
        "perturbation": [
            "random_double_bridge"
        ],
        "stop_on_feasible": true,
        "timeout": 5
    },
    "histogram": {
        "all": {
            "centered_exchange_1": 12,
            "exchange_1_2": 12,
            "exchange_2_2": 12,
            "exchange_3_3": 12,
            "exchange_3_4": 12,
            "exchange_4_4": 12,
            "exchange_ids": 12,
            "insert_1": 16,
            "move_all_by_1": 12,
            "move_all_by_2": 12,
            "relocate_1": 12,
            "relocate_5": 12,
            "remove_1": 16,
            "rexchange_2_2": 12,
            "rexchange_2_3": 12,
            "rexchange_4_4": 12,
            "rrelocate_3": 12,
            "rrelocate_4": 12,
            "two_opt": 12
        },
        "improving": {
            "centered_exchange_1": 1,
            "exchange_1_2": 2,
            "exchange_2_2": 2,
            "exchange_3_3": 3,
            "exchange_3_4": 3,
            "exchange_4_4": 2,
            "exchange_ids": 6,
            "insert_1": 0,
            "move_all_by_1": 0,
            "move_all_by_2": 0,
            "relocate_1": 7,
            "relocate_5": 4,
            "remove_1": 0,
            "rexchange_2_2": 4,
            "rexchange_2_3": 2,
            "rexchange_4_4": 3,
            "rrelocate_3": 6,
            "rrelocate_4": 4,
            "two_opt": 12
        },
        "rate": {
            "centered_exchange_1": 0.0833333358168602,
            "exchange_1_2": 0.1666666716337204,
            "exchange_2_2": 0.1666666716337204,
            "exchange_3_3": 0.25,
            "exchange_3_4": 0.25,
            "exchange_4_4": 0.1666666716337204,
            "exchange_ids": 0.5,
            "insert_1": 0.0,
            "move_all_by_1": 0.0,
            "move_all_by_2": 0.0,
            "relocate_1": 0.5833333134651184,
            "relocate_5": 0.3333333432674408,
            "remove_1": 0.0,
            "rexchange_2_2": 0.3333333432674408,
            "rexchange_2_3": 0.1666666716337204,
            "rexchange_4_4": 0.25,
            "rrelocate_3": 0.5,
            "rrelocate_4": 0.3333333432674408,
            "two_opt": 1.0
        }
    },
    "last_improvement": 3,
    "name": "random_tsp-50-7.32-27",
    "solution": {
        "fitness": 2082,
        "is_feasible": true,
        "permutation": [
            44,
            11,
            38,
            26,
            25,
            16,
            27,
            29,
            28,
            8,
            46,
            1,
            18,
            13,
            30,
            20,
            7,
            42,
            0,
            48,
            23,
            19,
            5,
            24,
            31,
            35,
            2,
            39,
            10,
            22,
            49,
            12,
            17,
            3,
            15,
            40,
            4,
            6,
            32,
            47,
            43,
            9,
            45,
            34,
            33,
            14,
            21,
            37,
            36,
            41
        ],
        "permutation_orig_ids": [
            "45",
            "12",
            "39",
            "27",
            "26",
            "17",
            "28",
            "30",
            "29",
            "9",
            "47",
            "2",
            "19",
            "14",
            "31",
            "21",
            "8",
            "43",
            "1",
            "49",
            "24",
            "20",
            "6",
            "25",
            "32",
            "36",
            "3",
            "40",
            "11",
            "23",
            "50",
            "13",
            "18",
            "4",
            "16",
            "41",
            "5",
            "7",
            "33",
            "48",
            "44",
            "10",
            "46",
            "35",
            "34",
            "15",
            "22",
            "38",
            "37",
            "42"
        ]
    },
    "steps": {
        "0": 1002063,
        "1": 1001956,
        "3": 2082
    },
    "timeout": 5
}