{
    "config": {
        "allow_infeasible": true,
        "construction": "random_replicate",
        "ils_k": 6,
        "local_search": "CVND",
        "metaheuristic": "ILS",
        "num_threads": 8,
        "operators": [
            "insert_1",
            "remove_1",
            "two_opt",
            "exchange_ids",
            "exchange_1_2",
            "exchange_2_2",
            "exchange_3_3",
            "exchange_3_4",
            "exchange_4_4",
            "rexchange_2_2",
            "rexchange_2_3",
            "rexchange_4_4",
            "centered_exchange_1",
            "relocate_1",
            "relocate_5",
            "rrelocate_3",
            "rrelocate_4",
            "move_all_by_1",
            "move_all_by_2"
        ],
        "perturbation": [
            "random_double_bridge"
        ],
        "stop_on_feasible": true,
        "timeout": 5
    },
    "histogram": {
        "all": {
            "centered_exchange_1": 8,
            "exchange_1_2": 8,
            "exchange_2_2": 8,
            "exchange_3_3": 8,
            "exchange_3_4": 8,
            "exchange_4_4": 8,
            "exchange_ids": 8,
            "insert_1": 9,
            "move_all_by_1": 8,
            "move_all_by_2": 8,
            "relocate_1": 8,
            "relocate_5": 8,
            "remove_1": 9,
            "rexchange_2_2": 8,
            "rexchange_2_3": 8,
            "rexchange_4_4": 8,
            "rrelocate_3": 8,
            "rrelocate_4": 8,
            "two_opt": 8
        },
        "improving": {
            "centered_exchange_1": 1,
            "exchange_1_2": 3,
            "exchange_2_2": 2,
            "exchange_3_3": 1,
            "exchange_3_4": 1,
            "exchange_4_4": 1,
            "exchange_ids": 2,
            "insert_1": 0,
            "move_all_by_1": 1,
            "move_all_by_2": 0,
            "relocate_1": 5,
            "relocate_5": 3,
            "remove_1": 0,
            "rexchange_2_2": 1,
            "rexchange_2_3": 2,
            "rexchange_4_4": 2,
            "rrelocate_3": 3,
            "rrelocate_4": 4,
            "two_opt": 7
        },
        "rate": {
            "centered_exchange_1": 0.125,
            "exchange_1_2": 0.375,
            "exchange_2_2": 0.25,
            "exchange_3_3": 0.125,
            "exchange_3_4": 0.125,
            "exchange_4_4": 0.125,
            "exchange_ids": 0.25,
            "insert_1": 0.0,
            "move_all_by_1": 0.125,
            "move_all_by_2": 0.0,
            "relocate_1": 0.625,
            "relocate_5": 0.375,
            "remove_1": 0.0,
            "rexchange_2_2": 0.125,
            "rexchange_2_3": 0.25,
            "rexchange_4_4": 0.25,
            "rrelocate_3": 0.375,
            "rrelocate_4": 0.5,
            "two_opt": 0.875
        }
    },
    "last_improvement": 1,
    "name": "random_tsp-50-13.24-63",
    "solution": {
        "fitness": 1551,
        "is_feasible": true,
        "permutation": [
            10,
            42,
            26,
            29,
            45,
            35,
            47,
            20,
            44,
            23,
            12,
            0,
            39,
            22,
            36,
            6,
            4,
            24,
            41,
            33,
            34,
            17,
            8,
            48,
            37,
            40,
            2,
            18,
            27,
            25,
            13,
            5,
            11,
            30,
            9,
            31,
            3,
            19,
            15,
            7,
            16,
            38,
            28,
            32,
            14,
            1,
            43,
            49,
            21,
            46
        ],
        "permutation_orig_ids": [
            "11",
            "43",
            "27",
            "30",
            "46",
            "36",
            "48",
            "21",
            "45",
            "24",
            "13",
            "1",
            "40",
            "23",
            "37",
            "7",
            "5",
            "25",
            "42",
            "34",
            "35",
            "18",
            "9",
            "49",
            "38",
            "41",
            "3",
            "19",
            "28",
            "26",
            "14",
            "6",
            "12",
            "31",
            "10",
            "32",
            "4",
            "20",
            "16",
            "8",
            "17",
            "39",
            "29",
            "33",
            "15",
            "2",
            "44",
            "50",
            "22",
            "47"
        ]
    },
    "steps": {
        "0": 1633,
        "1": 1551
    },
    "timeout": 5
}