{
    "config": {
        "allow_infeasible": true,
        "construction": "random_replicate",
        "ils_k": 6,
        "local_search": "CVND",
        "metaheuristic": "ILS",
        "num_threads": 8,
        "operators": [
            "insert_1",
            "remove_1",
            "two_opt",
            "exchange_ids",
            "exchange_1_2",
            "exchange_2_2",
            "exchange_3_3",
            "exchange_3_4",
            "exchange_4_4",
            "rexchange_2_2",
            "rexchange_2_3",
            "rexchange_4_4",
            "centered_exchange_1",
            "relocate_1",
            "relocate_5",
            "rrelocate_3",
            "rrelocate_4",
            "move_all_by_1",
            "move_all_by_2"
        ],
        "perturbation": [
            "random_double_bridge"
        ],
        "stop_on_feasible": true,
        "timeout": 5
    },
    "histogram": {
        "all": {
            "centered_exchange_1": 21,
            "exchange_1_2": 21,
            "exchange_2_2": 21,
            "exchange_3_3": 21,
            "exchange_3_4": 21,
            "exchange_4_4": 21,
            "exchange_ids": 21,
            "insert_1": 26,
            "move_all_by_1": 20,
            "move_all_by_2": 20,
            "relocate_1": 21,
            "relocate_5": 21,
            "remove_1": 26,
            "rexchange_2_2": 21,
            "rexchange_2_3": 21,
            "rexchange_4_4": 21,
            "rrelocate_3": 21,
            "rrelocate_4": 20,
            "two_opt": 22
        },
        "improving": {
            "centered_exchange_1": 0,
            "exchange_1_2": 4,
            "exchange_2_2": 2,
            "exchange_3_3": 4,
            "exchange_3_4": 5,
            "exchange_4_4": 3,
            "exchange_ids": 7,
            "insert_1": 0,
            "move_all_by_1": 1,
            "move_all_by_2": 0,
            "relocate_1": 4,
            "relocate_5": 9,
            "remove_1": 0,
            "rexchange_2_2": 2,
            "rexchange_2_3": 4,
            "rexchange_4_4": 6,
            "rrelocate_3": 6,
            "rrelocate_4": 6,
            "two_opt": 21
        },
        "rate": {
            "centered_exchange_1": 0.0,
            "exchange_1_2": 0.190476194024086,
            "exchange_2_2": 0.095238097012043,
            "exchange_3_3": 0.190476194024086,
            "exchange_3_4": 0.2380952388048172,
            "exchange_4_4": 0.1428571492433548,
            "exchange_ids": 0.3333333432674408,
            "insert_1": 0.0,
            "move_all_by_1": 0.05000000074505806,
            "move_all_by_2": 0.0,
            "relocate_1": 0.190476194024086,
            "relocate_5": 0.4285714328289032,
            "remove_1": 0.0,
            "rexchange_2_2": 0.095238097012043,
            "rexchange_2_3": 0.190476194024086,
            "rexchange_4_4": 0.2857142984867096,
            "rrelocate_3": 0.2857142984867096,
            "rrelocate_4": 0.30000001192092896,
            "two_opt": 0.9545454382896423
        }
    },
    "last_improvement": 4,
    "name": "random_tsp-50-6.36-80",
    "solution": {
        "fitness": 1001864,
        "is_feasible": false,
        "permutation": [
            40,
            19,
            32,
            0,
            9,
            20,
            44,
            17,
            36,
            24,
            12,
            29,
            48,
            10,
            8,
            16,
            7,
            45,
            46,
            27,
            23,
            15,
            22,
            28,
            30,
            33,
            2,
            11,
            6,
            21,
            26,
            38,
            43,
            35,
            41,
            39,
            18,
            3,
            4,
            14,
            49,
            1,
            42,
            47,
            31,
            34,
            37,
            25,
            13,
            5
        ],
        "permutation_orig_ids": [
            "41",
            "20",
            "33",
            "1",
            "10",
            "21",
            "45",
            "18",
            "37",
            "25",
            "13",
            "30",
            "49",
            "11",
            "9",
            "17",
            "8",
            "46",
            "47",
            "28",
            "24",
            "16",
            "23",
            "29",
            "31",
            "34",
            "3",
            "12",
            "7",
            "22",
            "27",
            "39",
            "44",
            "36",
            "42",
            "40",
            "19",
            "4",
            "5",
            "15",
            "50",
            "2",
            "43",
            "48",
            "32",
            "35",
            "38",
            "26",
            "14",
            "6"
        ]
    },
    "steps": {
        "0": 3001793,
        "1": 1001915,
        "4": 1001864
    },
    "timeout": 5
}