{
    "config": {
        "allow_infeasible": true,
        "bvns_max_k": 8,
        "bvns_min_k": 1,
        "construction": "random",
        "local_search": "PVND",
        "metaheuristic": "BVNS",
        "num_threads": 8,
        "operators": [
            "insert_1",
            "two_opt",
            "exchange_ids",
            "exchange_1_2",
            "exchange_2_3",
            "exchange_2_4",
            "rexchange_2_2",
            "rexchange_2_4",
            "rexchange_3_3",
            "rexchange_3_4",
            "centered_exchange_1",
            "centered_exchange_4",
            "relocate_1",
            "relocate_2",
            "relocate_3",
            "relocate_4",
            "rrelocate_2",
            "rrelocate_4",
            "move_all_by_10"
        ],
        "perturbation": [
            "reinsert"
        ],
        "timeout": 3600
    },
    "histogram": {
        "all": {
            "centered_exchange_1": 5463,
            "centered_exchange_4": 5461,
            "exchange_1_2": 5516,
            "exchange_2_3": 5465,
            "exchange_2_4": 5464,
            "exchange_ids": 138813,
            "insert_1": 10874,
            "move_all_by_10": 5460,
            "relocate_1": 5469,
            "relocate_2": 5460,
            "relocate_3": 5460,
            "relocate_4": 5460,
            "rexchange_2_2": 5467,
            "rexchange_2_4": 5461,
            "rexchange_3_3": 5461,
            "rexchange_3_4": 5461,
            "rrelocate_2": 5460,
            "rrelocate_4": 5460,
            "two_opt": 130362
        },
        "improving": {
            "centered_exchange_1": 2,
            "centered_exchange_4": 0,
            "exchange_1_2": 52,
            "exchange_2_3": 1,
            "exchange_2_4": 0,
            "exchange_ids": 133342,
            "insert_1": 0,
            "move_all_by_10": 0,
            "relocate_1": 9,
            "relocate_2": 0,
            "relocate_3": 0,
            "relocate_4": 0,
            "rexchange_2_2": 6,
            "rexchange_2_4": 0,
            "rexchange_3_3": 0,
            "rexchange_3_4": 0,
            "rrelocate_2": 0,
            "rrelocate_4": 0,
            "two_opt": 119504
        },
        "rate": {
            "centered_exchange_1": 0.0003660992078948766,
            "centered_exchange_4": 0.0,
            "exchange_1_2": 0.00942712090909481,
            "exchange_2_3": 0.00018298262148164213,
            "exchange_2_4": 0.0,
            "exchange_ids": 0.9605872631072998,
            "insert_1": 0.0,
            "move_all_by_10": 0.0,
            "relocate_1": 0.0016456390731036663,
            "relocate_2": 0.0,
            "relocate_3": 0.0,
            "relocate_4": 0.0,
            "rexchange_2_2": 0.001097494037821889,
            "rexchange_2_4": 0.0,
            "rexchange_3_3": 0.0,
            "rexchange_3_4": 0.0,
            "rrelocate_2": 0.0,
            "rrelocate_4": 0.0,
            "two_opt": 0.9167088866233826
        }
    },
    "last_improvement": 2417,
    "name": "qap-tai80a.dat",
    "solution": {
        "solution": {
            "fitness": 13704706,
            "is_feasible": true,
            "permutation": [
                76,
                22,
                51,
                58,
                3,
                56,
                53,
                7,
                55,
                9,
                15,
                0,
                37,
                47,
                64,
                10,
                46,
                65,
                50,
                25,
                2,
                26,
                41,
                54,
                68,
                29,
                33,
                61,
                52,
                75,
                74,
                39,
                38,
                69,
                27,
                43,
                79,
                11,
                44,
                5,
                57,
                70,
                21,
                66,
                60,
                71,
                24,
                6,
                40,
                30,
                12,
                23,
                62,
                28,
                73,
                35,
                63,
                31,
                16,
                78,
                13,
                4,
                20,
                45,
                77,
                17,
                8,
                18,
                32,
                42,
                1,
                67,
                59,
                19,
                72,
                48,
                14,
                34,
                36,
                49
            ]
        }
    },
    "steps": {
        "0": 14108562,
        "1": 14082688,
        "1015": 13717108,
        "1079": 13709622,
        "1302": 13705636,
        "131": 13859784,
        "134": 13849098,
        "15": 13888562,
        "187": 13794960,
        "2": 14041400,
        "203": 13794882,
        "2417": 13704706,
        "257": 13780356,
        "3": 13963232,
        "350": 13775556,
        "4": 13954650,
        "446": 13773412,
        "5": 13911328,
        "518": 13773264,
        "520": 13751626,
        "535": 13743106,
        "555": 13736758,
        "6": 13901386,
        "65": 13882176,
        "66": 13866292,
        "8": 13892876,
        "932": 13722774,
        "945": 13722650,
        "975": 13721294
    },
    "timeout": 3600
}