{
    "config": {
        "allow_infeasible": true,
        "construction": "random_replicate",
        "ils_k": 6,
        "local_search": "CVND",
        "metaheuristic": "ILS",
        "num_threads": 8,
        "operators": [
            "insert_1",
            "remove_1",
            "two_opt",
            "exchange_ids",
            "exchange_1_2",
            "exchange_2_2",
            "exchange_3_3",
            "exchange_3_4",
            "exchange_4_4",
            "rexchange_2_2",
            "rexchange_2_3",
            "rexchange_4_4",
            "centered_exchange_1",
            "relocate_1",
            "relocate_5",
            "rrelocate_3",
            "rrelocate_4",
            "move_all_by_1",
            "move_all_by_2"
        ],
        "perturbation": [
            "random_double_bridge"
        ],
        "stop_on_feasible": true,
        "timeout": 60
    },
    "histogram": {
        "all": {
            "centered_exchange_1": 33,
            "exchange_1_2": 34,
            "exchange_2_2": 34,
            "exchange_3_3": 34,
            "exchange_3_4": 34,
            "exchange_4_4": 34,
            "exchange_ids": 34,
            "insert_1": 35,
            "move_all_by_1": 27,
            "move_all_by_2": 25,
            "relocate_1": 29,
            "relocate_5": 28,
            "remove_1": 35,
            "rexchange_2_2": 34,
            "rexchange_2_3": 34,
            "rexchange_4_4": 34,
            "rrelocate_3": 28,
            "rrelocate_4": 28,
            "two_opt": 34
        },
        "improving": {
            "centered_exchange_1": 12,
            "exchange_1_2": 15,
            "exchange_2_2": 13,
            "exchange_3_3": 6,
            "exchange_3_4": 8,
            "exchange_4_4": 5,
            "exchange_ids": 17,
            "insert_1": 0,
            "move_all_by_1": 17,
            "move_all_by_2": 12,
            "relocate_1": 24,
            "relocate_5": 10,
            "remove_1": 0,
            "rexchange_2_2": 11,
            "rexchange_2_3": 6,
            "rexchange_4_4": 5,
            "rrelocate_3": 13,
            "rrelocate_4": 9,
            "two_opt": 18
        },
        "rate": {
            "centered_exchange_1": 0.3636363744735718,
            "exchange_1_2": 0.44117647409439087,
            "exchange_2_2": 0.38235294818878174,
            "exchange_3_3": 0.1764705926179886,
            "exchange_3_4": 0.23529411852359772,
            "exchange_4_4": 0.14705882966518402,
            "exchange_ids": 0.5,
            "insert_1": 0.0,
            "move_all_by_1": 0.6296296119689941,
            "move_all_by_2": 0.47999998927116394,
            "relocate_1": 0.8275862336158752,
            "relocate_5": 0.3571428656578064,
            "remove_1": 0.0,
            "rexchange_2_2": 0.3235294222831726,
            "rexchange_2_3": 0.1764705926179886,
            "rexchange_4_4": 0.14705882966518402,
            "rrelocate_3": 0.4642857015132904,
            "rrelocate_4": 0.3214285671710968,
            "two_opt": 0.529411792755127
        }
    },
    "last_improvement": 49,
    "name": "random-60-6.40-11",
    "solution": {
        "fitness": 1002171,
        "is_feasible": false,
        "permutation": [
            18,
            27,
            2,
            48,
            7,
            39,
            55,
            4,
            51,
            5,
            28,
            3,
            56,
            45,
            20,
            31,
            22,
            47,
            46,
            21,
            34,
            50,
            36,
            49,
            16,
            19,
            38,
            42,
            24,
            58,
            14,
            26,
            8,
            40,
            41,
            11,
            53,
            25,
            9,
            32,
            6,
            35,
            0,
            13,
            44,
            52,
            12,
            1,
            33,
            57,
            10,
            29,
            17,
            59,
            54,
            30,
            15,
            23,
            43,
            37
        ],
        "permutation_orig_ids": [
            "19",
            "28",
            "3",
            "49",
            "8",
            "40",
            "56",
            "5",
            "52",
            "6",
            "29",
            "4",
            "57",
            "46",
            "21",
            "32",
            "23",
            "48",
            "47",
            "22",
            "35",
            "51",
            "37",
            "50",
            "17",
            "20",
            "39",
            "43",
            "25",
            "59",
            "15",
            "27",
            "9",
            "41",
            "42",
            "12",
            "54",
            "26",
            "10",
            "33",
            "7",
            "36",
            "1",
            "14",
            "45",
            "53",
            "13",
            "2",
            "34",
            "58",
            "11",
            "30",
            "18",
            "60",
            "55",
            "31",
            "16",
            "24",
            "44",
            "38"
        ],
        "walk_orig_ids": [
            "19",
            "28",
            "3",
            "49",
            "8",
            "40",
            "56",
            "5",
            "52",
            "6",
            "29",
            "44",
            "4",
            "57",
            "46",
            "21",
            "32",
            "23",
            "48",
            "47",
            "22",
            "35",
            "51",
            "37",
            "50",
            "38",
            "20",
            "17",
            "20",
            "39",
            "43",
            "25",
            "59",
            "15",
            "27",
            "9",
            "36",
            "42",
            "41",
            "42",
            "12",
            "54",
            "26",
            "24",
            "10",
            "24",
            "60",
            "33",
            "60",
            "7",
            "36",
            "1",
            "14",
            "45",
            "53",
            "13",
            "11",
            "30",
            "2",
            "34",
            "58",
            "11",
            "30",
            "18",
            "60",
            "55",
            "31",
            "16",
            "31",
            "55",
            "60",
            "24",
            "44",
            "24",
            "60",
            "55",
            "31",
            "38"
        ],
        "walk_processing": [
            true,
            true,
            true,
            true,
            true,
            true,
            true,
            true,
            true,
            true,
            true,
            false,
            true,
            true,
            true,
            true,
            true,
            true,
            true,
            true,
            true,
            true,
            true,
            true,
            true,
            false,
            false,
            true,
            true,
            true,
            true,
            true,
            true,
            true,
            true,
            true,
            false,
            false,
            true,
            true,
            true,
            true,
            true,
            false,
            true,
            false,
            false,
            true,
            false,
            true,
            true,
            true,
            true,
            true,
            true,
            true,
            false,
            false,
            true,
            true,
            true,
            true,
            true,
            true,
            true,
            true,
            true,
            true,
            false,
            false,
            false,
            true,
            true,
            false,
            false,
            false,
            false,
            true
        ]
    },
    "steps": {
        "0": 4006951,
        "1": 4004790,
        "10": 2002646,
        "15": 2002633,
        "16": 1002914,
        "17": 1002861,
        "18": 1002767,
        "2": 2004328,
        "20": 1002682,
        "21": 1002631,
        "22": 1002523,
        "23": 1002511,
        "24": 1002456,
        "26": 1002433,
        "28": 1002429,
        "3": 2003546,
        "31": 1002422,
        "33": 1002371,
        "34": 1002267,
        "35": 1002207,
        "36": 1002181,
        "4": 2003290,
        "47": 1002179,
        "48": 1002172,
        "49": 1002171,
        "5": 2002993,
        "6": 2002939,
        "7": 2002842,
        "8": 2002764,
        "9": 2002659
    },
    "timeout": 60
}