{
    "config": {
        "allow_infeasible": true,
        "construction": "random_replicate",
        "ils_k": 6,
        "local_search": "CVND",
        "metaheuristic": "ILS",
        "num_threads": 8,
        "operators": [
            "insert_1",
            "remove_1",
            "two_opt",
            "exchange_ids",
            "exchange_1_2",
            "exchange_2_2",
            "exchange_3_3",
            "exchange_3_4",
            "exchange_4_4",
            "rexchange_2_2",
            "rexchange_2_3",
            "rexchange_4_4",
            "centered_exchange_1",
            "relocate_1",
            "relocate_5",
            "rrelocate_3",
            "rrelocate_4",
            "move_all_by_1",
            "move_all_by_2"
        ],
        "perturbation": [
            "random_double_bridge"
        ],
        "stop_on_feasible": true,
        "timeout": 60
    },
    "histogram": {
        "all": {
            "centered_exchange_1": 1,
            "exchange_1_2": 1,
            "exchange_2_2": 1,
            "exchange_3_3": 1,
            "exchange_3_4": 1,
            "exchange_4_4": 1,
            "exchange_ids": 1,
            "insert_1": 1,
            "move_all_by_1": 0,
            "move_all_by_2": 0,
            "relocate_1": 1,
            "relocate_5": 0,
            "remove_1": 1,
            "rexchange_2_2": 1,
            "rexchange_2_3": 1,
            "rexchange_4_4": 1,
            "rrelocate_3": 0,
            "rrelocate_4": 0,
            "two_opt": 1
        },
        "improving": {
            "centered_exchange_1": 1,
            "exchange_1_2": 1,
            "exchange_2_2": 1,
            "exchange_3_3": 1,
            "exchange_3_4": 1,
            "exchange_4_4": 1,
            "exchange_ids": 1,
            "insert_1": 0,
            "move_all_by_1": 0,
            "move_all_by_2": 0,
            "relocate_1": 1,
            "relocate_5": 0,
            "remove_1": 0,
            "rexchange_2_2": 1,
            "rexchange_2_3": 1,
            "rexchange_4_4": 1,
            "rrelocate_3": 0,
            "rrelocate_4": 0,
            "two_opt": 1
        },
        "rate": {
            "centered_exchange_1": 1.0,
            "exchange_1_2": 1.0,
            "exchange_2_2": 1.0,
            "exchange_3_3": 1.0,
            "exchange_3_4": 1.0,
            "exchange_4_4": 1.0,
            "exchange_ids": 1.0,
            "insert_1": 0.0,
            "move_all_by_1": 0.0,
            "move_all_by_2": 0.0,
            "relocate_1": 1.0,
            "relocate_5": 0.0,
            "remove_1": 0.0,
            "rexchange_2_2": 1.0,
            "rexchange_2_3": 1.0,
            "rexchange_4_4": 1.0,
            "rrelocate_3": 0.0,
            "rrelocate_4": 0.0,
            "two_opt": 1.0
        }
    },
    "last_improvement": 2,
    "name": "random-60-7.00-10",
    "solution": {
        "fitness": 4997,
        "is_feasible": true,
        "permutation": [
            44,
            49,
            4,
            42,
            34,
            8,
            3,
            58,
            39,
            59,
            30,
            52,
            9,
            48,
            23,
            54,
            36,
            29,
            47,
            51,
            10,
            55,
            33,
            32,
            25,
            22,
            7,
            41,
            18,
            28,
            19,
            57,
            40,
            0,
            17,
            24,
            11,
            43,
            26,
            1,
            45,
            12,
            15,
            2,
            37,
            50,
            31,
            21,
            20,
            46,
            14,
            35,
            6,
            27,
            16,
            5,
            38,
            53,
            56,
            13
        ],
        "permutation_orig_ids": [
            "45",
            "50",
            "5",
            "43",
            "35",
            "9",
            "4",
            "59",
            "40",
            "60",
            "31",
            "53",
            "10",
            "49",
            "24",
            "55",
            "37",
            "30",
            "48",
            "52",
            "11",
            "56",
            "34",
            "33",
            "26",
            "23",
            "8",
            "42",
            "19",
            "29",
            "20",
            "58",
            "41",
            "1",
            "18",
            "25",
            "12",
            "44",
            "27",
            "2",
            "46",
            "13",
            "16",
            "3",
            "38",
            "51",
            "32",
            "22",
            "21",
            "47",
            "15",
            "36",
            "7",
            "28",
            "17",
            "6",
            "39",
            "54",
            "57",
            "14"
        ],
        "walk_orig_ids": [
            "45",
            "50",
            "5",
            "43",
            "35",
            "47",
            "9",
            "4",
            "59",
            "52",
            "40",
            "20",
            "60",
            "31",
            "23",
            "53",
            "26",
            "10",
            "49",
            "24",
            "15",
            "55",
            "15",
            "37",
            "30",
            "48",
            "14",
            "52",
            "51",
            "11",
            "8",
            "56",
            "55",
            "34",
            "39",
            "33",
            "39",
            "46",
            "26",
            "23",
            "8",
            "32",
            "44",
            "42",
            "22",
            "21",
            "19",
            "32",
            "29",
            "20",
            "29",
            "58",
            "29",
            "43",
            "41",
            "43",
            "14",
            "1",
            "39",
            "18",
            "50",
            "3",
            "25",
            "3",
            "28",
            "12",
            "28",
            "36",
            "44",
            "2",
            "48",
            "27",
            "48",
            "2",
            "44",
            "24",
            "46",
            "15",
            "56",
            "40",
            "13",
            "22",
            "16",
            "22",
            "21",
            "38",
            "51",
            "25",
            "3",
            "25",
            "51",
            "38",
            "51",
            "52",
            "32",
            "14",
            "36",
            "47",
            "22",
            "21",
            "22",
            "47",
            "15",
            "47",
            "36",
            "47",
            "6",
            "33",
            "17",
            "7",
            "17",
            "33",
            "6",
            "47",
            "36",
            "60",
            "28",
            "60",
            "36",
            "47",
            "6",
            "33",
            "17",
            "33",
            "6",
            "49",
            "52",
            "32",
            "14",
            "54",
            "39",
            "54",
            "14",
            "36",
            "57",
            "36",
            "14",
            "36",
            "47",
            "15"
        ],
        "walk_processing": [
            true,
            true,
            true,
            true,
            true,
            false,
            true,
            true,
            true,
            false,
            true,
            false,
            true,
            true,
            false,
            true,
            false,
            true,
            true,
            true,
            false,
            true,
            false,
            true,
            true,
            true,
            false,
            true,
            false,
            true,
            false,
            true,
            false,
            true,
            false,
            true,
            false,
            false,
            true,
            true,
            true,
            false,
            false,
            true,
            false,
            false,
            true,
            false,
            true,
            true,
            false,
            true,
            false,
            false,
            true,
            false,
            false,
            true,
            false,
            true,
            false,
            false,
            true,
            false,
            false,
            true,
            false,
            false,
            true,
            false,
            false,
            true,
            false,
            true,
            false,
            false,
            true,
            false,
            false,
            false,
            true,
            false,
            true,
            false,
            false,
            false,
            false,
            false,
            true,
            false,
            false,
            true,
            true,
            false,
            true,
            false,
            false,
            false,
            true,
            true,
            false,
            true,
            true,
            false,
            true,
            false,
            false,
            false,
            false,
            true,
            false,
            false,
            false,
            false,
            false,
            false,
            true,
            false,
            false,
            false,
            false,
            false,
            true,
            false,
            true,
            false,
            false,
            false,
            false,
            false,
            true,
            true,
            false,
            false,
            true,
            false,
            true,
            false,
            false,
            false
        ]
    },
    "steps": {
        "0": 2006057,
        "1": 2004630,
        "2": 4997
    },
    "timeout": 60
}