{
    "config": {
        "allow_infeasible": true,
        "construction": "random_replicate",
        "ils_k": 6,
        "local_search": "CVND",
        "metaheuristic": "ILS",
        "num_threads": 8,
        "operators": [
            "insert_1",
            "remove_1",
            "two_opt",
            "exchange_ids",
            "exchange_1_2",
            "exchange_2_2",
            "exchange_3_3",
            "exchange_3_4",
            "exchange_4_4",
            "rexchange_2_2",
            "rexchange_2_3",
            "rexchange_4_4",
            "centered_exchange_1",
            "relocate_1",
            "relocate_5",
            "rrelocate_3",
            "rrelocate_4",
            "move_all_by_1",
            "move_all_by_2"
        ],
        "perturbation": [
            "random_double_bridge"
        ],
        "timeout": 60
    },
    "histogram": {
        "all": {
            "centered_exchange_1": 13,
            "exchange_1_2": 14,
            "exchange_2_2": 13,
            "exchange_3_3": 13,
            "exchange_3_4": 13,
            "exchange_4_4": 13,
            "exchange_ids": 14,
            "insert_1": 14,
            "move_all_by_1": 11,
            "move_all_by_2": 11,
            "relocate_1": 11,
            "relocate_5": 11,
            "remove_1": 14,
            "rexchange_2_2": 13,
            "rexchange_2_3": 13,
            "rexchange_4_4": 13,
            "rrelocate_3": 11,
            "rrelocate_4": 11,
            "two_opt": 14
        },
        "improving": {
            "centered_exchange_1": 2,
            "exchange_1_2": 10,
            "exchange_2_2": 5,
            "exchange_3_3": 4,
            "exchange_3_4": 3,
            "exchange_4_4": 2,
            "exchange_ids": 9,
            "insert_1": 0,
            "move_all_by_1": 5,
            "move_all_by_2": 3,
            "relocate_1": 11,
            "relocate_5": 7,
            "remove_1": 0,
            "rexchange_2_2": 4,
            "rexchange_2_3": 4,
            "rexchange_4_4": 1,
            "rrelocate_3": 6,
            "rrelocate_4": 3,
            "two_opt": 5
        },
        "rate": {
            "centered_exchange_1": 0.1538461595773697,
            "exchange_1_2": 0.7142857313156128,
            "exchange_2_2": 0.38461539149284363,
            "exchange_3_3": 0.3076923191547394,
            "exchange_3_4": 0.23076923191547394,
            "exchange_4_4": 0.1538461595773697,
            "exchange_ids": 0.6428571343421936,
            "insert_1": 0.0,
            "move_all_by_1": 0.4545454680919647,
            "move_all_by_2": 0.27272728085517883,
            "relocate_1": 1.0,
            "relocate_5": 0.6363636255264282,
            "remove_1": 0.0,
            "rexchange_2_2": 0.3076923191547394,
            "rexchange_2_3": 0.3076923191547394,
            "rexchange_4_4": 0.07692307978868484,
            "rrelocate_3": 0.5454545617103577,
            "rrelocate_4": 0.27272728085517883,
            "two_opt": 0.3571428656578064
        }
    },
    "last_improvement": 41,
    "name": "berlin52",
    "solution": {
        "fitness": 11345,
        "is_feasible": true,
        "permutation": [
            47,
            24,
            5,
            9,
            7,
            8,
            18,
            44,
            2,
            17,
            30,
            22,
            49,
            19,
            21,
            0,
            48,
            38,
            37,
            36,
            39,
            23,
            3,
            14,
            4,
            42,
            32,
            11,
            50,
            10,
            26,
            27,
            46,
            12,
            13,
            51,
            25,
            43,
            33,
            34,
            45,
            15,
            28,
            20,
            29,
            41,
            1,
            6,
            16,
            40,
            31,
            35
        ],
        "permutation_orig_ids": [
            "48",
            "25",
            "6",
            "10",
            "8",
            "9",
            "19",
            "45",
            "3",
            "18",
            "31",
            "23",
            "50",
            "20",
            "22",
            "1",
            "49",
            "39",
            "38",
            "37",
            "40",
            "24",
            "4",
            "15",
            "5",
            "43",
            "33",
            "12",
            "51",
            "11",
            "27",
            "28",
            "47",
            "13",
            "14",
            "52",
            "26",
            "44",
            "34",
            "35",
            "46",
            "16",
            "29",
            "21",
            "30",
            "42",
            "2",
            "7",
            "17",
            "41",
            "32",
            "36"
        ],
        "walk_orig_ids": [
            "48",
            "6",
            "25",
            "6",
            "5",
            "10",
            "41",
            "8",
            "9",
            "19",
            "45",
            "3",
            "18",
            "31",
            "23",
            "50",
            "20",
            "22",
            "1",
            "49",
            "36",
            "39",
            "38",
            "37",
            "40",
            "24",
            "4",
            "15",
            "5",
            "43",
            "33",
            "51",
            "12",
            "51",
            "11",
            "27",
            "28",
            "47",
            "13",
            "14",
            "52",
            "26",
            "44",
            "34",
            "35",
            "46",
            "16",
            "29",
            "30",
            "21",
            "30",
            "42",
            "2",
            "7",
            "17",
            "41",
            "32",
            "36"
        ],
        "walk_processing": [
            true,
            false,
            true,
            true,
            false,
            true,
            false,
            true,
            true,
            true,
            true,
            true,
            true,
            true,
            true,
            true,
            true,
            true,
            true,
            true,
            false,
            true,
            true,
            true,
            true,
            true,
            true,
            true,
            true,
            true,
            true,
            false,
            true,
            true,
            true,
            true,
            true,
            true,
            true,
            true,
            true,
            true,
            true,
            true,
            true,
            true,
            true,
            true,
            false,
            true,
            true,
            true,
            true,
            true,
            true,
            true,
            true,
            true
        ]
    },
    "steps": {
        "0": 25302,
        "1": 22497,
        "10": 12423,
        "11": 12228,
        "12": 12116,
        "13": 11757,
        "14": 11588,
        "15": 11568,
        "18": 11479,
        "19": 11431,
        "2": 19832,
        "20": 11429,
        "23": 11414,
        "3": 17495,
        "38": 11398,
        "4": 15622,
        "41": 11345,
        "5": 14930,
        "6": 14459,
        "7": 13865,
        "8": 13078,
        "9": 12582
    },
    "timeout": 60
}