{
    "config": {
        "allow_infeasible": true,
        "construction": "random_replicate",
        "ils_k": 6,
        "local_search": "CVND",
        "metaheuristic": "ILS",
        "num_threads": 8,
        "operators": [
            "insert_1",
            "remove_1",
            "two_opt",
            "exchange_ids",
            "exchange_1_2",
            "exchange_2_2",
            "exchange_3_3",
            "exchange_3_4",
            "exchange_4_4",
            "rexchange_2_2",
            "rexchange_2_3",
            "rexchange_4_4",
            "centered_exchange_1",
            "relocate_1",
            "relocate_5",
            "rrelocate_3",
            "rrelocate_4",
            "move_all_by_1",
            "move_all_by_2"
        ],
        "perturbation": [
            "random_double_bridge"
        ],
        "stop_on_feasible": true,
        "timeout": 5
    },
    "histogram": {
        "all": {
            "centered_exchange_1": 22,
            "exchange_1_2": 23,
            "exchange_2_2": 22,
            "exchange_3_3": 22,
            "exchange_3_4": 22,
            "exchange_4_4": 22,
            "exchange_ids": 23,
            "insert_1": 26,
            "move_all_by_1": 19,
            "move_all_by_2": 19,
            "relocate_1": 21,
            "relocate_5": 21,
            "remove_1": 26,
            "rexchange_2_2": 22,
            "rexchange_2_3": 22,
            "rexchange_4_4": 22,
            "rrelocate_3": 20,
            "rrelocate_4": 19,
            "two_opt": 23
        },
        "improving": {
            "centered_exchange_1": 4,
            "exchange_1_2": 8,
            "exchange_2_2": 6,
            "exchange_3_3": 4,
            "exchange_3_4": 4,
            "exchange_4_4": 2,
            "exchange_ids": 9,
            "insert_1": 0,
            "move_all_by_1": 1,
            "move_all_by_2": 0,
            "relocate_1": 9,
            "relocate_5": 9,
            "remove_1": 0,
            "rexchange_2_2": 6,
            "rexchange_2_3": 6,
            "rexchange_4_4": 5,
            "rrelocate_3": 10,
            "rrelocate_4": 8,
            "two_opt": 18
        },
        "rate": {
            "centered_exchange_1": 0.1818181872367859,
            "exchange_1_2": 0.3478260934352875,
            "exchange_2_2": 0.27272728085517883,
            "exchange_3_3": 0.1818181872367859,
            "exchange_3_4": 0.1818181872367859,
            "exchange_4_4": 0.09090909361839294,
            "exchange_ids": 0.3913043439388275,
            "insert_1": 0.0,
            "move_all_by_1": 0.05263157933950424,
            "move_all_by_2": 0.0,
            "relocate_1": 0.4285714328289032,
            "relocate_5": 0.4285714328289032,
            "remove_1": 0.0,
            "rexchange_2_2": 0.27272728085517883,
            "rexchange_2_3": 0.27272728085517883,
            "rexchange_4_4": 0.22727273404598236,
            "rrelocate_3": 0.5,
            "rrelocate_4": 0.42105263471603394,
            "two_opt": 0.782608687877655
        }
    },
    "last_improvement": 5,
    "name": "random_tsp-50-8.76-15",
    "solution": {
        "fitness": 1842,
        "is_feasible": true,
        "permutation": [
            22,
            44,
            47,
            29,
            34,
            28,
            4,
            15,
            10,
            5,
            27,
            39,
            8,
            40,
            11,
            16,
            48,
            26,
            35,
            14,
            43,
            21,
            41,
            20,
            37,
            31,
            6,
            0,
            36,
            30,
            9,
            3,
            33,
            7,
            24,
            49,
            25,
            23,
            46,
            2,
            13,
            12,
            38,
            1,
            18,
            17,
            32,
            42,
            19,
            45
        ],
        "permutation_orig_ids": [
            "23",
            "45",
            "48",
            "30",
            "35",
            "29",
            "5",
            "16",
            "11",
            "6",
            "28",
            "40",
            "9",
            "41",
            "12",
            "17",
            "49",
            "27",
            "36",
            "15",
            "44",
            "22",
            "42",
            "21",
            "38",
            "32",
            "7",
            "1",
            "37",
            "31",
            "10",
            "4",
            "34",
            "8",
            "25",
            "50",
            "26",
            "24",
            "47",
            "3",
            "14",
            "13",
            "39",
            "2",
            "19",
            "18",
            "33",
            "43",
            "20",
            "46"
        ]
    },
    "steps": {
        "0": 1002117,
        "1": 1001790,
        "2": 1001720,
        "4": 1001719,
        "5": 1842
    },
    "timeout": 5
}