{
    "config": {
        "allow_infeasible": true,
        "construction": "random_replicate",
        "ils_k": 6,
        "local_search": "CVND",
        "metaheuristic": "ILS",
        "num_threads": 8,
        "operators": [
            "insert_1",
            "remove_1",
            "two_opt",
            "exchange_ids",
            "exchange_1_2",
            "exchange_2_2",
            "exchange_3_3",
            "exchange_3_4",
            "exchange_4_4",
            "rexchange_2_2",
            "rexchange_2_3",
            "rexchange_4_4",
            "centered_exchange_1",
            "relocate_1",
            "relocate_5",
            "rrelocate_3",
            "rrelocate_4",
            "move_all_by_1",
            "move_all_by_2"
        ],
        "perturbation": [
            "random_double_bridge"
        ],
        "stop_on_feasible": true,
        "timeout": 5
    },
    "histogram": {
        "all": {
            "centered_exchange_1": 20,
            "exchange_1_2": 21,
            "exchange_2_2": 21,
            "exchange_3_3": 21,
            "exchange_3_4": 21,
            "exchange_4_4": 21,
            "exchange_ids": 21,
            "insert_1": 28,
            "move_all_by_1": 19,
            "move_all_by_2": 19,
            "relocate_1": 20,
            "relocate_5": 20,
            "remove_1": 28,
            "rexchange_2_2": 21,
            "rexchange_2_3": 21,
            "rexchange_4_4": 20,
            "rrelocate_3": 20,
            "rrelocate_4": 19,
            "two_opt": 21
        },
        "improving": {
            "centered_exchange_1": 0,
            "exchange_1_2": 8,
            "exchange_2_2": 3,
            "exchange_3_3": 3,
            "exchange_3_4": 5,
            "exchange_4_4": 3,
            "exchange_ids": 6,
            "insert_1": 0,
            "move_all_by_1": 1,
            "move_all_by_2": 1,
            "relocate_1": 8,
            "relocate_5": 5,
            "remove_1": 0,
            "rexchange_2_2": 4,
            "rexchange_2_3": 6,
            "rexchange_4_4": 9,
            "rrelocate_3": 7,
            "rrelocate_4": 3,
            "two_opt": 20
        },
        "rate": {
            "centered_exchange_1": 0.0,
            "exchange_1_2": 0.380952388048172,
            "exchange_2_2": 0.1428571492433548,
            "exchange_3_3": 0.1428571492433548,
            "exchange_3_4": 0.2380952388048172,
            "exchange_4_4": 0.1428571492433548,
            "exchange_ids": 0.2857142984867096,
            "insert_1": 0.0,
            "move_all_by_1": 0.05263157933950424,
            "move_all_by_2": 0.05263157933950424,
            "relocate_1": 0.4000000059604645,
            "relocate_5": 0.25,
            "remove_1": 0.0,
            "rexchange_2_2": 0.190476194024086,
            "rexchange_2_3": 0.2857142984867096,
            "rexchange_4_4": 0.44999998807907104,
            "rrelocate_3": 0.3499999940395355,
            "rrelocate_4": 0.15789473056793213,
            "two_opt": 0.9523809552192688
        }
    },
    "last_improvement": 5,
    "name": "random_tsp-50-5.80-34",
    "solution": {
        "fitness": 1001851,
        "is_feasible": false,
        "permutation": [
            37,
            49,
            4,
            23,
            2,
            34,
            39,
            31,
            6,
            0,
            48,
            33,
            40,
            43,
            14,
            27,
            17,
            13,
            3,
            21,
            20,
            10,
            30,
            16,
            44,
            26,
            7,
            8,
            9,
            41,
            42,
            45,
            15,
            25,
            36,
            28,
            11,
            22,
            38,
            18,
            12,
            1,
            29,
            32,
            24,
            35,
            47,
            46,
            5,
            19
        ],
        "permutation_orig_ids": [
            "38",
            "50",
            "5",
            "24",
            "3",
            "35",
            "40",
            "32",
            "7",
            "1",
            "49",
            "34",
            "41",
            "44",
            "15",
            "28",
            "18",
            "14",
            "4",
            "22",
            "21",
            "11",
            "31",
            "17",
            "45",
            "27",
            "8",
            "9",
            "10",
            "42",
            "43",
            "46",
            "16",
            "26",
            "37",
            "29",
            "12",
            "23",
            "39",
            "19",
            "13",
            "2",
            "30",
            "33",
            "25",
            "36",
            "48",
            "47",
            "6",
            "20"
        ]
    },
    "steps": {
        "0": 2001763,
        "2": 2001693,
        "3": 1001926,
        "4": 1001867,
        "5": 1001851
    },
    "timeout": 5
}