{
    "config": {
        "allow_infeasible": true,
        "construction": "random_replicate",
        "ils_k": 6,
        "local_search": "CVND",
        "metaheuristic": "ILS",
        "num_threads": 8,
        "operators": [
            "insert_1",
            "remove_1",
            "two_opt",
            "exchange_ids",
            "exchange_1_2",
            "exchange_2_2",
            "exchange_3_3",
            "exchange_3_4",
            "exchange_4_4",
            "rexchange_2_2",
            "rexchange_2_3",
            "rexchange_4_4",
            "centered_exchange_1",
            "relocate_1",
            "relocate_5",
            "rrelocate_3",
            "rrelocate_4",
            "move_all_by_1",
            "move_all_by_2"
        ],
        "perturbation": [
            "random_double_bridge"
        ],
        "stop_on_feasible": true,
        "timeout": 5
    },
    "histogram": {
        "all": {
            "centered_exchange_1": 15,
            "exchange_1_2": 16,
            "exchange_2_2": 16,
            "exchange_3_3": 15,
            "exchange_3_4": 15,
            "exchange_4_4": 15,
            "exchange_ids": 16,
            "insert_1": 18,
            "move_all_by_1": 15,
            "move_all_by_2": 15,
            "relocate_1": 15,
            "relocate_5": 15,
            "remove_1": 18,
            "rexchange_2_2": 15,
            "rexchange_2_3": 15,
            "rexchange_4_4": 15,
            "rrelocate_3": 15,
            "rrelocate_4": 15,
            "two_opt": 16
        },
        "improving": {
            "centered_exchange_1": 1,
            "exchange_1_2": 3,
            "exchange_2_2": 2,
            "exchange_3_3": 4,
            "exchange_3_4": 3,
            "exchange_4_4": 2,
            "exchange_ids": 3,
            "insert_1": 0,
            "move_all_by_1": 1,
            "move_all_by_2": 1,
            "relocate_1": 7,
            "relocate_5": 7,
            "remove_1": 0,
            "rexchange_2_2": 4,
            "rexchange_2_3": 4,
            "rexchange_4_4": 4,
            "rrelocate_3": 4,
            "rrelocate_4": 4,
            "two_opt": 15
        },
        "rate": {
            "centered_exchange_1": 0.06666667014360428,
            "exchange_1_2": 0.1875,
            "exchange_2_2": 0.125,
            "exchange_3_3": 0.2666666805744171,
            "exchange_3_4": 0.20000000298023224,
            "exchange_4_4": 0.13333334028720856,
            "exchange_ids": 0.1875,
            "insert_1": 0.0,
            "move_all_by_1": 0.06666667014360428,
            "move_all_by_2": 0.06666667014360428,
            "relocate_1": 0.46666666865348816,
            "relocate_5": 0.46666666865348816,
            "remove_1": 0.0,
            "rexchange_2_2": 0.2666666805744171,
            "rexchange_2_3": 0.2666666805744171,
            "rexchange_4_4": 0.2666666805744171,
            "rrelocate_3": 0.2666666805744171,
            "rrelocate_4": 0.2666666805744171,
            "two_opt": 0.9375
        }
    },
    "last_improvement": 4,
    "name": "random_tsp-50-6.60-75",
    "solution": {
        "fitness": 1766,
        "is_feasible": true,
        "permutation": [
            31,
            40,
            48,
            0,
            25,
            33,
            44,
            3,
            22,
            24,
            21,
            34,
            27,
            43,
            16,
            20,
            41,
            26,
            39,
            46,
            49,
            9,
            37,
            11,
            1,
            28,
            47,
            32,
            23,
            2,
            29,
            8,
            19,
            12,
            7,
            15,
            38,
            42,
            10,
            13,
            17,
            35,
            5,
            14,
            4,
            36,
            18,
            6,
            45,
            30
        ],
        "permutation_orig_ids": [
            "32",
            "41",
            "49",
            "1",
            "26",
            "34",
            "45",
            "4",
            "23",
            "25",
            "22",
            "35",
            "28",
            "44",
            "17",
            "21",
            "42",
            "27",
            "40",
            "47",
            "50",
            "10",
            "38",
            "12",
            "2",
            "29",
            "48",
            "33",
            "24",
            "3",
            "30",
            "9",
            "20",
            "13",
            "8",
            "16",
            "39",
            "43",
            "11",
            "14",
            "18",
            "36",
            "6",
            "15",
            "5",
            "37",
            "19",
            "7",
            "46",
            "31"
        ]
    },
    "steps": {
        "0": 3001603,
        "1": 2001550,
        "2": 1001708,
        "3": 1001669,
        "4": 1766
    },
    "timeout": 5
}