{
    "config": {
        "allow_infeasible": true,
        "construction": "random_replicate",
        "ils_k": 6,
        "local_search": "CVND",
        "metaheuristic": "ILS",
        "num_threads": 8,
        "operators": [
            "insert_1",
            "remove_1",
            "two_opt",
            "exchange_ids",
            "exchange_1_2",
            "exchange_2_2",
            "exchange_3_3",
            "exchange_3_4",
            "exchange_4_4",
            "rexchange_2_2",
            "rexchange_2_3",
            "rexchange_4_4",
            "centered_exchange_1",
            "relocate_1",
            "relocate_5",
            "rrelocate_3",
            "rrelocate_4",
            "move_all_by_1",
            "move_all_by_2"
        ],
        "perturbation": [
            "random_double_bridge"
        ],
        "stop_on_feasible": true,
        "timeout": 5
    },
    "histogram": {
        "all": {
            "centered_exchange_1": 21,
            "exchange_1_2": 23,
            "exchange_2_2": 23,
            "exchange_3_3": 23,
            "exchange_3_4": 22,
            "exchange_4_4": 22,
            "exchange_ids": 23,
            "insert_1": 25,
            "move_all_by_1": 18,
            "move_all_by_2": 18,
            "relocate_1": 20,
            "relocate_5": 20,
            "remove_1": 25,
            "rexchange_2_2": 21,
            "rexchange_2_3": 21,
            "rexchange_4_4": 21,
            "rrelocate_3": 19,
            "rrelocate_4": 18,
            "two_opt": 23
        },
        "improving": {
            "centered_exchange_1": 5,
            "exchange_1_2": 7,
            "exchange_2_2": 5,
            "exchange_3_3": 4,
            "exchange_3_4": 6,
            "exchange_4_4": 3,
            "exchange_ids": 7,
            "insert_1": 0,
            "move_all_by_1": 1,
            "move_all_by_2": 1,
            "relocate_1": 4,
            "relocate_5": 6,
            "remove_1": 0,
            "rexchange_2_2": 6,
            "rexchange_2_3": 5,
            "rexchange_4_4": 6,
            "rrelocate_3": 7,
            "rrelocate_4": 7,
            "two_opt": 18
        },
        "rate": {
            "centered_exchange_1": 0.2380952388048172,
            "exchange_1_2": 0.30434781312942505,
            "exchange_2_2": 0.21739129722118378,
            "exchange_3_3": 0.17391304671764374,
            "exchange_3_4": 0.27272728085517883,
            "exchange_4_4": 0.13636364042758942,
            "exchange_ids": 0.30434781312942505,
            "insert_1": 0.0,
            "move_all_by_1": 0.0555555559694767,
            "move_all_by_2": 0.0555555559694767,
            "relocate_1": 0.20000000298023224,
            "relocate_5": 0.30000001192092896,
            "remove_1": 0.0,
            "rexchange_2_2": 0.2857142984867096,
            "rexchange_2_3": 0.2380952388048172,
            "rexchange_4_4": 0.2857142984867096,
            "rrelocate_3": 0.3684210479259491,
            "rrelocate_4": 0.3888888955116272,
            "two_opt": 0.782608687877655
        }
    },
    "last_improvement": 3,
    "name": "random_tsp-50-6.92-33",
    "solution": {
        "fitness": 1001983,
        "is_feasible": false,
        "permutation": [
            14,
            37,
            11,
            21,
            8,
            20,
            47,
            22,
            2,
            46,
            23,
            38,
            25,
            19,
            48,
            32,
            49,
            24,
            30,
            36,
            28,
            33,
            5,
            41,
            17,
            34,
            18,
            40,
            29,
            4,
            1,
            3,
            0,
            12,
            42,
            31,
            6,
            43,
            16,
            45,
            15,
            7,
            26,
            10,
            39,
            35,
            9,
            44,
            27,
            13
        ],
        "permutation_orig_ids": [
            "15",
            "38",
            "12",
            "22",
            "9",
            "21",
            "48",
            "23",
            "3",
            "47",
            "24",
            "39",
            "26",
            "20",
            "49",
            "33",
            "50",
            "25",
            "31",
            "37",
            "29",
            "34",
            "6",
            "42",
            "18",
            "35",
            "19",
            "41",
            "30",
            "5",
            "2",
            "4",
            "1",
            "13",
            "43",
            "32",
            "7",
            "44",
            "17",
            "46",
            "16",
            "8",
            "27",
            "11",
            "40",
            "36",
            "10",
            "45",
            "28",
            "14"
        ]
    },
    "steps": {
        "0": 1002306,
        "1": 1002016,
        "3": 1001983
    },
    "timeout": 5
}