{
    "config": {
        "allow_infeasible": true,
        "construction": "random_replicate",
        "ils_k": 6,
        "local_search": "CVND",
        "metaheuristic": "ILS",
        "num_threads": 8,
        "operators": [
            "insert_1",
            "remove_1",
            "two_opt",
            "exchange_ids",
            "exchange_1_2",
            "exchange_2_2",
            "exchange_3_3",
            "exchange_3_4",
            "exchange_4_4",
            "rexchange_2_2",
            "rexchange_2_3",
            "rexchange_4_4",
            "centered_exchange_1",
            "relocate_1",
            "relocate_5",
            "rrelocate_3",
            "rrelocate_4",
            "move_all_by_1",
            "move_all_by_2"
        ],
        "perturbation": [
            "random_double_bridge"
        ],
        "stop_on_feasible": true,
        "timeout": 5
    },
    "histogram": {
        "all": {
            "centered_exchange_1": 21,
            "exchange_1_2": 21,
            "exchange_2_2": 21,
            "exchange_3_3": 21,
            "exchange_3_4": 21,
            "exchange_4_4": 21,
            "exchange_ids": 21,
            "insert_1": 30,
            "move_all_by_1": 20,
            "move_all_by_2": 20,
            "relocate_1": 21,
            "relocate_5": 21,
            "remove_1": 30,
            "rexchange_2_2": 21,
            "rexchange_2_3": 21,
            "rexchange_4_4": 21,
            "rrelocate_3": 21,
            "rrelocate_4": 21,
            "two_opt": 21
        },
        "improving": {
            "centered_exchange_1": 1,
            "exchange_1_2": 4,
            "exchange_2_2": 4,
            "exchange_3_3": 3,
            "exchange_3_4": 3,
            "exchange_4_4": 2,
            "exchange_ids": 6,
            "insert_1": 0,
            "move_all_by_1": 2,
            "move_all_by_2": 1,
            "relocate_1": 6,
            "relocate_5": 6,
            "remove_1": 0,
            "rexchange_2_2": 8,
            "rexchange_2_3": 7,
            "rexchange_4_4": 3,
            "rrelocate_3": 6,
            "rrelocate_4": 5,
            "two_opt": 21
        },
        "rate": {
            "centered_exchange_1": 0.0476190485060215,
            "exchange_1_2": 0.190476194024086,
            "exchange_2_2": 0.190476194024086,
            "exchange_3_3": 0.1428571492433548,
            "exchange_3_4": 0.1428571492433548,
            "exchange_4_4": 0.095238097012043,
            "exchange_ids": 0.2857142984867096,
            "insert_1": 0.0,
            "move_all_by_1": 0.10000000149011612,
            "move_all_by_2": 0.05000000074505806,
            "relocate_1": 0.2857142984867096,
            "relocate_5": 0.2857142984867096,
            "remove_1": 0.0,
            "rexchange_2_2": 0.380952388048172,
            "rexchange_2_3": 0.3333333432674408,
            "rexchange_4_4": 0.1428571492433548,
            "rrelocate_3": 0.2857142984867096,
            "rrelocate_4": 0.2380952388048172,
            "two_opt": 1.0
        }
    },
    "last_improvement": 4,
    "name": "random_tsp-50-6.76-64",
    "solution": {
        "fitness": 1001739,
        "is_feasible": false,
        "permutation": [
            48,
            17,
            29,
            6,
            8,
            1,
            9,
            7,
            35,
            26,
            37,
            25,
            23,
            10,
            12,
            28,
            40,
            32,
            39,
            14,
            41,
            49,
            27,
            22,
            5,
            43,
            46,
            34,
            36,
            47,
            20,
            44,
            31,
            11,
            16,
            21,
            13,
            30,
            45,
            2,
            0,
            24,
            38,
            19,
            15,
            18,
            42,
            4,
            33,
            3
        ],
        "permutation_orig_ids": [
            "49",
            "18",
            "30",
            "7",
            "9",
            "2",
            "10",
            "8",
            "36",
            "27",
            "38",
            "26",
            "24",
            "11",
            "13",
            "29",
            "41",
            "33",
            "40",
            "15",
            "42",
            "50",
            "28",
            "23",
            "6",
            "44",
            "47",
            "35",
            "37",
            "48",
            "21",
            "45",
            "32",
            "12",
            "17",
            "22",
            "14",
            "31",
            "46",
            "3",
            "1",
            "25",
            "39",
            "20",
            "16",
            "19",
            "43",
            "5",
            "34",
            "4"
        ]
    },
    "steps": {
        "0": 1002039,
        "1": 1001940,
        "3": 1001814,
        "4": 1001739
    },
    "timeout": 5
}