{
    "config": {
        "allow_infeasible": true,
        "construction": "random_replicate",
        "ils_k": 6,
        "local_search": "CVND",
        "metaheuristic": "ILS",
        "num_threads": 8,
        "operators": [
            "insert_1",
            "remove_1",
            "two_opt",
            "exchange_ids",
            "exchange_1_2",
            "exchange_2_2",
            "exchange_3_3",
            "exchange_3_4",
            "exchange_4_4",
            "rexchange_2_2",
            "rexchange_2_3",
            "rexchange_4_4",
            "centered_exchange_1",
            "relocate_1",
            "relocate_5",
            "rrelocate_3",
            "rrelocate_4",
            "move_all_by_1",
            "move_all_by_2"
        ],
        "perturbation": [
            "random_double_bridge"
        ],
        "stop_on_feasible": true,
        "timeout": 5
    },
    "histogram": {
        "all": {
            "centered_exchange_1": 21,
            "exchange_1_2": 21,
            "exchange_2_2": 21,
            "exchange_3_3": 21,
            "exchange_3_4": 21,
            "exchange_4_4": 21,
            "exchange_ids": 21,
            "insert_1": 26,
            "move_all_by_1": 18,
            "move_all_by_2": 18,
            "relocate_1": 21,
            "relocate_5": 20,
            "remove_1": 26,
            "rexchange_2_2": 21,
            "rexchange_2_3": 21,
            "rexchange_4_4": 21,
            "rrelocate_3": 20,
            "rrelocate_4": 18,
            "two_opt": 22
        },
        "improving": {
            "centered_exchange_1": 2,
            "exchange_1_2": 8,
            "exchange_2_2": 4,
            "exchange_3_3": 4,
            "exchange_3_4": 3,
            "exchange_4_4": 2,
            "exchange_ids": 7,
            "insert_1": 0,
            "move_all_by_1": 1,
            "move_all_by_2": 1,
            "relocate_1": 8,
            "relocate_5": 4,
            "remove_1": 0,
            "rexchange_2_2": 4,
            "rexchange_2_3": 4,
            "rexchange_4_4": 5,
            "rrelocate_3": 8,
            "rrelocate_4": 7,
            "two_opt": 19
        },
        "rate": {
            "centered_exchange_1": 0.095238097012043,
            "exchange_1_2": 0.380952388048172,
            "exchange_2_2": 0.190476194024086,
            "exchange_3_3": 0.190476194024086,
            "exchange_3_4": 0.1428571492433548,
            "exchange_4_4": 0.095238097012043,
            "exchange_ids": 0.3333333432674408,
            "insert_1": 0.0,
            "move_all_by_1": 0.0555555559694767,
            "move_all_by_2": 0.0555555559694767,
            "relocate_1": 0.380952388048172,
            "relocate_5": 0.20000000298023224,
            "remove_1": 0.0,
            "rexchange_2_2": 0.190476194024086,
            "rexchange_2_3": 0.190476194024086,
            "rexchange_4_4": 0.2380952388048172,
            "rrelocate_3": 0.4000000059604645,
            "rrelocate_4": 0.3888888955116272,
            "two_opt": 0.8636363744735718
        }
    },
    "last_improvement": 6,
    "name": "random_tsp-50-6.12-56",
    "solution": {
        "fitness": 1002104,
        "is_feasible": false,
        "permutation": [
            44,
            36,
            34,
            11,
            26,
            49,
            38,
            13,
            15,
            24,
            8,
            30,
            19,
            23,
            46,
            18,
            43,
            5,
            0,
            33,
            47,
            4,
            20,
            45,
            32,
            42,
            40,
            3,
            6,
            28,
            9,
            41,
            31,
            27,
            1,
            14,
            2,
            7,
            12,
            37,
            21,
            39,
            48,
            25,
            10,
            16,
            17,
            35,
            22,
            29
        ],
        "permutation_orig_ids": [
            "45",
            "37",
            "35",
            "12",
            "27",
            "50",
            "39",
            "14",
            "16",
            "25",
            "9",
            "31",
            "20",
            "24",
            "47",
            "19",
            "44",
            "6",
            "1",
            "34",
            "48",
            "5",
            "21",
            "46",
            "33",
            "43",
            "41",
            "4",
            "7",
            "29",
            "10",
            "42",
            "32",
            "28",
            "2",
            "15",
            "3",
            "8",
            "13",
            "38",
            "22",
            "40",
            "49",
            "26",
            "11",
            "17",
            "18",
            "36",
            "23",
            "30"
        ]
    },
    "steps": {
        "0": 3002007,
        "1": 1002283,
        "3": 1002278,
        "4": 1002191,
        "5": 1002163,
        "6": 1002104
    },
    "timeout": 5
}