{
    "config": {
        "allow_infeasible": true,
        "construction": "random_replicate",
        "ils_k": 6,
        "local_search": "CVND",
        "metaheuristic": "ILS",
        "num_threads": 8,
        "operators": [
            "insert_1",
            "remove_1",
            "two_opt",
            "exchange_ids",
            "exchange_1_2",
            "exchange_2_2",
            "exchange_3_3",
            "exchange_3_4",
            "exchange_4_4",
            "rexchange_2_2",
            "rexchange_2_3",
            "rexchange_4_4",
            "centered_exchange_1",
            "relocate_1",
            "relocate_5",
            "rrelocate_3",
            "rrelocate_4",
            "move_all_by_1",
            "move_all_by_2"
        ],
        "perturbation": [
            "random_double_bridge"
        ],
        "stop_on_feasible": true,
        "timeout": 5
    },
    "histogram": {
        "all": {
            "centered_exchange_1": 21,
            "exchange_1_2": 22,
            "exchange_2_2": 22,
            "exchange_3_3": 22,
            "exchange_3_4": 22,
            "exchange_4_4": 22,
            "exchange_ids": 22,
            "insert_1": 26,
            "move_all_by_1": 18,
            "move_all_by_2": 18,
            "relocate_1": 21,
            "relocate_5": 20,
            "remove_1": 26,
            "rexchange_2_2": 22,
            "rexchange_2_3": 21,
            "rexchange_4_4": 21,
            "rrelocate_3": 18,
            "rrelocate_4": 18,
            "two_opt": 22
        },
        "improving": {
            "centered_exchange_1": 2,
            "exchange_1_2": 6,
            "exchange_2_2": 3,
            "exchange_3_3": 4,
            "exchange_3_4": 6,
            "exchange_4_4": 2,
            "exchange_ids": 9,
            "insert_1": 0,
            "move_all_by_1": 1,
            "move_all_by_2": 0,
            "relocate_1": 3,
            "relocate_5": 9,
            "remove_1": 0,
            "rexchange_2_2": 7,
            "rexchange_2_3": 6,
            "rexchange_4_4": 4,
            "rrelocate_3": 8,
            "rrelocate_4": 4,
            "two_opt": 18
        },
        "rate": {
            "centered_exchange_1": 0.095238097012043,
            "exchange_1_2": 0.27272728085517883,
            "exchange_2_2": 0.13636364042758942,
            "exchange_3_3": 0.1818181872367859,
            "exchange_3_4": 0.27272728085517883,
            "exchange_4_4": 0.09090909361839294,
            "exchange_ids": 0.40909090638160706,
            "insert_1": 0.0,
            "move_all_by_1": 0.0555555559694767,
            "move_all_by_2": 0.0,
            "relocate_1": 0.1428571492433548,
            "relocate_5": 0.44999998807907104,
            "remove_1": 0.0,
            "rexchange_2_2": 0.3181818127632141,
            "rexchange_2_3": 0.2857142984867096,
            "rexchange_4_4": 0.190476194024086,
            "rrelocate_3": 0.4444444477558136,
            "rrelocate_4": 0.2222222238779068,
            "two_opt": 0.8181818127632141
        }
    },
    "last_improvement": 4,
    "name": "random_tsp-50-6.76-62",
    "solution": {
        "fitness": 1001890,
        "is_feasible": false,
        "permutation": [
            16,
            11,
            36,
            27,
            2,
            0,
            45,
            3,
            35,
            6,
            23,
            15,
            10,
            5,
            38,
            28,
            39,
            43,
            22,
            29,
            7,
            26,
            4,
            48,
            18,
            34,
            49,
            24,
            21,
            30,
            14,
            17,
            19,
            44,
            41,
            20,
            12,
            42,
            32,
            8,
            31,
            47,
            1,
            33,
            9,
            25,
            46,
            13,
            40,
            37
        ],
        "permutation_orig_ids": [
            "17",
            "12",
            "37",
            "28",
            "3",
            "1",
            "46",
            "4",
            "36",
            "7",
            "24",
            "16",
            "11",
            "6",
            "39",
            "29",
            "40",
            "44",
            "23",
            "30",
            "8",
            "27",
            "5",
            "49",
            "19",
            "35",
            "50",
            "25",
            "22",
            "31",
            "15",
            "18",
            "20",
            "45",
            "42",
            "21",
            "13",
            "43",
            "33",
            "9",
            "32",
            "48",
            "2",
            "34",
            "10",
            "26",
            "47",
            "14",
            "41",
            "38"
        ]
    },
    "steps": {
        "0": 3001735,
        "1": 3001677,
        "2": 2001779,
        "3": 2001778,
        "4": 1001890
    },
    "timeout": 5
}