{
    "config": {
        "allow_infeasible": true,
        "construction": "random_replicate",
        "ils_k": 6,
        "local_search": "CVND",
        "metaheuristic": "ILS",
        "num_threads": 8,
        "operators": [
            "insert_1",
            "remove_1",
            "two_opt",
            "exchange_ids",
            "exchange_1_2",
            "exchange_2_2",
            "exchange_3_3",
            "exchange_3_4",
            "exchange_4_4",
            "rexchange_2_2",
            "rexchange_2_3",
            "rexchange_4_4",
            "centered_exchange_1",
            "relocate_1",
            "relocate_5",
            "rrelocate_3",
            "rrelocate_4",
            "move_all_by_1",
            "move_all_by_2"
        ],
        "perturbation": [
            "random_double_bridge"
        ],
        "stop_on_feasible": true,
        "timeout": 5
    },
    "histogram": {
        "all": {
            "centered_exchange_1": 20,
            "exchange_1_2": 22,
            "exchange_2_2": 22,
            "exchange_3_3": 22,
            "exchange_3_4": 22,
            "exchange_4_4": 22,
            "exchange_ids": 22,
            "insert_1": 25,
            "move_all_by_1": 17,
            "move_all_by_2": 17,
            "relocate_1": 20,
            "relocate_5": 19,
            "remove_1": 25,
            "rexchange_2_2": 22,
            "rexchange_2_3": 20,
            "rexchange_4_4": 20,
            "rrelocate_3": 18,
            "rrelocate_4": 17,
            "two_opt": 22
        },
        "improving": {
            "centered_exchange_1": 2,
            "exchange_1_2": 7,
            "exchange_2_2": 4,
            "exchange_3_3": 5,
            "exchange_3_4": 6,
            "exchange_4_4": 3,
            "exchange_ids": 8,
            "insert_1": 0,
            "move_all_by_1": 2,
            "move_all_by_2": 0,
            "relocate_1": 7,
            "relocate_5": 5,
            "remove_1": 0,
            "rexchange_2_2": 5,
            "rexchange_2_3": 6,
            "rexchange_4_4": 4,
            "rrelocate_3": 9,
            "rrelocate_4": 6,
            "two_opt": 15
        },
        "rate": {
            "centered_exchange_1": 0.10000000149011612,
            "exchange_1_2": 0.3181818127632141,
            "exchange_2_2": 0.1818181872367859,
            "exchange_3_3": 0.22727273404598236,
            "exchange_3_4": 0.27272728085517883,
            "exchange_4_4": 0.13636364042758942,
            "exchange_ids": 0.3636363744735718,
            "insert_1": 0.0,
            "move_all_by_1": 0.11764705926179886,
            "move_all_by_2": 0.0,
            "relocate_1": 0.3499999940395355,
            "relocate_5": 0.2631579041481018,
            "remove_1": 0.0,
            "rexchange_2_2": 0.22727273404598236,
            "rexchange_2_3": 0.30000001192092896,
            "rexchange_4_4": 0.20000000298023224,
            "rrelocate_3": 0.5,
            "rrelocate_4": 0.3529411852359772,
            "two_opt": 0.6818181872367859
        }
    },
    "last_improvement": 3,
    "name": "random_tsp-50-5.88-36",
    "solution": {
        "fitness": 1002195,
        "is_feasible": false,
        "permutation": [
            25,
            45,
            10,
            41,
            20,
            24,
            16,
            18,
            22,
            1,
            5,
            48,
            19,
            44,
            13,
            3,
            46,
            39,
            43,
            6,
            11,
            4,
            36,
            47,
            38,
            27,
            14,
            32,
            28,
            40,
            7,
            33,
            37,
            17,
            21,
            23,
            31,
            26,
            34,
            29,
            12,
            0,
            49,
            30,
            35,
            8,
            2,
            9,
            15,
            42
        ],
        "permutation_orig_ids": [
            "26",
            "46",
            "11",
            "42",
            "21",
            "25",
            "17",
            "19",
            "23",
            "2",
            "6",
            "49",
            "20",
            "45",
            "14",
            "4",
            "47",
            "40",
            "44",
            "7",
            "12",
            "5",
            "37",
            "48",
            "39",
            "28",
            "15",
            "33",
            "29",
            "41",
            "8",
            "34",
            "38",
            "18",
            "22",
            "24",
            "32",
            "27",
            "35",
            "30",
            "13",
            "1",
            "50",
            "31",
            "36",
            "9",
            "3",
            "10",
            "16",
            "43"
        ]
    },
    "steps": {
        "0": 3002001,
        "1": 2002139,
        "2": 1002246,
        "3": 1002195
    },
    "timeout": 5
}