{
    "config": {
        "allow_infeasible": true,
        "construction": "random_replicate",
        "ils_k": 6,
        "local_search": "CVND",
        "metaheuristic": "ILS",
        "num_threads": 8,
        "operators": [
            "insert_1",
            "remove_1",
            "two_opt",
            "exchange_ids",
            "exchange_1_2",
            "exchange_2_2",
            "exchange_3_3",
            "exchange_3_4",
            "exchange_4_4",
            "rexchange_2_2",
            "rexchange_2_3",
            "rexchange_4_4",
            "centered_exchange_1",
            "relocate_1",
            "relocate_5",
            "rrelocate_3",
            "rrelocate_4",
            "move_all_by_1",
            "move_all_by_2"
        ],
        "perturbation": [
            "random_double_bridge"
        ],
        "timeout": 3
    },
    "histogram": {
        "all": {
            "centered_exchange_1": 44,
            "exchange_1_2": 46,
            "exchange_2_2": 46,
            "exchange_3_3": 45,
            "exchange_3_4": 45,
            "exchange_4_4": 44,
            "exchange_ids": 46,
            "insert_1": 57,
            "move_all_by_1": 38,
            "move_all_by_2": 38,
            "relocate_1": 42,
            "relocate_5": 38,
            "remove_1": 57,
            "rexchange_2_2": 44,
            "rexchange_2_3": 44,
            "rexchange_4_4": 44,
            "rrelocate_3": 38,
            "rrelocate_4": 38,
            "two_opt": 52
        },
        "improving": {
            "centered_exchange_1": 1,
            "exchange_1_2": 18,
            "exchange_2_2": 11,
            "exchange_3_3": 10,
            "exchange_3_4": 12,
            "exchange_4_4": 8,
            "exchange_ids": 24,
            "insert_1": 0,
            "move_all_by_1": 1,
            "move_all_by_2": 1,
            "relocate_1": 12,
            "relocate_5": 16,
            "remove_1": 0,
            "rexchange_2_2": 0,
            "rexchange_2_3": 0,
            "rexchange_4_4": 0,
            "rrelocate_3": 3,
            "rrelocate_4": 0,
            "two_opt": 20
        },
        "rate": {
            "centered_exchange_1": 0.022727273404598236,
            "exchange_1_2": 0.3913043439388275,
            "exchange_2_2": 0.239130437374115,
            "exchange_3_3": 0.2222222238779068,
            "exchange_3_4": 0.2666666805744171,
            "exchange_4_4": 0.1818181872367859,
            "exchange_ids": 0.52173912525177,
            "insert_1": 0.0,
            "move_all_by_1": 0.02631578966975212,
            "move_all_by_2": 0.02631578966975212,
            "relocate_1": 0.2857142984867096,
            "relocate_5": 0.42105263471603394,
            "remove_1": 0.0,
            "rexchange_2_2": 0.0,
            "rexchange_2_3": 0.0,
            "rexchange_4_4": 0.0,
            "rrelocate_3": 0.07894736528396606,
            "rrelocate_4": 0.0,
            "two_opt": 0.38461539149284363
        }
    },
    "last_improvement": 0,
    "name": "berlin52",
    "solution": {
        "fitness": 22642,
        "is_feasible": true,
        "permutation": [
            40,
            16,
            1,
            43,
            22,
            41,
            31,
            7,
            30,
            29,
            33,
            21,
            18,
            37,
            24,
            26,
            4,
            44,
            9,
            17,
            19,
            38,
            23,
            48,
            39,
            3,
            11,
            12,
            28,
            46,
            50,
            13,
            14,
            42,
            8,
            35,
            36,
            0,
            2,
            6,
            15,
            25,
            10,
            47,
            49,
            20,
            34,
            45,
            5,
            27,
            51,
            32
        ],
        "permutation_orig_ids": [
            "41",
            "17",
            "2",
            "44",
            "23",
            "42",
            "32",
            "8",
            "31",
            "30",
            "34",
            "22",
            "19",
            "38",
            "25",
            "27",
            "5",
            "45",
            "10",
            "18",
            "20",
            "39",
            "24",
            "49",
            "40",
            "4",
            "12",
            "13",
            "29",
            "47",
            "51",
            "14",
            "15",
            "43",
            "9",
            "36",
            "37",
            "1",
            "3",
            "7",
            "16",
            "26",
            "11",
            "48",
            "50",
            "21",
            "35",
            "46",
            "6",
            "28",
            "52",
            "33"
        ],
        "walk_orig_ids": [
            "41",
            "17",
            "2",
            "44",
            "23",
            "42",
            "32",
            "8",
            "31",
            "30",
            "34",
            "22",
            "19",
            "38",
            "25",
            "27",
            "5",
            "45",
            "10",
            "18",
            "20",
            "39",
            "24",
            "49",
            "40",
            "4",
            "12",
            "13",
            "29",
            "47",
            "51",
            "14",
            "15",
            "43",
            "9",
            "36",
            "37",
            "1",
            "3",
            "7",
            "16",
            "26",
            "11",
            "48",
            "50",
            "21",
            "35",
            "46",
            "6",
            "28",
            "52",
            "33"
        ],
        "walk_processing": [
            true,
            true,
            true,
            true,
            true,
            true,
            true,
            true,
            true,
            true,
            true,
            true,
            true,
            true,
            true,
            true,
            true,
            true,
            true,
            true,
            true,
            true,
            true,
            true,
            true,
            true,
            true,
            true,
            true,
            true,
            true,
            true,
            true,
            true,
            true,
            true,
            true,
            true,
            true,
            true,
            true,
            true,
            true,
            true,
            true,
            true,
            true,
            true,
            true,
            true,
            true,
            true
        ]
    },
    "steps": {
        "0": 22642
    },
    "timeout": 3
}