{
    "config": {
        "allow_infeasible": true,
        "construction": "random_replicate",
        "ils_k": 6,
        "local_search": "CVND",
        "metaheuristic": "ILS",
        "num_threads": 8,
        "operators": [
            "insert_1",
            "remove_1",
            "two_opt",
            "exchange_ids",
            "exchange_1_2",
            "exchange_2_2",
            "exchange_3_3",
            "exchange_3_4",
            "exchange_4_4",
            "rexchange_2_2",
            "rexchange_2_3",
            "rexchange_4_4",
            "centered_exchange_1",
            "relocate_1",
            "relocate_5",
            "rrelocate_3",
            "rrelocate_4",
            "move_all_by_1",
            "move_all_by_2"
        ],
        "perturbation": [
            "random_double_bridge"
        ],
        "stop_on_feasible": true,
        "timeout": 10
    },
    "histogram": {
        "all": {
            "centered_exchange_1": 40,
            "exchange_1_2": 40,
            "exchange_2_2": 40,
            "exchange_3_3": 40,
            "exchange_3_4": 40,
            "exchange_4_4": 40,
            "exchange_ids": 41,
            "insert_1": 57,
            "move_all_by_1": 36,
            "move_all_by_2": 35,
            "relocate_1": 38,
            "relocate_5": 38,
            "remove_1": 57,
            "rexchange_2_2": 40,
            "rexchange_2_3": 40,
            "rexchange_4_4": 40,
            "rrelocate_3": 38,
            "rrelocate_4": 38,
            "two_opt": 48
        },
        "improving": {
            "centered_exchange_1": 1,
            "exchange_1_2": 3,
            "exchange_2_2": 0,
            "exchange_3_3": 0,
            "exchange_3_4": 0,
            "exchange_4_4": 0,
            "exchange_ids": 13,
            "insert_1": 0,
            "move_all_by_1": 2,
            "move_all_by_2": 1,
            "relocate_1": 7,
            "relocate_5": 2,
            "remove_1": 0,
            "rexchange_2_2": 0,
            "rexchange_2_3": 0,
            "rexchange_4_4": 0,
            "rrelocate_3": 1,
            "rrelocate_4": 0,
            "two_opt": 21
        },
        "rate": {
            "centered_exchange_1": 0.02500000037252903,
            "exchange_1_2": 0.07500000298023224,
            "exchange_2_2": 0.0,
            "exchange_3_3": 0.0,
            "exchange_3_4": 0.0,
            "exchange_4_4": 0.0,
            "exchange_ids": 0.31707316637039185,
            "insert_1": 0.0,
            "move_all_by_1": 0.0555555559694767,
            "move_all_by_2": 0.02857142873108387,
            "relocate_1": 0.18421052396297455,
            "relocate_5": 0.05263157933950424,
            "remove_1": 0.0,
            "rexchange_2_2": 0.0,
            "rexchange_2_3": 0.0,
            "rexchange_4_4": 0.0,
            "rrelocate_3": 0.02631578966975212,
            "rrelocate_4": 0.0,
            "two_opt": 0.4375
        }
    },
    "last_improvement": 0,
    "name": "random-10-2.10-11",
    "solution": {
        "fitness": 1084,
        "is_feasible": true,
        "permutation": [
            0,
            2,
            9,
            8,
            3,
            4,
            6,
            7,
            5,
            1
        ],
        "permutation_orig_ids": [
            "1",
            "3",
            "10",
            "9",
            "4",
            "5",
            "7",
            "8",
            "6",
            "2"
        ],
        "walk_orig_ids": [
            "1",
            "3",
            "10",
            "2",
            "1",
            "7",
            "9",
            "7",
            "4",
            "1",
            "5",
            "1",
            "7",
            "1",
            "3",
            "8",
            "3",
            "1",
            "2",
            "6",
            "2"
        ],
        "walk_processing": [
            true,
            true,
            true,
            false,
            false,
            false,
            true,
            false,
            true,
            false,
            true,
            false,
            true,
            false,
            false,
            true,
            false,
            false,
            false,
            true,
            true
        ]
    },
    "steps": {
        "0": 1084
    },
    "timeout": 10
}