{
    "config": {
        "allow_infeasible": true,
        "bvns_max_k": 8,
        "bvns_min_k": 1,
        "construction": "random",
        "local_search": "PVND",
        "metaheuristic": "BVNS",
        "num_threads": 8,
        "operators": [
            "insert_1",
            "two_opt",
            "exchange_ids",
            "exchange_1_2",
            "exchange_2_3",
            "exchange_2_4",
            "rexchange_2_2",
            "rexchange_2_4",
            "rexchange_3_3",
            "rexchange_3_4",
            "centered_exchange_1",
            "centered_exchange_4",
            "relocate_1",
            "relocate_2",
            "relocate_3",
            "relocate_4",
            "rrelocate_2",
            "rrelocate_4",
            "move_all_by_10"
        ],
        "perturbation": [
            "reinsert"
        ],
        "timeout": 1800
    },
    "histogram": {
        "all": {
            "centered_exchange_1": 61887,
            "centered_exchange_4": 61725,
            "exchange_1_2": 62772,
            "exchange_2_3": 61793,
            "exchange_2_4": 61791,
            "exchange_ids": 813479,
            "insert_1": 122261,
            "move_all_by_10": 61707,
            "relocate_1": 61918,
            "relocate_2": 61709,
            "relocate_3": 61698,
            "relocate_4": 61698,
            "rexchange_2_2": 62113,
            "rexchange_2_4": 61745,
            "rexchange_3_3": 61746,
            "rexchange_3_4": 61741,
            "rrelocate_2": 61734,
            "rrelocate_4": 61700,
            "two_opt": 839338
        },
        "improving": {
            "centered_exchange_1": 162,
            "centered_exchange_4": 0,
            "exchange_1_2": 986,
            "exchange_2_3": 7,
            "exchange_2_4": 5,
            "exchange_ids": 751526,
            "insert_1": 0,
            "move_all_by_10": 11,
            "relocate_1": 218,
            "relocate_2": 11,
            "relocate_3": 0,
            "relocate_4": 0,
            "rexchange_2_2": 370,
            "rexchange_2_4": 2,
            "rexchange_3_3": 5,
            "rexchange_3_4": 0,
            "rrelocate_2": 37,
            "rrelocate_4": 3,
            "two_opt": 717097
        },
        "rate": {
            "centered_exchange_1": 0.002617674181237817,
            "centered_exchange_4": 0.0,
            "exchange_1_2": 0.01570763997733593,
            "exchange_2_3": 0.00011328144319122657,
            "exchange_2_4": 8.09179327916354e-05,
            "exchange_ids": 0.9238418936729431,
            "insert_1": 0.0,
            "move_all_by_10": 0.00017826179100666195,
            "relocate_1": 0.0035207855980843306,
            "relocate_2": 0.0001782560138963163,
            "relocate_3": 0.0,
            "relocate_4": 0.0,
            "rexchange_2_2": 0.005956884939223528,
            "rexchange_2_4": 3.239128636778332e-05,
            "rexchange_3_3": 8.097690442809835e-05,
            "rexchange_3_4": 0.0,
            "rrelocate_2": 0.0005993455997668207,
            "rrelocate_4": 4.862236528424546e-05,
            "two_opt": 0.8543602228164673
        }
    },
    "last_improvement": 55,
    "name": "qap-tai40a.dat",
    "solution": {
        "solution": {
            "fitness": 3167666,
            "is_feasible": true,
            "permutation": [
                10,
                3,
                39,
                36,
                2,
                25,
                0,
                28,
                7,
                22,
                27,
                37,
                4,
                13,
                20,
                21,
                23,
                17,
                26,
                15,
                38,
                24,
                5,
                1,
                12,
                16,
                18,
                31,
                8,
                14,
                32,
                35,
                33,
                19,
                6,
                30,
                11,
                34,
                9,
                29
            ]
        }
    },
    "steps": {
        "0": 3237932,
        "2": 3234396,
        "24": 3169330,
        "27": 3168912,
        "3": 3227498,
        "5": 3197356,
        "55": 3167666
    },
    "timeout": 1800
}