{
    "config": {
        "allow_infeasible": true,
        "construction": "random_replicate",
        "ils_k": 6,
        "local_search": "CVND",
        "metaheuristic": "ILS",
        "num_threads": 8,
        "operators": [
            "insert_1",
            "remove_1",
            "two_opt",
            "exchange_ids",
            "exchange_1_2",
            "exchange_2_2",
            "exchange_3_3",
            "exchange_3_4",
            "exchange_4_4",
            "rexchange_2_2",
            "rexchange_2_3",
            "rexchange_4_4",
            "centered_exchange_1",
            "relocate_1",
            "relocate_5",
            "rrelocate_3",
            "rrelocate_4",
            "move_all_by_1",
            "move_all_by_2"
        ],
        "perturbation": [
            "random_double_bridge"
        ],
        "stop_on_feasible": true,
        "timeout": 3
    },
    "histogram": {
        "all": {
            "centered_exchange_1": 17,
            "exchange_1_2": 19,
            "exchange_2_2": 19,
            "exchange_3_3": 19,
            "exchange_3_4": 19,
            "exchange_4_4": 19,
            "exchange_ids": 19,
            "insert_1": 25,
            "move_all_by_1": 15,
            "move_all_by_2": 15,
            "relocate_1": 15,
            "relocate_5": 15,
            "remove_1": 25,
            "rexchange_2_2": 18,
            "rexchange_2_3": 17,
            "rexchange_4_4": 17,
            "rrelocate_3": 15,
            "rrelocate_4": 15,
            "two_opt": 22
        },
        "improving": {
            "centered_exchange_1": 1,
            "exchange_1_2": 2,
            "exchange_2_2": 1,
            "exchange_3_3": 0,
            "exchange_3_4": 1,
            "exchange_4_4": 0,
            "exchange_ids": 8,
            "insert_1": 0,
            "move_all_by_1": 1,
            "move_all_by_2": 2,
            "relocate_1": 4,
            "relocate_5": 3,
            "remove_1": 0,
            "rexchange_2_2": 4,
            "rexchange_2_3": 3,
            "rexchange_4_4": 1,
            "rrelocate_3": 2,
            "rrelocate_4": 0,
            "two_opt": 12
        },
        "rate": {
            "centered_exchange_1": 0.05882352963089943,
            "exchange_1_2": 0.10526315867900848,
            "exchange_2_2": 0.05263157933950424,
            "exchange_3_3": 0.0,
            "exchange_3_4": 0.05263157933950424,
            "exchange_4_4": 0.0,
            "exchange_ids": 0.42105263471603394,
            "insert_1": 0.0,
            "move_all_by_1": 0.06666667014360428,
            "move_all_by_2": 0.13333334028720856,
            "relocate_1": 0.2666666805744171,
            "relocate_5": 0.20000000298023224,
            "remove_1": 0.0,
            "rexchange_2_2": 0.2222222238779068,
            "rexchange_2_3": 0.1764705926179886,
            "rexchange_4_4": 0.05882352963089943,
            "rrelocate_3": 0.13333334028720856,
            "rrelocate_4": 0.0,
            "two_opt": 0.5454545617103577
        }
    },
    "last_improvement": 0,
    "name": "random-24-7.58-17",
    "solution": {
        "fitness": 804,
        "is_feasible": true,
        "permutation": [
            20,
            22,
            2,
            5,
            4,
            17,
            15,
            10,
            14,
            0,
            19,
            16,
            18,
            9,
            7,
            8,
            12,
            3,
            6,
            13,
            21,
            1,
            23,
            11
        ],
        "permutation_orig_ids": [
            "21",
            "23",
            "3",
            "6",
            "5",
            "18",
            "16",
            "11",
            "15",
            "1",
            "20",
            "17",
            "19",
            "10",
            "8",
            "9",
            "13",
            "4",
            "7",
            "14",
            "22",
            "2",
            "24",
            "12"
        ]
    },
    "steps": {
        "0": 804
    },
    "timeout": 3
}