{
    "config": {
        "allow_infeasible": true,
        "construction": "random_replicate",
        "ils_k": 6,
        "local_search": "CVND",
        "metaheuristic": "ILS",
        "num_threads": 8,
        "operators": [
            "insert_1",
            "remove_1",
            "two_opt",
            "exchange_ids",
            "exchange_1_2",
            "exchange_2_2",
            "exchange_3_3",
            "exchange_3_4",
            "exchange_4_4",
            "rexchange_2_2",
            "rexchange_2_3",
            "rexchange_4_4",
            "centered_exchange_1",
            "relocate_1",
            "relocate_5",
            "rrelocate_3",
            "rrelocate_4",
            "move_all_by_1",
            "move_all_by_2"
        ],
        "perturbation": [
            "random_double_bridge"
        ],
        "stop_on_feasible": true,
        "timeout": 3
    },
    "histogram": {
        "all": {
            "centered_exchange_1": 2379,
            "exchange_1_2": 2431,
            "exchange_2_2": 2424,
            "exchange_3_3": 2424,
            "exchange_3_4": 2420,
            "exchange_4_4": 2418,
            "exchange_ids": 2451,
            "insert_1": 3034,
            "move_all_by_1": 1815,
            "move_all_by_2": 1792,
            "relocate_1": 1939,
            "relocate_5": 1929,
            "remove_1": 3034,
            "rexchange_2_2": 2409,
            "rexchange_2_3": 2409,
            "rexchange_4_4": 2409,
            "rrelocate_3": 1896,
            "rrelocate_4": 1886,
            "two_opt": 2744
        },
        "improving": {
            "centered_exchange_1": 258,
            "exchange_1_2": 706,
            "exchange_2_2": 214,
            "exchange_3_3": 98,
            "exchange_3_4": 94,
            "exchange_4_4": 34,
            "exchange_ids": 1103,
            "insert_1": 0,
            "move_all_by_1": 242,
            "move_all_by_2": 137,
            "relocate_1": 964,
            "relocate_5": 133,
            "remove_1": 0,
            "rexchange_2_2": 168,
            "rexchange_2_3": 41,
            "rexchange_4_4": 0,
            "rrelocate_3": 213,
            "rrelocate_4": 56,
            "two_opt": 1360
        },
        "rate": {
            "centered_exchange_1": 0.10844893008470535,
            "exchange_1_2": 0.2904154658317566,
            "exchange_2_2": 0.08828382939100266,
            "exchange_3_3": 0.040429044514894485,
            "exchange_3_4": 0.038842976093292236,
            "exchange_4_4": 0.014061207883059978,
            "exchange_ids": 0.4500204026699066,
            "insert_1": 0.0,
            "move_all_by_1": 0.13333334028720856,
            "move_all_by_2": 0.0764508917927742,
            "relocate_1": 0.49716347455978394,
            "relocate_5": 0.06894764304161072,
            "remove_1": 0.0,
            "rexchange_2_2": 0.0697384774684906,
            "rexchange_2_3": 0.01701951026916504,
            "rexchange_4_4": 0.0,
            "rrelocate_3": 0.11234176903963089,
            "rrelocate_4": 0.029692471027374268,
            "two_opt": 0.495626837015152
        }
    },
    "last_improvement": 0,
    "name": "random-24-3.92-4",
    "solution": {
        "fitness": 1000894,
        "is_feasible": false,
        "permutation": [
            0,
            9,
            5,
            10,
            3,
            15,
            18,
            1,
            12,
            16,
            13,
            23,
            2,
            4,
            7,
            21,
            22,
            11,
            14,
            8,
            17,
            20,
            6,
            19
        ],
        "permutation_orig_ids": [
            "1",
            "10",
            "6",
            "11",
            "4",
            "16",
            "19",
            "2",
            "13",
            "17",
            "14",
            "24",
            "3",
            "5",
            "8",
            "22",
            "23",
            "12",
            "15",
            "9",
            "18",
            "21",
            "7",
            "20"
        ]
    },
    "steps": {
        "0": 1000894
    },
    "timeout": 3
}