{
    "config": {
        "allow_infeasible": true,
        "construction": "random_replicate",
        "ils_k": 6,
        "local_search": "CVND",
        "metaheuristic": "ILS",
        "num_threads": 8,
        "operators": [
            "insert_1",
            "remove_1",
            "two_opt",
            "exchange_ids",
            "exchange_1_2",
            "exchange_2_2",
            "exchange_3_3",
            "exchange_3_4",
            "exchange_4_4",
            "rexchange_2_2",
            "rexchange_2_3",
            "rexchange_4_4",
            "centered_exchange_1",
            "relocate_1",
            "relocate_5",
            "rrelocate_3",
            "rrelocate_4",
            "move_all_by_1",
            "move_all_by_2"
        ],
        "perturbation": [
            "random_double_bridge"
        ],
        "stop_on_feasible": true,
        "timeout": 3
    },
    "histogram": {
        "all": {
            "centered_exchange_1": 66,
            "exchange_1_2": 69,
            "exchange_2_2": 69,
            "exchange_3_3": 69,
            "exchange_3_4": 69,
            "exchange_4_4": 69,
            "exchange_ids": 70,
            "insert_1": 88,
            "move_all_by_1": 54,
            "move_all_by_2": 53,
            "relocate_1": 58,
            "relocate_5": 58,
            "remove_1": 88,
            "rexchange_2_2": 67,
            "rexchange_2_3": 67,
            "rexchange_4_4": 67,
            "rrelocate_3": 58,
            "rrelocate_4": 58,
            "two_opt": 75
        },
        "improving": {
            "centered_exchange_1": 11,
            "exchange_1_2": 24,
            "exchange_2_2": 9,
            "exchange_3_3": 3,
            "exchange_3_4": 1,
            "exchange_4_4": 0,
            "exchange_ids": 34,
            "insert_1": 0,
            "move_all_by_1": 12,
            "move_all_by_2": 3,
            "relocate_1": 28,
            "relocate_5": 4,
            "remove_1": 0,
            "rexchange_2_2": 12,
            "rexchange_2_3": 3,
            "rexchange_4_4": 0,
            "rrelocate_3": 10,
            "rrelocate_4": 5,
            "two_opt": 44
        },
        "rate": {
            "centered_exchange_1": 0.1666666716337204,
            "exchange_1_2": 0.3478260934352875,
            "exchange_2_2": 0.1304347813129425,
            "exchange_3_3": 0.043478261679410934,
            "exchange_3_4": 0.014492753893136978,
            "exchange_4_4": 0.0,
            "exchange_ids": 0.48571428656578064,
            "insert_1": 0.0,
            "move_all_by_1": 0.2222222238779068,
            "move_all_by_2": 0.056603774428367615,
            "relocate_1": 0.48275861144065857,
            "relocate_5": 0.06896551698446274,
            "remove_1": 0.0,
            "rexchange_2_2": 0.17910447716712952,
            "rexchange_2_3": 0.04477611929178238,
            "rexchange_4_4": 0.0,
            "rrelocate_3": 0.17241379618644714,
            "rrelocate_4": 0.08620689809322357,
            "two_opt": 0.5866666436195374
        }
    },
    "last_improvement": 0,
    "name": "random-24-7.08-7",
    "solution": {
        "fitness": 1184,
        "is_feasible": true,
        "permutation": [
            11,
            20,
            13,
            17,
            19,
            23,
            22,
            8,
            15,
            7,
            2,
            4,
            10,
            3,
            1,
            0,
            5,
            6,
            12,
            14,
            16,
            21,
            9,
            18
        ],
        "permutation_orig_ids": [
            "12",
            "21",
            "14",
            "18",
            "20",
            "24",
            "23",
            "9",
            "16",
            "8",
            "3",
            "5",
            "11",
            "4",
            "2",
            "1",
            "6",
            "7",
            "13",
            "15",
            "17",
            "22",
            "10",
            "19"
        ]
    },
    "steps": {
        "0": 1184
    },
    "timeout": 3
}