{
    "config": {
        "allow_infeasible": true,
        "construction": "random_replicate",
        "ils_k": 6,
        "local_search": "CVND",
        "metaheuristic": "ILS",
        "num_threads": 8,
        "operators": [
            "insert_1",
            "remove_1",
            "two_opt",
            "exchange_ids",
            "exchange_1_2",
            "exchange_2_2",
            "exchange_3_3",
            "exchange_3_4",
            "exchange_4_4",
            "rexchange_2_2",
            "rexchange_2_3",
            "rexchange_4_4",
            "centered_exchange_1",
            "relocate_1",
            "relocate_5",
            "rrelocate_3",
            "rrelocate_4",
            "move_all_by_1",
            "move_all_by_2"
        ],
        "perturbation": [
            "random_double_bridge"
        ],
        "stop_on_feasible": true,
        "timeout": 3
    },
    "histogram": {
        "all": {
            "centered_exchange_1": 2357,
            "exchange_1_2": 2490,
            "exchange_2_2": 2488,
            "exchange_3_3": 2487,
            "exchange_3_4": 2487,
            "exchange_4_4": 2481,
            "exchange_ids": 2531,
            "insert_1": 3244,
            "move_all_by_1": 1897,
            "move_all_by_2": 1882,
            "relocate_1": 2014,
            "relocate_5": 2003,
            "remove_1": 3244,
            "rexchange_2_2": 2445,
            "rexchange_2_3": 2424,
            "rexchange_4_4": 2424,
            "rrelocate_3": 1967,
            "rrelocate_4": 1944,
            "two_opt": 2910
        },
        "improving": {
            "centered_exchange_1": 355,
            "exchange_1_2": 641,
            "exchange_2_2": 173,
            "exchange_3_3": 77,
            "exchange_3_4": 78,
            "exchange_4_4": 47,
            "exchange_ids": 1195,
            "insert_1": 0,
            "move_all_by_1": 142,
            "move_all_by_2": 48,
            "relocate_1": 712,
            "relocate_5": 103,
            "remove_1": 0,
            "rexchange_2_2": 255,
            "rexchange_2_3": 174,
            "rexchange_4_4": 11,
            "rrelocate_3": 156,
            "rrelocate_4": 73,
            "two_opt": 1467
        },
        "rate": {
            "centered_exchange_1": 0.15061518549919128,
            "exchange_1_2": 0.25742971897125244,
            "exchange_2_2": 0.06953376531600952,
            "exchange_3_3": 0.030960997566580772,
            "exchange_3_4": 0.03136308863759041,
            "exchange_4_4": 0.018943974748253822,
            "exchange_ids": 0.4721454083919525,
            "insert_1": 0.0,
            "move_all_by_1": 0.07485503703355789,
            "move_all_by_2": 0.025504782795906067,
            "relocate_1": 0.353525310754776,
            "relocate_5": 0.05142286419868469,
            "remove_1": 0.0,
            "rexchange_2_2": 0.10429447889328003,
            "rexchange_2_3": 0.0717821791768074,
            "rexchange_4_4": 0.004537953995168209,
            "rrelocate_3": 0.07930859178304672,
            "rrelocate_4": 0.03755144029855728,
            "two_opt": 0.5041236877441406
        }
    },
    "last_improvement": 0,
    "name": "random-24-3.92-2",
    "solution": {
        "fitness": 2000614,
        "is_feasible": false,
        "permutation": [
            0,
            16,
            13,
            19,
            3,
            14,
            10,
            4,
            15,
            8,
            5,
            18,
            1,
            17,
            20,
            6,
            22,
            11,
            9,
            23,
            2,
            7,
            21,
            12
        ],
        "permutation_orig_ids": [
            "1",
            "17",
            "14",
            "20",
            "4",
            "15",
            "11",
            "5",
            "16",
            "9",
            "6",
            "19",
            "2",
            "18",
            "21",
            "7",
            "23",
            "12",
            "10",
            "24",
            "3",
            "8",
            "22",
            "13"
        ]
    },
    "steps": {
        "0": 2000614
    },
    "timeout": 3
}