{
    "config": {
        "allow_infeasible": true,
        "construction": "random_replicate",
        "ils_k": 6,
        "local_search": "CVND",
        "metaheuristic": "ILS",
        "num_threads": 8,
        "operators": [
            "insert_1",
            "remove_1",
            "two_opt",
            "exchange_ids",
            "exchange_1_2",
            "exchange_2_2",
            "exchange_3_3",
            "exchange_3_4",
            "exchange_4_4",
            "rexchange_2_2",
            "rexchange_2_3",
            "rexchange_4_4",
            "centered_exchange_1",
            "relocate_1",
            "relocate_5",
            "rrelocate_3",
            "rrelocate_4",
            "move_all_by_1",
            "move_all_by_2"
        ],
        "perturbation": [
            "random_double_bridge"
        ],
        "stop_on_feasible": true,
        "timeout": 3
    },
    "histogram": {
        "all": {
            "centered_exchange_1": 2167,
            "exchange_1_2": 2246,
            "exchange_2_2": 2237,
            "exchange_3_3": 2233,
            "exchange_3_4": 2227,
            "exchange_4_4": 2222,
            "exchange_ids": 2315,
            "insert_1": 2962,
            "move_all_by_1": 1704,
            "move_all_by_2": 1692,
            "relocate_1": 1799,
            "relocate_5": 1792,
            "remove_1": 2962,
            "rexchange_2_2": 2198,
            "rexchange_2_3": 2195,
            "rexchange_4_4": 2195,
            "rrelocate_3": 1762,
            "rrelocate_4": 1758,
            "two_opt": 2618
        },
        "improving": {
            "centered_exchange_1": 159,
            "exchange_1_2": 616,
            "exchange_2_2": 163,
            "exchange_3_3": 71,
            "exchange_3_4": 67,
            "exchange_4_4": 15,
            "exchange_ids": 1036,
            "insert_1": 0,
            "move_all_by_1": 97,
            "move_all_by_2": 31,
            "relocate_1": 643,
            "relocate_5": 62,
            "remove_1": 0,
            "rexchange_2_2": 233,
            "rexchange_2_3": 42,
            "rexchange_4_4": 1,
            "rrelocate_3": 114,
            "rrelocate_4": 24,
            "two_opt": 1349
        },
        "rate": {
            "centered_exchange_1": 0.07337332516908646,
            "exchange_1_2": 0.2742653489112854,
            "exchange_2_2": 0.07286544144153595,
            "exchange_3_3": 0.03179578855633736,
            "exchange_3_4": 0.03008531592786312,
            "exchange_4_4": 0.006750674918293953,
            "exchange_ids": 0.44751620292663574,
            "insert_1": 0.0,
            "move_all_by_1": 0.056924883276224136,
            "move_all_by_2": 0.018321512266993523,
            "relocate_1": 0.35742080211639404,
            "relocate_5": 0.0345982126891613,
            "remove_1": 0.0,
            "rexchange_2_2": 0.10600546002388,
            "rexchange_2_3": 0.01913439668715,
            "rexchange_4_4": 0.0004555808554869145,
            "rrelocate_3": 0.0646992027759552,
            "rrelocate_4": 0.013651876710355282,
            "two_opt": 0.5152788162231445
        }
    },
    "last_improvement": 0,
    "name": "random-24-2.58-15",
    "solution": {
        "fitness": 4000850,
        "is_feasible": false,
        "permutation": [
            6,
            20,
            0,
            14,
            1,
            10,
            18,
            9,
            15,
            13,
            2,
            19,
            21,
            23,
            12,
            8,
            4,
            7,
            5,
            11,
            22,
            17,
            16,
            3
        ],
        "permutation_orig_ids": [
            "7",
            "21",
            "1",
            "15",
            "2",
            "11",
            "19",
            "10",
            "16",
            "14",
            "3",
            "20",
            "22",
            "24",
            "13",
            "9",
            "5",
            "8",
            "6",
            "12",
            "23",
            "18",
            "17",
            "4"
        ]
    },
    "steps": {
        "0": 4000850
    },
    "timeout": 3
}