{
    "config": {
        "allow_infeasible": true,
        "construction": "random_replicate",
        "ils_k": 6,
        "local_search": "CVND",
        "metaheuristic": "ILS",
        "num_threads": 8,
        "operators": [
            "insert_1",
            "remove_1",
            "two_opt",
            "exchange_ids",
            "exchange_1_2",
            "exchange_2_2",
            "exchange_3_3",
            "exchange_3_4",
            "exchange_4_4",
            "rexchange_2_2",
            "rexchange_2_3",
            "rexchange_4_4",
            "centered_exchange_1",
            "relocate_1",
            "relocate_5",
            "rrelocate_3",
            "rrelocate_4",
            "move_all_by_1",
            "move_all_by_2"
        ],
        "perturbation": [
            "random_double_bridge"
        ],
        "stop_on_feasible": true,
        "timeout": 3
    },
    "histogram": {
        "all": {
            "centered_exchange_1": 2063,
            "exchange_1_2": 2178,
            "exchange_2_2": 2173,
            "exchange_3_3": 2172,
            "exchange_3_4": 2170,
            "exchange_4_4": 2168,
            "exchange_ids": 2209,
            "insert_1": 2718,
            "move_all_by_1": 1558,
            "move_all_by_2": 1551,
            "relocate_1": 1726,
            "relocate_5": 1700,
            "remove_1": 2718,
            "rexchange_2_2": 2133,
            "rexchange_2_3": 2133,
            "rexchange_4_4": 2133,
            "rrelocate_3": 1669,
            "rrelocate_4": 1663,
            "two_opt": 2451
        },
        "improving": {
            "centered_exchange_1": 278,
            "exchange_1_2": 596,
            "exchange_2_2": 156,
            "exchange_3_3": 41,
            "exchange_3_4": 36,
            "exchange_4_4": 8,
            "exchange_ids": 981,
            "insert_1": 0,
            "move_all_by_1": 161,
            "move_all_by_2": 39,
            "relocate_1": 668,
            "relocate_5": 81,
            "remove_1": 0,
            "rexchange_2_2": 240,
            "rexchange_2_3": 48,
            "rexchange_4_4": 0,
            "rrelocate_3": 178,
            "rrelocate_4": 35,
            "two_opt": 1274
        },
        "rate": {
            "centered_exchange_1": 0.1347552090883255,
            "exchange_1_2": 0.2736455500125885,
            "exchange_2_2": 0.07179015129804611,
            "exchange_3_3": 0.018876612186431885,
            "exchange_3_4": 0.01658986136317253,
            "exchange_4_4": 0.0036900369450449944,
            "exchange_ids": 0.44409236311912537,
            "insert_1": 0.0,
            "move_all_by_1": 0.1033376157283783,
            "move_all_by_2": 0.025145066902041435,
            "relocate_1": 0.3870220184326172,
            "relocate_5": 0.047647058963775635,
            "remove_1": 0.0,
            "rexchange_2_2": 0.1125175803899765,
            "rexchange_2_3": 0.02250351570546627,
            "rexchange_4_4": 0.0,
            "rrelocate_3": 0.1066506877541542,
            "rrelocate_4": 0.02104630134999752,
            "two_opt": 0.5197878479957581
        }
    },
    "last_improvement": 0,
    "name": "random-24-2.75-12",
    "solution": {
        "fitness": 2000836,
        "is_feasible": false,
        "permutation": [
            15,
            3,
            7,
            2,
            11,
            21,
            4,
            0,
            10,
            23,
            6,
            20,
            17,
            16,
            5,
            1,
            19,
            13,
            14,
            8,
            9,
            12,
            18,
            22
        ],
        "permutation_orig_ids": [
            "16",
            "4",
            "8",
            "3",
            "12",
            "22",
            "5",
            "1",
            "11",
            "24",
            "7",
            "21",
            "18",
            "17",
            "6",
            "2",
            "20",
            "14",
            "15",
            "9",
            "10",
            "13",
            "19",
            "23"
        ]
    },
    "steps": {
        "0": 2000836
    },
    "timeout": 3
}