{
    "config": {
        "allow_infeasible": true,
        "construction": "random_replicate",
        "ils_k": 6,
        "local_search": "CVND",
        "metaheuristic": "ILS",
        "num_threads": 8,
        "operators": [
            "insert_1",
            "remove_1",
            "two_opt",
            "exchange_ids",
            "exchange_1_2",
            "exchange_2_2",
            "exchange_3_3",
            "exchange_3_4",
            "exchange_4_4",
            "rexchange_2_2",
            "rexchange_2_3",
            "rexchange_4_4",
            "centered_exchange_1",
            "relocate_1",
            "relocate_5",
            "rrelocate_3",
            "rrelocate_4",
            "move_all_by_1",
            "move_all_by_2"
        ],
        "perturbation": [
            "random_double_bridge"
        ],
        "stop_on_feasible": true,
        "timeout": 3
    },
    "histogram": {
        "all": {
            "centered_exchange_1": 2134,
            "exchange_1_2": 2256,
            "exchange_2_2": 2251,
            "exchange_3_3": 2248,
            "exchange_3_4": 2248,
            "exchange_4_4": 2248,
            "exchange_ids": 2362,
            "insert_1": 2970,
            "move_all_by_1": 1722,
            "move_all_by_2": 1704,
            "relocate_1": 1801,
            "relocate_5": 1794,
            "remove_1": 2970,
            "rexchange_2_2": 2180,
            "rexchange_2_3": 2173,
            "rexchange_4_4": 2173,
            "rrelocate_3": 1771,
            "rrelocate_4": 1768,
            "two_opt": 2603
        },
        "improving": {
            "centered_exchange_1": 163,
            "exchange_1_2": 619,
            "exchange_2_2": 128,
            "exchange_3_3": 98,
            "exchange_3_4": 98,
            "exchange_4_4": 11,
            "exchange_ids": 943,
            "insert_1": 0,
            "move_all_by_1": 106,
            "move_all_by_2": 52,
            "relocate_1": 653,
            "relocate_5": 52,
            "remove_1": 0,
            "rexchange_2_2": 290,
            "rexchange_2_3": 70,
            "rexchange_4_4": 4,
            "rrelocate_3": 126,
            "rrelocate_4": 42,
            "two_opt": 1378
        },
        "rate": {
            "centered_exchange_1": 0.07638238370418549,
            "exchange_1_2": 0.2743794322013855,
            "exchange_2_2": 0.05686361715197563,
            "exchange_3_3": 0.04359430447220802,
            "exchange_3_4": 0.04359430447220802,
            "exchange_4_4": 0.00489323865622282,
            "exchange_ids": 0.3992379307746887,
            "insert_1": 0.0,
            "move_all_by_1": 0.06155632808804512,
            "move_all_by_2": 0.030516432598233223,
            "relocate_1": 0.36257633566856384,
            "relocate_5": 0.028985507786273956,
            "remove_1": 0.0,
            "rexchange_2_2": 0.13302752375602722,
            "rexchange_2_3": 0.03221353143453598,
            "rexchange_4_4": 0.0018407731549814343,
            "rrelocate_3": 0.07114624232053757,
            "rrelocate_4": 0.02375565655529499,
            "two_opt": 0.5293891429901123
        }
    },
    "last_improvement": 0,
    "name": "random-24-2.50-7",
    "solution": {
        "fitness": 3000985,
        "is_feasible": false,
        "permutation": [
            0,
            1,
            20,
            5,
            13,
            8,
            11,
            9,
            17,
            23,
            16,
            3,
            15,
            19,
            6,
            21,
            22,
            4,
            10,
            7,
            2,
            18,
            12,
            14
        ],
        "permutation_orig_ids": [
            "1",
            "2",
            "21",
            "6",
            "14",
            "9",
            "12",
            "10",
            "18",
            "24",
            "17",
            "4",
            "16",
            "20",
            "7",
            "22",
            "23",
            "5",
            "11",
            "8",
            "3",
            "19",
            "13",
            "15"
        ]
    },
    "steps": {
        "0": 3000985
    },
    "timeout": 3
}