{
    "config": {
        "allow_infeasible": true,
        "construction": "random_replicate",
        "ils_k": 6,
        "local_search": "CVND",
        "metaheuristic": "ILS",
        "num_threads": 8,
        "operators": [
            "insert_1",
            "remove_1",
            "two_opt",
            "exchange_ids",
            "exchange_1_2",
            "exchange_2_2",
            "exchange_3_3",
            "exchange_3_4",
            "exchange_4_4",
            "rexchange_2_2",
            "rexchange_2_3",
            "rexchange_4_4",
            "centered_exchange_1",
            "relocate_1",
            "relocate_5",
            "rrelocate_3",
            "rrelocate_4",
            "move_all_by_1",
            "move_all_by_2"
        ],
        "perturbation": [
            "random_double_bridge"
        ],
        "stop_on_feasible": true,
        "timeout": 3
    },
    "histogram": {
        "all": {
            "centered_exchange_1": 864,
            "exchange_1_2": 916,
            "exchange_2_2": 915,
            "exchange_3_3": 912,
            "exchange_3_4": 909,
            "exchange_4_4": 909,
            "exchange_ids": 926,
            "insert_1": 1110,
            "move_all_by_1": 683,
            "move_all_by_2": 666,
            "relocate_1": 759,
            "relocate_5": 750,
            "remove_1": 1110,
            "rexchange_2_2": 887,
            "rexchange_2_3": 883,
            "rexchange_4_4": 883,
            "rrelocate_3": 716,
            "rrelocate_4": 710,
            "two_opt": 1000
        },
        "improving": {
            "centered_exchange_1": 127,
            "exchange_1_2": 290,
            "exchange_2_2": 109,
            "exchange_3_3": 67,
            "exchange_3_4": 56,
            "exchange_4_4": 18,
            "exchange_ids": 401,
            "insert_1": 0,
            "move_all_by_1": 87,
            "move_all_by_2": 56,
            "relocate_1": 322,
            "relocate_5": 75,
            "remove_1": 0,
            "rexchange_2_2": 163,
            "rexchange_2_3": 71,
            "rexchange_4_4": 3,
            "rrelocate_3": 148,
            "rrelocate_4": 36,
            "two_opt": 510
        },
        "rate": {
            "centered_exchange_1": 0.14699074625968933,
            "exchange_1_2": 0.31659388542175293,
            "exchange_2_2": 0.11912568658590317,
            "exchange_3_3": 0.07346491515636444,
            "exchange_3_4": 0.061606161296367645,
            "exchange_4_4": 0.019801979884505272,
            "exchange_ids": 0.433045357465744,
            "insert_1": 0.0,
            "move_all_by_1": 0.12737920880317688,
            "move_all_by_2": 0.08408408612012863,
            "relocate_1": 0.42424243688583374,
            "relocate_5": 0.10000000149011612,
            "remove_1": 0.0,
            "rexchange_2_2": 0.1837655007839203,
            "rexchange_2_3": 0.08040770143270493,
            "rexchange_4_4": 0.0033975085243582726,
            "rrelocate_3": 0.20670391619205475,
            "rrelocate_4": 0.050704225897789,
            "two_opt": 0.5099999904632568
        }
    },
    "last_improvement": 1,
    "name": "random-24-6.92-4",
    "solution": {
        "fitness": 827,
        "is_feasible": true,
        "permutation": [
            3,
            21,
            22,
            7,
            14,
            15,
            8,
            1,
            9,
            13,
            23,
            5,
            16,
            10,
            6,
            12,
            17,
            20,
            18,
            11,
            4,
            19,
            0,
            2
        ],
        "permutation_orig_ids": [
            "4",
            "22",
            "23",
            "8",
            "15",
            "16",
            "9",
            "2",
            "10",
            "14",
            "24",
            "6",
            "17",
            "11",
            "7",
            "13",
            "18",
            "21",
            "19",
            "12",
            "5",
            "20",
            "1",
            "3"
        ]
    },
    "steps": {
        "0": 1000600,
        "1": 827
    },
    "timeout": 3
}