{
    "config": {
        "allow_infeasible": true,
        "construction": "random_replicate",
        "ils_k": 6,
        "local_search": "CVND",
        "metaheuristic": "ILS",
        "num_threads": 8,
        "operators": [
            "insert_1",
            "remove_1",
            "two_opt",
            "exchange_ids",
            "exchange_1_2",
            "exchange_2_2",
            "exchange_3_3",
            "exchange_3_4",
            "exchange_4_4",
            "rexchange_2_2",
            "rexchange_2_3",
            "rexchange_4_4",
            "centered_exchange_1",
            "relocate_1",
            "relocate_5",
            "rrelocate_3",
            "rrelocate_4",
            "move_all_by_1",
            "move_all_by_2"
        ],
        "perturbation": [
            "random_double_bridge"
        ],
        "stop_on_feasible": true,
        "timeout": 3
    },
    "histogram": {
        "all": {
            "centered_exchange_1": 2091,
            "exchange_1_2": 2201,
            "exchange_2_2": 2179,
            "exchange_3_3": 2177,
            "exchange_3_4": 2172,
            "exchange_4_4": 2172,
            "exchange_ids": 2256,
            "insert_1": 2719,
            "move_all_by_1": 1567,
            "move_all_by_2": 1558,
            "relocate_1": 1687,
            "relocate_5": 1666,
            "remove_1": 2719,
            "rexchange_2_2": 2151,
            "rexchange_2_3": 2148,
            "rexchange_4_4": 2148,
            "rrelocate_3": 1620,
            "rrelocate_4": 1612,
            "two_opt": 2488
        },
        "improving": {
            "centered_exchange_1": 239,
            "exchange_1_2": 616,
            "exchange_2_2": 186,
            "exchange_3_3": 85,
            "exchange_3_4": 97,
            "exchange_4_4": 28,
            "exchange_ids": 1016,
            "insert_1": 0,
            "move_all_by_1": 129,
            "move_all_by_2": 55,
            "relocate_1": 756,
            "relocate_5": 103,
            "remove_1": 0,
            "rexchange_2_2": 287,
            "rexchange_2_3": 66,
            "rexchange_4_4": 8,
            "rrelocate_3": 153,
            "rrelocate_4": 40,
            "two_opt": 1218
        },
        "rate": {
            "centered_exchange_1": 0.11429937928915024,
            "exchange_1_2": 0.2798727750778198,
            "exchange_2_2": 0.08536025881767273,
            "exchange_3_3": 0.03904455527663231,
            "exchange_3_4": 0.04465930163860321,
            "exchange_4_4": 0.012891344726085663,
            "exchange_ids": 0.45035460591316223,
            "insert_1": 0.0,
            "move_all_by_1": 0.08232291042804718,
            "move_all_by_2": 0.03530167043209076,
            "relocate_1": 0.44813278317451477,
            "relocate_5": 0.061824731528759,
            "remove_1": 0.0,
            "rexchange_2_2": 0.13342630863189697,
            "rexchange_2_3": 0.03072625771164894,
            "rexchange_4_4": 0.0037243948318064213,
            "rrelocate_3": 0.09444444626569748,
            "rrelocate_4": 0.024813896045088768,
            "two_opt": 0.489549845457077
        }
    },
    "last_improvement": 1,
    "name": "random-24-2.83-2",
    "solution": {
        "fitness": 1000801,
        "is_feasible": false,
        "permutation": [
            11,
            4,
            13,
            15,
            8,
            20,
            18,
            5,
            7,
            16,
            0,
            9,
            6,
            22,
            23,
            2,
            3,
            19,
            10,
            1,
            14,
            21,
            12,
            17
        ],
        "permutation_orig_ids": [
            "12",
            "5",
            "14",
            "16",
            "9",
            "21",
            "19",
            "6",
            "8",
            "17",
            "1",
            "10",
            "7",
            "23",
            "24",
            "3",
            "4",
            "20",
            "11",
            "2",
            "15",
            "22",
            "13",
            "18"
        ]
    },
    "steps": {
        "0": 1000859,
        "1": 1000801
    },
    "timeout": 3
}