{
    "config": {
        "allow_infeasible": true,
        "construction": "random_replicate",
        "ils_k": 6,
        "local_search": "CVND",
        "metaheuristic": "ILS",
        "num_threads": 8,
        "operators": [
            "insert_1",
            "remove_1",
            "two_opt",
            "exchange_ids",
            "exchange_1_2",
            "exchange_2_2",
            "exchange_3_3",
            "exchange_3_4",
            "exchange_4_4",
            "rexchange_2_2",
            "rexchange_2_3",
            "rexchange_4_4",
            "centered_exchange_1",
            "relocate_1",
            "relocate_5",
            "rrelocate_3",
            "rrelocate_4",
            "move_all_by_1",
            "move_all_by_2"
        ],
        "perturbation": [
            "random_double_bridge"
        ],
        "stop_on_feasible": true,
        "timeout": 3
    },
    "histogram": {
        "all": {
            "centered_exchange_1": 2597,
            "exchange_1_2": 2759,
            "exchange_2_2": 2748,
            "exchange_3_3": 2747,
            "exchange_3_4": 2732,
            "exchange_4_4": 2732,
            "exchange_ids": 2798,
            "insert_1": 3423,
            "move_all_by_1": 2001,
            "move_all_by_2": 1968,
            "relocate_1": 2198,
            "relocate_5": 2181,
            "remove_1": 3423,
            "rexchange_2_2": 2648,
            "rexchange_2_3": 2630,
            "rexchange_4_4": 2630,
            "rrelocate_3": 2113,
            "rrelocate_4": 2098,
            "two_opt": 3068
        },
        "improving": {
            "centered_exchange_1": 321,
            "exchange_1_2": 811,
            "exchange_2_2": 223,
            "exchange_3_3": 116,
            "exchange_3_4": 101,
            "exchange_4_4": 14,
            "exchange_ids": 1209,
            "insert_1": 0,
            "move_all_by_1": 240,
            "move_all_by_2": 127,
            "relocate_1": 928,
            "relocate_5": 78,
            "remove_1": 0,
            "rexchange_2_2": 443,
            "rexchange_2_3": 124,
            "rexchange_4_4": 5,
            "rrelocate_3": 216,
            "rrelocate_4": 85,
            "two_opt": 1551
        },
        "rate": {
            "centered_exchange_1": 0.12360415607690811,
            "exchange_1_2": 0.2939470708370209,
            "exchange_2_2": 0.08114992827177048,
            "exchange_3_3": 0.042227886617183685,
            "exchange_3_4": 0.036969251930713654,
            "exchange_4_4": 0.0051244511269032955,
            "exchange_ids": 0.43209436535835266,
            "insert_1": 0.0,
            "move_all_by_1": 0.11994002759456635,
            "move_all_by_2": 0.06453251838684082,
            "relocate_1": 0.4222019910812378,
            "relocate_5": 0.03576341271400452,
            "remove_1": 0.0,
            "rexchange_2_2": 0.16729606688022614,
            "rexchange_2_3": 0.047148287296295166,
            "rexchange_4_4": 0.0019011406693607569,
            "rrelocate_3": 0.10222432762384415,
            "rrelocate_4": 0.04051477462053299,
            "two_opt": 0.5055410861968994
        }
    },
    "last_improvement": 2,
    "name": "random-24-5.08-2",
    "solution": {
        "fitness": 1000604,
        "is_feasible": false,
        "permutation": [
            0,
            16,
            7,
            22,
            6,
            13,
            19,
            3,
            14,
            10,
            4,
            15,
            20,
            5,
            18,
            1,
            17,
            11,
            8,
            23,
            9,
            2,
            21,
            12
        ],
        "permutation_orig_ids": [
            "1",
            "17",
            "8",
            "23",
            "7",
            "14",
            "20",
            "4",
            "15",
            "11",
            "5",
            "16",
            "21",
            "6",
            "19",
            "2",
            "18",
            "12",
            "9",
            "24",
            "10",
            "3",
            "22",
            "13"
        ]
    },
    "steps": {
        "0": 1000622,
        "2": 1000604
    },
    "timeout": 3
}