{
    "config": {
        "allow_infeasible": true,
        "construction": "random_replicate",
        "ils_k": 6,
        "local_search": "CVND",
        "metaheuristic": "ILS",
        "num_threads": 8,
        "operators": [
            "insert_1",
            "remove_1",
            "two_opt",
            "exchange_ids",
            "exchange_1_2",
            "exchange_2_2",
            "exchange_3_3",
            "exchange_3_4",
            "exchange_4_4",
            "rexchange_2_2",
            "rexchange_2_3",
            "rexchange_4_4",
            "centered_exchange_1",
            "relocate_1",
            "relocate_5",
            "rrelocate_3",
            "rrelocate_4",
            "move_all_by_1",
            "move_all_by_2"
        ],
        "perturbation": [
            "random_double_bridge"
        ],
        "stop_on_feasible": true,
        "timeout": 3
    },
    "histogram": {
        "all": {
            "centered_exchange_1": 60,
            "exchange_1_2": 64,
            "exchange_2_2": 64,
            "exchange_3_3": 64,
            "exchange_3_4": 63,
            "exchange_4_4": 63,
            "exchange_ids": 64,
            "insert_1": 74,
            "move_all_by_1": 48,
            "move_all_by_2": 44,
            "relocate_1": 50,
            "relocate_5": 49,
            "remove_1": 74,
            "rexchange_2_2": 63,
            "rexchange_2_3": 63,
            "rexchange_4_4": 63,
            "rrelocate_3": 49,
            "rrelocate_4": 49,
            "two_opt": 71
        },
        "improving": {
            "centered_exchange_1": 6,
            "exchange_1_2": 12,
            "exchange_2_2": 6,
            "exchange_3_3": 5,
            "exchange_3_4": 8,
            "exchange_4_4": 2,
            "exchange_ids": 32,
            "insert_1": 0,
            "move_all_by_1": 8,
            "move_all_by_2": 7,
            "relocate_1": 26,
            "relocate_5": 7,
            "remove_1": 0,
            "rexchange_2_2": 10,
            "rexchange_2_3": 3,
            "rexchange_4_4": 0,
            "rrelocate_3": 6,
            "rrelocate_4": 2,
            "two_opt": 32
        },
        "rate": {
            "centered_exchange_1": 0.10000000149011612,
            "exchange_1_2": 0.1875,
            "exchange_2_2": 0.09375,
            "exchange_3_3": 0.078125,
            "exchange_3_4": 0.1269841343164444,
            "exchange_4_4": 0.0317460335791111,
            "exchange_ids": 0.5,
            "insert_1": 0.0,
            "move_all_by_1": 0.1666666716337204,
            "move_all_by_2": 0.15909090638160706,
            "relocate_1": 0.5199999809265137,
            "relocate_5": 0.1428571492433548,
            "remove_1": 0.0,
            "rexchange_2_2": 0.1587301641702652,
            "rexchange_2_3": 0.0476190485060215,
            "rexchange_4_4": 0.0,
            "rrelocate_3": 0.12244898080825806,
            "rrelocate_4": 0.040816325694322586,
            "two_opt": 0.4507042169570923
        }
    },
    "last_improvement": 0,
    "name": "random-24-7.42-0",
    "solution": {
        "fitness": 868,
        "is_feasible": true,
        "permutation": [
            19,
            10,
            9,
            12,
            1,
            17,
            11,
            8,
            0,
            18,
            22,
            16,
            14,
            5,
            21,
            2,
            13,
            20,
            6,
            4,
            3,
            23,
            7,
            15
        ],
        "permutation_orig_ids": [
            "20",
            "11",
            "10",
            "13",
            "2",
            "18",
            "12",
            "9",
            "1",
            "19",
            "23",
            "17",
            "15",
            "6",
            "22",
            "3",
            "14",
            "21",
            "7",
            "5",
            "4",
            "24",
            "8",
            "16"
        ]
    },
    "steps": {
        "0": 868
    },
    "timeout": 3
}