{
    "config": {
        "allow_infeasible": true,
        "construction": "random_replicate",
        "ils_k": 6,
        "local_search": "CVND",
        "metaheuristic": "ILS",
        "num_threads": 8,
        "operators": [
            "insert_1",
            "remove_1",
            "two_opt",
            "exchange_ids",
            "exchange_1_2",
            "exchange_2_2",
            "exchange_3_3",
            "exchange_3_4",
            "exchange_4_4",
            "rexchange_2_2",
            "rexchange_2_3",
            "rexchange_4_4",
            "centered_exchange_1",
            "relocate_1",
            "relocate_5",
            "rrelocate_3",
            "rrelocate_4",
            "move_all_by_1",
            "move_all_by_2"
        ],
        "perturbation": [
            "random_double_bridge"
        ],
        "stop_on_feasible": true,
        "timeout": 3
    },
    "histogram": {
        "all": {
            "centered_exchange_1": 1237,
            "exchange_1_2": 1347,
            "exchange_2_2": 1340,
            "exchange_3_3": 1337,
            "exchange_3_4": 1335,
            "exchange_4_4": 1335,
            "exchange_ids": 1404,
            "insert_1": 1907,
            "move_all_by_1": 1088,
            "move_all_by_2": 1084,
            "relocate_1": 1110,
            "relocate_5": 1099,
            "remove_1": 1907,
            "rexchange_2_2": 1275,
            "rexchange_2_3": 1266,
            "rexchange_4_4": 1266,
            "rrelocate_3": 1094,
            "rrelocate_4": 1093,
            "two_opt": 1598
        },
        "improving": {
            "centered_exchange_1": 51,
            "exchange_1_2": 243,
            "exchange_2_2": 36,
            "exchange_3_3": 8,
            "exchange_3_4": 10,
            "exchange_4_4": 1,
            "exchange_ids": 519,
            "insert_1": 0,
            "move_all_by_1": 8,
            "move_all_by_2": 5,
            "relocate_1": 186,
            "relocate_5": 20,
            "remove_1": 0,
            "rexchange_2_2": 129,
            "rexchange_2_3": 21,
            "rexchange_4_4": 0,
            "rrelocate_3": 13,
            "rrelocate_4": 1,
            "two_opt": 837
        },
        "rate": {
            "centered_exchange_1": 0.041228778660297394,
            "exchange_1_2": 0.18040089309215546,
            "exchange_2_2": 0.026865672320127487,
            "exchange_3_3": 0.005983545444905758,
            "exchange_3_4": 0.00749063678085804,
            "exchange_4_4": 0.000749063678085804,
            "exchange_ids": 0.36965811252593994,
            "insert_1": 0.0,
            "move_all_by_1": 0.007352941203862429,
            "move_all_by_2": 0.004612545948475599,
            "relocate_1": 0.16756756603717804,
            "relocate_5": 0.01819836162030697,
            "remove_1": 0.0,
            "rexchange_2_2": 0.10117647051811218,
            "rexchange_2_3": 0.016587678343057632,
            "rexchange_4_4": 0.0,
            "rrelocate_3": 0.011882998049259186,
            "rrelocate_4": 0.0009149130783043802,
            "two_opt": 0.5237797498703003
        }
    },
    "last_improvement": 3,
    "name": "random-24-0.17-11",
    "solution": {
        "fitness": 12000407,
        "is_feasible": false,
        "permutation": [
            4,
            20,
            19,
            12,
            7,
            18,
            9,
            6,
            14,
            21,
            8,
            0,
            23,
            10,
            15,
            22,
            5,
            17,
            3,
            1,
            2,
            11,
            13,
            16
        ],
        "permutation_orig_ids": [
            "5",
            "21",
            "20",
            "13",
            "8",
            "19",
            "10",
            "7",
            "15",
            "22",
            "9",
            "1",
            "24",
            "11",
            "16",
            "23",
            "6",
            "18",
            "4",
            "2",
            "3",
            "12",
            "14",
            "17"
        ]
    },
    "steps": {
        "0": 12000421,
        "3": 12000407
    },
    "timeout": 3
}