{
    "config": {
        "allow_infeasible": true,
        "construction": "random_replicate",
        "ils_k": 6,
        "local_search": "CVND",
        "metaheuristic": "ILS",
        "num_threads": 8,
        "operators": [
            "insert_1",
            "remove_1",
            "two_opt",
            "exchange_ids",
            "exchange_1_2",
            "exchange_2_2",
            "exchange_3_3",
            "exchange_3_4",
            "exchange_4_4",
            "rexchange_2_2",
            "rexchange_2_3",
            "rexchange_4_4",
            "centered_exchange_1",
            "relocate_1",
            "relocate_5",
            "rrelocate_3",
            "rrelocate_4",
            "move_all_by_1",
            "move_all_by_2"
        ],
        "perturbation": [
            "random_double_bridge"
        ],
        "stop_on_feasible": true,
        "timeout": 100
    },
    "histogram": {
        "all": {
            "centered_exchange_1": 4,
            "exchange_1_2": 4,
            "exchange_2_2": 4,
            "exchange_3_3": 4,
            "exchange_3_4": 4,
            "exchange_4_4": 4,
            "exchange_ids": 4,
            "insert_1": 4,
            "move_all_by_1": 3,
            "move_all_by_2": 3,
            "relocate_1": 4,
            "relocate_5": 3,
            "remove_1": 4,
            "rexchange_2_2": 4,
            "rexchange_2_3": 4,
            "rexchange_4_4": 4,
            "rrelocate_3": 3,
            "rrelocate_4": 3,
            "two_opt": 4
        },
        "improving": {
            "centered_exchange_1": 4,
            "exchange_1_2": 4,
            "exchange_2_2": 4,
            "exchange_3_3": 4,
            "exchange_3_4": 3,
            "exchange_4_4": 3,
            "exchange_ids": 4,
            "insert_1": 0,
            "move_all_by_1": 3,
            "move_all_by_2": 3,
            "relocate_1": 4,
            "relocate_5": 3,
            "remove_1": 0,
            "rexchange_2_2": 4,
            "rexchange_2_3": 4,
            "rexchange_4_4": 4,
            "rrelocate_3": 3,
            "rrelocate_4": 3,
            "two_opt": 4
        },
        "rate": {
            "centered_exchange_1": 1.0,
            "exchange_1_2": 1.0,
            "exchange_2_2": 1.0,
            "exchange_3_3": 1.0,
            "exchange_3_4": 0.75,
            "exchange_4_4": 0.75,
            "exchange_ids": 1.0,
            "insert_1": 0.0,
            "move_all_by_1": 1.0,
            "move_all_by_2": 1.0,
            "relocate_1": 1.0,
            "relocate_5": 1.0,
            "remove_1": 0.0,
            "rexchange_2_2": 1.0,
            "rexchange_2_3": 1.0,
            "rexchange_4_4": 1.0,
            "rrelocate_3": 1.0,
            "rrelocate_4": 1.0,
            "two_opt": 1.0
        }
    },
    "last_improvement": 70,
    "name": "random-100-9.96-1",
    "solution": {
        "fitness": 5631,
        "is_feasible": true,
        "permutation": [
            79,
            10,
            92,
            78,
            19,
            25,
            89,
            6,
            51,
            35,
            53,
            38,
            48,
            22,
            82,
            60,
            62,
            71,
            97,
            28,
            12,
            37,
            80,
            21,
            8,
            26,
            14,
            42,
            2,
            56,
            84,
            63,
            31,
            54,
            85,
            13,
            20,
            41,
            4,
            58,
            49,
            95,
            98,
            32,
            9,
            17,
            15,
            64,
            83,
            46,
            67,
            0,
            93,
            33,
            87,
            16,
            47,
            11,
            75,
            69,
            88,
            52,
            3,
            68,
            66,
            1,
            24,
            70,
            55,
            61,
            29,
            23,
            90,
            59,
            30,
            65,
            44,
            91,
            94,
            39,
            50,
            77,
            36,
            81,
            34,
            96,
            99,
            43,
            5,
            73,
            7,
            18,
            40,
            74,
            57,
            72,
            76,
            27,
            86,
            45
        ],
        "permutation_orig_ids": [
            "80",
            "11",
            "93",
            "79",
            "20",
            "26",
            "90",
            "7",
            "52",
            "36",
            "54",
            "39",
            "49",
            "23",
            "83",
            "61",
            "63",
            "72",
            "98",
            "29",
            "13",
            "38",
            "81",
            "22",
            "9",
            "27",
            "15",
            "43",
            "3",
            "57",
            "85",
            "64",
            "32",
            "55",
            "86",
            "14",
            "21",
            "42",
            "5",
            "59",
            "50",
            "96",
            "99",
            "33",
            "10",
            "18",
            "16",
            "65",
            "84",
            "47",
            "68",
            "1",
            "94",
            "34",
            "88",
            "17",
            "48",
            "12",
            "76",
            "70",
            "89",
            "53",
            "4",
            "69",
            "67",
            "2",
            "25",
            "71",
            "56",
            "62",
            "30",
            "24",
            "91",
            "60",
            "31",
            "66",
            "45",
            "92",
            "95",
            "40",
            "51",
            "78",
            "37",
            "82",
            "35",
            "97",
            "100",
            "44",
            "6",
            "74",
            "8",
            "19",
            "41",
            "75",
            "58",
            "73",
            "77",
            "28",
            "87",
            "46"
        ],
        "walk_orig_ids": [
            "80",
            "11",
            "93",
            "79",
            "20",
            "89",
            "26",
            "90",
            "7",
            "52",
            "36",
            "54",
            "39",
            "49",
            "23",
            "83",
            "61",
            "63",
            "72",
            "88",
            "98",
            "29",
            "13",
            "38",
            "81",
            "24",
            "22",
            "24",
            "30",
            "9",
            "65",
            "27",
            "15",
            "43",
            "3",
            "57",
            "85",
            "64",
            "32",
            "55",
            "14",
            "86",
            "14",
            "21",
            "42",
            "80",
            "5",
            "80",
            "59",
            "50",
            "75",
            "96",
            "99",
            "33",
            "10",
            "18",
            "52",
            "16",
            "65",
            "61",
            "84",
            "47",
            "68",
            "9",
            "1",
            "9",
            "34",
            "94",
            "34",
            "88",
            "34",
            "17",
            "48",
            "70",
            "12",
            "63",
            "76",
            "77",
            "70",
            "77",
            "89",
            "51",
            "53",
            "78",
            "36",
            "4",
            "36",
            "69",
            "67",
            "69",
            "2",
            "97",
            "25",
            "8",
            "71",
            "64",
            "56",
            "64",
            "72",
            "62",
            "22",
            "24",
            "30",
            "24",
            "78",
            "51",
            "40",
            "88",
            "91",
            "60",
            "91",
            "31",
            "66",
            "45",
            "76",
            "95",
            "92",
            "95",
            "51",
            "40",
            "51",
            "78",
            "53",
            "1",
            "27",
            "37",
            "41",
            "82",
            "35",
            "94",
            "4",
            "19",
            "97",
            "59",
            "44",
            "100",
            "44",
            "6",
            "63",
            "76",
            "45",
            "83",
            "22",
            "74",
            "22",
            "83",
            "95",
            "8",
            "19",
            "4",
            "41",
            "75",
            "41",
            "4",
            "19",
            "97",
            "82",
            "58",
            "56",
            "55",
            "23",
            "54",
            "11",
            "30",
            "6",
            "63",
            "72",
            "73",
            "72",
            "63",
            "76",
            "77",
            "76",
            "63",
            "6",
            "30",
            "28",
            "52",
            "57",
            "33",
            "49",
            "67",
            "37",
            "41",
            "4",
            "19",
            "8",
            "95",
            "83",
            "36",
            "46",
            "38",
            "87",
            "38",
            "46"
        ],
        "walk_processing": [
            true,
            true,
            true,
            true,
            true,
            false,
            true,
            true,
            true,
            true,
            true,
            true,
            true,
            true,
            true,
            true,
            true,
            true,
            true,
            false,
            true,
            true,
            true,
            true,
            true,
            false,
            true,
            false,
            false,
            true,
            false,
            true,
            true,
            true,
            true,
            true,
            true,
            true,
            true,
            true,
            false,
            true,
            true,
            true,
            true,
            false,
            true,
            false,
            true,
            true,
            false,
            true,
            true,
            true,
            true,
            true,
            false,
            true,
            true,
            false,
            true,
            true,
            true,
            false,
            true,
            false,
            false,
            true,
            true,
            true,
            false,
            true,
            true,
            false,
            true,
            false,
            true,
            false,
            true,
            false,
            true,
            false,
            true,
            false,
            false,
            true,
            false,
            true,
            true,
            false,
            true,
            false,
            true,
            false,
            true,
            false,
            true,
            false,
            false,
            true,
            false,
            false,
            true,
            true,
            false,
            false,
            false,
            false,
            true,
            true,
            false,
            true,
            true,
            true,
            false,
            false,
            true,
            true,
            false,
            true,
            true,
            true,
            false,
            false,
            false,
            true,
            false,
            true,
            true,
            false,
            false,
            false,
            true,
            false,
            false,
            true,
            true,
            true,
            false,
            false,
            false,
            false,
            false,
            true,
            false,
            false,
            false,
            true,
            true,
            false,
            true,
            true,
            false,
            false,
            false,
            false,
            false,
            true,
            false,
            false,
            false,
            false,
            false,
            false,
            false,
            false,
            false,
            true,
            false,
            false,
            false,
            true,
            false,
            false,
            false,
            false,
            true,
            false,
            false,
            false,
            false,
            false,
            false,
            false,
            false,
            false,
            false,
            false,
            false,
            false,
            false,
            false,
            true,
            false,
            true
        ]
    },
    "steps": {
        "0": 16006623,
        "1": 7008804,
        "10": 2008091,
        "12": 2007787,
        "14": 2007498,
        "16": 2007131,
        "18": 2006790,
        "19": 2006640,
        "2": 5009085,
        "21": 2006494,
        "22": 2006341,
        "24": 2006115,
        "25": 2006007,
        "26": 2005861,
        "27": 2005743,
        "29": 2005647,
        "30": 2005526,
        "32": 2005406,
        "33": 2005310,
        "34": 2005252,
        "36": 2005158,
        "37": 2005135,
        "38": 2005035,
        "4": 3009246,
        "40": 2004954,
        "41": 2004878,
        "42": 2004779,
        "43": 2004735,
        "44": 2004632,
        "45": 2004525,
        "47": 2004480,
        "48": 2004455,
        "49": 2004431,
        "50": 2004426,
        "51": 2004360,
        "53": 2004320,
        "54": 2004265,
        "55": 2004169,
        "56": 2004146,
        "57": 2004115,
        "59": 2004020,
        "6": 2009236,
        "60": 2003976,
        "61": 2003957,
        "62": 2003953,
        "63": 2003941,
        "67": 2003928,
        "68": 1005451,
        "69": 1004953,
        "70": 5631,
        "8": 2008585
    },
    "timeout": 100
}