{
    "config": {
        "allow_infeasible": true,
        "construction": "random_replicate",
        "ils_k": 6,
        "local_search": "CVND",
        "metaheuristic": "ILS",
        "num_threads": 8,
        "operators": [
            "insert_1",
            "remove_1",
            "two_opt",
            "exchange_ids",
            "exchange_1_2",
            "exchange_2_2",
            "exchange_3_3",
            "exchange_3_4",
            "exchange_4_4",
            "rexchange_2_2",
            "rexchange_2_3",
            "rexchange_4_4",
            "centered_exchange_1",
            "relocate_1",
            "relocate_5",
            "rrelocate_3",
            "rrelocate_4",
            "move_all_by_1",
            "move_all_by_2"
        ],
        "perturbation": [
            "random_double_bridge"
        ],
        "stop_on_feasible": true,
        "timeout": 100
    },
    "histogram": {
        "all": {
            "centered_exchange_1": 4,
            "exchange_1_2": 5,
            "exchange_2_2": 5,
            "exchange_3_3": 5,
            "exchange_3_4": 5,
            "exchange_4_4": 5,
            "exchange_ids": 5,
            "insert_1": 5,
            "move_all_by_1": 4,
            "move_all_by_2": 4,
            "relocate_1": 4,
            "relocate_5": 4,
            "remove_1": 5,
            "rexchange_2_2": 4,
            "rexchange_2_3": 4,
            "rexchange_4_4": 4,
            "rrelocate_3": 4,
            "rrelocate_4": 4,
            "two_opt": 5
        },
        "improving": {
            "centered_exchange_1": 4,
            "exchange_1_2": 5,
            "exchange_2_2": 5,
            "exchange_3_3": 5,
            "exchange_3_4": 4,
            "exchange_4_4": 4,
            "exchange_ids": 5,
            "insert_1": 0,
            "move_all_by_1": 4,
            "move_all_by_2": 4,
            "relocate_1": 4,
            "relocate_5": 4,
            "remove_1": 0,
            "rexchange_2_2": 4,
            "rexchange_2_3": 4,
            "rexchange_4_4": 4,
            "rrelocate_3": 4,
            "rrelocate_4": 4,
            "two_opt": 5
        },
        "rate": {
            "centered_exchange_1": 1.0,
            "exchange_1_2": 1.0,
            "exchange_2_2": 1.0,
            "exchange_3_3": 1.0,
            "exchange_3_4": 0.800000011920929,
            "exchange_4_4": 0.800000011920929,
            "exchange_ids": 1.0,
            "insert_1": 0.0,
            "move_all_by_1": 1.0,
            "move_all_by_2": 1.0,
            "relocate_1": 1.0,
            "relocate_5": 1.0,
            "remove_1": 0.0,
            "rexchange_2_2": 1.0,
            "rexchange_2_3": 1.0,
            "rexchange_4_4": 1.0,
            "rrelocate_3": 1.0,
            "rrelocate_4": 1.0,
            "two_opt": 1.0
        }
    },
    "last_improvement": 99,
    "name": "random-100-9.24-38",
    "solution": {
        "fitness": 1004412,
        "is_feasible": false,
        "permutation": [
            92,
            94,
            50,
            17,
            28,
            37,
            59,
            29,
            51,
            46,
            58,
            99,
            49,
            12,
            6,
            61,
            73,
            74,
            25,
            10,
            90,
            78,
            45,
            87,
            89,
            76,
            44,
            82,
            75,
            47,
            0,
            80,
            9,
            43,
            7,
            72,
            81,
            14,
            93,
            36,
            22,
            32,
            56,
            1,
            19,
            31,
            63,
            86,
            64,
            24,
            69,
            20,
            33,
            11,
            57,
            30,
            54,
            13,
            4,
            15,
            60,
            66,
            95,
            8,
            62,
            97,
            5,
            88,
            26,
            55,
            83,
            38,
            71,
            3,
            48,
            84,
            68,
            53,
            70,
            42,
            40,
            23,
            41,
            39,
            2,
            18,
            98,
            35,
            34,
            65,
            91,
            21,
            85,
            77,
            67,
            79,
            16,
            27,
            52,
            96
        ],
        "permutation_orig_ids": [
            "93",
            "95",
            "51",
            "18",
            "29",
            "38",
            "60",
            "30",
            "52",
            "47",
            "59",
            "100",
            "50",
            "13",
            "7",
            "62",
            "74",
            "75",
            "26",
            "11",
            "91",
            "79",
            "46",
            "88",
            "90",
            "77",
            "45",
            "83",
            "76",
            "48",
            "1",
            "81",
            "10",
            "44",
            "8",
            "73",
            "82",
            "15",
            "94",
            "37",
            "23",
            "33",
            "57",
            "2",
            "20",
            "32",
            "64",
            "87",
            "65",
            "25",
            "70",
            "21",
            "34",
            "12",
            "58",
            "31",
            "55",
            "14",
            "5",
            "16",
            "61",
            "67",
            "96",
            "9",
            "63",
            "98",
            "6",
            "89",
            "27",
            "56",
            "84",
            "39",
            "72",
            "4",
            "49",
            "85",
            "69",
            "54",
            "71",
            "43",
            "41",
            "24",
            "42",
            "40",
            "3",
            "19",
            "99",
            "36",
            "35",
            "66",
            "92",
            "22",
            "86",
            "78",
            "68",
            "80",
            "17",
            "28",
            "53",
            "97"
        ],
        "walk_orig_ids": [
            "93",
            "95",
            "51",
            "18",
            "29",
            "38",
            "60",
            "30",
            "52",
            "47",
            "59",
            "100",
            "50",
            "13",
            "7",
            "62",
            "38",
            "74",
            "75",
            "26",
            "58",
            "11",
            "91",
            "79",
            "46",
            "88",
            "68",
            "90",
            "68",
            "88",
            "77",
            "85",
            "80",
            "45",
            "83",
            "43",
            "76",
            "48",
            "9",
            "1",
            "10",
            "81",
            "10",
            "44",
            "8",
            "73",
            "70",
            "82",
            "42",
            "15",
            "94",
            "37",
            "23",
            "33",
            "84",
            "32",
            "87",
            "57",
            "2",
            "20",
            "32",
            "64",
            "32",
            "87",
            "65",
            "25",
            "65",
            "82",
            "70",
            "82",
            "21",
            "94",
            "38",
            "34",
            "12",
            "43",
            "58",
            "43",
            "31",
            "67",
            "52",
            "55",
            "14",
            "5",
            "72",
            "24",
            "16",
            "61",
            "96",
            "67",
            "96",
            "61",
            "9",
            "61",
            "63",
            "98",
            "6",
            "89",
            "6",
            "67",
            "31",
            "27",
            "56",
            "1",
            "84",
            "1",
            "39",
            "1",
            "61",
            "16",
            "24",
            "72",
            "5",
            "4",
            "5",
            "7",
            "49",
            "85",
            "54",
            "69",
            "54",
            "71",
            "67",
            "31",
            "43",
            "41",
            "61",
            "16",
            "24",
            "72",
            "5",
            "93",
            "42",
            "93",
            "97",
            "28",
            "40",
            "45",
            "63",
            "3",
            "63",
            "19",
            "63",
            "8",
            "57",
            "99",
            "36",
            "99",
            "57",
            "8",
            "54",
            "35",
            "66",
            "35",
            "78",
            "92",
            "22",
            "86",
            "22",
            "92",
            "78",
            "68",
            "10",
            "80",
            "17",
            "28",
            "40",
            "53",
            "97"
        ],
        "walk_processing": [
            true,
            true,
            true,
            true,
            true,
            true,
            true,
            true,
            true,
            true,
            true,
            true,
            true,
            true,
            true,
            true,
            false,
            true,
            true,
            true,
            false,
            true,
            true,
            true,
            true,
            true,
            false,
            true,
            false,
            false,
            true,
            false,
            false,
            true,
            true,
            false,
            true,
            true,
            false,
            true,
            false,
            true,
            true,
            true,
            true,
            true,
            false,
            true,
            false,
            true,
            true,
            true,
            true,
            true,
            false,
            false,
            false,
            true,
            true,
            true,
            true,
            true,
            false,
            true,
            true,
            true,
            false,
            false,
            true,
            false,
            true,
            false,
            false,
            true,
            true,
            false,
            true,
            false,
            true,
            false,
            false,
            true,
            true,
            true,
            false,
            false,
            true,
            true,
            false,
            true,
            true,
            false,
            true,
            false,
            true,
            true,
            true,
            true,
            false,
            false,
            false,
            true,
            true,
            false,
            true,
            false,
            true,
            false,
            false,
            false,
            false,
            true,
            false,
            true,
            false,
            false,
            true,
            true,
            false,
            true,
            true,
            true,
            false,
            false,
            true,
            true,
            false,
            false,
            true,
            false,
            false,
            false,
            true,
            false,
            false,
            false,
            true,
            false,
            false,
            true,
            false,
            true,
            false,
            false,
            false,
            true,
            true,
            false,
            false,
            false,
            false,
            true,
            true,
            false,
            false,
            true,
            true,
            true,
            false,
            false,
            true,
            true,
            false,
            true,
            true,
            true,
            false,
            true,
            true
        ]
    },
    "steps": {
        "0": 12009236,
        "1": 8012719,
        "10": 3011724,
        "12": 3010619,
        "14": 3009963,
        "16": 2011462,
        "18": 2010602,
        "20": 2009743,
        "22": 2009169,
        "24": 2008843,
        "26": 2008621,
        "28": 2008291,
        "3": 5014046,
        "30": 2008149,
        "31": 1008587,
        "33": 1008342,
        "35": 1008114,
        "36": 1007831,
        "38": 1007633,
        "40": 1007460,
        "42": 1007312,
        "44": 1007152,
        "46": 1007029,
        "48": 1006884,
        "49": 1006711,
        "5": 4012980,
        "51": 1006559,
        "53": 1006263,
        "54": 1006179,
        "55": 1006097,
        "57": 1005977,
        "59": 1005873,
        "60": 1005798,
        "62": 1005725,
        "64": 1005643,
        "65": 1005571,
        "67": 1005509,
        "69": 1005434,
        "7": 3012944,
        "70": 1005331,
        "72": 1005247,
        "73": 1005184,
        "75": 1005078,
        "76": 1005052,
        "77": 1005006,
        "79": 1004968,
        "80": 1004945,
        "81": 1004928,
        "83": 1004917,
        "84": 1004916,
        "86": 1004883,
        "87": 1004842,
        "88": 1004792,
        "90": 1004734,
        "91": 1004723,
        "92": 1004658,
        "94": 1004540,
        "95": 1004520,
        "96": 1004456,
        "97": 1004430,
        "98": 1004416,
        "99": 1004412
    },
    "timeout": 100
}