{
    "config": {
        "allow_infeasible": true,
        "construction": "random_replicate",
        "ils_k": 6,
        "local_search": "CVND",
        "metaheuristic": "ILS",
        "num_threads": 8,
        "operators": [
            "insert_1",
            "remove_1",
            "two_opt",
            "exchange_ids",
            "exchange_1_2",
            "exchange_2_2",
            "exchange_3_3",
            "exchange_3_4",
            "exchange_4_4",
            "rexchange_2_2",
            "rexchange_2_3",
            "rexchange_4_4",
            "centered_exchange_1",
            "relocate_1",
            "relocate_5",
            "rrelocate_3",
            "rrelocate_4",
            "move_all_by_1",
            "move_all_by_2"
        ],
        "perturbation": [
            "random_double_bridge"
        ],
        "stop_on_feasible": true,
        "timeout": 100
    },
    "histogram": {
        "all": {
            "centered_exchange_1": 1,
            "exchange_1_2": 1,
            "exchange_2_2": 1,
            "exchange_3_3": 1,
            "exchange_3_4": 1,
            "exchange_4_4": 1,
            "exchange_ids": 1,
            "insert_1": 1,
            "move_all_by_1": 1,
            "move_all_by_2": 1,
            "relocate_1": 1,
            "relocate_5": 1,
            "remove_1": 1,
            "rexchange_2_2": 1,
            "rexchange_2_3": 1,
            "rexchange_4_4": 1,
            "rrelocate_3": 1,
            "rrelocate_4": 1,
            "two_opt": 1
        },
        "improving": {
            "centered_exchange_1": 1,
            "exchange_1_2": 1,
            "exchange_2_2": 1,
            "exchange_3_3": 1,
            "exchange_3_4": 1,
            "exchange_4_4": 1,
            "exchange_ids": 1,
            "insert_1": 0,
            "move_all_by_1": 1,
            "move_all_by_2": 1,
            "relocate_1": 1,
            "relocate_5": 1,
            "remove_1": 0,
            "rexchange_2_2": 1,
            "rexchange_2_3": 1,
            "rexchange_4_4": 1,
            "rrelocate_3": 1,
            "rrelocate_4": 1,
            "two_opt": 1
        },
        "rate": {
            "centered_exchange_1": 1.0,
            "exchange_1_2": 1.0,
            "exchange_2_2": 1.0,
            "exchange_3_3": 1.0,
            "exchange_3_4": 1.0,
            "exchange_4_4": 1.0,
            "exchange_ids": 1.0,
            "insert_1": 0.0,
            "move_all_by_1": 1.0,
            "move_all_by_2": 1.0,
            "relocate_1": 1.0,
            "relocate_5": 1.0,
            "remove_1": 0.0,
            "rexchange_2_2": 1.0,
            "rexchange_2_3": 1.0,
            "rexchange_4_4": 1.0,
            "rrelocate_3": 1.0,
            "rrelocate_4": 1.0,
            "two_opt": 1.0
        }
    },
    "last_improvement": 27,
    "name": "random-100-9.96-30",
    "solution": {
        "fitness": 8601,
        "is_feasible": true,
        "permutation": [
            11,
            47,
            74,
            3,
            55,
            90,
            62,
            0,
            33,
            73,
            96,
            35,
            51,
            97,
            50,
            57,
            30,
            67,
            61,
            17,
            9,
            93,
            19,
            41,
            99,
            60,
            23,
            76,
            63,
            82,
            88,
            7,
            78,
            81,
            69,
            44,
            66,
            49,
            21,
            94,
            22,
            25,
            14,
            77,
            12,
            37,
            98,
            5,
            1,
            52,
            31,
            89,
            2,
            29,
            91,
            39,
            28,
            58,
            6,
            65,
            46,
            95,
            83,
            45,
            42,
            92,
            54,
            20,
            87,
            24,
            10,
            18,
            16,
            64,
            71,
            40,
            56,
            79,
            48,
            4,
            70,
            32,
            85,
            36,
            75,
            26,
            34,
            68,
            15,
            86,
            59,
            80,
            43,
            72,
            84,
            8,
            13,
            27,
            53,
            38
        ],
        "permutation_orig_ids": [
            "12",
            "48",
            "75",
            "4",
            "56",
            "91",
            "63",
            "1",
            "34",
            "74",
            "97",
            "36",
            "52",
            "98",
            "51",
            "58",
            "31",
            "68",
            "62",
            "18",
            "10",
            "94",
            "20",
            "42",
            "100",
            "61",
            "24",
            "77",
            "64",
            "83",
            "89",
            "8",
            "79",
            "82",
            "70",
            "45",
            "67",
            "50",
            "22",
            "95",
            "23",
            "26",
            "15",
            "78",
            "13",
            "38",
            "99",
            "6",
            "2",
            "53",
            "32",
            "90",
            "3",
            "30",
            "92",
            "40",
            "29",
            "59",
            "7",
            "66",
            "47",
            "96",
            "84",
            "46",
            "43",
            "93",
            "55",
            "21",
            "88",
            "25",
            "11",
            "19",
            "17",
            "65",
            "72",
            "41",
            "57",
            "80",
            "49",
            "5",
            "71",
            "33",
            "86",
            "37",
            "76",
            "27",
            "35",
            "69",
            "16",
            "87",
            "60",
            "81",
            "44",
            "73",
            "85",
            "9",
            "14",
            "28",
            "54",
            "39"
        ],
        "walk_orig_ids": [
            "12",
            "22",
            "48",
            "28",
            "75",
            "4",
            "56",
            "91",
            "52",
            "46",
            "63",
            "57",
            "1",
            "34",
            "21",
            "74",
            "68",
            "97",
            "29",
            "36",
            "52",
            "88",
            "98",
            "51",
            "81",
            "58",
            "13",
            "31",
            "68",
            "59",
            "62",
            "18",
            "10",
            "23",
            "94",
            "20",
            "33",
            "42",
            "87",
            "100",
            "61",
            "32",
            "59",
            "24",
            "92",
            "28",
            "95",
            "77",
            "95",
            "64",
            "47",
            "83",
            "47",
            "89",
            "47",
            "8",
            "78",
            "79",
            "82",
            "70",
            "45",
            "40",
            "58",
            "67",
            "32",
            "50",
            "94",
            "22",
            "47",
            "95",
            "6",
            "23",
            "9",
            "26",
            "9",
            "54",
            "43",
            "15",
            "78",
            "13",
            "58",
            "59",
            "43",
            "60",
            "38",
            "39",
            "99",
            "39",
            "10",
            "6",
            "2",
            "54",
            "19",
            "53",
            "19",
            "54",
            "13",
            "58",
            "59",
            "32",
            "90",
            "32",
            "59",
            "3",
            "59",
            "58",
            "30",
            "65",
            "92",
            "28",
            "40",
            "29",
            "9",
            "59",
            "12",
            "7",
            "46",
            "66",
            "46",
            "32",
            "47",
            "32",
            "8",
            "96",
            "50",
            "100",
            "84",
            "100",
            "46",
            "32",
            "59",
            "43",
            "54",
            "93",
            "54",
            "28",
            "55",
            "88",
            "21",
            "88",
            "92",
            "28",
            "25",
            "52",
            "36",
            "20",
            "69",
            "11",
            "69",
            "20",
            "19",
            "17",
            "32",
            "65",
            "59",
            "58",
            "30",
            "72",
            "61",
            "73",
            "7",
            "41",
            "57",
            "52",
            "36",
            "80",
            "36",
            "93",
            "20",
            "19",
            "5",
            "49",
            "5",
            "84",
            "100",
            "50",
            "12",
            "62",
            "71",
            "62",
            "12",
            "33",
            "37",
            "39",
            "9",
            "59",
            "58",
            "86",
            "58",
            "59",
            "9",
            "39",
            "37",
            "33",
            "76",
            "78",
            "66",
            "46",
            "85",
            "14",
            "27",
            "35",
            "27",
            "14",
            "54",
            "93",
            "29",
            "73",
            "67",
            "69",
            "67",
            "73",
            "29",
            "93",
            "16",
            "93",
            "29",
            "40",
            "87",
            "89",
            "60",
            "44",
            "26",
            "64",
            "81",
            "64",
            "26",
            "44",
            "99",
            "73",
            "29",
            "40",
            "87",
            "89",
            "85",
            "46",
            "9",
            "46",
            "85",
            "14",
            "85",
            "89",
            "28",
            "89",
            "85",
            "14",
            "54",
            "14",
            "85",
            "89",
            "28",
            "25",
            "90",
            "2",
            "33",
            "37",
            "39",
            "37",
            "33"
        ],
        "walk_processing": [
            true,
            false,
            true,
            false,
            true,
            true,
            true,
            true,
            false,
            false,
            true,
            false,
            true,
            true,
            false,
            true,
            false,
            true,
            false,
            true,
            true,
            false,
            true,
            true,
            false,
            true,
            false,
            true,
            true,
            false,
            true,
            true,
            true,
            false,
            true,
            true,
            false,
            true,
            false,
            true,
            true,
            false,
            false,
            true,
            false,
            false,
            false,
            true,
            false,
            true,
            false,
            true,
            false,
            true,
            false,
            true,
            false,
            true,
            true,
            true,
            true,
            false,
            false,
            true,
            false,
            true,
            false,
            true,
            false,
            true,
            false,
            true,
            false,
            true,
            false,
            false,
            false,
            true,
            true,
            true,
            false,
            false,
            false,
            false,
            true,
            false,
            true,
            false,
            false,
            true,
            true,
            false,
            false,
            true,
            false,
            false,
            false,
            false,
            false,
            true,
            true,
            false,
            false,
            true,
            false,
            false,
            true,
            false,
            true,
            false,
            true,
            true,
            false,
            true,
            false,
            true,
            false,
            true,
            false,
            false,
            true,
            false,
            false,
            true,
            false,
            false,
            true,
            false,
            true,
            false,
            false,
            true,
            false,
            true,
            false,
            false,
            true,
            false,
            true,
            true,
            false,
            false,
            true,
            false,
            false,
            false,
            false,
            true,
            false,
            false,
            true,
            true,
            false,
            true,
            false,
            false,
            false,
            true,
            false,
            false,
            false,
            true,
            true,
            false,
            false,
            true,
            false,
            false,
            false,
            false,
            false,
            true,
            true,
            false,
            false,
            false,
            false,
            false,
            true,
            false,
            false,
            true,
            false,
            false,
            false,
            false,
            false,
            true,
            false,
            false,
            false,
            false,
            true,
            false,
            true,
            false,
            false,
            false,
            false,
            false,
            true,
            true,
            false,
            false,
            false,
            false,
            false,
            false,
            false,
            true,
            false,
            false,
            false,
            false,
            true,
            false,
            false,
            false,
            true,
            false,
            true,
            false,
            false,
            false,
            true,
            false,
            false,
            true,
            false,
            true,
            false,
            false,
            false,
            false,
            true,
            false,
            true,
            false,
            false,
            true,
            false,
            false,
            true,
            false,
            false,
            false,
            true,
            false,
            false,
            false,
            false,
            false,
            false,
            false,
            false,
            false,
            true,
            false,
            false
        ]
    },
    "steps": {
        "0": 12008075,
        "1": 7008846,
        "11": 2009185,
        "13": 2008970,
        "15": 2008616,
        "17": 2008419,
        "19": 2008130,
        "2": 3010739,
        "21": 2007557,
        "23": 2007398,
        "25": 2007248,
        "27": 8601,
        "5": 2011075,
        "7": 2009964,
        "9": 2009505
    },
    "timeout": 100
}