{
    "config": {
        "allow_infeasible": true,
        "construction": "random_replicate",
        "ils_k": 6,
        "local_search": "CVND",
        "metaheuristic": "ILS",
        "num_threads": 8,
        "operators": [
            "insert_1",
            "remove_1",
            "two_opt",
            "exchange_ids",
            "exchange_1_2",
            "exchange_2_2",
            "exchange_3_3",
            "exchange_3_4",
            "exchange_4_4",
            "rexchange_2_2",
            "rexchange_2_3",
            "rexchange_4_4",
            "centered_exchange_1",
            "relocate_1",
            "relocate_5",
            "rrelocate_3",
            "rrelocate_4",
            "move_all_by_1",
            "move_all_by_2"
        ],
        "perturbation": [
            "random_double_bridge"
        ],
        "stop_on_feasible": true,
        "timeout": 3
    },
    "histogram": {
        "all": {
            "centered_exchange_1": 36,
            "exchange_1_2": 39,
            "exchange_2_2": 39,
            "exchange_3_3": 38,
            "exchange_3_4": 38,
            "exchange_4_4": 38,
            "exchange_ids": 40,
            "insert_1": 48,
            "move_all_by_1": 31,
            "move_all_by_2": 31,
            "relocate_1": 35,
            "relocate_5": 34,
            "remove_1": 48,
            "rexchange_2_2": 38,
            "rexchange_2_3": 38,
            "rexchange_4_4": 36,
            "rrelocate_3": 33,
            "rrelocate_4": 31,
            "two_opt": 42
        },
        "improving": {
            "centered_exchange_1": 4,
            "exchange_1_2": 9,
            "exchange_2_2": 6,
            "exchange_3_3": 4,
            "exchange_3_4": 5,
            "exchange_4_4": 4,
            "exchange_ids": 16,
            "insert_1": 0,
            "move_all_by_1": 3,
            "move_all_by_2": 1,
            "relocate_1": 6,
            "relocate_5": 6,
            "remove_1": 0,
            "rexchange_2_2": 9,
            "rexchange_2_3": 7,
            "rexchange_4_4": 5,
            "rrelocate_3": 8,
            "rrelocate_4": 7,
            "two_opt": 28
        },
        "rate": {
            "centered_exchange_1": 0.1111111119389534,
            "exchange_1_2": 0.23076923191547394,
            "exchange_2_2": 0.1538461595773697,
            "exchange_3_3": 0.10526315867900848,
            "exchange_3_4": 0.1315789520740509,
            "exchange_4_4": 0.10526315867900848,
            "exchange_ids": 0.4000000059604645,
            "insert_1": 0.0,
            "move_all_by_1": 0.09677419066429138,
            "move_all_by_2": 0.032258063554763794,
            "relocate_1": 0.17142857611179352,
            "relocate_5": 0.1764705926179886,
            "remove_1": 0.0,
            "rexchange_2_2": 0.2368421107530594,
            "rexchange_2_3": 0.18421052396297455,
            "rexchange_4_4": 0.1388888955116272,
            "rrelocate_3": 0.24242424964904785,
            "rrelocate_4": 0.22580644488334656,
            "two_opt": 0.6666666865348816
        }
    },
    "last_improvement": 0,
    "name": "random_tsp-24-220-6",
    "solution": {
        "fitness": 1341,
        "is_feasible": true,
        "permutation": [
            23,
            19,
            0,
            14,
            15,
            13,
            8,
            18,
            1,
            11,
            21,
            17,
            9,
            5,
            10,
            7,
            2,
            20,
            4,
            3,
            16,
            12,
            6,
            22
        ],
        "permutation_orig_ids": [
            "24",
            "20",
            "1",
            "15",
            "16",
            "14",
            "9",
            "19",
            "2",
            "12",
            "22",
            "18",
            "10",
            "6",
            "11",
            "8",
            "3",
            "21",
            "5",
            "4",
            "17",
            "13",
            "7",
            "23"
        ]
    },
    "steps": {
        "0": 1341
    },
    "timeout": 3
}