{
    "config": {
        "allow_infeasible": true,
        "construction": "random_replicate",
        "ils_k": 6,
        "local_search": "CVND",
        "metaheuristic": "ILS",
        "num_threads": 8,
        "operators": [
            "insert_1",
            "remove_1",
            "two_opt",
            "exchange_ids",
            "exchange_1_2",
            "exchange_2_2",
            "exchange_3_3",
            "exchange_3_4",
            "exchange_4_4",
            "rexchange_2_2",
            "rexchange_2_3",
            "rexchange_4_4",
            "centered_exchange_1",
            "relocate_1",
            "relocate_5",
            "rrelocate_3",
            "rrelocate_4",
            "move_all_by_1",
            "move_all_by_2"
        ],
        "perturbation": [
            "random_double_bridge"
        ],
        "stop_on_feasible": true,
        "timeout": 3
    },
    "histogram": {
        "all": {
            "centered_exchange_1": 25,
            "exchange_1_2": 26,
            "exchange_2_2": 25,
            "exchange_3_3": 25,
            "exchange_3_4": 25,
            "exchange_4_4": 25,
            "exchange_ids": 26,
            "insert_1": 36,
            "move_all_by_1": 22,
            "move_all_by_2": 22,
            "relocate_1": 23,
            "relocate_5": 22,
            "remove_1": 36,
            "rexchange_2_2": 25,
            "rexchange_2_3": 25,
            "rexchange_4_4": 25,
            "rrelocate_3": 22,
            "rrelocate_4": 22,
            "two_opt": 27
        },
        "improving": {
            "centered_exchange_1": 3,
            "exchange_1_2": 4,
            "exchange_2_2": 3,
            "exchange_3_3": 4,
            "exchange_3_4": 2,
            "exchange_4_4": 3,
            "exchange_ids": 8,
            "insert_1": 0,
            "move_all_by_1": 0,
            "move_all_by_2": 0,
            "relocate_1": 6,
            "relocate_5": 4,
            "remove_1": 0,
            "rexchange_2_2": 3,
            "rexchange_2_3": 2,
            "rexchange_4_4": 2,
            "rrelocate_3": 3,
            "rrelocate_4": 3,
            "two_opt": 20
        },
        "rate": {
            "centered_exchange_1": 0.11999999731779099,
            "exchange_1_2": 0.1538461595773697,
            "exchange_2_2": 0.11999999731779099,
            "exchange_3_3": 0.1599999964237213,
            "exchange_3_4": 0.07999999821186066,
            "exchange_4_4": 0.11999999731779099,
            "exchange_ids": 0.3076923191547394,
            "insert_1": 0.0,
            "move_all_by_1": 0.0,
            "move_all_by_2": 0.0,
            "relocate_1": 0.260869562625885,
            "relocate_5": 0.1818181872367859,
            "remove_1": 0.0,
            "rexchange_2_2": 0.11999999731779099,
            "rexchange_2_3": 0.07999999821186066,
            "rexchange_4_4": 0.07999999821186066,
            "rrelocate_3": 0.13636364042758942,
            "rrelocate_4": 0.13636364042758942,
            "two_opt": 0.7407407164573669
        }
    },
    "last_improvement": 0,
    "name": "random_tsp-24-200-13",
    "solution": {
        "fitness": 1064,
        "is_feasible": true,
        "permutation": [
            21,
            22,
            18,
            20,
            1,
            3,
            11,
            14,
            8,
            6,
            23,
            16,
            15,
            19,
            0,
            7,
            12,
            17,
            9,
            5,
            4,
            2,
            13,
            10
        ],
        "permutation_orig_ids": [
            "22",
            "23",
            "19",
            "21",
            "2",
            "4",
            "12",
            "15",
            "9",
            "7",
            "24",
            "17",
            "16",
            "20",
            "1",
            "8",
            "13",
            "18",
            "10",
            "6",
            "5",
            "3",
            "14",
            "11"
        ]
    },
    "steps": {
        "0": 1064
    },
    "timeout": 3
}