{
    "config": {
        "allow_infeasible": true,
        "construction": "random_replicate",
        "ils_k": 6,
        "local_search": "CVND",
        "metaheuristic": "ILS",
        "num_threads": 8,
        "operators": [
            "insert_1",
            "remove_1",
            "two_opt",
            "exchange_ids",
            "exchange_1_2",
            "exchange_2_2",
            "exchange_3_3",
            "exchange_3_4",
            "exchange_4_4",
            "rexchange_2_2",
            "rexchange_2_3",
            "rexchange_4_4",
            "centered_exchange_1",
            "relocate_1",
            "relocate_5",
            "rrelocate_3",
            "rrelocate_4",
            "move_all_by_1",
            "move_all_by_2"
        ],
        "perturbation": [
            "random_double_bridge"
        ],
        "stop_on_feasible": true,
        "timeout": 3
    },
    "histogram": {
        "all": {
            "centered_exchange_1": 514,
            "exchange_1_2": 528,
            "exchange_2_2": 523,
            "exchange_3_3": 519,
            "exchange_3_4": 517,
            "exchange_4_4": 516,
            "exchange_ids": 554,
            "insert_1": 817,
            "move_all_by_1": 514,
            "move_all_by_2": 514,
            "relocate_1": 514,
            "relocate_5": 514,
            "remove_1": 817,
            "rexchange_2_2": 516,
            "rexchange_2_3": 515,
            "rexchange_4_4": 515,
            "rrelocate_3": 514,
            "rrelocate_4": 514,
            "two_opt": 647
        },
        "improving": {
            "centered_exchange_1": 1,
            "exchange_1_2": 33,
            "exchange_2_2": 5,
            "exchange_3_3": 6,
            "exchange_3_4": 3,
            "exchange_4_4": 1,
            "exchange_ids": 127,
            "insert_1": 0,
            "move_all_by_1": 0,
            "move_all_by_2": 0,
            "relocate_1": 0,
            "relocate_5": 0,
            "remove_1": 0,
            "rexchange_2_2": 0,
            "rexchange_2_3": 1,
            "rexchange_4_4": 0,
            "rrelocate_3": 0,
            "rrelocate_4": 0,
            "two_opt": 303
        },
        "rate": {
            "centered_exchange_1": 0.0019455252913758159,
            "exchange_1_2": 0.0625,
            "exchange_2_2": 0.009560229256749153,
            "exchange_3_3": 0.011560693383216858,
            "exchange_3_4": 0.005802707746624947,
            "exchange_4_4": 0.0019379844889044762,
            "exchange_ids": 0.22924187779426575,
            "insert_1": 0.0,
            "move_all_by_1": 0.0,
            "move_all_by_2": 0.0,
            "relocate_1": 0.0,
            "relocate_5": 0.0,
            "remove_1": 0.0,
            "rexchange_2_2": 0.0,
            "rexchange_2_3": 0.0019417476141825318,
            "rexchange_4_4": 0.0,
            "rrelocate_3": 0.0,
            "rrelocate_4": 0.0,
            "two_opt": 0.4683153033256531
        }
    },
    "last_improvement": 0,
    "name": "random_tsp-24-268-3",
    "solution": {
        "fitness": 16000589,
        "is_feasible": false,
        "permutation": [
            19,
            9,
            23,
            11,
            0,
            18,
            7,
            14,
            1,
            6,
            2,
            16,
            12,
            17,
            22,
            10,
            13,
            5,
            20,
            4,
            8,
            3,
            15,
            21
        ],
        "permutation_orig_ids": [
            "20",
            "10",
            "24",
            "12",
            "1",
            "19",
            "8",
            "15",
            "2",
            "7",
            "3",
            "17",
            "13",
            "18",
            "23",
            "11",
            "14",
            "6",
            "21",
            "5",
            "9",
            "4",
            "16",
            "22"
        ]
    },
    "steps": {
        "0": 16000589
    },
    "timeout": 3
}