{
    "config": {
        "allow_infeasible": true,
        "construction": "random_replicate",
        "ils_k": 6,
        "local_search": "CVND",
        "metaheuristic": "ILS",
        "num_threads": 8,
        "operators": [
            "insert_1",
            "remove_1",
            "two_opt",
            "exchange_ids",
            "exchange_1_2",
            "exchange_2_2",
            "exchange_3_3",
            "exchange_3_4",
            "exchange_4_4",
            "rexchange_2_2",
            "rexchange_2_3",
            "rexchange_4_4",
            "centered_exchange_1",
            "relocate_1",
            "relocate_5",
            "rrelocate_3",
            "rrelocate_4",
            "move_all_by_1",
            "move_all_by_2"
        ],
        "perturbation": [
            "random_double_bridge"
        ],
        "stop_on_feasible": true,
        "timeout": 3
    },
    "histogram": {
        "all": {
            "centered_exchange_1": 554,
            "exchange_1_2": 621,
            "exchange_2_2": 616,
            "exchange_3_3": 615,
            "exchange_3_4": 614,
            "exchange_4_4": 614,
            "exchange_ids": 631,
            "insert_1": 798,
            "move_all_by_1": 463,
            "move_all_by_2": 463,
            "relocate_1": 542,
            "relocate_5": 519,
            "remove_1": 798,
            "rexchange_2_2": 590,
            "rexchange_2_3": 582,
            "rexchange_4_4": 571,
            "rrelocate_3": 495,
            "rrelocate_4": 465,
            "two_opt": 672
        },
        "improving": {
            "centered_exchange_1": 34,
            "exchange_1_2": 127,
            "exchange_2_2": 51,
            "exchange_3_3": 33,
            "exchange_3_4": 39,
            "exchange_4_4": 22,
            "exchange_ids": 221,
            "insert_1": 0,
            "move_all_by_1": 2,
            "move_all_by_2": 0,
            "relocate_1": 79,
            "relocate_5": 66,
            "remove_1": 0,
            "rexchange_2_2": 111,
            "rexchange_2_3": 85,
            "rexchange_4_4": 44,
            "rrelocate_3": 73,
            "rrelocate_4": 59,
            "two_opt": 410
        },
        "rate": {
            "centered_exchange_1": 0.06137184053659439,
            "exchange_1_2": 0.20450885593891144,
            "exchange_2_2": 0.08279220759868622,
            "exchange_3_3": 0.053658537566661835,
            "exchange_3_4": 0.06351791322231293,
            "exchange_4_4": 0.03583062067627907,
            "exchange_ids": 0.35023772716522217,
            "insert_1": 0.0,
            "move_all_by_1": 0.0043196543119847775,
            "move_all_by_2": 0.0,
            "relocate_1": 0.14575645327568054,
            "relocate_5": 0.12716762721538544,
            "remove_1": 0.0,
            "rexchange_2_2": 0.18813559412956238,
            "rexchange_2_3": 0.14604811370372772,
            "rexchange_4_4": 0.07705779373645782,
            "rrelocate_3": 0.1474747508764267,
            "rrelocate_4": 0.12688171863555908,
            "two_opt": 0.6101190447807312
        }
    },
    "last_improvement": 0,
    "name": "random_tsp-24-235-0",
    "solution": {
        "fitness": 2000969,
        "is_feasible": false,
        "permutation": [
            13,
            11,
            15,
            1,
            12,
            20,
            17,
            4,
            10,
            7,
            23,
            8,
            0,
            19,
            9,
            2,
            5,
            22,
            14,
            21,
            16,
            6,
            18,
            3
        ],
        "permutation_orig_ids": [
            "14",
            "12",
            "16",
            "2",
            "13",
            "21",
            "18",
            "5",
            "11",
            "8",
            "24",
            "9",
            "1",
            "20",
            "10",
            "3",
            "6",
            "23",
            "15",
            "22",
            "17",
            "7",
            "19",
            "4"
        ]
    },
    "steps": {
        "0": 2000969
    },
    "timeout": 3
}