{
    "config": {
        "allow_infeasible": true,
        "construction": "random_replicate",
        "ils_k": 6,
        "local_search": "CVND",
        "metaheuristic": "ILS",
        "num_threads": 8,
        "operators": [
            "insert_1",
            "remove_1",
            "two_opt",
            "exchange_ids",
            "exchange_1_2",
            "exchange_2_2",
            "exchange_3_3",
            "exchange_3_4",
            "exchange_4_4",
            "rexchange_2_2",
            "rexchange_2_3",
            "rexchange_4_4",
            "centered_exchange_1",
            "relocate_1",
            "relocate_5",
            "rrelocate_3",
            "rrelocate_4",
            "move_all_by_1",
            "move_all_by_2"
        ],
        "perturbation": [
            "random_double_bridge"
        ],
        "stop_on_feasible": true,
        "timeout": 3
    },
    "histogram": {
        "all": {
            "centered_exchange_1": 521,
            "exchange_1_2": 522,
            "exchange_2_2": 522,
            "exchange_3_3": 522,
            "exchange_3_4": 522,
            "exchange_4_4": 521,
            "exchange_ids": 522,
            "insert_1": 608,
            "move_all_by_1": 521,
            "move_all_by_2": 521,
            "relocate_1": 521,
            "relocate_5": 521,
            "remove_1": 608,
            "rexchange_2_2": 521,
            "rexchange_2_3": 521,
            "rexchange_4_4": 521,
            "rrelocate_3": 521,
            "rrelocate_4": 521,
            "two_opt": 530
        },
        "improving": {
            "centered_exchange_1": 0,
            "exchange_1_2": 0,
            "exchange_2_2": 0,
            "exchange_3_3": 0,
            "exchange_3_4": 0,
            "exchange_4_4": 0,
            "exchange_ids": 8,
            "insert_1": 0,
            "move_all_by_1": 0,
            "move_all_by_2": 0,
            "relocate_1": 0,
            "relocate_5": 0,
            "remove_1": 0,
            "rexchange_2_2": 0,
            "rexchange_2_3": 0,
            "rexchange_4_4": 0,
            "rrelocate_3": 0,
            "rrelocate_4": 0,
            "two_opt": 86
        },
        "rate": {
            "centered_exchange_1": 0.0,
            "exchange_1_2": 0.0,
            "exchange_2_2": 0.0,
            "exchange_3_3": 0.0,
            "exchange_3_4": 0.0,
            "exchange_4_4": 0.0,
            "exchange_ids": 0.015325670130550861,
            "insert_1": 0.0,
            "move_all_by_1": 0.0,
            "move_all_by_2": 0.0,
            "relocate_1": 0.0,
            "relocate_5": 0.0,
            "remove_1": 0.0,
            "rexchange_2_2": 0.0,
            "rexchange_2_3": 0.0,
            "rexchange_4_4": 0.0,
            "rrelocate_3": 0.0,
            "rrelocate_4": 0.0,
            "two_opt": 0.1622641533613205
        }
    },
    "last_improvement": 0,
    "name": "random_tsp-24-274-2",
    "solution": {
        "fitness": 22000110,
        "is_feasible": false,
        "permutation": [
            17,
            3,
            5,
            21,
            15,
            16,
            19,
            14,
            2,
            0,
            10,
            13,
            9,
            8,
            20,
            4,
            18,
            1,
            22,
            7,
            12,
            11,
            23,
            6
        ],
        "permutation_orig_ids": [
            "18",
            "4",
            "6",
            "22",
            "16",
            "17",
            "20",
            "15",
            "3",
            "1",
            "11",
            "14",
            "10",
            "9",
            "21",
            "5",
            "19",
            "2",
            "23",
            "8",
            "13",
            "12",
            "24",
            "7"
        ]
    },
    "steps": {
        "0": 22000110
    },
    "timeout": 3
}