{
    "config": {
        "allow_infeasible": true,
        "construction": "random_replicate",
        "ils_k": 6,
        "local_search": "CVND",
        "metaheuristic": "ILS",
        "num_threads": 8,
        "operators": [
            "insert_1",
            "remove_1",
            "two_opt",
            "exchange_ids",
            "exchange_1_2",
            "exchange_2_2",
            "exchange_3_3",
            "exchange_3_4",
            "exchange_4_4",
            "rexchange_2_2",
            "rexchange_2_3",
            "rexchange_4_4",
            "centered_exchange_1",
            "relocate_1",
            "relocate_5",
            "rrelocate_3",
            "rrelocate_4",
            "move_all_by_1",
            "move_all_by_2"
        ],
        "perturbation": [
            "random_double_bridge"
        ],
        "stop_on_feasible": true,
        "timeout": 3
    },
    "histogram": {
        "all": {
            "centered_exchange_1": 548,
            "exchange_1_2": 625,
            "exchange_2_2": 619,
            "exchange_3_3": 616,
            "exchange_3_4": 616,
            "exchange_4_4": 613,
            "exchange_ids": 630,
            "insert_1": 796,
            "move_all_by_1": 458,
            "move_all_by_2": 458,
            "relocate_1": 532,
            "relocate_5": 515,
            "remove_1": 796,
            "rexchange_2_2": 583,
            "rexchange_2_3": 573,
            "rexchange_4_4": 559,
            "rrelocate_3": 504,
            "rrelocate_4": 459,
            "two_opt": 677
        },
        "improving": {
            "centered_exchange_1": 33,
            "exchange_1_2": 98,
            "exchange_2_2": 43,
            "exchange_3_3": 46,
            "exchange_3_4": 60,
            "exchange_4_4": 30,
            "exchange_ids": 234,
            "insert_1": 0,
            "move_all_by_1": 4,
            "move_all_by_2": 1,
            "relocate_1": 71,
            "relocate_5": 68,
            "remove_1": 0,
            "rexchange_2_2": 105,
            "rexchange_2_3": 85,
            "rexchange_4_4": 59,
            "rrelocate_3": 40,
            "rrelocate_4": 78,
            "two_opt": 405
        },
        "rate": {
            "centered_exchange_1": 0.06021897867321968,
            "exchange_1_2": 0.15680000185966492,
            "exchange_2_2": 0.06946688145399094,
            "exchange_3_3": 0.07467532157897949,
            "exchange_3_4": 0.09740259498357773,
            "exchange_4_4": 0.04893964156508446,
            "exchange_ids": 0.37142857909202576,
            "insert_1": 0.0,
            "move_all_by_1": 0.008733624592423439,
            "move_all_by_2": 0.0021834061481058598,
            "relocate_1": 0.13345864415168762,
            "relocate_5": 0.13203883171081543,
            "remove_1": 0.0,
            "rexchange_2_2": 0.18010291457176208,
            "rexchange_2_3": 0.1483420580625534,
            "rexchange_4_4": 0.10554561764001846,
            "rrelocate_3": 0.0793650820851326,
            "rrelocate_4": 0.16993464529514313,
            "two_opt": 0.5982275009155273
        }
    },
    "last_improvement": 0,
    "name": "random_tsp-24-233-14",
    "solution": {
        "fitness": 2001222,
        "is_feasible": false,
        "permutation": [
            23,
            0,
            5,
            6,
            8,
            15,
            11,
            21,
            18,
            12,
            19,
            10,
            16,
            9,
            22,
            2,
            17,
            1,
            7,
            4,
            20,
            14,
            3,
            13
        ],
        "permutation_orig_ids": [
            "24",
            "1",
            "6",
            "7",
            "9",
            "16",
            "12",
            "22",
            "19",
            "13",
            "20",
            "11",
            "17",
            "10",
            "23",
            "3",
            "18",
            "2",
            "8",
            "5",
            "21",
            "15",
            "4",
            "14"
        ]
    },
    "steps": {
        "0": 2001222
    },
    "timeout": 3
}