{
    "config": {
        "allow_infeasible": true,
        "construction": "random_replicate",
        "ils_k": 6,
        "local_search": "CVND",
        "metaheuristic": "ILS",
        "num_threads": 8,
        "operators": [
            "insert_1",
            "remove_1",
            "two_opt",
            "exchange_ids",
            "exchange_1_2",
            "exchange_2_2",
            "exchange_3_3",
            "exchange_3_4",
            "exchange_4_4",
            "rexchange_2_2",
            "rexchange_2_3",
            "rexchange_4_4",
            "centered_exchange_1",
            "relocate_1",
            "relocate_5",
            "rrelocate_3",
            "rrelocate_4",
            "move_all_by_1",
            "move_all_by_2"
        ],
        "perturbation": [
            "random_double_bridge"
        ],
        "stop_on_feasible": true,
        "timeout": 3
    },
    "histogram": {
        "all": {
            "centered_exchange_1": 645,
            "exchange_1_2": 691,
            "exchange_2_2": 691,
            "exchange_3_3": 690,
            "exchange_3_4": 688,
            "exchange_4_4": 688,
            "exchange_ids": 695,
            "insert_1": 906,
            "move_all_by_1": 544,
            "move_all_by_2": 544,
            "relocate_1": 612,
            "relocate_5": 600,
            "remove_1": 906,
            "rexchange_2_2": 669,
            "rexchange_2_3": 658,
            "rexchange_4_4": 650,
            "rrelocate_3": 585,
            "rrelocate_4": 560,
            "two_opt": 758
        },
        "improving": {
            "centered_exchange_1": 39,
            "exchange_1_2": 137,
            "exchange_2_2": 38,
            "exchange_3_3": 38,
            "exchange_3_4": 62,
            "exchange_4_4": 32,
            "exchange_ids": 256,
            "insert_1": 0,
            "move_all_by_1": 29,
            "move_all_by_2": 1,
            "relocate_1": 129,
            "relocate_5": 77,
            "remove_1": 0,
            "rexchange_2_2": 112,
            "rexchange_2_3": 93,
            "rexchange_4_4": 52,
            "rrelocate_3": 77,
            "rrelocate_4": 64,
            "two_opt": 504
        },
        "rate": {
            "centered_exchange_1": 0.060465116053819656,
            "exchange_1_2": 0.19826339185237885,
            "exchange_2_2": 0.05499276518821716,
            "exchange_3_3": 0.05507246404886246,
            "exchange_3_4": 0.09011627733707428,
            "exchange_4_4": 0.04651162773370743,
            "exchange_ids": 0.36834532022476196,
            "insert_1": 0.0,
            "move_all_by_1": 0.053308822214603424,
            "move_all_by_2": 0.0018382353009656072,
            "relocate_1": 0.21078431606292725,
            "relocate_5": 0.12833333015441895,
            "remove_1": 0.0,
            "rexchange_2_2": 0.16741405427455902,
            "rexchange_2_3": 0.14133737981319427,
            "rexchange_4_4": 0.07999999821186066,
            "rrelocate_3": 0.13162393867969513,
            "rrelocate_4": 0.11428571492433548,
            "two_opt": 0.6649076342582703
        }
    },
    "last_improvement": 0,
    "name": "random_tsp-24-208-3",
    "solution": {
        "fitness": 1000829,
        "is_feasible": false,
        "permutation": [
            22,
            9,
            10,
            18,
            0,
            20,
            17,
            13,
            15,
            1,
            11,
            6,
            14,
            21,
            23,
            3,
            19,
            5,
            4,
            7,
            8,
            2,
            16,
            12
        ],
        "permutation_orig_ids": [
            "23",
            "10",
            "11",
            "19",
            "1",
            "21",
            "18",
            "14",
            "16",
            "2",
            "12",
            "7",
            "15",
            "22",
            "24",
            "4",
            "20",
            "6",
            "5",
            "8",
            "9",
            "3",
            "17",
            "13"
        ]
    },
    "steps": {
        "0": 1000829
    },
    "timeout": 3
}