{
    "config": {
        "allow_infeasible": true,
        "construction": "random_replicate",
        "ils_k": 6,
        "local_search": "CVND",
        "metaheuristic": "ILS",
        "num_threads": 8,
        "operators": [
            "insert_1",
            "remove_1",
            "two_opt",
            "exchange_ids",
            "exchange_1_2",
            "exchange_2_2",
            "exchange_3_3",
            "exchange_3_4",
            "exchange_4_4",
            "rexchange_2_2",
            "rexchange_2_3",
            "rexchange_4_4",
            "centered_exchange_1",
            "relocate_1",
            "relocate_5",
            "rrelocate_3",
            "rrelocate_4",
            "move_all_by_1",
            "move_all_by_2"
        ],
        "perturbation": [
            "random_double_bridge"
        ],
        "stop_on_feasible": true,
        "timeout": 3
    },
    "histogram": {
        "all": {
            "centered_exchange_1": 568,
            "exchange_1_2": 634,
            "exchange_2_2": 634,
            "exchange_3_3": 633,
            "exchange_3_4": 628,
            "exchange_4_4": 627,
            "exchange_ids": 639,
            "insert_1": 813,
            "move_all_by_1": 474,
            "move_all_by_2": 474,
            "relocate_1": 543,
            "relocate_5": 523,
            "remove_1": 813,
            "rexchange_2_2": 602,
            "rexchange_2_3": 585,
            "rexchange_4_4": 571,
            "rrelocate_3": 493,
            "rrelocate_4": 478,
            "two_opt": 682
        },
        "improving": {
            "centered_exchange_1": 19,
            "exchange_1_2": 117,
            "exchange_2_2": 26,
            "exchange_3_3": 49,
            "exchange_3_4": 68,
            "exchange_4_4": 25,
            "exchange_ids": 230,
            "insert_1": 0,
            "move_all_by_1": 11,
            "move_all_by_2": 1,
            "relocate_1": 93,
            "relocate_5": 65,
            "remove_1": 0,
            "rexchange_2_2": 106,
            "rexchange_2_3": 92,
            "rexchange_4_4": 55,
            "rrelocate_3": 71,
            "rrelocate_4": 49,
            "two_opt": 422
        },
        "rate": {
            "centered_exchange_1": 0.03345070406794548,
            "exchange_1_2": 0.18454258143901825,
            "exchange_2_2": 0.041009463369846344,
            "exchange_3_3": 0.07740916311740875,
            "exchange_3_4": 0.1082802563905716,
            "exchange_4_4": 0.03987240791320801,
            "exchange_ids": 0.3599373996257782,
            "insert_1": 0.0,
            "move_all_by_1": 0.02320675179362297,
            "move_all_by_2": 0.002109704539179802,
            "relocate_1": 0.1712707132101059,
            "relocate_5": 0.12428298592567444,
            "remove_1": 0.0,
            "rexchange_2_2": 0.17607973515987396,
            "rexchange_2_3": 0.15726496279239655,
            "rexchange_4_4": 0.09632223844528198,
            "rrelocate_3": 0.14401622116565704,
            "rrelocate_4": 0.10251045972108841,
            "two_opt": 0.6187683343887329
        }
    },
    "last_improvement": 3,
    "name": "random_tsp-24-238-18",
    "solution": {
        "fitness": 2000909,
        "is_feasible": false,
        "permutation": [
            6,
            8,
            18,
            23,
            15,
            17,
            20,
            12,
            3,
            1,
            13,
            7,
            0,
            11,
            5,
            4,
            9,
            22,
            14,
            19,
            2,
            16,
            10,
            21
        ],
        "permutation_orig_ids": [
            "7",
            "9",
            "19",
            "24",
            "16",
            "18",
            "21",
            "13",
            "4",
            "2",
            "14",
            "8",
            "1",
            "12",
            "6",
            "5",
            "10",
            "23",
            "15",
            "20",
            "3",
            "17",
            "11",
            "22"
        ]
    },
    "steps": {
        "0": 2000931,
        "1": 2000923,
        "3": 2000909
    },
    "timeout": 3
}