{
    "config": {
        "allow_infeasible": true,
        "construction": "random_replicate",
        "ils_k": 6,
        "local_search": "CVND",
        "metaheuristic": "ILS",
        "num_threads": 8,
        "operators": [
            "insert_1",
            "remove_1",
            "two_opt",
            "exchange_ids",
            "exchange_1_2",
            "exchange_2_2",
            "exchange_3_3",
            "exchange_3_4",
            "exchange_4_4",
            "rexchange_2_2",
            "rexchange_2_3",
            "rexchange_4_4",
            "centered_exchange_1",
            "relocate_1",
            "relocate_5",
            "rrelocate_3",
            "rrelocate_4",
            "move_all_by_1",
            "move_all_by_2"
        ],
        "perturbation": [
            "random_double_bridge"
        ],
        "stop_on_feasible": true,
        "timeout": 3
    },
    "histogram": {
        "all": {
            "centered_exchange_1": 81,
            "exchange_1_2": 87,
            "exchange_2_2": 87,
            "exchange_3_3": 87,
            "exchange_3_4": 87,
            "exchange_4_4": 87,
            "exchange_ids": 87,
            "insert_1": 108,
            "move_all_by_1": 67,
            "move_all_by_2": 67,
            "relocate_1": 77,
            "relocate_5": 76,
            "remove_1": 108,
            "rexchange_2_2": 85,
            "rexchange_2_3": 83,
            "rexchange_4_4": 82,
            "rrelocate_3": 73,
            "rrelocate_4": 67,
            "two_opt": 90
        },
        "improving": {
            "centered_exchange_1": 9,
            "exchange_1_2": 25,
            "exchange_2_2": 10,
            "exchange_3_3": 7,
            "exchange_3_4": 8,
            "exchange_4_4": 4,
            "exchange_ids": 31,
            "insert_1": 0,
            "move_all_by_1": 0,
            "move_all_by_2": 2,
            "relocate_1": 20,
            "relocate_5": 5,
            "remove_1": 0,
            "rexchange_2_2": 15,
            "rexchange_2_3": 13,
            "rexchange_4_4": 9,
            "rrelocate_3": 11,
            "rrelocate_4": 15,
            "two_opt": 62
        },
        "rate": {
            "centered_exchange_1": 0.1111111119389534,
            "exchange_1_2": 0.28735631704330444,
            "exchange_2_2": 0.1149425283074379,
            "exchange_3_3": 0.08045977354049683,
            "exchange_3_4": 0.09195402264595032,
            "exchange_4_4": 0.04597701132297516,
            "exchange_ids": 0.3563218414783478,
            "insert_1": 0.0,
            "move_all_by_1": 0.0,
            "move_all_by_2": 0.02985074557363987,
            "relocate_1": 0.25974026322364807,
            "relocate_5": 0.06578947603702545,
            "remove_1": 0.0,
            "rexchange_2_2": 0.1764705926179886,
            "rexchange_2_3": 0.15662650763988495,
            "rexchange_4_4": 0.10975609719753265,
            "rrelocate_3": 0.15068493783473969,
            "rrelocate_4": 0.2238806039094925,
            "two_opt": 0.6888889074325562
        }
    },
    "last_improvement": 0,
    "name": "random_tsp-24-220-16",
    "solution": {
        "fitness": 1117,
        "is_feasible": true,
        "permutation": [
            14,
            13,
            22,
            19,
            8,
            5,
            12,
            20,
            18,
            4,
            21,
            23,
            17,
            3,
            10,
            1,
            6,
            11,
            0,
            15,
            7,
            16,
            2,
            9
        ],
        "permutation_orig_ids": [
            "15",
            "14",
            "23",
            "20",
            "9",
            "6",
            "13",
            "21",
            "19",
            "5",
            "22",
            "24",
            "18",
            "4",
            "11",
            "2",
            "7",
            "12",
            "1",
            "16",
            "8",
            "17",
            "3",
            "10"
        ]
    },
    "steps": {
        "0": 1117
    },
    "timeout": 3
}