{
    "config": {
        "allow_infeasible": true,
        "construction": "random_replicate",
        "ils_k": 6,
        "local_search": "CVND",
        "metaheuristic": "ILS",
        "num_threads": 8,
        "operators": [
            "insert_1",
            "remove_1",
            "two_opt",
            "exchange_ids",
            "exchange_1_2",
            "exchange_2_2",
            "exchange_3_3",
            "exchange_3_4",
            "exchange_4_4",
            "rexchange_2_2",
            "rexchange_2_3",
            "rexchange_4_4",
            "centered_exchange_1",
            "relocate_1",
            "relocate_5",
            "rrelocate_3",
            "rrelocate_4",
            "move_all_by_1",
            "move_all_by_2"
        ],
        "perturbation": [
            "random_double_bridge"
        ],
        "stop_on_feasible": true,
        "timeout": 3
    },
    "histogram": {
        "all": {
            "centered_exchange_1": 520,
            "exchange_1_2": 603,
            "exchange_2_2": 594,
            "exchange_3_3": 582,
            "exchange_3_4": 573,
            "exchange_4_4": 568,
            "exchange_ids": 633,
            "insert_1": 825,
            "move_all_by_1": 454,
            "move_all_by_2": 454,
            "relocate_1": 483,
            "relocate_5": 473,
            "remove_1": 825,
            "rexchange_2_2": 558,
            "rexchange_2_3": 533,
            "rexchange_4_4": 521,
            "rrelocate_3": 462,
            "rrelocate_4": 457,
            "two_opt": 702
        },
        "improving": {
            "centered_exchange_1": 3,
            "exchange_1_2": 130,
            "exchange_2_2": 33,
            "exchange_3_3": 45,
            "exchange_3_4": 38,
            "exchange_4_4": 13,
            "exchange_ids": 233,
            "insert_1": 0,
            "move_all_by_1": 3,
            "move_all_by_2": 0,
            "relocate_1": 49,
            "relocate_5": 13,
            "remove_1": 0,
            "rexchange_2_2": 34,
            "rexchange_2_3": 48,
            "rexchange_4_4": 23,
            "rrelocate_3": 13,
            "rrelocate_4": 6,
            "two_opt": 374
        },
        "rate": {
            "centered_exchange_1": 0.005769230891019106,
            "exchange_1_2": 0.21558871865272522,
            "exchange_2_2": 0.0555555559694767,
            "exchange_3_3": 0.07731958478689194,
            "exchange_3_4": 0.06631762534379959,
            "exchange_4_4": 0.022887323051691055,
            "exchange_ids": 0.3680884540081024,
            "insert_1": 0.0,
            "move_all_by_1": 0.006607929710298777,
            "move_all_by_2": 0.0,
            "relocate_1": 0.10144927352666855,
            "relocate_5": 0.027484143152832985,
            "remove_1": 0.0,
            "rexchange_2_2": 0.06093189865350723,
            "rexchange_2_3": 0.09005628526210785,
            "rexchange_4_4": 0.04414587467908859,
            "rrelocate_3": 0.028138527646660805,
            "rrelocate_4": 0.013129102997481823,
            "two_opt": 0.5327635407447815
        }
    },
    "last_improvement": 0,
    "name": "random_tsp-24-253-12",
    "solution": {
        "fitness": 9000660,
        "is_feasible": false,
        "permutation": [
            20,
            17,
            4,
            22,
            0,
            2,
            7,
            10,
            18,
            23,
            14,
            1,
            3,
            19,
            15,
            6,
            9,
            13,
            12,
            5,
            11,
            21,
            16,
            8
        ],
        "permutation_orig_ids": [
            "21",
            "18",
            "5",
            "23",
            "1",
            "3",
            "8",
            "11",
            "19",
            "24",
            "15",
            "2",
            "4",
            "20",
            "16",
            "7",
            "10",
            "14",
            "13",
            "6",
            "12",
            "22",
            "17",
            "9"
        ]
    },
    "steps": {
        "0": 9000660
    },
    "timeout": 3
}