{
    "config": {
        "allow_infeasible": true,
        "construction": "random_replicate",
        "ils_k": 6,
        "local_search": "CVND",
        "metaheuristic": "ILS",
        "num_threads": 8,
        "operators": [
            "insert_1",
            "remove_1",
            "two_opt",
            "exchange_ids",
            "exchange_1_2",
            "exchange_2_2",
            "exchange_3_3",
            "exchange_3_4",
            "exchange_4_4",
            "rexchange_2_2",
            "rexchange_2_3",
            "rexchange_4_4",
            "centered_exchange_1",
            "relocate_1",
            "relocate_5",
            "rrelocate_3",
            "rrelocate_4",
            "move_all_by_1",
            "move_all_by_2"
        ],
        "perturbation": [
            "random_double_bridge"
        ],
        "stop_on_feasible": true,
        "timeout": 3
    },
    "histogram": {
        "all": {
            "centered_exchange_1": 601,
            "exchange_1_2": 674,
            "exchange_2_2": 674,
            "exchange_3_3": 674,
            "exchange_3_4": 674,
            "exchange_4_4": 671,
            "exchange_ids": 677,
            "insert_1": 882,
            "move_all_by_1": 540,
            "move_all_by_2": 540,
            "relocate_1": 585,
            "relocate_5": 578,
            "remove_1": 882,
            "rexchange_2_2": 654,
            "rexchange_2_3": 648,
            "rexchange_4_4": 639,
            "rrelocate_3": 555,
            "rrelocate_4": 544,
            "two_opt": 719
        },
        "improving": {
            "centered_exchange_1": 98,
            "exchange_1_2": 110,
            "exchange_2_2": 43,
            "exchange_3_3": 34,
            "exchange_3_4": 56,
            "exchange_4_4": 32,
            "exchange_ids": 271,
            "insert_1": 0,
            "move_all_by_1": 12,
            "move_all_by_2": 2,
            "relocate_1": 97,
            "relocate_5": 59,
            "remove_1": 0,
            "rexchange_2_2": 129,
            "rexchange_2_3": 67,
            "rexchange_4_4": 77,
            "rrelocate_3": 84,
            "rrelocate_4": 73,
            "two_opt": 509
        },
        "rate": {
            "centered_exchange_1": 0.16306155920028687,
            "exchange_1_2": 0.16320474445819855,
            "exchange_2_2": 0.0637982189655304,
            "exchange_3_3": 0.05044510215520859,
            "exchange_3_4": 0.0830860510468483,
            "exchange_4_4": 0.0476900152862072,
            "exchange_ids": 0.4002954065799713,
            "insert_1": 0.0,
            "move_all_by_1": 0.02222222276031971,
            "move_all_by_2": 0.003703703638166189,
            "relocate_1": 0.16581197082996368,
            "relocate_5": 0.10207612812519073,
            "remove_1": 0.0,
            "rexchange_2_2": 0.197247713804245,
            "rexchange_2_3": 0.10339505970478058,
            "rexchange_4_4": 0.12050078064203262,
            "rrelocate_3": 0.15135134756565094,
            "rrelocate_4": 0.13419117033481598,
            "two_opt": 0.7079277038574219
        }
    },
    "last_improvement": 0,
    "name": "random_tsp-24-218-9",
    "solution": {
        "fitness": 1001073,
        "is_feasible": false,
        "permutation": [
            21,
            8,
            14,
            6,
            9,
            0,
            12,
            11,
            15,
            3,
            1,
            19,
            22,
            13,
            10,
            17,
            4,
            20,
            23,
            7,
            18,
            2,
            5,
            16
        ],
        "permutation_orig_ids": [
            "22",
            "9",
            "15",
            "7",
            "10",
            "1",
            "13",
            "12",
            "16",
            "4",
            "2",
            "20",
            "23",
            "14",
            "11",
            "18",
            "5",
            "21",
            "24",
            "8",
            "19",
            "3",
            "6",
            "17"
        ]
    },
    "steps": {
        "0": 1001073
    },
    "timeout": 3
}