{
    "config": {
        "allow_infeasible": true,
        "construction": "random_replicate",
        "ils_k": 6,
        "local_search": "CVND",
        "metaheuristic": "ILS",
        "num_threads": 8,
        "operators": [
            "insert_1",
            "remove_1",
            "two_opt",
            "exchange_ids",
            "exchange_1_2",
            "exchange_2_2",
            "exchange_3_3",
            "exchange_3_4",
            "exchange_4_4",
            "rexchange_2_2",
            "rexchange_2_3",
            "rexchange_4_4",
            "centered_exchange_1",
            "relocate_1",
            "relocate_5",
            "rrelocate_3",
            "rrelocate_4",
            "move_all_by_1",
            "move_all_by_2"
        ],
        "perturbation": [
            "random_double_bridge"
        ],
        "stop_on_feasible": true,
        "timeout": 3
    },
    "histogram": {
        "all": {
            "centered_exchange_1": 536,
            "exchange_1_2": 633,
            "exchange_2_2": 629,
            "exchange_3_3": 621,
            "exchange_3_4": 614,
            "exchange_4_4": 609,
            "exchange_ids": 640,
            "insert_1": 802,
            "move_all_by_1": 446,
            "move_all_by_2": 446,
            "relocate_1": 514,
            "relocate_5": 491,
            "remove_1": 802,
            "rexchange_2_2": 586,
            "rexchange_2_3": 555,
            "rexchange_4_4": 537,
            "rrelocate_3": 466,
            "rrelocate_4": 447,
            "two_opt": 683
        },
        "improving": {
            "centered_exchange_1": 10,
            "exchange_1_2": 132,
            "exchange_2_2": 49,
            "exchange_3_3": 52,
            "exchange_3_4": 61,
            "exchange_4_4": 30,
            "exchange_ids": 229,
            "insert_1": 0,
            "move_all_by_1": 1,
            "move_all_by_2": 1,
            "relocate_1": 69,
            "relocate_5": 47,
            "remove_1": 0,
            "rexchange_2_2": 74,
            "rexchange_2_3": 79,
            "rexchange_4_4": 42,
            "rrelocate_3": 39,
            "rrelocate_4": 26,
            "two_opt": 410
        },
        "rate": {
            "centered_exchange_1": 0.018656715750694275,
            "exchange_1_2": 0.20853079855442047,
            "exchange_2_2": 0.0779014304280281,
            "exchange_3_3": 0.08373591303825378,
            "exchange_3_4": 0.0993485376238823,
            "exchange_4_4": 0.04926108196377754,
            "exchange_ids": 0.3578124940395355,
            "insert_1": 0.0,
            "move_all_by_1": 0.0022421525791287422,
            "move_all_by_2": 0.0022421525791287422,
            "relocate_1": 0.1342412382364273,
            "relocate_5": 0.09572301059961319,
            "remove_1": 0.0,
            "rexchange_2_2": 0.12627986073493958,
            "rexchange_2_3": 0.14234234392642975,
            "rexchange_4_4": 0.07821229100227356,
            "rrelocate_3": 0.08369098603725433,
            "rrelocate_4": 0.058165546506643295,
            "two_opt": 0.6002928018569946
        }
    },
    "last_improvement": 0,
    "name": "random_tsp-24-248-9",
    "solution": {
        "fitness": 4001174,
        "is_feasible": false,
        "permutation": [
            22,
            15,
            18,
            13,
            6,
            8,
            14,
            7,
            23,
            2,
            20,
            19,
            4,
            12,
            9,
            0,
            21,
            5,
            11,
            3,
            1,
            16,
            17,
            10
        ],
        "permutation_orig_ids": [
            "23",
            "16",
            "19",
            "14",
            "7",
            "9",
            "15",
            "8",
            "24",
            "3",
            "21",
            "20",
            "5",
            "13",
            "10",
            "1",
            "22",
            "6",
            "12",
            "4",
            "2",
            "17",
            "18",
            "11"
        ]
    },
    "steps": {
        "0": 4001174
    },
    "timeout": 3
}