{
    "config": {
        "allow_infeasible": true,
        "construction": "random_replicate",
        "ils_k": 6,
        "local_search": "CVND",
        "metaheuristic": "ILS",
        "num_threads": 8,
        "operators": [
            "insert_1",
            "remove_1",
            "two_opt",
            "exchange_ids",
            "exchange_1_2",
            "exchange_2_2",
            "exchange_3_3",
            "exchange_3_4",
            "exchange_4_4",
            "rexchange_2_2",
            "rexchange_2_3",
            "rexchange_4_4",
            "centered_exchange_1",
            "relocate_1",
            "relocate_5",
            "rrelocate_3",
            "rrelocate_4",
            "move_all_by_1",
            "move_all_by_2"
        ],
        "perturbation": [
            "random_double_bridge"
        ],
        "stop_on_feasible": true,
        "timeout": 3
    },
    "histogram": {
        "all": {
            "centered_exchange_1": 577,
            "exchange_1_2": 627,
            "exchange_2_2": 626,
            "exchange_3_3": 625,
            "exchange_3_4": 621,
            "exchange_4_4": 621,
            "exchange_ids": 629,
            "insert_1": 822,
            "move_all_by_1": 488,
            "move_all_by_2": 488,
            "relocate_1": 550,
            "relocate_5": 541,
            "remove_1": 822,
            "rexchange_2_2": 608,
            "rexchange_2_3": 606,
            "rexchange_4_4": 587,
            "rrelocate_3": 504,
            "rrelocate_4": 488,
            "two_opt": 686
        },
        "improving": {
            "centered_exchange_1": 53,
            "exchange_1_2": 97,
            "exchange_2_2": 42,
            "exchange_3_3": 36,
            "exchange_3_4": 55,
            "exchange_4_4": 26,
            "exchange_ids": 231,
            "insert_1": 0,
            "move_all_by_1": 4,
            "move_all_by_2": 2,
            "relocate_1": 112,
            "relocate_5": 41,
            "remove_1": 0,
            "rexchange_2_2": 86,
            "rexchange_2_3": 66,
            "rexchange_4_4": 73,
            "rrelocate_3": 113,
            "rrelocate_4": 50,
            "two_opt": 430
        },
        "rate": {
            "centered_exchange_1": 0.09185441583395004,
            "exchange_1_2": 0.15470494329929352,
            "exchange_2_2": 0.0670926496386528,
            "exchange_3_3": 0.0575999990105629,
            "exchange_3_4": 0.08856682479381561,
            "exchange_4_4": 0.04186795651912689,
            "exchange_ids": 0.36724960803985596,
            "insert_1": 0.0,
            "move_all_by_1": 0.008196720853447914,
            "move_all_by_2": 0.004098360426723957,
            "relocate_1": 0.20363636314868927,
            "relocate_5": 0.07578558474779129,
            "remove_1": 0.0,
            "rexchange_2_2": 0.14144736528396606,
            "rexchange_2_3": 0.10891088843345642,
            "rexchange_4_4": 0.12436115741729736,
            "rrelocate_3": 0.22420634329319,
            "rrelocate_4": 0.10245901346206665,
            "two_opt": 0.6268221735954285
        }
    },
    "last_improvement": 0,
    "name": "random_tsp-24-232-4",
    "solution": {
        "fitness": 1001068,
        "is_feasible": false,
        "permutation": [
            8,
            6,
            7,
            21,
            14,
            22,
            9,
            23,
            19,
            11,
            13,
            17,
            18,
            2,
            15,
            3,
            0,
            16,
            20,
            12,
            10,
            5,
            4,
            1
        ],
        "permutation_orig_ids": [
            "9",
            "7",
            "8",
            "22",
            "15",
            "23",
            "10",
            "24",
            "20",
            "12",
            "14",
            "18",
            "19",
            "3",
            "16",
            "4",
            "1",
            "17",
            "21",
            "13",
            "11",
            "6",
            "5",
            "2"
        ]
    },
    "steps": {
        "0": 1001068
    },
    "timeout": 3
}