{
    "config": {
        "allow_infeasible": true,
        "construction": "random_replicate",
        "ils_k": 6,
        "local_search": "CVND",
        "metaheuristic": "ILS",
        "num_threads": 8,
        "operators": [
            "insert_1",
            "remove_1",
            "two_opt",
            "exchange_ids",
            "exchange_1_2",
            "exchange_2_2",
            "exchange_3_3",
            "exchange_3_4",
            "exchange_4_4",
            "rexchange_2_2",
            "rexchange_2_3",
            "rexchange_4_4",
            "centered_exchange_1",
            "relocate_1",
            "relocate_5",
            "rrelocate_3",
            "rrelocate_4",
            "move_all_by_1",
            "move_all_by_2"
        ],
        "perturbation": [
            "random_double_bridge"
        ],
        "stop_on_feasible": true,
        "timeout": 3
    },
    "histogram": {
        "all": {
            "centered_exchange_1": 159,
            "exchange_1_2": 174,
            "exchange_2_2": 174,
            "exchange_3_3": 174,
            "exchange_3_4": 174,
            "exchange_4_4": 174,
            "exchange_ids": 180,
            "insert_1": 228,
            "move_all_by_1": 143,
            "move_all_by_2": 143,
            "relocate_1": 158,
            "relocate_5": 153,
            "remove_1": 228,
            "rexchange_2_2": 167,
            "rexchange_2_3": 164,
            "rexchange_4_4": 159,
            "rrelocate_3": 148,
            "rrelocate_4": 143,
            "two_opt": 187
        },
        "improving": {
            "centered_exchange_1": 10,
            "exchange_1_2": 41,
            "exchange_2_2": 15,
            "exchange_3_3": 14,
            "exchange_3_4": 14,
            "exchange_4_4": 8,
            "exchange_ids": 54,
            "insert_1": 0,
            "move_all_by_1": 0,
            "move_all_by_2": 1,
            "relocate_1": 25,
            "relocate_5": 25,
            "remove_1": 0,
            "rexchange_2_2": 22,
            "rexchange_2_3": 24,
            "rexchange_4_4": 23,
            "rrelocate_3": 24,
            "rrelocate_4": 24,
            "two_opt": 130
        },
        "rate": {
            "centered_exchange_1": 0.0628930851817131,
            "exchange_1_2": 0.23563218116760254,
            "exchange_2_2": 0.08620689809322357,
            "exchange_3_3": 0.08045977354049683,
            "exchange_3_4": 0.08045977354049683,
            "exchange_4_4": 0.04597701132297516,
            "exchange_ids": 0.30000001192092896,
            "insert_1": 0.0,
            "move_all_by_1": 0.0,
            "move_all_by_2": 0.00699300691485405,
            "relocate_1": 0.1582278460264206,
            "relocate_5": 0.16339869797229767,
            "remove_1": 0.0,
            "rexchange_2_2": 0.13173653185367584,
            "rexchange_2_3": 0.1463414579629898,
            "rexchange_4_4": 0.14465409517288208,
            "rrelocate_3": 0.1621621549129486,
            "rrelocate_4": 0.1678321659564972,
            "two_opt": 0.6951871514320374
        }
    },
    "last_improvement": 1,
    "name": "random_tsp-24-231-17",
    "solution": {
        "fitness": 1324,
        "is_feasible": true,
        "permutation": [
            20,
            15,
            21,
            18,
            10,
            19,
            8,
            13,
            12,
            23,
            17,
            14,
            5,
            22,
            3,
            2,
            0,
            16,
            7,
            9,
            4,
            6,
            11,
            1
        ],
        "permutation_orig_ids": [
            "21",
            "16",
            "22",
            "19",
            "11",
            "20",
            "9",
            "14",
            "13",
            "24",
            "18",
            "15",
            "6",
            "23",
            "4",
            "3",
            "1",
            "17",
            "8",
            "10",
            "5",
            "7",
            "12",
            "2"
        ]
    },
    "steps": {
        "0": 1001174,
        "1": 1324
    },
    "timeout": 3
}