{
    "config": {
        "allow_infeasible": true,
        "construction": "random_replicate",
        "ils_k": 6,
        "local_search": "CVND",
        "metaheuristic": "ILS",
        "num_threads": 8,
        "operators": [
            "insert_1",
            "remove_1",
            "two_opt",
            "exchange_ids",
            "exchange_1_2",
            "exchange_2_2",
            "exchange_3_3",
            "exchange_3_4",
            "exchange_4_4",
            "rexchange_2_2",
            "rexchange_2_3",
            "rexchange_4_4",
            "centered_exchange_1",
            "relocate_1",
            "relocate_5",
            "rrelocate_3",
            "rrelocate_4",
            "move_all_by_1",
            "move_all_by_2"
        ],
        "perturbation": [
            "random_double_bridge"
        ],
        "stop_on_feasible": true,
        "timeout": 3
    },
    "histogram": {
        "all": {
            "centered_exchange_1": 519,
            "exchange_1_2": 618,
            "exchange_2_2": 617,
            "exchange_3_3": 609,
            "exchange_3_4": 606,
            "exchange_4_4": 605,
            "exchange_ids": 640,
            "insert_1": 795,
            "move_all_by_1": 431,
            "move_all_by_2": 431,
            "relocate_1": 492,
            "relocate_5": 479,
            "remove_1": 795,
            "rexchange_2_2": 573,
            "rexchange_2_3": 563,
            "rexchange_4_4": 549,
            "rrelocate_3": 451,
            "rrelocate_4": 431,
            "two_opt": 690
        },
        "improving": {
            "centered_exchange_1": 51,
            "exchange_1_2": 110,
            "exchange_2_2": 37,
            "exchange_3_3": 44,
            "exchange_3_4": 44,
            "exchange_4_4": 19,
            "exchange_ids": 225,
            "insert_1": 0,
            "move_all_by_1": 0,
            "move_all_by_2": 0,
            "relocate_1": 48,
            "relocate_5": 30,
            "remove_1": 0,
            "rexchange_2_2": 80,
            "rexchange_2_3": 46,
            "rexchange_4_4": 40,
            "rrelocate_3": 40,
            "rrelocate_4": 26,
            "two_opt": 378
        },
        "rate": {
            "centered_exchange_1": 0.09826589375734329,
            "exchange_1_2": 0.1779935210943222,
            "exchange_2_2": 0.059967584908008575,
            "exchange_3_3": 0.07224959135055542,
            "exchange_3_4": 0.07260726392269135,
            "exchange_4_4": 0.03140495717525482,
            "exchange_ids": 0.3515625,
            "insert_1": 0.0,
            "move_all_by_1": 0.0,
            "move_all_by_2": 0.0,
            "relocate_1": 0.09756097197532654,
            "relocate_5": 0.06263048201799393,
            "remove_1": 0.0,
            "rexchange_2_2": 0.13961605727672577,
            "rexchange_2_3": 0.08170515298843384,
            "rexchange_4_4": 0.0728597417473793,
            "rrelocate_3": 0.08869179338216782,
            "rrelocate_4": 0.06032482534646988,
            "two_opt": 0.5478261113166809
        }
    },
    "last_improvement": 0,
    "name": "random_tsp-24-246-5",
    "solution": {
        "fitness": 6000849,
        "is_feasible": false,
        "permutation": [
            5,
            2,
            3,
            21,
            19,
            16,
            14,
            15,
            20,
            17,
            13,
            0,
            9,
            18,
            6,
            23,
            11,
            12,
            4,
            7,
            1,
            10,
            22,
            8
        ],
        "permutation_orig_ids": [
            "6",
            "3",
            "4",
            "22",
            "20",
            "17",
            "15",
            "16",
            "21",
            "18",
            "14",
            "1",
            "10",
            "19",
            "7",
            "24",
            "12",
            "13",
            "5",
            "8",
            "2",
            "11",
            "23",
            "9"
        ]
    },
    "steps": {
        "0": 6000849
    },
    "timeout": 3
}