{
    "config": {
        "allow_infeasible": true,
        "construction": "random_replicate",
        "ils_k": 6,
        "local_search": "CVND",
        "metaheuristic": "ILS",
        "num_threads": 8,
        "operators": [
            "insert_1",
            "remove_1",
            "two_opt",
            "exchange_ids",
            "exchange_1_2",
            "exchange_2_2",
            "exchange_3_3",
            "exchange_3_4",
            "exchange_4_4",
            "rexchange_2_2",
            "rexchange_2_3",
            "rexchange_4_4",
            "centered_exchange_1",
            "relocate_1",
            "relocate_5",
            "rrelocate_3",
            "rrelocate_4",
            "move_all_by_1",
            "move_all_by_2"
        ],
        "perturbation": [
            "random_double_bridge"
        ],
        "stop_on_feasible": true,
        "timeout": 3
    },
    "histogram": {
        "all": {
            "centered_exchange_1": 650,
            "exchange_1_2": 711,
            "exchange_2_2": 701,
            "exchange_3_3": 701,
            "exchange_3_4": 697,
            "exchange_4_4": 696,
            "exchange_ids": 715,
            "insert_1": 877,
            "move_all_by_1": 504,
            "move_all_by_2": 503,
            "relocate_1": 589,
            "relocate_5": 576,
            "remove_1": 877,
            "rexchange_2_2": 682,
            "rexchange_2_3": 671,
            "rexchange_4_4": 657,
            "rrelocate_3": 560,
            "rrelocate_4": 516,
            "two_opt": 769
        },
        "improving": {
            "centered_exchange_1": 27,
            "exchange_1_2": 145,
            "exchange_2_2": 71,
            "exchange_3_3": 33,
            "exchange_3_4": 74,
            "exchange_4_4": 35,
            "exchange_ids": 270,
            "insert_1": 0,
            "move_all_by_1": 23,
            "move_all_by_2": 2,
            "relocate_1": 159,
            "relocate_5": 50,
            "remove_1": 0,
            "rexchange_2_2": 122,
            "rexchange_2_3": 111,
            "rexchange_4_4": 72,
            "rrelocate_3": 82,
            "rrelocate_4": 92,
            "two_opt": 447
        },
        "rate": {
            "centered_exchange_1": 0.04153846204280853,
            "exchange_1_2": 0.20393811166286469,
            "exchange_2_2": 0.10128387808799744,
            "exchange_3_3": 0.047075606882572174,
            "exchange_3_4": 0.10616929829120636,
            "exchange_4_4": 0.05028735473752022,
            "exchange_ids": 0.3776223659515381,
            "insert_1": 0.0,
            "move_all_by_1": 0.0456349216401577,
            "move_all_by_2": 0.003976142965257168,
            "relocate_1": 0.2699490785598755,
            "relocate_5": 0.0868055522441864,
            "remove_1": 0.0,
            "rexchange_2_2": 0.17888562381267548,
            "rexchange_2_3": 0.16542473435401917,
            "rexchange_4_4": 0.10958904027938843,
            "rrelocate_3": 0.14642857015132904,
            "rrelocate_4": 0.1782945692539215,
            "two_opt": 0.5812743902206421
        }
    },
    "last_improvement": 0,
    "name": "random_tsp-24-212-7",
    "solution": {
        "fitness": 1000860,
        "is_feasible": false,
        "permutation": [
            5,
            11,
            14,
            8,
            20,
            23,
            6,
            1,
            13,
            17,
            12,
            15,
            19,
            9,
            7,
            10,
            21,
            18,
            2,
            3,
            0,
            4,
            16,
            22
        ],
        "permutation_orig_ids": [
            "6",
            "12",
            "15",
            "9",
            "21",
            "24",
            "7",
            "2",
            "14",
            "18",
            "13",
            "16",
            "20",
            "10",
            "8",
            "11",
            "22",
            "19",
            "3",
            "4",
            "1",
            "5",
            "17",
            "23"
        ]
    },
    "steps": {
        "0": 1000860
    },
    "timeout": 3
}