{
    "config": {
        "allow_infeasible": true,
        "construction": "random_replicate",
        "ils_k": 6,
        "local_search": "CVND",
        "metaheuristic": "ILS",
        "num_threads": 8,
        "operators": [
            "insert_1",
            "remove_1",
            "two_opt",
            "exchange_ids",
            "exchange_1_2",
            "exchange_2_2",
            "exchange_3_3",
            "exchange_3_4",
            "exchange_4_4",
            "rexchange_2_2",
            "rexchange_2_3",
            "rexchange_4_4",
            "centered_exchange_1",
            "relocate_1",
            "relocate_5",
            "rrelocate_3",
            "rrelocate_4",
            "move_all_by_1",
            "move_all_by_2"
        ],
        "perturbation": [
            "random_double_bridge"
        ],
        "stop_on_feasible": true,
        "timeout": 3
    },
    "histogram": {
        "all": {
            "centered_exchange_1": 488,
            "exchange_1_2": 568,
            "exchange_2_2": 562,
            "exchange_3_3": 556,
            "exchange_3_4": 552,
            "exchange_4_4": 551,
            "exchange_ids": 598,
            "insert_1": 794,
            "move_all_by_1": 441,
            "move_all_by_2": 440,
            "relocate_1": 459,
            "relocate_5": 449,
            "remove_1": 794,
            "rexchange_2_2": 535,
            "rexchange_2_3": 513,
            "rexchange_4_4": 492,
            "rrelocate_3": 443,
            "rrelocate_4": 441,
            "two_opt": 668
        },
        "improving": {
            "centered_exchange_1": 4,
            "exchange_1_2": 111,
            "exchange_2_2": 29,
            "exchange_3_3": 22,
            "exchange_3_4": 21,
            "exchange_4_4": 9,
            "exchange_ids": 207,
            "insert_1": 0,
            "move_all_by_1": 0,
            "move_all_by_2": 1,
            "relocate_1": 36,
            "relocate_5": 10,
            "remove_1": 0,
            "rexchange_2_2": 37,
            "rexchange_2_3": 44,
            "rexchange_4_4": 33,
            "rrelocate_3": 8,
            "rrelocate_4": 12,
            "two_opt": 374
        },
        "rate": {
            "centered_exchange_1": 0.008196720853447914,
            "exchange_1_2": 0.19542253017425537,
            "exchange_2_2": 0.05160142481327057,
            "exchange_3_3": 0.03956834599375725,
            "exchange_3_4": 0.03804347664117813,
            "exchange_4_4": 0.016333937644958496,
            "exchange_ids": 0.3461538553237915,
            "insert_1": 0.0,
            "move_all_by_1": 0.0,
            "move_all_by_2": 0.0022727272007614374,
            "relocate_1": 0.0784313753247261,
            "relocate_5": 0.022271715104579926,
            "remove_1": 0.0,
            "rexchange_2_2": 0.0691588819026947,
            "rexchange_2_3": 0.08576998114585876,
            "rexchange_4_4": 0.06707317382097244,
            "rrelocate_3": 0.018058691173791885,
            "rrelocate_4": 0.027210883796215057,
            "two_opt": 0.559880256652832
        }
    },
    "last_improvement": 0,
    "name": "random_tsp-24-262-5",
    "solution": {
        "fitness": 10000635,
        "is_feasible": false,
        "permutation": [
            2,
            11,
            20,
            0,
            3,
            7,
            14,
            15,
            9,
            18,
            6,
            22,
            17,
            4,
            19,
            10,
            23,
            1,
            13,
            5,
            16,
            12,
            8,
            21
        ],
        "permutation_orig_ids": [
            "3",
            "12",
            "21",
            "1",
            "4",
            "8",
            "15",
            "16",
            "10",
            "19",
            "7",
            "23",
            "18",
            "5",
            "20",
            "11",
            "24",
            "2",
            "14",
            "6",
            "17",
            "13",
            "9",
            "22"
        ]
    },
    "steps": {
        "0": 10000635
    },
    "timeout": 3
}