{
    "config": {
        "allow_infeasible": true,
        "construction": "random_replicate",
        "ils_k": 6,
        "local_search": "CVND",
        "metaheuristic": "ILS",
        "num_threads": 8,
        "operators": [
            "insert_1",
            "remove_1",
            "two_opt",
            "exchange_ids",
            "exchange_1_2",
            "exchange_2_2",
            "exchange_3_3",
            "exchange_3_4",
            "exchange_4_4",
            "rexchange_2_2",
            "rexchange_2_3",
            "rexchange_4_4",
            "centered_exchange_1",
            "relocate_1",
            "relocate_5",
            "rrelocate_3",
            "rrelocate_4",
            "move_all_by_1",
            "move_all_by_2"
        ],
        "perturbation": [
            "random_double_bridge"
        ],
        "stop_on_feasible": true,
        "timeout": 3
    },
    "histogram": {
        "all": {
            "centered_exchange_1": 551,
            "exchange_1_2": 615,
            "exchange_2_2": 615,
            "exchange_3_3": 615,
            "exchange_3_4": 615,
            "exchange_4_4": 615,
            "exchange_ids": 623,
            "insert_1": 757,
            "move_all_by_1": 448,
            "move_all_by_2": 448,
            "relocate_1": 523,
            "relocate_5": 496,
            "remove_1": 757,
            "rexchange_2_2": 580,
            "rexchange_2_3": 574,
            "rexchange_4_4": 560,
            "rrelocate_3": 486,
            "rrelocate_4": 449,
            "two_opt": 666
        },
        "improving": {
            "centered_exchange_1": 28,
            "exchange_1_2": 113,
            "exchange_2_2": 35,
            "exchange_3_3": 30,
            "exchange_3_4": 36,
            "exchange_4_4": 17,
            "exchange_ids": 222,
            "insert_1": 0,
            "move_all_by_1": 6,
            "move_all_by_2": 5,
            "relocate_1": 113,
            "relocate_5": 69,
            "remove_1": 0,
            "rexchange_2_2": 109,
            "rexchange_2_3": 68,
            "rexchange_4_4": 72,
            "rrelocate_3": 41,
            "rrelocate_4": 67,
            "two_opt": 387
        },
        "rate": {
            "centered_exchange_1": 0.050816696137189865,
            "exchange_1_2": 0.18373984098434448,
            "exchange_2_2": 0.056910570710897446,
            "exchange_3_3": 0.04878048598766327,
            "exchange_3_4": 0.0585365854203701,
            "exchange_4_4": 0.027642276138067245,
            "exchange_ids": 0.35634028911590576,
            "insert_1": 0.0,
            "move_all_by_1": 0.013392857275903225,
            "move_all_by_2": 0.01116071455180645,
            "relocate_1": 0.21606118977069855,
            "relocate_5": 0.1391129046678543,
            "remove_1": 0.0,
            "rexchange_2_2": 0.18793103098869324,
            "rexchange_2_3": 0.11846689879894257,
            "rexchange_4_4": 0.12857143580913544,
            "rrelocate_3": 0.08436214178800583,
            "rrelocate_4": 0.14922049641609192,
            "two_opt": 0.5810810923576355
        }
    },
    "last_improvement": 0,
    "name": "random_tsp-24-238-17",
    "solution": {
        "fitness": 1001059,
        "is_feasible": false,
        "permutation": [
            9,
            0,
            3,
            4,
            14,
            5,
            15,
            22,
            1,
            18,
            11,
            20,
            16,
            10,
            23,
            19,
            17,
            21,
            8,
            12,
            6,
            7,
            13,
            2
        ],
        "permutation_orig_ids": [
            "10",
            "1",
            "4",
            "5",
            "15",
            "6",
            "16",
            "23",
            "2",
            "19",
            "12",
            "21",
            "17",
            "11",
            "24",
            "20",
            "18",
            "22",
            "9",
            "13",
            "7",
            "8",
            "14",
            "3"
        ]
    },
    "steps": {
        "0": 1001059
    },
    "timeout": 3
}