{
    "config": {
        "allow_infeasible": true,
        "construction": "random_replicate",
        "ils_k": 6,
        "local_search": "CVND",
        "metaheuristic": "ILS",
        "num_threads": 8,
        "operators": [
            "insert_1",
            "remove_1",
            "two_opt",
            "exchange_ids",
            "exchange_1_2",
            "exchange_2_2",
            "exchange_3_3",
            "exchange_3_4",
            "exchange_4_4",
            "rexchange_2_2",
            "rexchange_2_3",
            "rexchange_4_4",
            "centered_exchange_1",
            "relocate_1",
            "relocate_5",
            "rrelocate_3",
            "rrelocate_4",
            "move_all_by_1",
            "move_all_by_2"
        ],
        "perturbation": [
            "random_double_bridge"
        ],
        "stop_on_feasible": true,
        "timeout": 3
    },
    "histogram": {
        "all": {
            "centered_exchange_1": 487,
            "exchange_1_2": 532,
            "exchange_2_2": 523,
            "exchange_3_3": 518,
            "exchange_3_4": 514,
            "exchange_4_4": 513,
            "exchange_ids": 572,
            "insert_1": 805,
            "move_all_by_1": 479,
            "move_all_by_2": 479,
            "relocate_1": 485,
            "relocate_5": 483,
            "remove_1": 805,
            "rexchange_2_2": 498,
            "rexchange_2_3": 493,
            "rexchange_4_4": 490,
            "rrelocate_3": 481,
            "rrelocate_4": 480,
            "two_opt": 634
        },
        "improving": {
            "centered_exchange_1": 3,
            "exchange_1_2": 73,
            "exchange_2_2": 24,
            "exchange_3_3": 12,
            "exchange_3_4": 11,
            "exchange_4_4": 3,
            "exchange_ids": 127,
            "insert_1": 0,
            "move_all_by_1": 0,
            "move_all_by_2": 0,
            "relocate_1": 2,
            "relocate_5": 2,
            "remove_1": 0,
            "rexchange_2_2": 20,
            "rexchange_2_3": 7,
            "rexchange_4_4": 5,
            "rrelocate_3": 2,
            "rrelocate_4": 1,
            "two_opt": 323
        },
        "rate": {
            "centered_exchange_1": 0.006160164251923561,
            "exchange_1_2": 0.13721804320812225,
            "exchange_2_2": 0.045889101922512054,
            "exchange_3_3": 0.023166023194789886,
            "exchange_3_4": 0.021400777623057365,
            "exchange_4_4": 0.005847953259944916,
            "exchange_ids": 0.2220279723405838,
            "insert_1": 0.0,
            "move_all_by_1": 0.0,
            "move_all_by_2": 0.0,
            "relocate_1": 0.004123711492866278,
            "relocate_5": 0.004140786826610565,
            "remove_1": 0.0,
            "rexchange_2_2": 0.0401606410741806,
            "rexchange_2_3": 0.014198782853782177,
            "rexchange_4_4": 0.010204081423580647,
            "rrelocate_3": 0.0041580041870474815,
            "rrelocate_4": 0.0020833334419876337,
            "two_opt": 0.5094637274742126
        }
    },
    "last_improvement": 0,
    "name": "random_tsp-24-1.00-53",
    "solution": {
        "fitness": 15000425,
        "is_feasible": false,
        "permutation": [
            12,
            4,
            5,
            2,
            11,
            6,
            14,
            15,
            13,
            17,
            20,
            8,
            7,
            10,
            23,
            22,
            1,
            9,
            18,
            3,
            21,
            16,
            0,
            19
        ],
        "permutation_orig_ids": [
            "13",
            "5",
            "6",
            "3",
            "12",
            "7",
            "15",
            "16",
            "14",
            "18",
            "21",
            "9",
            "8",
            "11",
            "24",
            "23",
            "2",
            "10",
            "19",
            "4",
            "22",
            "17",
            "1",
            "20"
        ]
    },
    "steps": {
        "0": 15000425
    },
    "timeout": 3
}