{
    "config": {
        "allow_infeasible": true,
        "construction": "random_replicate",
        "ils_k": 6,
        "local_search": "CVND",
        "metaheuristic": "ILS",
        "num_threads": 8,
        "operators": [
            "insert_1",
            "remove_1",
            "two_opt",
            "exchange_ids",
            "exchange_1_2",
            "exchange_2_2",
            "exchange_3_3",
            "exchange_3_4",
            "exchange_4_4",
            "rexchange_2_2",
            "rexchange_2_3",
            "rexchange_4_4",
            "centered_exchange_1",
            "relocate_1",
            "relocate_5",
            "rrelocate_3",
            "rrelocate_4",
            "move_all_by_1",
            "move_all_by_2"
        ],
        "perturbation": [
            "random_double_bridge"
        ],
        "stop_on_feasible": true,
        "timeout": 3
    },
    "histogram": {
        "all": {
            "centered_exchange_1": 490,
            "exchange_1_2": 553,
            "exchange_2_2": 539,
            "exchange_3_3": 530,
            "exchange_3_4": 526,
            "exchange_4_4": 526,
            "exchange_ids": 574,
            "insert_1": 787,
            "move_all_by_1": 478,
            "move_all_by_2": 478,
            "relocate_1": 478,
            "relocate_5": 478,
            "remove_1": 787,
            "rexchange_2_2": 514,
            "rexchange_2_3": 495,
            "rexchange_4_4": 491,
            "rrelocate_3": 478,
            "rrelocate_4": 478,
            "two_opt": 639
        },
        "improving": {
            "centered_exchange_1": 1,
            "exchange_1_2": 63,
            "exchange_2_2": 22,
            "exchange_3_3": 15,
            "exchange_3_4": 7,
            "exchange_4_4": 1,
            "exchange_ids": 114,
            "insert_1": 0,
            "move_all_by_1": 0,
            "move_all_by_2": 0,
            "relocate_1": 12,
            "relocate_5": 0,
            "remove_1": 0,
            "rexchange_2_2": 22,
            "rexchange_2_3": 22,
            "rexchange_4_4": 4,
            "rrelocate_3": 0,
            "rrelocate_4": 0,
            "two_opt": 298
        },
        "rate": {
            "centered_exchange_1": 0.0020408162381500006,
            "exchange_1_2": 0.1139240488409996,
            "exchange_2_2": 0.040816325694322586,
            "exchange_3_3": 0.028301887214183807,
            "exchange_3_4": 0.013307984918355942,
            "exchange_4_4": 0.0019011406693607569,
            "exchange_ids": 0.19860626757144928,
            "insert_1": 0.0,
            "move_all_by_1": 0.0,
            "move_all_by_2": 0.0,
            "relocate_1": 0.025104602798819542,
            "relocate_5": 0.0,
            "remove_1": 0.0,
            "rexchange_2_2": 0.04280155524611473,
            "rexchange_2_3": 0.04444444552063942,
            "rexchange_4_4": 0.008146639913320541,
            "rrelocate_3": 0.0,
            "rrelocate_4": 0.0,
            "two_opt": 0.4663536846637726
        }
    },
    "last_improvement": 0,
    "name": "random_tsp-24-0.75-42",
    "solution": {
        "fitness": 15000392,
        "is_feasible": false,
        "permutation": [
            12,
            20,
            21,
            11,
            17,
            10,
            4,
            16,
            18,
            14,
            7,
            6,
            5,
            3,
            23,
            9,
            19,
            1,
            15,
            0,
            13,
            2,
            8,
            22
        ],
        "permutation_orig_ids": [
            "13",
            "21",
            "22",
            "12",
            "18",
            "11",
            "5",
            "17",
            "19",
            "15",
            "8",
            "7",
            "6",
            "4",
            "24",
            "10",
            "20",
            "2",
            "16",
            "1",
            "14",
            "3",
            "9",
            "23"
        ]
    },
    "steps": {
        "0": 15000392
    },
    "timeout": 3
}