{
    "config": {
        "allow_infeasible": true,
        "construction": "random_replicate",
        "ils_k": 6,
        "local_search": "CVND",
        "metaheuristic": "ILS",
        "num_threads": 8,
        "operators": [
            "insert_1",
            "remove_1",
            "two_opt",
            "exchange_ids",
            "exchange_1_2",
            "exchange_2_2",
            "exchange_3_3",
            "exchange_3_4",
            "exchange_4_4",
            "rexchange_2_2",
            "rexchange_2_3",
            "rexchange_4_4",
            "centered_exchange_1",
            "relocate_1",
            "relocate_5",
            "rrelocate_3",
            "rrelocate_4",
            "move_all_by_1",
            "move_all_by_2"
        ],
        "perturbation": [
            "random_double_bridge"
        ],
        "stop_on_feasible": true,
        "timeout": 3
    },
    "histogram": {
        "all": {
            "centered_exchange_1": 25,
            "exchange_1_2": 26,
            "exchange_2_2": 26,
            "exchange_3_3": 26,
            "exchange_3_4": 26,
            "exchange_4_4": 26,
            "exchange_ids": 26,
            "insert_1": 34,
            "move_all_by_1": 23,
            "move_all_by_2": 23,
            "relocate_1": 23,
            "relocate_5": 23,
            "remove_1": 34,
            "rexchange_2_2": 25,
            "rexchange_2_3": 25,
            "rexchange_4_4": 25,
            "rrelocate_3": 23,
            "rrelocate_4": 23,
            "two_opt": 29
        },
        "improving": {
            "centered_exchange_1": 3,
            "exchange_1_2": 9,
            "exchange_2_2": 5,
            "exchange_3_3": 2,
            "exchange_3_4": 2,
            "exchange_4_4": 2,
            "exchange_ids": 11,
            "insert_1": 0,
            "move_all_by_1": 1,
            "move_all_by_2": 0,
            "relocate_1": 6,
            "relocate_5": 1,
            "remove_1": 0,
            "rexchange_2_2": 10,
            "rexchange_2_3": 6,
            "rexchange_4_4": 7,
            "rrelocate_3": 6,
            "rrelocate_4": 4,
            "two_opt": 23
        },
        "rate": {
            "centered_exchange_1": 0.11999999731779099,
            "exchange_1_2": 0.3461538553237915,
            "exchange_2_2": 0.19230769574642181,
            "exchange_3_3": 0.07692307978868484,
            "exchange_3_4": 0.07692307978868484,
            "exchange_4_4": 0.07692307978868484,
            "exchange_ids": 0.42307692766189575,
            "insert_1": 0.0,
            "move_all_by_1": 0.043478261679410934,
            "move_all_by_2": 0.0,
            "relocate_1": 0.260869562625885,
            "relocate_5": 0.043478261679410934,
            "remove_1": 0.0,
            "rexchange_2_2": 0.4000000059604645,
            "rexchange_2_3": 0.23999999463558197,
            "rexchange_4_4": 0.2800000011920929,
            "rrelocate_3": 0.260869562625885,
            "rrelocate_4": 0.17391304671764374,
            "two_opt": 0.7931034564971924
        }
    },
    "last_improvement": 0,
    "name": "random_tsp-24-6.25-55",
    "solution": {
        "fitness": 1055,
        "is_feasible": true,
        "permutation": [
            11,
            21,
            4,
            16,
            7,
            10,
            14,
            23,
            19,
            20,
            15,
            3,
            8,
            1,
            22,
            12,
            5,
            6,
            17,
            2,
            0,
            13,
            9,
            18
        ],
        "permutation_orig_ids": [
            "12",
            "22",
            "5",
            "17",
            "8",
            "11",
            "15",
            "24",
            "20",
            "21",
            "16",
            "4",
            "9",
            "2",
            "23",
            "13",
            "6",
            "7",
            "18",
            "3",
            "1",
            "14",
            "10",
            "19"
        ]
    },
    "steps": {
        "0": 1055
    },
    "timeout": 3
}