{
    "config": {
        "allow_infeasible": true,
        "construction": "random_replicate",
        "ils_k": 6,
        "local_search": "CVND",
        "metaheuristic": "ILS",
        "num_threads": 8,
        "operators": [
            "insert_1",
            "remove_1",
            "two_opt",
            "exchange_ids",
            "exchange_1_2",
            "exchange_2_2",
            "exchange_3_3",
            "exchange_3_4",
            "exchange_4_4",
            "rexchange_2_2",
            "rexchange_2_3",
            "rexchange_4_4",
            "centered_exchange_1",
            "relocate_1",
            "relocate_5",
            "rrelocate_3",
            "rrelocate_4",
            "move_all_by_1",
            "move_all_by_2"
        ],
        "perturbation": [
            "random_double_bridge"
        ],
        "stop_on_feasible": true,
        "timeout": 3
    },
    "histogram": {
        "all": {
            "centered_exchange_1": 569,
            "exchange_1_2": 630,
            "exchange_2_2": 630,
            "exchange_3_3": 628,
            "exchange_3_4": 624,
            "exchange_4_4": 624,
            "exchange_ids": 630,
            "insert_1": 830,
            "move_all_by_1": 499,
            "move_all_by_2": 499,
            "relocate_1": 545,
            "relocate_5": 531,
            "remove_1": 830,
            "rexchange_2_2": 607,
            "rexchange_2_3": 585,
            "rexchange_4_4": 578,
            "rrelocate_3": 517,
            "rrelocate_4": 503,
            "two_opt": 671
        },
        "improving": {
            "centered_exchange_1": 31,
            "exchange_1_2": 124,
            "exchange_2_2": 41,
            "exchange_3_3": 37,
            "exchange_3_4": 57,
            "exchange_4_4": 16,
            "exchange_ids": 224,
            "insert_1": 0,
            "move_all_by_1": 16,
            "move_all_by_2": 2,
            "relocate_1": 91,
            "relocate_5": 55,
            "remove_1": 0,
            "rexchange_2_2": 116,
            "rexchange_2_3": 96,
            "rexchange_4_4": 68,
            "rrelocate_3": 60,
            "rrelocate_4": 61,
            "two_opt": 460
        },
        "rate": {
            "centered_exchange_1": 0.05448154732584953,
            "exchange_1_2": 0.19682539999485016,
            "exchange_2_2": 0.06507936865091324,
            "exchange_3_3": 0.058917198330163956,
            "exchange_3_4": 0.09134615212678909,
            "exchange_4_4": 0.025641025975346565,
            "exchange_ids": 0.35555556416511536,
            "insert_1": 0.0,
            "move_all_by_1": 0.032064128667116165,
            "move_all_by_2": 0.004008016083389521,
            "relocate_1": 0.16697247326374054,
            "relocate_5": 0.10357815772294998,
            "remove_1": 0.0,
            "rexchange_2_2": 0.19110378623008728,
            "rexchange_2_3": 0.16410256922245026,
            "rexchange_4_4": 0.11764705926179886,
            "rrelocate_3": 0.11605415493249893,
            "rrelocate_4": 0.12127236276865005,
            "two_opt": 0.685543954372406
        }
    },
    "last_improvement": 1,
    "name": "random_tsp-24-4.00-23",
    "solution": {
        "fitness": 1001138,
        "is_feasible": false,
        "permutation": [
            7,
            22,
            10,
            15,
            18,
            9,
            2,
            13,
            5,
            0,
            20,
            11,
            6,
            16,
            4,
            8,
            14,
            21,
            23,
            12,
            3,
            17,
            19,
            1
        ],
        "permutation_orig_ids": [
            "8",
            "23",
            "11",
            "16",
            "19",
            "10",
            "3",
            "14",
            "6",
            "1",
            "21",
            "12",
            "7",
            "17",
            "5",
            "9",
            "15",
            "22",
            "24",
            "13",
            "4",
            "18",
            "20",
            "2"
        ]
    },
    "steps": {
        "0": 1001139,
        "1": 1001138
    },
    "timeout": 3
}