{
    "config": {
        "allow_infeasible": true,
        "construction": "random_replicate",
        "ils_k": 6,
        "local_search": "CVND",
        "metaheuristic": "ILS",
        "num_threads": 8,
        "operators": [
            "insert_1",
            "remove_1",
            "two_opt",
            "exchange_ids",
            "exchange_1_2",
            "exchange_2_2",
            "exchange_3_3",
            "exchange_3_4",
            "exchange_4_4",
            "rexchange_2_2",
            "rexchange_2_3",
            "rexchange_4_4",
            "centered_exchange_1",
            "relocate_1",
            "relocate_5",
            "rrelocate_3",
            "rrelocate_4",
            "move_all_by_1",
            "move_all_by_2"
        ],
        "perturbation": [
            "random_double_bridge"
        ],
        "stop_on_feasible": true,
        "timeout": 3
    },
    "histogram": {
        "all": {
            "centered_exchange_1": 508,
            "exchange_1_2": 599,
            "exchange_2_2": 596,
            "exchange_3_3": 589,
            "exchange_3_4": 583,
            "exchange_4_4": 583,
            "exchange_ids": 608,
            "insert_1": 762,
            "move_all_by_1": 425,
            "move_all_by_2": 425,
            "relocate_1": 492,
            "relocate_5": 471,
            "remove_1": 762,
            "rexchange_2_2": 568,
            "rexchange_2_3": 543,
            "rexchange_4_4": 522,
            "rrelocate_3": 439,
            "rrelocate_4": 425,
            "two_opt": 661
        },
        "improving": {
            "centered_exchange_1": 25,
            "exchange_1_2": 120,
            "exchange_2_2": 44,
            "exchange_3_3": 70,
            "exchange_3_4": 60,
            "exchange_4_4": 15,
            "exchange_ids": 230,
            "insert_1": 0,
            "move_all_by_1": 0,
            "move_all_by_2": 0,
            "relocate_1": 36,
            "relocate_5": 51,
            "remove_1": 0,
            "rexchange_2_2": 64,
            "rexchange_2_3": 73,
            "rexchange_4_4": 50,
            "rrelocate_3": 43,
            "rrelocate_4": 19,
            "two_opt": 380
        },
        "rate": {
            "centered_exchange_1": 0.04921259731054306,
            "exchange_1_2": 0.20033389329910278,
            "exchange_2_2": 0.07382550090551376,
            "exchange_3_3": 0.11884550005197525,
            "exchange_3_4": 0.10291595011949539,
            "exchange_4_4": 0.025728987529873848,
            "exchange_ids": 0.37828946113586426,
            "insert_1": 0.0,
            "move_all_by_1": 0.0,
            "move_all_by_2": 0.0,
            "relocate_1": 0.0731707289814949,
            "relocate_5": 0.1082802563905716,
            "remove_1": 0.0,
            "rexchange_2_2": 0.11267605423927307,
            "rexchange_2_3": 0.13443830609321594,
            "rexchange_4_4": 0.09578543901443481,
            "rrelocate_3": 0.09794988483190536,
            "rrelocate_4": 0.04470588266849518,
            "two_opt": 0.5748865604400635
        }
    },
    "last_improvement": 0,
    "name": "random_tsp-24-2.17-29",
    "solution": {
        "fitness": 7000800,
        "is_feasible": false,
        "permutation": [
            14,
            3,
            0,
            19,
            13,
            22,
            1,
            9,
            16,
            12,
            4,
            15,
            11,
            21,
            7,
            20,
            8,
            17,
            23,
            2,
            10,
            6,
            18,
            5
        ],
        "permutation_orig_ids": [
            "15",
            "4",
            "1",
            "20",
            "14",
            "23",
            "2",
            "10",
            "17",
            "13",
            "5",
            "16",
            "12",
            "22",
            "8",
            "21",
            "9",
            "18",
            "24",
            "3",
            "11",
            "7",
            "19",
            "6"
        ]
    },
    "steps": {
        "0": 7000800
    },
    "timeout": 3
}