{
    "config": {
        "allow_infeasible": true,
        "construction": "random_replicate",
        "ils_k": 6,
        "local_search": "CVND",
        "metaheuristic": "ILS",
        "num_threads": 8,
        "operators": [
            "insert_1",
            "remove_1",
            "two_opt",
            "exchange_ids",
            "exchange_1_2",
            "exchange_2_2",
            "exchange_3_3",
            "exchange_3_4",
            "exchange_4_4",
            "rexchange_2_2",
            "rexchange_2_3",
            "rexchange_4_4",
            "centered_exchange_1",
            "relocate_1",
            "relocate_5",
            "rrelocate_3",
            "rrelocate_4",
            "move_all_by_1",
            "move_all_by_2"
        ],
        "perturbation": [
            "random_double_bridge"
        ],
        "stop_on_feasible": true,
        "timeout": 3
    },
    "histogram": {
        "all": {
            "centered_exchange_1": 503,
            "exchange_1_2": 541,
            "exchange_2_2": 528,
            "exchange_3_3": 525,
            "exchange_3_4": 523,
            "exchange_4_4": 523,
            "exchange_ids": 567,
            "insert_1": 816,
            "move_all_by_1": 502,
            "move_all_by_2": 502,
            "relocate_1": 503,
            "relocate_5": 502,
            "remove_1": 816,
            "rexchange_2_2": 511,
            "rexchange_2_3": 507,
            "rexchange_4_4": 504,
            "rrelocate_3": 502,
            "rrelocate_4": 502,
            "two_opt": 660
        },
        "improving": {
            "centered_exchange_1": 1,
            "exchange_1_2": 53,
            "exchange_2_2": 16,
            "exchange_3_3": 9,
            "exchange_3_4": 8,
            "exchange_4_4": 0,
            "exchange_ids": 151,
            "insert_1": 0,
            "move_all_by_1": 0,
            "move_all_by_2": 0,
            "relocate_1": 0,
            "relocate_5": 1,
            "remove_1": 0,
            "rexchange_2_2": 13,
            "rexchange_2_3": 6,
            "rexchange_4_4": 3,
            "rrelocate_3": 0,
            "rrelocate_4": 0,
            "two_opt": 312
        },
        "rate": {
            "centered_exchange_1": 0.001988071482628584,
            "exchange_1_2": 0.09796673059463501,
            "exchange_2_2": 0.03030303120613098,
            "exchange_3_3": 0.017142856493592262,
            "exchange_3_4": 0.01529636699706316,
            "exchange_4_4": 0.0,
            "exchange_ids": 0.26631394028663635,
            "insert_1": 0.0,
            "move_all_by_1": 0.0,
            "move_all_by_2": 0.0,
            "relocate_1": 0.0,
            "relocate_5": 0.0019920319318771362,
            "remove_1": 0.0,
            "rexchange_2_2": 0.025440312922000885,
            "rexchange_2_3": 0.011834319680929184,
            "rexchange_4_4": 0.0059523810632526875,
            "rrelocate_3": 0.0,
            "rrelocate_4": 0.0,
            "two_opt": 0.4727272689342499
        }
    },
    "last_improvement": 0,
    "name": "random_tsp-24-0.83-66",
    "solution": {
        "fitness": 15000608,
        "is_feasible": false,
        "permutation": [
            19,
            0,
            8,
            7,
            5,
            15,
            11,
            23,
            1,
            17,
            20,
            13,
            3,
            18,
            6,
            4,
            10,
            22,
            14,
            16,
            21,
            9,
            2,
            12
        ],
        "permutation_orig_ids": [
            "20",
            "1",
            "9",
            "8",
            "6",
            "16",
            "12",
            "24",
            "2",
            "18",
            "21",
            "14",
            "4",
            "19",
            "7",
            "5",
            "11",
            "23",
            "15",
            "17",
            "22",
            "10",
            "3",
            "13"
        ]
    },
    "steps": {
        "0": 15000608
    },
    "timeout": 3
}