{
    "config": {
        "allow_infeasible": true,
        "construction": "random_replicate",
        "ils_k": 6,
        "local_search": "CVND",
        "metaheuristic": "ILS",
        "num_threads": 8,
        "operators": [
            "insert_1",
            "remove_1",
            "two_opt",
            "exchange_ids",
            "exchange_1_2",
            "exchange_2_2",
            "exchange_3_3",
            "exchange_3_4",
            "exchange_4_4",
            "rexchange_2_2",
            "rexchange_2_3",
            "rexchange_4_4",
            "centered_exchange_1",
            "relocate_1",
            "relocate_5",
            "rrelocate_3",
            "rrelocate_4",
            "move_all_by_1",
            "move_all_by_2"
        ],
        "perturbation": [
            "random_double_bridge"
        ],
        "stop_on_feasible": true,
        "timeout": 3
    },
    "histogram": {
        "all": {
            "centered_exchange_1": 594,
            "exchange_1_2": 669,
            "exchange_2_2": 669,
            "exchange_3_3": 668,
            "exchange_3_4": 667,
            "exchange_4_4": 667,
            "exchange_ids": 674,
            "insert_1": 844,
            "move_all_by_1": 515,
            "move_all_by_2": 514,
            "relocate_1": 581,
            "relocate_5": 579,
            "remove_1": 843,
            "rexchange_2_2": 638,
            "rexchange_2_3": 617,
            "rexchange_4_4": 596,
            "rrelocate_3": 553,
            "rrelocate_4": 517,
            "two_opt": 715
        },
        "improving": {
            "centered_exchange_1": 31,
            "exchange_1_2": 120,
            "exchange_2_2": 53,
            "exchange_3_3": 45,
            "exchange_3_4": 55,
            "exchange_4_4": 32,
            "exchange_ids": 236,
            "insert_1": 0,
            "move_all_by_1": 4,
            "move_all_by_2": 1,
            "relocate_1": 78,
            "relocate_5": 43,
            "remove_1": 0,
            "rexchange_2_2": 148,
            "rexchange_2_3": 121,
            "rexchange_4_4": 93,
            "rrelocate_3": 101,
            "rrelocate_4": 95,
            "two_opt": 463
        },
        "rate": {
            "centered_exchange_1": 0.05218855291604996,
            "exchange_1_2": 0.17937219142913818,
            "exchange_2_2": 0.07922272384166718,
            "exchange_3_3": 0.06736526638269424,
            "exchange_3_4": 0.08245877176523209,
            "exchange_4_4": 0.04797601327300072,
            "exchange_ids": 0.35014837980270386,
            "insert_1": 0.0,
            "move_all_by_1": 0.007766990456730127,
            "move_all_by_2": 0.0019455252913758159,
            "relocate_1": 0.13425129652023315,
            "relocate_5": 0.0742659792304039,
            "remove_1": 0.0,
            "rexchange_2_2": 0.23197491466999054,
            "rexchange_2_3": 0.19611020386219025,
            "rexchange_4_4": 0.1560402661561966,
            "rrelocate_3": 0.18264015018939972,
            "rrelocate_4": 0.1837524175643921,
            "two_opt": 0.6475524306297302
        }
    },
    "last_improvement": 0,
    "name": "random_tsp-24-4.58-48",
    "solution": {
        "fitness": 1000992,
        "is_feasible": false,
        "permutation": [
            15,
            5,
            21,
            4,
            23,
            10,
            12,
            7,
            22,
            16,
            1,
            18,
            3,
            13,
            14,
            2,
            8,
            6,
            0,
            17,
            11,
            9,
            20,
            19
        ],
        "permutation_orig_ids": [
            "16",
            "6",
            "22",
            "5",
            "24",
            "11",
            "13",
            "8",
            "23",
            "17",
            "2",
            "19",
            "4",
            "14",
            "15",
            "3",
            "9",
            "7",
            "1",
            "18",
            "12",
            "10",
            "21",
            "20"
        ]
    },
    "steps": {
        "0": 1000992
    },
    "timeout": 3
}