{
    "config": {
        "allow_infeasible": true,
        "construction": "random_replicate",
        "ils_k": 6,
        "local_search": "CVND",
        "metaheuristic": "ILS",
        "num_threads": 8,
        "operators": [
            "insert_1",
            "remove_1",
            "two_opt",
            "exchange_ids",
            "exchange_1_2",
            "exchange_2_2",
            "exchange_3_3",
            "exchange_3_4",
            "exchange_4_4",
            "rexchange_2_2",
            "rexchange_2_3",
            "rexchange_4_4",
            "centered_exchange_1",
            "relocate_1",
            "relocate_5",
            "rrelocate_3",
            "rrelocate_4",
            "move_all_by_1",
            "move_all_by_2"
        ],
        "perturbation": [
            "random_double_bridge"
        ],
        "stop_on_feasible": true,
        "timeout": 3
    },
    "histogram": {
        "all": {
            "centered_exchange_1": 520,
            "exchange_1_2": 578,
            "exchange_2_2": 574,
            "exchange_3_3": 572,
            "exchange_3_4": 572,
            "exchange_4_4": 572,
            "exchange_ids": 589,
            "insert_1": 800,
            "move_all_by_1": 459,
            "move_all_by_2": 459,
            "relocate_1": 502,
            "relocate_5": 492,
            "remove_1": 800,
            "rexchange_2_2": 558,
            "rexchange_2_3": 551,
            "rexchange_4_4": 538,
            "rrelocate_3": 472,
            "rrelocate_4": 460,
            "two_opt": 643
        },
        "improving": {
            "centered_exchange_1": 44,
            "exchange_1_2": 122,
            "exchange_2_2": 36,
            "exchange_3_3": 29,
            "exchange_3_4": 24,
            "exchange_4_4": 20,
            "exchange_ids": 238,
            "insert_1": 0,
            "move_all_by_1": 0,
            "move_all_by_2": 0,
            "relocate_1": 60,
            "relocate_5": 28,
            "remove_1": 0,
            "rexchange_2_2": 73,
            "rexchange_2_3": 52,
            "rexchange_4_4": 40,
            "rrelocate_3": 54,
            "rrelocate_4": 24,
            "two_opt": 423
        },
        "rate": {
            "centered_exchange_1": 0.08461538702249527,
            "exchange_1_2": 0.2110726684331894,
            "exchange_2_2": 0.06271777302026749,
            "exchange_3_3": 0.050699301064014435,
            "exchange_3_4": 0.0419580414891243,
            "exchange_4_4": 0.03496503457427025,
            "exchange_ids": 0.40407469868659973,
            "insert_1": 0.0,
            "move_all_by_1": 0.0,
            "move_all_by_2": 0.0,
            "relocate_1": 0.11952191591262817,
            "relocate_5": 0.056910570710897446,
            "remove_1": 0.0,
            "rexchange_2_2": 0.13082437217235565,
            "rexchange_2_3": 0.09437386691570282,
            "rexchange_4_4": 0.07434944063425064,
            "rrelocate_3": 0.1144067794084549,
            "rrelocate_4": 0.052173912525177,
            "two_opt": 0.6578537821769714
        }
    },
    "last_improvement": 0,
    "name": "random_tsp-24-2.50-67",
    "solution": {
        "fitness": 4001011,
        "is_feasible": false,
        "permutation": [
            9,
            11,
            5,
            2,
            20,
            0,
            15,
            21,
            12,
            14,
            23,
            4,
            1,
            13,
            10,
            6,
            8,
            17,
            22,
            16,
            19,
            7,
            18,
            3
        ],
        "permutation_orig_ids": [
            "10",
            "12",
            "6",
            "3",
            "21",
            "1",
            "16",
            "22",
            "13",
            "15",
            "24",
            "5",
            "2",
            "14",
            "11",
            "7",
            "9",
            "18",
            "23",
            "17",
            "20",
            "8",
            "19",
            "4"
        ]
    },
    "steps": {
        "0": 4001011
    },
    "timeout": 3
}