{
    "config": {
        "allow_infeasible": true,
        "construction": "random_replicate",
        "ils_k": 6,
        "local_search": "CVND",
        "metaheuristic": "ILS",
        "num_threads": 8,
        "operators": [
            "insert_1",
            "remove_1",
            "two_opt",
            "exchange_ids",
            "exchange_1_2",
            "exchange_2_2",
            "exchange_3_3",
            "exchange_3_4",
            "exchange_4_4",
            "rexchange_2_2",
            "rexchange_2_3",
            "rexchange_4_4",
            "centered_exchange_1",
            "relocate_1",
            "relocate_5",
            "rrelocate_3",
            "rrelocate_4",
            "move_all_by_1",
            "move_all_by_2"
        ],
        "perturbation": [
            "random_double_bridge"
        ],
        "stop_on_feasible": true,
        "timeout": 3
    },
    "histogram": {
        "all": {
            "centered_exchange_1": 534,
            "exchange_1_2": 608,
            "exchange_2_2": 599,
            "exchange_3_3": 595,
            "exchange_3_4": 586,
            "exchange_4_4": 584,
            "exchange_ids": 626,
            "insert_1": 800,
            "move_all_by_1": 448,
            "move_all_by_2": 447,
            "relocate_1": 474,
            "relocate_5": 467,
            "remove_1": 800,
            "rexchange_2_2": 568,
            "rexchange_2_3": 552,
            "rexchange_4_4": 544,
            "rrelocate_3": 459,
            "rrelocate_4": 451,
            "two_opt": 692
        },
        "improving": {
            "centered_exchange_1": 18,
            "exchange_1_2": 104,
            "exchange_2_2": 47,
            "exchange_3_3": 40,
            "exchange_3_4": 36,
            "exchange_4_4": 8,
            "exchange_ids": 221,
            "insert_1": 0,
            "move_all_by_1": 5,
            "move_all_by_2": 1,
            "relocate_1": 91,
            "relocate_5": 21,
            "remove_1": 0,
            "rexchange_2_2": 45,
            "rexchange_2_3": 28,
            "rexchange_4_4": 24,
            "rrelocate_3": 20,
            "rrelocate_4": 13,
            "two_opt": 367
        },
        "rate": {
            "centered_exchange_1": 0.033707864582538605,
            "exchange_1_2": 0.17105263471603394,
            "exchange_2_2": 0.07846410572528839,
            "exchange_3_3": 0.06722689419984818,
            "exchange_3_4": 0.061433445662260056,
            "exchange_4_4": 0.013698630034923553,
            "exchange_ids": 0.3530351519584656,
            "insert_1": 0.0,
            "move_all_by_1": 0.01116071455180645,
            "move_all_by_2": 0.0022371364757418633,
            "relocate_1": 0.19198311865329742,
            "relocate_5": 0.044967878609895706,
            "remove_1": 0.0,
            "rexchange_2_2": 0.07922535389661789,
            "rexchange_2_3": 0.050724636763334274,
            "rexchange_4_4": 0.04411764815449715,
            "rrelocate_3": 0.043572984635829926,
            "rrelocate_4": 0.028824834153056145,
            "two_opt": 0.5303468108177185
        }
    },
    "last_improvement": 1,
    "name": "random_tsp-24-2.25-4",
    "solution": {
        "fitness": 7000766,
        "is_feasible": false,
        "permutation": [
            12,
            13,
            14,
            22,
            21,
            16,
            23,
            11,
            17,
            3,
            2,
            15,
            8,
            0,
            9,
            18,
            7,
            5,
            4,
            10,
            19,
            6,
            1,
            20
        ],
        "permutation_orig_ids": [
            "13",
            "14",
            "15",
            "23",
            "22",
            "17",
            "24",
            "12",
            "18",
            "4",
            "3",
            "16",
            "9",
            "1",
            "10",
            "19",
            "8",
            "6",
            "5",
            "11",
            "20",
            "7",
            "2",
            "21"
        ]
    },
    "steps": {
        "0": 7000771,
        "1": 7000766
    },
    "timeout": 3
}