{
    "config": {
        "allow_infeasible": true,
        "construction": "random_replicate",
        "ils_k": 6,
        "local_search": "CVND",
        "metaheuristic": "ILS",
        "num_threads": 8,
        "operators": [
            "insert_1",
            "remove_1",
            "two_opt",
            "exchange_ids",
            "exchange_1_2",
            "exchange_2_2",
            "exchange_3_3",
            "exchange_3_4",
            "exchange_4_4",
            "rexchange_2_2",
            "rexchange_2_3",
            "rexchange_4_4",
            "centered_exchange_1",
            "relocate_1",
            "relocate_5",
            "rrelocate_3",
            "rrelocate_4",
            "move_all_by_1",
            "move_all_by_2"
        ],
        "perturbation": [
            "random_double_bridge"
        ],
        "stop_on_feasible": true,
        "timeout": 3
    },
    "histogram": {
        "all": {
            "centered_exchange_1": 538,
            "exchange_1_2": 619,
            "exchange_2_2": 618,
            "exchange_3_3": 617,
            "exchange_3_4": 614,
            "exchange_4_4": 612,
            "exchange_ids": 628,
            "insert_1": 792,
            "move_all_by_1": 461,
            "move_all_by_2": 461,
            "relocate_1": 526,
            "relocate_5": 517,
            "remove_1": 792,
            "rexchange_2_2": 575,
            "rexchange_2_3": 562,
            "rexchange_4_4": 555,
            "rrelocate_3": 490,
            "rrelocate_4": 463,
            "two_opt": 678
        },
        "improving": {
            "centered_exchange_1": 50,
            "exchange_1_2": 130,
            "exchange_2_2": 62,
            "exchange_3_3": 31,
            "exchange_3_4": 76,
            "exchange_4_4": 39,
            "exchange_ids": 237,
            "insert_1": 0,
            "move_all_by_1": 5,
            "move_all_by_2": 2,
            "relocate_1": 65,
            "relocate_5": 58,
            "remove_1": 0,
            "rexchange_2_2": 134,
            "rexchange_2_3": 78,
            "rexchange_4_4": 56,
            "rrelocate_3": 72,
            "rrelocate_4": 44,
            "two_opt": 405
        },
        "rate": {
            "centered_exchange_1": 0.09293680638074875,
            "exchange_1_2": 0.2100161612033844,
            "exchange_2_2": 0.1003236249089241,
            "exchange_3_3": 0.050243113189935684,
            "exchange_3_4": 0.12377849966287613,
            "exchange_4_4": 0.06372549384832382,
            "exchange_ids": 0.37738853693008423,
            "insert_1": 0.0,
            "move_all_by_1": 0.010845987126231194,
            "move_all_by_2": 0.004338394850492477,
            "relocate_1": 0.1235741451382637,
            "relocate_5": 0.11218568682670593,
            "remove_1": 0.0,
            "rexchange_2_2": 0.23304347693920135,
            "rexchange_2_3": 0.1387900412082672,
            "rexchange_4_4": 0.10090090334415436,
            "rrelocate_3": 0.1469387710094452,
            "rrelocate_4": 0.09503239393234253,
            "two_opt": 0.5973451137542725
        }
    },
    "last_improvement": 0,
    "name": "random_tsp-24-3.25-34",
    "solution": {
        "fitness": 2001076,
        "is_feasible": false,
        "permutation": [
            18,
            12,
            15,
            6,
            8,
            17,
            7,
            4,
            13,
            11,
            22,
            5,
            3,
            20,
            0,
            21,
            2,
            14,
            10,
            9,
            1,
            23,
            19,
            16
        ],
        "permutation_orig_ids": [
            "19",
            "13",
            "16",
            "7",
            "9",
            "18",
            "8",
            "5",
            "14",
            "12",
            "23",
            "6",
            "4",
            "21",
            "1",
            "22",
            "3",
            "15",
            "11",
            "10",
            "2",
            "24",
            "20",
            "17"
        ]
    },
    "steps": {
        "0": 2001076
    },
    "timeout": 3
}