{
    "config": {
        "allow_infeasible": true,
        "construction": "random_replicate",
        "ils_k": 6,
        "local_search": "CVND",
        "metaheuristic": "ILS",
        "num_threads": 8,
        "operators": [
            "insert_1",
            "remove_1",
            "two_opt",
            "exchange_ids",
            "exchange_1_2",
            "exchange_2_2",
            "exchange_3_3",
            "exchange_3_4",
            "exchange_4_4",
            "rexchange_2_2",
            "rexchange_2_3",
            "rexchange_4_4",
            "centered_exchange_1",
            "relocate_1",
            "relocate_5",
            "rrelocate_3",
            "rrelocate_4",
            "move_all_by_1",
            "move_all_by_2"
        ],
        "perturbation": [
            "random_double_bridge"
        ],
        "stop_on_feasible": true,
        "timeout": 3
    },
    "histogram": {
        "all": {
            "centered_exchange_1": 590,
            "exchange_1_2": 653,
            "exchange_2_2": 653,
            "exchange_3_3": 653,
            "exchange_3_4": 651,
            "exchange_4_4": 651,
            "exchange_ids": 653,
            "insert_1": 834,
            "move_all_by_1": 503,
            "move_all_by_2": 503,
            "relocate_1": 557,
            "relocate_5": 549,
            "remove_1": 834,
            "rexchange_2_2": 633,
            "rexchange_2_3": 615,
            "rexchange_4_4": 594,
            "rrelocate_3": 536,
            "rrelocate_4": 506,
            "two_opt": 698
        },
        "improving": {
            "centered_exchange_1": 35,
            "exchange_1_2": 80,
            "exchange_2_2": 28,
            "exchange_3_3": 23,
            "exchange_3_4": 33,
            "exchange_4_4": 18,
            "exchange_ids": 241,
            "insert_1": 0,
            "move_all_by_1": 22,
            "move_all_by_2": 4,
            "relocate_1": 100,
            "relocate_5": 78,
            "remove_1": 0,
            "rexchange_2_2": 87,
            "rexchange_2_3": 82,
            "rexchange_4_4": 86,
            "rrelocate_3": 65,
            "rrelocate_4": 81,
            "two_opt": 446
        },
        "rate": {
            "centered_exchange_1": 0.05932203307747841,
            "exchange_1_2": 0.12251148372888565,
            "exchange_2_2": 0.04287901893258095,
            "exchange_3_3": 0.03522205352783203,
            "exchange_3_4": 0.05069124326109886,
            "exchange_4_4": 0.0276497695595026,
            "exchange_ids": 0.3690658509731293,
            "insert_1": 0.0,
            "move_all_by_1": 0.04373757541179657,
            "move_all_by_2": 0.007952285930514336,
            "relocate_1": 0.1795332133769989,
            "relocate_5": 0.1420765072107315,
            "remove_1": 0.0,
            "rexchange_2_2": 0.1374407559633255,
            "rexchange_2_3": 0.13333334028720856,
            "rexchange_4_4": 0.14478114247322083,
            "rrelocate_3": 0.12126865983009338,
            "rrelocate_4": 0.16007904708385468,
            "two_opt": 0.6389684677124023
        }
    },
    "last_improvement": 0,
    "name": "random_tsp-24-4.58-75",
    "solution": {
        "fitness": 2000963,
        "is_feasible": false,
        "permutation": [
            16,
            13,
            17,
            0,
            15,
            21,
            3,
            22,
            2,
            7,
            12,
            5,
            23,
            18,
            6,
            11,
            14,
            8,
            4,
            19,
            9,
            20,
            10,
            1
        ],
        "permutation_orig_ids": [
            "17",
            "14",
            "18",
            "1",
            "16",
            "22",
            "4",
            "23",
            "3",
            "8",
            "13",
            "6",
            "24",
            "19",
            "7",
            "12",
            "15",
            "9",
            "5",
            "20",
            "10",
            "21",
            "11",
            "2"
        ]
    },
    "steps": {
        "0": 2000963
    },
    "timeout": 3
}