{
    "config": {
        "allow_infeasible": true,
        "construction": "random_replicate",
        "ils_k": 6,
        "local_search": "CVND",
        "metaheuristic": "ILS",
        "num_threads": 8,
        "operators": [
            "insert_1",
            "remove_1",
            "two_opt",
            "exchange_ids",
            "exchange_1_2",
            "exchange_2_2",
            "exchange_3_3",
            "exchange_3_4",
            "exchange_4_4",
            "rexchange_2_2",
            "rexchange_2_3",
            "rexchange_4_4",
            "centered_exchange_1",
            "relocate_1",
            "relocate_5",
            "rrelocate_3",
            "rrelocate_4",
            "move_all_by_1",
            "move_all_by_2"
        ],
        "perturbation": [
            "random_double_bridge"
        ],
        "stop_on_feasible": true,
        "timeout": 3
    },
    "histogram": {
        "all": {
            "centered_exchange_1": 504,
            "exchange_1_2": 590,
            "exchange_2_2": 583,
            "exchange_3_3": 574,
            "exchange_3_4": 563,
            "exchange_4_4": 562,
            "exchange_ids": 622,
            "insert_1": 813,
            "move_all_by_1": 463,
            "move_all_by_2": 463,
            "relocate_1": 495,
            "relocate_5": 478,
            "remove_1": 813,
            "rexchange_2_2": 544,
            "rexchange_2_3": 526,
            "rexchange_4_4": 511,
            "rrelocate_3": 465,
            "rrelocate_4": 463,
            "two_opt": 687
        },
        "improving": {
            "centered_exchange_1": 8,
            "exchange_1_2": 86,
            "exchange_2_2": 19,
            "exchange_3_3": 40,
            "exchange_3_4": 42,
            "exchange_4_4": 8,
            "exchange_ids": 186,
            "insert_1": 0,
            "move_all_by_1": 0,
            "move_all_by_2": 0,
            "relocate_1": 13,
            "relocate_5": 17,
            "remove_1": 0,
            "rexchange_2_2": 24,
            "rexchange_2_3": 38,
            "rexchange_4_4": 23,
            "rrelocate_3": 15,
            "rrelocate_4": 2,
            "two_opt": 355
        },
        "rate": {
            "centered_exchange_1": 0.01587301678955555,
            "exchange_1_2": 0.14576271176338196,
            "exchange_2_2": 0.032590050250291824,
            "exchange_3_3": 0.0696864128112793,
            "exchange_3_4": 0.07460035383701324,
            "exchange_4_4": 0.014234875328838825,
            "exchange_ids": 0.29903537034988403,
            "insert_1": 0.0,
            "move_all_by_1": 0.0,
            "move_all_by_2": 0.0,
            "relocate_1": 0.02626262605190277,
            "relocate_5": 0.0355648547410965,
            "remove_1": 0.0,
            "rexchange_2_2": 0.04411764815449715,
            "rexchange_2_3": 0.0722433477640152,
            "rexchange_4_4": 0.045009784400463104,
            "rrelocate_3": 0.032258063554763794,
            "rrelocate_4": 0.0043196543119847775,
            "two_opt": 0.5167394280433655
        }
    },
    "last_improvement": 0,
    "name": "random_tsp-24-1.42-47",
    "solution": {
        "fitness": 11000701,
        "is_feasible": false,
        "permutation": [
            5,
            21,
            0,
            19,
            16,
            13,
            8,
            14,
            15,
            10,
            9,
            18,
            17,
            7,
            20,
            23,
            22,
            2,
            3,
            4,
            11,
            12,
            6,
            1
        ],
        "permutation_orig_ids": [
            "6",
            "22",
            "1",
            "20",
            "17",
            "14",
            "9",
            "15",
            "16",
            "11",
            "10",
            "19",
            "18",
            "8",
            "21",
            "24",
            "23",
            "3",
            "4",
            "5",
            "12",
            "13",
            "7",
            "2"
        ]
    },
    "steps": {
        "0": 11000701
    },
    "timeout": 3
}