{
    "config": {
        "allow_infeasible": true,
        "construction": "random_replicate",
        "ils_k": 6,
        "local_search": "CVND",
        "metaheuristic": "ILS",
        "num_threads": 8,
        "operators": [
            "insert_1",
            "remove_1",
            "two_opt",
            "exchange_ids",
            "exchange_1_2",
            "exchange_2_2",
            "exchange_3_3",
            "exchange_3_4",
            "exchange_4_4",
            "rexchange_2_2",
            "rexchange_2_3",
            "rexchange_4_4",
            "centered_exchange_1",
            "relocate_1",
            "relocate_5",
            "rrelocate_3",
            "rrelocate_4",
            "move_all_by_1",
            "move_all_by_2"
        ],
        "perturbation": [
            "random_double_bridge"
        ],
        "stop_on_feasible": true,
        "timeout": 3
    },
    "histogram": {
        "all": {
            "centered_exchange_1": 642,
            "exchange_1_2": 722,
            "exchange_2_2": 722,
            "exchange_3_3": 716,
            "exchange_3_4": 700,
            "exchange_4_4": 700,
            "exchange_ids": 724,
            "insert_1": 907,
            "move_all_by_1": 545,
            "move_all_by_2": 545,
            "relocate_1": 610,
            "relocate_5": 610,
            "remove_1": 907,
            "rexchange_2_2": 670,
            "rexchange_2_3": 664,
            "rexchange_4_4": 647,
            "rrelocate_3": 578,
            "rrelocate_4": 558,
            "two_opt": 769
        },
        "improving": {
            "centered_exchange_1": 37,
            "exchange_1_2": 152,
            "exchange_2_2": 58,
            "exchange_3_3": 51,
            "exchange_3_4": 78,
            "exchange_4_4": 21,
            "exchange_ids": 269,
            "insert_1": 0,
            "move_all_by_1": 25,
            "move_all_by_2": 0,
            "relocate_1": 127,
            "relocate_5": 37,
            "remove_1": 0,
            "rexchange_2_2": 137,
            "rexchange_2_3": 71,
            "rexchange_4_4": 89,
            "rrelocate_3": 95,
            "rrelocate_4": 70,
            "two_opt": 489
        },
        "rate": {
            "centered_exchange_1": 0.05763239786028862,
            "exchange_1_2": 0.21052631735801697,
            "exchange_2_2": 0.08033241331577301,
            "exchange_3_3": 0.07122904807329178,
            "exchange_3_4": 0.11142857372760773,
            "exchange_4_4": 0.029999999329447746,
            "exchange_ids": 0.3715469539165497,
            "insert_1": 0.0,
            "move_all_by_1": 0.0458715595304966,
            "move_all_by_2": 0.0,
            "relocate_1": 0.2081967145204544,
            "relocate_5": 0.06065573915839195,
            "remove_1": 0.0,
            "rexchange_2_2": 0.20447760820388794,
            "rexchange_2_3": 0.10692770779132843,
            "rexchange_4_4": 0.1375579535961151,
            "rrelocate_3": 0.16435986757278442,
            "rrelocate_4": 0.12544803321361542,
            "two_opt": 0.635890781879425
        }
    },
    "last_improvement": 0,
    "name": "random_tsp-24-6.00-67",
    "solution": {
        "fitness": 1000800,
        "is_feasible": false,
        "permutation": [
            15,
            9,
            3,
            14,
            2,
            0,
            8,
            20,
            7,
            1,
            21,
            5,
            23,
            16,
            12,
            4,
            13,
            19,
            6,
            22,
            17,
            10,
            11,
            18
        ],
        "permutation_orig_ids": [
            "16",
            "10",
            "4",
            "15",
            "3",
            "1",
            "9",
            "21",
            "8",
            "2",
            "22",
            "6",
            "24",
            "17",
            "13",
            "5",
            "14",
            "20",
            "7",
            "23",
            "18",
            "11",
            "12",
            "19"
        ]
    },
    "steps": {
        "0": 1000800
    },
    "timeout": 3
}