{
    "config": {
        "allow_infeasible": true,
        "construction": "random_replicate",
        "ils_k": 6,
        "local_search": "CVND",
        "metaheuristic": "ILS",
        "num_threads": 8,
        "operators": [
            "insert_1",
            "remove_1",
            "two_opt",
            "exchange_ids",
            "exchange_1_2",
            "exchange_2_2",
            "exchange_3_3",
            "exchange_3_4",
            "exchange_4_4",
            "rexchange_2_2",
            "rexchange_2_3",
            "rexchange_4_4",
            "centered_exchange_1",
            "relocate_1",
            "relocate_5",
            "rrelocate_3",
            "rrelocate_4",
            "move_all_by_1",
            "move_all_by_2"
        ],
        "perturbation": [
            "random_double_bridge"
        ],
        "stop_on_feasible": true,
        "timeout": 3
    },
    "histogram": {
        "all": {
            "centered_exchange_1": 595,
            "exchange_1_2": 673,
            "exchange_2_2": 673,
            "exchange_3_3": 673,
            "exchange_3_4": 673,
            "exchange_4_4": 672,
            "exchange_ids": 677,
            "insert_1": 849,
            "move_all_by_1": 500,
            "move_all_by_2": 500,
            "relocate_1": 569,
            "relocate_5": 559,
            "remove_1": 849,
            "rexchange_2_2": 642,
            "rexchange_2_3": 639,
            "rexchange_4_4": 597,
            "rrelocate_3": 526,
            "rrelocate_4": 506,
            "two_opt": 718
        },
        "improving": {
            "centered_exchange_1": 12,
            "exchange_1_2": 128,
            "exchange_2_2": 40,
            "exchange_3_3": 43,
            "exchange_3_4": 40,
            "exchange_4_4": 51,
            "exchange_ids": 230,
            "insert_1": 0,
            "move_all_by_1": 18,
            "move_all_by_2": 0,
            "relocate_1": 112,
            "relocate_5": 45,
            "remove_1": 0,
            "rexchange_2_2": 118,
            "rexchange_2_3": 60,
            "rexchange_4_4": 109,
            "rrelocate_3": 87,
            "rrelocate_4": 47,
            "two_opt": 456
        },
        "rate": {
            "centered_exchange_1": 0.020168067887425423,
            "exchange_1_2": 0.19019316136837006,
            "exchange_2_2": 0.05943536385893822,
            "exchange_3_3": 0.06389301270246506,
            "exchange_3_4": 0.05943536385893822,
            "exchange_4_4": 0.0758928582072258,
            "exchange_ids": 0.33973410725593567,
            "insert_1": 0.0,
            "move_all_by_1": 0.035999998450279236,
            "move_all_by_2": 0.0,
            "relocate_1": 0.19683656096458435,
            "relocate_5": 0.08050089329481125,
            "remove_1": 0.0,
            "rexchange_2_2": 0.1838006228208542,
            "rexchange_2_3": 0.09389671683311462,
            "rexchange_4_4": 0.18257956206798553,
            "rrelocate_3": 0.1653992384672165,
            "rrelocate_4": 0.09288537502288818,
            "two_opt": 0.6350975036621094
        }
    },
    "last_improvement": 0,
    "name": "random_tsp-24-5.00-45",
    "solution": {
        "fitness": 1000887,
        "is_feasible": false,
        "permutation": [
            8,
            17,
            5,
            9,
            10,
            4,
            11,
            18,
            16,
            3,
            21,
            15,
            0,
            7,
            6,
            2,
            1,
            19,
            20,
            23,
            13,
            12,
            14,
            22
        ],
        "permutation_orig_ids": [
            "9",
            "18",
            "6",
            "10",
            "11",
            "5",
            "12",
            "19",
            "17",
            "4",
            "22",
            "16",
            "1",
            "8",
            "7",
            "3",
            "2",
            "20",
            "21",
            "24",
            "14",
            "13",
            "15",
            "23"
        ]
    },
    "steps": {
        "0": 1000887
    },
    "timeout": 3
}