{
    "config": {
        "allow_infeasible": true,
        "construction": "random_replicate",
        "ils_k": 6,
        "local_search": "CVND",
        "metaheuristic": "ILS",
        "num_threads": 8,
        "operators": [
            "insert_1",
            "remove_1",
            "two_opt",
            "exchange_ids",
            "exchange_1_2",
            "exchange_2_2",
            "exchange_3_3",
            "exchange_3_4",
            "exchange_4_4",
            "rexchange_2_2",
            "rexchange_2_3",
            "rexchange_4_4",
            "centered_exchange_1",
            "relocate_1",
            "relocate_5",
            "rrelocate_3",
            "rrelocate_4",
            "move_all_by_1",
            "move_all_by_2"
        ],
        "perturbation": [
            "random_double_bridge"
        ],
        "stop_on_feasible": true,
        "timeout": 3
    },
    "histogram": {
        "all": {
            "centered_exchange_1": 36,
            "exchange_1_2": 38,
            "exchange_2_2": 38,
            "exchange_3_3": 38,
            "exchange_3_4": 38,
            "exchange_4_4": 38,
            "exchange_ids": 38,
            "insert_1": 48,
            "move_all_by_1": 29,
            "move_all_by_2": 29,
            "relocate_1": 34,
            "relocate_5": 32,
            "remove_1": 48,
            "rexchange_2_2": 37,
            "rexchange_2_3": 36,
            "rexchange_4_4": 36,
            "rrelocate_3": 32,
            "rrelocate_4": 29,
            "two_opt": 43
        },
        "improving": {
            "centered_exchange_1": 2,
            "exchange_1_2": 8,
            "exchange_2_2": 4,
            "exchange_3_3": 4,
            "exchange_3_4": 3,
            "exchange_4_4": 4,
            "exchange_ids": 17,
            "insert_1": 0,
            "move_all_by_1": 0,
            "move_all_by_2": 0,
            "relocate_1": 7,
            "relocate_5": 4,
            "remove_1": 0,
            "rexchange_2_2": 10,
            "rexchange_2_3": 8,
            "rexchange_4_4": 2,
            "rrelocate_3": 3,
            "rrelocate_4": 9,
            "two_opt": 25
        },
        "rate": {
            "centered_exchange_1": 0.0555555559694767,
            "exchange_1_2": 0.21052631735801697,
            "exchange_2_2": 0.10526315867900848,
            "exchange_3_3": 0.10526315867900848,
            "exchange_3_4": 0.07894736528396606,
            "exchange_4_4": 0.10526315867900848,
            "exchange_ids": 0.44736841320991516,
            "insert_1": 0.0,
            "move_all_by_1": 0.0,
            "move_all_by_2": 0.0,
            "relocate_1": 0.20588235557079315,
            "relocate_5": 0.125,
            "remove_1": 0.0,
            "rexchange_2_2": 0.2702702581882477,
            "rexchange_2_3": 0.2222222238779068,
            "rexchange_4_4": 0.0555555559694767,
            "rrelocate_3": 0.09375,
            "rrelocate_4": 0.3103448152542114,
            "two_opt": 0.5813953280448914
        }
    },
    "last_improvement": 0,
    "name": "random_tsp-24-6.00-8",
    "solution": {
        "fitness": 1050,
        "is_feasible": true,
        "permutation": [
            7,
            2,
            18,
            10,
            13,
            21,
            9,
            3,
            4,
            6,
            19,
            11,
            0,
            16,
            15,
            17,
            20,
            14,
            22,
            23,
            8,
            1,
            12,
            5
        ],
        "permutation_orig_ids": [
            "8",
            "3",
            "19",
            "11",
            "14",
            "22",
            "10",
            "4",
            "5",
            "7",
            "20",
            "12",
            "1",
            "17",
            "16",
            "18",
            "21",
            "15",
            "23",
            "24",
            "9",
            "2",
            "13",
            "6"
        ]
    },
    "steps": {
        "0": 1050
    },
    "timeout": 3
}