{
    "config": {
        "allow_infeasible": true,
        "construction": "random_replicate",
        "ils_k": 6,
        "local_search": "CVND",
        "metaheuristic": "ILS",
        "num_threads": 8,
        "operators": [
            "insert_1",
            "remove_1",
            "two_opt",
            "exchange_ids",
            "exchange_1_2",
            "exchange_2_2",
            "exchange_3_3",
            "exchange_3_4",
            "exchange_4_4",
            "rexchange_2_2",
            "rexchange_2_3",
            "rexchange_4_4",
            "centered_exchange_1",
            "relocate_1",
            "relocate_5",
            "rrelocate_3",
            "rrelocate_4",
            "move_all_by_1",
            "move_all_by_2"
        ],
        "perturbation": [
            "random_double_bridge"
        ],
        "stop_on_feasible": true,
        "timeout": 3
    },
    "histogram": {
        "all": {
            "centered_exchange_1": 567,
            "exchange_1_2": 666,
            "exchange_2_2": 666,
            "exchange_3_3": 666,
            "exchange_3_4": 661,
            "exchange_4_4": 659,
            "exchange_ids": 671,
            "insert_1": 846,
            "move_all_by_1": 484,
            "move_all_by_2": 484,
            "relocate_1": 539,
            "relocate_5": 525,
            "remove_1": 846,
            "rexchange_2_2": 621,
            "rexchange_2_3": 611,
            "rexchange_4_4": 592,
            "rrelocate_3": 507,
            "rrelocate_4": 487,
            "two_opt": 723
        },
        "improving": {
            "centered_exchange_1": 55,
            "exchange_1_2": 122,
            "exchange_2_2": 29,
            "exchange_3_3": 34,
            "exchange_3_4": 45,
            "exchange_4_4": 31,
            "exchange_ids": 258,
            "insert_1": 0,
            "move_all_by_1": 3,
            "move_all_by_2": 2,
            "relocate_1": 91,
            "relocate_5": 42,
            "remove_1": 0,
            "rexchange_2_2": 136,
            "rexchange_2_3": 72,
            "rexchange_4_4": 79,
            "rrelocate_3": 78,
            "rrelocate_4": 39,
            "two_opt": 447
        },
        "rate": {
            "centered_exchange_1": 0.09700176119804382,
            "exchange_1_2": 0.18318317830562592,
            "exchange_2_2": 0.04354354366660118,
            "exchange_3_3": 0.051051050424575806,
            "exchange_3_4": 0.0680786669254303,
            "exchange_4_4": 0.047040972858667374,
            "exchange_ids": 0.38450074195861816,
            "insert_1": 0.0,
            "move_all_by_1": 0.006198347080498934,
            "move_all_by_2": 0.00413223123177886,
            "relocate_1": 0.16883116960525513,
            "relocate_5": 0.07999999821186066,
            "remove_1": 0.0,
            "rexchange_2_2": 0.21900160610675812,
            "rexchange_2_3": 0.11783960461616516,
            "rexchange_4_4": 0.13344594836235046,
            "rrelocate_3": 0.1538461595773697,
            "rrelocate_4": 0.08008213341236115,
            "two_opt": 0.6182572841644287
        }
    },
    "last_improvement": 0,
    "name": "random_tsp-24-4.67-58",
    "solution": {
        "fitness": 1000948,
        "is_feasible": false,
        "permutation": [
            3,
            7,
            15,
            9,
            13,
            8,
            1,
            18,
            4,
            6,
            12,
            14,
            22,
            20,
            23,
            17,
            10,
            21,
            19,
            5,
            16,
            11,
            2,
            0
        ],
        "permutation_orig_ids": [
            "4",
            "8",
            "16",
            "10",
            "14",
            "9",
            "2",
            "19",
            "5",
            "7",
            "13",
            "15",
            "23",
            "21",
            "24",
            "18",
            "11",
            "22",
            "20",
            "6",
            "17",
            "12",
            "3",
            "1"
        ]
    },
    "steps": {
        "0": 1000948
    },
    "timeout": 3
}