{
    "config": {
        "allow_infeasible": true,
        "construction": "random_replicate",
        "ils_k": 6,
        "local_search": "CVND",
        "metaheuristic": "ILS",
        "num_threads": 8,
        "operators": [
            "insert_1",
            "remove_1",
            "two_opt",
            "exchange_ids",
            "exchange_1_2",
            "exchange_2_2",
            "exchange_3_3",
            "exchange_3_4",
            "exchange_4_4",
            "rexchange_2_2",
            "rexchange_2_3",
            "rexchange_4_4",
            "centered_exchange_1",
            "relocate_1",
            "relocate_5",
            "rrelocate_3",
            "rrelocate_4",
            "move_all_by_1",
            "move_all_by_2"
        ],
        "perturbation": [
            "random_double_bridge"
        ],
        "stop_on_feasible": true,
        "timeout": 3
    },
    "histogram": {
        "all": {
            "centered_exchange_1": 12,
            "exchange_1_2": 13,
            "exchange_2_2": 13,
            "exchange_3_3": 13,
            "exchange_3_4": 13,
            "exchange_4_4": 13,
            "exchange_ids": 14,
            "insert_1": 17,
            "move_all_by_1": 11,
            "move_all_by_2": 11,
            "relocate_1": 12,
            "relocate_5": 12,
            "remove_1": 17,
            "rexchange_2_2": 12,
            "rexchange_2_3": 12,
            "rexchange_4_4": 12,
            "rrelocate_3": 12,
            "rrelocate_4": 11,
            "two_opt": 14
        },
        "improving": {
            "centered_exchange_1": 1,
            "exchange_1_2": 3,
            "exchange_2_2": 1,
            "exchange_3_3": 4,
            "exchange_3_4": 2,
            "exchange_4_4": 4,
            "exchange_ids": 3,
            "insert_1": 0,
            "move_all_by_1": 1,
            "move_all_by_2": 0,
            "relocate_1": 2,
            "relocate_5": 3,
            "remove_1": 0,
            "rexchange_2_2": 2,
            "rexchange_2_3": 1,
            "rexchange_4_4": 2,
            "rrelocate_3": 2,
            "rrelocate_4": 3,
            "two_opt": 11
        },
        "rate": {
            "centered_exchange_1": 0.0833333358168602,
            "exchange_1_2": 0.23076923191547394,
            "exchange_2_2": 0.07692307978868484,
            "exchange_3_3": 0.3076923191547394,
            "exchange_3_4": 0.1538461595773697,
            "exchange_4_4": 0.3076923191547394,
            "exchange_ids": 0.2142857164144516,
            "insert_1": 0.0,
            "move_all_by_1": 0.09090909361839294,
            "move_all_by_2": 0.0,
            "relocate_1": 0.1666666716337204,
            "relocate_5": 0.25,
            "remove_1": 0.0,
            "rexchange_2_2": 0.1666666716337204,
            "rexchange_2_3": 0.0833333358168602,
            "rexchange_4_4": 0.1666666716337204,
            "rrelocate_3": 0.1666666716337204,
            "rrelocate_4": 0.27272728085517883,
            "two_opt": 0.7857142686843872
        }
    },
    "last_improvement": 0,
    "name": "random_tsp-24-4.42-35",
    "solution": {
        "fitness": 1100,
        "is_feasible": true,
        "permutation": [
            16,
            4,
            13,
            19,
            0,
            22,
            20,
            6,
            21,
            14,
            8,
            7,
            23,
            9,
            5,
            12,
            18,
            2,
            10,
            1,
            3,
            17,
            15,
            11
        ],
        "permutation_orig_ids": [
            "17",
            "5",
            "14",
            "20",
            "1",
            "23",
            "21",
            "7",
            "22",
            "15",
            "9",
            "8",
            "24",
            "10",
            "6",
            "13",
            "19",
            "3",
            "11",
            "2",
            "4",
            "18",
            "16",
            "12"
        ]
    },
    "steps": {
        "0": 1100
    },
    "timeout": 3
}