{
    "config": {
        "allow_infeasible": true,
        "construction": "random_replicate",
        "ils_k": 6,
        "local_search": "CVND",
        "metaheuristic": "ILS",
        "num_threads": 8,
        "operators": [
            "insert_1",
            "remove_1",
            "two_opt",
            "exchange_ids",
            "exchange_1_2",
            "exchange_2_2",
            "exchange_3_3",
            "exchange_3_4",
            "exchange_4_4",
            "rexchange_2_2",
            "rexchange_2_3",
            "rexchange_4_4",
            "centered_exchange_1",
            "relocate_1",
            "relocate_5",
            "rrelocate_3",
            "rrelocate_4",
            "move_all_by_1",
            "move_all_by_2"
        ],
        "perturbation": [
            "random_double_bridge"
        ],
        "stop_on_feasible": true,
        "timeout": 3
    },
    "histogram": {
        "all": {
            "centered_exchange_1": 523,
            "exchange_1_2": 523,
            "exchange_2_2": 523,
            "exchange_3_3": 523,
            "exchange_3_4": 523,
            "exchange_4_4": 523,
            "exchange_ids": 524,
            "insert_1": 653,
            "move_all_by_1": 522,
            "move_all_by_2": 522,
            "relocate_1": 523,
            "relocate_5": 523,
            "remove_1": 653,
            "rexchange_2_2": 523,
            "rexchange_2_3": 523,
            "rexchange_4_4": 523,
            "rrelocate_3": 522,
            "rrelocate_4": 522,
            "two_opt": 538
        },
        "improving": {
            "centered_exchange_1": 0,
            "exchange_1_2": 1,
            "exchange_2_2": 0,
            "exchange_3_3": 0,
            "exchange_3_4": 0,
            "exchange_4_4": 0,
            "exchange_ids": 15,
            "insert_1": 0,
            "move_all_by_1": 0,
            "move_all_by_2": 0,
            "relocate_1": 0,
            "relocate_5": 0,
            "remove_1": 0,
            "rexchange_2_2": 0,
            "rexchange_2_3": 0,
            "rexchange_4_4": 0,
            "rrelocate_3": 0,
            "rrelocate_4": 0,
            "two_opt": 130
        },
        "rate": {
            "centered_exchange_1": 0.0,
            "exchange_1_2": 0.001912045874632895,
            "exchange_2_2": 0.0,
            "exchange_3_3": 0.0,
            "exchange_3_4": 0.0,
            "exchange_4_4": 0.0,
            "exchange_ids": 0.028625953942537308,
            "insert_1": 0.0,
            "move_all_by_1": 0.0,
            "move_all_by_2": 0.0,
            "relocate_1": 0.0,
            "relocate_5": 0.0,
            "remove_1": 0.0,
            "rexchange_2_2": 0.0,
            "rexchange_2_3": 0.0,
            "rexchange_4_4": 0.0,
            "rrelocate_3": 0.0,
            "rrelocate_4": 0.0,
            "two_opt": 0.24163569509983063
        }
    },
    "last_improvement": 0,
    "name": "random_tsp-24-0.25-6",
    "solution": {
        "fitness": 21000218,
        "is_feasible": false,
        "permutation": [
            6,
            2,
            20,
            9,
            10,
            3,
            11,
            0,
            12,
            14,
            4,
            8,
            21,
            19,
            5,
            17,
            7,
            16,
            15,
            13,
            1,
            23,
            22,
            18
        ],
        "permutation_orig_ids": [
            "7",
            "3",
            "21",
            "10",
            "11",
            "4",
            "12",
            "1",
            "13",
            "15",
            "5",
            "9",
            "22",
            "20",
            "6",
            "18",
            "8",
            "17",
            "16",
            "14",
            "2",
            "24",
            "23",
            "19"
        ]
    },
    "steps": {
        "0": 21000218
    },
    "timeout": 3
}