{
    "config": {
        "allow_infeasible": true,
        "construction": "random_replicate",
        "ils_k": 6,
        "local_search": "CVND",
        "metaheuristic": "ILS",
        "num_threads": 8,
        "operators": [
            "insert_1",
            "remove_1",
            "two_opt",
            "exchange_ids",
            "exchange_1_2",
            "exchange_2_2",
            "exchange_3_3",
            "exchange_3_4",
            "exchange_4_4",
            "rexchange_2_2",
            "rexchange_2_3",
            "rexchange_4_4",
            "centered_exchange_1",
            "relocate_1",
            "relocate_5",
            "rrelocate_3",
            "rrelocate_4",
            "move_all_by_1",
            "move_all_by_2"
        ],
        "perturbation": [
            "random_double_bridge"
        ],
        "stop_on_feasible": true,
        "timeout": 3
    },
    "histogram": {
        "all": {
            "centered_exchange_1": 548,
            "exchange_1_2": 634,
            "exchange_2_2": 626,
            "exchange_3_3": 613,
            "exchange_3_4": 607,
            "exchange_4_4": 606,
            "exchange_ids": 638,
            "insert_1": 809,
            "move_all_by_1": 450,
            "move_all_by_2": 450,
            "relocate_1": 507,
            "relocate_5": 495,
            "remove_1": 809,
            "rexchange_2_2": 590,
            "rexchange_2_3": 581,
            "rexchange_4_4": 570,
            "rrelocate_3": 476,
            "rrelocate_4": 453,
            "two_opt": 702
        },
        "improving": {
            "centered_exchange_1": 43,
            "exchange_1_2": 131,
            "exchange_2_2": 60,
            "exchange_3_3": 74,
            "exchange_3_4": 50,
            "exchange_4_4": 23,
            "exchange_ids": 233,
            "insert_1": 0,
            "move_all_by_1": 4,
            "move_all_by_2": 0,
            "relocate_1": 78,
            "relocate_5": 47,
            "remove_1": 0,
            "rexchange_2_2": 82,
            "rexchange_2_3": 65,
            "rexchange_4_4": 39,
            "rrelocate_3": 56,
            "rrelocate_4": 43,
            "two_opt": 405
        },
        "rate": {
            "centered_exchange_1": 0.07846715301275253,
            "exchange_1_2": 0.2066246122121811,
            "exchange_2_2": 0.09584664553403854,
            "exchange_3_3": 0.12071777880191803,
            "exchange_3_4": 0.08237232267856598,
            "exchange_4_4": 0.03795379400253296,
            "exchange_ids": 0.36520376801490784,
            "insert_1": 0.0,
            "move_all_by_1": 0.008888889104127884,
            "move_all_by_2": 0.0,
            "relocate_1": 0.1538461595773697,
            "relocate_5": 0.09494949132204056,
            "remove_1": 0.0,
            "rexchange_2_2": 0.13898305594921112,
            "rexchange_2_3": 0.11187607795000076,
            "rexchange_4_4": 0.06842105090618134,
            "rrelocate_3": 0.11764705926179886,
            "rrelocate_4": 0.094922736287117,
            "two_opt": 0.5769230723381042
        }
    },
    "last_improvement": 0,
    "name": "random_tsp-24-2.75-15",
    "solution": {
        "fitness": 5000736,
        "is_feasible": false,
        "permutation": [
            10,
            5,
            16,
            15,
            19,
            8,
            17,
            18,
            0,
            1,
            20,
            14,
            4,
            3,
            11,
            2,
            9,
            22,
            7,
            12,
            13,
            6,
            23,
            21
        ],
        "permutation_orig_ids": [
            "11",
            "6",
            "17",
            "16",
            "20",
            "9",
            "18",
            "19",
            "1",
            "2",
            "21",
            "15",
            "5",
            "4",
            "12",
            "3",
            "10",
            "23",
            "8",
            "13",
            "14",
            "7",
            "24",
            "22"
        ]
    },
    "steps": {
        "0": 5000736
    },
    "timeout": 3
}