{
    "config": {
        "allow_infeasible": true,
        "bvns_max_k": 8,
        "bvns_min_k": 1,
        "construction": "random",
        "local_search": "PVND",
        "metaheuristic": "BVNS",
        "num_threads": 8,
        "operators": [
            "insert_1",
            "two_opt",
            "exchange_ids",
            "exchange_1_2",
            "exchange_2_3",
            "exchange_2_4",
            "rexchange_2_2",
            "rexchange_2_4",
            "rexchange_3_3",
            "rexchange_3_4",
            "centered_exchange_1",
            "centered_exchange_4",
            "relocate_1",
            "relocate_2",
            "relocate_3",
            "relocate_4",
            "rrelocate_2",
            "rrelocate_4",
            "move_all_by_10"
        ],
        "perturbation": [
            "reinsert"
        ],
        "timeout": 3600
    },
    "histogram": {
        "all": {
            "centered_exchange_1": 2337,
            "centered_exchange_4": 2333,
            "exchange_1_2": 2351,
            "exchange_2_3": 2333,
            "exchange_2_4": 2333,
            "exchange_ids": 71724,
            "insert_1": 4638,
            "move_all_by_10": 2336,
            "relocate_1": 2339,
            "relocate_2": 2333,
            "relocate_3": 2333,
            "relocate_4": 2333,
            "rexchange_2_2": 2334,
            "rexchange_2_4": 2333,
            "rexchange_3_3": 2333,
            "rexchange_3_4": 2333,
            "rrelocate_2": 2334,
            "rrelocate_4": 2333,
            "two_opt": 66649
        },
        "improving": {
            "centered_exchange_1": 4,
            "centered_exchange_4": 0,
            "exchange_1_2": 18,
            "exchange_2_3": 0,
            "exchange_2_4": 0,
            "exchange_ids": 69391,
            "insert_1": 0,
            "move_all_by_10": 3,
            "relocate_1": 6,
            "relocate_2": 0,
            "relocate_3": 0,
            "relocate_4": 0,
            "rexchange_2_2": 1,
            "rexchange_2_4": 0,
            "rexchange_3_3": 0,
            "rexchange_3_4": 0,
            "rrelocate_2": 1,
            "rrelocate_4": 0,
            "two_opt": 62016
        },
        "rate": {
            "centered_exchange_1": 0.0017115960363298655,
            "centered_exchange_4": 0.0,
            "exchange_1_2": 0.00765631627291441,
            "exchange_2_3": 0.0,
            "exchange_2_4": 0.0,
            "exchange_ids": 0.9674725532531738,
            "insert_1": 0.0,
            "move_all_by_10": 0.0012842465657740831,
            "relocate_1": 0.0025651988107711077,
            "relocate_2": 0.0,
            "relocate_3": 0.0,
            "relocate_4": 0.0,
            "rexchange_2_2": 0.0004284490132704377,
            "rexchange_2_4": 0.0,
            "rexchange_3_3": 0.0,
            "rexchange_3_4": 0.0,
            "rrelocate_2": 0.0004284490132704377,
            "rrelocate_4": 0.0,
            "two_opt": 0.9304865598678589
        }
    },
    "last_improvement": 2595,
    "name": "qap-tai100a.dat",
    "solution": {
        "solution": {
            "fitness": 21438736,
            "is_feasible": true,
            "permutation": [
                63,
                30,
                33,
                6,
                95,
                13,
                78,
                26,
                16,
                85,
                81,
                57,
                97,
                61,
                67,
                50,
                93,
                37,
                68,
                39,
                83,
                75,
                76,
                46,
                3,
                98,
                22,
                15,
                84,
                29,
                96,
                41,
                19,
                80,
                99,
                24,
                90,
                8,
                62,
                86,
                35,
                9,
                7,
                25,
                56,
                27,
                82,
                59,
                20,
                11,
                12,
                87,
                40,
                71,
                94,
                88,
                89,
                54,
                38,
                0,
                64,
                92,
                34,
                31,
                23,
                52,
                65,
                10,
                18,
                21,
                51,
                5,
                17,
                4,
                44,
                55,
                58,
                2,
                72,
                69,
                70,
                77,
                28,
                73,
                49,
                45,
                91,
                60,
                66,
                1,
                42,
                74,
                48,
                43,
                53,
                36,
                32,
                79,
                47,
                14
            ]
        }
    },
    "steps": {
        "0": 22203568,
        "1": 21873996,
        "2595": 21438736,
        "3": 21864450,
        "4": 21812126,
        "5": 21808900,
        "538": 21538306,
        "57": 21628750,
        "6": 21685960,
        "602": 21532646,
        "604": 21504584,
        "65": 21614614,
        "80": 21598360,
        "805": 21503514,
        "83": 21563396,
        "85": 21550102,
        "853": 21470930,
        "86": 21545978,
        "88": 21542220,
        "942": 21439510
    },
    "timeout": 3600
}