{
    "config": {
        "allow_infeasible": true,
        "construction": "random_replicate",
        "ils_k": 6,
        "local_search": "CVND",
        "metaheuristic": "ILS",
        "num_threads": 8,
        "operators": [
            "insert_1",
            "remove_1",
            "two_opt",
            "exchange_ids",
            "exchange_1_2",
            "exchange_2_2",
            "exchange_3_3",
            "exchange_3_4",
            "exchange_4_4",
            "rexchange_2_2",
            "rexchange_2_3",
            "rexchange_4_4",
            "centered_exchange_1",
            "relocate_1",
            "relocate_5",
            "rrelocate_3",
            "rrelocate_4",
            "move_all_by_1",
            "move_all_by_2"
        ],
        "perturbation": [
            "random_double_bridge"
        ],
        "timeout": 3
    },
    "histogram": {
        "all": {
            "centered_exchange_1": 74,
            "exchange_1_2": 76,
            "exchange_2_2": 75,
            "exchange_3_3": 75,
            "exchange_3_4": 75,
            "exchange_4_4": 74,
            "exchange_ids": 77,
            "insert_1": 85,
            "move_all_by_1": 59,
            "move_all_by_2": 58,
            "relocate_1": 67,
            "relocate_5": 63,
            "remove_1": 85,
            "rexchange_2_2": 74,
            "rexchange_2_3": 74,
            "rexchange_4_4": 74,
            "rrelocate_3": 60,
            "rrelocate_4": 59,
            "two_opt": 83
        },
        "improving": {
            "centered_exchange_1": 15,
            "exchange_1_2": 40,
            "exchange_2_2": 26,
            "exchange_3_3": 16,
            "exchange_3_4": 17,
            "exchange_4_4": 7,
            "exchange_ids": 43,
            "insert_1": 0,
            "move_all_by_1": 6,
            "move_all_by_2": 9,
            "relocate_1": 34,
            "relocate_5": 22,
            "remove_1": 0,
            "rexchange_2_2": 14,
            "rexchange_2_3": 9,
            "rexchange_4_4": 1,
            "rrelocate_3": 13,
            "rrelocate_4": 5,
            "two_opt": 34
        },
        "rate": {
            "centered_exchange_1": 0.20270270109176636,
            "exchange_1_2": 0.5263158082962036,
            "exchange_2_2": 0.3466666638851166,
            "exchange_3_3": 0.21333333849906921,
            "exchange_3_4": 0.2266666740179062,
            "exchange_4_4": 0.09459459781646729,
            "exchange_ids": 0.5584415793418884,
            "insert_1": 0.0,
            "move_all_by_1": 0.10169491171836853,
            "move_all_by_2": 0.1551724076271057,
            "relocate_1": 0.5074626803398132,
            "relocate_5": 0.3492063581943512,
            "remove_1": 0.0,
            "rexchange_2_2": 0.18918919563293457,
            "rexchange_2_3": 0.12162162363529205,
            "rexchange_4_4": 0.013513513840734959,
            "rrelocate_3": 0.21666666865348816,
            "rrelocate_4": 0.08474576473236084,
            "two_opt": 0.40963855385780334
        }
    },
    "last_improvement": 0,
    "name": "berlin52",
    "solution": {
        "fitness": 11983,
        "is_feasible": true,
        "permutation": [
            40,
            9,
            42,
            32,
            11,
            10,
            26,
            46,
            13,
            25,
            12,
            51,
            27,
            50,
            24,
            45,
            15,
            19,
            0,
            35,
            48,
            34,
            39,
            4,
            47,
            5,
            3,
            23,
            14,
            37,
            38,
            36,
            33,
            43,
            49,
            28,
            29,
            1,
            20,
            6,
            16,
            41,
            30,
            22,
            21,
            17,
            31,
            44,
            7,
            8,
            18,
            2
        ],
        "permutation_orig_ids": [
            "41",
            "10",
            "43",
            "33",
            "12",
            "11",
            "27",
            "47",
            "14",
            "26",
            "13",
            "52",
            "28",
            "51",
            "25",
            "46",
            "16",
            "20",
            "1",
            "36",
            "49",
            "35",
            "40",
            "5",
            "48",
            "6",
            "4",
            "24",
            "15",
            "38",
            "39",
            "37",
            "34",
            "44",
            "50",
            "29",
            "30",
            "2",
            "21",
            "7",
            "17",
            "42",
            "31",
            "23",
            "22",
            "18",
            "32",
            "45",
            "8",
            "9",
            "19",
            "3"
        ],
        "walk_orig_ids": [
            "41",
            "10",
            "43",
            "33",
            "12",
            "11",
            "27",
            "47",
            "14",
            "26",
            "13",
            "52",
            "28",
            "51",
            "25",
            "46",
            "16",
            "20",
            "1",
            "36",
            "49",
            "35",
            "40",
            "5",
            "48",
            "6",
            "4",
            "24",
            "15",
            "38",
            "39",
            "37",
            "34",
            "44",
            "50",
            "29",
            "30",
            "2",
            "21",
            "7",
            "17",
            "42",
            "31",
            "23",
            "22",
            "18",
            "32",
            "45",
            "8",
            "9",
            "19",
            "3"
        ],
        "walk_processing": [
            true,
            true,
            true,
            true,
            true,
            true,
            true,
            true,
            true,
            true,
            true,
            true,
            true,
            true,
            true,
            true,
            true,
            true,
            true,
            true,
            true,
            true,
            true,
            true,
            true,
            true,
            true,
            true,
            true,
            true,
            true,
            true,
            true,
            true,
            true,
            true,
            true,
            true,
            true,
            true,
            true,
            true,
            true,
            true,
            true,
            true,
            true,
            true,
            true,
            true,
            true,
            true
        ]
    },
    "steps": {
        "0": 11983
    },
    "timeout": 3
}