{
    "config": {
        "allow_infeasible": true,
        "construction": "random_replicate",
        "ils_k": 6,
        "local_search": "CVND",
        "metaheuristic": "ILS",
        "num_threads": 8,
        "operators": [
            "insert_1",
            "remove_1",
            "two_opt",
            "exchange_ids",
            "exchange_1_2",
            "exchange_2_2",
            "exchange_3_3",
            "exchange_3_4",
            "exchange_4_4",
            "rexchange_2_2",
            "rexchange_2_3",
            "rexchange_4_4",
            "centered_exchange_1",
            "relocate_1",
            "relocate_5",
            "rrelocate_3",
            "rrelocate_4",
            "move_all_by_1",
            "move_all_by_2"
        ],
        "perturbation": [
            "random_double_bridge"
        ],
        "stop_on_feasible": true,
        "timeout": 3
    },
    "histogram": {
        "all": {
            "centered_exchange_1": 83,
            "exchange_1_2": 91,
            "exchange_2_2": 89,
            "exchange_3_3": 88,
            "exchange_3_4": 87,
            "exchange_4_4": 87,
            "exchange_ids": 92,
            "insert_1": 102,
            "move_all_by_1": 60,
            "move_all_by_2": 59,
            "relocate_1": 67,
            "relocate_5": 64,
            "remove_1": 102,
            "rexchange_2_2": 84,
            "rexchange_2_3": 83,
            "rexchange_4_4": 83,
            "rrelocate_3": 62,
            "rrelocate_4": 62,
            "two_opt": 96
        },
        "improving": {
            "centered_exchange_1": 8,
            "exchange_1_2": 30,
            "exchange_2_2": 11,
            "exchange_3_3": 3,
            "exchange_3_4": 9,
            "exchange_4_4": 2,
            "exchange_ids": 37,
            "insert_1": 0,
            "move_all_by_1": 6,
            "move_all_by_2": 5,
            "relocate_1": 39,
            "relocate_5": 9,
            "remove_1": 0,
            "rexchange_2_2": 18,
            "rexchange_2_3": 6,
            "rexchange_4_4": 0,
            "rrelocate_3": 10,
            "rrelocate_4": 5,
            "two_opt": 46
        },
        "rate": {
            "centered_exchange_1": 0.09638553857803345,
            "exchange_1_2": 0.32967033982276917,
            "exchange_2_2": 0.12359550595283508,
            "exchange_3_3": 0.034090910106897354,
            "exchange_3_4": 0.1034482792019844,
            "exchange_4_4": 0.02298850566148758,
            "exchange_ids": 0.4021739065647125,
            "insert_1": 0.0,
            "move_all_by_1": 0.10000000149011612,
            "move_all_by_2": 0.08474576473236084,
            "relocate_1": 0.5820895433425903,
            "relocate_5": 0.140625,
            "remove_1": 0.0,
            "rexchange_2_2": 0.2142857164144516,
            "rexchange_2_3": 0.07228915393352509,
            "rexchange_4_4": 0.0,
            "rrelocate_3": 0.16129031777381897,
            "rrelocate_4": 0.08064515888690948,
            "two_opt": 0.4791666567325592
        }
    },
    "last_improvement": 0,
    "name": "random-24-4.08-7",
    "solution": {
        "fitness": 1128,
        "is_feasible": true,
        "permutation": [
            18,
            7,
            13,
            19,
            8,
            11,
            12,
            17,
            5,
            15,
            0,
            4,
            21,
            23,
            2,
            14,
            9,
            3,
            16,
            22,
            20,
            6,
            1,
            10
        ],
        "permutation_orig_ids": [
            "19",
            "8",
            "14",
            "20",
            "9",
            "12",
            "13",
            "18",
            "6",
            "16",
            "1",
            "5",
            "22",
            "24",
            "3",
            "15",
            "10",
            "4",
            "17",
            "23",
            "21",
            "7",
            "2",
            "11"
        ]
    },
    "steps": {
        "0": 1128
    },
    "timeout": 3
}