{
    "config": {
        "allow_infeasible": true,
        "construction": "random_replicate",
        "ils_k": 6,
        "local_search": "CVND",
        "metaheuristic": "ILS",
        "num_threads": 8,
        "operators": [
            "insert_1",
            "remove_1",
            "two_opt",
            "exchange_ids",
            "exchange_1_2",
            "exchange_2_2",
            "exchange_3_3",
            "exchange_3_4",
            "exchange_4_4",
            "rexchange_2_2",
            "rexchange_2_3",
            "rexchange_4_4",
            "centered_exchange_1",
            "relocate_1",
            "relocate_5",
            "rrelocate_3",
            "rrelocate_4",
            "move_all_by_1",
            "move_all_by_2"
        ],
        "perturbation": [
            "random_double_bridge"
        ],
        "stop_on_feasible": true,
        "timeout": 3
    },
    "histogram": {
        "all": {
            "centered_exchange_1": 1888,
            "exchange_1_2": 2030,
            "exchange_2_2": 2001,
            "exchange_3_3": 1995,
            "exchange_3_4": 1979,
            "exchange_4_4": 1979,
            "exchange_ids": 2068,
            "insert_1": 2526,
            "move_all_by_1": 1436,
            "move_all_by_2": 1422,
            "relocate_1": 1585,
            "relocate_5": 1566,
            "remove_1": 2526,
            "rexchange_2_2": 1949,
            "rexchange_2_3": 1944,
            "rexchange_4_4": 1944,
            "rrelocate_3": 1510,
            "rrelocate_4": 1500,
            "two_opt": 2279
        },
        "improving": {
            "centered_exchange_1": 192,
            "exchange_1_2": 529,
            "exchange_2_2": 162,
            "exchange_3_3": 101,
            "exchange_3_4": 100,
            "exchange_4_4": 25,
            "exchange_ids": 884,
            "insert_1": 0,
            "move_all_by_1": 125,
            "move_all_by_2": 54,
            "relocate_1": 573,
            "relocate_5": 66,
            "remove_1": 0,
            "rexchange_2_2": 212,
            "rexchange_2_3": 63,
            "rexchange_4_4": 4,
            "rrelocate_3": 133,
            "rrelocate_4": 22,
            "two_opt": 1137
        },
        "rate": {
            "centered_exchange_1": 0.10169491171836853,
            "exchange_1_2": 0.2605911195278168,
            "exchange_2_2": 0.08095952123403549,
            "exchange_3_3": 0.050626564770936966,
            "exchange_3_4": 0.0505305714905262,
            "exchange_4_4": 0.01263264287263155,
            "exchange_ids": 0.42746615409851074,
            "insert_1": 0.0,
            "move_all_by_1": 0.08704735338687897,
            "move_all_by_2": 0.037974681705236435,
            "relocate_1": 0.3615141808986664,
            "relocate_5": 0.04214559495449066,
            "remove_1": 0.0,
            "rexchange_2_2": 0.10877373069524765,
            "rexchange_2_3": 0.032407406717538834,
            "rexchange_4_4": 0.002057613106444478,
            "rrelocate_3": 0.08807946741580963,
            "rrelocate_4": 0.014666666276752949,
            "two_opt": 0.4989030361175537
        }
    },
    "last_improvement": 0,
    "name": "random-24-1.67-27",
    "solution": {
        "fitness": 4000737,
        "is_feasible": false,
        "permutation": [
            15,
            11,
            23,
            13,
            18,
            4,
            8,
            0,
            14,
            20,
            1,
            21,
            2,
            9,
            7,
            6,
            17,
            16,
            5,
            10,
            3,
            22,
            12,
            19
        ],
        "permutation_orig_ids": [
            "16",
            "12",
            "24",
            "14",
            "19",
            "5",
            "9",
            "1",
            "15",
            "21",
            "2",
            "22",
            "3",
            "10",
            "8",
            "7",
            "18",
            "17",
            "6",
            "11",
            "4",
            "23",
            "13",
            "20"
        ]
    },
    "steps": {
        "0": 4000737
    },
    "timeout": 3
}