{
    "config": {
        "allow_infeasible": true,
        "construction": "random_replicate",
        "ils_k": 6,
        "local_search": "CVND",
        "metaheuristic": "ILS",
        "num_threads": 8,
        "operators": [
            "insert_1",
            "remove_1",
            "two_opt",
            "exchange_ids",
            "exchange_1_2",
            "exchange_2_2",
            "exchange_3_3",
            "exchange_3_4",
            "exchange_4_4",
            "rexchange_2_2",
            "rexchange_2_3",
            "rexchange_4_4",
            "centered_exchange_1",
            "relocate_1",
            "relocate_5",
            "rrelocate_3",
            "rrelocate_4",
            "move_all_by_1",
            "move_all_by_2"
        ],
        "perturbation": [
            "random_double_bridge"
        ],
        "stop_on_feasible": true,
        "timeout": 3
    },
    "histogram": {
        "all": {
            "centered_exchange_1": 2253,
            "exchange_1_2": 2399,
            "exchange_2_2": 2388,
            "exchange_3_3": 2379,
            "exchange_3_4": 2376,
            "exchange_4_4": 2375,
            "exchange_ids": 2432,
            "insert_1": 3039,
            "move_all_by_1": 1715,
            "move_all_by_2": 1704,
            "relocate_1": 1889,
            "relocate_5": 1867,
            "remove_1": 3039,
            "rexchange_2_2": 2323,
            "rexchange_2_3": 2304,
            "rexchange_4_4": 2302,
            "rrelocate_3": 1819,
            "rrelocate_4": 1803,
            "two_opt": 2701
        },
        "improving": {
            "centered_exchange_1": 228,
            "exchange_1_2": 608,
            "exchange_2_2": 161,
            "exchange_3_3": 109,
            "exchange_3_4": 82,
            "exchange_4_4": 18,
            "exchange_ids": 1061,
            "insert_1": 0,
            "move_all_by_1": 156,
            "move_all_by_2": 37,
            "relocate_1": 693,
            "relocate_5": 94,
            "remove_1": 0,
            "rexchange_2_2": 279,
            "rexchange_2_3": 114,
            "rexchange_4_4": 13,
            "rrelocate_3": 150,
            "rrelocate_4": 62,
            "two_opt": 1426
        },
        "rate": {
            "centered_exchange_1": 0.10119840502738953,
            "exchange_1_2": 0.25343891978263855,
            "exchange_2_2": 0.06742043793201447,
            "exchange_3_3": 0.04581756889820099,
            "exchange_3_4": 0.034511785954236984,
            "exchange_4_4": 0.007578947581350803,
            "exchange_ids": 0.4362664520740509,
            "insert_1": 0.0,
            "move_all_by_1": 0.09096209704875946,
            "move_all_by_2": 0.021713614463806152,
            "relocate_1": 0.3668607771396637,
            "relocate_5": 0.050348151475191116,
            "remove_1": 0.0,
            "rexchange_2_2": 0.12010331451892853,
            "rexchange_2_3": 0.0494791679084301,
            "rexchange_4_4": 0.005647263024002314,
            "rrelocate_3": 0.08246289193630219,
            "rrelocate_4": 0.03438713401556015,
            "two_opt": 0.5279526114463806
        }
    },
    "last_improvement": 3,
    "name": "random-24-3.17-56",
    "solution": {
        "fitness": 2000877,
        "is_feasible": false,
        "permutation": [
            2,
            17,
            3,
            22,
            1,
            6,
            13,
            23,
            10,
            4,
            9,
            15,
            16,
            20,
            5,
            21,
            14,
            18,
            8,
            19,
            0,
            12,
            7,
            11
        ],
        "permutation_orig_ids": [
            "3",
            "18",
            "4",
            "23",
            "2",
            "7",
            "14",
            "24",
            "11",
            "5",
            "10",
            "16",
            "17",
            "21",
            "6",
            "22",
            "15",
            "19",
            "9",
            "20",
            "1",
            "13",
            "8",
            "12"
        ]
    },
    "steps": {
        "0": 3000840,
        "1": 3000750,
        "3": 2000877
    },
    "timeout": 3
}