{
    "config": {
        "allow_infeasible": true,
        "construction": "random_replicate",
        "ils_k": 6,
        "local_search": "CVND",
        "metaheuristic": "ILS",
        "num_threads": 8,
        "operators": [
            "insert_1",
            "remove_1",
            "two_opt",
            "exchange_ids",
            "exchange_1_2",
            "exchange_2_2",
            "exchange_3_3",
            "exchange_3_4",
            "exchange_4_4",
            "rexchange_2_2",
            "rexchange_2_3",
            "rexchange_4_4",
            "centered_exchange_1",
            "relocate_1",
            "relocate_5",
            "rrelocate_3",
            "rrelocate_4",
            "move_all_by_1",
            "move_all_by_2"
        ],
        "perturbation": [
            "random_double_bridge"
        ],
        "stop_on_feasible": true,
        "timeout": 3
    },
    "histogram": {
        "all": {
            "centered_exchange_1": 1790,
            "exchange_1_2": 1900,
            "exchange_2_2": 1885,
            "exchange_3_3": 1884,
            "exchange_3_4": 1882,
            "exchange_4_4": 1882,
            "exchange_ids": 1965,
            "insert_1": 2552,
            "move_all_by_1": 1447,
            "move_all_by_2": 1432,
            "relocate_1": 1552,
            "relocate_5": 1541,
            "remove_1": 2552,
            "rexchange_2_2": 1844,
            "rexchange_2_3": 1842,
            "rexchange_4_4": 1842,
            "rrelocate_3": 1502,
            "rrelocate_4": 1498,
            "two_opt": 2201
        },
        "improving": {
            "centered_exchange_1": 192,
            "exchange_1_2": 489,
            "exchange_2_2": 127,
            "exchange_3_3": 43,
            "exchange_3_4": 29,
            "exchange_4_4": 7,
            "exchange_ids": 853,
            "insert_1": 0,
            "move_all_by_1": 88,
            "move_all_by_2": 37,
            "relocate_1": 441,
            "relocate_5": 34,
            "remove_1": 0,
            "rexchange_2_2": 186,
            "rexchange_2_3": 28,
            "rexchange_4_4": 1,
            "rrelocate_3": 92,
            "rrelocate_4": 21,
            "two_opt": 1219
        },
        "rate": {
            "centered_exchange_1": 0.10726256668567657,
            "exchange_1_2": 0.25736841559410095,
            "exchange_2_2": 0.06737400591373444,
            "exchange_3_3": 0.02282377891242504,
            "exchange_3_4": 0.015409138984978199,
            "exchange_4_4": 0.00371944741345942,
            "exchange_ids": 0.43409669399261475,
            "insert_1": 0.0,
            "move_all_by_1": 0.06081547960639,
            "move_all_by_2": 0.025837989524006844,
            "relocate_1": 0.28414949774742126,
            "relocate_5": 0.022063594311475754,
            "remove_1": 0.0,
            "rexchange_2_2": 0.10086768120527267,
            "rexchange_2_3": 0.015200868248939514,
            "rexchange_4_4": 0.0005428881850093603,
            "rrelocate_3": 0.06125166267156601,
            "rrelocate_4": 0.014018691144883633,
            "two_opt": 0.5538391470909119
        }
    },
    "last_improvement": 0,
    "name": "random-24-1.42-6",
    "solution": {
        "fitness": 6000726,
        "is_feasible": false,
        "permutation": [
            9,
            6,
            19,
            10,
            1,
            3,
            20,
            0,
            11,
            21,
            13,
            17,
            7,
            12,
            14,
            8,
            2,
            15,
            16,
            22,
            23,
            18,
            4,
            5
        ],
        "permutation_orig_ids": [
            "10",
            "7",
            "20",
            "11",
            "2",
            "4",
            "21",
            "1",
            "12",
            "22",
            "14",
            "18",
            "8",
            "13",
            "15",
            "9",
            "3",
            "16",
            "17",
            "23",
            "24",
            "19",
            "5",
            "6"
        ]
    },
    "steps": {
        "0": 6000726
    },
    "timeout": 3
}