{
    "config": {
        "allow_infeasible": true,
        "construction": "random_replicate",
        "ils_k": 6,
        "local_search": "CVND",
        "metaheuristic": "ILS",
        "num_threads": 8,
        "operators": [
            "insert_1",
            "remove_1",
            "two_opt",
            "exchange_ids",
            "exchange_1_2",
            "exchange_2_2",
            "exchange_3_3",
            "exchange_3_4",
            "exchange_4_4",
            "rexchange_2_2",
            "rexchange_2_3",
            "rexchange_4_4",
            "centered_exchange_1",
            "relocate_1",
            "relocate_5",
            "rrelocate_3",
            "rrelocate_4",
            "move_all_by_1",
            "move_all_by_2"
        ],
        "perturbation": [
            "random_double_bridge"
        ],
        "stop_on_feasible": true,
        "timeout": 3
    },
    "histogram": {
        "all": {
            "centered_exchange_1": 2004,
            "exchange_1_2": 2146,
            "exchange_2_2": 2144,
            "exchange_3_3": 2143,
            "exchange_3_4": 2138,
            "exchange_4_4": 2131,
            "exchange_ids": 2188,
            "insert_1": 2749,
            "move_all_by_1": 1592,
            "move_all_by_2": 1574,
            "relocate_1": 1689,
            "relocate_5": 1676,
            "remove_1": 2749,
            "rexchange_2_2": 2078,
            "rexchange_2_3": 2076,
            "rexchange_4_4": 2076,
            "rrelocate_3": 1639,
            "rrelocate_4": 1622,
            "two_opt": 2502
        },
        "improving": {
            "centered_exchange_1": 202,
            "exchange_1_2": 620,
            "exchange_2_2": 208,
            "exchange_3_3": 112,
            "exchange_3_4": 127,
            "exchange_4_4": 21,
            "exchange_ids": 1040,
            "insert_1": 0,
            "move_all_by_1": 147,
            "move_all_by_2": 77,
            "relocate_1": 692,
            "relocate_5": 67,
            "remove_1": 0,
            "rexchange_2_2": 233,
            "rexchange_2_3": 50,
            "rexchange_4_4": 0,
            "rrelocate_3": 120,
            "rrelocate_4": 95,
            "two_opt": 1237
        },
        "rate": {
            "centered_exchange_1": 0.10079840570688248,
            "exchange_1_2": 0.2889096140861511,
            "exchange_2_2": 0.09701492637395859,
            "exchange_3_3": 0.052263181656599045,
            "exchange_3_4": 0.05940131098031998,
            "exchange_4_4": 0.009854528121650219,
            "exchange_ids": 0.47531992197036743,
            "insert_1": 0.0,
            "move_all_by_1": 0.09233668446540833,
            "move_all_by_2": 0.04891994968056679,
            "relocate_1": 0.4097099006175995,
            "relocate_5": 0.03997613489627838,
            "remove_1": 0.0,
            "rexchange_2_2": 0.11212704330682755,
            "rexchange_2_3": 0.024084778502583504,
            "rexchange_4_4": 0.0,
            "rrelocate_3": 0.07321537286043167,
            "rrelocate_4": 0.058569665998220444,
            "two_opt": 0.49440446496009827
        }
    },
    "last_improvement": 0,
    "name": "random-24-1.92-53",
    "solution": {
        "fitness": 3000886,
        "is_feasible": false,
        "permutation": [
            16,
            6,
            11,
            3,
            18,
            4,
            7,
            13,
            15,
            21,
            5,
            9,
            17,
            8,
            1,
            20,
            22,
            19,
            10,
            12,
            23,
            0,
            2,
            14
        ],
        "permutation_orig_ids": [
            "17",
            "7",
            "12",
            "4",
            "19",
            "5",
            "8",
            "14",
            "16",
            "22",
            "6",
            "10",
            "18",
            "9",
            "2",
            "21",
            "23",
            "20",
            "11",
            "13",
            "24",
            "1",
            "3",
            "15"
        ]
    },
    "steps": {
        "0": 3000886
    },
    "timeout": 3
}