{
    "config": {
        "allow_infeasible": true,
        "construction": "random_replicate",
        "ils_k": 6,
        "local_search": "CVND",
        "metaheuristic": "ILS",
        "num_threads": 8,
        "operators": [
            "insert_1",
            "remove_1",
            "two_opt",
            "exchange_ids",
            "exchange_1_2",
            "exchange_2_2",
            "exchange_3_3",
            "exchange_3_4",
            "exchange_4_4",
            "rexchange_2_2",
            "rexchange_2_3",
            "rexchange_4_4",
            "centered_exchange_1",
            "relocate_1",
            "relocate_5",
            "rrelocate_3",
            "rrelocate_4",
            "move_all_by_1",
            "move_all_by_2"
        ],
        "perturbation": [
            "random_double_bridge"
        ],
        "stop_on_feasible": true,
        "timeout": 3
    },
    "histogram": {
        "all": {
            "centered_exchange_1": 461,
            "exchange_1_2": 493,
            "exchange_2_2": 490,
            "exchange_3_3": 489,
            "exchange_3_4": 478,
            "exchange_4_4": 478,
            "exchange_ids": 501,
            "insert_1": 581,
            "move_all_by_1": 359,
            "move_all_by_2": 353,
            "relocate_1": 382,
            "relocate_5": 376,
            "remove_1": 581,
            "rexchange_2_2": 469,
            "rexchange_2_3": 467,
            "rexchange_4_4": 467,
            "rrelocate_3": 367,
            "rrelocate_4": 367,
            "two_opt": 539
        },
        "improving": {
            "centered_exchange_1": 46,
            "exchange_1_2": 150,
            "exchange_2_2": 60,
            "exchange_3_3": 22,
            "exchange_3_4": 45,
            "exchange_4_4": 8,
            "exchange_ids": 211,
            "insert_1": 0,
            "move_all_by_1": 26,
            "move_all_by_2": 22,
            "relocate_1": 175,
            "relocate_5": 35,
            "remove_1": 0,
            "rexchange_2_2": 63,
            "rexchange_2_3": 21,
            "rexchange_4_4": 1,
            "rrelocate_3": 47,
            "rrelocate_4": 15,
            "two_opt": 244
        },
        "rate": {
            "centered_exchange_1": 0.09978307783603668,
            "exchange_1_2": 0.30425962805747986,
            "exchange_2_2": 0.12244898080825806,
            "exchange_3_3": 0.044989775866270065,
            "exchange_3_4": 0.09414225816726685,
            "exchange_4_4": 0.016736401244997978,
            "exchange_ids": 0.42115768790245056,
            "insert_1": 0.0,
            "move_all_by_1": 0.07242339849472046,
            "move_all_by_2": 0.0623229444026947,
            "relocate_1": 0.45811519026756287,
            "relocate_5": 0.09308510273694992,
            "remove_1": 0.0,
            "rexchange_2_2": 0.13432836532592773,
            "rexchange_2_3": 0.044967878609895706,
            "rexchange_4_4": 0.0021413275972008705,
            "rrelocate_3": 0.12806539237499237,
            "rrelocate_4": 0.04087193310260773,
            "two_opt": 0.45269015431404114
        }
    },
    "last_improvement": 0,
    "name": "random-24-5.42-37",
    "solution": {
        "fitness": 1069,
        "is_feasible": true,
        "permutation": [
            2,
            8,
            16,
            22,
            20,
            6,
            23,
            10,
            4,
            18,
            13,
            12,
            17,
            5,
            14,
            15,
            19,
            7,
            3,
            21,
            1,
            11,
            9,
            0
        ],
        "permutation_orig_ids": [
            "3",
            "9",
            "17",
            "23",
            "21",
            "7",
            "24",
            "11",
            "5",
            "19",
            "14",
            "13",
            "18",
            "6",
            "15",
            "16",
            "20",
            "8",
            "4",
            "22",
            "2",
            "12",
            "10",
            "1"
        ]
    },
    "steps": {
        "0": 1069
    },
    "timeout": 3
}