{
    "config": {
        "allow_infeasible": true,
        "construction": "random_replicate",
        "ils_k": 6,
        "local_search": "CVND",
        "metaheuristic": "ILS",
        "num_threads": 8,
        "operators": [
            "insert_1",
            "remove_1",
            "two_opt",
            "exchange_ids",
            "exchange_1_2",
            "exchange_2_2",
            "exchange_3_3",
            "exchange_3_4",
            "exchange_4_4",
            "rexchange_2_2",
            "rexchange_2_3",
            "rexchange_4_4",
            "centered_exchange_1",
            "relocate_1",
            "relocate_5",
            "rrelocate_3",
            "rrelocate_4",
            "move_all_by_1",
            "move_all_by_2"
        ],
        "perturbation": [
            "random_double_bridge"
        ],
        "stop_on_feasible": true,
        "timeout": 3
    },
    "histogram": {
        "all": {
            "centered_exchange_1": 1143,
            "exchange_1_2": 1208,
            "exchange_2_2": 1194,
            "exchange_3_3": 1190,
            "exchange_3_4": 1187,
            "exchange_4_4": 1187,
            "exchange_ids": 1274,
            "insert_1": 1702,
            "move_all_by_1": 991,
            "move_all_by_2": 979,
            "relocate_1": 1007,
            "relocate_5": 1006,
            "remove_1": 1702,
            "rexchange_2_2": 1153,
            "rexchange_2_3": 1151,
            "rexchange_4_4": 1151,
            "rrelocate_3": 1002,
            "rrelocate_4": 1000,
            "two_opt": 1441
        },
        "improving": {
            "centered_exchange_1": 21,
            "exchange_1_2": 248,
            "exchange_2_2": 61,
            "exchange_3_3": 16,
            "exchange_3_4": 12,
            "exchange_4_4": 3,
            "exchange_ids": 444,
            "insert_1": 0,
            "move_all_by_1": 16,
            "move_all_by_2": 18,
            "relocate_1": 189,
            "relocate_5": 11,
            "remove_1": 0,
            "rexchange_2_2": 62,
            "rexchange_2_3": 10,
            "rexchange_4_4": 2,
            "rrelocate_3": 9,
            "rrelocate_4": 4,
            "two_opt": 730
        },
        "rate": {
            "centered_exchange_1": 0.018372703343629837,
            "exchange_1_2": 0.20529800653457642,
            "exchange_2_2": 0.05108877643942833,
            "exchange_3_3": 0.01344537828117609,
            "exchange_3_4": 0.010109519585967064,
            "exchange_4_4": 0.002527379896491766,
            "exchange_ids": 0.3485086262226105,
            "insert_1": 0.0,
            "move_all_by_1": 0.016145307570695877,
            "move_all_by_2": 0.018386108800768852,
            "relocate_1": 0.18768619000911713,
            "relocate_5": 0.010934393852949142,
            "remove_1": 0.0,
            "rexchange_2_2": 0.05377276614308357,
            "rexchange_2_3": 0.008688096888363361,
            "rexchange_4_4": 0.0017376195173710585,
            "rrelocate_3": 0.008982036262750626,
            "rrelocate_4": 0.004000000189989805,
            "two_opt": 0.5065926313400269
        }
    },
    "last_improvement": 2,
    "name": "random-24-0.08-91",
    "solution": {
        "fitness": 12000465,
        "is_feasible": false,
        "permutation": [
            1,
            2,
            18,
            15,
            11,
            14,
            22,
            12,
            19,
            3,
            16,
            13,
            8,
            6,
            0,
            9,
            4,
            7,
            23,
            17,
            5,
            21,
            10,
            20
        ],
        "permutation_orig_ids": [
            "2",
            "3",
            "19",
            "16",
            "12",
            "15",
            "23",
            "13",
            "20",
            "4",
            "17",
            "14",
            "9",
            "7",
            "1",
            "10",
            "5",
            "8",
            "24",
            "18",
            "6",
            "22",
            "11",
            "21"
        ]
    },
    "steps": {
        "0": 14000299,
        "2": 12000465
    },
    "timeout": 3
}