{
    "config": {
        "allow_infeasible": true,
        "construction": "random_replicate",
        "ils_k": 6,
        "local_search": "CVND",
        "metaheuristic": "ILS",
        "num_threads": 8,
        "operators": [
            "insert_1",
            "remove_1",
            "two_opt",
            "exchange_ids",
            "exchange_1_2",
            "exchange_2_2",
            "exchange_3_3",
            "exchange_3_4",
            "exchange_4_4",
            "rexchange_2_2",
            "rexchange_2_3",
            "rexchange_4_4",
            "centered_exchange_1",
            "relocate_1",
            "relocate_5",
            "rrelocate_3",
            "rrelocate_4",
            "move_all_by_1",
            "move_all_by_2"
        ],
        "perturbation": [
            "random_double_bridge"
        ],
        "stop_on_feasible": true,
        "timeout": 3
    },
    "histogram": {
        "all": {
            "centered_exchange_1": 1596,
            "exchange_1_2": 1662,
            "exchange_2_2": 1658,
            "exchange_3_3": 1658,
            "exchange_3_4": 1658,
            "exchange_4_4": 1658,
            "exchange_ids": 1702,
            "insert_1": 2107,
            "move_all_by_1": 1205,
            "move_all_by_2": 1181,
            "relocate_1": 1315,
            "relocate_5": 1306,
            "remove_1": 2107,
            "rexchange_2_2": 1625,
            "rexchange_2_3": 1612,
            "rexchange_4_4": 1612,
            "rrelocate_3": 1278,
            "rrelocate_4": 1268,
            "two_opt": 1894
        },
        "improving": {
            "centered_exchange_1": 143,
            "exchange_1_2": 485,
            "exchange_2_2": 116,
            "exchange_3_3": 46,
            "exchange_3_4": 48,
            "exchange_4_4": 15,
            "exchange_ids": 755,
            "insert_1": 0,
            "move_all_by_1": 115,
            "move_all_by_2": 61,
            "relocate_1": 551,
            "relocate_5": 45,
            "remove_1": 0,
            "rexchange_2_2": 226,
            "rexchange_2_3": 90,
            "rexchange_4_4": 1,
            "rrelocate_3": 126,
            "rrelocate_4": 39,
            "two_opt": 989
        },
        "rate": {
            "centered_exchange_1": 0.08959899842739105,
            "exchange_1_2": 0.2918170988559723,
            "exchange_2_2": 0.06996381282806396,
            "exchange_3_3": 0.027744270861148834,
            "exchange_3_4": 0.028950542211532593,
            "exchange_4_4": 0.009047044441103935,
            "exchange_ids": 0.4435957670211792,
            "insert_1": 0.0,
            "move_all_by_1": 0.09543568640947342,
            "move_all_by_2": 0.05165114253759384,
            "relocate_1": 0.4190114140510559,
            "relocate_5": 0.03445635363459587,
            "remove_1": 0.0,
            "rexchange_2_2": 0.13907691836357117,
            "rexchange_2_3": 0.055831264704465866,
            "rexchange_4_4": 0.000620347389485687,
            "rrelocate_3": 0.09859155118465424,
            "rrelocate_4": 0.030757097527384758,
            "two_opt": 0.5221753120422363
        }
    },
    "last_improvement": 2,
    "name": "random-24-5.42-52",
    "solution": {
        "fitness": 984,
        "is_feasible": true,
        "permutation": [
            2,
            18,
            19,
            0,
            6,
            20,
            5,
            16,
            12,
            10,
            13,
            7,
            11,
            17,
            22,
            14,
            4,
            8,
            3,
            1,
            23,
            9,
            21,
            15
        ],
        "permutation_orig_ids": [
            "3",
            "19",
            "20",
            "1",
            "7",
            "21",
            "6",
            "17",
            "13",
            "11",
            "14",
            "8",
            "12",
            "18",
            "23",
            "15",
            "5",
            "9",
            "4",
            "2",
            "24",
            "10",
            "22",
            "16"
        ]
    },
    "steps": {
        "0": 1000806,
        "2": 984
    },
    "timeout": 3
}