{
    "config": {
        "allow_infeasible": true,
        "construction": "random_replicate",
        "ils_k": 6,
        "local_search": "CVND",
        "metaheuristic": "ILS",
        "num_threads": 8,
        "operators": [
            "insert_1",
            "remove_1",
            "two_opt",
            "exchange_ids",
            "exchange_1_2",
            "exchange_2_2",
            "exchange_3_3",
            "exchange_3_4",
            "exchange_4_4",
            "rexchange_2_2",
            "rexchange_2_3",
            "rexchange_4_4",
            "centered_exchange_1",
            "relocate_1",
            "relocate_5",
            "rrelocate_3",
            "rrelocate_4",
            "move_all_by_1",
            "move_all_by_2"
        ],
        "perturbation": [
            "random_double_bridge"
        ],
        "stop_on_feasible": true,
        "timeout": 3
    },
    "histogram": {
        "all": {
            "centered_exchange_1": 2269,
            "exchange_1_2": 2361,
            "exchange_2_2": 2355,
            "exchange_3_3": 2353,
            "exchange_3_4": 2351,
            "exchange_4_4": 2350,
            "exchange_ids": 2435,
            "insert_1": 3020,
            "move_all_by_1": 1810,
            "move_all_by_2": 1731,
            "relocate_1": 1978,
            "relocate_5": 1956,
            "remove_1": 3020,
            "rexchange_2_2": 2314,
            "rexchange_2_3": 2281,
            "rexchange_4_4": 2281,
            "rrelocate_3": 1904,
            "rrelocate_4": 1891,
            "two_opt": 2691
        },
        "improving": {
            "centered_exchange_1": 182,
            "exchange_1_2": 700,
            "exchange_2_2": 219,
            "exchange_3_3": 106,
            "exchange_3_4": 84,
            "exchange_4_4": 19,
            "exchange_ids": 1082,
            "insert_1": 0,
            "move_all_by_1": 175,
            "move_all_by_2": 116,
            "relocate_1": 771,
            "relocate_5": 92,
            "remove_1": 0,
            "rexchange_2_2": 341,
            "rexchange_2_3": 180,
            "rexchange_4_4": 2,
            "rrelocate_3": 170,
            "rrelocate_4": 59,
            "two_opt": 1419
        },
        "rate": {
            "centered_exchange_1": 0.08021154999732971,
            "exchange_1_2": 0.2964845299720764,
            "exchange_2_2": 0.09299363195896149,
            "exchange_3_3": 0.045048873871564865,
            "exchange_3_4": 0.03572947531938553,
            "exchange_4_4": 0.008085106499493122,
            "exchange_ids": 0.4443531930446625,
            "insert_1": 0.0,
            "move_all_by_1": 0.09668508172035217,
            "move_all_by_2": 0.06701328605413437,
            "relocate_1": 0.3897876739501953,
            "relocate_5": 0.047034766525030136,
            "remove_1": 0.0,
            "rexchange_2_2": 0.14736387133598328,
            "rexchange_2_3": 0.07891275733709335,
            "rexchange_4_4": 0.0008768084226176143,
            "rrelocate_3": 0.0892857164144516,
            "rrelocate_4": 0.03120042383670807,
            "two_opt": 0.5273132920265198
        }
    },
    "last_improvement": 0,
    "name": "random-24-3.00-84",
    "solution": {
        "fitness": 2000913,
        "is_feasible": false,
        "permutation": [
            6,
            17,
            11,
            19,
            7,
            10,
            22,
            5,
            12,
            21,
            23,
            13,
            18,
            0,
            4,
            20,
            2,
            9,
            8,
            1,
            14,
            15,
            3,
            16
        ],
        "permutation_orig_ids": [
            "7",
            "18",
            "12",
            "20",
            "8",
            "11",
            "23",
            "6",
            "13",
            "22",
            "24",
            "14",
            "19",
            "1",
            "5",
            "21",
            "3",
            "10",
            "9",
            "2",
            "15",
            "16",
            "4",
            "17"
        ]
    },
    "steps": {
        "0": 2000913
    },
    "timeout": 3
}