{
    "config": {
        "allow_infeasible": true,
        "construction": "random_replicate",
        "ils_k": 6,
        "local_search": "CVND",
        "metaheuristic": "ILS",
        "num_threads": 8,
        "operators": [
            "insert_1",
            "remove_1",
            "two_opt",
            "exchange_ids",
            "exchange_1_2",
            "exchange_2_2",
            "exchange_3_3",
            "exchange_3_4",
            "exchange_4_4",
            "rexchange_2_2",
            "rexchange_2_3",
            "rexchange_4_4",
            "centered_exchange_1",
            "relocate_1",
            "relocate_5",
            "rrelocate_3",
            "rrelocate_4",
            "move_all_by_1",
            "move_all_by_2"
        ],
        "perturbation": [
            "random_double_bridge"
        ],
        "stop_on_feasible": true,
        "timeout": 3
    },
    "histogram": {
        "all": {
            "centered_exchange_1": 86,
            "exchange_1_2": 88,
            "exchange_2_2": 88,
            "exchange_3_3": 88,
            "exchange_3_4": 88,
            "exchange_4_4": 88,
            "exchange_ids": 88,
            "insert_1": 103,
            "move_all_by_1": 64,
            "move_all_by_2": 63,
            "relocate_1": 72,
            "relocate_5": 72,
            "remove_1": 103,
            "rexchange_2_2": 88,
            "rexchange_2_3": 88,
            "rexchange_4_4": 88,
            "rrelocate_3": 68,
            "rrelocate_4": 67,
            "two_opt": 95
        },
        "improving": {
            "centered_exchange_1": 14,
            "exchange_1_2": 25,
            "exchange_2_2": 12,
            "exchange_3_3": 7,
            "exchange_3_4": 3,
            "exchange_4_4": 1,
            "exchange_ids": 36,
            "insert_1": 0,
            "move_all_by_1": 11,
            "move_all_by_2": 5,
            "relocate_1": 36,
            "relocate_5": 11,
            "remove_1": 0,
            "rexchange_2_2": 11,
            "rexchange_2_3": 4,
            "rexchange_4_4": 1,
            "rrelocate_3": 18,
            "rrelocate_4": 5,
            "two_opt": 42
        },
        "rate": {
            "centered_exchange_1": 0.1627907007932663,
            "exchange_1_2": 0.28409090638160706,
            "exchange_2_2": 0.13636364042758942,
            "exchange_3_3": 0.07954545319080353,
            "exchange_3_4": 0.034090910106897354,
            "exchange_4_4": 0.011363636702299118,
            "exchange_ids": 0.40909090638160706,
            "insert_1": 0.0,
            "move_all_by_1": 0.171875,
            "move_all_by_2": 0.0793650820851326,
            "relocate_1": 0.5,
            "relocate_5": 0.1527777761220932,
            "remove_1": 0.0,
            "rexchange_2_2": 0.125,
            "rexchange_2_3": 0.04545454680919647,
            "rexchange_4_4": 0.011363636702299118,
            "rrelocate_3": 0.2647058963775635,
            "rrelocate_4": 0.0746268630027771,
            "two_opt": 0.4421052634716034
        }
    },
    "last_improvement": 0,
    "name": "random-24-6.58-71",
    "solution": {
        "fitness": 939,
        "is_feasible": true,
        "permutation": [
            9,
            5,
            13,
            3,
            15,
            22,
            11,
            23,
            19,
            17,
            20,
            10,
            21,
            7,
            4,
            18,
            6,
            14,
            2,
            12,
            1,
            0,
            16,
            8
        ],
        "permutation_orig_ids": [
            "10",
            "6",
            "14",
            "4",
            "16",
            "23",
            "12",
            "24",
            "20",
            "18",
            "21",
            "11",
            "22",
            "8",
            "5",
            "19",
            "7",
            "15",
            "3",
            "13",
            "2",
            "1",
            "17",
            "9"
        ]
    },
    "steps": {
        "0": 939
    },
    "timeout": 3
}