{
    "config": {
        "allow_infeasible": true,
        "construction": "random_replicate",
        "ils_k": 6,
        "local_search": "CVND",
        "metaheuristic": "ILS",
        "num_threads": 8,
        "operators": [
            "insert_1",
            "remove_1",
            "two_opt",
            "exchange_ids",
            "exchange_1_2",
            "exchange_2_2",
            "exchange_3_3",
            "exchange_3_4",
            "exchange_4_4",
            "rexchange_2_2",
            "rexchange_2_3",
            "rexchange_4_4",
            "centered_exchange_1",
            "relocate_1",
            "relocate_5",
            "rrelocate_3",
            "rrelocate_4",
            "move_all_by_1",
            "move_all_by_2"
        ],
        "perturbation": [
            "random_double_bridge"
        ],
        "stop_on_feasible": true,
        "timeout": 3
    },
    "histogram": {
        "all": {
            "centered_exchange_1": 558,
            "exchange_1_2": 578,
            "exchange_2_2": 575,
            "exchange_3_3": 573,
            "exchange_3_4": 573,
            "exchange_4_4": 573,
            "exchange_ids": 588,
            "insert_1": 712,
            "move_all_by_1": 442,
            "move_all_by_2": 434,
            "relocate_1": 483,
            "relocate_5": 470,
            "remove_1": 712,
            "rexchange_2_2": 565,
            "rexchange_2_3": 565,
            "rexchange_4_4": 565,
            "rrelocate_3": 458,
            "rrelocate_4": 457,
            "two_opt": 642
        },
        "improving": {
            "centered_exchange_1": 49,
            "exchange_1_2": 190,
            "exchange_2_2": 63,
            "exchange_3_3": 34,
            "exchange_3_4": 24,
            "exchange_4_4": 7,
            "exchange_ids": 242,
            "insert_1": 0,
            "move_all_by_1": 40,
            "move_all_by_2": 27,
            "relocate_1": 212,
            "relocate_5": 49,
            "remove_1": 0,
            "rexchange_2_2": 76,
            "rexchange_2_3": 15,
            "rexchange_4_4": 1,
            "rrelocate_3": 47,
            "rrelocate_4": 13,
            "two_opt": 312
        },
        "rate": {
            "centered_exchange_1": 0.08781362324953079,
            "exchange_1_2": 0.32871973514556885,
            "exchange_2_2": 0.10956522077322006,
            "exchange_3_3": 0.0593368224799633,
            "exchange_3_4": 0.04188481718301773,
            "exchange_4_4": 0.012216405011713505,
            "exchange_ids": 0.4115646183490753,
            "insert_1": 0.0,
            "move_all_by_1": 0.09049773961305618,
            "move_all_by_2": 0.062211982905864716,
            "relocate_1": 0.4389233887195587,
            "relocate_5": 0.1042553186416626,
            "remove_1": 0.0,
            "rexchange_2_2": 0.1345132738351822,
            "rexchange_2_3": 0.02654867246747017,
            "rexchange_4_4": 0.0017699114978313446,
            "rrelocate_3": 0.10262008756399155,
            "rrelocate_4": 0.028446389362215996,
            "two_opt": 0.4859813153743744
        }
    },
    "last_improvement": 0,
    "name": "random-24-5.08-73",
    "solution": {
        "fitness": 1060,
        "is_feasible": true,
        "permutation": [
            2,
            3,
            13,
            12,
            6,
            0,
            23,
            7,
            8,
            14,
            21,
            20,
            4,
            18,
            22,
            1,
            16,
            9,
            10,
            15,
            11,
            19,
            17,
            5
        ],
        "permutation_orig_ids": [
            "3",
            "4",
            "14",
            "13",
            "7",
            "1",
            "24",
            "8",
            "9",
            "15",
            "22",
            "21",
            "5",
            "19",
            "23",
            "2",
            "17",
            "10",
            "11",
            "16",
            "12",
            "20",
            "18",
            "6"
        ]
    },
    "steps": {
        "0": 1060
    },
    "timeout": 3
}