{
    "config": {
        "allow_infeasible": true,
        "construction": "random_replicate",
        "ils_k": 6,
        "local_search": "CVND",
        "metaheuristic": "ILS",
        "num_threads": 8,
        "operators": [
            "insert_1",
            "remove_1",
            "two_opt",
            "exchange_ids",
            "exchange_1_2",
            "exchange_2_2",
            "exchange_3_3",
            "exchange_3_4",
            "exchange_4_4",
            "rexchange_2_2",
            "rexchange_2_3",
            "rexchange_4_4",
            "centered_exchange_1",
            "relocate_1",
            "relocate_5",
            "rrelocate_3",
            "rrelocate_4",
            "move_all_by_1",
            "move_all_by_2"
        ],
        "perturbation": [
            "random_double_bridge"
        ],
        "stop_on_feasible": true,
        "timeout": 3
    },
    "histogram": {
        "all": {
            "centered_exchange_1": 2472,
            "exchange_1_2": 2568,
            "exchange_2_2": 2561,
            "exchange_3_3": 2560,
            "exchange_3_4": 2557,
            "exchange_4_4": 2555,
            "exchange_ids": 2725,
            "insert_1": 3359,
            "move_all_by_1": 2009,
            "move_all_by_2": 1963,
            "relocate_1": 2141,
            "relocate_5": 2134,
            "remove_1": 3359,
            "rexchange_2_2": 2547,
            "rexchange_2_3": 2533,
            "rexchange_4_4": 2533,
            "rrelocate_3": 2095,
            "rrelocate_4": 2087,
            "two_opt": 3041
        },
        "improving": {
            "centered_exchange_1": 351,
            "exchange_1_2": 805,
            "exchange_2_2": 222,
            "exchange_3_3": 111,
            "exchange_3_4": 98,
            "exchange_4_4": 21,
            "exchange_ids": 1167,
            "insert_1": 0,
            "move_all_by_1": 227,
            "move_all_by_2": 120,
            "relocate_1": 844,
            "relocate_5": 82,
            "remove_1": 0,
            "rexchange_2_2": 336,
            "rexchange_2_3": 101,
            "rexchange_4_4": 2,
            "rrelocate_3": 271,
            "rrelocate_4": 45,
            "two_opt": 1579
        },
        "rate": {
            "centered_exchange_1": 0.1419902890920639,
            "exchange_1_2": 0.31347352266311646,
            "exchange_2_2": 0.08668489009141922,
            "exchange_3_3": 0.04335937649011612,
            "exchange_3_4": 0.038326162844896317,
            "exchange_4_4": 0.008219177834689617,
            "exchange_ids": 0.4282568693161011,
            "insert_1": 0.0,
            "move_all_by_1": 0.11299154162406921,
            "move_all_by_2": 0.06113092228770256,
            "relocate_1": 0.39420831203460693,
            "relocate_5": 0.03842549026012421,
            "remove_1": 0.0,
            "rexchange_2_2": 0.13191990554332733,
            "rexchange_2_3": 0.03987366706132889,
            "rexchange_4_4": 0.0007895775488577783,
            "rrelocate_3": 0.12935560941696167,
            "rrelocate_4": 0.02156205102801323,
            "two_opt": 0.5192371010780334
        }
    },
    "last_improvement": 0,
    "name": "random-24-4.58-91",
    "solution": {
        "fitness": 1000791,
        "is_feasible": false,
        "permutation": [
            9,
            1,
            7,
            19,
            5,
            8,
            11,
            18,
            14,
            2,
            4,
            16,
            12,
            22,
            10,
            23,
            15,
            17,
            21,
            20,
            3,
            13,
            0,
            6
        ],
        "permutation_orig_ids": [
            "10",
            "2",
            "8",
            "20",
            "6",
            "9",
            "12",
            "19",
            "15",
            "3",
            "5",
            "17",
            "13",
            "23",
            "11",
            "24",
            "16",
            "18",
            "22",
            "21",
            "4",
            "14",
            "1",
            "7"
        ]
    },
    "steps": {
        "0": 1000791
    },
    "timeout": 3
}