{
    "config": {
        "allow_infeasible": true,
        "construction": "random_replicate",
        "ils_k": 6,
        "local_search": "CVND",
        "metaheuristic": "ILS",
        "num_threads": 8,
        "operators": [
            "insert_1",
            "remove_1",
            "two_opt",
            "exchange_ids",
            "exchange_1_2",
            "exchange_2_2",
            "exchange_3_3",
            "exchange_3_4",
            "exchange_4_4",
            "rexchange_2_2",
            "rexchange_2_3",
            "rexchange_4_4",
            "centered_exchange_1",
            "relocate_1",
            "relocate_5",
            "rrelocate_3",
            "rrelocate_4",
            "move_all_by_1",
            "move_all_by_2"
        ],
        "perturbation": [
            "random_double_bridge"
        ],
        "stop_on_feasible": true,
        "timeout": 3
    },
    "histogram": {
        "all": {
            "centered_exchange_1": 2211,
            "exchange_1_2": 2295,
            "exchange_2_2": 2283,
            "exchange_3_3": 2280,
            "exchange_3_4": 2278,
            "exchange_4_4": 2278,
            "exchange_ids": 2348,
            "insert_1": 2949,
            "move_all_by_1": 1717,
            "move_all_by_2": 1663,
            "relocate_1": 1858,
            "relocate_5": 1847,
            "remove_1": 2949,
            "rexchange_2_2": 2268,
            "rexchange_2_3": 2261,
            "rexchange_4_4": 2261,
            "rrelocate_3": 1798,
            "rrelocate_4": 1798,
            "two_opt": 2618
        },
        "improving": {
            "centered_exchange_1": 255,
            "exchange_1_2": 672,
            "exchange_2_2": 198,
            "exchange_3_3": 55,
            "exchange_3_4": 41,
            "exchange_4_4": 6,
            "exchange_ids": 1052,
            "insert_1": 0,
            "move_all_by_1": 171,
            "move_all_by_2": 118,
            "relocate_1": 692,
            "relocate_5": 70,
            "remove_1": 0,
            "rexchange_2_2": 189,
            "rexchange_2_3": 51,
            "rexchange_4_4": 0,
            "rrelocate_3": 139,
            "rrelocate_4": 10,
            "two_opt": 1380
        },
        "rate": {
            "centered_exchange_1": 0.11533243209123611,
            "exchange_1_2": 0.29281046986579895,
            "exchange_2_2": 0.08672799170017242,
            "exchange_3_3": 0.024122806265950203,
            "exchange_3_4": 0.017998244613409042,
            "exchange_4_4": 0.002633889438584447,
            "exchange_ids": 0.4480408728122711,
            "insert_1": 0.0,
            "move_all_by_1": 0.09959231317043304,
            "move_all_by_2": 0.07095610350370407,
            "relocate_1": 0.3724434971809387,
            "relocate_5": 0.03789929673075676,
            "remove_1": 0.0,
            "rexchange_2_2": 0.0833333358168602,
            "rexchange_2_3": 0.02255639061331749,
            "rexchange_4_4": 0.0,
            "rrelocate_3": 0.07730811834335327,
            "rrelocate_4": 0.0055617354810237885,
            "two_opt": 0.5271199345588684
        }
    },
    "last_improvement": 1,
    "name": "random-24-3.08-82",
    "solution": {
        "fitness": 3000772,
        "is_feasible": false,
        "permutation": [
            6,
            21,
            13,
            19,
            4,
            3,
            23,
            0,
            7,
            9,
            10,
            1,
            15,
            11,
            20,
            18,
            5,
            2,
            14,
            8,
            22,
            12,
            16,
            17
        ],
        "permutation_orig_ids": [
            "7",
            "22",
            "14",
            "20",
            "5",
            "4",
            "24",
            "1",
            "8",
            "10",
            "11",
            "2",
            "16",
            "12",
            "21",
            "19",
            "6",
            "3",
            "15",
            "9",
            "23",
            "13",
            "17",
            "18"
        ]
    },
    "steps": {
        "0": 3000812,
        "1": 3000772
    },
    "timeout": 3
}