{
    "config": {
        "allow_infeasible": true,
        "construction": "random_replicate",
        "ils_k": 6,
        "local_search": "CVND",
        "metaheuristic": "ILS",
        "num_threads": 8,
        "operators": [
            "insert_1",
            "remove_1",
            "two_opt",
            "exchange_ids",
            "exchange_1_2",
            "exchange_2_2",
            "exchange_3_3",
            "exchange_3_4",
            "exchange_4_4",
            "rexchange_2_2",
            "rexchange_2_3",
            "rexchange_4_4",
            "centered_exchange_1",
            "relocate_1",
            "relocate_5",
            "rrelocate_3",
            "rrelocate_4",
            "move_all_by_1",
            "move_all_by_2"
        ],
        "perturbation": [
            "random_double_bridge"
        ],
        "stop_on_feasible": true,
        "timeout": 3
    },
    "histogram": {
        "all": {
            "centered_exchange_1": 1515,
            "exchange_1_2": 1648,
            "exchange_2_2": 1645,
            "exchange_3_3": 1642,
            "exchange_3_4": 1639,
            "exchange_4_4": 1639,
            "exchange_ids": 1702,
            "insert_1": 2261,
            "move_all_by_1": 1284,
            "move_all_by_2": 1265,
            "relocate_1": 1339,
            "relocate_5": 1331,
            "remove_1": 2261,
            "rexchange_2_2": 1574,
            "rexchange_2_3": 1571,
            "rexchange_4_4": 1570,
            "rrelocate_3": 1310,
            "rrelocate_4": 1309,
            "two_opt": 1919
        },
        "improving": {
            "centered_exchange_1": 93,
            "exchange_1_2": 357,
            "exchange_2_2": 101,
            "exchange_3_3": 46,
            "exchange_3_4": 25,
            "exchange_4_4": 2,
            "exchange_ids": 702,
            "insert_1": 0,
            "move_all_by_1": 46,
            "move_all_by_2": 29,
            "relocate_1": 309,
            "relocate_5": 35,
            "remove_1": 0,
            "rexchange_2_2": 162,
            "rexchange_2_3": 20,
            "rexchange_4_4": 1,
            "rrelocate_3": 37,
            "rrelocate_4": 10,
            "two_opt": 1047
        },
        "rate": {
            "centered_exchange_1": 0.06138613820075989,
            "exchange_1_2": 0.21662621200084686,
            "exchange_2_2": 0.06139817461371422,
            "exchange_3_3": 0.028014617040753365,
            "exchange_3_4": 0.015253202989697456,
            "exchange_4_4": 0.0012202562065795064,
            "exchange_ids": 0.4124559462070465,
            "insert_1": 0.0,
            "move_all_by_1": 0.03582554683089256,
            "move_all_by_2": 0.02292490191757679,
            "relocate_1": 0.23076923191547394,
            "relocate_5": 0.026296017691493034,
            "remove_1": 0.0,
            "rexchange_2_2": 0.10292249172925949,
            "rexchange_2_3": 0.012730744667351246,
            "rexchange_4_4": 0.0006369426846504211,
            "rrelocate_3": 0.028244275599718094,
            "rrelocate_4": 0.007639419287443161,
            "two_opt": 0.5455966591835022
        }
    },
    "last_improvement": 0,
    "name": "random-24-0.58-57",
    "solution": {
        "fitness": 8000655,
        "is_feasible": false,
        "permutation": [
            2,
            12,
            11,
            23,
            17,
            8,
            14,
            3,
            4,
            1,
            0,
            18,
            15,
            13,
            21,
            9,
            20,
            19,
            22,
            10,
            6,
            16,
            5,
            7
        ],
        "permutation_orig_ids": [
            "3",
            "13",
            "12",
            "24",
            "18",
            "9",
            "15",
            "4",
            "5",
            "2",
            "1",
            "19",
            "16",
            "14",
            "22",
            "10",
            "21",
            "20",
            "23",
            "11",
            "7",
            "17",
            "6",
            "8"
        ]
    },
    "steps": {
        "0": 8000655
    },
    "timeout": 3
}