{
    "config": {
        "allow_infeasible": true,
        "construction": "random_replicate",
        "ils_k": 6,
        "local_search": "CVND",
        "metaheuristic": "ILS",
        "num_threads": 8,
        "operators": [
            "insert_1",
            "remove_1",
            "two_opt",
            "exchange_ids",
            "exchange_1_2",
            "exchange_2_2",
            "exchange_3_3",
            "exchange_3_4",
            "exchange_4_4",
            "rexchange_2_2",
            "rexchange_2_3",
            "rexchange_4_4",
            "centered_exchange_1",
            "relocate_1",
            "relocate_5",
            "rrelocate_3",
            "rrelocate_4",
            "move_all_by_1",
            "move_all_by_2"
        ],
        "perturbation": [
            "random_double_bridge"
        ],
        "stop_on_feasible": true,
        "timeout": 3
    },
    "histogram": {
        "all": {
            "centered_exchange_1": 12,
            "exchange_1_2": 12,
            "exchange_2_2": 12,
            "exchange_3_3": 12,
            "exchange_3_4": 12,
            "exchange_4_4": 12,
            "exchange_ids": 12,
            "insert_1": 16,
            "move_all_by_1": 10,
            "move_all_by_2": 10,
            "relocate_1": 10,
            "relocate_5": 10,
            "remove_1": 16,
            "rexchange_2_2": 12,
            "rexchange_2_3": 12,
            "rexchange_4_4": 12,
            "rrelocate_3": 10,
            "rrelocate_4": 10,
            "two_opt": 14
        },
        "improving": {
            "centered_exchange_1": 0,
            "exchange_1_2": 5,
            "exchange_2_2": 3,
            "exchange_3_3": 0,
            "exchange_3_4": 2,
            "exchange_4_4": 0,
            "exchange_ids": 6,
            "insert_1": 0,
            "move_all_by_1": 2,
            "move_all_by_2": 2,
            "relocate_1": 5,
            "relocate_5": 2,
            "remove_1": 0,
            "rexchange_2_2": 2,
            "rexchange_2_3": 2,
            "rexchange_4_4": 0,
            "rrelocate_3": 2,
            "rrelocate_4": 1,
            "two_opt": 8
        },
        "rate": {
            "centered_exchange_1": 0.0,
            "exchange_1_2": 0.4166666567325592,
            "exchange_2_2": 0.25,
            "exchange_3_3": 0.0,
            "exchange_3_4": 0.1666666716337204,
            "exchange_4_4": 0.0,
            "exchange_ids": 0.5,
            "insert_1": 0.0,
            "move_all_by_1": 0.20000000298023224,
            "move_all_by_2": 0.20000000298023224,
            "relocate_1": 0.5,
            "relocate_5": 0.20000000298023224,
            "remove_1": 0.0,
            "rexchange_2_2": 0.1666666716337204,
            "rexchange_2_3": 0.1666666716337204,
            "rexchange_4_4": 0.0,
            "rrelocate_3": 0.20000000298023224,
            "rrelocate_4": 0.10000000149011612,
            "two_opt": 0.5714285969734192
        }
    },
    "last_improvement": 0,
    "name": "random-24-8.08-30",
    "solution": {
        "fitness": 844,
        "is_feasible": true,
        "permutation": [
            10,
            18,
            20,
            0,
            6,
            4,
            13,
            9,
            14,
            15,
            2,
            23,
            22,
            7,
            17,
            5,
            1,
            12,
            3,
            21,
            19,
            8,
            16,
            11
        ],
        "permutation_orig_ids": [
            "11",
            "19",
            "21",
            "1",
            "7",
            "5",
            "14",
            "10",
            "15",
            "16",
            "3",
            "24",
            "23",
            "8",
            "18",
            "6",
            "2",
            "13",
            "4",
            "22",
            "20",
            "9",
            "17",
            "12"
        ]
    },
    "steps": {
        "0": 844
    },
    "timeout": 3
}