{
    "config": {
        "allow_infeasible": true,
        "construction": "random_replicate",
        "ils_k": 6,
        "local_search": "CVND",
        "metaheuristic": "ILS",
        "num_threads": 8,
        "operators": [
            "insert_1",
            "remove_1",
            "two_opt",
            "exchange_ids",
            "exchange_1_2",
            "exchange_2_2",
            "exchange_3_3",
            "exchange_3_4",
            "exchange_4_4",
            "rexchange_2_2",
            "rexchange_2_3",
            "rexchange_4_4",
            "centered_exchange_1",
            "relocate_1",
            "relocate_5",
            "rrelocate_3",
            "rrelocate_4",
            "move_all_by_1",
            "move_all_by_2"
        ],
        "perturbation": [
            "random_double_bridge"
        ],
        "stop_on_feasible": true,
        "timeout": 3
    },
    "histogram": {
        "all": {
            "centered_exchange_1": 2324,
            "exchange_1_2": 2498,
            "exchange_2_2": 2476,
            "exchange_3_3": 2475,
            "exchange_3_4": 2473,
            "exchange_4_4": 2472,
            "exchange_ids": 2550,
            "insert_1": 3148,
            "move_all_by_1": 1764,
            "move_all_by_2": 1748,
            "relocate_1": 1980,
            "relocate_5": 1944,
            "remove_1": 3148,
            "rexchange_2_2": 2392,
            "rexchange_2_3": 2384,
            "rexchange_4_4": 2384,
            "rrelocate_3": 1888,
            "rrelocate_4": 1856,
            "two_opt": 2842
        },
        "improving": {
            "centered_exchange_1": 263,
            "exchange_1_2": 595,
            "exchange_2_2": 179,
            "exchange_3_3": 74,
            "exchange_3_4": 99,
            "exchange_4_4": 30,
            "exchange_ids": 1136,
            "insert_1": 0,
            "move_all_by_1": 163,
            "move_all_by_2": 67,
            "relocate_1": 659,
            "relocate_5": 106,
            "remove_1": 0,
            "rexchange_2_2": 438,
            "rexchange_2_3": 154,
            "rexchange_4_4": 5,
            "rrelocate_3": 243,
            "rrelocate_4": 54,
            "two_opt": 1477
        },
        "rate": {
            "centered_exchange_1": 0.11316695064306259,
            "exchange_1_2": 0.23819054663181305,
            "exchange_2_2": 0.07229401916265488,
            "exchange_3_3": 0.0298989899456501,
            "exchange_3_4": 0.04003234952688217,
            "exchange_4_4": 0.012135921977460384,
            "exchange_ids": 0.44549018144607544,
            "insert_1": 0.0,
            "move_all_by_1": 0.09240362793207169,
            "move_all_by_2": 0.03832951933145523,
            "relocate_1": 0.3328282833099365,
            "relocate_5": 0.05452674999833107,
            "remove_1": 0.0,
            "rexchange_2_2": 0.18311037123203278,
            "rexchange_2_3": 0.06459731608629227,
            "rexchange_4_4": 0.002097315387800336,
            "rrelocate_3": 0.1287076324224472,
            "rrelocate_4": 0.02909482829272747,
            "two_opt": 0.5197044610977173
        }
    },
    "last_improvement": 0,
    "name": "random-24-3.83-56",
    "solution": {
        "fitness": 1001018,
        "is_feasible": false,
        "permutation": [
            10,
            4,
            9,
            15,
            2,
            16,
            11,
            1,
            13,
            6,
            5,
            3,
            22,
            14,
            18,
            8,
            17,
            21,
            20,
            23,
            19,
            0,
            12,
            7
        ],
        "permutation_orig_ids": [
            "11",
            "5",
            "10",
            "16",
            "3",
            "17",
            "12",
            "2",
            "14",
            "7",
            "6",
            "4",
            "23",
            "15",
            "19",
            "9",
            "18",
            "22",
            "21",
            "24",
            "20",
            "1",
            "13",
            "8"
        ]
    },
    "steps": {
        "0": 1001018
    },
    "timeout": 3
}