{
    "config": {
        "allow_infeasible": true,
        "construction": "random_replicate",
        "ils_k": 6,
        "local_search": "CVND",
        "metaheuristic": "ILS",
        "num_threads": 8,
        "operators": [
            "insert_1",
            "remove_1",
            "two_opt",
            "exchange_ids",
            "exchange_1_2",
            "exchange_2_2",
            "exchange_3_3",
            "exchange_3_4",
            "exchange_4_4",
            "rexchange_2_2",
            "rexchange_2_3",
            "rexchange_4_4",
            "centered_exchange_1",
            "relocate_1",
            "relocate_5",
            "rrelocate_3",
            "rrelocate_4",
            "move_all_by_1",
            "move_all_by_2"
        ],
        "perturbation": [
            "random_double_bridge"
        ],
        "stop_on_feasible": true,
        "timeout": 3
    },
    "histogram": {
        "all": {
            "centered_exchange_1": 16,
            "exchange_1_2": 16,
            "exchange_2_2": 16,
            "exchange_3_3": 16,
            "exchange_3_4": 16,
            "exchange_4_4": 16,
            "exchange_ids": 16,
            "insert_1": 18,
            "move_all_by_1": 12,
            "move_all_by_2": 12,
            "relocate_1": 13,
            "relocate_5": 13,
            "remove_1": 18,
            "rexchange_2_2": 16,
            "rexchange_2_3": 16,
            "rexchange_4_4": 16,
            "rrelocate_3": 13,
            "rrelocate_4": 12,
            "two_opt": 17
        },
        "improving": {
            "centered_exchange_1": 5,
            "exchange_1_2": 4,
            "exchange_2_2": 1,
            "exchange_3_3": 2,
            "exchange_3_4": 2,
            "exchange_4_4": 1,
            "exchange_ids": 6,
            "insert_1": 0,
            "move_all_by_1": 4,
            "move_all_by_2": 3,
            "relocate_1": 10,
            "relocate_5": 3,
            "remove_1": 0,
            "rexchange_2_2": 4,
            "rexchange_2_3": 1,
            "rexchange_4_4": 0,
            "rrelocate_3": 5,
            "rrelocate_4": 4,
            "two_opt": 9
        },
        "rate": {
            "centered_exchange_1": 0.3125,
            "exchange_1_2": 0.25,
            "exchange_2_2": 0.0625,
            "exchange_3_3": 0.125,
            "exchange_3_4": 0.125,
            "exchange_4_4": 0.0625,
            "exchange_ids": 0.375,
            "insert_1": 0.0,
            "move_all_by_1": 0.3333333432674408,
            "move_all_by_2": 0.25,
            "relocate_1": 0.7692307829856873,
            "relocate_5": 0.23076923191547394,
            "remove_1": 0.0,
            "rexchange_2_2": 0.25,
            "rexchange_2_3": 0.0625,
            "rexchange_4_4": 0.0,
            "rrelocate_3": 0.38461539149284363,
            "rrelocate_4": 0.3333333432674408,
            "two_opt": 0.529411792755127
        }
    },
    "last_improvement": 0,
    "name": "random-24-6.00-3",
    "solution": {
        "fitness": 835,
        "is_feasible": true,
        "permutation": [
            1,
            10,
            14,
            9,
            13,
            21,
            20,
            4,
            11,
            3,
            5,
            0,
            22,
            12,
            19,
            17,
            2,
            15,
            6,
            8,
            23,
            7,
            16,
            18
        ],
        "permutation_orig_ids": [
            "2",
            "11",
            "15",
            "10",
            "14",
            "22",
            "21",
            "5",
            "12",
            "4",
            "6",
            "1",
            "23",
            "13",
            "20",
            "18",
            "3",
            "16",
            "7",
            "9",
            "24",
            "8",
            "17",
            "19"
        ]
    },
    "steps": {
        "0": 835
    },
    "timeout": 3
}