{
    "config": {
        "allow_infeasible": true,
        "construction": "random_replicate",
        "ils_k": 6,
        "local_search": "CVND",
        "metaheuristic": "ILS",
        "num_threads": 8,
        "operators": [
            "insert_1",
            "remove_1",
            "two_opt",
            "exchange_ids",
            "exchange_1_2",
            "exchange_2_2",
            "exchange_3_3",
            "exchange_3_4",
            "exchange_4_4",
            "rexchange_2_2",
            "rexchange_2_3",
            "rexchange_4_4",
            "centered_exchange_1",
            "relocate_1",
            "relocate_5",
            "rrelocate_3",
            "rrelocate_4",
            "move_all_by_1",
            "move_all_by_2"
        ],
        "perturbation": [
            "random_double_bridge"
        ],
        "stop_on_feasible": true,
        "timeout": 3
    },
    "histogram": {
        "all": {
            "centered_exchange_1": 1799,
            "exchange_1_2": 1908,
            "exchange_2_2": 1905,
            "exchange_3_3": 1904,
            "exchange_3_4": 1895,
            "exchange_4_4": 1895,
            "exchange_ids": 1963,
            "insert_1": 2467,
            "move_all_by_1": 1411,
            "move_all_by_2": 1394,
            "relocate_1": 1500,
            "relocate_5": 1491,
            "remove_1": 2467,
            "rexchange_2_2": 1866,
            "rexchange_2_3": 1862,
            "rexchange_4_4": 1862,
            "rrelocate_3": 1464,
            "rrelocate_4": 1462,
            "two_opt": 2227
        },
        "improving": {
            "centered_exchange_1": 219,
            "exchange_1_2": 529,
            "exchange_2_2": 144,
            "exchange_3_3": 40,
            "exchange_3_4": 42,
            "exchange_4_4": 8,
            "exchange_ids": 942,
            "insert_1": 0,
            "move_all_by_1": 137,
            "move_all_by_2": 72,
            "relocate_1": 575,
            "relocate_5": 69,
            "remove_1": 0,
            "rexchange_2_2": 172,
            "rexchange_2_3": 28,
            "rexchange_4_4": 0,
            "rrelocate_3": 96,
            "rrelocate_4": 12,
            "two_opt": 1140
        },
        "rate": {
            "centered_exchange_1": 0.12173429876565933,
            "exchange_1_2": 0.277253657579422,
            "exchange_2_2": 0.07559055089950562,
            "exchange_3_3": 0.021008403971791267,
            "exchange_3_4": 0.02216358855366707,
            "exchange_4_4": 0.0042216358706355095,
            "exchange_ids": 0.4798777401447296,
            "insert_1": 0.0,
            "move_all_by_1": 0.09709426015615463,
            "move_all_by_2": 0.05164992809295654,
            "relocate_1": 0.38333332538604736,
            "relocate_5": 0.046277664601802826,
            "remove_1": 0.0,
            "rexchange_2_2": 0.09217577427625656,
            "rexchange_2_3": 0.015037594363093376,
            "rexchange_4_4": 0.0,
            "rrelocate_3": 0.06557376682758331,
            "rrelocate_4": 0.008207933977246284,
            "two_opt": 0.5118994116783142
        }
    },
    "last_improvement": 2,
    "name": "random-24-1.50-14",
    "solution": {
        "fitness": 5000688,
        "is_feasible": false,
        "permutation": [
            2,
            8,
            12,
            16,
            3,
            21,
            17,
            20,
            4,
            15,
            11,
            23,
            10,
            1,
            22,
            6,
            9,
            13,
            5,
            19,
            14,
            7,
            18,
            0
        ],
        "permutation_orig_ids": [
            "3",
            "9",
            "13",
            "17",
            "4",
            "22",
            "18",
            "21",
            "5",
            "16",
            "12",
            "24",
            "11",
            "2",
            "23",
            "7",
            "10",
            "14",
            "6",
            "20",
            "15",
            "8",
            "19",
            "1"
        ]
    },
    "steps": {
        "0": 5000778,
        "1": 5000737,
        "2": 5000688
    },
    "timeout": 3
}