{
    "config": {
        "allow_infeasible": true,
        "construction": "random_replicate",
        "ils_k": 6,
        "local_search": "CVND",
        "metaheuristic": "ILS",
        "num_threads": 8,
        "operators": [
            "insert_1",
            "remove_1",
            "two_opt",
            "exchange_ids",
            "exchange_1_2",
            "exchange_2_2",
            "exchange_3_3",
            "exchange_3_4",
            "exchange_4_4",
            "rexchange_2_2",
            "rexchange_2_3",
            "rexchange_4_4",
            "centered_exchange_1",
            "relocate_1",
            "relocate_5",
            "rrelocate_3",
            "rrelocate_4",
            "move_all_by_1",
            "move_all_by_2"
        ],
        "perturbation": [
            "random_double_bridge"
        ],
        "stop_on_feasible": true,
        "timeout": 3
    },
    "histogram": {
        "all": {
            "centered_exchange_1": 20,
            "exchange_1_2": 21,
            "exchange_2_2": 21,
            "exchange_3_3": 21,
            "exchange_3_4": 21,
            "exchange_4_4": 21,
            "exchange_ids": 21,
            "insert_1": 23,
            "move_all_by_1": 15,
            "move_all_by_2": 15,
            "relocate_1": 16,
            "relocate_5": 16,
            "remove_1": 23,
            "rexchange_2_2": 21,
            "rexchange_2_3": 21,
            "rexchange_4_4": 20,
            "rrelocate_3": 16,
            "rrelocate_4": 16,
            "two_opt": 21
        },
        "improving": {
            "centered_exchange_1": 2,
            "exchange_1_2": 7,
            "exchange_2_2": 4,
            "exchange_3_3": 2,
            "exchange_3_4": 2,
            "exchange_4_4": 1,
            "exchange_ids": 8,
            "insert_1": 0,
            "move_all_by_1": 4,
            "move_all_by_2": 1,
            "relocate_1": 12,
            "relocate_5": 3,
            "remove_1": 0,
            "rexchange_2_2": 3,
            "rexchange_2_3": 1,
            "rexchange_4_4": 1,
            "rrelocate_3": 7,
            "rrelocate_4": 3,
            "two_opt": 12
        },
        "rate": {
            "centered_exchange_1": 0.10000000149011612,
            "exchange_1_2": 0.3333333432674408,
            "exchange_2_2": 0.190476194024086,
            "exchange_3_3": 0.095238097012043,
            "exchange_3_4": 0.095238097012043,
            "exchange_4_4": 0.0476190485060215,
            "exchange_ids": 0.380952388048172,
            "insert_1": 0.0,
            "move_all_by_1": 0.2666666805744171,
            "move_all_by_2": 0.06666667014360428,
            "relocate_1": 0.75,
            "relocate_5": 0.1875,
            "remove_1": 0.0,
            "rexchange_2_2": 0.1428571492433548,
            "rexchange_2_3": 0.0476190485060215,
            "rexchange_4_4": 0.05000000074505806,
            "rrelocate_3": 0.4375,
            "rrelocate_4": 0.1875,
            "two_opt": 0.5714285969734192
        }
    },
    "last_improvement": 0,
    "name": "random-24-5.08-70",
    "solution": {
        "fitness": 1098,
        "is_feasible": true,
        "permutation": [
            4,
            21,
            13,
            14,
            22,
            1,
            23,
            7,
            2,
            10,
            19,
            20,
            11,
            12,
            6,
            5,
            8,
            3,
            16,
            18,
            17,
            15,
            9,
            0
        ],
        "permutation_orig_ids": [
            "5",
            "22",
            "14",
            "15",
            "23",
            "2",
            "24",
            "8",
            "3",
            "11",
            "20",
            "21",
            "12",
            "13",
            "7",
            "6",
            "9",
            "4",
            "17",
            "19",
            "18",
            "16",
            "10",
            "1"
        ]
    },
    "steps": {
        "0": 1098
    },
    "timeout": 3
}