{
    "config": {
        "allow_infeasible": true,
        "construction": "random_replicate",
        "ils_k": 6,
        "local_search": "CVND",
        "metaheuristic": "ILS",
        "num_threads": 8,
        "operators": [
            "insert_1",
            "remove_1",
            "two_opt",
            "exchange_ids",
            "exchange_1_2",
            "exchange_2_2",
            "exchange_3_3",
            "exchange_3_4",
            "exchange_4_4",
            "rexchange_2_2",
            "rexchange_2_3",
            "rexchange_4_4",
            "centered_exchange_1",
            "relocate_1",
            "relocate_5",
            "rrelocate_3",
            "rrelocate_4",
            "move_all_by_1",
            "move_all_by_2"
        ],
        "perturbation": [
            "random_double_bridge"
        ],
        "stop_on_feasible": true,
        "timeout": 3
    },
    "histogram": {
        "all": {
            "centered_exchange_1": 2347,
            "exchange_1_2": 2457,
            "exchange_2_2": 2427,
            "exchange_3_3": 2425,
            "exchange_3_4": 2424,
            "exchange_4_4": 2424,
            "exchange_ids": 2508,
            "insert_1": 3100,
            "move_all_by_1": 1864,
            "move_all_by_2": 1759,
            "relocate_1": 1996,
            "relocate_5": 1991,
            "remove_1": 3100,
            "rexchange_2_2": 2393,
            "rexchange_2_3": 2385,
            "rexchange_4_4": 2383,
            "rrelocate_3": 1954,
            "rrelocate_4": 1942,
            "two_opt": 2796
        },
        "improving": {
            "centered_exchange_1": 297,
            "exchange_1_2": 715,
            "exchange_2_2": 204,
            "exchange_3_3": 90,
            "exchange_3_4": 68,
            "exchange_4_4": 31,
            "exchange_ids": 1120,
            "insert_1": 0,
            "move_all_by_1": 217,
            "move_all_by_2": 170,
            "relocate_1": 787,
            "relocate_5": 101,
            "remove_1": 0,
            "rexchange_2_2": 320,
            "rexchange_2_3": 122,
            "rexchange_4_4": 7,
            "rrelocate_3": 210,
            "rrelocate_4": 65,
            "two_opt": 1437
        },
        "rate": {
            "centered_exchange_1": 0.1265445202589035,
            "exchange_1_2": 0.29100528359413147,
            "exchange_2_2": 0.0840543881058693,
            "exchange_3_3": 0.03711340203881264,
            "exchange_3_4": 0.028052804991602898,
            "exchange_4_4": 0.012788779102265835,
            "exchange_ids": 0.4465709626674652,
            "insert_1": 0.0,
            "move_all_by_1": 0.11641630530357361,
            "move_all_by_2": 0.09664582461118698,
            "relocate_1": 0.394288569688797,
            "relocate_5": 0.05072827637195587,
            "remove_1": 0.0,
            "rexchange_2_2": 0.13372336328029633,
            "rexchange_2_3": 0.051153041422367096,
            "rexchange_4_4": 0.0029374738223850727,
            "rrelocate_3": 0.10747185349464417,
            "rrelocate_4": 0.033470649272203445,
            "two_opt": 0.5139485001564026
        }
    },
    "last_improvement": 0,
    "name": "random-24-4.00-72",
    "solution": {
        "fitness": 2000759,
        "is_feasible": false,
        "permutation": [
            4,
            7,
            17,
            13,
            11,
            10,
            12,
            16,
            14,
            8,
            1,
            3,
            15,
            22,
            5,
            23,
            21,
            20,
            6,
            2,
            9,
            18,
            19,
            0
        ],
        "permutation_orig_ids": [
            "5",
            "8",
            "18",
            "14",
            "12",
            "11",
            "13",
            "17",
            "15",
            "9",
            "2",
            "4",
            "16",
            "23",
            "6",
            "24",
            "22",
            "21",
            "7",
            "3",
            "10",
            "19",
            "20",
            "1"
        ]
    },
    "steps": {
        "0": 2000759
    },
    "timeout": 3
}