{
    "config": {
        "allow_infeasible": true,
        "construction": "random_replicate",
        "ils_k": 6,
        "local_search": "CVND",
        "metaheuristic": "ILS",
        "num_threads": 8,
        "operators": [
            "insert_1",
            "remove_1",
            "two_opt",
            "exchange_ids",
            "exchange_1_2",
            "exchange_2_2",
            "exchange_3_3",
            "exchange_3_4",
            "exchange_4_4",
            "rexchange_2_2",
            "rexchange_2_3",
            "rexchange_4_4",
            "centered_exchange_1",
            "relocate_1",
            "relocate_5",
            "rrelocate_3",
            "rrelocate_4",
            "move_all_by_1",
            "move_all_by_2"
        ],
        "perturbation": [
            "random_double_bridge"
        ],
        "stop_on_feasible": true,
        "timeout": 3
    },
    "histogram": {
        "all": {
            "centered_exchange_1": 2322,
            "exchange_1_2": 2467,
            "exchange_2_2": 2446,
            "exchange_3_3": 2446,
            "exchange_3_4": 2441,
            "exchange_4_4": 2440,
            "exchange_ids": 2499,
            "insert_1": 3075,
            "move_all_by_1": 1791,
            "move_all_by_2": 1765,
            "relocate_1": 1946,
            "relocate_5": 1927,
            "remove_1": 3075,
            "rexchange_2_2": 2405,
            "rexchange_2_3": 2393,
            "rexchange_4_4": 2392,
            "rrelocate_3": 1875,
            "rrelocate_4": 1860,
            "two_opt": 2739
        },
        "improving": {
            "centered_exchange_1": 245,
            "exchange_1_2": 679,
            "exchange_2_2": 238,
            "exchange_3_3": 86,
            "exchange_3_4": 77,
            "exchange_4_4": 21,
            "exchange_ids": 1055,
            "insert_1": 0,
            "move_all_by_1": 195,
            "move_all_by_2": 92,
            "relocate_1": 804,
            "relocate_5": 98,
            "remove_1": 0,
            "rexchange_2_2": 297,
            "rexchange_2_3": 88,
            "rexchange_4_4": 21,
            "rrelocate_3": 166,
            "rrelocate_4": 60,
            "two_opt": 1448
        },
        "rate": {
            "centered_exchange_1": 0.10551249235868454,
            "exchange_1_2": 0.27523308992385864,
            "exchange_2_2": 0.09730171412229538,
            "exchange_3_3": 0.03515944257378578,
            "exchange_3_4": 0.03154445067048073,
            "exchange_4_4": 0.008606557734310627,
            "exchange_ids": 0.42216888070106506,
            "insert_1": 0.0,
            "move_all_by_1": 0.10887771844863892,
            "move_all_by_2": 0.05212464556097984,
            "relocate_1": 0.413155198097229,
            "relocate_5": 0.05085625499486923,
            "remove_1": 0.0,
            "rexchange_2_2": 0.12349272519350052,
            "rexchange_2_3": 0.0367739237844944,
            "rexchange_4_4": 0.00877926405519247,
            "rrelocate_3": 0.08853333443403244,
            "rrelocate_4": 0.032258063554763794,
            "two_opt": 0.5286601185798645
        }
    },
    "last_improvement": 1,
    "name": "random-24-4.42-14",
    "solution": {
        "fitness": 1000884,
        "is_feasible": false,
        "permutation": [
            13,
            3,
            0,
            5,
            18,
            1,
            20,
            19,
            10,
            2,
            8,
            9,
            23,
            11,
            17,
            22,
            21,
            4,
            14,
            15,
            7,
            16,
            6,
            12
        ],
        "permutation_orig_ids": [
            "14",
            "4",
            "1",
            "6",
            "19",
            "2",
            "21",
            "20",
            "11",
            "3",
            "9",
            "10",
            "24",
            "12",
            "18",
            "23",
            "22",
            "5",
            "15",
            "16",
            "8",
            "17",
            "7",
            "13"
        ]
    },
    "steps": {
        "0": 1000943,
        "1": 1000884
    },
    "timeout": 3
}