{
    "config": {
        "allow_infeasible": true,
        "construction": "random_replicate",
        "ils_k": 6,
        "local_search": "CVND",
        "metaheuristic": "ILS",
        "num_threads": 8,
        "operators": [
            "insert_1",
            "remove_1",
            "two_opt",
            "exchange_ids",
            "exchange_1_2",
            "exchange_2_2",
            "exchange_3_3",
            "exchange_3_4",
            "exchange_4_4",
            "rexchange_2_2",
            "rexchange_2_3",
            "rexchange_4_4",
            "centered_exchange_1",
            "relocate_1",
            "relocate_5",
            "rrelocate_3",
            "rrelocate_4",
            "move_all_by_1",
            "move_all_by_2"
        ],
        "perturbation": [
            "random_double_bridge"
        ],
        "stop_on_feasible": true,
        "timeout": 3
    },
    "histogram": {
        "all": {
            "centered_exchange_1": 2299,
            "exchange_1_2": 2385,
            "exchange_2_2": 2380,
            "exchange_3_3": 2378,
            "exchange_3_4": 2375,
            "exchange_4_4": 2375,
            "exchange_ids": 2452,
            "insert_1": 3036,
            "move_all_by_1": 1802,
            "move_all_by_2": 1763,
            "relocate_1": 2026,
            "relocate_5": 2019,
            "remove_1": 3036,
            "rexchange_2_2": 2331,
            "rexchange_2_3": 2331,
            "rexchange_4_4": 2331,
            "rrelocate_3": 1965,
            "rrelocate_4": 1952,
            "two_opt": 2729
        },
        "improving": {
            "centered_exchange_1": 233,
            "exchange_1_2": 746,
            "exchange_2_2": 212,
            "exchange_3_3": 90,
            "exchange_3_4": 85,
            "exchange_4_4": 22,
            "exchange_ids": 1095,
            "insert_1": 0,
            "move_all_by_1": 325,
            "move_all_by_2": 173,
            "relocate_1": 804,
            "relocate_5": 71,
            "remove_1": 0,
            "rexchange_2_2": 309,
            "rexchange_2_3": 68,
            "rexchange_4_4": 1,
            "rrelocate_3": 328,
            "rrelocate_4": 72,
            "two_opt": 1400
        },
        "rate": {
            "centered_exchange_1": 0.10134841501712799,
            "exchange_1_2": 0.3127882480621338,
            "exchange_2_2": 0.08907563239336014,
            "exchange_3_3": 0.03784693032503128,
            "exchange_3_4": 0.035789474844932556,
            "exchange_4_4": 0.009263157844543457,
            "exchange_ids": 0.44657421112060547,
            "insert_1": 0.0,
            "move_all_by_1": 0.18035516142845154,
            "move_all_by_2": 0.09812819212675095,
            "relocate_1": 0.3968410789966583,
            "relocate_5": 0.035165924578905106,
            "remove_1": 0.0,
            "rexchange_2_2": 0.13256113231182098,
            "rexchange_2_3": 0.029172029346227646,
            "rexchange_4_4": 0.00042900044354610145,
            "rrelocate_3": 0.16692112386226654,
            "rrelocate_4": 0.03688524663448334,
            "two_opt": 0.5130084156990051
        }
    },
    "last_improvement": 2,
    "name": "random-24-3.33-77",
    "solution": {
        "fitness": 3000685,
        "is_feasible": false,
        "permutation": [
            7,
            10,
            9,
            4,
            15,
            2,
            14,
            3,
            0,
            6,
            5,
            16,
            12,
            8,
            1,
            13,
            11,
            17,
            23,
            21,
            22,
            20,
            19,
            18
        ],
        "permutation_orig_ids": [
            "8",
            "11",
            "10",
            "5",
            "16",
            "3",
            "15",
            "4",
            "1",
            "7",
            "6",
            "17",
            "13",
            "9",
            "2",
            "14",
            "12",
            "18",
            "24",
            "22",
            "23",
            "21",
            "20",
            "19"
        ]
    },
    "steps": {
        "0": 3000735,
        "2": 3000685
    },
    "timeout": 3
}