{
    "config": {
        "allow_infeasible": true,
        "construction": "random_replicate",
        "ils_k": 6,
        "local_search": "CVND",
        "metaheuristic": "ILS",
        "num_threads": 8,
        "operators": [
            "insert_1",
            "remove_1",
            "two_opt",
            "exchange_ids",
            "exchange_1_2",
            "exchange_2_2",
            "exchange_3_3",
            "exchange_3_4",
            "exchange_4_4",
            "rexchange_2_2",
            "rexchange_2_3",
            "rexchange_4_4",
            "centered_exchange_1",
            "relocate_1",
            "relocate_5",
            "rrelocate_3",
            "rrelocate_4",
            "move_all_by_1",
            "move_all_by_2"
        ],
        "perturbation": [
            "random_double_bridge"
        ],
        "stop_on_feasible": true,
        "timeout": 3
    },
    "histogram": {
        "all": {
            "centered_exchange_1": 234,
            "exchange_1_2": 238,
            "exchange_2_2": 238,
            "exchange_3_3": 238,
            "exchange_3_4": 238,
            "exchange_4_4": 237,
            "exchange_ids": 245,
            "insert_1": 298,
            "move_all_by_1": 181,
            "move_all_by_2": 178,
            "relocate_1": 203,
            "relocate_5": 198,
            "remove_1": 298,
            "rexchange_2_2": 236,
            "rexchange_2_3": 236,
            "rexchange_4_4": 236,
            "rrelocate_3": 195,
            "rrelocate_4": 191,
            "two_opt": 271
        },
        "improving": {
            "centered_exchange_1": 17,
            "exchange_1_2": 76,
            "exchange_2_2": 26,
            "exchange_3_3": 8,
            "exchange_3_4": 17,
            "exchange_4_4": 7,
            "exchange_ids": 103,
            "insert_1": 0,
            "move_all_by_1": 25,
            "move_all_by_2": 11,
            "relocate_1": 87,
            "relocate_5": 23,
            "remove_1": 0,
            "rexchange_2_2": 19,
            "rexchange_2_3": 5,
            "rexchange_4_4": 2,
            "rrelocate_3": 24,
            "rrelocate_4": 11,
            "two_opt": 132
        },
        "rate": {
            "centered_exchange_1": 0.07264957576990128,
            "exchange_1_2": 0.3193277418613434,
            "exchange_2_2": 0.10924369841814041,
            "exchange_3_3": 0.03361344709992409,
            "exchange_3_4": 0.0714285746216774,
            "exchange_4_4": 0.029535865411162376,
            "exchange_ids": 0.4204081594944,
            "insert_1": 0.0,
            "move_all_by_1": 0.13812154531478882,
            "move_all_by_2": 0.06179775297641754,
            "relocate_1": 0.4285714328289032,
            "relocate_5": 0.11616161465644836,
            "remove_1": 0.0,
            "rexchange_2_2": 0.08050847798585892,
            "rexchange_2_3": 0.02118644118309021,
            "rexchange_4_4": 0.008474576286971569,
            "rrelocate_3": 0.1230769231915474,
            "rrelocate_4": 0.057591624557971954,
            "two_opt": 0.48708486557006836
        }
    },
    "last_improvement": 0,
    "name": "random-24-4.50-96",
    "solution": {
        "fitness": 816,
        "is_feasible": true,
        "permutation": [
            17,
            0,
            11,
            15,
            16,
            20,
            10,
            22,
            8,
            5,
            23,
            6,
            18,
            1,
            9,
            3,
            21,
            19,
            13,
            12,
            4,
            2,
            7,
            14
        ],
        "permutation_orig_ids": [
            "18",
            "1",
            "12",
            "16",
            "17",
            "21",
            "11",
            "23",
            "9",
            "6",
            "24",
            "7",
            "19",
            "2",
            "10",
            "4",
            "22",
            "20",
            "14",
            "13",
            "5",
            "3",
            "8",
            "15"
        ]
    },
    "steps": {
        "0": 816
    },
    "timeout": 3
}