{
    "config": {
        "allow_infeasible": true,
        "construction": "random_replicate",
        "ils_k": 6,
        "local_search": "CVND",
        "metaheuristic": "ILS",
        "num_threads": 8,
        "operators": [
            "insert_1",
            "remove_1",
            "two_opt",
            "exchange_ids",
            "exchange_1_2",
            "exchange_2_2",
            "exchange_3_3",
            "exchange_3_4",
            "exchange_4_4",
            "rexchange_2_2",
            "rexchange_2_3",
            "rexchange_4_4",
            "centered_exchange_1",
            "relocate_1",
            "relocate_5",
            "rrelocate_3",
            "rrelocate_4",
            "move_all_by_1",
            "move_all_by_2"
        ],
        "perturbation": [
            "random_double_bridge"
        ],
        "stop_on_feasible": true,
        "timeout": 3
    },
    "histogram": {
        "all": {
            "centered_exchange_1": 1825,
            "exchange_1_2": 1899,
            "exchange_2_2": 1893,
            "exchange_3_3": 1888,
            "exchange_3_4": 1884,
            "exchange_4_4": 1884,
            "exchange_ids": 1984,
            "insert_1": 2486,
            "move_all_by_1": 1442,
            "move_all_by_2": 1421,
            "relocate_1": 1514,
            "relocate_5": 1497,
            "remove_1": 2486,
            "rexchange_2_2": 1862,
            "rexchange_2_3": 1858,
            "rexchange_4_4": 1858,
            "rrelocate_3": 1485,
            "rrelocate_4": 1484,
            "two_opt": 2257
        },
        "improving": {
            "centered_exchange_1": 166,
            "exchange_1_2": 562,
            "exchange_2_2": 156,
            "exchange_3_3": 69,
            "exchange_3_4": 61,
            "exchange_4_4": 17,
            "exchange_ids": 922,
            "insert_1": 0,
            "move_all_by_1": 95,
            "move_all_by_2": 69,
            "relocate_1": 583,
            "relocate_5": 79,
            "remove_1": 0,
            "rexchange_2_2": 173,
            "rexchange_2_3": 37,
            "rexchange_4_4": 3,
            "rrelocate_3": 67,
            "rrelocate_4": 12,
            "two_opt": 1106
        },
        "rate": {
            "centered_exchange_1": 0.09095890074968338,
            "exchange_1_2": 0.2959452271461487,
            "exchange_2_2": 0.08240887522697449,
            "exchange_3_3": 0.03654661029577255,
            "exchange_3_4": 0.03237792104482651,
            "exchange_4_4": 0.009023354388773441,
            "exchange_ids": 0.4647177457809448,
            "insert_1": 0.0,
            "move_all_by_1": 0.06588072329759598,
            "move_all_by_2": 0.048557352274656296,
            "relocate_1": 0.38507264852523804,
            "relocate_5": 0.05277221277356148,
            "remove_1": 0.0,
            "rexchange_2_2": 0.09291084855794907,
            "rexchange_2_3": 0.01991388574242592,
            "rexchange_4_4": 0.001614639419130981,
            "rrelocate_3": 0.04511784389615059,
            "rrelocate_4": 0.008086252957582474,
            "two_opt": 0.49003100395202637
        }
    },
    "last_improvement": 3,
    "name": "random-24-1.50-73",
    "solution": {
        "fitness": 5000659,
        "is_feasible": false,
        "permutation": [
            11,
            10,
            9,
            21,
            8,
            22,
            14,
            13,
            15,
            6,
            18,
            0,
            4,
            19,
            17,
            20,
            23,
            1,
            2,
            3,
            12,
            16,
            5,
            7
        ],
        "permutation_orig_ids": [
            "12",
            "11",
            "10",
            "22",
            "9",
            "23",
            "15",
            "14",
            "16",
            "7",
            "19",
            "1",
            "5",
            "20",
            "18",
            "21",
            "24",
            "2",
            "3",
            "4",
            "13",
            "17",
            "6",
            "8"
        ]
    },
    "steps": {
        "0": 6000668,
        "2": 5000710,
        "3": 5000659
    },
    "timeout": 3
}