{
    "config": {
        "allow_infeasible": true,
        "construction": "random_replicate",
        "ils_k": 6,
        "local_search": "CVND",
        "metaheuristic": "ILS",
        "num_threads": 8,
        "operators": [
            "insert_1",
            "remove_1",
            "two_opt",
            "exchange_ids",
            "exchange_1_2",
            "exchange_2_2",
            "exchange_3_3",
            "exchange_3_4",
            "exchange_4_4",
            "rexchange_2_2",
            "rexchange_2_3",
            "rexchange_4_4",
            "centered_exchange_1",
            "relocate_1",
            "relocate_5",
            "rrelocate_3",
            "rrelocate_4",
            "move_all_by_1",
            "move_all_by_2"
        ],
        "perturbation": [
            "random_double_bridge"
        ],
        "stop_on_feasible": true,
        "timeout": 3
    },
    "histogram": {
        "all": {
            "centered_exchange_1": 1605,
            "exchange_1_2": 1782,
            "exchange_2_2": 1678,
            "exchange_3_3": 1677,
            "exchange_3_4": 1677,
            "exchange_4_4": 1676,
            "exchange_ids": 1873,
            "insert_1": 2445,
            "move_all_by_1": 1426,
            "move_all_by_2": 1424,
            "relocate_1": 1480,
            "relocate_5": 1455,
            "remove_1": 2445,
            "rexchange_2_2": 1639,
            "rexchange_2_3": 1637,
            "rexchange_4_4": 1637,
            "rrelocate_3": 1443,
            "rrelocate_4": 1441,
            "two_opt": 2143
        },
        "improving": {
            "centered_exchange_1": 96,
            "exchange_1_2": 389,
            "exchange_2_2": 188,
            "exchange_3_3": 23,
            "exchange_3_4": 25,
            "exchange_4_4": 10,
            "exchange_ids": 863,
            "insert_1": 0,
            "move_all_by_1": 47,
            "move_all_by_2": 17,
            "relocate_1": 270,
            "relocate_5": 50,
            "remove_1": 0,
            "rexchange_2_2": 169,
            "rexchange_2_3": 27,
            "rexchange_4_4": 0,
            "rrelocate_3": 42,
            "rrelocate_4": 11,
            "two_opt": 1083
        },
        "rate": {
            "centered_exchange_1": 0.059813085943460464,
            "exchange_1_2": 0.21829405426979065,
            "exchange_2_2": 0.11203814297914505,
            "exchange_3_3": 0.013714967295527458,
            "exchange_3_4": 0.014907573349773884,
            "exchange_4_4": 0.005966586992144585,
            "exchange_ids": 0.46075814962387085,
            "insert_1": 0.0,
            "move_all_by_1": 0.03295932710170746,
            "move_all_by_2": 0.011938202194869518,
            "relocate_1": 0.18243242800235748,
            "relocate_5": 0.034364260733127594,
            "remove_1": 0.0,
            "rexchange_2_2": 0.10311165452003479,
            "rexchange_2_3": 0.01649358496069908,
            "rexchange_4_4": 0.0,
            "rrelocate_3": 0.029106028378009796,
            "rrelocate_4": 0.007633587811142206,
            "two_opt": 0.505366325378418
        }
    },
    "last_improvement": 0,
    "name": "random-24-0.83-92",
    "solution": {
        "fitness": 6000766,
        "is_feasible": false,
        "permutation": [
            6,
            13,
            12,
            14,
            22,
            4,
            16,
            17,
            18,
            9,
            23,
            11,
            15,
            0,
            20,
            3,
            1,
            10,
            8,
            19,
            7,
            21,
            5,
            2
        ],
        "permutation_orig_ids": [
            "7",
            "14",
            "13",
            "15",
            "23",
            "5",
            "17",
            "18",
            "19",
            "10",
            "24",
            "12",
            "16",
            "1",
            "21",
            "4",
            "2",
            "11",
            "9",
            "20",
            "8",
            "22",
            "6",
            "3"
        ]
    },
    "steps": {
        "0": 6000766
    },
    "timeout": 3
}