{
    "config": {
        "allow_infeasible": true,
        "construction": "random_replicate",
        "ils_k": 6,
        "local_search": "CVND",
        "metaheuristic": "ILS",
        "num_threads": 8,
        "operators": [
            "insert_1",
            "remove_1",
            "two_opt",
            "exchange_ids",
            "exchange_1_2",
            "exchange_2_2",
            "exchange_3_3",
            "exchange_3_4",
            "exchange_4_4",
            "rexchange_2_2",
            "rexchange_2_3",
            "rexchange_4_4",
            "centered_exchange_1",
            "relocate_1",
            "relocate_5",
            "rrelocate_3",
            "rrelocate_4",
            "move_all_by_1",
            "move_all_by_2"
        ],
        "perturbation": [
            "random_double_bridge"
        ],
        "stop_on_feasible": true,
        "timeout": 3
    },
    "histogram": {
        "all": {
            "centered_exchange_1": 33,
            "exchange_1_2": 33,
            "exchange_2_2": 33,
            "exchange_3_3": 33,
            "exchange_3_4": 33,
            "exchange_4_4": 33,
            "exchange_ids": 35,
            "insert_1": 39,
            "move_all_by_1": 24,
            "move_all_by_2": 24,
            "relocate_1": 25,
            "relocate_5": 25,
            "remove_1": 39,
            "rexchange_2_2": 33,
            "rexchange_2_3": 33,
            "rexchange_4_4": 33,
            "rrelocate_3": 24,
            "rrelocate_4": 24,
            "two_opt": 37
        },
        "improving": {
            "centered_exchange_1": 4,
            "exchange_1_2": 16,
            "exchange_2_2": 4,
            "exchange_3_3": 1,
            "exchange_3_4": 1,
            "exchange_4_4": 1,
            "exchange_ids": 14,
            "insert_1": 0,
            "move_all_by_1": 5,
            "move_all_by_2": 2,
            "relocate_1": 16,
            "relocate_5": 3,
            "remove_1": 0,
            "rexchange_2_2": 5,
            "rexchange_2_3": 1,
            "rexchange_4_4": 1,
            "rrelocate_3": 6,
            "rrelocate_4": 2,
            "two_opt": 18
        },
        "rate": {
            "centered_exchange_1": 0.12121212482452393,
            "exchange_1_2": 0.4848484992980957,
            "exchange_2_2": 0.12121212482452393,
            "exchange_3_3": 0.03030303120613098,
            "exchange_3_4": 0.03030303120613098,
            "exchange_4_4": 0.03030303120613098,
            "exchange_ids": 0.4000000059604645,
            "insert_1": 0.0,
            "move_all_by_1": 0.2083333283662796,
            "move_all_by_2": 0.0833333358168602,
            "relocate_1": 0.6399999856948853,
            "relocate_5": 0.11999999731779099,
            "remove_1": 0.0,
            "rexchange_2_2": 0.1515151560306549,
            "rexchange_2_3": 0.03030303120613098,
            "rexchange_4_4": 0.03030303120613098,
            "rrelocate_3": 0.25,
            "rrelocate_4": 0.0833333358168602,
            "two_opt": 0.4864864945411682
        }
    },
    "last_improvement": 0,
    "name": "random-24-7.25-2",
    "solution": {
        "fitness": 853,
        "is_feasible": true,
        "permutation": [
            13,
            21,
            5,
            17,
            9,
            20,
            14,
            8,
            19,
            0,
            12,
            6,
            7,
            2,
            1,
            4,
            23,
            3,
            16,
            15,
            10,
            11,
            22,
            18
        ],
        "permutation_orig_ids": [
            "14",
            "22",
            "6",
            "18",
            "10",
            "21",
            "15",
            "9",
            "20",
            "1",
            "13",
            "7",
            "8",
            "3",
            "2",
            "5",
            "24",
            "4",
            "17",
            "16",
            "11",
            "12",
            "23",
            "19"
        ]
    },
    "steps": {
        "0": 853
    },
    "timeout": 3
}