{
    "config": {
        "allow_infeasible": true,
        "construction": "random_replicate",
        "ils_k": 6,
        "local_search": "CVND",
        "metaheuristic": "ILS",
        "num_threads": 8,
        "operators": [
            "insert_1",
            "remove_1",
            "two_opt",
            "exchange_ids",
            "exchange_1_2",
            "exchange_2_2",
            "exchange_3_3",
            "exchange_3_4",
            "exchange_4_4",
            "rexchange_2_2",
            "rexchange_2_3",
            "rexchange_4_4",
            "centered_exchange_1",
            "relocate_1",
            "relocate_5",
            "rrelocate_3",
            "rrelocate_4",
            "move_all_by_1",
            "move_all_by_2"
        ],
        "perturbation": [
            "random_double_bridge"
        ],
        "stop_on_feasible": true,
        "timeout": 3
    },
    "histogram": {
        "all": {
            "centered_exchange_1": 1741,
            "exchange_1_2": 1787,
            "exchange_2_2": 1781,
            "exchange_3_3": 1777,
            "exchange_3_4": 1773,
            "exchange_4_4": 1773,
            "exchange_ids": 1875,
            "insert_1": 2426,
            "move_all_by_1": 1412,
            "move_all_by_2": 1404,
            "relocate_1": 1485,
            "relocate_5": 1478,
            "remove_1": 2426,
            "rexchange_2_2": 1752,
            "rexchange_2_3": 1748,
            "rexchange_4_4": 1748,
            "rrelocate_3": 1463,
            "rrelocate_4": 1463,
            "two_opt": 2093
        },
        "improving": {
            "centered_exchange_1": 55,
            "exchange_1_2": 430,
            "exchange_2_2": 72,
            "exchange_3_3": 19,
            "exchange_3_4": 24,
            "exchange_4_4": 2,
            "exchange_ids": 713,
            "insert_1": 0,
            "move_all_by_1": 105,
            "move_all_by_2": 42,
            "relocate_1": 458,
            "relocate_5": 39,
            "remove_1": 0,
            "rexchange_2_2": 84,
            "rexchange_2_3": 15,
            "rexchange_4_4": 1,
            "rrelocate_3": 48,
            "rrelocate_4": 7,
            "two_opt": 1042
        },
        "rate": {
            "centered_exchange_1": 0.03159103915095329,
            "exchange_1_2": 0.2406267523765564,
            "exchange_2_2": 0.04042672738432884,
            "exchange_3_3": 0.010692178271710873,
            "exchange_3_4": 0.013536378741264343,
            "exchange_4_4": 0.0011280316393822432,
            "exchange_ids": 0.3802666664123535,
            "insert_1": 0.0,
            "move_all_by_1": 0.0743626058101654,
            "move_all_by_2": 0.029914529994130135,
            "relocate_1": 0.30841749906539917,
            "relocate_5": 0.026387009769678116,
            "remove_1": 0.0,
            "rexchange_2_2": 0.04794520512223244,
            "rexchange_2_3": 0.008581236004829407,
            "rexchange_4_4": 0.0005720823537558317,
            "rrelocate_3": 0.0328092947602272,
            "rrelocate_4": 0.0047846888191998005,
            "two_opt": 0.4978499710559845
        }
    },
    "last_improvement": 0,
    "name": "random-24-0.92-98",
    "solution": {
        "fitness": 9000548,
        "is_feasible": false,
        "permutation": [
            12,
            19,
            14,
            17,
            5,
            3,
            2,
            15,
            22,
            8,
            4,
            11,
            0,
            6,
            21,
            10,
            1,
            16,
            20,
            7,
            13,
            18,
            23,
            9
        ],
        "permutation_orig_ids": [
            "13",
            "20",
            "15",
            "18",
            "6",
            "4",
            "3",
            "16",
            "23",
            "9",
            "5",
            "12",
            "1",
            "7",
            "22",
            "11",
            "2",
            "17",
            "21",
            "8",
            "14",
            "19",
            "24",
            "10"
        ]
    },
    "steps": {
        "0": 9000548
    },
    "timeout": 3
}