{
    "config": {
        "allow_infeasible": true,
        "construction": "random_replicate",
        "ils_k": 6,
        "local_search": "CVND",
        "metaheuristic": "ILS",
        "num_threads": 8,
        "operators": [
            "insert_1",
            "remove_1",
            "two_opt",
            "exchange_ids",
            "exchange_1_2",
            "exchange_2_2",
            "exchange_3_3",
            "exchange_3_4",
            "exchange_4_4",
            "rexchange_2_2",
            "rexchange_2_3",
            "rexchange_4_4",
            "centered_exchange_1",
            "relocate_1",
            "relocate_5",
            "rrelocate_3",
            "rrelocate_4",
            "move_all_by_1",
            "move_all_by_2"
        ],
        "perturbation": [
            "random_double_bridge"
        ],
        "stop_on_feasible": true,
        "timeout": 3
    },
    "histogram": {
        "all": {
            "centered_exchange_1": 2081,
            "exchange_1_2": 2178,
            "exchange_2_2": 2166,
            "exchange_3_3": 2165,
            "exchange_3_4": 2161,
            "exchange_4_4": 2161,
            "exchange_ids": 2213,
            "insert_1": 2829,
            "move_all_by_1": 1607,
            "move_all_by_2": 1590,
            "relocate_1": 1765,
            "relocate_5": 1757,
            "remove_1": 2829,
            "rexchange_2_2": 2115,
            "rexchange_2_3": 2103,
            "rexchange_4_4": 2102,
            "rrelocate_3": 1722,
            "rrelocate_4": 1679,
            "two_opt": 2465
        },
        "improving": {
            "centered_exchange_1": 111,
            "exchange_1_2": 484,
            "exchange_2_2": 171,
            "exchange_3_3": 87,
            "exchange_3_4": 52,
            "exchange_4_4": 8,
            "exchange_ids": 932,
            "insert_1": 0,
            "move_all_by_1": 141,
            "move_all_by_2": 58,
            "relocate_1": 634,
            "relocate_5": 73,
            "remove_1": 0,
            "rexchange_2_2": 251,
            "rexchange_2_3": 80,
            "rexchange_4_4": 1,
            "rrelocate_3": 162,
            "rrelocate_4": 68,
            "two_opt": 1340
        },
        "rate": {
            "centered_exchange_1": 0.05333974212408066,
            "exchange_1_2": 0.2222222238779068,
            "exchange_2_2": 0.07894736528396606,
            "exchange_3_3": 0.040184758603572845,
            "exchange_3_4": 0.024062933400273323,
            "exchange_4_4": 0.003701989771798253,
            "exchange_ids": 0.42114776372909546,
            "insert_1": 0.0,
            "move_all_by_1": 0.08774112910032272,
            "move_all_by_2": 0.036477986723184586,
            "relocate_1": 0.35920679569244385,
            "relocate_5": 0.04154809191823006,
            "remove_1": 0.0,
            "rexchange_2_2": 0.11867612600326538,
            "rexchange_2_3": 0.0380408950150013,
            "rexchange_4_4": 0.00047573738265782595,
            "rrelocate_3": 0.09407665580511093,
            "rrelocate_4": 0.040500298142433167,
            "two_opt": 0.5436105728149414
        }
    },
    "last_improvement": 0,
    "name": "random-24-2.25-97",
    "solution": {
        "fitness": 4000971,
        "is_feasible": false,
        "permutation": [
            2,
            5,
            16,
            9,
            17,
            14,
            6,
            10,
            13,
            15,
            1,
            18,
            12,
            3,
            8,
            21,
            20,
            23,
            4,
            11,
            7,
            22,
            0,
            19
        ],
        "permutation_orig_ids": [
            "3",
            "6",
            "17",
            "10",
            "18",
            "15",
            "7",
            "11",
            "14",
            "16",
            "2",
            "19",
            "13",
            "4",
            "9",
            "22",
            "21",
            "24",
            "5",
            "12",
            "8",
            "23",
            "1",
            "20"
        ]
    },
    "steps": {
        "0": 4000971
    },
    "timeout": 3
}