{
    "config": {
        "allow_infeasible": true,
        "construction": "random_replicate",
        "ils_k": 6,
        "local_search": "CVND",
        "metaheuristic": "ILS",
        "num_threads": 8,
        "operators": [
            "insert_1",
            "remove_1",
            "two_opt",
            "exchange_ids",
            "exchange_1_2",
            "exchange_2_2",
            "exchange_3_3",
            "exchange_3_4",
            "exchange_4_4",
            "rexchange_2_2",
            "rexchange_2_3",
            "rexchange_4_4",
            "centered_exchange_1",
            "relocate_1",
            "relocate_5",
            "rrelocate_3",
            "rrelocate_4",
            "move_all_by_1",
            "move_all_by_2"
        ],
        "perturbation": [
            "random_double_bridge"
        ],
        "stop_on_feasible": true,
        "timeout": 3
    },
    "histogram": {
        "all": {
            "centered_exchange_1": 2585,
            "exchange_1_2": 2664,
            "exchange_2_2": 2657,
            "exchange_3_3": 2655,
            "exchange_3_4": 2652,
            "exchange_4_4": 2652,
            "exchange_ids": 2699,
            "insert_1": 3356,
            "move_all_by_1": 1928,
            "move_all_by_2": 1908,
            "relocate_1": 2170,
            "relocate_5": 2150,
            "remove_1": 3356,
            "rexchange_2_2": 2618,
            "rexchange_2_3": 2617,
            "rexchange_4_4": 2617,
            "rrelocate_3": 2014,
            "rrelocate_4": 2001,
            "two_opt": 3058
        },
        "improving": {
            "centered_exchange_1": 287,
            "exchange_1_2": 741,
            "exchange_2_2": 234,
            "exchange_3_3": 96,
            "exchange_3_4": 112,
            "exchange_4_4": 30,
            "exchange_ids": 1294,
            "insert_1": 0,
            "move_all_by_1": 181,
            "move_all_by_2": 70,
            "relocate_1": 870,
            "relocate_5": 125,
            "remove_1": 0,
            "rexchange_2_2": 324,
            "rexchange_2_3": 104,
            "rexchange_4_4": 1,
            "rrelocate_3": 293,
            "rrelocate_4": 66,
            "two_opt": 1605
        },
        "rate": {
            "centered_exchange_1": 0.11102514714002609,
            "exchange_1_2": 0.2781531512737274,
            "exchange_2_2": 0.08806925266981125,
            "exchange_3_3": 0.03615819290280342,
            "exchange_3_4": 0.04223227873444557,
            "exchange_4_4": 0.011312217451632023,
            "exchange_ids": 0.47943681478500366,
            "insert_1": 0.0,
            "move_all_by_1": 0.09387966990470886,
            "move_all_by_2": 0.03668763116002083,
            "relocate_1": 0.40092167258262634,
            "relocate_5": 0.058139536529779434,
            "remove_1": 0.0,
            "rexchange_2_2": 0.12375859171152115,
            "rexchange_2_3": 0.03974016010761261,
            "rexchange_4_4": 0.00038211693754419684,
            "rrelocate_3": 0.1454816311597824,
            "rrelocate_4": 0.032983507961034775,
            "two_opt": 0.5248528718948364
        }
    },
    "last_improvement": 0,
    "name": "random-24-3.92-79",
    "solution": {
        "fitness": 1000878,
        "is_feasible": false,
        "permutation": [
            22,
            20,
            23,
            3,
            10,
            8,
            1,
            11,
            2,
            6,
            12,
            14,
            5,
            19,
            15,
            17,
            7,
            9,
            0,
            16,
            4,
            21,
            13,
            18
        ],
        "permutation_orig_ids": [
            "23",
            "21",
            "24",
            "4",
            "11",
            "9",
            "2",
            "12",
            "3",
            "7",
            "13",
            "15",
            "6",
            "20",
            "16",
            "18",
            "8",
            "10",
            "1",
            "17",
            "5",
            "22",
            "14",
            "19"
        ]
    },
    "steps": {
        "0": 1000878
    },
    "timeout": 3
}