{
    "config": {
        "allow_infeasible": true,
        "construction": "random_replicate",
        "ils_k": 6,
        "local_search": "CVND",
        "metaheuristic": "ILS",
        "num_threads": 8,
        "operators": [
            "insert_1",
            "remove_1",
            "two_opt",
            "exchange_ids",
            "exchange_1_2",
            "exchange_2_2",
            "exchange_3_3",
            "exchange_3_4",
            "exchange_4_4",
            "rexchange_2_2",
            "rexchange_2_3",
            "rexchange_4_4",
            "centered_exchange_1",
            "relocate_1",
            "relocate_5",
            "rrelocate_3",
            "rrelocate_4",
            "move_all_by_1",
            "move_all_by_2"
        ],
        "perturbation": [
            "random_double_bridge"
        ],
        "stop_on_feasible": true,
        "timeout": 3
    },
    "histogram": {
        "all": {
            "centered_exchange_1": 7,
            "exchange_1_2": 8,
            "exchange_2_2": 8,
            "exchange_3_3": 8,
            "exchange_3_4": 7,
            "exchange_4_4": 7,
            "exchange_ids": 8,
            "insert_1": 8,
            "move_all_by_1": 6,
            "move_all_by_2": 6,
            "relocate_1": 6,
            "relocate_5": 6,
            "remove_1": 8,
            "rexchange_2_2": 7,
            "rexchange_2_3": 7,
            "rexchange_4_4": 7,
            "rrelocate_3": 6,
            "rrelocate_4": 6,
            "two_opt": 8
        },
        "improving": {
            "centered_exchange_1": 2,
            "exchange_1_2": 4,
            "exchange_2_2": 3,
            "exchange_3_3": 1,
            "exchange_3_4": 2,
            "exchange_4_4": 1,
            "exchange_ids": 2,
            "insert_1": 0,
            "move_all_by_1": 2,
            "move_all_by_2": 0,
            "relocate_1": 5,
            "relocate_5": 2,
            "remove_1": 0,
            "rexchange_2_2": 1,
            "rexchange_2_3": 0,
            "rexchange_4_4": 0,
            "rrelocate_3": 1,
            "rrelocate_4": 0,
            "two_opt": 3
        },
        "rate": {
            "centered_exchange_1": 0.2857142984867096,
            "exchange_1_2": 0.5,
            "exchange_2_2": 0.375,
            "exchange_3_3": 0.125,
            "exchange_3_4": 0.2857142984867096,
            "exchange_4_4": 0.1428571492433548,
            "exchange_ids": 0.25,
            "insert_1": 0.0,
            "move_all_by_1": 0.3333333432674408,
            "move_all_by_2": 0.0,
            "relocate_1": 0.8333333134651184,
            "relocate_5": 0.3333333432674408,
            "remove_1": 0.0,
            "rexchange_2_2": 0.1428571492433548,
            "rexchange_2_3": 0.0,
            "rexchange_4_4": 0.0,
            "rrelocate_3": 0.1666666716337204,
            "rrelocate_4": 0.0,
            "two_opt": 0.375
        }
    },
    "last_improvement": 0,
    "name": "random-24-8.42-18",
    "solution": {
        "fitness": 811,
        "is_feasible": true,
        "permutation": [
            20,
            8,
            10,
            3,
            11,
            2,
            0,
            6,
            16,
            9,
            12,
            19,
            5,
            13,
            21,
            1,
            4,
            18,
            14,
            15,
            7,
            23,
            17,
            22
        ],
        "permutation_orig_ids": [
            "21",
            "9",
            "11",
            "4",
            "12",
            "3",
            "1",
            "7",
            "17",
            "10",
            "13",
            "20",
            "6",
            "14",
            "22",
            "2",
            "5",
            "19",
            "15",
            "16",
            "8",
            "24",
            "18",
            "23"
        ]
    },
    "steps": {
        "0": 811
    },
    "timeout": 3
}