{
    "config": {
        "allow_infeasible": true,
        "construction": "random_replicate",
        "ils_k": 6,
        "local_search": "CVND",
        "metaheuristic": "ILS",
        "num_threads": 8,
        "operators": [
            "insert_1",
            "remove_1",
            "two_opt",
            "exchange_ids",
            "exchange_1_2",
            "exchange_2_2",
            "exchange_3_3",
            "exchange_3_4",
            "exchange_4_4",
            "rexchange_2_2",
            "rexchange_2_3",
            "rexchange_4_4",
            "centered_exchange_1",
            "relocate_1",
            "relocate_5",
            "rrelocate_3",
            "rrelocate_4",
            "move_all_by_1",
            "move_all_by_2"
        ],
        "perturbation": [
            "random_double_bridge"
        ],
        "stop_on_feasible": true,
        "timeout": 3
    },
    "histogram": {
        "all": {
            "centered_exchange_1": 2531,
            "exchange_1_2": 2668,
            "exchange_2_2": 2665,
            "exchange_3_3": 2662,
            "exchange_3_4": 2659,
            "exchange_4_4": 2657,
            "exchange_ids": 2691,
            "insert_1": 3393,
            "move_all_by_1": 1951,
            "move_all_by_2": 1932,
            "relocate_1": 2165,
            "relocate_5": 2145,
            "remove_1": 3393,
            "rexchange_2_2": 2617,
            "rexchange_2_3": 2614,
            "rexchange_4_4": 2613,
            "rrelocate_3": 2082,
            "rrelocate_4": 2058,
            "two_opt": 2978
        },
        "improving": {
            "centered_exchange_1": 303,
            "exchange_1_2": 719,
            "exchange_2_2": 214,
            "exchange_3_3": 79,
            "exchange_3_4": 94,
            "exchange_4_4": 33,
            "exchange_ids": 1195,
            "insert_1": 0,
            "move_all_by_1": 208,
            "move_all_by_2": 75,
            "relocate_1": 809,
            "relocate_5": 109,
            "remove_1": 0,
            "rexchange_2_2": 304,
            "rexchange_2_3": 103,
            "rexchange_4_4": 9,
            "rrelocate_3": 227,
            "rrelocate_4": 72,
            "two_opt": 1652
        },
        "rate": {
            "centered_exchange_1": 0.11971552670001984,
            "exchange_1_2": 0.26949024200439453,
            "exchange_2_2": 0.08030018955469131,
            "exchange_3_3": 0.029676934704184532,
            "exchange_3_4": 0.03535163775086403,
            "exchange_4_4": 0.01242002286016941,
            "exchange_ids": 0.4440728425979614,
            "insert_1": 0.0,
            "move_all_by_1": 0.10661199688911438,
            "move_all_by_2": 0.038819875568151474,
            "relocate_1": 0.37367206811904907,
            "relocate_5": 0.050815850496292114,
            "remove_1": 0.0,
            "rexchange_2_2": 0.11616354435682297,
            "rexchange_2_3": 0.03940321505069733,
            "rexchange_4_4": 0.0034443167969584465,
            "rrelocate_3": 0.10902977734804153,
            "rrelocate_4": 0.03498542308807373,
            "two_opt": 0.5547347068786621
        }
    },
    "last_improvement": 3,
    "name": "random-24-5.25-9",
    "solution": {
        "fitness": 1000748,
        "is_feasible": false,
        "permutation": [
            21,
            1,
            18,
            0,
            8,
            19,
            23,
            11,
            4,
            7,
            9,
            16,
            20,
            3,
            22,
            17,
            10,
            14,
            6,
            5,
            2,
            12,
            13,
            15
        ],
        "permutation_orig_ids": [
            "22",
            "2",
            "19",
            "1",
            "9",
            "20",
            "24",
            "12",
            "5",
            "8",
            "10",
            "17",
            "21",
            "4",
            "23",
            "18",
            "11",
            "15",
            "7",
            "6",
            "3",
            "13",
            "14",
            "16"
        ]
    },
    "steps": {
        "0": 1000805,
        "3": 1000748
    },
    "timeout": 3
}