{
    "config": {
        "allow_infeasible": true,
        "construction": "random_replicate",
        "ils_k": 6,
        "local_search": "CVND",
        "metaheuristic": "ILS",
        "num_threads": 8,
        "operators": [
            "insert_1",
            "remove_1",
            "two_opt",
            "exchange_ids",
            "exchange_1_2",
            "exchange_2_2",
            "exchange_3_3",
            "exchange_3_4",
            "exchange_4_4",
            "rexchange_2_2",
            "rexchange_2_3",
            "rexchange_4_4",
            "centered_exchange_1",
            "relocate_1",
            "relocate_5",
            "rrelocate_3",
            "rrelocate_4",
            "move_all_by_1",
            "move_all_by_2"
        ],
        "perturbation": [
            "random_double_bridge"
        ],
        "stop_on_feasible": true,
        "timeout": 3
    },
    "histogram": {
        "all": {
            "centered_exchange_1": 1438,
            "exchange_1_2": 1491,
            "exchange_2_2": 1486,
            "exchange_3_3": 1483,
            "exchange_3_4": 1481,
            "exchange_4_4": 1480,
            "exchange_ids": 1553,
            "insert_1": 2065,
            "move_all_by_1": 1171,
            "move_all_by_2": 1162,
            "relocate_1": 1237,
            "relocate_5": 1221,
            "remove_1": 2065,
            "rexchange_2_2": 1458,
            "rexchange_2_3": 1450,
            "rexchange_4_4": 1450,
            "rrelocate_3": 1204,
            "rrelocate_4": 1201,
            "two_opt": 1758
        },
        "improving": {
            "centered_exchange_1": 73,
            "exchange_1_2": 362,
            "exchange_2_2": 104,
            "exchange_3_3": 17,
            "exchange_3_4": 24,
            "exchange_4_4": 6,
            "exchange_ids": 612,
            "insert_1": 0,
            "move_all_by_1": 52,
            "move_all_by_2": 17,
            "relocate_1": 339,
            "relocate_5": 42,
            "remove_1": 0,
            "rexchange_2_2": 102,
            "rexchange_2_3": 26,
            "rexchange_4_4": 0,
            "rrelocate_3": 43,
            "rrelocate_4": 6,
            "two_opt": 938
        },
        "rate": {
            "centered_exchange_1": 0.05076495185494423,
            "exchange_1_2": 0.2427900731563568,
            "exchange_2_2": 0.06998654454946518,
            "exchange_3_3": 0.011463250033557415,
            "exchange_3_4": 0.01620526611804962,
            "exchange_4_4": 0.004054054152220488,
            "exchange_ids": 0.39407598972320557,
            "insert_1": 0.0,
            "move_all_by_1": 0.04440648853778839,
            "move_all_by_2": 0.014629947952926159,
            "relocate_1": 0.27405011653900146,
            "relocate_5": 0.03439803421497345,
            "remove_1": 0.0,
            "rexchange_2_2": 0.06995885074138641,
            "rexchange_2_3": 0.017931034788489342,
            "rexchange_4_4": 0.0,
            "rrelocate_3": 0.0357142873108387,
            "rrelocate_4": 0.00499583687633276,
            "two_opt": 0.5335608720779419
        }
    },
    "last_improvement": 1,
    "name": "random-24-0.33-94",
    "solution": {
        "fitness": 9000438,
        "is_feasible": false,
        "permutation": [
            9,
            5,
            15,
            18,
            2,
            11,
            0,
            22,
            14,
            3,
            20,
            8,
            10,
            13,
            12,
            21,
            16,
            17,
            23,
            6,
            4,
            7,
            1,
            19
        ],
        "permutation_orig_ids": [
            "10",
            "6",
            "16",
            "19",
            "3",
            "12",
            "1",
            "23",
            "15",
            "4",
            "21",
            "9",
            "11",
            "14",
            "13",
            "22",
            "17",
            "18",
            "24",
            "7",
            "5",
            "8",
            "2",
            "20"
        ]
    },
    "steps": {
        "0": 10000587,
        "1": 9000438
    },
    "timeout": 3
}