{
    "config": {
        "allow_infeasible": true,
        "construction": "random_replicate",
        "ils_k": 6,
        "local_search": "CVND",
        "metaheuristic": "ILS",
        "num_threads": 8,
        "operators": [
            "insert_1",
            "remove_1",
            "two_opt",
            "exchange_ids",
            "exchange_1_2",
            "exchange_2_2",
            "exchange_3_3",
            "exchange_3_4",
            "exchange_4_4",
            "rexchange_2_2",
            "rexchange_2_3",
            "rexchange_4_4",
            "centered_exchange_1",
            "relocate_1",
            "relocate_5",
            "rrelocate_3",
            "rrelocate_4",
            "move_all_by_1",
            "move_all_by_2"
        ],
        "perturbation": [
            "random_double_bridge"
        ],
        "stop_on_feasible": true,
        "timeout": 3
    },
    "histogram": {
        "all": {
            "centered_exchange_1": 19,
            "exchange_1_2": 21,
            "exchange_2_2": 20,
            "exchange_3_3": 20,
            "exchange_3_4": 20,
            "exchange_4_4": 20,
            "exchange_ids": 21,
            "insert_1": 25,
            "move_all_by_1": 15,
            "move_all_by_2": 15,
            "relocate_1": 17,
            "relocate_5": 16,
            "remove_1": 25,
            "rexchange_2_2": 20,
            "rexchange_2_3": 20,
            "rexchange_4_4": 20,
            "rrelocate_3": 15,
            "rrelocate_4": 15,
            "two_opt": 23
        },
        "improving": {
            "centered_exchange_1": 4,
            "exchange_1_2": 5,
            "exchange_2_2": 5,
            "exchange_3_3": 1,
            "exchange_3_4": 2,
            "exchange_4_4": 1,
            "exchange_ids": 10,
            "insert_1": 0,
            "move_all_by_1": 2,
            "move_all_by_2": 4,
            "relocate_1": 8,
            "relocate_5": 1,
            "remove_1": 0,
            "rexchange_2_2": 2,
            "rexchange_2_3": 0,
            "rexchange_4_4": 0,
            "rrelocate_3": 3,
            "rrelocate_4": 1,
            "two_opt": 11
        },
        "rate": {
            "centered_exchange_1": 0.21052631735801697,
            "exchange_1_2": 0.2380952388048172,
            "exchange_2_2": 0.25,
            "exchange_3_3": 0.05000000074505806,
            "exchange_3_4": 0.10000000149011612,
            "exchange_4_4": 0.05000000074505806,
            "exchange_ids": 0.4761904776096344,
            "insert_1": 0.0,
            "move_all_by_1": 0.13333334028720856,
            "move_all_by_2": 0.2666666805744171,
            "relocate_1": 0.47058823704719543,
            "relocate_5": 0.0625,
            "remove_1": 0.0,
            "rexchange_2_2": 0.10000000149011612,
            "rexchange_2_3": 0.0,
            "rexchange_4_4": 0.0,
            "rrelocate_3": 0.20000000298023224,
            "rrelocate_4": 0.06666667014360428,
            "two_opt": 0.47826087474823
        }
    },
    "last_improvement": 0,
    "name": "random-24-6.75-91",
    "solution": {
        "fitness": 998,
        "is_feasible": true,
        "permutation": [
            23,
            21,
            3,
            8,
            9,
            18,
            14,
            12,
            17,
            15,
            5,
            19,
            22,
            2,
            11,
            16,
            20,
            6,
            0,
            10,
            13,
            1,
            7,
            4
        ],
        "permutation_orig_ids": [
            "24",
            "22",
            "4",
            "9",
            "10",
            "19",
            "15",
            "13",
            "18",
            "16",
            "6",
            "20",
            "23",
            "3",
            "12",
            "17",
            "21",
            "7",
            "1",
            "11",
            "14",
            "2",
            "8",
            "5"
        ]
    },
    "steps": {
        "0": 998
    },
    "timeout": 3
}