{
    "config": {
        "allow_infeasible": true,
        "construction": "random_replicate",
        "ils_k": 6,
        "local_search": "CVND",
        "metaheuristic": "ILS",
        "num_threads": 8,
        "operators": [
            "insert_1",
            "remove_1",
            "two_opt",
            "exchange_ids",
            "exchange_1_2",
            "exchange_2_2",
            "exchange_3_3",
            "exchange_3_4",
            "exchange_4_4",
            "rexchange_2_2",
            "rexchange_2_3",
            "rexchange_4_4",
            "centered_exchange_1",
            "relocate_1",
            "relocate_5",
            "rrelocate_3",
            "rrelocate_4",
            "move_all_by_1",
            "move_all_by_2"
        ],
        "perturbation": [
            "random_double_bridge"
        ],
        "stop_on_feasible": true,
        "timeout": 3
    },
    "histogram": {
        "all": {
            "centered_exchange_1": 2058,
            "exchange_1_2": 2152,
            "exchange_2_2": 2132,
            "exchange_3_3": 2112,
            "exchange_3_4": 2110,
            "exchange_4_4": 2109,
            "exchange_ids": 2196,
            "insert_1": 2691,
            "move_all_by_1": 1575,
            "move_all_by_2": 1550,
            "relocate_1": 1670,
            "relocate_5": 1637,
            "remove_1": 2691,
            "rexchange_2_2": 2092,
            "rexchange_2_3": 2092,
            "rexchange_4_4": 2092,
            "rrelocate_3": 1615,
            "rrelocate_4": 1614,
            "two_opt": 2420
        },
        "improving": {
            "centered_exchange_1": 221,
            "exchange_1_2": 611,
            "exchange_2_2": 211,
            "exchange_3_3": 96,
            "exchange_3_4": 90,
            "exchange_4_4": 13,
            "exchange_ids": 935,
            "insert_1": 0,
            "move_all_by_1": 113,
            "move_all_by_2": 60,
            "relocate_1": 732,
            "relocate_5": 137,
            "remove_1": 0,
            "rexchange_2_2": 180,
            "rexchange_2_3": 28,
            "rexchange_4_4": 0,
            "rrelocate_3": 119,
            "rrelocate_4": 22,
            "two_opt": 1185
        },
        "rate": {
            "centered_exchange_1": 0.10738581418991089,
            "exchange_1_2": 0.2839219272136688,
            "exchange_2_2": 0.09896810352802277,
            "exchange_3_3": 0.04545454680919647,
            "exchange_3_4": 0.04265403002500534,
            "exchange_4_4": 0.006164058577269316,
            "exchange_ids": 0.42577412724494934,
            "insert_1": 0.0,
            "move_all_by_1": 0.07174602895975113,
            "move_all_by_2": 0.03870967775583267,
            "relocate_1": 0.43832334876060486,
            "relocate_5": 0.08368967473506927,
            "remove_1": 0.0,
            "rexchange_2_2": 0.08604206144809723,
            "rexchange_2_3": 0.0133843207731843,
            "rexchange_4_4": 0.0,
            "rrelocate_3": 0.0736842080950737,
            "rrelocate_4": 0.013630731031298637,
            "two_opt": 0.48966941237449646
        }
    },
    "last_improvement": 0,
    "name": "random-24-1.67-13",
    "solution": {
        "fitness": 5000707,
        "is_feasible": false,
        "permutation": [
            12,
            10,
            18,
            21,
            22,
            9,
            5,
            3,
            17,
            16,
            6,
            23,
            0,
            1,
            13,
            19,
            15,
            20,
            11,
            14,
            4,
            2,
            7,
            8
        ],
        "permutation_orig_ids": [
            "13",
            "11",
            "19",
            "22",
            "23",
            "10",
            "6",
            "4",
            "18",
            "17",
            "7",
            "24",
            "1",
            "2",
            "14",
            "20",
            "16",
            "21",
            "12",
            "15",
            "5",
            "3",
            "8",
            "9"
        ]
    },
    "steps": {
        "0": 5000707
    },
    "timeout": 3
}