{
    "config": {
        "allow_infeasible": true,
        "construction": "random_replicate",
        "ils_k": 6,
        "local_search": "CVND",
        "metaheuristic": "ILS",
        "num_threads": 8,
        "operators": [
            "insert_1",
            "remove_1",
            "two_opt",
            "exchange_ids",
            "exchange_1_2",
            "exchange_2_2",
            "exchange_3_3",
            "exchange_3_4",
            "exchange_4_4",
            "rexchange_2_2",
            "rexchange_2_3",
            "rexchange_4_4",
            "centered_exchange_1",
            "relocate_1",
            "relocate_5",
            "rrelocate_3",
            "rrelocate_4",
            "move_all_by_1",
            "move_all_by_2"
        ],
        "perturbation": [
            "random_double_bridge"
        ],
        "stop_on_feasible": true,
        "timeout": 3
    },
    "histogram": {
        "all": {
            "centered_exchange_1": 2198,
            "exchange_1_2": 2299,
            "exchange_2_2": 2297,
            "exchange_3_3": 2292,
            "exchange_3_4": 2291,
            "exchange_4_4": 2290,
            "exchange_ids": 2347,
            "insert_1": 2904,
            "move_all_by_1": 1675,
            "move_all_by_2": 1652,
            "relocate_1": 1810,
            "relocate_5": 1752,
            "remove_1": 2904,
            "rexchange_2_2": 2257,
            "rexchange_2_3": 2257,
            "rexchange_4_4": 2257,
            "rrelocate_3": 1722,
            "rrelocate_4": 1715,
            "two_opt": 2606
        },
        "improving": {
            "centered_exchange_1": 249,
            "exchange_1_2": 585,
            "exchange_2_2": 134,
            "exchange_3_3": 71,
            "exchange_3_4": 49,
            "exchange_4_4": 20,
            "exchange_ids": 1042,
            "insert_1": 0,
            "move_all_by_1": 123,
            "move_all_by_2": 63,
            "relocate_1": 727,
            "relocate_5": 133,
            "remove_1": 0,
            "rexchange_2_2": 207,
            "rexchange_2_3": 53,
            "rexchange_4_4": 1,
            "rrelocate_3": 159,
            "rrelocate_4": 52,
            "two_opt": 1326
        },
        "rate": {
            "centered_exchange_1": 0.11328480392694473,
            "exchange_1_2": 0.2544584572315216,
            "exchange_2_2": 0.05833696201443672,
            "exchange_3_3": 0.030977312475442886,
            "exchange_3_4": 0.021388040855526924,
            "exchange_4_4": 0.008733624592423439,
            "exchange_ids": 0.44397103786468506,
            "insert_1": 0.0,
            "move_all_by_1": 0.07343283295631409,
            "move_all_by_2": 0.0381355918943882,
            "relocate_1": 0.40165746212005615,
            "relocate_5": 0.07591324299573898,
            "remove_1": 0.0,
            "rexchange_2_2": 0.09171466529369354,
            "rexchange_2_3": 0.02348249964416027,
            "rexchange_4_4": 0.0004430660046637058,
            "rrelocate_3": 0.09233449399471283,
            "rrelocate_4": 0.030320700258016586,
            "two_opt": 0.5088257789611816
        }
    },
    "last_improvement": 0,
    "name": "random-24-2.58-38",
    "solution": {
        "fitness": 4000769,
        "is_feasible": false,
        "permutation": [
            15,
            3,
            8,
            13,
            19,
            5,
            2,
            4,
            9,
            23,
            1,
            12,
            18,
            22,
            10,
            21,
            7,
            16,
            11,
            6,
            14,
            17,
            20,
            0
        ],
        "permutation_orig_ids": [
            "16",
            "4",
            "9",
            "14",
            "20",
            "6",
            "3",
            "5",
            "10",
            "24",
            "2",
            "13",
            "19",
            "23",
            "11",
            "22",
            "8",
            "17",
            "12",
            "7",
            "15",
            "18",
            "21",
            "1"
        ]
    },
    "steps": {
        "0": 4000769
    },
    "timeout": 3
}