{
    "config": {
        "allow_infeasible": true,
        "construction": "random_replicate",
        "ils_k": 6,
        "local_search": "CVND",
        "metaheuristic": "ILS",
        "num_threads": 8,
        "operators": [
            "insert_1",
            "remove_1",
            "two_opt",
            "exchange_ids",
            "exchange_1_2",
            "exchange_2_2",
            "exchange_3_3",
            "exchange_3_4",
            "exchange_4_4",
            "rexchange_2_2",
            "rexchange_2_3",
            "rexchange_4_4",
            "centered_exchange_1",
            "relocate_1",
            "relocate_5",
            "rrelocate_3",
            "rrelocate_4",
            "move_all_by_1",
            "move_all_by_2"
        ],
        "perturbation": [
            "random_double_bridge"
        ],
        "stop_on_feasible": true,
        "timeout": 3
    },
    "histogram": {
        "all": {
            "centered_exchange_1": 83,
            "exchange_1_2": 83,
            "exchange_2_2": 83,
            "exchange_3_3": 83,
            "exchange_3_4": 83,
            "exchange_4_4": 83,
            "exchange_ids": 85,
            "insert_1": 100,
            "move_all_by_1": 64,
            "move_all_by_2": 62,
            "relocate_1": 70,
            "relocate_5": 70,
            "remove_1": 100,
            "rexchange_2_2": 83,
            "rexchange_2_3": 83,
            "rexchange_4_4": 83,
            "rrelocate_3": 66,
            "rrelocate_4": 65,
            "two_opt": 93
        },
        "improving": {
            "centered_exchange_1": 7,
            "exchange_1_2": 27,
            "exchange_2_2": 6,
            "exchange_3_3": 5,
            "exchange_3_4": 7,
            "exchange_4_4": 2,
            "exchange_ids": 36,
            "insert_1": 0,
            "move_all_by_1": 6,
            "move_all_by_2": 6,
            "relocate_1": 34,
            "relocate_5": 6,
            "remove_1": 0,
            "rexchange_2_2": 15,
            "rexchange_2_3": 6,
            "rexchange_4_4": 1,
            "rrelocate_3": 13,
            "rrelocate_4": 4,
            "two_opt": 43
        },
        "rate": {
            "centered_exchange_1": 0.08433734625577927,
            "exchange_1_2": 0.3253012001514435,
            "exchange_2_2": 0.07228915393352509,
            "exchange_3_3": 0.0602409653365612,
            "exchange_3_4": 0.08433734625577927,
            "exchange_4_4": 0.024096384644508362,
            "exchange_ids": 0.42352941632270813,
            "insert_1": 0.0,
            "move_all_by_1": 0.09375,
            "move_all_by_2": 0.09677419066429138,
            "relocate_1": 0.48571428656578064,
            "relocate_5": 0.08571428805589676,
            "remove_1": 0.0,
            "rexchange_2_2": 0.1807228922843933,
            "rexchange_2_3": 0.07228915393352509,
            "rexchange_4_4": 0.012048192322254181,
            "rrelocate_3": 0.19696970283985138,
            "rrelocate_4": 0.0615384615957737,
            "two_opt": 0.46236559748649597
        }
    },
    "last_improvement": 0,
    "name": "random-24-7.75-44",
    "solution": {
        "fitness": 941,
        "is_feasible": true,
        "permutation": [
            15,
            17,
            7,
            3,
            18,
            8,
            1,
            9,
            10,
            5,
            4,
            11,
            19,
            23,
            0,
            12,
            22,
            21,
            2,
            13,
            16,
            14,
            6,
            20
        ],
        "permutation_orig_ids": [
            "16",
            "18",
            "8",
            "4",
            "19",
            "9",
            "2",
            "10",
            "11",
            "6",
            "5",
            "12",
            "20",
            "24",
            "1",
            "13",
            "23",
            "22",
            "3",
            "14",
            "17",
            "15",
            "7",
            "21"
        ]
    },
    "steps": {
        "0": 941
    },
    "timeout": 3
}