{
    "config": {
        "allow_infeasible": true,
        "construction": "random_replicate",
        "ils_k": 6,
        "local_search": "CVND",
        "metaheuristic": "ILS",
        "num_threads": 8,
        "operators": [
            "insert_1",
            "remove_1",
            "two_opt",
            "exchange_ids",
            "exchange_1_2",
            "exchange_2_2",
            "exchange_3_3",
            "exchange_3_4",
            "exchange_4_4",
            "rexchange_2_2",
            "rexchange_2_3",
            "rexchange_4_4",
            "centered_exchange_1",
            "relocate_1",
            "relocate_5",
            "rrelocate_3",
            "rrelocate_4",
            "move_all_by_1",
            "move_all_by_2"
        ],
        "perturbation": [
            "random_double_bridge"
        ],
        "stop_on_feasible": true,
        "timeout": 3
    },
    "histogram": {
        "all": {
            "centered_exchange_1": 2358,
            "exchange_1_2": 2490,
            "exchange_2_2": 2478,
            "exchange_3_3": 2464,
            "exchange_3_4": 2463,
            "exchange_4_4": 2461,
            "exchange_ids": 2530,
            "insert_1": 3068,
            "move_all_by_1": 1758,
            "move_all_by_2": 1744,
            "relocate_1": 1943,
            "relocate_5": 1936,
            "remove_1": 3068,
            "rexchange_2_2": 2422,
            "rexchange_2_3": 2418,
            "rexchange_4_4": 2418,
            "rrelocate_3": 1877,
            "rrelocate_4": 1855,
            "two_opt": 2783
        },
        "improving": {
            "centered_exchange_1": 302,
            "exchange_1_2": 723,
            "exchange_2_2": 222,
            "exchange_3_3": 75,
            "exchange_3_4": 79,
            "exchange_4_4": 16,
            "exchange_ids": 1117,
            "insert_1": 0,
            "move_all_by_1": 208,
            "move_all_by_2": 64,
            "relocate_1": 843,
            "relocate_5": 87,
            "remove_1": 0,
            "rexchange_2_2": 273,
            "rexchange_2_3": 89,
            "rexchange_4_4": 0,
            "rrelocate_3": 218,
            "rrelocate_4": 54,
            "two_opt": 1397
        },
        "rate": {
            "centered_exchange_1": 0.12807464599609375,
            "exchange_1_2": 0.2903614342212677,
            "exchange_2_2": 0.08958838135004044,
            "exchange_3_3": 0.030438311398029327,
            "exchange_3_4": 0.0320747047662735,
            "exchange_4_4": 0.006501422263681889,
            "exchange_ids": 0.4415019750595093,
            "insert_1": 0.0,
            "move_all_by_1": 0.11831627041101456,
            "move_all_by_2": 0.03669724613428116,
            "relocate_1": 0.43386515974998474,
            "relocate_5": 0.044938016682863235,
            "remove_1": 0.0,
            "rexchange_2_2": 0.11271676421165466,
            "rexchange_2_3": 0.03680728003382683,
            "rexchange_4_4": 0.0,
            "rrelocate_3": 0.11614277958869934,
            "rrelocate_4": 0.029110511764883995,
            "two_opt": 0.5019763112068176
        }
    },
    "last_improvement": 1,
    "name": "random-24-3.33-68",
    "solution": {
        "fitness": 2000941,
        "is_feasible": false,
        "permutation": [
            9,
            14,
            6,
            4,
            2,
            23,
            3,
            20,
            0,
            5,
            22,
            15,
            13,
            16,
            11,
            19,
            17,
            18,
            7,
            8,
            10,
            12,
            21,
            1
        ],
        "permutation_orig_ids": [
            "10",
            "15",
            "7",
            "5",
            "3",
            "24",
            "4",
            "21",
            "1",
            "6",
            "23",
            "16",
            "14",
            "17",
            "12",
            "20",
            "18",
            "19",
            "8",
            "9",
            "11",
            "13",
            "22",
            "2"
        ]
    },
    "steps": {
        "0": 2001002,
        "1": 2000941
    },
    "timeout": 3
}