{
    "config": {
        "allow_infeasible": true,
        "construction": "greedy",
        "ils_k": 8,
        "local_search": "RPVND",
        "metaheuristic": "ILS",
        "num_threads": 8,
        "operators": [
            "insert_1",
            "exchange_ids",
            "exchange_1_1",
            "rexchange_1_2",
            "rexchange_2_2",
            "rexchange_3_3",
            "centered_exchange_1",
            "centered_exchange_2",
            "centered_exchange_3",
            "centered_exchange_4",
            "relocate_3",
            "relocate_4",
            "move_all_by_1",
            "move_all_by_2",
            "move_all_by_4"
        ],
        "perturbation": [
            "random_swap"
        ],
        "timeout": 600
    },
    "histogram": {
        "all": {
            "centered_exchange_1": 39023,
            "centered_exchange_2": 33125,
            "centered_exchange_3": 31676,
            "centered_exchange_4": 31046,
            "exchange_1_1": 116101,
            "exchange_ids": 31927,
            "insert_1": 30683,
            "move_all_by_1": 30650,
            "move_all_by_2": 30659,
            "move_all_by_4": 30670,
            "relocate_3": 36837,
            "relocate_4": 34578,
            "rexchange_1_2": 42512,
            "rexchange_2_2": 73350,
            "rexchange_3_3": 50396
        },
        "improving": {
            "centered_exchange_1": 8392,
            "centered_exchange_2": 2495,
            "centered_exchange_3": 1045,
            "centered_exchange_4": 415,
            "exchange_1_1": 85471,
            "exchange_ids": 1296,
            "insert_1": 52,
            "move_all_by_1": 19,
            "move_all_by_2": 28,
            "move_all_by_4": 39,
            "relocate_3": 6207,
            "relocate_4": 3948,
            "rexchange_1_2": 11881,
            "rexchange_2_2": 42719,
            "rexchange_3_3": 19766
        },
        "rate": {
            "centered_exchange_1": 0.21505266427993774,
            "centered_exchange_2": 0.0753207579255104,
            "centered_exchange_3": 0.03299027681350708,
            "centered_exchange_4": 0.013367261737585068,
            "exchange_1_1": 0.7361779808998108,
            "exchange_ids": 0.040592603385448456,
            "insert_1": 0.0016947495751082897,
            "move_all_by_1": 0.000619902100879699,
            "move_all_by_2": 0.0009132717968896031,
            "move_all_by_4": 0.0012716009514406323,
            "relocate_3": 0.16849906742572784,
            "relocate_4": 0.11417664587497711,
            "rexchange_1_2": 0.27947402000427246,
            "rexchange_2_2": 0.5823994278907776,
            "rexchange_3_3": 0.3922136723995209
        }
    },
    "last_improvement": 0,
    "name": "sudoku-inst9x9_5_1.txt",
    "solution": {
        "solution": {
            "fitness": 0,
            "is_feasible": true,
            "permutation": [
                7,
                2,
                3,
                8,
                1,
                6,
                4,
                0,
                5,
                8,
                6,
                4,
                5,
                0,
                3,
                2,
                7,
                1,
                5,
                0,
                4,
                2,
                7,
                3,
                8,
                6,
                1,
                7,
                0,
                3,
                6,
                8,
                5,
                2,
                4,
                2,
                4,
                6,
                0,
                7,
                5,
                8,
                1,
                3,
                3,
                8,
                5,
                1,
                2,
                0,
                6,
                7,
                4,
                1,
                2,
                7,
                5,
                3,
                8,
                6,
                5,
                8,
                2,
                3,
                1,
                7,
                0,
                0,
                3,
                7,
                6,
                8,
                4,
                1,
                5,
                2
            ]
        }
    },
    "steps": {
        "0": 0
    },
    "timeout": 600
}