{
    "config": {
        "allow_infeasible": true,
        "construction": "random_replicate",
        "ils_k": 6,
        "local_search": "CVND",
        "metaheuristic": "ILS",
        "num_threads": 8,
        "operators": [
            "insert_1",
            "remove_1",
            "two_opt",
            "exchange_ids",
            "exchange_1_2",
            "exchange_2_2",
            "exchange_3_3",
            "exchange_3_4",
            "exchange_4_4",
            "rexchange_2_2",
            "rexchange_2_3",
            "rexchange_4_4",
            "centered_exchange_1",
            "relocate_1",
            "relocate_5",
            "rrelocate_3",
            "rrelocate_4",
            "move_all_by_1",
            "move_all_by_2"
        ],
        "perturbation": [
            "random_double_bridge"
        ],
        "stop_on_feasible": true,
        "timeout": 70
    },
    "histogram": {
        "all": {
            "centered_exchange_1": 31,
            "exchange_1_2": 32,
            "exchange_2_2": 31,
            "exchange_3_3": 31,
            "exchange_3_4": 31,
            "exchange_4_4": 31,
            "exchange_ids": 32,
            "insert_1": 32,
            "move_all_by_1": 25,
            "move_all_by_2": 25,
            "relocate_1": 25,
            "relocate_5": 25,
            "remove_1": 32,
            "rexchange_2_2": 31,
            "rexchange_2_3": 31,
            "rexchange_4_4": 31,
            "rrelocate_3": 25,
            "rrelocate_4": 25,
            "two_opt": 32
        },
        "improving": {
            "centered_exchange_1": 9,
            "exchange_1_2": 15,
            "exchange_2_2": 9,
            "exchange_3_3": 6,
            "exchange_3_4": 5,
            "exchange_4_4": 5,
            "exchange_ids": 16,
            "insert_1": 0,
            "move_all_by_1": 17,
            "move_all_by_2": 12,
            "relocate_1": 25,
            "relocate_5": 11,
            "remove_1": 0,
            "rexchange_2_2": 10,
            "rexchange_2_3": 8,
            "rexchange_4_4": 6,
            "rrelocate_3": 8,
            "rrelocate_4": 10,
            "two_opt": 17
        },
        "rate": {
            "centered_exchange_1": 0.29032257199287415,
            "exchange_1_2": 0.46875,
            "exchange_2_2": 0.29032257199287415,
            "exchange_3_3": 0.19354838132858276,
            "exchange_3_4": 0.16129031777381897,
            "exchange_4_4": 0.16129031777381897,
            "exchange_ids": 0.5,
            "insert_1": 0.0,
            "move_all_by_1": 0.6800000071525574,
            "move_all_by_2": 0.47999998927116394,
            "relocate_1": 1.0,
            "relocate_5": 0.4399999976158142,
            "remove_1": 0.0,
            "rexchange_2_2": 0.32258063554763794,
            "rexchange_2_3": 0.25806450843811035,
            "rexchange_4_4": 0.19354838132858276,
            "rrelocate_3": 0.3199999928474426,
            "rrelocate_4": 0.4000000059604645,
            "two_opt": 0.53125
        }
    },
    "last_improvement": 56,
    "name": "random-70-7.36-44",
    "solution": {
        "fitness": 1002760,
        "is_feasible": false,
        "permutation": [
            52,
            60,
            0,
            58,
            37,
            4,
            26,
            67,
            50,
            9,
            8,
            7,
            64,
            11,
            33,
            24,
            53,
            40,
            35,
            17,
            16,
            46,
            3,
            43,
            1,
            68,
            28,
            56,
            62,
            49,
            38,
            66,
            39,
            59,
            51,
            20,
            65,
            2,
            31,
            63,
            36,
            48,
            13,
            22,
            12,
            34,
            29,
            5,
            6,
            55,
            21,
            45,
            27,
            47,
            41,
            15,
            61,
            57,
            18,
            44,
            23,
            14,
            10,
            25,
            32,
            19,
            69,
            30,
            54,
            42
        ],
        "permutation_orig_ids": [
            "53",
            "61",
            "1",
            "59",
            "38",
            "5",
            "27",
            "68",
            "51",
            "10",
            "9",
            "8",
            "65",
            "12",
            "34",
            "25",
            "54",
            "41",
            "36",
            "18",
            "17",
            "47",
            "4",
            "44",
            "2",
            "69",
            "29",
            "57",
            "63",
            "50",
            "39",
            "67",
            "40",
            "60",
            "52",
            "21",
            "66",
            "3",
            "32",
            "64",
            "37",
            "49",
            "14",
            "23",
            "13",
            "35",
            "30",
            "6",
            "7",
            "56",
            "22",
            "46",
            "28",
            "48",
            "42",
            "16",
            "62",
            "58",
            "19",
            "45",
            "24",
            "15",
            "11",
            "26",
            "33",
            "20",
            "70",
            "31",
            "55",
            "43"
        ],
        "walk_orig_ids": [
            "53",
            "61",
            "1",
            "59",
            "42",
            "38",
            "5",
            "27",
            "68",
            "23",
            "51",
            "10",
            "9",
            "8",
            "65",
            "30",
            "12",
            "34",
            "25",
            "54",
            "41",
            "36",
            "18",
            "11",
            "17",
            "47",
            "4",
            "44",
            "2",
            "69",
            "29",
            "57",
            "63",
            "57",
            "50",
            "39",
            "67",
            "40",
            "60",
            "52",
            "21",
            "55",
            "66",
            "29",
            "57",
            "3",
            "32",
            "33",
            "64",
            "37",
            "49",
            "14",
            "23",
            "13",
            "35",
            "13",
            "30",
            "6",
            "7",
            "22",
            "56",
            "22",
            "46",
            "28",
            "46",
            "48",
            "42",
            "16",
            "62",
            "58",
            "20",
            "23",
            "19",
            "45",
            "24",
            "15",
            "11",
            "70",
            "26",
            "33",
            "26",
            "20",
            "26",
            "70",
            "31",
            "55",
            "43"
        ],
        "walk_processing": [
            true,
            true,
            true,
            true,
            false,
            true,
            true,
            true,
            true,
            false,
            true,
            true,
            true,
            true,
            true,
            false,
            true,
            true,
            true,
            true,
            true,
            true,
            true,
            false,
            true,
            true,
            true,
            true,
            true,
            true,
            true,
            true,
            true,
            false,
            true,
            true,
            true,
            true,
            true,
            true,
            true,
            false,
            true,
            false,
            false,
            true,
            true,
            false,
            true,
            true,
            true,
            true,
            true,
            true,
            true,
            false,
            true,
            true,
            true,
            false,
            true,
            true,
            true,
            true,
            false,
            true,
            true,
            true,
            true,
            true,
            false,
            false,
            true,
            true,
            true,
            true,
            true,
            false,
            true,
            true,
            false,
            true,
            false,
            true,
            true,
            true,
            true
        ]
    },
    "steps": {
        "0": 5007585,
        "1": 3007879,
        "10": 1003526,
        "11": 1003344,
        "12": 1003332,
        "13": 1003294,
        "14": 1003283,
        "16": 1003268,
        "18": 1003258,
        "19": 1003151,
        "2": 1007856,
        "21": 1003082,
        "22": 1003044,
        "24": 1002943,
        "26": 1002904,
        "28": 1002879,
        "29": 1002877,
        "3": 1006689,
        "30": 1002859,
        "35": 1002858,
        "36": 1002805,
        "4": 1005604,
        "5": 1004690,
        "54": 1002770,
        "55": 1002762,
        "56": 1002760,
        "6": 1004453,
        "7": 1004234,
        "8": 1003744,
        "9": 1003593
    },
    "timeout": 70
}