{
    "config": {
        "allow_infeasible": true,
        "construction": "random_replicate",
        "ils_k": 6,
        "local_search": "CVND",
        "metaheuristic": "ILS",
        "num_threads": 8,
        "operators": [
            "insert_1",
            "remove_1",
            "two_opt",
            "exchange_ids",
            "exchange_1_2",
            "exchange_2_2",
            "exchange_3_3",
            "exchange_3_4",
            "exchange_4_4",
            "rexchange_2_2",
            "rexchange_2_3",
            "rexchange_4_4",
            "centered_exchange_1",
            "relocate_1",
            "relocate_5",
            "rrelocate_3",
            "rrelocate_4",
            "move_all_by_1",
            "move_all_by_2"
        ],
        "perturbation": [
            "random_double_bridge"
        ],
        "stop_on_feasible": true,
        "timeout": 70
    },
    "histogram": {
        "all": {
            "centered_exchange_1": 24,
            "exchange_1_2": 25,
            "exchange_2_2": 25,
            "exchange_3_3": 25,
            "exchange_3_4": 24,
            "exchange_4_4": 24,
            "exchange_ids": 26,
            "insert_1": 26,
            "move_all_by_1": 21,
            "move_all_by_2": 21,
            "relocate_1": 21,
            "relocate_5": 21,
            "remove_1": 26,
            "rexchange_2_2": 24,
            "rexchange_2_3": 24,
            "rexchange_4_4": 24,
            "rrelocate_3": 21,
            "rrelocate_4": 21,
            "two_opt": 26
        },
        "improving": {
            "centered_exchange_1": 9,
            "exchange_1_2": 16,
            "exchange_2_2": 11,
            "exchange_3_3": 10,
            "exchange_3_4": 8,
            "exchange_4_4": 7,
            "exchange_ids": 17,
            "insert_1": 0,
            "move_all_by_1": 13,
            "move_all_by_2": 13,
            "relocate_1": 20,
            "relocate_5": 12,
            "remove_1": 0,
            "rexchange_2_2": 11,
            "rexchange_2_3": 11,
            "rexchange_4_4": 3,
            "rrelocate_3": 11,
            "rrelocate_4": 11,
            "two_opt": 16
        },
        "rate": {
            "centered_exchange_1": 0.375,
            "exchange_1_2": 0.6399999856948853,
            "exchange_2_2": 0.4399999976158142,
            "exchange_3_3": 0.4000000059604645,
            "exchange_3_4": 0.3333333432674408,
            "exchange_4_4": 0.2916666567325592,
            "exchange_ids": 0.6538461446762085,
            "insert_1": 0.0,
            "move_all_by_1": 0.6190476417541504,
            "move_all_by_2": 0.6190476417541504,
            "relocate_1": 0.9523809552192688,
            "relocate_5": 0.5714285969734192,
            "remove_1": 0.0,
            "rexchange_2_2": 0.4583333432674408,
            "rexchange_2_3": 0.4583333432674408,
            "rexchange_4_4": 0.125,
            "rrelocate_3": 0.523809552192688,
            "rrelocate_4": 0.523809552192688,
            "two_opt": 0.6153846383094788
        }
    },
    "last_improvement": 59,
    "name": "random-70-6.40-38",
    "solution": {
        "fitness": 1002740,
        "is_feasible": false,
        "permutation": [
            51,
            29,
            2,
            40,
            48,
            9,
            30,
            59,
            49,
            60,
            66,
            23,
            14,
            57,
            26,
            31,
            54,
            52,
            25,
            3,
            67,
            61,
            47,
            11,
            27,
            41,
            19,
            17,
            69,
            39,
            50,
            68,
            10,
            15,
            55,
            37,
            45,
            42,
            7,
            56,
            64,
            5,
            20,
            36,
            0,
            63,
            46,
            34,
            44,
            32,
            13,
            1,
            53,
            24,
            65,
            16,
            28,
            58,
            8,
            21,
            12,
            43,
            18,
            22,
            4,
            38,
            62,
            35,
            33,
            6
        ],
        "permutation_orig_ids": [
            "52",
            "30",
            "3",
            "41",
            "49",
            "10",
            "31",
            "60",
            "50",
            "61",
            "67",
            "24",
            "15",
            "58",
            "27",
            "32",
            "55",
            "53",
            "26",
            "4",
            "68",
            "62",
            "48",
            "12",
            "28",
            "42",
            "20",
            "18",
            "70",
            "40",
            "51",
            "69",
            "11",
            "16",
            "56",
            "38",
            "46",
            "43",
            "8",
            "57",
            "65",
            "6",
            "21",
            "37",
            "1",
            "64",
            "47",
            "35",
            "45",
            "33",
            "14",
            "2",
            "54",
            "25",
            "66",
            "17",
            "29",
            "59",
            "9",
            "22",
            "13",
            "44",
            "19",
            "23",
            "5",
            "39",
            "63",
            "36",
            "34",
            "7"
        ],
        "walk_orig_ids": [
            "52",
            "30",
            "3",
            "41",
            "49",
            "10",
            "31",
            "60",
            "50",
            "61",
            "67",
            "24",
            "15",
            "58",
            "32",
            "27",
            "32",
            "55",
            "53",
            "4",
            "26",
            "4",
            "68",
            "62",
            "48",
            "36",
            "12",
            "69",
            "28",
            "69",
            "42",
            "20",
            "18",
            "70",
            "40",
            "51",
            "69",
            "11",
            "16",
            "56",
            "54",
            "38",
            "18",
            "70",
            "46",
            "69",
            "43",
            "8",
            "44",
            "29",
            "57",
            "65",
            "21",
            "6",
            "21",
            "37",
            "1",
            "64",
            "44",
            "35",
            "47",
            "35",
            "5",
            "45",
            "5",
            "33",
            "14",
            "2",
            "54",
            "25",
            "54",
            "17",
            "66",
            "17",
            "54",
            "59",
            "29",
            "59",
            "36",
            "34",
            "9",
            "22",
            "13",
            "44",
            "19",
            "44",
            "35",
            "23",
            "35",
            "5",
            "39",
            "63",
            "39",
            "36",
            "34",
            "7"
        ],
        "walk_processing": [
            true,
            true,
            true,
            true,
            true,
            true,
            true,
            true,
            true,
            true,
            true,
            true,
            true,
            true,
            false,
            true,
            true,
            true,
            true,
            false,
            true,
            true,
            true,
            true,
            true,
            false,
            true,
            false,
            true,
            false,
            true,
            true,
            true,
            true,
            true,
            true,
            true,
            true,
            true,
            true,
            false,
            true,
            false,
            false,
            true,
            false,
            true,
            true,
            false,
            false,
            true,
            true,
            false,
            true,
            true,
            true,
            true,
            true,
            false,
            false,
            true,
            true,
            false,
            true,
            false,
            true,
            true,
            true,
            true,
            true,
            false,
            false,
            true,
            true,
            false,
            false,
            true,
            true,
            false,
            false,
            true,
            true,
            true,
            true,
            true,
            false,
            false,
            true,
            false,
            true,
            true,
            true,
            false,
            true,
            true,
            true
        ]
    },
    "steps": {
        "0": 8006730,
        "1": 7006199,
        "10": 3004287,
        "11": 2005567,
        "12": 2004462,
        "13": 2004364,
        "14": 2004249,
        "15": 2003857,
        "16": 2003631,
        "17": 2003540,
        "18": 2003333,
        "19": 2003197,
        "2": 6005482,
        "20": 2003108,
        "21": 2002978,
        "22": 1003406,
        "23": 1003389,
        "24": 1003183,
        "25": 1003112,
        "26": 1003103,
        "27": 1003065,
        "28": 1003047,
        "3": 5004945,
        "30": 1003019,
        "4": 5004158,
        "48": 1002925,
        "49": 1002774,
        "5": 5003797,
        "51": 1002754,
        "59": 1002740,
        "6": 4005731,
        "7": 4004443,
        "8": 4004090,
        "9": 3004326
    },
    "timeout": 70
}