{
    "config": {
        "allow_infeasible": true,
        "construction": "random_replicate",
        "ils_k": 6,
        "local_search": "CVND",
        "metaheuristic": "ILS",
        "num_threads": 8,
        "operators": [
            "insert_1",
            "remove_1",
            "two_opt",
            "exchange_ids",
            "exchange_1_2",
            "exchange_2_2",
            "exchange_3_3",
            "exchange_3_4",
            "exchange_4_4",
            "rexchange_2_2",
            "rexchange_2_3",
            "rexchange_4_4",
            "centered_exchange_1",
            "relocate_1",
            "relocate_5",
            "rrelocate_3",
            "rrelocate_4",
            "move_all_by_1",
            "move_all_by_2"
        ],
        "perturbation": [
            "random_double_bridge"
        ],
        "stop_on_feasible": true,
        "timeout": 5
    },
    "histogram": {
        "all": {
            "centered_exchange_1": 13,
            "exchange_1_2": 13,
            "exchange_2_2": 13,
            "exchange_3_3": 13,
            "exchange_3_4": 13,
            "exchange_4_4": 13,
            "exchange_ids": 13,
            "insert_1": 13,
            "move_all_by_1": 11,
            "move_all_by_2": 11,
            "relocate_1": 11,
            "relocate_5": 11,
            "remove_1": 13,
            "rexchange_2_2": 13,
            "rexchange_2_3": 13,
            "rexchange_4_4": 13,
            "rrelocate_3": 11,
            "rrelocate_4": 11,
            "two_opt": 13
        },
        "improving": {
            "centered_exchange_1": 4,
            "exchange_1_2": 7,
            "exchange_2_2": 2,
            "exchange_3_3": 2,
            "exchange_3_4": 4,
            "exchange_4_4": 2,
            "exchange_ids": 7,
            "insert_1": 0,
            "move_all_by_1": 3,
            "move_all_by_2": 3,
            "relocate_1": 11,
            "relocate_5": 5,
            "remove_1": 0,
            "rexchange_2_2": 4,
            "rexchange_2_3": 4,
            "rexchange_4_4": 1,
            "rrelocate_3": 8,
            "rrelocate_4": 4,
            "two_opt": 5
        },
        "rate": {
            "centered_exchange_1": 0.3076923191547394,
            "exchange_1_2": 0.5384615659713745,
            "exchange_2_2": 0.1538461595773697,
            "exchange_3_3": 0.1538461595773697,
            "exchange_3_4": 0.3076923191547394,
            "exchange_4_4": 0.1538461595773697,
            "exchange_ids": 0.5384615659713745,
            "insert_1": 0.0,
            "move_all_by_1": 0.27272728085517883,
            "move_all_by_2": 0.27272728085517883,
            "relocate_1": 1.0,
            "relocate_5": 0.4545454680919647,
            "remove_1": 0.0,
            "rexchange_2_2": 0.3076923191547394,
            "rexchange_2_3": 0.3076923191547394,
            "rexchange_4_4": 0.07692307978868484,
            "rrelocate_3": 0.7272727489471436,
            "rrelocate_4": 0.3636363744735718,
            "two_opt": 0.38461539149284363
        }
    },
    "last_improvement": 0,
    "name": "random-50-15.08-94",
    "solution": {
        "fitness": 1614,
        "is_feasible": true,
        "permutation": [
            14,
            37,
            45,
            17,
            13,
            2,
            33,
            5,
            30,
            39,
            41,
            26,
            36,
            27,
            42,
            4,
            21,
            38,
            15,
            16,
            3,
            22,
            43,
            6,
            7,
            12,
            46,
            40,
            8,
            20,
            1,
            29,
            18,
            23,
            25,
            47,
            49,
            10,
            35,
            28,
            31,
            0,
            44,
            11,
            24,
            9,
            34,
            19,
            48,
            32
        ],
        "permutation_orig_ids": [
            "15",
            "38",
            "46",
            "18",
            "14",
            "3",
            "34",
            "6",
            "31",
            "40",
            "42",
            "27",
            "37",
            "28",
            "43",
            "5",
            "22",
            "39",
            "16",
            "17",
            "4",
            "23",
            "44",
            "7",
            "8",
            "13",
            "47",
            "41",
            "9",
            "21",
            "2",
            "30",
            "19",
            "24",
            "26",
            "48",
            "50",
            "11",
            "36",
            "29",
            "32",
            "1",
            "45",
            "12",
            "25",
            "10",
            "35",
            "20",
            "49",
            "33"
        ]
    },
    "steps": {
        "0": 1614
    },
    "timeout": 5
}