{
    "config": {
        "allow_infeasible": true,
        "construction": "random_replicate",
        "ils_k": 6,
        "local_search": "CVND",
        "metaheuristic": "ILS",
        "num_threads": 8,
        "operators": [
            "insert_1",
            "remove_1",
            "two_opt",
            "exchange_ids",
            "exchange_1_2",
            "exchange_2_2",
            "exchange_3_3",
            "exchange_3_4",
            "exchange_4_4",
            "rexchange_2_2",
            "rexchange_2_3",
            "rexchange_4_4",
            "centered_exchange_1",
            "relocate_1",
            "relocate_5",
            "rrelocate_3",
            "rrelocate_4",
            "move_all_by_1",
            "move_all_by_2"
        ],
        "perturbation": [
            "random_double_bridge"
        ],
        "stop_on_feasible": true,
        "timeout": 5
    },
    "histogram": {
        "all": {
            "centered_exchange_1": 237,
            "exchange_1_2": 243,
            "exchange_2_2": 243,
            "exchange_3_3": 243,
            "exchange_3_4": 243,
            "exchange_4_4": 243,
            "exchange_ids": 245,
            "insert_1": 272,
            "move_all_by_1": 180,
            "move_all_by_2": 177,
            "relocate_1": 196,
            "relocate_5": 194,
            "remove_1": 272,
            "rexchange_2_2": 242,
            "rexchange_2_3": 241,
            "rexchange_4_4": 241,
            "rrelocate_3": 189,
            "rrelocate_4": 184,
            "two_opt": 259
        },
        "improving": {
            "centered_exchange_1": 41,
            "exchange_1_2": 90,
            "exchange_2_2": 48,
            "exchange_3_3": 27,
            "exchange_3_4": 31,
            "exchange_4_4": 16,
            "exchange_ids": 112,
            "insert_1": 0,
            "move_all_by_1": 43,
            "move_all_by_2": 24,
            "relocate_1": 132,
            "relocate_5": 42,
            "remove_1": 0,
            "rexchange_2_2": 67,
            "rexchange_2_3": 33,
            "rexchange_4_4": 12,
            "rrelocate_3": 52,
            "rrelocate_4": 42,
            "two_opt": 126
        },
        "rate": {
            "centered_exchange_1": 0.17299577593803406,
            "exchange_1_2": 0.37037035822868347,
            "exchange_2_2": 0.1975308656692505,
            "exchange_3_3": 0.1111111119389534,
            "exchange_3_4": 0.12757201492786407,
            "exchange_4_4": 0.0658436194062233,
            "exchange_ids": 0.4571428596973419,
            "insert_1": 0.0,
            "move_all_by_1": 0.23888888955116272,
            "move_all_by_2": 0.1355932205915451,
            "relocate_1": 0.6734693646430969,
            "relocate_5": 0.2164948433637619,
            "remove_1": 0.0,
            "rexchange_2_2": 0.27685949206352234,
            "rexchange_2_3": 0.1369294673204422,
            "rexchange_4_4": 0.04979253187775612,
            "rrelocate_3": 0.27513226866722107,
            "rrelocate_4": 0.22826087474822998,
            "two_opt": 0.4864864945411682
        }
    },
    "last_improvement": 5,
    "name": "random-50-9.42-26",
    "solution": {
        "fitness": 1001412,
        "is_feasible": false,
        "permutation": [
            43,
            39,
            30,
            17,
            29,
            41,
            20,
            1,
            6,
            35,
            44,
            25,
            21,
            22,
            48,
            7,
            46,
            10,
            36,
            18,
            23,
            11,
            47,
            8,
            3,
            42,
            38,
            28,
            13,
            19,
            40,
            45,
            14,
            5,
            12,
            4,
            2,
            32,
            24,
            26,
            0,
            33,
            15,
            31,
            27,
            49,
            9,
            37,
            34,
            16
        ],
        "permutation_orig_ids": [
            "44",
            "40",
            "31",
            "18",
            "30",
            "42",
            "21",
            "2",
            "7",
            "36",
            "45",
            "26",
            "22",
            "23",
            "49",
            "8",
            "47",
            "11",
            "37",
            "19",
            "24",
            "12",
            "48",
            "9",
            "4",
            "43",
            "39",
            "29",
            "14",
            "20",
            "41",
            "46",
            "15",
            "6",
            "13",
            "5",
            "3",
            "33",
            "25",
            "27",
            "1",
            "34",
            "16",
            "32",
            "28",
            "50",
            "10",
            "38",
            "35",
            "17"
        ]
    },
    "steps": {
        "0": 2001469,
        "1": 2001440,
        "2": 1001489,
        "3": 1001417,
        "5": 1001412
    },
    "timeout": 5
}