{
    "config": {
        "allow_infeasible": true,
        "construction": "random_replicate",
        "ils_k": 6,
        "local_search": "CVND",
        "metaheuristic": "ILS",
        "num_threads": 8,
        "operators": [
            "insert_1",
            "remove_1",
            "two_opt",
            "exchange_ids",
            "exchange_1_2",
            "exchange_2_2",
            "exchange_3_3",
            "exchange_3_4",
            "exchange_4_4",
            "rexchange_2_2",
            "rexchange_2_3",
            "rexchange_4_4",
            "centered_exchange_1",
            "relocate_1",
            "relocate_5",
            "rrelocate_3",
            "rrelocate_4",
            "move_all_by_1",
            "move_all_by_2"
        ],
        "perturbation": [
            "random_double_bridge"
        ],
        "stop_on_feasible": true,
        "timeout": 5
    },
    "histogram": {
        "all": {
            "centered_exchange_1": 237,
            "exchange_1_2": 243,
            "exchange_2_2": 243,
            "exchange_3_3": 243,
            "exchange_3_4": 243,
            "exchange_4_4": 242,
            "exchange_ids": 249,
            "insert_1": 270,
            "move_all_by_1": 172,
            "move_all_by_2": 171,
            "relocate_1": 194,
            "relocate_5": 191,
            "remove_1": 270,
            "rexchange_2_2": 240,
            "rexchange_2_3": 240,
            "rexchange_4_4": 240,
            "rrelocate_3": 183,
            "rrelocate_4": 179,
            "two_opt": 257
        },
        "improving": {
            "centered_exchange_1": 35,
            "exchange_1_2": 95,
            "exchange_2_2": 41,
            "exchange_3_3": 19,
            "exchange_3_4": 27,
            "exchange_4_4": 15,
            "exchange_ids": 104,
            "insert_1": 0,
            "move_all_by_1": 42,
            "move_all_by_2": 20,
            "relocate_1": 126,
            "relocate_5": 31,
            "remove_1": 0,
            "rexchange_2_2": 66,
            "rexchange_2_3": 39,
            "rexchange_4_4": 8,
            "rrelocate_3": 57,
            "rrelocate_4": 26,
            "two_opt": 126
        },
        "rate": {
            "centered_exchange_1": 0.14767932891845703,
            "exchange_1_2": 0.39094650745391846,
            "exchange_2_2": 0.16872428357601166,
            "exchange_3_3": 0.07818929851055145,
            "exchange_3_4": 0.1111111119389534,
            "exchange_4_4": 0.06198346987366676,
            "exchange_ids": 0.41767069697380066,
            "insert_1": 0.0,
            "move_all_by_1": 0.24418604373931885,
            "move_all_by_2": 0.11695906519889832,
            "relocate_1": 0.6494845151901245,
            "relocate_5": 0.16230367124080658,
            "remove_1": 0.0,
            "rexchange_2_2": 0.2750000059604645,
            "rexchange_2_3": 0.16249999403953552,
            "rexchange_4_4": 0.03333333507180214,
            "rrelocate_3": 0.31147539615631104,
            "rrelocate_4": 0.14525139331817627,
            "two_opt": 0.4902723729610443
        }
    },
    "last_improvement": 5,
    "name": "random-50-8.92-78",
    "solution": {
        "fitness": 2001366,
        "is_feasible": false,
        "permutation": [
            48,
            2,
            19,
            12,
            41,
            25,
            30,
            4,
            9,
            32,
            17,
            39,
            21,
            13,
            8,
            28,
            38,
            0,
            31,
            20,
            3,
            15,
            34,
            47,
            10,
            24,
            5,
            40,
            46,
            36,
            44,
            22,
            45,
            35,
            49,
            14,
            7,
            29,
            37,
            1,
            11,
            16,
            43,
            18,
            42,
            26,
            33,
            23,
            6,
            27
        ],
        "permutation_orig_ids": [
            "49",
            "3",
            "20",
            "13",
            "42",
            "26",
            "31",
            "5",
            "10",
            "33",
            "18",
            "40",
            "22",
            "14",
            "9",
            "29",
            "39",
            "1",
            "32",
            "21",
            "4",
            "16",
            "35",
            "48",
            "11",
            "25",
            "6",
            "41",
            "47",
            "37",
            "45",
            "23",
            "46",
            "36",
            "50",
            "15",
            "8",
            "30",
            "38",
            "2",
            "12",
            "17",
            "44",
            "19",
            "43",
            "27",
            "34",
            "24",
            "7",
            "28"
        ]
    },
    "steps": {
        "0": 2001542,
        "1": 2001474,
        "2": 2001389,
        "4": 2001379,
        "5": 2001366
    },
    "timeout": 5
}