{
    "config": {
        "allow_infeasible": true,
        "construction": "random_replicate",
        "ils_k": 6,
        "local_search": "CVND",
        "metaheuristic": "ILS",
        "num_threads": 8,
        "operators": [
            "insert_1",
            "remove_1",
            "two_opt",
            "exchange_ids",
            "exchange_1_2",
            "exchange_2_2",
            "exchange_3_3",
            "exchange_3_4",
            "exchange_4_4",
            "rexchange_2_2",
            "rexchange_2_3",
            "rexchange_4_4",
            "centered_exchange_1",
            "relocate_1",
            "relocate_5",
            "rrelocate_3",
            "rrelocate_4",
            "move_all_by_1",
            "move_all_by_2"
        ],
        "perturbation": [
            "random_double_bridge"
        ],
        "stop_on_feasible": true,
        "timeout": 5
    },
    "histogram": {
        "all": {
            "centered_exchange_1": 40,
            "exchange_1_2": 41,
            "exchange_2_2": 41,
            "exchange_3_3": 41,
            "exchange_3_4": 41,
            "exchange_4_4": 41,
            "exchange_ids": 41,
            "insert_1": 44,
            "move_all_by_1": 32,
            "move_all_by_2": 32,
            "relocate_1": 34,
            "relocate_5": 34,
            "remove_1": 44,
            "rexchange_2_2": 41,
            "rexchange_2_3": 41,
            "rexchange_4_4": 41,
            "rrelocate_3": 32,
            "rrelocate_4": 32,
            "two_opt": 43
        },
        "improving": {
            "centered_exchange_1": 11,
            "exchange_1_2": 17,
            "exchange_2_2": 6,
            "exchange_3_3": 7,
            "exchange_3_4": 10,
            "exchange_4_4": 4,
            "exchange_ids": 15,
            "insert_1": 0,
            "move_all_by_1": 8,
            "move_all_by_2": 5,
            "relocate_1": 28,
            "relocate_5": 7,
            "remove_1": 0,
            "rexchange_2_2": 11,
            "rexchange_2_3": 7,
            "rexchange_4_4": 3,
            "rrelocate_3": 18,
            "rrelocate_4": 6,
            "two_opt": 22
        },
        "rate": {
            "centered_exchange_1": 0.2750000059604645,
            "exchange_1_2": 0.4146341383457184,
            "exchange_2_2": 0.1463414579629898,
            "exchange_3_3": 0.17073170840740204,
            "exchange_3_4": 0.24390244483947754,
            "exchange_4_4": 0.09756097197532654,
            "exchange_ids": 0.3658536672592163,
            "insert_1": 0.0,
            "move_all_by_1": 0.25,
            "move_all_by_2": 0.15625,
            "relocate_1": 0.8235294222831726,
            "relocate_5": 0.20588235557079315,
            "remove_1": 0.0,
            "rexchange_2_2": 0.26829269528388977,
            "rexchange_2_3": 0.17073170840740204,
            "rexchange_4_4": 0.0731707289814949,
            "rrelocate_3": 0.5625,
            "rrelocate_4": 0.1875,
            "two_opt": 0.5116279125213623
        }
    },
    "last_improvement": 0,
    "name": "random-50-13.67-10",
    "solution": {
        "fitness": 1453,
        "is_feasible": true,
        "permutation": [
            6,
            2,
            45,
            11,
            43,
            33,
            13,
            5,
            42,
            31,
            21,
            34,
            23,
            39,
            9,
            32,
            12,
            22,
            14,
            20,
            38,
            7,
            18,
            37,
            49,
            17,
            29,
            41,
            46,
            3,
            1,
            0,
            26,
            27,
            44,
            25,
            10,
            19,
            15,
            28,
            36,
            40,
            24,
            30,
            8,
            16,
            4,
            47,
            48,
            35
        ],
        "permutation_orig_ids": [
            "7",
            "3",
            "46",
            "12",
            "44",
            "34",
            "14",
            "6",
            "43",
            "32",
            "22",
            "35",
            "24",
            "40",
            "10",
            "33",
            "13",
            "23",
            "15",
            "21",
            "39",
            "8",
            "19",
            "38",
            "50",
            "18",
            "30",
            "42",
            "47",
            "4",
            "2",
            "1",
            "27",
            "28",
            "45",
            "26",
            "11",
            "20",
            "16",
            "29",
            "37",
            "41",
            "25",
            "31",
            "9",
            "17",
            "5",
            "48",
            "49",
            "36"
        ]
    },
    "steps": {
        "0": 1453
    },
    "timeout": 5
}