{
    "config": {
        "allow_infeasible": true,
        "construction": "random_replicate",
        "ils_k": 6,
        "local_search": "CVND",
        "metaheuristic": "ILS",
        "num_threads": 8,
        "operators": [
            "insert_1",
            "remove_1",
            "two_opt",
            "exchange_ids",
            "exchange_1_2",
            "exchange_2_2",
            "exchange_3_3",
            "exchange_3_4",
            "exchange_4_4",
            "rexchange_2_2",
            "rexchange_2_3",
            "rexchange_4_4",
            "centered_exchange_1",
            "relocate_1",
            "relocate_5",
            "rrelocate_3",
            "rrelocate_4",
            "move_all_by_1",
            "move_all_by_2"
        ],
        "perturbation": [
            "random_double_bridge"
        ],
        "stop_on_feasible": true,
        "timeout": 5
    },
    "histogram": {
        "all": {
            "centered_exchange_1": 40,
            "exchange_1_2": 40,
            "exchange_2_2": 40,
            "exchange_3_3": 40,
            "exchange_3_4": 40,
            "exchange_4_4": 40,
            "exchange_ids": 40,
            "insert_1": 42,
            "move_all_by_1": 31,
            "move_all_by_2": 30,
            "relocate_1": 33,
            "relocate_5": 32,
            "remove_1": 42,
            "rexchange_2_2": 40,
            "rexchange_2_3": 40,
            "rexchange_4_4": 40,
            "rrelocate_3": 32,
            "rrelocate_4": 31,
            "two_opt": 42
        },
        "improving": {
            "centered_exchange_1": 7,
            "exchange_1_2": 14,
            "exchange_2_2": 5,
            "exchange_3_3": 3,
            "exchange_3_4": 3,
            "exchange_4_4": 1,
            "exchange_ids": 20,
            "insert_1": 0,
            "move_all_by_1": 9,
            "move_all_by_2": 5,
            "relocate_1": 26,
            "relocate_5": 8,
            "remove_1": 0,
            "rexchange_2_2": 6,
            "rexchange_2_3": 5,
            "rexchange_4_4": 1,
            "rrelocate_3": 12,
            "rrelocate_4": 7,
            "two_opt": 21
        },
        "rate": {
            "centered_exchange_1": 0.17499999701976776,
            "exchange_1_2": 0.3499999940395355,
            "exchange_2_2": 0.125,
            "exchange_3_3": 0.07500000298023224,
            "exchange_3_4": 0.07500000298023224,
            "exchange_4_4": 0.02500000037252903,
            "exchange_ids": 0.5,
            "insert_1": 0.0,
            "move_all_by_1": 0.29032257199287415,
            "move_all_by_2": 0.1666666716337204,
            "relocate_1": 0.7878788113594055,
            "relocate_5": 0.25,
            "remove_1": 0.0,
            "rexchange_2_2": 0.15000000596046448,
            "rexchange_2_3": 0.125,
            "rexchange_4_4": 0.02500000037252903,
            "rrelocate_3": 0.375,
            "rrelocate_4": 0.22580644488334656,
            "two_opt": 0.5
        }
    },
    "last_improvement": 0,
    "name": "random-50-13.08-12",
    "solution": {
        "fitness": 1579,
        "is_feasible": true,
        "permutation": [
            13,
            40,
            32,
            1,
            7,
            39,
            3,
            41,
            12,
            37,
            25,
            44,
            23,
            24,
            34,
            26,
            30,
            2,
            22,
            36,
            16,
            0,
            48,
            42,
            10,
            28,
            45,
            11,
            4,
            21,
            5,
            15,
            9,
            38,
            43,
            14,
            27,
            33,
            17,
            49,
            19,
            8,
            20,
            46,
            47,
            6,
            29,
            18,
            31,
            35
        ],
        "permutation_orig_ids": [
            "14",
            "41",
            "33",
            "2",
            "8",
            "40",
            "4",
            "42",
            "13",
            "38",
            "26",
            "45",
            "24",
            "25",
            "35",
            "27",
            "31",
            "3",
            "23",
            "37",
            "17",
            "1",
            "49",
            "43",
            "11",
            "29",
            "46",
            "12",
            "5",
            "22",
            "6",
            "16",
            "10",
            "39",
            "44",
            "15",
            "28",
            "34",
            "18",
            "50",
            "20",
            "9",
            "21",
            "47",
            "48",
            "7",
            "30",
            "19",
            "32",
            "36"
        ]
    },
    "steps": {
        "0": 1579
    },
    "timeout": 5
}