{
    "config": {
        "allow_infeasible": true,
        "construction": "random_replicate",
        "ils_k": 6,
        "local_search": "CVND",
        "metaheuristic": "ILS",
        "num_threads": 8,
        "operators": [
            "insert_1",
            "remove_1",
            "two_opt",
            "exchange_ids",
            "exchange_1_2",
            "exchange_2_2",
            "exchange_3_3",
            "exchange_3_4",
            "exchange_4_4",
            "rexchange_2_2",
            "rexchange_2_3",
            "rexchange_4_4",
            "centered_exchange_1",
            "relocate_1",
            "relocate_5",
            "rrelocate_3",
            "rrelocate_4",
            "move_all_by_1",
            "move_all_by_2"
        ],
        "perturbation": [
            "random_double_bridge"
        ],
        "stop_on_feasible": true,
        "timeout": 5
    },
    "histogram": {
        "all": {
            "centered_exchange_1": 238,
            "exchange_1_2": 248,
            "exchange_2_2": 247,
            "exchange_3_3": 247,
            "exchange_3_4": 245,
            "exchange_4_4": 243,
            "exchange_ids": 252,
            "insert_1": 295,
            "move_all_by_1": 190,
            "move_all_by_2": 189,
            "relocate_1": 207,
            "relocate_5": 205,
            "remove_1": 295,
            "rexchange_2_2": 241,
            "rexchange_2_3": 240,
            "rexchange_4_4": 240,
            "rrelocate_3": 199,
            "rrelocate_4": 197,
            "two_opt": 271
        },
        "improving": {
            "centered_exchange_1": 33,
            "exchange_1_2": 86,
            "exchange_2_2": 41,
            "exchange_3_3": 30,
            "exchange_3_4": 28,
            "exchange_4_4": 17,
            "exchange_ids": 103,
            "insert_1": 0,
            "move_all_by_1": 36,
            "move_all_by_2": 19,
            "relocate_1": 113,
            "relocate_5": 29,
            "remove_1": 0,
            "rexchange_2_2": 69,
            "rexchange_2_3": 37,
            "rexchange_4_4": 14,
            "rrelocate_3": 61,
            "rrelocate_4": 37,
            "two_opt": 147
        },
        "rate": {
            "centered_exchange_1": 0.13865546882152557,
            "exchange_1_2": 0.3467741906642914,
            "exchange_2_2": 0.1659919023513794,
            "exchange_3_3": 0.12145748734474182,
            "exchange_3_4": 0.11428571492433548,
            "exchange_4_4": 0.06995885074138641,
            "exchange_ids": 0.408730149269104,
            "insert_1": 0.0,
            "move_all_by_1": 0.1894736886024475,
            "move_all_by_2": 0.10052909702062607,
            "relocate_1": 0.5458937287330627,
            "relocate_5": 0.14146341383457184,
            "remove_1": 0.0,
            "rexchange_2_2": 0.28630706667900085,
            "rexchange_2_3": 0.15416666865348816,
            "rexchange_4_4": 0.05833333358168602,
            "rrelocate_3": 0.3065326511859894,
            "rrelocate_4": 0.1878172606229782,
            "two_opt": 0.5424354076385498
        }
    },
    "last_improvement": 5,
    "name": "random-50-9.67-96",
    "solution": {
        "fitness": 1001561,
        "is_feasible": false,
        "permutation": [
            1,
            47,
            28,
            18,
            3,
            21,
            32,
            11,
            30,
            0,
            35,
            49,
            10,
            2,
            39,
            5,
            48,
            26,
            44,
            12,
            8,
            38,
            33,
            31,
            45,
            14,
            36,
            4,
            42,
            20,
            27,
            7,
            23,
            46,
            37,
            6,
            34,
            41,
            15,
            13,
            40,
            16,
            43,
            22,
            24,
            25,
            17,
            29,
            9,
            19
        ],
        "permutation_orig_ids": [
            "2",
            "48",
            "29",
            "19",
            "4",
            "22",
            "33",
            "12",
            "31",
            "1",
            "36",
            "50",
            "11",
            "3",
            "40",
            "6",
            "49",
            "27",
            "45",
            "13",
            "9",
            "39",
            "34",
            "32",
            "46",
            "15",
            "37",
            "5",
            "43",
            "21",
            "28",
            "8",
            "24",
            "47",
            "38",
            "7",
            "35",
            "42",
            "16",
            "14",
            "41",
            "17",
            "44",
            "23",
            "25",
            "26",
            "18",
            "30",
            "10",
            "20"
        ]
    },
    "steps": {
        "0": 1001673,
        "1": 1001627,
        "2": 1001600,
        "3": 1001564,
        "4": 1001562,
        "5": 1001561
    },
    "timeout": 5
}