{
    "config": {
        "allow_infeasible": true,
        "construction": "random_replicate",
        "ils_k": 6,
        "local_search": "CVND",
        "metaheuristic": "ILS",
        "num_threads": 8,
        "operators": [
            "insert_1",
            "remove_1",
            "two_opt",
            "exchange_ids",
            "exchange_1_2",
            "exchange_2_2",
            "exchange_3_3",
            "exchange_3_4",
            "exchange_4_4",
            "rexchange_2_2",
            "rexchange_2_3",
            "rexchange_4_4",
            "centered_exchange_1",
            "relocate_1",
            "relocate_5",
            "rrelocate_3",
            "rrelocate_4",
            "move_all_by_1",
            "move_all_by_2"
        ],
        "perturbation": [
            "random_double_bridge"
        ],
        "stop_on_feasible": true,
        "timeout": 5
    },
    "histogram": {
        "all": {
            "centered_exchange_1": 30,
            "exchange_1_2": 30,
            "exchange_2_2": 30,
            "exchange_3_3": 30,
            "exchange_3_4": 30,
            "exchange_4_4": 30,
            "exchange_ids": 30,
            "insert_1": 30,
            "move_all_by_1": 24,
            "move_all_by_2": 24,
            "relocate_1": 26,
            "relocate_5": 25,
            "remove_1": 30,
            "rexchange_2_2": 30,
            "rexchange_2_3": 30,
            "rexchange_4_4": 30,
            "rrelocate_3": 25,
            "rrelocate_4": 25,
            "two_opt": 30
        },
        "improving": {
            "centered_exchange_1": 3,
            "exchange_1_2": 11,
            "exchange_2_2": 5,
            "exchange_3_3": 4,
            "exchange_3_4": 5,
            "exchange_4_4": 3,
            "exchange_ids": 12,
            "insert_1": 0,
            "move_all_by_1": 7,
            "move_all_by_2": 6,
            "relocate_1": 22,
            "relocate_5": 7,
            "remove_1": 0,
            "rexchange_2_2": 7,
            "rexchange_2_3": 6,
            "rexchange_4_4": 2,
            "rrelocate_3": 10,
            "rrelocate_4": 5,
            "two_opt": 13
        },
        "rate": {
            "centered_exchange_1": 0.10000000149011612,
            "exchange_1_2": 0.36666667461395264,
            "exchange_2_2": 0.1666666716337204,
            "exchange_3_3": 0.13333334028720856,
            "exchange_3_4": 0.1666666716337204,
            "exchange_4_4": 0.10000000149011612,
            "exchange_ids": 0.4000000059604645,
            "insert_1": 0.0,
            "move_all_by_1": 0.2916666567325592,
            "move_all_by_2": 0.25,
            "relocate_1": 0.8461538553237915,
            "relocate_5": 0.2800000011920929,
            "remove_1": 0.0,
            "rexchange_2_2": 0.23333333432674408,
            "rexchange_2_3": 0.20000000298023224,
            "rexchange_4_4": 0.06666667014360428,
            "rrelocate_3": 0.4000000059604645,
            "rrelocate_4": 0.20000000298023224,
            "two_opt": 0.4333333373069763
        }
    },
    "last_improvement": 0,
    "name": "random-50-12.33-14",
    "solution": {
        "fitness": 1208,
        "is_feasible": true,
        "permutation": [
            45,
            19,
            5,
            41,
            42,
            39,
            48,
            31,
            49,
            46,
            12,
            36,
            3,
            27,
            47,
            22,
            38,
            29,
            18,
            43,
            16,
            7,
            10,
            21,
            9,
            2,
            14,
            11,
            40,
            32,
            20,
            1,
            24,
            17,
            44,
            26,
            15,
            35,
            34,
            0,
            30,
            37,
            6,
            25,
            8,
            4,
            13,
            23,
            33,
            28
        ],
        "permutation_orig_ids": [
            "46",
            "20",
            "6",
            "42",
            "43",
            "40",
            "49",
            "32",
            "50",
            "47",
            "13",
            "37",
            "4",
            "28",
            "48",
            "23",
            "39",
            "30",
            "19",
            "44",
            "17",
            "8",
            "11",
            "22",
            "10",
            "3",
            "15",
            "12",
            "41",
            "33",
            "21",
            "2",
            "25",
            "18",
            "45",
            "27",
            "16",
            "36",
            "35",
            "1",
            "31",
            "38",
            "7",
            "26",
            "9",
            "5",
            "14",
            "24",
            "34",
            "29"
        ]
    },
    "steps": {
        "0": 1208
    },
    "timeout": 5
}