{
    "config": {
        "allow_infeasible": true,
        "construction": "random_replicate",
        "ils_k": 6,
        "local_search": "CVND",
        "metaheuristic": "ILS",
        "num_threads": 8,
        "operators": [
            "insert_1",
            "remove_1",
            "two_opt",
            "exchange_ids",
            "exchange_1_2",
            "exchange_2_2",
            "exchange_3_3",
            "exchange_3_4",
            "exchange_4_4",
            "rexchange_2_2",
            "rexchange_2_3",
            "rexchange_4_4",
            "centered_exchange_1",
            "relocate_1",
            "relocate_5",
            "rrelocate_3",
            "rrelocate_4",
            "move_all_by_1",
            "move_all_by_2"
        ],
        "perturbation": [
            "random_double_bridge"
        ],
        "stop_on_feasible": true,
        "timeout": 5
    },
    "histogram": {
        "all": {
            "centered_exchange_1": 60,
            "exchange_1_2": 63,
            "exchange_2_2": 63,
            "exchange_3_3": 63,
            "exchange_3_4": 63,
            "exchange_4_4": 63,
            "exchange_ids": 67,
            "insert_1": 73,
            "move_all_by_1": 50,
            "move_all_by_2": 50,
            "relocate_1": 52,
            "relocate_5": 52,
            "remove_1": 73,
            "rexchange_2_2": 61,
            "rexchange_2_3": 61,
            "rexchange_4_4": 61,
            "rrelocate_3": 51,
            "rrelocate_4": 50,
            "two_opt": 71
        },
        "improving": {
            "centered_exchange_1": 12,
            "exchange_1_2": 25,
            "exchange_2_2": 10,
            "exchange_3_3": 6,
            "exchange_3_4": 8,
            "exchange_4_4": 2,
            "exchange_ids": 32,
            "insert_1": 0,
            "move_all_by_1": 8,
            "move_all_by_2": 6,
            "relocate_1": 37,
            "relocate_5": 9,
            "remove_1": 0,
            "rexchange_2_2": 13,
            "rexchange_2_3": 8,
            "rexchange_4_4": 1,
            "rrelocate_3": 16,
            "rrelocate_4": 11,
            "two_opt": 33
        },
        "rate": {
            "centered_exchange_1": 0.20000000298023224,
            "exchange_1_2": 0.3968254029750824,
            "exchange_2_2": 0.1587301641702652,
            "exchange_3_3": 0.095238097012043,
            "exchange_3_4": 0.1269841343164444,
            "exchange_4_4": 0.0317460335791111,
            "exchange_ids": 0.4776119291782379,
            "insert_1": 0.0,
            "move_all_by_1": 0.1599999964237213,
            "move_all_by_2": 0.11999999731779099,
            "relocate_1": 0.7115384340286255,
            "relocate_5": 0.17307692766189575,
            "remove_1": 0.0,
            "rexchange_2_2": 0.21311475336551666,
            "rexchange_2_3": 0.13114753365516663,
            "rexchange_4_4": 0.016393441706895828,
            "rrelocate_3": 0.3137255012989044,
            "rrelocate_4": 0.2199999988079071,
            "two_opt": 0.4647887349128723
        }
    },
    "last_improvement": 1,
    "name": "random-50-12.58-10",
    "solution": {
        "fitness": 1547,
        "is_feasible": true,
        "permutation": [
            25,
            4,
            10,
            45,
            2,
            47,
            34,
            23,
            39,
            9,
            15,
            14,
            22,
            1,
            33,
            43,
            44,
            24,
            46,
            11,
            48,
            37,
            35,
            18,
            16,
            38,
            0,
            20,
            12,
            21,
            5,
            8,
            30,
            13,
            29,
            17,
            49,
            6,
            3,
            42,
            32,
            41,
            7,
            27,
            26,
            31,
            28,
            36,
            40,
            19
        ],
        "permutation_orig_ids": [
            "26",
            "5",
            "11",
            "46",
            "3",
            "48",
            "35",
            "24",
            "40",
            "10",
            "16",
            "15",
            "23",
            "2",
            "34",
            "44",
            "45",
            "25",
            "47",
            "12",
            "49",
            "38",
            "36",
            "19",
            "17",
            "39",
            "1",
            "21",
            "13",
            "22",
            "6",
            "9",
            "31",
            "14",
            "30",
            "18",
            "50",
            "7",
            "4",
            "43",
            "33",
            "42",
            "8",
            "28",
            "27",
            "32",
            "29",
            "37",
            "41",
            "20"
        ]
    },
    "steps": {
        "0": 1001640,
        "1": 1547
    },
    "timeout": 5
}