{
    "config": {
        "allow_infeasible": true,
        "construction": "random_replicate",
        "ils_k": 6,
        "local_search": "CVND",
        "metaheuristic": "ILS",
        "num_threads": 8,
        "operators": [
            "insert_1",
            "remove_1",
            "two_opt",
            "exchange_ids",
            "exchange_1_2",
            "exchange_2_2",
            "exchange_3_3",
            "exchange_3_4",
            "exchange_4_4",
            "rexchange_2_2",
            "rexchange_2_3",
            "rexchange_4_4",
            "centered_exchange_1",
            "relocate_1",
            "relocate_5",
            "rrelocate_3",
            "rrelocate_4",
            "move_all_by_1",
            "move_all_by_2"
        ],
        "perturbation": [
            "random_double_bridge"
        ],
        "stop_on_feasible": true,
        "timeout": 5
    },
    "histogram": {
        "all": {
            "centered_exchange_1": 249,
            "exchange_1_2": 260,
            "exchange_2_2": 259,
            "exchange_3_3": 259,
            "exchange_3_4": 259,
            "exchange_4_4": 258,
            "exchange_ids": 262,
            "insert_1": 284,
            "move_all_by_1": 199,
            "move_all_by_2": 197,
            "relocate_1": 218,
            "relocate_5": 217,
            "remove_1": 284,
            "rexchange_2_2": 251,
            "rexchange_2_3": 250,
            "rexchange_4_4": 250,
            "rrelocate_3": 207,
            "rrelocate_4": 202,
            "two_opt": 265
        },
        "improving": {
            "centered_exchange_1": 37,
            "exchange_1_2": 102,
            "exchange_2_2": 46,
            "exchange_3_3": 32,
            "exchange_3_4": 37,
            "exchange_4_4": 18,
            "exchange_ids": 108,
            "insert_1": 0,
            "move_all_by_1": 51,
            "move_all_by_2": 31,
            "relocate_1": 148,
            "relocate_5": 37,
            "remove_1": 0,
            "rexchange_2_2": 61,
            "rexchange_2_3": 46,
            "rexchange_4_4": 15,
            "rrelocate_3": 77,
            "rrelocate_4": 41,
            "two_opt": 135
        },
        "rate": {
            "centered_exchange_1": 0.14859437942504883,
            "exchange_1_2": 0.39230769872665405,
            "exchange_2_2": 0.17760618031024933,
            "exchange_3_3": 0.1235521212220192,
            "exchange_3_4": 0.1428571492433548,
            "exchange_4_4": 0.06976744532585144,
            "exchange_ids": 0.4122137427330017,
            "insert_1": 0.0,
            "move_all_by_1": 0.25628140568733215,
            "move_all_by_2": 0.15736040472984314,
            "relocate_1": 0.6788991093635559,
            "relocate_5": 0.17050690948963165,
            "remove_1": 0.0,
            "rexchange_2_2": 0.24302789568901062,
            "rexchange_2_3": 0.18400000035762787,
            "rexchange_4_4": 0.05999999865889549,
            "rrelocate_3": 0.3719806671142578,
            "rrelocate_4": 0.20297029614448547,
            "two_opt": 0.5094339847564697
        }
    },
    "last_improvement": 5,
    "name": "random-50-10.58-4",
    "solution": {
        "fitness": 1001415,
        "is_feasible": false,
        "permutation": [
            40,
            10,
            39,
            37,
            22,
            30,
            13,
            21,
            4,
            49,
            9,
            5,
            29,
            17,
            11,
            19,
            36,
            42,
            24,
            41,
            26,
            27,
            18,
            14,
            25,
            44,
            7,
            33,
            23,
            28,
            34,
            6,
            1,
            38,
            3,
            45,
            43,
            8,
            35,
            31,
            12,
            0,
            46,
            32,
            20,
            47,
            15,
            48,
            2,
            16
        ],
        "permutation_orig_ids": [
            "41",
            "11",
            "40",
            "38",
            "23",
            "31",
            "14",
            "22",
            "5",
            "50",
            "10",
            "6",
            "30",
            "18",
            "12",
            "20",
            "37",
            "43",
            "25",
            "42",
            "27",
            "28",
            "19",
            "15",
            "26",
            "45",
            "8",
            "34",
            "24",
            "29",
            "35",
            "7",
            "2",
            "39",
            "4",
            "46",
            "44",
            "9",
            "36",
            "32",
            "13",
            "1",
            "47",
            "33",
            "21",
            "48",
            "16",
            "49",
            "3",
            "17"
        ]
    },
    "steps": {
        "0": 2001457,
        "1": 1001739,
        "2": 1001555,
        "3": 1001488,
        "4": 1001437,
        "5": 1001415
    },
    "timeout": 5
}