{
    "config": {
        "allow_infeasible": true,
        "construction": "random_replicate",
        "ils_k": 6,
        "local_search": "CVND",
        "metaheuristic": "ILS",
        "num_threads": 8,
        "operators": [
            "insert_1",
            "remove_1",
            "two_opt",
            "exchange_ids",
            "exchange_1_2",
            "exchange_2_2",
            "exchange_3_3",
            "exchange_3_4",
            "exchange_4_4",
            "rexchange_2_2",
            "rexchange_2_3",
            "rexchange_4_4",
            "centered_exchange_1",
            "relocate_1",
            "relocate_5",
            "rrelocate_3",
            "rrelocate_4",
            "move_all_by_1",
            "move_all_by_2"
        ],
        "perturbation": [
            "random_double_bridge"
        ],
        "stop_on_feasible": true,
        "timeout": 5
    },
    "histogram": {
        "all": {
            "centered_exchange_1": 15,
            "exchange_1_2": 15,
            "exchange_2_2": 15,
            "exchange_3_3": 15,
            "exchange_3_4": 15,
            "exchange_4_4": 15,
            "exchange_ids": 15,
            "insert_1": 16,
            "move_all_by_1": 12,
            "move_all_by_2": 12,
            "relocate_1": 12,
            "relocate_5": 12,
            "remove_1": 16,
            "rexchange_2_2": 15,
            "rexchange_2_3": 15,
            "rexchange_4_4": 15,
            "rrelocate_3": 12,
            "rrelocate_4": 12,
            "two_opt": 15
        },
        "improving": {
            "centered_exchange_1": 3,
            "exchange_1_2": 6,
            "exchange_2_2": 5,
            "exchange_3_3": 2,
            "exchange_3_4": 2,
            "exchange_4_4": 3,
            "exchange_ids": 7,
            "insert_1": 0,
            "move_all_by_1": 6,
            "move_all_by_2": 4,
            "relocate_1": 11,
            "relocate_5": 4,
            "remove_1": 0,
            "rexchange_2_2": 5,
            "rexchange_2_3": 5,
            "rexchange_4_4": 3,
            "rrelocate_3": 6,
            "rrelocate_4": 5,
            "two_opt": 9
        },
        "rate": {
            "centered_exchange_1": 0.20000000298023224,
            "exchange_1_2": 0.4000000059604645,
            "exchange_2_2": 0.3333333432674408,
            "exchange_3_3": 0.13333334028720856,
            "exchange_3_4": 0.13333334028720856,
            "exchange_4_4": 0.20000000298023224,
            "exchange_ids": 0.46666666865348816,
            "insert_1": 0.0,
            "move_all_by_1": 0.5,
            "move_all_by_2": 0.3333333432674408,
            "relocate_1": 0.9166666865348816,
            "relocate_5": 0.3333333432674408,
            "remove_1": 0.0,
            "rexchange_2_2": 0.3333333432674408,
            "rexchange_2_3": 0.3333333432674408,
            "rexchange_4_4": 0.20000000298023224,
            "rrelocate_3": 0.5,
            "rrelocate_4": 0.4166666567325592,
            "two_opt": 0.6000000238418579
        }
    },
    "last_improvement": 0,
    "name": "random-50-15.58-21",
    "solution": {
        "fitness": 1245,
        "is_feasible": true,
        "permutation": [
            45,
            30,
            6,
            5,
            14,
            48,
            37,
            0,
            20,
            27,
            43,
            28,
            39,
            24,
            29,
            11,
            8,
            32,
            13,
            9,
            10,
            18,
            33,
            23,
            2,
            31,
            47,
            15,
            4,
            7,
            34,
            22,
            42,
            12,
            3,
            17,
            19,
            25,
            40,
            21,
            49,
            36,
            26,
            46,
            35,
            16,
            38,
            1,
            44,
            41
        ],
        "permutation_orig_ids": [
            "46",
            "31",
            "7",
            "6",
            "15",
            "49",
            "38",
            "1",
            "21",
            "28",
            "44",
            "29",
            "40",
            "25",
            "30",
            "12",
            "9",
            "33",
            "14",
            "10",
            "11",
            "19",
            "34",
            "24",
            "3",
            "32",
            "48",
            "16",
            "5",
            "8",
            "35",
            "23",
            "43",
            "13",
            "4",
            "18",
            "20",
            "26",
            "41",
            "22",
            "50",
            "37",
            "27",
            "47",
            "36",
            "17",
            "39",
            "2",
            "45",
            "42"
        ]
    },
    "steps": {
        "0": 1245
    },
    "timeout": 5
}