{
    "config": {
        "allow_infeasible": true,
        "construction": "random_replicate",
        "ils_k": 6,
        "local_search": "CVND",
        "metaheuristic": "ILS",
        "num_threads": 8,
        "operators": [
            "insert_1",
            "remove_1",
            "two_opt",
            "exchange_ids",
            "exchange_1_2",
            "exchange_2_2",
            "exchange_3_3",
            "exchange_3_4",
            "exchange_4_4",
            "rexchange_2_2",
            "rexchange_2_3",
            "rexchange_4_4",
            "centered_exchange_1",
            "relocate_1",
            "relocate_5",
            "rrelocate_3",
            "rrelocate_4",
            "move_all_by_1",
            "move_all_by_2"
        ],
        "perturbation": [
            "random_double_bridge"
        ],
        "stop_on_feasible": true,
        "timeout": 5
    },
    "histogram": {
        "all": {
            "centered_exchange_1": 19,
            "exchange_1_2": 19,
            "exchange_2_2": 19,
            "exchange_3_3": 19,
            "exchange_3_4": 19,
            "exchange_4_4": 19,
            "exchange_ids": 19,
            "insert_1": 19,
            "move_all_by_1": 14,
            "move_all_by_2": 14,
            "relocate_1": 15,
            "relocate_5": 15,
            "remove_1": 19,
            "rexchange_2_2": 19,
            "rexchange_2_3": 19,
            "rexchange_4_4": 19,
            "rrelocate_3": 14,
            "rrelocate_4": 14,
            "two_opt": 19
        },
        "improving": {
            "centered_exchange_1": 4,
            "exchange_1_2": 6,
            "exchange_2_2": 3,
            "exchange_3_3": 3,
            "exchange_3_4": 3,
            "exchange_4_4": 1,
            "exchange_ids": 9,
            "insert_1": 0,
            "move_all_by_1": 7,
            "move_all_by_2": 5,
            "relocate_1": 14,
            "relocate_5": 4,
            "remove_1": 0,
            "rexchange_2_2": 4,
            "rexchange_2_3": 2,
            "rexchange_4_4": 1,
            "rrelocate_3": 5,
            "rrelocate_4": 4,
            "two_opt": 8
        },
        "rate": {
            "centered_exchange_1": 0.21052631735801697,
            "exchange_1_2": 0.31578946113586426,
            "exchange_2_2": 0.15789473056793213,
            "exchange_3_3": 0.15789473056793213,
            "exchange_3_4": 0.15789473056793213,
            "exchange_4_4": 0.05263157933950424,
            "exchange_ids": 0.4736842215061188,
            "insert_1": 0.0,
            "move_all_by_1": 0.5,
            "move_all_by_2": 0.3571428656578064,
            "relocate_1": 0.9333333373069763,
            "relocate_5": 0.2666666805744171,
            "remove_1": 0.0,
            "rexchange_2_2": 0.21052631735801697,
            "rexchange_2_3": 0.10526315867900848,
            "rexchange_4_4": 0.05263157933950424,
            "rrelocate_3": 0.3571428656578064,
            "rrelocate_4": 0.2857142984867096,
            "two_opt": 0.42105263471603394
        }
    },
    "last_improvement": 0,
    "name": "random-50-13.08-66",
    "solution": {
        "fitness": 1628,
        "is_feasible": true,
        "permutation": [
            45,
            37,
            28,
            21,
            33,
            32,
            3,
            18,
            0,
            20,
            16,
            35,
            36,
            19,
            9,
            23,
            7,
            41,
            26,
            30,
            25,
            11,
            6,
            39,
            4,
            1,
            15,
            40,
            13,
            49,
            34,
            29,
            38,
            27,
            24,
            42,
            14,
            8,
            2,
            44,
            43,
            31,
            47,
            5,
            48,
            22,
            46,
            17,
            10,
            12
        ],
        "permutation_orig_ids": [
            "46",
            "38",
            "29",
            "22",
            "34",
            "33",
            "4",
            "19",
            "1",
            "21",
            "17",
            "36",
            "37",
            "20",
            "10",
            "24",
            "8",
            "42",
            "27",
            "31",
            "26",
            "12",
            "7",
            "40",
            "5",
            "2",
            "16",
            "41",
            "14",
            "50",
            "35",
            "30",
            "39",
            "28",
            "25",
            "43",
            "15",
            "9",
            "3",
            "45",
            "44",
            "32",
            "48",
            "6",
            "49",
            "23",
            "47",
            "18",
            "11",
            "13"
        ]
    },
    "steps": {
        "0": 1628
    },
    "timeout": 5
}