{
    "config": {
        "allow_infeasible": true,
        "construction": "random_replicate",
        "ils_k": 6,
        "local_search": "CVND",
        "metaheuristic": "ILS",
        "num_threads": 8,
        "operators": [
            "insert_1",
            "remove_1",
            "two_opt",
            "exchange_ids",
            "exchange_1_2",
            "exchange_2_2",
            "exchange_3_3",
            "exchange_3_4",
            "exchange_4_4",
            "rexchange_2_2",
            "rexchange_2_3",
            "rexchange_4_4",
            "centered_exchange_1",
            "relocate_1",
            "relocate_5",
            "rrelocate_3",
            "rrelocate_4",
            "move_all_by_1",
            "move_all_by_2"
        ],
        "perturbation": [
            "random_double_bridge"
        ],
        "stop_on_feasible": true,
        "timeout": 5
    },
    "histogram": {
        "all": {
            "centered_exchange_1": 248,
            "exchange_1_2": 257,
            "exchange_2_2": 256,
            "exchange_3_3": 255,
            "exchange_3_4": 255,
            "exchange_4_4": 255,
            "exchange_ids": 263,
            "insert_1": 290,
            "move_all_by_1": 195,
            "move_all_by_2": 194,
            "relocate_1": 207,
            "relocate_5": 206,
            "remove_1": 290,
            "rexchange_2_2": 254,
            "rexchange_2_3": 252,
            "rexchange_4_4": 252,
            "rrelocate_3": 203,
            "rrelocate_4": 201,
            "two_opt": 275
        },
        "improving": {
            "centered_exchange_1": 45,
            "exchange_1_2": 102,
            "exchange_2_2": 54,
            "exchange_3_3": 27,
            "exchange_3_4": 25,
            "exchange_4_4": 11,
            "exchange_ids": 118,
            "insert_1": 0,
            "move_all_by_1": 42,
            "move_all_by_2": 29,
            "relocate_1": 143,
            "relocate_5": 49,
            "remove_1": 0,
            "rexchange_2_2": 59,
            "rexchange_2_3": 42,
            "rexchange_4_4": 17,
            "rrelocate_3": 71,
            "rrelocate_4": 47,
            "two_opt": 140
        },
        "rate": {
            "centered_exchange_1": 0.18145161867141724,
            "exchange_1_2": 0.3968871533870697,
            "exchange_2_2": 0.2109375,
            "exchange_3_3": 0.10588235408067703,
            "exchange_3_4": 0.09803921729326248,
            "exchange_4_4": 0.04313725605607033,
            "exchange_ids": 0.4486691951751709,
            "insert_1": 0.0,
            "move_all_by_1": 0.2153846174478531,
            "move_all_by_2": 0.1494845300912857,
            "relocate_1": 0.6908212304115295,
            "relocate_5": 0.23786407709121704,
            "remove_1": 0.0,
            "rexchange_2_2": 0.23228345811367035,
            "rexchange_2_3": 0.1666666716337204,
            "rexchange_4_4": 0.0674603208899498,
            "rrelocate_3": 0.3497537076473236,
            "rrelocate_4": 0.23383083939552307,
            "two_opt": 0.5090909004211426
        }
    },
    "last_improvement": 3,
    "name": "random-50-10.67-85",
    "solution": {
        "fitness": 1001196,
        "is_feasible": false,
        "permutation": [
            41,
            2,
            10,
            14,
            47,
            35,
            24,
            15,
            8,
            18,
            29,
            39,
            13,
            37,
            19,
            33,
            48,
            25,
            12,
            31,
            6,
            22,
            46,
            11,
            26,
            21,
            7,
            40,
            27,
            0,
            44,
            3,
            28,
            45,
            30,
            9,
            34,
            23,
            32,
            42,
            5,
            1,
            16,
            49,
            4,
            36,
            38,
            17,
            43,
            20
        ],
        "permutation_orig_ids": [
            "42",
            "3",
            "11",
            "15",
            "48",
            "36",
            "25",
            "16",
            "9",
            "19",
            "30",
            "40",
            "14",
            "38",
            "20",
            "34",
            "49",
            "26",
            "13",
            "32",
            "7",
            "23",
            "47",
            "12",
            "27",
            "22",
            "8",
            "41",
            "28",
            "1",
            "45",
            "4",
            "29",
            "46",
            "31",
            "10",
            "35",
            "24",
            "33",
            "43",
            "6",
            "2",
            "17",
            "50",
            "5",
            "37",
            "39",
            "18",
            "44",
            "21"
        ]
    },
    "steps": {
        "0": 3001384,
        "1": 1001242,
        "2": 1001206,
        "3": 1001196
    },
    "timeout": 5
}