{
    "config": {
        "allow_infeasible": true,
        "construction": "random_replicate",
        "ils_k": 6,
        "local_search": "CVND",
        "metaheuristic": "ILS",
        "num_threads": 8,
        "operators": [
            "insert_1",
            "remove_1",
            "two_opt",
            "exchange_ids",
            "exchange_1_2",
            "exchange_2_2",
            "exchange_3_3",
            "exchange_3_4",
            "exchange_4_4",
            "rexchange_2_2",
            "rexchange_2_3",
            "rexchange_4_4",
            "centered_exchange_1",
            "relocate_1",
            "relocate_5",
            "rrelocate_3",
            "rrelocate_4",
            "move_all_by_1",
            "move_all_by_2"
        ],
        "perturbation": [
            "random_double_bridge"
        ],
        "stop_on_feasible": true,
        "timeout": 5
    },
    "histogram": {
        "all": {
            "centered_exchange_1": 28,
            "exchange_1_2": 29,
            "exchange_2_2": 29,
            "exchange_3_3": 29,
            "exchange_3_4": 28,
            "exchange_4_4": 28,
            "exchange_ids": 29,
            "insert_1": 33,
            "move_all_by_1": 24,
            "move_all_by_2": 23,
            "relocate_1": 25,
            "relocate_5": 25,
            "remove_1": 33,
            "rexchange_2_2": 28,
            "rexchange_2_3": 28,
            "rexchange_4_4": 28,
            "rrelocate_3": 24,
            "rrelocate_4": 24,
            "two_opt": 31
        },
        "improving": {
            "centered_exchange_1": 6,
            "exchange_1_2": 12,
            "exchange_2_2": 7,
            "exchange_3_3": 5,
            "exchange_3_4": 4,
            "exchange_4_4": 2,
            "exchange_ids": 14,
            "insert_1": 0,
            "move_all_by_1": 7,
            "move_all_by_2": 7,
            "relocate_1": 17,
            "relocate_5": 5,
            "remove_1": 0,
            "rexchange_2_2": 5,
            "rexchange_2_3": 6,
            "rexchange_4_4": 2,
            "rrelocate_3": 13,
            "rrelocate_4": 5,
            "two_opt": 17
        },
        "rate": {
            "centered_exchange_1": 0.2142857164144516,
            "exchange_1_2": 0.4137931168079376,
            "exchange_2_2": 0.24137930572032928,
            "exchange_3_3": 0.17241379618644714,
            "exchange_3_4": 0.1428571492433548,
            "exchange_4_4": 0.0714285746216774,
            "exchange_ids": 0.48275861144065857,
            "insert_1": 0.0,
            "move_all_by_1": 0.2916666567325592,
            "move_all_by_2": 0.30434781312942505,
            "relocate_1": 0.6800000071525574,
            "relocate_5": 0.20000000298023224,
            "remove_1": 0.0,
            "rexchange_2_2": 0.1785714328289032,
            "rexchange_2_3": 0.2142857164144516,
            "rexchange_4_4": 0.0714285746216774,
            "rrelocate_3": 0.5416666865348816,
            "rrelocate_4": 0.2083333283662796,
            "two_opt": 0.5483871102333069
        }
    },
    "last_improvement": 0,
    "name": "random-50-11.58-81",
    "solution": {
        "fitness": 1499,
        "is_feasible": true,
        "permutation": [
            32,
            16,
            8,
            26,
            21,
            19,
            44,
            25,
            29,
            47,
            10,
            43,
            7,
            46,
            6,
            36,
            3,
            2,
            34,
            48,
            5,
            28,
            39,
            24,
            45,
            22,
            12,
            18,
            17,
            15,
            9,
            42,
            33,
            0,
            27,
            1,
            35,
            41,
            14,
            37,
            30,
            23,
            49,
            31,
            11,
            38,
            13,
            40,
            20,
            4
        ],
        "permutation_orig_ids": [
            "33",
            "17",
            "9",
            "27",
            "22",
            "20",
            "45",
            "26",
            "30",
            "48",
            "11",
            "44",
            "8",
            "47",
            "7",
            "37",
            "4",
            "3",
            "35",
            "49",
            "6",
            "29",
            "40",
            "25",
            "46",
            "23",
            "13",
            "19",
            "18",
            "16",
            "10",
            "43",
            "34",
            "1",
            "28",
            "2",
            "36",
            "42",
            "15",
            "38",
            "31",
            "24",
            "50",
            "32",
            "12",
            "39",
            "14",
            "41",
            "21",
            "5"
        ]
    },
    "steps": {
        "0": 1499
    },
    "timeout": 5
}