{
    "config": {
        "allow_infeasible": true,
        "construction": "random_replicate",
        "ils_k": 6,
        "local_search": "CVND",
        "metaheuristic": "ILS",
        "num_threads": 8,
        "operators": [
            "insert_1",
            "remove_1",
            "two_opt",
            "exchange_ids",
            "exchange_1_2",
            "exchange_2_2",
            "exchange_3_3",
            "exchange_3_4",
            "exchange_4_4",
            "rexchange_2_2",
            "rexchange_2_3",
            "rexchange_4_4",
            "centered_exchange_1",
            "relocate_1",
            "relocate_5",
            "rrelocate_3",
            "rrelocate_4",
            "move_all_by_1",
            "move_all_by_2"
        ],
        "perturbation": [
            "random_double_bridge"
        ],
        "stop_on_feasible": true,
        "timeout": 5
    },
    "histogram": {
        "all": {
            "centered_exchange_1": 239,
            "exchange_1_2": 253,
            "exchange_2_2": 253,
            "exchange_3_3": 253,
            "exchange_3_4": 253,
            "exchange_4_4": 253,
            "exchange_ids": 254,
            "insert_1": 275,
            "move_all_by_1": 181,
            "move_all_by_2": 179,
            "relocate_1": 196,
            "relocate_5": 194,
            "remove_1": 275,
            "rexchange_2_2": 248,
            "rexchange_2_3": 245,
            "rexchange_4_4": 244,
            "rrelocate_3": 188,
            "rrelocate_4": 185,
            "two_opt": 269
        },
        "improving": {
            "centered_exchange_1": 38,
            "exchange_1_2": 88,
            "exchange_2_2": 48,
            "exchange_3_3": 31,
            "exchange_3_4": 35,
            "exchange_4_4": 18,
            "exchange_ids": 120,
            "insert_1": 0,
            "move_all_by_1": 43,
            "move_all_by_2": 26,
            "relocate_1": 138,
            "relocate_5": 38,
            "remove_1": 0,
            "rexchange_2_2": 67,
            "rexchange_2_3": 45,
            "rexchange_4_4": 11,
            "rrelocate_3": 58,
            "rrelocate_4": 36,
            "two_opt": 128
        },
        "rate": {
            "centered_exchange_1": 0.1589958220720291,
            "exchange_1_2": 0.3478260934352875,
            "exchange_2_2": 0.18972331285476685,
            "exchange_3_3": 0.12252964079380035,
            "exchange_3_4": 0.13833992183208466,
            "exchange_4_4": 0.07114624232053757,
            "exchange_ids": 0.4724409580230713,
            "insert_1": 0.0,
            "move_all_by_1": 0.23756906390190125,
            "move_all_by_2": 0.14525139331817627,
            "relocate_1": 0.704081654548645,
            "relocate_5": 0.19587628543376923,
            "remove_1": 0.0,
            "rexchange_2_2": 0.27016130089759827,
            "rexchange_2_3": 0.18367347121238708,
            "rexchange_4_4": 0.0450819656252861,
            "rrelocate_3": 0.3085106313228607,
            "rrelocate_4": 0.1945945918560028,
            "two_opt": 0.4758364260196686
        }
    },
    "last_improvement": 5,
    "name": "random-50-9.75-56",
    "solution": {
        "fitness": 1001540,
        "is_feasible": false,
        "permutation": [
            13,
            36,
            47,
            32,
            22,
            3,
            5,
            37,
            6,
            15,
            49,
            23,
            27,
            38,
            17,
            21,
            9,
            35,
            11,
            28,
            45,
            8,
            19,
            26,
            4,
            7,
            34,
            12,
            42,
            43,
            41,
            1,
            18,
            25,
            0,
            24,
            2,
            48,
            44,
            33,
            40,
            39,
            29,
            16,
            10,
            14,
            46,
            30,
            31,
            20
        ],
        "permutation_orig_ids": [
            "14",
            "37",
            "48",
            "33",
            "23",
            "4",
            "6",
            "38",
            "7",
            "16",
            "50",
            "24",
            "28",
            "39",
            "18",
            "22",
            "10",
            "36",
            "12",
            "29",
            "46",
            "9",
            "20",
            "27",
            "5",
            "8",
            "35",
            "13",
            "43",
            "44",
            "42",
            "2",
            "19",
            "26",
            "1",
            "25",
            "3",
            "49",
            "45",
            "34",
            "41",
            "40",
            "30",
            "17",
            "11",
            "15",
            "47",
            "31",
            "32",
            "21"
        ]
    },
    "steps": {
        "0": 2001644,
        "1": 2001534,
        "2": 1001619,
        "3": 1001546,
        "4": 1001541,
        "5": 1001540
    },
    "timeout": 5
}