{
    "config": {
        "allow_infeasible": true,
        "construction": "random_replicate",
        "ils_k": 6,
        "local_search": "CVND",
        "metaheuristic": "ILS",
        "num_threads": 8,
        "operators": [
            "insert_1",
            "remove_1",
            "two_opt",
            "exchange_ids",
            "exchange_1_2",
            "exchange_2_2",
            "exchange_3_3",
            "exchange_3_4",
            "exchange_4_4",
            "rexchange_2_2",
            "rexchange_2_3",
            "rexchange_4_4",
            "centered_exchange_1",
            "relocate_1",
            "relocate_5",
            "rrelocate_3",
            "rrelocate_4",
            "move_all_by_1",
            "move_all_by_2"
        ],
        "perturbation": [
            "random_double_bridge"
        ],
        "stop_on_feasible": true,
        "timeout": 5
    },
    "histogram": {
        "all": {
            "centered_exchange_1": 255,
            "exchange_1_2": 265,
            "exchange_2_2": 263,
            "exchange_3_3": 263,
            "exchange_3_4": 263,
            "exchange_4_4": 263,
            "exchange_ids": 272,
            "insert_1": 295,
            "move_all_by_1": 200,
            "move_all_by_2": 199,
            "relocate_1": 218,
            "relocate_5": 214,
            "remove_1": 295,
            "rexchange_2_2": 259,
            "rexchange_2_3": 257,
            "rexchange_4_4": 256,
            "rrelocate_3": 205,
            "rrelocate_4": 204,
            "two_opt": 283
        },
        "improving": {
            "centered_exchange_1": 46,
            "exchange_1_2": 103,
            "exchange_2_2": 47,
            "exchange_3_3": 24,
            "exchange_3_4": 41,
            "exchange_4_4": 20,
            "exchange_ids": 118,
            "insert_1": 0,
            "move_all_by_1": 42,
            "move_all_by_2": 26,
            "relocate_1": 141,
            "relocate_5": 54,
            "remove_1": 0,
            "rexchange_2_2": 63,
            "rexchange_2_3": 39,
            "rexchange_4_4": 13,
            "rrelocate_3": 72,
            "rrelocate_4": 42,
            "two_opt": 138
        },
        "rate": {
            "centered_exchange_1": 0.18039216101169586,
            "exchange_1_2": 0.38867923617362976,
            "exchange_2_2": 0.17870722711086273,
            "exchange_3_3": 0.09125475585460663,
            "exchange_3_4": 0.15589353442192078,
            "exchange_4_4": 0.07604562491178513,
            "exchange_ids": 0.43382352590560913,
            "insert_1": 0.0,
            "move_all_by_1": 0.20999999344348907,
            "move_all_by_2": 0.1306532621383667,
            "relocate_1": 0.646789014339447,
            "relocate_5": 0.25233644247055054,
            "remove_1": 0.0,
            "rexchange_2_2": 0.2432432472705841,
            "rexchange_2_3": 0.15175096690654755,
            "rexchange_4_4": 0.05078125,
            "rrelocate_3": 0.35121950507164,
            "rrelocate_4": 0.20588235557079315,
            "two_opt": 0.48763251304626465
        }
    },
    "last_improvement": 5,
    "name": "random-50-11.17-98",
    "solution": {
        "fitness": 1001161,
        "is_feasible": false,
        "permutation": [
            14,
            1,
            36,
            30,
            42,
            2,
            40,
            28,
            20,
            43,
            8,
            7,
            39,
            23,
            24,
            27,
            25,
            18,
            6,
            22,
            29,
            35,
            44,
            32,
            49,
            11,
            46,
            12,
            0,
            16,
            13,
            38,
            37,
            33,
            15,
            17,
            31,
            34,
            10,
            5,
            4,
            45,
            3,
            19,
            47,
            26,
            21,
            48,
            41,
            9
        ],
        "permutation_orig_ids": [
            "15",
            "2",
            "37",
            "31",
            "43",
            "3",
            "41",
            "29",
            "21",
            "44",
            "9",
            "8",
            "40",
            "24",
            "25",
            "28",
            "26",
            "19",
            "7",
            "23",
            "30",
            "36",
            "45",
            "33",
            "50",
            "12",
            "47",
            "13",
            "1",
            "17",
            "14",
            "39",
            "38",
            "34",
            "16",
            "18",
            "32",
            "35",
            "11",
            "6",
            "5",
            "46",
            "4",
            "20",
            "48",
            "27",
            "22",
            "49",
            "42",
            "10"
        ]
    },
    "steps": {
        "0": 1001486,
        "1": 1001478,
        "2": 1001423,
        "3": 1001242,
        "4": 1001200,
        "5": 1001161
    },
    "timeout": 5
}