{
    "config": {
        "allow_infeasible": true,
        "construction": "random_replicate",
        "ils_k": 6,
        "local_search": "CVND",
        "metaheuristic": "ILS",
        "num_threads": 8,
        "operators": [
            "insert_1",
            "remove_1",
            "two_opt",
            "exchange_ids",
            "exchange_1_2",
            "exchange_2_2",
            "exchange_3_3",
            "exchange_3_4",
            "exchange_4_4",
            "rexchange_2_2",
            "rexchange_2_3",
            "rexchange_4_4",
            "centered_exchange_1",
            "relocate_1",
            "relocate_5",
            "rrelocate_3",
            "rrelocate_4",
            "move_all_by_1",
            "move_all_by_2"
        ],
        "perturbation": [
            "random_double_bridge"
        ],
        "stop_on_feasible": true,
        "timeout": 5
    },
    "histogram": {
        "all": {
            "centered_exchange_1": 243,
            "exchange_1_2": 260,
            "exchange_2_2": 257,
            "exchange_3_3": 256,
            "exchange_3_4": 253,
            "exchange_4_4": 253,
            "exchange_ids": 264,
            "insert_1": 291,
            "move_all_by_1": 196,
            "move_all_by_2": 194,
            "relocate_1": 208,
            "relocate_5": 208,
            "remove_1": 291,
            "rexchange_2_2": 250,
            "rexchange_2_3": 250,
            "rexchange_4_4": 250,
            "rrelocate_3": 203,
            "rrelocate_4": 201,
            "two_opt": 271
        },
        "improving": {
            "centered_exchange_1": 45,
            "exchange_1_2": 91,
            "exchange_2_2": 57,
            "exchange_3_3": 31,
            "exchange_3_4": 37,
            "exchange_4_4": 10,
            "exchange_ids": 110,
            "insert_1": 0,
            "move_all_by_1": 42,
            "move_all_by_2": 23,
            "relocate_1": 139,
            "relocate_5": 39,
            "remove_1": 0,
            "rexchange_2_2": 68,
            "rexchange_2_3": 36,
            "rexchange_4_4": 23,
            "rrelocate_3": 58,
            "rrelocate_4": 37,
            "two_opt": 133
        },
        "rate": {
            "centered_exchange_1": 0.18518517911434174,
            "exchange_1_2": 0.3499999940395355,
            "exchange_2_2": 0.2217898815870285,
            "exchange_3_3": 0.12109375,
            "exchange_3_4": 0.1462450623512268,
            "exchange_4_4": 0.03952569141983986,
            "exchange_ids": 0.4166666567325592,
            "insert_1": 0.0,
            "move_all_by_1": 0.2142857164144516,
            "move_all_by_2": 0.11855670064687729,
            "relocate_1": 0.6682692170143127,
            "relocate_5": 0.1875,
            "remove_1": 0.0,
            "rexchange_2_2": 0.2720000147819519,
            "rexchange_2_3": 0.14399999380111694,
            "rexchange_4_4": 0.09200000017881393,
            "rrelocate_3": 0.2857142984867096,
            "rrelocate_4": 0.1840796023607254,
            "two_opt": 0.49077489972114563
        }
    },
    "last_improvement": 5,
    "name": "random-50-10.25-56",
    "solution": {
        "fitness": 1001434,
        "is_feasible": false,
        "permutation": [
            38,
            29,
            37,
            8,
            26,
            4,
            14,
            0,
            3,
            32,
            41,
            19,
            45,
            2,
            28,
            10,
            47,
            44,
            9,
            22,
            24,
            31,
            6,
            42,
            39,
            21,
            17,
            11,
            1,
            23,
            30,
            27,
            12,
            34,
            13,
            5,
            36,
            43,
            35,
            18,
            25,
            7,
            49,
            15,
            46,
            16,
            20,
            33,
            40,
            48
        ],
        "permutation_orig_ids": [
            "39",
            "30",
            "38",
            "9",
            "27",
            "5",
            "15",
            "1",
            "4",
            "33",
            "42",
            "20",
            "46",
            "3",
            "29",
            "11",
            "48",
            "45",
            "10",
            "23",
            "25",
            "32",
            "7",
            "43",
            "40",
            "22",
            "18",
            "12",
            "2",
            "24",
            "31",
            "28",
            "13",
            "35",
            "14",
            "6",
            "37",
            "44",
            "36",
            "19",
            "26",
            "8",
            "50",
            "16",
            "47",
            "17",
            "21",
            "34",
            "41",
            "49"
        ]
    },
    "steps": {
        "0": 2001856,
        "1": 2001656,
        "2": 2001537,
        "3": 2001392,
        "4": 1001458,
        "5": 1001434
    },
    "timeout": 5
}