{
    "config": {
        "allow_infeasible": true,
        "construction": "random_replicate",
        "ils_k": 6,
        "local_search": "CVND",
        "metaheuristic": "ILS",
        "num_threads": 8,
        "operators": [
            "insert_1",
            "remove_1",
            "two_opt",
            "exchange_ids",
            "exchange_1_2",
            "exchange_2_2",
            "exchange_3_3",
            "exchange_3_4",
            "exchange_4_4",
            "rexchange_2_2",
            "rexchange_2_3",
            "rexchange_4_4",
            "centered_exchange_1",
            "relocate_1",
            "relocate_5",
            "rrelocate_3",
            "rrelocate_4",
            "move_all_by_1",
            "move_all_by_2"
        ],
        "perturbation": [
            "random_double_bridge"
        ],
        "stop_on_feasible": true,
        "timeout": 5
    },
    "histogram": {
        "all": {
            "centered_exchange_1": 9,
            "exchange_1_2": 10,
            "exchange_2_2": 10,
            "exchange_3_3": 9,
            "exchange_3_4": 9,
            "exchange_4_4": 9,
            "exchange_ids": 10,
            "insert_1": 10,
            "move_all_by_1": 9,
            "move_all_by_2": 9,
            "relocate_1": 9,
            "relocate_5": 9,
            "remove_1": 10,
            "rexchange_2_2": 9,
            "rexchange_2_3": 9,
            "rexchange_4_4": 9,
            "rrelocate_3": 9,
            "rrelocate_4": 9,
            "two_opt": 10
        },
        "improving": {
            "centered_exchange_1": 3,
            "exchange_1_2": 5,
            "exchange_2_2": 2,
            "exchange_3_3": 3,
            "exchange_3_4": 3,
            "exchange_4_4": 1,
            "exchange_ids": 5,
            "insert_1": 0,
            "move_all_by_1": 3,
            "move_all_by_2": 2,
            "relocate_1": 7,
            "relocate_5": 1,
            "remove_1": 0,
            "rexchange_2_2": 4,
            "rexchange_2_3": 2,
            "rexchange_4_4": 1,
            "rrelocate_3": 4,
            "rrelocate_4": 4,
            "two_opt": 6
        },
        "rate": {
            "centered_exchange_1": 0.3333333432674408,
            "exchange_1_2": 0.5,
            "exchange_2_2": 0.20000000298023224,
            "exchange_3_3": 0.3333333432674408,
            "exchange_3_4": 0.3333333432674408,
            "exchange_4_4": 0.1111111119389534,
            "exchange_ids": 0.5,
            "insert_1": 0.0,
            "move_all_by_1": 0.3333333432674408,
            "move_all_by_2": 0.2222222238779068,
            "relocate_1": 0.7777777910232544,
            "relocate_5": 0.1111111119389534,
            "remove_1": 0.0,
            "rexchange_2_2": 0.4444444477558136,
            "rexchange_2_3": 0.2222222238779068,
            "rexchange_4_4": 0.1111111119389534,
            "rrelocate_3": 0.4444444477558136,
            "rrelocate_4": 0.4444444477558136,
            "two_opt": 0.6000000238418579
        }
    },
    "last_improvement": 0,
    "name": "random-50-13.58-91",
    "solution": {
        "fitness": 1640,
        "is_feasible": true,
        "permutation": [
            21,
            18,
            41,
            23,
            2,
            34,
            11,
            3,
            25,
            42,
            27,
            20,
            26,
            49,
            43,
            30,
            6,
            39,
            33,
            9,
            31,
            12,
            37,
            19,
            47,
            45,
            13,
            16,
            1,
            14,
            36,
            46,
            7,
            22,
            28,
            40,
            38,
            29,
            48,
            15,
            44,
            35,
            17,
            10,
            5,
            24,
            0,
            4,
            32,
            8
        ],
        "permutation_orig_ids": [
            "22",
            "19",
            "42",
            "24",
            "3",
            "35",
            "12",
            "4",
            "26",
            "43",
            "28",
            "21",
            "27",
            "50",
            "44",
            "31",
            "7",
            "40",
            "34",
            "10",
            "32",
            "13",
            "38",
            "20",
            "48",
            "46",
            "14",
            "17",
            "2",
            "15",
            "37",
            "47",
            "8",
            "23",
            "29",
            "41",
            "39",
            "30",
            "49",
            "16",
            "45",
            "36",
            "18",
            "11",
            "6",
            "25",
            "1",
            "5",
            "33",
            "9"
        ]
    },
    "steps": {
        "0": 1640
    },
    "timeout": 5
}