{
    "config": {
        "allow_infeasible": true,
        "construction": "random_replicate",
        "ils_k": 6,
        "local_search": "CVND",
        "metaheuristic": "ILS",
        "num_threads": 8,
        "operators": [
            "insert_1",
            "remove_1",
            "two_opt",
            "exchange_ids",
            "exchange_1_2",
            "exchange_2_2",
            "exchange_3_3",
            "exchange_3_4",
            "exchange_4_4",
            "rexchange_2_2",
            "rexchange_2_3",
            "rexchange_4_4",
            "centered_exchange_1",
            "relocate_1",
            "relocate_5",
            "rrelocate_3",
            "rrelocate_4",
            "move_all_by_1",
            "move_all_by_2"
        ],
        "perturbation": [
            "random_double_bridge"
        ],
        "stop_on_feasible": true,
        "timeout": 5
    },
    "histogram": {
        "all": {
            "centered_exchange_1": 31,
            "exchange_1_2": 31,
            "exchange_2_2": 31,
            "exchange_3_3": 31,
            "exchange_3_4": 31,
            "exchange_4_4": 31,
            "exchange_ids": 31,
            "insert_1": 32,
            "move_all_by_1": 23,
            "move_all_by_2": 22,
            "relocate_1": 29,
            "relocate_5": 29,
            "remove_1": 32,
            "rexchange_2_2": 31,
            "rexchange_2_3": 31,
            "rexchange_4_4": 31,
            "rrelocate_3": 28,
            "rrelocate_4": 26,
            "two_opt": 31
        },
        "improving": {
            "centered_exchange_1": 6,
            "exchange_1_2": 12,
            "exchange_2_2": 7,
            "exchange_3_3": 5,
            "exchange_3_4": 7,
            "exchange_4_4": 6,
            "exchange_ids": 13,
            "insert_1": 0,
            "move_all_by_1": 10,
            "move_all_by_2": 5,
            "relocate_1": 20,
            "relocate_5": 8,
            "remove_1": 0,
            "rexchange_2_2": 7,
            "rexchange_2_3": 4,
            "rexchange_4_4": 2,
            "rrelocate_3": 13,
            "rrelocate_4": 10,
            "two_opt": 15
        },
        "rate": {
            "centered_exchange_1": 0.19354838132858276,
            "exchange_1_2": 0.3870967626571655,
            "exchange_2_2": 0.22580644488334656,
            "exchange_3_3": 0.16129031777381897,
            "exchange_3_4": 0.22580644488334656,
            "exchange_4_4": 0.19354838132858276,
            "exchange_ids": 0.4193548262119293,
            "insert_1": 0.0,
            "move_all_by_1": 0.43478259444236755,
            "move_all_by_2": 0.22727273404598236,
            "relocate_1": 0.6896551847457886,
            "relocate_5": 0.27586206793785095,
            "remove_1": 0.0,
            "rexchange_2_2": 0.22580644488334656,
            "rexchange_2_3": 0.12903225421905518,
            "rexchange_4_4": 0.06451612710952759,
            "rrelocate_3": 0.4642857015132904,
            "rrelocate_4": 0.38461539149284363,
            "two_opt": 0.4838709533214569
        }
    },
    "last_improvement": 0,
    "name": "random-50-13.33-98",
    "solution": {
        "fitness": 1485,
        "is_feasible": true,
        "permutation": [
            27,
            23,
            24,
            44,
            22,
            25,
            31,
            30,
            36,
            8,
            28,
            16,
            26,
            13,
            33,
            37,
            17,
            38,
            6,
            40,
            42,
            29,
            45,
            15,
            5,
            32,
            48,
            20,
            7,
            2,
            1,
            0,
            49,
            47,
            19,
            3,
            4,
            10,
            34,
            11,
            46,
            41,
            9,
            14,
            43,
            21,
            12,
            39,
            35,
            18
        ],
        "permutation_orig_ids": [
            "28",
            "24",
            "25",
            "45",
            "23",
            "26",
            "32",
            "31",
            "37",
            "9",
            "29",
            "17",
            "27",
            "14",
            "34",
            "38",
            "18",
            "39",
            "7",
            "41",
            "43",
            "30",
            "46",
            "16",
            "6",
            "33",
            "49",
            "21",
            "8",
            "3",
            "2",
            "1",
            "50",
            "48",
            "20",
            "4",
            "5",
            "11",
            "35",
            "12",
            "47",
            "42",
            "10",
            "15",
            "44",
            "22",
            "13",
            "40",
            "36",
            "19"
        ]
    },
    "steps": {
        "0": 1485
    },
    "timeout": 5
}