{
    "config": {
        "allow_infeasible": true,
        "construction": "random_replicate",
        "ils_k": 6,
        "local_search": "CVND",
        "metaheuristic": "ILS",
        "num_threads": 8,
        "operators": [
            "insert_1",
            "remove_1",
            "two_opt",
            "exchange_ids",
            "exchange_1_2",
            "exchange_2_2",
            "exchange_3_3",
            "exchange_3_4",
            "exchange_4_4",
            "rexchange_2_2",
            "rexchange_2_3",
            "rexchange_4_4",
            "centered_exchange_1",
            "relocate_1",
            "relocate_5",
            "rrelocate_3",
            "rrelocate_4",
            "move_all_by_1",
            "move_all_by_2"
        ],
        "perturbation": [
            "random_double_bridge"
        ],
        "stop_on_feasible": true,
        "timeout": 5
    },
    "histogram": {
        "all": {
            "centered_exchange_1": 20,
            "exchange_1_2": 20,
            "exchange_2_2": 20,
            "exchange_3_3": 20,
            "exchange_3_4": 20,
            "exchange_4_4": 20,
            "exchange_ids": 20,
            "insert_1": 20,
            "move_all_by_1": 15,
            "move_all_by_2": 15,
            "relocate_1": 15,
            "relocate_5": 15,
            "remove_1": 20,
            "rexchange_2_2": 20,
            "rexchange_2_3": 20,
            "rexchange_4_4": 20,
            "rrelocate_3": 15,
            "rrelocate_4": 15,
            "two_opt": 20
        },
        "improving": {
            "centered_exchange_1": 4,
            "exchange_1_2": 8,
            "exchange_2_2": 5,
            "exchange_3_3": 3,
            "exchange_3_4": 7,
            "exchange_4_4": 3,
            "exchange_ids": 9,
            "insert_1": 0,
            "move_all_by_1": 6,
            "move_all_by_2": 6,
            "relocate_1": 15,
            "relocate_5": 5,
            "remove_1": 0,
            "rexchange_2_2": 6,
            "rexchange_2_3": 5,
            "rexchange_4_4": 0,
            "rrelocate_3": 4,
            "rrelocate_4": 6,
            "two_opt": 10
        },
        "rate": {
            "centered_exchange_1": 0.20000000298023224,
            "exchange_1_2": 0.4000000059604645,
            "exchange_2_2": 0.25,
            "exchange_3_3": 0.15000000596046448,
            "exchange_3_4": 0.3499999940395355,
            "exchange_4_4": 0.15000000596046448,
            "exchange_ids": 0.44999998807907104,
            "insert_1": 0.0,
            "move_all_by_1": 0.4000000059604645,
            "move_all_by_2": 0.4000000059604645,
            "relocate_1": 1.0,
            "relocate_5": 0.3333333432674408,
            "remove_1": 0.0,
            "rexchange_2_2": 0.30000001192092896,
            "rexchange_2_3": 0.25,
            "rexchange_4_4": 0.0,
            "rrelocate_3": 0.2666666805744171,
            "rrelocate_4": 0.4000000059604645,
            "two_opt": 0.5
        }
    },
    "last_improvement": 0,
    "name": "random-50-14.42-42",
    "solution": {
        "fitness": 1527,
        "is_feasible": true,
        "permutation": [
            40,
            20,
            12,
            44,
            11,
            5,
            4,
            30,
            17,
            18,
            16,
            6,
            37,
            2,
            26,
            29,
            8,
            46,
            24,
            22,
            0,
            34,
            43,
            47,
            38,
            28,
            15,
            19,
            48,
            25,
            9,
            3,
            41,
            42,
            1,
            21,
            49,
            39,
            32,
            23,
            10,
            27,
            13,
            31,
            7,
            35,
            14,
            36,
            33,
            45
        ],
        "permutation_orig_ids": [
            "41",
            "21",
            "13",
            "45",
            "12",
            "6",
            "5",
            "31",
            "18",
            "19",
            "17",
            "7",
            "38",
            "3",
            "27",
            "30",
            "9",
            "47",
            "25",
            "23",
            "1",
            "35",
            "44",
            "48",
            "39",
            "29",
            "16",
            "20",
            "49",
            "26",
            "10",
            "4",
            "42",
            "43",
            "2",
            "22",
            "50",
            "40",
            "33",
            "24",
            "11",
            "28",
            "14",
            "32",
            "8",
            "36",
            "15",
            "37",
            "34",
            "46"
        ]
    },
    "steps": {
        "0": 1527
    },
    "timeout": 5
}