{
    "config": {
        "allow_infeasible": true,
        "construction": "random_replicate",
        "ils_k": 6,
        "local_search": "CVND",
        "metaheuristic": "ILS",
        "num_threads": 8,
        "operators": [
            "insert_1",
            "remove_1",
            "two_opt",
            "exchange_ids",
            "exchange_1_2",
            "exchange_2_2",
            "exchange_3_3",
            "exchange_3_4",
            "exchange_4_4",
            "rexchange_2_2",
            "rexchange_2_3",
            "rexchange_4_4",
            "centered_exchange_1",
            "relocate_1",
            "relocate_5",
            "rrelocate_3",
            "rrelocate_4",
            "move_all_by_1",
            "move_all_by_2"
        ],
        "perturbation": [
            "random_double_bridge"
        ],
        "stop_on_feasible": true,
        "timeout": 5
    },
    "histogram": {
        "all": {
            "centered_exchange_1": 50,
            "exchange_1_2": 52,
            "exchange_2_2": 52,
            "exchange_3_3": 52,
            "exchange_3_4": 52,
            "exchange_4_4": 52,
            "exchange_ids": 52,
            "insert_1": 55,
            "move_all_by_1": 40,
            "move_all_by_2": 40,
            "relocate_1": 43,
            "relocate_5": 43,
            "remove_1": 55,
            "rexchange_2_2": 52,
            "rexchange_2_3": 50,
            "rexchange_4_4": 50,
            "rrelocate_3": 43,
            "rrelocate_4": 41,
            "two_opt": 55
        },
        "improving": {
            "centered_exchange_1": 8,
            "exchange_1_2": 22,
            "exchange_2_2": 7,
            "exchange_3_3": 7,
            "exchange_3_4": 7,
            "exchange_4_4": 3,
            "exchange_ids": 25,
            "insert_1": 0,
            "move_all_by_1": 10,
            "move_all_by_2": 8,
            "relocate_1": 29,
            "relocate_5": 5,
            "remove_1": 0,
            "rexchange_2_2": 17,
            "rexchange_2_3": 10,
            "rexchange_4_4": 5,
            "rrelocate_3": 11,
            "rrelocate_4": 12,
            "two_opt": 30
        },
        "rate": {
            "centered_exchange_1": 0.1599999964237213,
            "exchange_1_2": 0.42307692766189575,
            "exchange_2_2": 0.13461539149284363,
            "exchange_3_3": 0.13461539149284363,
            "exchange_3_4": 0.13461539149284363,
            "exchange_4_4": 0.057692307978868484,
            "exchange_ids": 0.48076921701431274,
            "insert_1": 0.0,
            "move_all_by_1": 0.25,
            "move_all_by_2": 0.20000000298023224,
            "relocate_1": 0.6744186282157898,
            "relocate_5": 0.11627907305955887,
            "remove_1": 0.0,
            "rexchange_2_2": 0.32692307233810425,
            "rexchange_2_3": 0.20000000298023224,
            "rexchange_4_4": 0.10000000149011612,
            "rrelocate_3": 0.25581395626068115,
            "rrelocate_4": 0.2926829159259796,
            "two_opt": 0.5454545617103577
        }
    },
    "last_improvement": 1,
    "name": "random-50-11.50-31",
    "solution": {
        "fitness": 1548,
        "is_feasible": true,
        "permutation": [
            40,
            22,
            30,
            15,
            46,
            45,
            28,
            9,
            19,
            25,
            32,
            31,
            20,
            48,
            26,
            18,
            14,
            47,
            21,
            8,
            24,
            0,
            36,
            3,
            41,
            16,
            2,
            1,
            27,
            11,
            10,
            49,
            7,
            23,
            6,
            5,
            12,
            35,
            39,
            29,
            33,
            34,
            42,
            43,
            44,
            13,
            38,
            17,
            4,
            37
        ],
        "permutation_orig_ids": [
            "41",
            "23",
            "31",
            "16",
            "47",
            "46",
            "29",
            "10",
            "20",
            "26",
            "33",
            "32",
            "21",
            "49",
            "27",
            "19",
            "15",
            "48",
            "22",
            "9",
            "25",
            "1",
            "37",
            "4",
            "42",
            "17",
            "3",
            "2",
            "28",
            "12",
            "11",
            "50",
            "8",
            "24",
            "7",
            "6",
            "13",
            "36",
            "40",
            "30",
            "34",
            "35",
            "43",
            "44",
            "45",
            "14",
            "39",
            "18",
            "5",
            "38"
        ]
    },
    "steps": {
        "0": 2001255,
        "1": 1548
    },
    "timeout": 5
}