{
    "config": {
        "allow_infeasible": true,
        "construction": "random_replicate",
        "ils_k": 6,
        "local_search": "CVND",
        "metaheuristic": "ILS",
        "num_threads": 8,
        "operators": [
            "insert_1",
            "remove_1",
            "two_opt",
            "exchange_ids",
            "exchange_1_2",
            "exchange_2_2",
            "exchange_3_3",
            "exchange_3_4",
            "exchange_4_4",
            "rexchange_2_2",
            "rexchange_2_3",
            "rexchange_4_4",
            "centered_exchange_1",
            "relocate_1",
            "relocate_5",
            "rrelocate_3",
            "rrelocate_4",
            "move_all_by_1",
            "move_all_by_2"
        ],
        "perturbation": [
            "random_double_bridge"
        ],
        "stop_on_feasible": true,
        "timeout": 5
    },
    "histogram": {
        "all": {
            "centered_exchange_1": 14,
            "exchange_1_2": 14,
            "exchange_2_2": 14,
            "exchange_3_3": 14,
            "exchange_3_4": 14,
            "exchange_4_4": 14,
            "exchange_ids": 14,
            "insert_1": 14,
            "move_all_by_1": 11,
            "move_all_by_2": 10,
            "relocate_1": 12,
            "relocate_5": 12,
            "remove_1": 14,
            "rexchange_2_2": 14,
            "rexchange_2_3": 14,
            "rexchange_4_4": 14,
            "rrelocate_3": 12,
            "rrelocate_4": 12,
            "two_opt": 14
        },
        "improving": {
            "centered_exchange_1": 4,
            "exchange_1_2": 4,
            "exchange_2_2": 4,
            "exchange_3_3": 2,
            "exchange_3_4": 3,
            "exchange_4_4": 1,
            "exchange_ids": 6,
            "insert_1": 0,
            "move_all_by_1": 4,
            "move_all_by_2": 4,
            "relocate_1": 9,
            "relocate_5": 5,
            "remove_1": 0,
            "rexchange_2_2": 3,
            "rexchange_2_3": 3,
            "rexchange_4_4": 1,
            "rrelocate_3": 5,
            "rrelocate_4": 4,
            "two_opt": 7
        },
        "rate": {
            "centered_exchange_1": 0.2857142984867096,
            "exchange_1_2": 0.2857142984867096,
            "exchange_2_2": 0.2857142984867096,
            "exchange_3_3": 0.1428571492433548,
            "exchange_3_4": 0.2142857164144516,
            "exchange_4_4": 0.0714285746216774,
            "exchange_ids": 0.4285714328289032,
            "insert_1": 0.0,
            "move_all_by_1": 0.3636363744735718,
            "move_all_by_2": 0.4000000059604645,
            "relocate_1": 0.75,
            "relocate_5": 0.4166666567325592,
            "remove_1": 0.0,
            "rexchange_2_2": 0.2142857164144516,
            "rexchange_2_3": 0.2142857164144516,
            "rexchange_4_4": 0.0714285746216774,
            "rrelocate_3": 0.4166666567325592,
            "rrelocate_4": 0.3333333432674408,
            "two_opt": 0.5
        }
    },
    "last_improvement": 0,
    "name": "random-50-14.00-82",
    "solution": {
        "fitness": 1895,
        "is_feasible": true,
        "permutation": [
            48,
            5,
            33,
            19,
            44,
            13,
            38,
            9,
            40,
            17,
            31,
            39,
            32,
            41,
            37,
            12,
            3,
            2,
            46,
            43,
            21,
            25,
            18,
            10,
            7,
            8,
            36,
            29,
            34,
            49,
            6,
            1,
            16,
            30,
            28,
            45,
            27,
            35,
            20,
            26,
            23,
            22,
            11,
            14,
            4,
            24,
            42,
            15,
            47,
            0
        ],
        "permutation_orig_ids": [
            "49",
            "6",
            "34",
            "20",
            "45",
            "14",
            "39",
            "10",
            "41",
            "18",
            "32",
            "40",
            "33",
            "42",
            "38",
            "13",
            "4",
            "3",
            "47",
            "44",
            "22",
            "26",
            "19",
            "11",
            "8",
            "9",
            "37",
            "30",
            "35",
            "50",
            "7",
            "2",
            "17",
            "31",
            "29",
            "46",
            "28",
            "36",
            "21",
            "27",
            "24",
            "23",
            "12",
            "15",
            "5",
            "25",
            "43",
            "16",
            "48",
            "1"
        ]
    },
    "steps": {
        "0": 1895
    },
    "timeout": 5
}