{
    "config": {
        "allow_infeasible": true,
        "construction": "random_replicate",
        "ils_k": 6,
        "local_search": "CVND",
        "metaheuristic": "ILS",
        "num_threads": 8,
        "operators": [
            "insert_1",
            "remove_1",
            "two_opt",
            "exchange_ids",
            "exchange_1_2",
            "exchange_2_2",
            "exchange_3_3",
            "exchange_3_4",
            "exchange_4_4",
            "rexchange_2_2",
            "rexchange_2_3",
            "rexchange_4_4",
            "centered_exchange_1",
            "relocate_1",
            "relocate_5",
            "rrelocate_3",
            "rrelocate_4",
            "move_all_by_1",
            "move_all_by_2"
        ],
        "perturbation": [
            "random_double_bridge"
        ],
        "stop_on_feasible": true,
        "timeout": 5
    },
    "histogram": {
        "all": {
            "centered_exchange_1": 55,
            "exchange_1_2": 55,
            "exchange_2_2": 55,
            "exchange_3_3": 55,
            "exchange_3_4": 55,
            "exchange_4_4": 55,
            "exchange_ids": 56,
            "insert_1": 60,
            "move_all_by_1": 43,
            "move_all_by_2": 43,
            "relocate_1": 44,
            "relocate_5": 44,
            "remove_1": 60,
            "rexchange_2_2": 55,
            "rexchange_2_3": 55,
            "rexchange_4_4": 55,
            "rrelocate_3": 44,
            "rrelocate_4": 43,
            "two_opt": 58
        },
        "improving": {
            "centered_exchange_1": 8,
            "exchange_1_2": 15,
            "exchange_2_2": 9,
            "exchange_3_3": 7,
            "exchange_3_4": 7,
            "exchange_4_4": 3,
            "exchange_ids": 25,
            "insert_1": 0,
            "move_all_by_1": 9,
            "move_all_by_2": 9,
            "relocate_1": 36,
            "relocate_5": 13,
            "remove_1": 0,
            "rexchange_2_2": 8,
            "rexchange_2_3": 12,
            "rexchange_4_4": 3,
            "rrelocate_3": 13,
            "rrelocate_4": 13,
            "two_opt": 29
        },
        "rate": {
            "centered_exchange_1": 0.145454540848732,
            "exchange_1_2": 0.27272728085517883,
            "exchange_2_2": 0.16363635659217834,
            "exchange_3_3": 0.12727272510528564,
            "exchange_3_4": 0.12727272510528564,
            "exchange_4_4": 0.05454545468091965,
            "exchange_ids": 0.4464285671710968,
            "insert_1": 0.0,
            "move_all_by_1": 0.20930232107639313,
            "move_all_by_2": 0.20930232107639313,
            "relocate_1": 0.8181818127632141,
            "relocate_5": 0.2954545319080353,
            "remove_1": 0.0,
            "rexchange_2_2": 0.145454540848732,
            "rexchange_2_3": 0.2181818187236786,
            "rexchange_4_4": 0.05454545468091965,
            "rrelocate_3": 0.2954545319080353,
            "rrelocate_4": 0.302325576543808,
            "two_opt": 0.5
        }
    },
    "last_improvement": 1,
    "name": "random-50-14.42-61",
    "solution": {
        "fitness": 1307,
        "is_feasible": true,
        "permutation": [
            8,
            4,
            20,
            21,
            37,
            27,
            23,
            41,
            3,
            35,
            24,
            28,
            36,
            43,
            16,
            9,
            38,
            13,
            32,
            29,
            22,
            5,
            2,
            47,
            6,
            17,
            7,
            42,
            12,
            46,
            18,
            15,
            31,
            0,
            34,
            10,
            30,
            33,
            48,
            14,
            49,
            1,
            26,
            11,
            39,
            45,
            19,
            40,
            25,
            44
        ],
        "permutation_orig_ids": [
            "9",
            "5",
            "21",
            "22",
            "38",
            "28",
            "24",
            "42",
            "4",
            "36",
            "25",
            "29",
            "37",
            "44",
            "17",
            "10",
            "39",
            "14",
            "33",
            "30",
            "23",
            "6",
            "3",
            "48",
            "7",
            "18",
            "8",
            "43",
            "13",
            "47",
            "19",
            "16",
            "32",
            "1",
            "35",
            "11",
            "31",
            "34",
            "49",
            "15",
            "50",
            "2",
            "27",
            "12",
            "40",
            "46",
            "20",
            "41",
            "26",
            "45"
        ]
    },
    "steps": {
        "0": 1001236,
        "1": 1307
    },
    "timeout": 5
}