{
    "config": {
        "allow_infeasible": true,
        "construction": "random_replicate",
        "ils_k": 6,
        "local_search": "CVND",
        "metaheuristic": "ILS",
        "num_threads": 8,
        "operators": [
            "insert_1",
            "remove_1",
            "two_opt",
            "exchange_ids",
            "exchange_1_2",
            "exchange_2_2",
            "exchange_3_3",
            "exchange_3_4",
            "exchange_4_4",
            "rexchange_2_2",
            "rexchange_2_3",
            "rexchange_4_4",
            "centered_exchange_1",
            "relocate_1",
            "relocate_5",
            "rrelocate_3",
            "rrelocate_4",
            "move_all_by_1",
            "move_all_by_2"
        ],
        "perturbation": [
            "random_double_bridge"
        ],
        "stop_on_feasible": true,
        "timeout": 5
    },
    "histogram": {
        "all": {
            "centered_exchange_1": 65,
            "exchange_1_2": 66,
            "exchange_2_2": 66,
            "exchange_3_3": 66,
            "exchange_3_4": 66,
            "exchange_4_4": 66,
            "exchange_ids": 66,
            "insert_1": 73,
            "move_all_by_1": 49,
            "move_all_by_2": 49,
            "relocate_1": 52,
            "relocate_5": 51,
            "remove_1": 73,
            "rexchange_2_2": 66,
            "rexchange_2_3": 66,
            "rexchange_4_4": 65,
            "rrelocate_3": 49,
            "rrelocate_4": 49,
            "two_opt": 68
        },
        "improving": {
            "centered_exchange_1": 10,
            "exchange_1_2": 26,
            "exchange_2_2": 11,
            "exchange_3_3": 8,
            "exchange_3_4": 8,
            "exchange_4_4": 4,
            "exchange_ids": 28,
            "insert_1": 0,
            "move_all_by_1": 12,
            "move_all_by_2": 10,
            "relocate_1": 39,
            "relocate_5": 11,
            "remove_1": 0,
            "rexchange_2_2": 18,
            "rexchange_2_3": 12,
            "rexchange_4_4": 8,
            "rrelocate_3": 14,
            "rrelocate_4": 8,
            "two_opt": 31
        },
        "rate": {
            "centered_exchange_1": 0.1538461595773697,
            "exchange_1_2": 0.39393940567970276,
            "exchange_2_2": 0.1666666716337204,
            "exchange_3_3": 0.12121212482452393,
            "exchange_3_4": 0.12121212482452393,
            "exchange_4_4": 0.06060606241226196,
            "exchange_ids": 0.42424243688583374,
            "insert_1": 0.0,
            "move_all_by_1": 0.2448979616165161,
            "move_all_by_2": 0.20408163964748383,
            "relocate_1": 0.75,
            "relocate_5": 0.21568627655506134,
            "remove_1": 0.0,
            "rexchange_2_2": 0.27272728085517883,
            "rexchange_2_3": 0.1818181872367859,
            "rexchange_4_4": 0.1230769231915474,
            "rrelocate_3": 0.2857142984867096,
            "rrelocate_4": 0.16326530277729034,
            "two_opt": 0.45588234066963196
        }
    },
    "last_improvement": 1,
    "name": "random-50-12.75-68",
    "solution": {
        "fitness": 1710,
        "is_feasible": true,
        "permutation": [
            47,
            11,
            25,
            45,
            20,
            30,
            2,
            48,
            32,
            49,
            0,
            13,
            14,
            23,
            31,
            12,
            26,
            41,
            9,
            10,
            8,
            33,
            21,
            15,
            38,
            36,
            42,
            19,
            5,
            4,
            16,
            44,
            27,
            35,
            28,
            46,
            40,
            22,
            34,
            39,
            1,
            3,
            37,
            6,
            17,
            18,
            7,
            29,
            43,
            24
        ],
        "permutation_orig_ids": [
            "48",
            "12",
            "26",
            "46",
            "21",
            "31",
            "3",
            "49",
            "33",
            "50",
            "1",
            "14",
            "15",
            "24",
            "32",
            "13",
            "27",
            "42",
            "10",
            "11",
            "9",
            "34",
            "22",
            "16",
            "39",
            "37",
            "43",
            "20",
            "6",
            "5",
            "17",
            "45",
            "28",
            "36",
            "29",
            "47",
            "41",
            "23",
            "35",
            "40",
            "2",
            "4",
            "38",
            "7",
            "18",
            "19",
            "8",
            "30",
            "44",
            "25"
        ]
    },
    "steps": {
        "0": 1001680,
        "1": 1710
    },
    "timeout": 5
}