{
    "config": {
        "allow_infeasible": true,
        "construction": "random_replicate",
        "ils_k": 6,
        "local_search": "CVND",
        "metaheuristic": "ILS",
        "num_threads": 8,
        "operators": [
            "insert_1",
            "remove_1",
            "two_opt",
            "exchange_ids",
            "exchange_1_2",
            "exchange_2_2",
            "exchange_3_3",
            "exchange_3_4",
            "exchange_4_4",
            "rexchange_2_2",
            "rexchange_2_3",
            "rexchange_4_4",
            "centered_exchange_1",
            "relocate_1",
            "relocate_5",
            "rrelocate_3",
            "rrelocate_4",
            "move_all_by_1",
            "move_all_by_2"
        ],
        "perturbation": [
            "random_double_bridge"
        ],
        "stop_on_feasible": true,
        "timeout": 5
    },
    "histogram": {
        "all": {
            "centered_exchange_1": 243,
            "exchange_1_2": 249,
            "exchange_2_2": 248,
            "exchange_3_3": 248,
            "exchange_3_4": 248,
            "exchange_4_4": 248,
            "exchange_ids": 254,
            "insert_1": 281,
            "move_all_by_1": 190,
            "move_all_by_2": 187,
            "relocate_1": 203,
            "relocate_5": 201,
            "remove_1": 281,
            "rexchange_2_2": 245,
            "rexchange_2_3": 244,
            "rexchange_4_4": 244,
            "rrelocate_3": 195,
            "rrelocate_4": 193,
            "two_opt": 264
        },
        "improving": {
            "centered_exchange_1": 51,
            "exchange_1_2": 90,
            "exchange_2_2": 53,
            "exchange_3_3": 28,
            "exchange_3_4": 23,
            "exchange_4_4": 9,
            "exchange_ids": 109,
            "insert_1": 0,
            "move_all_by_1": 42,
            "move_all_by_2": 29,
            "relocate_1": 141,
            "relocate_5": 41,
            "remove_1": 0,
            "rexchange_2_2": 66,
            "rexchange_2_3": 33,
            "rexchange_4_4": 11,
            "rrelocate_3": 63,
            "rrelocate_4": 25,
            "two_opt": 124
        },
        "rate": {
            "centered_exchange_1": 0.20987653732299805,
            "exchange_1_2": 0.3614457845687866,
            "exchange_2_2": 0.21370968222618103,
            "exchange_3_3": 0.11290322244167328,
            "exchange_3_4": 0.0927419364452362,
            "exchange_4_4": 0.03629032149910927,
            "exchange_ids": 0.4291338622570038,
            "insert_1": 0.0,
            "move_all_by_1": 0.2210526317358017,
            "move_all_by_2": 0.15508021414279938,
            "relocate_1": 0.6945812702178955,
            "relocate_5": 0.20398010313510895,
            "remove_1": 0.0,
            "rexchange_2_2": 0.26938775181770325,
            "rexchange_2_3": 0.1352459043264389,
            "rexchange_4_4": 0.0450819656252861,
            "rrelocate_3": 0.32307693362236023,
            "rrelocate_4": 0.12953367829322815,
            "two_opt": 0.469696968793869
        }
    },
    "last_improvement": 4,
    "name": "random-50-9.83-85",
    "solution": {
        "fitness": 1001401,
        "is_feasible": false,
        "permutation": [
            0,
            44,
            3,
            24,
            15,
            35,
            13,
            29,
            37,
            39,
            21,
            46,
            26,
            28,
            45,
            20,
            30,
            2,
            9,
            7,
            40,
            6,
            22,
            11,
            48,
            8,
            5,
            1,
            16,
            49,
            47,
            14,
            10,
            41,
            38,
            17,
            43,
            31,
            12,
            25,
            36,
            4,
            19,
            34,
            23,
            32,
            42,
            33,
            18,
            27
        ],
        "permutation_orig_ids": [
            "1",
            "45",
            "4",
            "25",
            "16",
            "36",
            "14",
            "30",
            "38",
            "40",
            "22",
            "47",
            "27",
            "29",
            "46",
            "21",
            "31",
            "3",
            "10",
            "8",
            "41",
            "7",
            "23",
            "12",
            "49",
            "9",
            "6",
            "2",
            "17",
            "50",
            "48",
            "15",
            "11",
            "42",
            "39",
            "18",
            "44",
            "32",
            "13",
            "26",
            "37",
            "5",
            "20",
            "35",
            "24",
            "33",
            "43",
            "34",
            "19",
            "28"
        ]
    },
    "steps": {
        "0": 5001255,
        "1": 3001175,
        "2": 2001332,
        "3": 1001420,
        "4": 1001401
    },
    "timeout": 5
}