{
    "config": {
        "allow_infeasible": true,
        "construction": "random_replicate",
        "ils_k": 6,
        "local_search": "CVND",
        "metaheuristic": "ILS",
        "num_threads": 8,
        "operators": [
            "insert_1",
            "remove_1",
            "two_opt",
            "exchange_ids",
            "exchange_1_2",
            "exchange_2_2",
            "exchange_3_3",
            "exchange_3_4",
            "exchange_4_4",
            "rexchange_2_2",
            "rexchange_2_3",
            "rexchange_4_4",
            "centered_exchange_1",
            "relocate_1",
            "relocate_5",
            "rrelocate_3",
            "rrelocate_4",
            "move_all_by_1",
            "move_all_by_2"
        ],
        "perturbation": [
            "random_double_bridge"
        ],
        "stop_on_feasible": true,
        "timeout": 5
    },
    "histogram": {
        "all": {
            "centered_exchange_1": 29,
            "exchange_1_2": 29,
            "exchange_2_2": 29,
            "exchange_3_3": 29,
            "exchange_3_4": 29,
            "exchange_4_4": 29,
            "exchange_ids": 29,
            "insert_1": 35,
            "move_all_by_1": 23,
            "move_all_by_2": 23,
            "relocate_1": 25,
            "relocate_5": 25,
            "remove_1": 35,
            "rexchange_2_2": 29,
            "rexchange_2_3": 29,
            "rexchange_4_4": 29,
            "rrelocate_3": 24,
            "rrelocate_4": 24,
            "two_opt": 30
        },
        "improving": {
            "centered_exchange_1": 4,
            "exchange_1_2": 11,
            "exchange_2_2": 5,
            "exchange_3_3": 2,
            "exchange_3_4": 4,
            "exchange_4_4": 3,
            "exchange_ids": 14,
            "insert_1": 0,
            "move_all_by_1": 6,
            "move_all_by_2": 2,
            "relocate_1": 16,
            "relocate_5": 4,
            "remove_1": 0,
            "rexchange_2_2": 4,
            "rexchange_2_3": 5,
            "rexchange_4_4": 3,
            "rrelocate_3": 9,
            "rrelocate_4": 4,
            "two_opt": 19
        },
        "rate": {
            "centered_exchange_1": 0.13793103396892548,
            "exchange_1_2": 0.37931033968925476,
            "exchange_2_2": 0.17241379618644714,
            "exchange_3_3": 0.06896551698446274,
            "exchange_3_4": 0.13793103396892548,
            "exchange_4_4": 0.1034482792019844,
            "exchange_ids": 0.48275861144065857,
            "insert_1": 0.0,
            "move_all_by_1": 0.260869562625885,
            "move_all_by_2": 0.08695652335882187,
            "relocate_1": 0.6399999856948853,
            "relocate_5": 0.1599999964237213,
            "remove_1": 0.0,
            "rexchange_2_2": 0.13793103396892548,
            "rexchange_2_3": 0.17241379618644714,
            "rexchange_4_4": 0.1034482792019844,
            "rrelocate_3": 0.375,
            "rrelocate_4": 0.1666666716337204,
            "two_opt": 0.6333333253860474
        }
    },
    "last_improvement": 0,
    "name": "random-50-15.08-66",
    "solution": {
        "fitness": 1454,
        "is_feasible": true,
        "permutation": [
            36,
            43,
            35,
            16,
            20,
            48,
            47,
            41,
            33,
            9,
            21,
            17,
            1,
            34,
            42,
            14,
            5,
            32,
            7,
            0,
            15,
            12,
            10,
            28,
            45,
            2,
            8,
            25,
            26,
            11,
            18,
            30,
            46,
            38,
            31,
            37,
            19,
            44,
            29,
            40,
            22,
            39,
            4,
            49,
            3,
            23,
            6,
            24,
            27,
            13
        ],
        "permutation_orig_ids": [
            "37",
            "44",
            "36",
            "17",
            "21",
            "49",
            "48",
            "42",
            "34",
            "10",
            "22",
            "18",
            "2",
            "35",
            "43",
            "15",
            "6",
            "33",
            "8",
            "1",
            "16",
            "13",
            "11",
            "29",
            "46",
            "3",
            "9",
            "26",
            "27",
            "12",
            "19",
            "31",
            "47",
            "39",
            "32",
            "38",
            "20",
            "45",
            "30",
            "41",
            "23",
            "40",
            "5",
            "50",
            "4",
            "24",
            "7",
            "25",
            "28",
            "14"
        ]
    },
    "steps": {
        "0": 1454
    },
    "timeout": 5
}