{
    "config": {
        "allow_infeasible": true,
        "construction": "random_replicate",
        "ils_k": 6,
        "local_search": "CVND",
        "metaheuristic": "ILS",
        "num_threads": 8,
        "operators": [
            "insert_1",
            "remove_1",
            "two_opt",
            "exchange_ids",
            "exchange_1_2",
            "exchange_2_2",
            "exchange_3_3",
            "exchange_3_4",
            "exchange_4_4",
            "rexchange_2_2",
            "rexchange_2_3",
            "rexchange_4_4",
            "centered_exchange_1",
            "relocate_1",
            "relocate_5",
            "rrelocate_3",
            "rrelocate_4",
            "move_all_by_1",
            "move_all_by_2"
        ],
        "perturbation": [
            "random_double_bridge"
        ],
        "stop_on_feasible": true,
        "timeout": 5
    },
    "histogram": {
        "all": {
            "centered_exchange_1": 39,
            "exchange_1_2": 39,
            "exchange_2_2": 39,
            "exchange_3_3": 39,
            "exchange_3_4": 39,
            "exchange_4_4": 39,
            "exchange_ids": 39,
            "insert_1": 41,
            "move_all_by_1": 29,
            "move_all_by_2": 28,
            "relocate_1": 29,
            "relocate_5": 29,
            "remove_1": 41,
            "rexchange_2_2": 39,
            "rexchange_2_3": 39,
            "rexchange_4_4": 39,
            "rrelocate_3": 29,
            "rrelocate_4": 29,
            "two_opt": 39
        },
        "improving": {
            "centered_exchange_1": 5,
            "exchange_1_2": 16,
            "exchange_2_2": 7,
            "exchange_3_3": 6,
            "exchange_3_4": 3,
            "exchange_4_4": 4,
            "exchange_ids": 18,
            "insert_1": 0,
            "move_all_by_1": 7,
            "move_all_by_2": 6,
            "relocate_1": 26,
            "relocate_5": 4,
            "remove_1": 0,
            "rexchange_2_2": 9,
            "rexchange_2_3": 8,
            "rexchange_4_4": 3,
            "rrelocate_3": 9,
            "rrelocate_4": 7,
            "two_opt": 22
        },
        "rate": {
            "centered_exchange_1": 0.12820513546466827,
            "exchange_1_2": 0.41025641560554504,
            "exchange_2_2": 0.1794871836900711,
            "exchange_3_3": 0.1538461595773697,
            "exchange_3_4": 0.07692307978868484,
            "exchange_4_4": 0.10256410390138626,
            "exchange_ids": 0.4615384638309479,
            "insert_1": 0.0,
            "move_all_by_1": 0.24137930572032928,
            "move_all_by_2": 0.2142857164144516,
            "relocate_1": 0.8965517282485962,
            "relocate_5": 0.13793103396892548,
            "remove_1": 0.0,
            "rexchange_2_2": 0.23076923191547394,
            "rexchange_2_3": 0.20512820780277252,
            "rexchange_4_4": 0.07692307978868484,
            "rrelocate_3": 0.3103448152542114,
            "rrelocate_4": 0.24137930572032928,
            "two_opt": 0.5641025900840759
        }
    },
    "last_improvement": 0,
    "name": "random-50-12.50-73",
    "solution": {
        "fitness": 1928,
        "is_feasible": true,
        "permutation": [
            11,
            6,
            14,
            34,
            43,
            27,
            33,
            18,
            31,
            20,
            10,
            39,
            25,
            22,
            40,
            8,
            45,
            41,
            46,
            47,
            3,
            36,
            1,
            35,
            4,
            5,
            30,
            38,
            12,
            0,
            48,
            7,
            28,
            9,
            16,
            19,
            23,
            32,
            21,
            24,
            37,
            42,
            15,
            13,
            29,
            44,
            2,
            17,
            26,
            49
        ],
        "permutation_orig_ids": [
            "12",
            "7",
            "15",
            "35",
            "44",
            "28",
            "34",
            "19",
            "32",
            "21",
            "11",
            "40",
            "26",
            "23",
            "41",
            "9",
            "46",
            "42",
            "47",
            "48",
            "4",
            "37",
            "2",
            "36",
            "5",
            "6",
            "31",
            "39",
            "13",
            "1",
            "49",
            "8",
            "29",
            "10",
            "17",
            "20",
            "24",
            "33",
            "22",
            "25",
            "38",
            "43",
            "16",
            "14",
            "30",
            "45",
            "3",
            "18",
            "27",
            "50"
        ]
    },
    "steps": {
        "0": 1928
    },
    "timeout": 5
}