{
    "config": {
        "allow_infeasible": true,
        "construction": "random_replicate",
        "ils_k": 6,
        "local_search": "CVND",
        "metaheuristic": "ILS",
        "num_threads": 8,
        "operators": [
            "insert_1",
            "remove_1",
            "two_opt",
            "exchange_ids",
            "exchange_1_2",
            "exchange_2_2",
            "exchange_3_3",
            "exchange_3_4",
            "exchange_4_4",
            "rexchange_2_2",
            "rexchange_2_3",
            "rexchange_4_4",
            "centered_exchange_1",
            "relocate_1",
            "relocate_5",
            "rrelocate_3",
            "rrelocate_4",
            "move_all_by_1",
            "move_all_by_2"
        ],
        "perturbation": [
            "random_double_bridge"
        ],
        "stop_on_feasible": true,
        "timeout": 5
    },
    "histogram": {
        "all": {
            "centered_exchange_1": 26,
            "exchange_1_2": 26,
            "exchange_2_2": 26,
            "exchange_3_3": 26,
            "exchange_3_4": 26,
            "exchange_4_4": 26,
            "exchange_ids": 26,
            "insert_1": 28,
            "move_all_by_1": 20,
            "move_all_by_2": 20,
            "relocate_1": 20,
            "relocate_5": 20,
            "remove_1": 28,
            "rexchange_2_2": 26,
            "rexchange_2_3": 26,
            "rexchange_4_4": 26,
            "rrelocate_3": 20,
            "rrelocate_4": 20,
            "two_opt": 27
        },
        "improving": {
            "centered_exchange_1": 5,
            "exchange_1_2": 11,
            "exchange_2_2": 4,
            "exchange_3_3": 4,
            "exchange_3_4": 5,
            "exchange_4_4": 2,
            "exchange_ids": 10,
            "insert_1": 0,
            "move_all_by_1": 7,
            "move_all_by_2": 4,
            "relocate_1": 18,
            "relocate_5": 6,
            "remove_1": 0,
            "rexchange_2_2": 8,
            "rexchange_2_3": 7,
            "rexchange_4_4": 3,
            "rrelocate_3": 6,
            "rrelocate_4": 4,
            "two_opt": 14
        },
        "rate": {
            "centered_exchange_1": 0.19230769574642181,
            "exchange_1_2": 0.42307692766189575,
            "exchange_2_2": 0.1538461595773697,
            "exchange_3_3": 0.1538461595773697,
            "exchange_3_4": 0.19230769574642181,
            "exchange_4_4": 0.07692307978868484,
            "exchange_ids": 0.38461539149284363,
            "insert_1": 0.0,
            "move_all_by_1": 0.3499999940395355,
            "move_all_by_2": 0.20000000298023224,
            "relocate_1": 0.8999999761581421,
            "relocate_5": 0.30000001192092896,
            "remove_1": 0.0,
            "rexchange_2_2": 0.3076923191547394,
            "rexchange_2_3": 0.26923078298568726,
            "rexchange_4_4": 0.11538461595773697,
            "rrelocate_3": 0.30000001192092896,
            "rrelocate_4": 0.20000000298023224,
            "two_opt": 0.5185185074806213
        }
    },
    "last_improvement": 0,
    "name": "random-50-15.17-15",
    "solution": {
        "fitness": 1684,
        "is_feasible": true,
        "permutation": [
            20,
            44,
            49,
            34,
            32,
            39,
            12,
            35,
            42,
            9,
            46,
            31,
            28,
            18,
            30,
            29,
            19,
            25,
            27,
            11,
            21,
            7,
            37,
            10,
            40,
            26,
            8,
            33,
            5,
            41,
            13,
            36,
            15,
            45,
            22,
            17,
            6,
            23,
            14,
            43,
            1,
            48,
            2,
            16,
            47,
            0,
            3,
            4,
            24,
            38
        ],
        "permutation_orig_ids": [
            "21",
            "45",
            "50",
            "35",
            "33",
            "40",
            "13",
            "36",
            "43",
            "10",
            "47",
            "32",
            "29",
            "19",
            "31",
            "30",
            "20",
            "26",
            "28",
            "12",
            "22",
            "8",
            "38",
            "11",
            "41",
            "27",
            "9",
            "34",
            "6",
            "42",
            "14",
            "37",
            "16",
            "46",
            "23",
            "18",
            "7",
            "24",
            "15",
            "44",
            "2",
            "49",
            "3",
            "17",
            "48",
            "1",
            "4",
            "5",
            "25",
            "39"
        ]
    },
    "steps": {
        "0": 1684
    },
    "timeout": 5
}