{
    "config": {
        "allow_infeasible": true,
        "construction": "random_replicate",
        "ils_k": 6,
        "local_search": "CVND",
        "metaheuristic": "ILS",
        "num_threads": 8,
        "operators": [
            "insert_1",
            "remove_1",
            "two_opt",
            "exchange_ids",
            "exchange_1_2",
            "exchange_2_2",
            "exchange_3_3",
            "exchange_3_4",
            "exchange_4_4",
            "rexchange_2_2",
            "rexchange_2_3",
            "rexchange_4_4",
            "centered_exchange_1",
            "relocate_1",
            "relocate_5",
            "rrelocate_3",
            "rrelocate_4",
            "move_all_by_1",
            "move_all_by_2"
        ],
        "perturbation": [
            "random_double_bridge"
        ],
        "stop_on_feasible": true,
        "timeout": 5
    },
    "histogram": {
        "all": {
            "centered_exchange_1": 11,
            "exchange_1_2": 11,
            "exchange_2_2": 11,
            "exchange_3_3": 11,
            "exchange_3_4": 11,
            "exchange_4_4": 11,
            "exchange_ids": 11,
            "insert_1": 11,
            "move_all_by_1": 9,
            "move_all_by_2": 9,
            "relocate_1": 10,
            "relocate_5": 10,
            "remove_1": 11,
            "rexchange_2_2": 11,
            "rexchange_2_3": 11,
            "rexchange_4_4": 11,
            "rrelocate_3": 9,
            "rrelocate_4": 9,
            "two_opt": 11
        },
        "improving": {
            "centered_exchange_1": 3,
            "exchange_1_2": 3,
            "exchange_2_2": 2,
            "exchange_3_3": 2,
            "exchange_3_4": 1,
            "exchange_4_4": 2,
            "exchange_ids": 5,
            "insert_1": 0,
            "move_all_by_1": 4,
            "move_all_by_2": 4,
            "relocate_1": 9,
            "relocate_5": 3,
            "remove_1": 0,
            "rexchange_2_2": 4,
            "rexchange_2_3": 5,
            "rexchange_4_4": 0,
            "rrelocate_3": 7,
            "rrelocate_4": 3,
            "two_opt": 6
        },
        "rate": {
            "centered_exchange_1": 0.27272728085517883,
            "exchange_1_2": 0.27272728085517883,
            "exchange_2_2": 0.1818181872367859,
            "exchange_3_3": 0.1818181872367859,
            "exchange_3_4": 0.09090909361839294,
            "exchange_4_4": 0.1818181872367859,
            "exchange_ids": 0.4545454680919647,
            "insert_1": 0.0,
            "move_all_by_1": 0.4444444477558136,
            "move_all_by_2": 0.4444444477558136,
            "relocate_1": 0.8999999761581421,
            "relocate_5": 0.30000001192092896,
            "remove_1": 0.0,
            "rexchange_2_2": 0.3636363744735718,
            "rexchange_2_3": 0.4545454680919647,
            "rexchange_4_4": 0.0,
            "rrelocate_3": 0.7777777910232544,
            "rrelocate_4": 0.3333333432674408,
            "two_opt": 0.5454545617103577
        }
    },
    "last_improvement": 0,
    "name": "random-50-15.67-20",
    "solution": {
        "fitness": 1416,
        "is_feasible": true,
        "permutation": [
            24,
            48,
            26,
            41,
            34,
            39,
            19,
            45,
            23,
            10,
            18,
            2,
            4,
            29,
            44,
            0,
            25,
            7,
            12,
            46,
            8,
            15,
            43,
            16,
            1,
            3,
            31,
            38,
            14,
            32,
            27,
            21,
            9,
            28,
            17,
            30,
            35,
            33,
            37,
            22,
            5,
            13,
            40,
            11,
            42,
            6,
            47,
            49,
            36,
            20
        ],
        "permutation_orig_ids": [
            "25",
            "49",
            "27",
            "42",
            "35",
            "40",
            "20",
            "46",
            "24",
            "11",
            "19",
            "3",
            "5",
            "30",
            "45",
            "1",
            "26",
            "8",
            "13",
            "47",
            "9",
            "16",
            "44",
            "17",
            "2",
            "4",
            "32",
            "39",
            "15",
            "33",
            "28",
            "22",
            "10",
            "29",
            "18",
            "31",
            "36",
            "34",
            "38",
            "23",
            "6",
            "14",
            "41",
            "12",
            "43",
            "7",
            "48",
            "50",
            "37",
            "21"
        ]
    },
    "steps": {
        "0": 1416
    },
    "timeout": 5
}