{
    "config": {
        "allow_infeasible": true,
        "construction": "random_replicate",
        "ils_k": 6,
        "local_search": "CVND",
        "metaheuristic": "ILS",
        "num_threads": 8,
        "operators": [
            "insert_1",
            "remove_1",
            "two_opt",
            "exchange_ids",
            "exchange_1_2",
            "exchange_2_2",
            "exchange_3_3",
            "exchange_3_4",
            "exchange_4_4",
            "rexchange_2_2",
            "rexchange_2_3",
            "rexchange_4_4",
            "centered_exchange_1",
            "relocate_1",
            "relocate_5",
            "rrelocate_3",
            "rrelocate_4",
            "move_all_by_1",
            "move_all_by_2"
        ],
        "perturbation": [
            "random_double_bridge"
        ],
        "stop_on_feasible": true,
        "timeout": 5
    },
    "histogram": {
        "all": {
            "centered_exchange_1": 16,
            "exchange_1_2": 16,
            "exchange_2_2": 16,
            "exchange_3_3": 16,
            "exchange_3_4": 16,
            "exchange_4_4": 16,
            "exchange_ids": 16,
            "insert_1": 18,
            "move_all_by_1": 13,
            "move_all_by_2": 13,
            "relocate_1": 14,
            "relocate_5": 14,
            "remove_1": 18,
            "rexchange_2_2": 16,
            "rexchange_2_3": 16,
            "rexchange_4_4": 16,
            "rrelocate_3": 13,
            "rrelocate_4": 13,
            "two_opt": 16
        },
        "improving": {
            "centered_exchange_1": 3,
            "exchange_1_2": 5,
            "exchange_2_2": 6,
            "exchange_3_3": 3,
            "exchange_3_4": 3,
            "exchange_4_4": 1,
            "exchange_ids": 8,
            "insert_1": 0,
            "move_all_by_1": 8,
            "move_all_by_2": 5,
            "relocate_1": 10,
            "relocate_5": 5,
            "remove_1": 0,
            "rexchange_2_2": 5,
            "rexchange_2_3": 5,
            "rexchange_4_4": 2,
            "rrelocate_3": 7,
            "rrelocate_4": 7,
            "two_opt": 12
        },
        "rate": {
            "centered_exchange_1": 0.1875,
            "exchange_1_2": 0.3125,
            "exchange_2_2": 0.375,
            "exchange_3_3": 0.1875,
            "exchange_3_4": 0.1875,
            "exchange_4_4": 0.0625,
            "exchange_ids": 0.5,
            "insert_1": 0.0,
            "move_all_by_1": 0.6153846383094788,
            "move_all_by_2": 0.38461539149284363,
            "relocate_1": 0.7142857313156128,
            "relocate_5": 0.3571428656578064,
            "remove_1": 0.0,
            "rexchange_2_2": 0.3125,
            "rexchange_2_3": 0.3125,
            "rexchange_4_4": 0.125,
            "rrelocate_3": 0.5384615659713745,
            "rrelocate_4": 0.5384615659713745,
            "two_opt": 0.75
        }
    },
    "last_improvement": 0,
    "name": "random-50-13.33-75",
    "solution": {
        "fitness": 1409,
        "is_feasible": true,
        "permutation": [
            4,
            20,
            37,
            22,
            16,
            31,
            7,
            0,
            19,
            14,
            18,
            47,
            35,
            11,
            17,
            40,
            36,
            26,
            42,
            48,
            29,
            45,
            21,
            10,
            43,
            39,
            3,
            8,
            33,
            32,
            28,
            41,
            9,
            15,
            27,
            5,
            46,
            1,
            12,
            34,
            13,
            44,
            23,
            30,
            2,
            38,
            24,
            6,
            49,
            25
        ],
        "permutation_orig_ids": [
            "5",
            "21",
            "38",
            "23",
            "17",
            "32",
            "8",
            "1",
            "20",
            "15",
            "19",
            "48",
            "36",
            "12",
            "18",
            "41",
            "37",
            "27",
            "43",
            "49",
            "30",
            "46",
            "22",
            "11",
            "44",
            "40",
            "4",
            "9",
            "34",
            "33",
            "29",
            "42",
            "10",
            "16",
            "28",
            "6",
            "47",
            "2",
            "13",
            "35",
            "14",
            "45",
            "24",
            "31",
            "3",
            "39",
            "25",
            "7",
            "50",
            "26"
        ]
    },
    "steps": {
        "0": 1409
    },
    "timeout": 5
}