{
    "config": {
        "allow_infeasible": true,
        "construction": "random_replicate",
        "ils_k": 6,
        "local_search": "CVND",
        "metaheuristic": "ILS",
        "num_threads": 8,
        "operators": [
            "insert_1",
            "remove_1",
            "two_opt",
            "exchange_ids",
            "exchange_1_2",
            "exchange_2_2",
            "exchange_3_3",
            "exchange_3_4",
            "exchange_4_4",
            "rexchange_2_2",
            "rexchange_2_3",
            "rexchange_4_4",
            "centered_exchange_1",
            "relocate_1",
            "relocate_5",
            "rrelocate_3",
            "rrelocate_4",
            "move_all_by_1",
            "move_all_by_2"
        ],
        "perturbation": [
            "random_double_bridge"
        ],
        "stop_on_feasible": true,
        "timeout": 3
    },
    "histogram": {
        "all": {
            "centered_exchange_1": 148,
            "exchange_1_2": 151,
            "exchange_2_2": 151,
            "exchange_3_3": 151,
            "exchange_3_4": 151,
            "exchange_4_4": 151,
            "exchange_ids": 158,
            "insert_1": 192,
            "move_all_by_1": 113,
            "move_all_by_2": 109,
            "relocate_1": 127,
            "relocate_5": 126,
            "remove_1": 192,
            "rexchange_2_2": 151,
            "rexchange_2_3": 151,
            "rexchange_4_4": 151,
            "rrelocate_3": 125,
            "rrelocate_4": 125,
            "two_opt": 173
        },
        "improving": {
            "centered_exchange_1": 16,
            "exchange_1_2": 45,
            "exchange_2_2": 20,
            "exchange_3_3": 8,
            "exchange_3_4": 6,
            "exchange_4_4": 0,
            "exchange_ids": 66,
            "insert_1": 0,
            "move_all_by_1": 24,
            "move_all_by_2": 10,
            "relocate_1": 47,
            "relocate_5": 7,
            "remove_1": 0,
            "rexchange_2_2": 15,
            "rexchange_2_3": 2,
            "rexchange_4_4": 1,
            "rrelocate_3": 9,
            "rrelocate_4": 1,
            "two_opt": 84
        },
        "rate": {
            "centered_exchange_1": 0.10810811072587967,
            "exchange_1_2": 0.29801324009895325,
            "exchange_2_2": 0.13245032727718353,
            "exchange_3_3": 0.05298013240098953,
            "exchange_3_4": 0.0397351011633873,
            "exchange_4_4": 0.0,
            "exchange_ids": 0.4177215099334717,
            "insert_1": 0.0,
            "move_all_by_1": 0.21238937973976135,
            "move_all_by_2": 0.0917431190609932,
            "relocate_1": 0.3700787425041199,
            "relocate_5": 0.0555555559694767,
            "remove_1": 0.0,
            "rexchange_2_2": 0.09933774918317795,
            "rexchange_2_3": 0.013245033100247383,
            "rexchange_4_4": 0.0066225165501236916,
            "rrelocate_3": 0.07199999690055847,
            "rrelocate_4": 0.00800000037997961,
            "two_opt": 0.48554912209510803
        }
    },
    "last_improvement": 0,
    "name": "random-24-0.67-35",
    "solution": {
        "fitness": 6001064,
        "is_feasible": false,
        "permutation": [
            5,
            22,
            18,
            11,
            23,
            19,
            17,
            16,
            4,
            20,
            14,
            21,
            2,
            13,
            8,
            7,
            1,
            15,
            9,
            6,
            0,
            3,
            12,
            10
        ],
        "permutation_orig_ids": [
            "6",
            "23",
            "19",
            "12",
            "24",
            "20",
            "18",
            "17",
            "5",
            "21",
            "15",
            "22",
            "3",
            "14",
            "9",
            "8",
            "2",
            "16",
            "10",
            "7",
            "1",
            "4",
            "13",
            "11"
        ],
        "walk_orig_ids": [
            "6",
            "23",
            "14",
            "19",
            "2",
            "12",
            "24",
            "20",
            "18",
            "17",
            "8",
            "9",
            "5",
            "21",
            "15",
            "9",
            "22",
            "9",
            "14",
            "3",
            "14",
            "9",
            "8",
            "2",
            "16",
            "10",
            "7",
            "1",
            "4",
            "13",
            "11"
        ],
        "walk_processing": [
            true,
            true,
            false,
            true,
            false,
            true,
            true,
            true,
            true,
            true,
            false,
            false,
            true,
            true,
            true,
            false,
            true,
            false,
            false,
            true,
            true,
            true,
            true,
            true,
            true,
            true,
            true,
            true,
            true,
            true,
            true
        ]
    },
    "steps": {
        "0": 6001064
    },
    "timeout": 3
}