{
    "config": {
        "allow_infeasible": true,
        "construction": "random_replicate",
        "ils_k": 6,
        "local_search": "CVND",
        "metaheuristic": "ILS",
        "num_threads": 8,
        "operators": [
            "insert_1",
            "remove_1",
            "two_opt",
            "exchange_ids",
            "exchange_1_2",
            "exchange_2_2",
            "exchange_3_3",
            "exchange_3_4",
            "exchange_4_4",
            "rexchange_2_2",
            "rexchange_2_3",
            "rexchange_4_4",
            "centered_exchange_1",
            "relocate_1",
            "relocate_5",
            "rrelocate_3",
            "rrelocate_4",
            "move_all_by_1",
            "move_all_by_2"
        ],
        "perturbation": [
            "random_double_bridge"
        ],
        "stop_on_feasible": true,
        "timeout": 3
    },
    "histogram": {
        "all": {
            "centered_exchange_1": 41,
            "exchange_1_2": 42,
            "exchange_2_2": 41,
            "exchange_3_3": 41,
            "exchange_3_4": 41,
            "exchange_4_4": 41,
            "exchange_ids": 44,
            "insert_1": 53,
            "move_all_by_1": 35,
            "move_all_by_2": 32,
            "relocate_1": 36,
            "relocate_5": 36,
            "remove_1": 53,
            "rexchange_2_2": 41,
            "rexchange_2_3": 41,
            "rexchange_4_4": 41,
            "rrelocate_3": 36,
            "rrelocate_4": 36,
            "two_opt": 49
        },
        "improving": {
            "centered_exchange_1": 3,
            "exchange_1_2": 12,
            "exchange_2_2": 8,
            "exchange_3_3": 4,
            "exchange_3_4": 3,
            "exchange_4_4": 2,
            "exchange_ids": 18,
            "insert_1": 0,
            "move_all_by_1": 7,
            "move_all_by_2": 6,
            "relocate_1": 14,
            "relocate_5": 4,
            "remove_1": 0,
            "rexchange_2_2": 5,
            "rexchange_2_3": 3,
            "rexchange_4_4": 1,
            "rrelocate_3": 4,
            "rrelocate_4": 1,
            "two_opt": 23
        },
        "rate": {
            "centered_exchange_1": 0.0731707289814949,
            "exchange_1_2": 0.2857142984867096,
            "exchange_2_2": 0.19512194395065308,
            "exchange_3_3": 0.09756097197532654,
            "exchange_3_4": 0.0731707289814949,
            "exchange_4_4": 0.04878048598766327,
            "exchange_ids": 0.40909090638160706,
            "insert_1": 0.0,
            "move_all_by_1": 0.20000000298023224,
            "move_all_by_2": 0.1875,
            "relocate_1": 0.3888888955116272,
            "relocate_5": 0.1111111119389534,
            "remove_1": 0.0,
            "rexchange_2_2": 0.12195122241973877,
            "rexchange_2_3": 0.0731707289814949,
            "rexchange_4_4": 0.024390242993831635,
            "rrelocate_3": 0.1111111119389534,
            "rrelocate_4": 0.02777777798473835,
            "two_opt": 0.4693877696990967
        }
    },
    "last_improvement": 0,
    "name": "random-24-2.75-18",
    "solution": {
        "fitness": 1413,
        "is_feasible": true,
        "permutation": [
            17,
            9,
            4,
            10,
            7,
            14,
            2,
            13,
            11,
            12,
            5,
            22,
            19,
            16,
            15,
            20,
            6,
            8,
            1,
            21,
            0,
            3,
            23,
            18
        ],
        "permutation_orig_ids": [
            "18",
            "10",
            "5",
            "11",
            "8",
            "15",
            "3",
            "14",
            "12",
            "13",
            "6",
            "23",
            "20",
            "17",
            "16",
            "21",
            "7",
            "9",
            "2",
            "22",
            "1",
            "4",
            "24",
            "19"
        ],
        "walk_orig_ids": [
            "18",
            "10",
            "5",
            "11",
            "24",
            "8",
            "15",
            "3",
            "20",
            "14",
            "12",
            "13",
            "20",
            "6",
            "20",
            "23",
            "20",
            "17",
            "16",
            "7",
            "21",
            "7",
            "9",
            "7",
            "2",
            "22",
            "4",
            "1",
            "4",
            "24",
            "19",
            "24"
        ],
        "walk_processing": [
            true,
            true,
            true,
            true,
            false,
            true,
            true,
            true,
            false,
            true,
            true,
            true,
            false,
            true,
            false,
            true,
            true,
            true,
            true,
            false,
            true,
            true,
            true,
            false,
            true,
            true,
            false,
            true,
            true,
            true,
            true,
            false
        ]
    },
    "steps": {
        "0": 1413
    },
    "timeout": 3
}