{
    "config": {
        "allow_infeasible": true,
        "construction": "random_replicate",
        "ils_k": 6,
        "local_search": "CVND",
        "metaheuristic": "ILS",
        "num_threads": 8,
        "operators": [
            "insert_1",
            "remove_1",
            "two_opt",
            "exchange_ids",
            "exchange_1_2",
            "exchange_2_2",
            "exchange_3_3",
            "exchange_3_4",
            "exchange_4_4",
            "rexchange_2_2",
            "rexchange_2_3",
            "rexchange_4_4",
            "centered_exchange_1",
            "relocate_1",
            "relocate_5",
            "rrelocate_3",
            "rrelocate_4",
            "move_all_by_1",
            "move_all_by_2"
        ],
        "perturbation": [
            "random_double_bridge"
        ],
        "stop_on_feasible": true,
        "timeout": 3
    },
    "histogram": {
        "all": {
            "centered_exchange_1": 157,
            "exchange_1_2": 158,
            "exchange_2_2": 158,
            "exchange_3_3": 158,
            "exchange_3_4": 158,
            "exchange_4_4": 158,
            "exchange_ids": 161,
            "insert_1": 189,
            "move_all_by_1": 114,
            "move_all_by_2": 108,
            "relocate_1": 127,
            "relocate_5": 123,
            "remove_1": 189,
            "rexchange_2_2": 157,
            "rexchange_2_3": 157,
            "rexchange_4_4": 157,
            "rrelocate_3": 123,
            "rrelocate_4": 122,
            "two_opt": 174
        },
        "improving": {
            "centered_exchange_1": 26,
            "exchange_1_2": 53,
            "exchange_2_2": 27,
            "exchange_3_3": 9,
            "exchange_3_4": 6,
            "exchange_4_4": 2,
            "exchange_ids": 71,
            "insert_1": 0,
            "move_all_by_1": 23,
            "move_all_by_2": 17,
            "relocate_1": 68,
            "relocate_5": 14,
            "remove_1": 0,
            "rexchange_2_2": 23,
            "rexchange_2_3": 11,
            "rexchange_4_4": 1,
            "rrelocate_3": 14,
            "rrelocate_4": 5,
            "two_opt": 84
        },
        "rate": {
            "centered_exchange_1": 0.1656050980091095,
            "exchange_1_2": 0.33544304966926575,
            "exchange_2_2": 0.1708860695362091,
            "exchange_3_3": 0.0569620244204998,
            "exchange_3_4": 0.037974681705236435,
            "exchange_4_4": 0.012658228166401386,
            "exchange_ids": 0.4409937858581543,
            "insert_1": 0.0,
            "move_all_by_1": 0.2017543911933899,
            "move_all_by_2": 0.15740740299224854,
            "relocate_1": 0.5354330539703369,
            "relocate_5": 0.11382114142179489,
            "remove_1": 0.0,
            "rexchange_2_2": 0.14649681746959686,
            "rexchange_2_3": 0.07006369531154633,
            "rexchange_4_4": 0.006369426846504211,
            "rrelocate_3": 0.11382114142179489,
            "rrelocate_4": 0.04098360612988472,
            "two_opt": 0.48275861144065857
        }
    },
    "last_improvement": 1,
    "name": "random-24-1.83-23",
    "solution": {
        "fitness": 1001077,
        "is_feasible": false,
        "permutation": [
            2,
            5,
            8,
            18,
            10,
            0,
            13,
            14,
            20,
            7,
            9,
            6,
            21,
            17,
            3,
            23,
            19,
            16,
            22,
            15,
            1,
            12,
            4,
            11
        ],
        "permutation_orig_ids": [
            "3",
            "6",
            "9",
            "19",
            "11",
            "1",
            "14",
            "15",
            "21",
            "8",
            "10",
            "7",
            "22",
            "18",
            "4",
            "24",
            "20",
            "17",
            "23",
            "16",
            "2",
            "13",
            "5",
            "12"
        ],
        "walk_orig_ids": [
            "3",
            "6",
            "9",
            "12",
            "16",
            "19",
            "11",
            "2",
            "1",
            "14",
            "22",
            "18",
            "15",
            "21",
            "8",
            "22",
            "7",
            "10",
            "7",
            "22",
            "18",
            "4",
            "24",
            "16",
            "17",
            "20",
            "17",
            "16",
            "23",
            "16",
            "2",
            "13",
            "5",
            "12"
        ],
        "walk_processing": [
            true,
            true,
            true,
            false,
            false,
            true,
            true,
            false,
            true,
            true,
            false,
            false,
            true,
            true,
            true,
            false,
            false,
            true,
            true,
            true,
            true,
            true,
            true,
            false,
            false,
            true,
            true,
            false,
            true,
            true,
            true,
            true,
            true,
            true
        ]
    },
    "steps": {
        "0": 1001079,
        "1": 1001077
    },
    "timeout": 3
}