{
    "config": {
        "allow_infeasible": true,
        "construction": "random_replicate",
        "ils_k": 6,
        "local_search": "CVND",
        "metaheuristic": "ILS",
        "num_threads": 8,
        "operators": [
            "insert_1",
            "remove_1",
            "two_opt",
            "exchange_ids",
            "exchange_1_2",
            "exchange_2_2",
            "exchange_3_3",
            "exchange_3_4",
            "exchange_4_4",
            "rexchange_2_2",
            "rexchange_2_3",
            "rexchange_4_4",
            "centered_exchange_1",
            "relocate_1",
            "relocate_5",
            "rrelocate_3",
            "rrelocate_4",
            "move_all_by_1",
            "move_all_by_2"
        ],
        "perturbation": [
            "random_double_bridge"
        ],
        "stop_on_feasible": true,
        "timeout": 3
    },
    "histogram": {
        "all": {
            "centered_exchange_1": 4,
            "exchange_1_2": 4,
            "exchange_2_2": 4,
            "exchange_3_3": 4,
            "exchange_3_4": 4,
            "exchange_4_4": 4,
            "exchange_ids": 4,
            "insert_1": 4,
            "move_all_by_1": 3,
            "move_all_by_2": 3,
            "relocate_1": 3,
            "relocate_5": 3,
            "remove_1": 4,
            "rexchange_2_2": 4,
            "rexchange_2_3": 4,
            "rexchange_4_4": 4,
            "rrelocate_3": 3,
            "rrelocate_4": 3,
            "two_opt": 4
        },
        "improving": {
            "centered_exchange_1": 1,
            "exchange_1_2": 2,
            "exchange_2_2": 1,
            "exchange_3_3": 1,
            "exchange_3_4": 0,
            "exchange_4_4": 1,
            "exchange_ids": 2,
            "insert_1": 0,
            "move_all_by_1": 2,
            "move_all_by_2": 2,
            "relocate_1": 3,
            "relocate_5": 1,
            "remove_1": 0,
            "rexchange_2_2": 3,
            "rexchange_2_3": 2,
            "rexchange_4_4": 0,
            "rrelocate_3": 1,
            "rrelocate_4": 1,
            "two_opt": 1
        },
        "rate": {
            "centered_exchange_1": 0.25,
            "exchange_1_2": 0.5,
            "exchange_2_2": 0.25,
            "exchange_3_3": 0.25,
            "exchange_3_4": 0.0,
            "exchange_4_4": 0.25,
            "exchange_ids": 0.5,
            "insert_1": 0.0,
            "move_all_by_1": 0.6666666865348816,
            "move_all_by_2": 0.6666666865348816,
            "relocate_1": 1.0,
            "relocate_5": 0.3333333432674408,
            "remove_1": 0.0,
            "rexchange_2_2": 0.75,
            "rexchange_2_3": 0.5,
            "rexchange_4_4": 0.0,
            "rrelocate_3": 0.3333333432674408,
            "rrelocate_4": 0.3333333432674408,
            "two_opt": 0.25
        }
    },
    "last_improvement": 0,
    "name": "random-24-5.92-99",
    "solution": {
        "fitness": 844,
        "is_feasible": true,
        "permutation": [
            2,
            8,
            19,
            23,
            15,
            16,
            3,
            4,
            20,
            18,
            13,
            11,
            10,
            5,
            14,
            21,
            0,
            6,
            12,
            22,
            9,
            7,
            17,
            1
        ],
        "permutation_orig_ids": [
            "3",
            "9",
            "20",
            "24",
            "16",
            "17",
            "4",
            "5",
            "21",
            "19",
            "14",
            "12",
            "11",
            "6",
            "15",
            "22",
            "1",
            "7",
            "13",
            "23",
            "10",
            "8",
            "18",
            "2"
        ],
        "walk_orig_ids": [
            "3",
            "9",
            "20",
            "24",
            "16",
            "17",
            "4",
            "5",
            "21",
            "19",
            "14",
            "12",
            "11",
            "6",
            "2",
            "22",
            "15",
            "22",
            "1",
            "7",
            "13",
            "23",
            "10",
            "8",
            "18",
            "2",
            "18",
            "8",
            "10"
        ],
        "walk_processing": [
            true,
            true,
            true,
            true,
            true,
            true,
            true,
            true,
            true,
            true,
            true,
            true,
            true,
            true,
            false,
            false,
            true,
            true,
            true,
            true,
            true,
            true,
            true,
            true,
            true,
            true,
            false,
            false,
            false
        ]
    },
    "steps": {
        "0": 844
    },
    "timeout": 3
}