{
    "config": {
        "allow_infeasible": true,
        "construction": "random_replicate",
        "ils_k": 6,
        "local_search": "CVND",
        "metaheuristic": "ILS",
        "num_threads": 8,
        "operators": [
            "insert_1",
            "remove_1",
            "two_opt",
            "exchange_ids",
            "exchange_1_2",
            "exchange_2_2",
            "exchange_3_3",
            "exchange_3_4",
            "exchange_4_4",
            "rexchange_2_2",
            "rexchange_2_3",
            "rexchange_4_4",
            "centered_exchange_1",
            "relocate_1",
            "relocate_5",
            "rrelocate_3",
            "rrelocate_4",
            "move_all_by_1",
            "move_all_by_2"
        ],
        "perturbation": [
            "random_double_bridge"
        ],
        "stop_on_feasible": true,
        "timeout": 3
    },
    "histogram": {
        "all": {
            "centered_exchange_1": 161,
            "exchange_1_2": 164,
            "exchange_2_2": 164,
            "exchange_3_3": 162,
            "exchange_3_4": 162,
            "exchange_4_4": 162,
            "exchange_ids": 167,
            "insert_1": 204,
            "move_all_by_1": 125,
            "move_all_by_2": 120,
            "relocate_1": 140,
            "relocate_5": 139,
            "remove_1": 204,
            "rexchange_2_2": 162,
            "rexchange_2_3": 162,
            "rexchange_4_4": 162,
            "rrelocate_3": 137,
            "rrelocate_4": 136,
            "two_opt": 183
        },
        "improving": {
            "centered_exchange_1": 25,
            "exchange_1_2": 59,
            "exchange_2_2": 25,
            "exchange_3_3": 13,
            "exchange_3_4": 7,
            "exchange_4_4": 0,
            "exchange_ids": 70,
            "insert_1": 0,
            "move_all_by_1": 29,
            "move_all_by_2": 13,
            "relocate_1": 67,
            "relocate_5": 9,
            "remove_1": 0,
            "rexchange_2_2": 25,
            "rexchange_2_3": 13,
            "rexchange_4_4": 0,
            "rrelocate_3": 18,
            "rrelocate_4": 3,
            "two_opt": 89
        },
        "rate": {
            "centered_exchange_1": 0.1552795022726059,
            "exchange_1_2": 0.35975611209869385,
            "exchange_2_2": 0.15243902802467346,
            "exchange_3_3": 0.08024691045284271,
            "exchange_3_4": 0.043209876865148544,
            "exchange_4_4": 0.0,
            "exchange_ids": 0.41916167736053467,
            "insert_1": 0.0,
            "move_all_by_1": 0.23199999332427979,
            "move_all_by_2": 0.10833333432674408,
            "relocate_1": 0.47857141494750977,
            "relocate_5": 0.06474819779396057,
            "remove_1": 0.0,
            "rexchange_2_2": 0.15432098507881165,
            "rexchange_2_3": 0.08024691045284271,
            "rexchange_4_4": 0.0,
            "rrelocate_3": 0.131386861205101,
            "rrelocate_4": 0.022058824077248573,
            "two_opt": 0.4863387942314148
        }
    },
    "last_improvement": 2,
    "name": "random-24-2.08-53",
    "solution": {
        "fitness": 2001032,
        "is_feasible": false,
        "permutation": [
            22,
            20,
            4,
            19,
            11,
            8,
            14,
            3,
            1,
            13,
            2,
            17,
            9,
            10,
            18,
            6,
            16,
            15,
            5,
            21,
            7,
            23,
            12,
            0
        ],
        "permutation_orig_ids": [
            "23",
            "21",
            "5",
            "20",
            "12",
            "9",
            "15",
            "4",
            "2",
            "14",
            "3",
            "18",
            "10",
            "11",
            "19",
            "7",
            "17",
            "16",
            "6",
            "22",
            "8",
            "24",
            "13",
            "1"
        ],
        "walk_orig_ids": [
            "23",
            "21",
            "5",
            "20",
            "12",
            "9",
            "4",
            "15",
            "4",
            "2",
            "14",
            "18",
            "3",
            "18",
            "10",
            "11",
            "1",
            "19",
            "1",
            "7",
            "1",
            "24",
            "17",
            "22",
            "16",
            "22",
            "6",
            "22",
            "8",
            "24",
            "13",
            "1"
        ],
        "walk_processing": [
            true,
            true,
            true,
            true,
            true,
            true,
            false,
            true,
            true,
            true,
            true,
            false,
            true,
            true,
            true,
            true,
            false,
            true,
            false,
            true,
            false,
            false,
            true,
            false,
            true,
            false,
            true,
            true,
            true,
            true,
            true,
            true
        ]
    },
    "steps": {
        "0": 2001039,
        "2": 2001032
    },
    "timeout": 3
}