{
    "config": {
        "allow_infeasible": true,
        "construction": "random_replicate",
        "ils_k": 6,
        "local_search": "CVND",
        "metaheuristic": "ILS",
        "num_threads": 8,
        "operators": [
            "insert_1",
            "remove_1",
            "two_opt",
            "exchange_ids",
            "exchange_1_2",
            "exchange_2_2",
            "exchange_3_3",
            "exchange_3_4",
            "exchange_4_4",
            "rexchange_2_2",
            "rexchange_2_3",
            "rexchange_4_4",
            "centered_exchange_1",
            "relocate_1",
            "relocate_5",
            "rrelocate_3",
            "rrelocate_4",
            "move_all_by_1",
            "move_all_by_2"
        ],
        "perturbation": [
            "random_double_bridge"
        ],
        "stop_on_feasible": true,
        "timeout": 3
    },
    "histogram": {
        "all": {
            "centered_exchange_1": 48,
            "exchange_1_2": 49,
            "exchange_2_2": 49,
            "exchange_3_3": 49,
            "exchange_3_4": 49,
            "exchange_4_4": 49,
            "exchange_ids": 51,
            "insert_1": 54,
            "move_all_by_1": 35,
            "move_all_by_2": 33,
            "relocate_1": 38,
            "relocate_5": 38,
            "remove_1": 54,
            "rexchange_2_2": 49,
            "rexchange_2_3": 49,
            "rexchange_4_4": 49,
            "rrelocate_3": 36,
            "rrelocate_4": 36,
            "two_opt": 54
        },
        "improving": {
            "centered_exchange_1": 9,
            "exchange_1_2": 17,
            "exchange_2_2": 7,
            "exchange_3_3": 3,
            "exchange_3_4": 4,
            "exchange_4_4": 1,
            "exchange_ids": 24,
            "insert_1": 0,
            "move_all_by_1": 6,
            "move_all_by_2": 3,
            "relocate_1": 23,
            "relocate_5": 4,
            "remove_1": 0,
            "rexchange_2_2": 13,
            "rexchange_2_3": 3,
            "rexchange_4_4": 1,
            "rrelocate_3": 9,
            "rrelocate_4": 1,
            "two_opt": 22
        },
        "rate": {
            "centered_exchange_1": 0.1875,
            "exchange_1_2": 0.3469387888908386,
            "exchange_2_2": 0.1428571492433548,
            "exchange_3_3": 0.06122449040412903,
            "exchange_3_4": 0.08163265138864517,
            "exchange_4_4": 0.020408162847161293,
            "exchange_ids": 0.47058823704719543,
            "insert_1": 0.0,
            "move_all_by_1": 0.17142857611179352,
            "move_all_by_2": 0.09090909361839294,
            "relocate_1": 0.6052631735801697,
            "relocate_5": 0.10526315867900848,
            "remove_1": 0.0,
            "rexchange_2_2": 0.26530611515045166,
            "rexchange_2_3": 0.06122449040412903,
            "rexchange_4_4": 0.020408162847161293,
            "rrelocate_3": 0.25,
            "rrelocate_4": 0.02777777798473835,
            "two_opt": 0.40740740299224854
        }
    },
    "last_improvement": 1,
    "name": "random-24-3.75-31",
    "solution": {
        "fitness": 1316,
        "is_feasible": true,
        "permutation": [
            6,
            2,
            21,
            5,
            12,
            1,
            16,
            17,
            4,
            3,
            23,
            18,
            15,
            14,
            20,
            0,
            22,
            8,
            19,
            13,
            10,
            9,
            7,
            11
        ],
        "permutation_orig_ids": [
            "7",
            "3",
            "22",
            "6",
            "13",
            "2",
            "17",
            "18",
            "5",
            "4",
            "24",
            "19",
            "16",
            "15",
            "21",
            "1",
            "23",
            "9",
            "20",
            "14",
            "11",
            "10",
            "8",
            "12"
        ],
        "walk_orig_ids": [
            "7",
            "3",
            "20",
            "22",
            "6",
            "13",
            "23",
            "2",
            "17",
            "18",
            "5",
            "10",
            "4",
            "19",
            "24",
            "19",
            "16",
            "15",
            "7",
            "21",
            "1",
            "23",
            "9",
            "11",
            "10",
            "20",
            "10",
            "11",
            "14",
            "11",
            "10",
            "8",
            "12"
        ],
        "walk_processing": [
            true,
            true,
            false,
            true,
            true,
            true,
            false,
            true,
            true,
            true,
            true,
            false,
            true,
            false,
            true,
            true,
            true,
            true,
            false,
            true,
            true,
            true,
            true,
            false,
            false,
            true,
            false,
            false,
            true,
            true,
            true,
            true,
            true
        ]
    },
    "steps": {
        "0": 1361,
        "1": 1316
    },
    "timeout": 3
}