{
    "config": {
        "allow_infeasible": true,
        "construction": "random_replicate",
        "ils_k": 6,
        "local_search": "CVND",
        "metaheuristic": "ILS",
        "num_threads": 8,
        "operators": [
            "insert_1",
            "remove_1",
            "two_opt",
            "exchange_ids",
            "exchange_1_2",
            "exchange_2_2",
            "exchange_3_3",
            "exchange_3_4",
            "exchange_4_4",
            "rexchange_2_2",
            "rexchange_2_3",
            "rexchange_4_4",
            "centered_exchange_1",
            "relocate_1",
            "relocate_5",
            "rrelocate_3",
            "rrelocate_4",
            "move_all_by_1",
            "move_all_by_2"
        ],
        "perturbation": [
            "random_double_bridge"
        ],
        "stop_on_feasible": true,
        "timeout": 3
    },
    "histogram": {
        "all": {
            "centered_exchange_1": 172,
            "exchange_1_2": 175,
            "exchange_2_2": 175,
            "exchange_3_3": 175,
            "exchange_3_4": 175,
            "exchange_4_4": 175,
            "exchange_ids": 175,
            "insert_1": 212,
            "move_all_by_1": 128,
            "move_all_by_2": 120,
            "relocate_1": 145,
            "relocate_5": 143,
            "remove_1": 212,
            "rexchange_2_2": 175,
            "rexchange_2_3": 175,
            "rexchange_4_4": 175,
            "rrelocate_3": 141,
            "rrelocate_4": 141,
            "two_opt": 192
        },
        "improving": {
            "centered_exchange_1": 29,
            "exchange_1_2": 59,
            "exchange_2_2": 22,
            "exchange_3_3": 7,
            "exchange_3_4": 9,
            "exchange_4_4": 3,
            "exchange_ids": 82,
            "insert_1": 0,
            "move_all_by_1": 39,
            "move_all_by_2": 24,
            "relocate_1": 75,
            "relocate_5": 15,
            "remove_1": 0,
            "rexchange_2_2": 21,
            "rexchange_2_3": 8,
            "rexchange_4_4": 2,
            "rrelocate_3": 18,
            "rrelocate_4": 4,
            "two_opt": 102
        },
        "rate": {
            "centered_exchange_1": 0.16860465705394745,
            "exchange_1_2": 0.33714285492897034,
            "exchange_2_2": 0.1257142871618271,
            "exchange_3_3": 0.03999999910593033,
            "exchange_3_4": 0.051428571343421936,
            "exchange_4_4": 0.017142856493592262,
            "exchange_ids": 0.46857142448425293,
            "insert_1": 0.0,
            "move_all_by_1": 0.3046875,
            "move_all_by_2": 0.20000000298023224,
            "relocate_1": 0.517241358757019,
            "relocate_5": 0.10489510744810104,
            "remove_1": 0.0,
            "rexchange_2_2": 0.11999999731779099,
            "rexchange_2_3": 0.04571428522467613,
            "rexchange_4_4": 0.011428571306169033,
            "rrelocate_3": 0.12765957415103912,
            "rrelocate_4": 0.028368793427944183,
            "two_opt": 0.53125
        }
    },
    "last_improvement": 1,
    "name": "random-24-3.00-98",
    "solution": {
        "fitness": 2000922,
        "is_feasible": false,
        "permutation": [
            12,
            11,
            4,
            6,
            0,
            2,
            13,
            5,
            23,
            15,
            21,
            17,
            7,
            20,
            1,
            8,
            22,
            14,
            3,
            9,
            18,
            16,
            10,
            19
        ],
        "permutation_orig_ids": [
            "13",
            "12",
            "5",
            "7",
            "1",
            "3",
            "14",
            "6",
            "24",
            "16",
            "22",
            "18",
            "8",
            "21",
            "2",
            "9",
            "23",
            "15",
            "4",
            "10",
            "19",
            "17",
            "11",
            "20"
        ],
        "walk_orig_ids": [
            "13",
            "12",
            "5",
            "7",
            "1",
            "22",
            "11",
            "4",
            "3",
            "14",
            "6",
            "24",
            "17",
            "16",
            "22",
            "18",
            "8",
            "11",
            "21",
            "2",
            "9",
            "23",
            "15",
            "4",
            "11",
            "10",
            "17",
            "19",
            "17",
            "10",
            "11",
            "20"
        ],
        "walk_processing": [
            true,
            true,
            true,
            true,
            true,
            false,
            false,
            false,
            true,
            true,
            true,
            true,
            false,
            true,
            true,
            true,
            true,
            false,
            true,
            true,
            true,
            true,
            true,
            true,
            false,
            true,
            false,
            true,
            true,
            false,
            true,
            true
        ]
    },
    "steps": {
        "0": 2001054,
        "1": 2000922
    },
    "timeout": 3
}