{
    "config": {
        "allow_infeasible": true,
        "construction": "random_replicate",
        "ils_k": 6,
        "local_search": "CVND",
        "metaheuristic": "ILS",
        "num_threads": 8,
        "operators": [
            "insert_1",
            "remove_1",
            "two_opt",
            "exchange_ids",
            "exchange_1_2",
            "exchange_2_2",
            "exchange_3_3",
            "exchange_3_4",
            "exchange_4_4",
            "rexchange_2_2",
            "rexchange_2_3",
            "rexchange_4_4",
            "centered_exchange_1",
            "relocate_1",
            "relocate_5",
            "rrelocate_3",
            "rrelocate_4",
            "move_all_by_1",
            "move_all_by_2"
        ],
        "perturbation": [
            "random_double_bridge"
        ],
        "stop_on_feasible": true,
        "timeout": 3
    },
    "histogram": {
        "all": {
            "centered_exchange_1": 162,
            "exchange_1_2": 167,
            "exchange_2_2": 165,
            "exchange_3_3": 164,
            "exchange_3_4": 164,
            "exchange_4_4": 164,
            "exchange_ids": 174,
            "insert_1": 212,
            "move_all_by_1": 126,
            "move_all_by_2": 117,
            "relocate_1": 140,
            "relocate_5": 140,
            "remove_1": 212,
            "rexchange_2_2": 163,
            "rexchange_2_3": 163,
            "rexchange_4_4": 163,
            "rrelocate_3": 137,
            "rrelocate_4": 137,
            "two_opt": 193
        },
        "improving": {
            "centered_exchange_1": 31,
            "exchange_1_2": 61,
            "exchange_2_2": 24,
            "exchange_3_3": 8,
            "exchange_3_4": 5,
            "exchange_4_4": 2,
            "exchange_ids": 79,
            "insert_1": 0,
            "move_all_by_1": 31,
            "move_all_by_2": 15,
            "relocate_1": 66,
            "relocate_5": 10,
            "remove_1": 0,
            "rexchange_2_2": 21,
            "rexchange_2_3": 5,
            "rexchange_4_4": 0,
            "rrelocate_3": 25,
            "rrelocate_4": 4,
            "two_opt": 99
        },
        "rate": {
            "centered_exchange_1": 0.1913580298423767,
            "exchange_1_2": 0.3652694523334503,
            "exchange_2_2": 0.145454540848732,
            "exchange_3_3": 0.04878048598766327,
            "exchange_3_4": 0.030487805604934692,
            "exchange_4_4": 0.012195121496915817,
            "exchange_ids": 0.45402297377586365,
            "insert_1": 0.0,
            "move_all_by_1": 0.2460317462682724,
            "move_all_by_2": 0.12820513546466827,
            "relocate_1": 0.4714285731315613,
            "relocate_5": 0.0714285746216774,
            "remove_1": 0.0,
            "rexchange_2_2": 0.12883435189723969,
            "rexchange_2_3": 0.030674846842885017,
            "rexchange_4_4": 0.0,
            "rrelocate_3": 0.18248175084590912,
            "rrelocate_4": 0.029197080060839653,
            "two_opt": 0.5129533410072327
        }
    },
    "last_improvement": 3,
    "name": "random-24-2.42-91",
    "solution": {
        "fitness": 2000870,
        "is_feasible": false,
        "permutation": [
            14,
            18,
            4,
            1,
            7,
            8,
            22,
            20,
            5,
            11,
            2,
            16,
            17,
            15,
            13,
            10,
            12,
            23,
            9,
            6,
            0,
            3,
            21,
            19
        ],
        "permutation_orig_ids": [
            "15",
            "19",
            "5",
            "2",
            "8",
            "9",
            "23",
            "21",
            "6",
            "12",
            "3",
            "17",
            "18",
            "16",
            "14",
            "11",
            "13",
            "24",
            "10",
            "7",
            "1",
            "4",
            "22",
            "20"
        ],
        "walk_orig_ids": [
            "15",
            "3",
            "19",
            "5",
            "2",
            "4",
            "8",
            "9",
            "23",
            "11",
            "21",
            "6",
            "13",
            "12",
            "3",
            "17",
            "18",
            "16",
            "14",
            "11",
            "13",
            "24",
            "13",
            "7",
            "10",
            "7",
            "1",
            "7",
            "4",
            "22",
            "20"
        ],
        "walk_processing": [
            true,
            false,
            true,
            true,
            true,
            false,
            true,
            true,
            true,
            false,
            true,
            true,
            false,
            true,
            true,
            true,
            true,
            true,
            true,
            true,
            true,
            true,
            false,
            false,
            true,
            true,
            true,
            false,
            true,
            true,
            true
        ]
    },
    "steps": {
        "0": 2001001,
        "3": 2000870
    },
    "timeout": 3
}