{
    "config": {
        "allow_infeasible": true,
        "construction": "random_replicate",
        "ils_k": 6,
        "local_search": "CVND",
        "metaheuristic": "ILS",
        "num_threads": 8,
        "operators": [
            "insert_1",
            "remove_1",
            "two_opt",
            "exchange_ids",
            "exchange_1_2",
            "exchange_2_2",
            "exchange_3_3",
            "exchange_3_4",
            "exchange_4_4",
            "rexchange_2_2",
            "rexchange_2_3",
            "rexchange_4_4",
            "centered_exchange_1",
            "relocate_1",
            "relocate_5",
            "rrelocate_3",
            "rrelocate_4",
            "move_all_by_1",
            "move_all_by_2"
        ],
        "perturbation": [
            "random_double_bridge"
        ],
        "stop_on_feasible": true,
        "timeout": 3
    },
    "histogram": {
        "all": {
            "centered_exchange_1": 141,
            "exchange_1_2": 143,
            "exchange_2_2": 143,
            "exchange_3_3": 143,
            "exchange_3_4": 143,
            "exchange_4_4": 143,
            "exchange_ids": 147,
            "insert_1": 182,
            "move_all_by_1": 110,
            "move_all_by_2": 106,
            "relocate_1": 125,
            "relocate_5": 121,
            "remove_1": 182,
            "rexchange_2_2": 141,
            "rexchange_2_3": 141,
            "rexchange_4_4": 141,
            "rrelocate_3": 120,
            "rrelocate_4": 120,
            "two_opt": 162
        },
        "improving": {
            "centered_exchange_1": 14,
            "exchange_1_2": 43,
            "exchange_2_2": 17,
            "exchange_3_3": 8,
            "exchange_3_4": 4,
            "exchange_4_4": 1,
            "exchange_ids": 66,
            "insert_1": 0,
            "move_all_by_1": 30,
            "move_all_by_2": 15,
            "relocate_1": 57,
            "relocate_5": 11,
            "remove_1": 0,
            "rexchange_2_2": 22,
            "rexchange_2_3": 3,
            "rexchange_4_4": 1,
            "rrelocate_3": 13,
            "rrelocate_4": 2,
            "two_opt": 80
        },
        "rate": {
            "centered_exchange_1": 0.09929078072309494,
            "exchange_1_2": 0.30069929361343384,
            "exchange_2_2": 0.11888112127780914,
            "exchange_3_3": 0.0559440553188324,
            "exchange_3_4": 0.0279720276594162,
            "exchange_4_4": 0.00699300691485405,
            "exchange_ids": 0.44897958636283875,
            "insert_1": 0.0,
            "move_all_by_1": 0.27272728085517883,
            "move_all_by_2": 0.14150942862033844,
            "relocate_1": 0.4560000002384186,
            "relocate_5": 0.09090909361839294,
            "remove_1": 0.0,
            "rexchange_2_2": 0.1560283750295639,
            "rexchange_2_3": 0.021276595070958138,
            "rexchange_4_4": 0.007092198356986046,
            "rrelocate_3": 0.10833333432674408,
            "rrelocate_4": 0.01666666753590107,
            "two_opt": 0.4938271641731262
        }
    },
    "last_improvement": 1,
    "name": "random-24-1.75-34",
    "solution": {
        "fitness": 2001358,
        "is_feasible": false,
        "permutation": [
            21,
            5,
            13,
            11,
            3,
            22,
            20,
            12,
            23,
            10,
            0,
            15,
            1,
            9,
            17,
            14,
            18,
            6,
            8,
            4,
            19,
            2,
            7,
            16
        ],
        "permutation_orig_ids": [
            "22",
            "6",
            "14",
            "12",
            "4",
            "23",
            "21",
            "13",
            "24",
            "11",
            "1",
            "16",
            "2",
            "10",
            "18",
            "15",
            "19",
            "7",
            "9",
            "5",
            "20",
            "3",
            "8",
            "17"
        ],
        "walk_orig_ids": [
            "22",
            "6",
            "14",
            "12",
            "20",
            "4",
            "23",
            "21",
            "13",
            "8",
            "24",
            "4",
            "11",
            "1",
            "11",
            "16",
            "2",
            "10",
            "18",
            "10",
            "2",
            "5",
            "15",
            "5",
            "19",
            "5",
            "17",
            "7",
            "17",
            "22",
            "9",
            "22",
            "17",
            "5",
            "20",
            "3",
            "8",
            "17"
        ],
        "walk_processing": [
            true,
            true,
            true,
            true,
            false,
            true,
            true,
            true,
            true,
            false,
            true,
            false,
            true,
            true,
            false,
            true,
            true,
            true,
            true,
            false,
            false,
            false,
            true,
            false,
            true,
            false,
            false,
            true,
            false,
            false,
            true,
            false,
            false,
            true,
            true,
            true,
            true,
            true
        ]
    },
    "steps": {
        "0": 3001066,
        "1": 2001358
    },
    "timeout": 3
}