{
    "config": {
        "allow_infeasible": true,
        "construction": "random_replicate",
        "ils_k": 6,
        "local_search": "CVND",
        "metaheuristic": "ILS",
        "num_threads": 8,
        "operators": [
            "insert_1",
            "remove_1",
            "two_opt",
            "exchange_ids",
            "exchange_1_2",
            "exchange_2_2",
            "exchange_3_3",
            "exchange_3_4",
            "exchange_4_4",
            "rexchange_2_2",
            "rexchange_2_3",
            "rexchange_4_4",
            "centered_exchange_1",
            "relocate_1",
            "relocate_5",
            "rrelocate_3",
            "rrelocate_4",
            "move_all_by_1",
            "move_all_by_2"
        ],
        "perturbation": [
            "random_double_bridge"
        ],
        "stop_on_feasible": true,
        "timeout": 3
    },
    "histogram": {
        "all": {
            "centered_exchange_1": 177,
            "exchange_1_2": 181,
            "exchange_2_2": 181,
            "exchange_3_3": 181,
            "exchange_3_4": 181,
            "exchange_4_4": 181,
            "exchange_ids": 185,
            "insert_1": 225,
            "move_all_by_1": 131,
            "move_all_by_2": 126,
            "relocate_1": 147,
            "relocate_5": 146,
            "remove_1": 225,
            "rexchange_2_2": 180,
            "rexchange_2_3": 180,
            "rexchange_4_4": 180,
            "rrelocate_3": 145,
            "rrelocate_4": 142,
            "two_opt": 209
        },
        "improving": {
            "centered_exchange_1": 22,
            "exchange_1_2": 56,
            "exchange_2_2": 22,
            "exchange_3_3": 11,
            "exchange_3_4": 12,
            "exchange_4_4": 1,
            "exchange_ids": 87,
            "insert_1": 0,
            "move_all_by_1": 32,
            "move_all_by_2": 18,
            "relocate_1": 72,
            "relocate_5": 8,
            "remove_1": 0,
            "rexchange_2_2": 21,
            "rexchange_2_3": 6,
            "rexchange_4_4": 0,
            "rrelocate_3": 19,
            "rrelocate_4": 7,
            "two_opt": 108
        },
        "rate": {
            "centered_exchange_1": 0.12429378181695938,
            "exchange_1_2": 0.3093922734260559,
            "exchange_2_2": 0.12154696136713028,
            "exchange_3_3": 0.06077348068356514,
            "exchange_3_4": 0.06629834324121475,
            "exchange_4_4": 0.005524862091988325,
            "exchange_ids": 0.4702702760696411,
            "insert_1": 0.0,
            "move_all_by_1": 0.2442748099565506,
            "move_all_by_2": 0.1428571492433548,
            "relocate_1": 0.4897959232330322,
            "relocate_5": 0.054794520139694214,
            "remove_1": 0.0,
            "rexchange_2_2": 0.11666666716337204,
            "rexchange_2_3": 0.03333333507180214,
            "rexchange_4_4": 0.0,
            "rrelocate_3": 0.1310344785451889,
            "rrelocate_4": 0.04929577559232712,
            "two_opt": 0.5167464017868042
        }
    },
    "last_improvement": 3,
    "name": "random-24-2.50-15",
    "solution": {
        "fitness": 2000833,
        "is_feasible": false,
        "permutation": [
            9,
            18,
            6,
            13,
            4,
            23,
            8,
            10,
            19,
            14,
            20,
            1,
            12,
            0,
            21,
            5,
            17,
            3,
            7,
            16,
            15,
            11,
            2,
            22
        ],
        "permutation_orig_ids": [
            "10",
            "19",
            "7",
            "14",
            "5",
            "24",
            "9",
            "11",
            "20",
            "15",
            "21",
            "2",
            "13",
            "1",
            "22",
            "6",
            "18",
            "4",
            "8",
            "17",
            "16",
            "12",
            "3",
            "23"
        ],
        "walk_orig_ids": [
            "10",
            "19",
            "7",
            "14",
            "5",
            "24",
            "9",
            "18",
            "11",
            "18",
            "16",
            "20",
            "15",
            "21",
            "2",
            "22",
            "13",
            "22",
            "1",
            "22",
            "6",
            "18",
            "4",
            "8",
            "17",
            "16",
            "12",
            "3",
            "23"
        ],
        "walk_processing": [
            true,
            true,
            true,
            true,
            true,
            true,
            true,
            false,
            true,
            false,
            false,
            true,
            true,
            true,
            true,
            false,
            true,
            false,
            true,
            true,
            true,
            true,
            true,
            true,
            true,
            true,
            true,
            true,
            true
        ]
    },
    "steps": {
        "0": 3000745,
        "1": 2000883,
        "2": 2000853,
        "3": 2000833
    },
    "timeout": 3
}