{
    "config": {
        "allow_infeasible": true,
        "construction": "random_replicate",
        "ils_k": 6,
        "local_search": "CVND",
        "metaheuristic": "ILS",
        "num_threads": 8,
        "operators": [
            "insert_1",
            "remove_1",
            "two_opt",
            "exchange_ids",
            "exchange_1_2",
            "exchange_2_2",
            "exchange_3_3",
            "exchange_3_4",
            "exchange_4_4",
            "rexchange_2_2",
            "rexchange_2_3",
            "rexchange_4_4",
            "centered_exchange_1",
            "relocate_1",
            "relocate_5",
            "rrelocate_3",
            "rrelocate_4",
            "move_all_by_1",
            "move_all_by_2"
        ],
        "perturbation": [
            "random_double_bridge"
        ],
        "stop_on_feasible": true,
        "timeout": 3
    },
    "histogram": {
        "all": {
            "centered_exchange_1": 179,
            "exchange_1_2": 181,
            "exchange_2_2": 181,
            "exchange_3_3": 181,
            "exchange_3_4": 180,
            "exchange_4_4": 180,
            "exchange_ids": 185,
            "insert_1": 219,
            "move_all_by_1": 130,
            "move_all_by_2": 128,
            "relocate_1": 149,
            "relocate_5": 149,
            "remove_1": 219,
            "rexchange_2_2": 179,
            "rexchange_2_3": 179,
            "rexchange_4_4": 179,
            "rrelocate_3": 141,
            "rrelocate_4": 141,
            "two_opt": 197
        },
        "improving": {
            "centered_exchange_1": 24,
            "exchange_1_2": 60,
            "exchange_2_2": 30,
            "exchange_3_3": 12,
            "exchange_3_4": 6,
            "exchange_4_4": 2,
            "exchange_ids": 76,
            "insert_1": 0,
            "move_all_by_1": 31,
            "move_all_by_2": 12,
            "relocate_1": 74,
            "relocate_5": 10,
            "remove_1": 0,
            "rexchange_2_2": 25,
            "rexchange_2_3": 9,
            "rexchange_4_4": 0,
            "rrelocate_3": 30,
            "rrelocate_4": 7,
            "two_opt": 101
        },
        "rate": {
            "centered_exchange_1": 0.1340782195329666,
            "exchange_1_2": 0.33149170875549316,
            "exchange_2_2": 0.16574585437774658,
            "exchange_3_3": 0.06629834324121475,
            "exchange_3_4": 0.03333333507180214,
            "exchange_4_4": 0.011111111380159855,
            "exchange_ids": 0.41081079840660095,
            "insert_1": 0.0,
            "move_all_by_1": 0.23846153914928436,
            "move_all_by_2": 0.09375,
            "relocate_1": 0.4966442883014679,
            "relocate_5": 0.06711409240961075,
            "remove_1": 0.0,
            "rexchange_2_2": 0.13966479897499084,
            "rexchange_2_3": 0.05027933046221733,
            "rexchange_4_4": 0.0,
            "rrelocate_3": 0.21276596188545227,
            "rrelocate_4": 0.04964539036154747,
            "two_opt": 0.5126903653144836
        }
    },
    "last_improvement": 3,
    "name": "random-24-4.25-98",
    "solution": {
        "fitness": 1000808,
        "is_feasible": false,
        "permutation": [
            21,
            17,
            7,
            0,
            15,
            16,
            18,
            12,
            19,
            14,
            4,
            22,
            11,
            1,
            20,
            8,
            2,
            23,
            5,
            3,
            13,
            10,
            9,
            6
        ],
        "permutation_orig_ids": [
            "22",
            "18",
            "8",
            "1",
            "16",
            "17",
            "19",
            "13",
            "20",
            "15",
            "5",
            "23",
            "12",
            "2",
            "21",
            "9",
            "3",
            "24",
            "6",
            "4",
            "14",
            "11",
            "10",
            "7"
        ],
        "walk_orig_ids": [
            "22",
            "18",
            "8",
            "1",
            "16",
            "17",
            "19",
            "13",
            "20",
            "15",
            "5",
            "23",
            "12",
            "2",
            "21",
            "9",
            "3",
            "24",
            "6",
            "4",
            "14",
            "22",
            "11",
            "10",
            "11",
            "22",
            "7"
        ],
        "walk_processing": [
            true,
            true,
            true,
            true,
            true,
            true,
            true,
            true,
            true,
            true,
            true,
            true,
            true,
            true,
            true,
            true,
            true,
            true,
            true,
            true,
            true,
            false,
            true,
            true,
            false,
            false,
            true
        ]
    },
    "steps": {
        "0": 1000817,
        "3": 1000808
    },
    "timeout": 3
}