{
    "config": {
        "allow_infeasible": true,
        "construction": "random_replicate",
        "ils_k": 6,
        "local_search": "CVND",
        "metaheuristic": "ILS",
        "num_threads": 8,
        "operators": [
            "insert_1",
            "remove_1",
            "two_opt",
            "exchange_ids",
            "exchange_1_2",
            "exchange_2_2",
            "exchange_3_3",
            "exchange_3_4",
            "exchange_4_4",
            "rexchange_2_2",
            "rexchange_2_3",
            "rexchange_4_4",
            "centered_exchange_1",
            "relocate_1",
            "relocate_5",
            "rrelocate_3",
            "rrelocate_4",
            "move_all_by_1",
            "move_all_by_2"
        ],
        "perturbation": [
            "random_double_bridge"
        ],
        "stop_on_feasible": true,
        "timeout": 3
    },
    "histogram": {
        "all": {
            "centered_exchange_1": 160,
            "exchange_1_2": 163,
            "exchange_2_2": 162,
            "exchange_3_3": 162,
            "exchange_3_4": 162,
            "exchange_4_4": 162,
            "exchange_ids": 164,
            "insert_1": 195,
            "move_all_by_1": 121,
            "move_all_by_2": 108,
            "relocate_1": 134,
            "relocate_5": 133,
            "remove_1": 195,
            "rexchange_2_2": 161,
            "rexchange_2_3": 161,
            "rexchange_4_4": 161,
            "rrelocate_3": 130,
            "rrelocate_4": 129,
            "two_opt": 179
        },
        "improving": {
            "centered_exchange_1": 29,
            "exchange_1_2": 56,
            "exchange_2_2": 30,
            "exchange_3_3": 4,
            "exchange_3_4": 1,
            "exchange_4_4": 0,
            "exchange_ids": 75,
            "insert_1": 0,
            "move_all_by_1": 25,
            "move_all_by_2": 17,
            "relocate_1": 62,
            "relocate_5": 7,
            "remove_1": 0,
            "rexchange_2_2": 28,
            "rexchange_2_3": 9,
            "rexchange_4_4": 3,
            "rrelocate_3": 13,
            "rrelocate_4": 5,
            "two_opt": 91
        },
        "rate": {
            "centered_exchange_1": 0.18125000596046448,
            "exchange_1_2": 0.34355828166007996,
            "exchange_2_2": 0.18518517911434174,
            "exchange_3_3": 0.02469135820865631,
            "exchange_3_4": 0.006172839552164078,
            "exchange_4_4": 0.0,
            "exchange_ids": 0.4573170840740204,
            "insert_1": 0.0,
            "move_all_by_1": 0.20661157369613647,
            "move_all_by_2": 0.15740740299224854,
            "relocate_1": 0.46268656849861145,
            "relocate_5": 0.05263157933950424,
            "remove_1": 0.0,
            "rexchange_2_2": 0.17391304671764374,
            "rexchange_2_3": 0.05590062215924263,
            "rexchange_4_4": 0.018633540719747543,
            "rrelocate_3": 0.10000000149011612,
            "rrelocate_4": 0.03875968977808952,
            "two_opt": 0.5083798766136169
        }
    },
    "last_improvement": 3,
    "name": "random-24-2.25-18",
    "solution": {
        "fitness": 2001080,
        "is_feasible": false,
        "permutation": [
            3,
            8,
            7,
            20,
            9,
            6,
            16,
            13,
            2,
            11,
            4,
            19,
            5,
            1,
            21,
            17,
            22,
            15,
            14,
            12,
            18,
            10,
            0,
            23
        ],
        "permutation_orig_ids": [
            "4",
            "9",
            "8",
            "21",
            "10",
            "7",
            "17",
            "14",
            "3",
            "12",
            "5",
            "20",
            "6",
            "2",
            "22",
            "18",
            "23",
            "16",
            "15",
            "13",
            "19",
            "11",
            "1",
            "24"
        ],
        "walk_orig_ids": [
            "4",
            "9",
            "8",
            "21",
            "10",
            "7",
            "17",
            "14",
            "3",
            "12",
            "5",
            "20",
            "6",
            "2",
            "22",
            "18",
            "23",
            "18",
            "24",
            "16",
            "24",
            "19",
            "15",
            "19",
            "13",
            "19",
            "24",
            "18",
            "22",
            "11",
            "1",
            "24"
        ],
        "walk_processing": [
            true,
            true,
            true,
            true,
            true,
            true,
            true,
            true,
            true,
            true,
            true,
            true,
            true,
            true,
            true,
            true,
            true,
            false,
            false,
            true,
            false,
            false,
            true,
            false,
            true,
            true,
            false,
            false,
            false,
            true,
            true,
            true
        ]
    },
    "steps": {
        "0": 3000818,
        "1": 2001104,
        "3": 2001080
    },
    "timeout": 3
}