{
    "config": {
        "allow_infeasible": true,
        "construction": "random_replicate",
        "ils_k": 6,
        "local_search": "CVND",
        "metaheuristic": "ILS",
        "num_threads": 8,
        "operators": [
            "insert_1",
            "remove_1",
            "two_opt",
            "exchange_ids",
            "exchange_1_2",
            "exchange_2_2",
            "exchange_3_3",
            "exchange_3_4",
            "exchange_4_4",
            "rexchange_2_2",
            "rexchange_2_3",
            "rexchange_4_4",
            "centered_exchange_1",
            "relocate_1",
            "relocate_5",
            "rrelocate_3",
            "rrelocate_4",
            "move_all_by_1",
            "move_all_by_2"
        ],
        "perturbation": [
            "random_double_bridge"
        ],
        "stop_on_feasible": true,
        "timeout": 3
    },
    "histogram": {
        "all": {
            "centered_exchange_1": 136,
            "exchange_1_2": 139,
            "exchange_2_2": 137,
            "exchange_3_3": 137,
            "exchange_3_4": 137,
            "exchange_4_4": 137,
            "exchange_ids": 140,
            "insert_1": 182,
            "move_all_by_1": 106,
            "move_all_by_2": 101,
            "relocate_1": 114,
            "relocate_5": 113,
            "remove_1": 182,
            "rexchange_2_2": 137,
            "rexchange_2_3": 136,
            "rexchange_4_4": 136,
            "rrelocate_3": 109,
            "rrelocate_4": 109,
            "two_opt": 155
        },
        "improving": {
            "centered_exchange_1": 17,
            "exchange_1_2": 40,
            "exchange_2_2": 21,
            "exchange_3_3": 5,
            "exchange_3_4": 2,
            "exchange_4_4": 1,
            "exchange_ids": 57,
            "insert_1": 0,
            "move_all_by_1": 15,
            "move_all_by_2": 11,
            "relocate_1": 50,
            "relocate_5": 9,
            "remove_1": 0,
            "rexchange_2_2": 11,
            "rexchange_2_3": 2,
            "rexchange_4_4": 0,
            "rrelocate_3": 11,
            "rrelocate_4": 0,
            "two_opt": 84
        },
        "rate": {
            "centered_exchange_1": 0.125,
            "exchange_1_2": 0.28776979446411133,
            "exchange_2_2": 0.15328466892242432,
            "exchange_3_3": 0.036496348679065704,
            "exchange_3_4": 0.014598540030419827,
            "exchange_4_4": 0.007299270015209913,
            "exchange_ids": 0.40714284777641296,
            "insert_1": 0.0,
            "move_all_by_1": 0.14150942862033844,
            "move_all_by_2": 0.10891088843345642,
            "relocate_1": 0.4385964870452881,
            "relocate_5": 0.0796460211277008,
            "remove_1": 0.0,
            "rexchange_2_2": 0.08029197156429291,
            "rexchange_2_3": 0.014705882407724857,
            "rexchange_4_4": 0.0,
            "rrelocate_3": 0.10091742873191833,
            "rrelocate_4": 0.0,
            "two_opt": 0.5419355034828186
        }
    },
    "last_improvement": 2,
    "name": "random-24-0.67-93",
    "solution": {
        "fitness": 7000810,
        "is_feasible": false,
        "permutation": [
            3,
            14,
            19,
            18,
            12,
            21,
            15,
            16,
            2,
            9,
            20,
            13,
            0,
            7,
            4,
            22,
            10,
            5,
            11,
            6,
            8,
            17,
            1,
            23
        ],
        "permutation_orig_ids": [
            "4",
            "15",
            "20",
            "19",
            "13",
            "22",
            "16",
            "17",
            "3",
            "10",
            "21",
            "14",
            "1",
            "8",
            "5",
            "23",
            "11",
            "6",
            "12",
            "7",
            "9",
            "18",
            "2",
            "24"
        ],
        "walk_orig_ids": [
            "4",
            "15",
            "1",
            "20",
            "19",
            "13",
            "18",
            "22",
            "16",
            "6",
            "17",
            "6",
            "3",
            "8",
            "1",
            "21",
            "10",
            "21",
            "14",
            "24",
            "1",
            "8",
            "5",
            "23",
            "11",
            "6",
            "12",
            "7",
            "9",
            "18",
            "2",
            "24"
        ],
        "walk_processing": [
            true,
            true,
            false,
            true,
            true,
            true,
            false,
            true,
            true,
            false,
            true,
            false,
            true,
            false,
            false,
            false,
            true,
            true,
            true,
            false,
            true,
            true,
            true,
            true,
            true,
            true,
            true,
            true,
            true,
            true,
            true,
            true
        ]
    },
    "steps": {
        "0": 7000943,
        "2": 7000810
    },
    "timeout": 3
}