{
    "config": {
        "allow_infeasible": true,
        "construction": "random_replicate",
        "ils_k": 6,
        "local_search": "CVND",
        "metaheuristic": "ILS",
        "num_threads": 8,
        "operators": [
            "insert_1",
            "remove_1",
            "two_opt",
            "exchange_ids",
            "exchange_1_2",
            "exchange_2_2",
            "exchange_3_3",
            "exchange_3_4",
            "exchange_4_4",
            "rexchange_2_2",
            "rexchange_2_3",
            "rexchange_4_4",
            "centered_exchange_1",
            "relocate_1",
            "relocate_5",
            "rrelocate_3",
            "rrelocate_4",
            "move_all_by_1",
            "move_all_by_2"
        ],
        "perturbation": [
            "random_double_bridge"
        ],
        "stop_on_feasible": true,
        "timeout": 3
    },
    "histogram": {
        "all": {
            "centered_exchange_1": 152,
            "exchange_1_2": 155,
            "exchange_2_2": 155,
            "exchange_3_3": 155,
            "exchange_3_4": 155,
            "exchange_4_4": 155,
            "exchange_ids": 159,
            "insert_1": 189,
            "move_all_by_1": 118,
            "move_all_by_2": 115,
            "relocate_1": 125,
            "relocate_5": 125,
            "remove_1": 189,
            "rexchange_2_2": 154,
            "rexchange_2_3": 154,
            "rexchange_4_4": 154,
            "rrelocate_3": 122,
            "rrelocate_4": 122,
            "two_opt": 168
        },
        "improving": {
            "centered_exchange_1": 27,
            "exchange_1_2": 46,
            "exchange_2_2": 20,
            "exchange_3_3": 11,
            "exchange_3_4": 5,
            "exchange_4_4": 2,
            "exchange_ids": 57,
            "insert_1": 0,
            "move_all_by_1": 22,
            "move_all_by_2": 14,
            "relocate_1": 60,
            "relocate_5": 11,
            "remove_1": 0,
            "rexchange_2_2": 17,
            "rexchange_2_3": 6,
            "rexchange_4_4": 1,
            "rrelocate_3": 18,
            "rrelocate_4": 4,
            "two_opt": 82
        },
        "rate": {
            "centered_exchange_1": 0.17763157188892365,
            "exchange_1_2": 0.2967741787433624,
            "exchange_2_2": 0.12903225421905518,
            "exchange_3_3": 0.07096774131059647,
            "exchange_3_4": 0.032258063554763794,
            "exchange_4_4": 0.012903225608170033,
            "exchange_ids": 0.35849055647850037,
            "insert_1": 0.0,
            "move_all_by_1": 0.18644067645072937,
            "move_all_by_2": 0.12173912674188614,
            "relocate_1": 0.47999998927116394,
            "relocate_5": 0.08799999952316284,
            "remove_1": 0.0,
            "rexchange_2_2": 0.11038961261510849,
            "rexchange_2_3": 0.03896103799343109,
            "rexchange_4_4": 0.006493506487458944,
            "rrelocate_3": 0.14754098653793335,
            "rrelocate_4": 0.032786883413791656,
            "two_opt": 0.488095223903656
        }
    },
    "last_improvement": 3,
    "name": "random-24-2.08-6",
    "solution": {
        "fitness": 2001378,
        "is_feasible": false,
        "permutation": [
            20,
            1,
            22,
            19,
            10,
            3,
            17,
            13,
            21,
            0,
            23,
            18,
            6,
            8,
            4,
            9,
            5,
            2,
            16,
            14,
            12,
            11,
            15,
            7
        ],
        "permutation_orig_ids": [
            "21",
            "2",
            "23",
            "20",
            "11",
            "4",
            "18",
            "14",
            "22",
            "1",
            "24",
            "19",
            "7",
            "9",
            "5",
            "10",
            "6",
            "3",
            "17",
            "15",
            "13",
            "12",
            "16",
            "8"
        ],
        "walk_orig_ids": [
            "21",
            "2",
            "23",
            "20",
            "11",
            "4",
            "18",
            "14",
            "22",
            "14",
            "1",
            "24",
            "19",
            "7",
            "9",
            "5",
            "10",
            "6",
            "10",
            "3",
            "17",
            "15",
            "17",
            "13",
            "12",
            "16",
            "8"
        ],
        "walk_processing": [
            true,
            true,
            true,
            true,
            true,
            true,
            true,
            true,
            true,
            false,
            true,
            true,
            true,
            true,
            true,
            true,
            true,
            true,
            false,
            true,
            true,
            true,
            false,
            true,
            true,
            true,
            true
        ]
    },
    "steps": {
        "0": 3000964,
        "1": 3000923,
        "3": 2001378
    },
    "timeout": 3
}