{
    "config": {
        "allow_infeasible": true,
        "construction": "random_replicate",
        "ils_k": 6,
        "local_search": "CVND",
        "metaheuristic": "ILS",
        "num_threads": 8,
        "operators": [
            "insert_1",
            "remove_1",
            "two_opt",
            "exchange_ids",
            "exchange_1_2",
            "exchange_2_2",
            "exchange_3_3",
            "exchange_3_4",
            "exchange_4_4",
            "rexchange_2_2",
            "rexchange_2_3",
            "rexchange_4_4",
            "centered_exchange_1",
            "relocate_1",
            "relocate_5",
            "rrelocate_3",
            "rrelocate_4",
            "move_all_by_1",
            "move_all_by_2"
        ],
        "perturbation": [
            "random_double_bridge"
        ],
        "stop_on_feasible": true,
        "timeout": 3
    },
    "histogram": {
        "all": {
            "centered_exchange_1": 163,
            "exchange_1_2": 168,
            "exchange_2_2": 167,
            "exchange_3_3": 166,
            "exchange_3_4": 166,
            "exchange_4_4": 166,
            "exchange_ids": 169,
            "insert_1": 201,
            "move_all_by_1": 120,
            "move_all_by_2": 118,
            "relocate_1": 130,
            "relocate_5": 130,
            "remove_1": 201,
            "rexchange_2_2": 166,
            "rexchange_2_3": 166,
            "rexchange_4_4": 166,
            "rrelocate_3": 127,
            "rrelocate_4": 127,
            "two_opt": 183
        },
        "improving": {
            "centered_exchange_1": 24,
            "exchange_1_2": 51,
            "exchange_2_2": 26,
            "exchange_3_3": 7,
            "exchange_3_4": 5,
            "exchange_4_4": 2,
            "exchange_ids": 73,
            "insert_1": 0,
            "move_all_by_1": 30,
            "move_all_by_2": 10,
            "relocate_1": 72,
            "relocate_5": 10,
            "remove_1": 0,
            "rexchange_2_2": 19,
            "rexchange_2_3": 4,
            "rexchange_4_4": 0,
            "rrelocate_3": 15,
            "rrelocate_4": 1,
            "two_opt": 90
        },
        "rate": {
            "centered_exchange_1": 0.14723926782608032,
            "exchange_1_2": 0.3035714328289032,
            "exchange_2_2": 0.15568862855434418,
            "exchange_3_3": 0.04216867312788963,
            "exchange_3_4": 0.0301204826682806,
            "exchange_4_4": 0.012048192322254181,
            "exchange_ids": 0.43195265531539917,
            "insert_1": 0.0,
            "move_all_by_1": 0.25,
            "move_all_by_2": 0.08474576473236084,
            "relocate_1": 0.5538461804389954,
            "relocate_5": 0.07692307978868484,
            "remove_1": 0.0,
            "rexchange_2_2": 0.11445783078670502,
            "rexchange_2_3": 0.024096384644508362,
            "rexchange_4_4": 0.0,
            "rrelocate_3": 0.11811023950576782,
            "rrelocate_4": 0.007874015718698502,
            "two_opt": 0.49180328845977783
        }
    },
    "last_improvement": 0,
    "name": "random-24-0.83-76",
    "solution": {
        "fitness": 6000670,
        "is_feasible": false,
        "permutation": [
            14,
            2,
            18,
            6,
            11,
            20,
            10,
            4,
            1,
            9,
            3,
            5,
            0,
            17,
            22,
            7,
            19,
            23,
            13,
            12,
            16,
            21,
            15,
            8
        ],
        "permutation_orig_ids": [
            "15",
            "3",
            "19",
            "7",
            "12",
            "21",
            "11",
            "5",
            "2",
            "10",
            "4",
            "6",
            "1",
            "18",
            "23",
            "8",
            "20",
            "24",
            "14",
            "13",
            "17",
            "22",
            "16",
            "9"
        ],
        "walk_orig_ids": [
            "15",
            "3",
            "19",
            "7",
            "12",
            "21",
            "11",
            "5",
            "2",
            "10",
            "4",
            "6",
            "1",
            "13",
            "18",
            "13",
            "23",
            "8",
            "20",
            "24",
            "14",
            "13",
            "17",
            "22",
            "16",
            "9"
        ],
        "walk_processing": [
            true,
            true,
            true,
            true,
            true,
            true,
            true,
            true,
            true,
            true,
            true,
            true,
            true,
            false,
            true,
            false,
            true,
            true,
            true,
            true,
            true,
            true,
            true,
            true,
            true,
            true
        ]
    },
    "steps": {
        "0": 6000670
    },
    "timeout": 3
}