{
    "config": {
        "allow_infeasible": true,
        "construction": "random_replicate",
        "ils_k": 6,
        "local_search": "CVND",
        "metaheuristic": "ILS",
        "num_threads": 8,
        "operators": [
            "insert_1",
            "remove_1",
            "two_opt",
            "exchange_ids",
            "exchange_1_2",
            "exchange_2_2",
            "exchange_3_3",
            "exchange_3_4",
            "exchange_4_4",
            "rexchange_2_2",
            "rexchange_2_3",
            "rexchange_4_4",
            "centered_exchange_1",
            "relocate_1",
            "relocate_5",
            "rrelocate_3",
            "rrelocate_4",
            "move_all_by_1",
            "move_all_by_2"
        ],
        "perturbation": [
            "random_double_bridge"
        ],
        "stop_on_feasible": true,
        "timeout": 3
    },
    "histogram": {
        "all": {
            "centered_exchange_1": 141,
            "exchange_1_2": 145,
            "exchange_2_2": 143,
            "exchange_3_3": 142,
            "exchange_3_4": 142,
            "exchange_4_4": 142,
            "exchange_ids": 152,
            "insert_1": 195,
            "move_all_by_1": 115,
            "move_all_by_2": 113,
            "relocate_1": 118,
            "relocate_5": 118,
            "remove_1": 195,
            "rexchange_2_2": 142,
            "rexchange_2_3": 142,
            "rexchange_4_4": 141,
            "rrelocate_3": 118,
            "rrelocate_4": 118,
            "two_opt": 172
        },
        "improving": {
            "centered_exchange_1": 13,
            "exchange_1_2": 39,
            "exchange_2_2": 18,
            "exchange_3_3": 3,
            "exchange_3_4": 5,
            "exchange_4_4": 2,
            "exchange_ids": 69,
            "insert_1": 0,
            "move_all_by_1": 12,
            "move_all_by_2": 11,
            "relocate_1": 48,
            "relocate_5": 8,
            "remove_1": 0,
            "rexchange_2_2": 9,
            "rexchange_2_3": 3,
            "rexchange_4_4": 0,
            "rrelocate_3": 12,
            "rrelocate_4": 3,
            "two_opt": 91
        },
        "rate": {
            "centered_exchange_1": 0.09219858050346375,
            "exchange_1_2": 0.2689655125141144,
            "exchange_2_2": 0.1258741319179535,
            "exchange_3_3": 0.0211267601698637,
            "exchange_3_4": 0.035211268812417984,
            "exchange_4_4": 0.014084506779909134,
            "exchange_ids": 0.45394736528396606,
            "insert_1": 0.0,
            "move_all_by_1": 0.104347825050354,
            "move_all_by_2": 0.09734513610601425,
            "relocate_1": 0.4067796468734741,
            "relocate_5": 0.06779661029577255,
            "remove_1": 0.0,
            "rexchange_2_2": 0.06338027864694595,
            "rexchange_2_3": 0.0211267601698637,
            "rexchange_4_4": 0.0,
            "rrelocate_3": 0.10169491171836853,
            "rrelocate_4": 0.025423727929592133,
            "two_opt": 0.5290697813034058
        }
    },
    "last_improvement": 2,
    "name": "random-24-0.75-27",
    "solution": {
        "fitness": 4001467,
        "is_feasible": false,
        "permutation": [
            16,
            4,
            9,
            13,
            14,
            20,
            6,
            23,
            5,
            10,
            21,
            3,
            22,
            2,
            18,
            11,
            8,
            19,
            15,
            0,
            1,
            12,
            7,
            17
        ],
        "permutation_orig_ids": [
            "17",
            "5",
            "10",
            "14",
            "15",
            "21",
            "7",
            "24",
            "6",
            "11",
            "22",
            "4",
            "23",
            "3",
            "19",
            "12",
            "9",
            "20",
            "16",
            "1",
            "2",
            "13",
            "8",
            "18"
        ],
        "walk_orig_ids": [
            "17",
            "20",
            "5",
            "13",
            "10",
            "8",
            "14",
            "1",
            "15",
            "21",
            "24",
            "7",
            "24",
            "6",
            "11",
            "22",
            "20",
            "16",
            "9",
            "19",
            "2",
            "3",
            "23",
            "4",
            "23",
            "3",
            "2",
            "19",
            "9",
            "12",
            "9",
            "16",
            "20",
            "16",
            "1",
            "2",
            "13",
            "8",
            "18"
        ],
        "walk_processing": [
            true,
            false,
            true,
            false,
            true,
            false,
            true,
            false,
            true,
            true,
            false,
            true,
            true,
            true,
            true,
            true,
            false,
            false,
            false,
            false,
            false,
            false,
            false,
            true,
            true,
            true,
            false,
            true,
            false,
            true,
            true,
            false,
            true,
            true,
            true,
            true,
            true,
            true,
            true
        ]
    },
    "steps": {
        "0": 4001519,
        "1": 4001496,
        "2": 4001467
    },
    "timeout": 3
}