{
    "config": {
        "allow_infeasible": true,
        "construction": "random_replicate",
        "ils_k": 6,
        "local_search": "CVND",
        "metaheuristic": "ILS",
        "num_threads": 8,
        "operators": [
            "insert_1",
            "remove_1",
            "two_opt",
            "exchange_ids",
            "exchange_1_2",
            "exchange_2_2",
            "exchange_3_3",
            "exchange_3_4",
            "exchange_4_4",
            "rexchange_2_2",
            "rexchange_2_3",
            "rexchange_4_4",
            "centered_exchange_1",
            "relocate_1",
            "relocate_5",
            "rrelocate_3",
            "rrelocate_4",
            "move_all_by_1",
            "move_all_by_2"
        ],
        "perturbation": [
            "random_double_bridge"
        ],
        "stop_on_feasible": true,
        "timeout": 3
    },
    "histogram": {
        "all": {
            "centered_exchange_1": 163,
            "exchange_1_2": 166,
            "exchange_2_2": 166,
            "exchange_3_3": 166,
            "exchange_3_4": 166,
            "exchange_4_4": 166,
            "exchange_ids": 171,
            "insert_1": 207,
            "move_all_by_1": 127,
            "move_all_by_2": 120,
            "relocate_1": 138,
            "relocate_5": 138,
            "remove_1": 207,
            "rexchange_2_2": 166,
            "rexchange_2_3": 165,
            "rexchange_4_4": 165,
            "rrelocate_3": 135,
            "rrelocate_4": 135,
            "two_opt": 184
        },
        "improving": {
            "centered_exchange_1": 26,
            "exchange_1_2": 58,
            "exchange_2_2": 27,
            "exchange_3_3": 7,
            "exchange_3_4": 4,
            "exchange_4_4": 1,
            "exchange_ids": 72,
            "insert_1": 0,
            "move_all_by_1": 29,
            "move_all_by_2": 21,
            "relocate_1": 67,
            "relocate_5": 13,
            "remove_1": 0,
            "rexchange_2_2": 23,
            "rexchange_2_3": 13,
            "rexchange_4_4": 1,
            "rrelocate_3": 17,
            "rrelocate_4": 6,
            "two_opt": 93
        },
        "rate": {
            "centered_exchange_1": 0.15950919687747955,
            "exchange_1_2": 0.34939759969711304,
            "exchange_2_2": 0.16265060007572174,
            "exchange_3_3": 0.04216867312788963,
            "exchange_3_4": 0.024096384644508362,
            "exchange_4_4": 0.0060240961611270905,
            "exchange_ids": 0.42105263471603394,
            "insert_1": 0.0,
            "move_all_by_1": 0.22834645211696625,
            "move_all_by_2": 0.17499999701976776,
            "relocate_1": 0.4855072498321533,
            "relocate_5": 0.09420289844274521,
            "remove_1": 0.0,
            "rexchange_2_2": 0.13855421543121338,
            "rexchange_2_3": 0.07878787815570831,
            "rexchange_4_4": 0.0060606058686971664,
            "rrelocate_3": 0.1259259283542633,
            "rrelocate_4": 0.04444444552063942,
            "two_opt": 0.5054348111152649
        }
    },
    "last_improvement": 2,
    "name": "random-24-2.08-11",
    "solution": {
        "fitness": 1001021,
        "is_feasible": false,
        "permutation": [
            17,
            8,
            12,
            18,
            22,
            6,
            3,
            11,
            14,
            2,
            23,
            7,
            1,
            16,
            0,
            20,
            4,
            5,
            10,
            15,
            9,
            21,
            13,
            19
        ],
        "permutation_orig_ids": [
            "18",
            "9",
            "13",
            "19",
            "23",
            "7",
            "4",
            "12",
            "15",
            "3",
            "24",
            "8",
            "2",
            "17",
            "1",
            "21",
            "5",
            "6",
            "11",
            "16",
            "10",
            "22",
            "14",
            "20"
        ],
        "walk_orig_ids": [
            "18",
            "9",
            "13",
            "19",
            "23",
            "4",
            "7",
            "4",
            "15",
            "10",
            "12",
            "10",
            "15",
            "3",
            "14",
            "24",
            "8",
            "6",
            "2",
            "17",
            "1",
            "5",
            "21",
            "5",
            "6",
            "11",
            "16",
            "10",
            "22",
            "14",
            "18",
            "20"
        ],
        "walk_processing": [
            true,
            true,
            true,
            true,
            true,
            false,
            true,
            true,
            false,
            false,
            true,
            false,
            true,
            true,
            false,
            true,
            true,
            false,
            true,
            true,
            true,
            false,
            true,
            true,
            true,
            true,
            true,
            true,
            true,
            true,
            false,
            true
        ]
    },
    "steps": {
        "0": 3000990,
        "1": 1001095,
        "2": 1001021
    },
    "timeout": 3
}