{
    "config": {
        "allow_infeasible": true,
        "construction": "random_replicate",
        "ils_k": 6,
        "local_search": "CVND",
        "metaheuristic": "ILS",
        "num_threads": 8,
        "operators": [
            "insert_1",
            "remove_1",
            "two_opt",
            "exchange_ids",
            "exchange_1_2",
            "exchange_2_2",
            "exchange_3_3",
            "exchange_3_4",
            "exchange_4_4",
            "rexchange_2_2",
            "rexchange_2_3",
            "rexchange_4_4",
            "centered_exchange_1",
            "relocate_1",
            "relocate_5",
            "rrelocate_3",
            "rrelocate_4",
            "move_all_by_1",
            "move_all_by_2"
        ],
        "perturbation": [
            "random_double_bridge"
        ],
        "stop_on_feasible": true,
        "timeout": 3
    },
    "histogram": {
        "all": {
            "centered_exchange_1": 141,
            "exchange_1_2": 144,
            "exchange_2_2": 144,
            "exchange_3_3": 144,
            "exchange_3_4": 144,
            "exchange_4_4": 144,
            "exchange_ids": 146,
            "insert_1": 188,
            "move_all_by_1": 106,
            "move_all_by_2": 102,
            "relocate_1": 122,
            "relocate_5": 121,
            "remove_1": 188,
            "rexchange_2_2": 142,
            "rexchange_2_3": 142,
            "rexchange_4_4": 142,
            "rrelocate_3": 117,
            "rrelocate_4": 112,
            "two_opt": 163
        },
        "improving": {
            "centered_exchange_1": 12,
            "exchange_1_2": 43,
            "exchange_2_2": 17,
            "exchange_3_3": 3,
            "exchange_3_4": 3,
            "exchange_4_4": 0,
            "exchange_ids": 63,
            "insert_1": 0,
            "move_all_by_1": 12,
            "move_all_by_2": 6,
            "relocate_1": 45,
            "relocate_5": 3,
            "remove_1": 0,
            "rexchange_2_2": 18,
            "rexchange_2_3": 4,
            "rexchange_4_4": 0,
            "rrelocate_3": 13,
            "rrelocate_4": 7,
            "two_opt": 89
        },
        "rate": {
            "centered_exchange_1": 0.08510638028383255,
            "exchange_1_2": 0.2986111044883728,
            "exchange_2_2": 0.1180555522441864,
            "exchange_3_3": 0.02083333395421505,
            "exchange_3_4": 0.02083333395421505,
            "exchange_4_4": 0.0,
            "exchange_ids": 0.43150684237480164,
            "insert_1": 0.0,
            "move_all_by_1": 0.11320754885673523,
            "move_all_by_2": 0.05882352963089943,
            "relocate_1": 0.3688524663448334,
            "relocate_5": 0.024793388321995735,
            "remove_1": 0.0,
            "rexchange_2_2": 0.1267605572938919,
            "rexchange_2_3": 0.028169013559818268,
            "rexchange_4_4": 0.0,
            "rrelocate_3": 0.1111111119389534,
            "rrelocate_4": 0.0625,
            "two_opt": 0.546012282371521
        }
    },
    "last_improvement": 2,
    "name": "random-24-0.67-51",
    "solution": {
        "fitness": 5001015,
        "is_feasible": false,
        "permutation": [
            6,
            18,
            12,
            23,
            9,
            2,
            20,
            16,
            19,
            3,
            4,
            0,
            7,
            13,
            8,
            10,
            21,
            5,
            22,
            1,
            14,
            17,
            11,
            15
        ],
        "permutation_orig_ids": [
            "7",
            "19",
            "13",
            "24",
            "10",
            "3",
            "21",
            "17",
            "20",
            "4",
            "5",
            "1",
            "8",
            "14",
            "9",
            "11",
            "22",
            "6",
            "23",
            "2",
            "15",
            "18",
            "12",
            "16"
        ],
        "walk_orig_ids": [
            "7",
            "19",
            "12",
            "13",
            "24",
            "4",
            "10",
            "3",
            "2",
            "21",
            "2",
            "11",
            "17",
            "20",
            "23",
            "6",
            "2",
            "22",
            "4",
            "5",
            "8",
            "1",
            "8",
            "14",
            "9",
            "11",
            "22",
            "2",
            "6",
            "23",
            "6",
            "2",
            "15",
            "18",
            "12",
            "16"
        ],
        "walk_processing": [
            true,
            true,
            false,
            true,
            true,
            false,
            true,
            true,
            false,
            true,
            false,
            false,
            true,
            true,
            false,
            false,
            false,
            false,
            true,
            true,
            false,
            true,
            true,
            true,
            true,
            true,
            true,
            false,
            true,
            true,
            false,
            true,
            true,
            true,
            true,
            true
        ]
    },
    "steps": {
        "0": 6001043,
        "1": 6000922,
        "2": 5001015
    },
    "timeout": 3
}