{
    "config": {
        "allow_infeasible": true,
        "construction": "random_replicate",
        "ils_k": 6,
        "local_search": "CVND",
        "metaheuristic": "ILS",
        "num_threads": 8,
        "operators": [
            "insert_1",
            "remove_1",
            "two_opt",
            "exchange_ids",
            "exchange_1_2",
            "exchange_2_2",
            "exchange_3_3",
            "exchange_3_4",
            "exchange_4_4",
            "rexchange_2_2",
            "rexchange_2_3",
            "rexchange_4_4",
            "centered_exchange_1",
            "relocate_1",
            "relocate_5",
            "rrelocate_3",
            "rrelocate_4",
            "move_all_by_1",
            "move_all_by_2"
        ],
        "perturbation": [
            "random_double_bridge"
        ],
        "stop_on_feasible": true,
        "timeout": 3
    },
    "histogram": {
        "all": {
            "centered_exchange_1": 133,
            "exchange_1_2": 135,
            "exchange_2_2": 135,
            "exchange_3_3": 134,
            "exchange_3_4": 134,
            "exchange_4_4": 134,
            "exchange_ids": 137,
            "insert_1": 172,
            "move_all_by_1": 104,
            "move_all_by_2": 102,
            "relocate_1": 112,
            "relocate_5": 111,
            "remove_1": 172,
            "rexchange_2_2": 133,
            "rexchange_2_3": 133,
            "rexchange_4_4": 133,
            "rrelocate_3": 111,
            "rrelocate_4": 111,
            "two_opt": 156
        },
        "improving": {
            "centered_exchange_1": 23,
            "exchange_1_2": 42,
            "exchange_2_2": 18,
            "exchange_3_3": 8,
            "exchange_3_4": 6,
            "exchange_4_4": 1,
            "exchange_ids": 71,
            "insert_1": 0,
            "move_all_by_1": 25,
            "move_all_by_2": 15,
            "relocate_1": 54,
            "relocate_5": 9,
            "remove_1": 0,
            "rexchange_2_2": 19,
            "rexchange_2_3": 3,
            "rexchange_4_4": 1,
            "rrelocate_3": 13,
            "rrelocate_4": 9,
            "two_opt": 79
        },
        "rate": {
            "centered_exchange_1": 0.17293232679367065,
            "exchange_1_2": 0.31111112236976624,
            "exchange_2_2": 0.13333334028720856,
            "exchange_3_3": 0.05970149114727974,
            "exchange_3_4": 0.04477611929178238,
            "exchange_4_4": 0.007462686393409967,
            "exchange_ids": 0.5182482004165649,
            "insert_1": 0.0,
            "move_all_by_1": 0.24038460850715637,
            "move_all_by_2": 0.14705882966518402,
            "relocate_1": 0.4821428656578064,
            "relocate_5": 0.0810810774564743,
            "remove_1": 0.0,
            "rexchange_2_2": 0.1428571492433548,
            "rexchange_2_3": 0.02255639061331749,
            "rexchange_4_4": 0.007518797181546688,
            "rrelocate_3": 0.11711711436510086,
            "rrelocate_4": 0.0810810774564743,
            "two_opt": 0.5064102411270142
        }
    },
    "last_improvement": 0,
    "name": "random-24-1.75-97",
    "solution": {
        "fitness": 3001325,
        "is_feasible": false,
        "permutation": [
            6,
            12,
            3,
            19,
            11,
            14,
            7,
            9,
            2,
            16,
            13,
            21,
            23,
            4,
            10,
            18,
            0,
            5,
            1,
            15,
            22,
            8,
            20,
            17
        ],
        "permutation_orig_ids": [
            "7",
            "13",
            "4",
            "20",
            "12",
            "15",
            "8",
            "10",
            "3",
            "17",
            "14",
            "22",
            "24",
            "5",
            "11",
            "19",
            "1",
            "6",
            "2",
            "16",
            "23",
            "9",
            "21",
            "18"
        ],
        "walk_orig_ids": [
            "7",
            "13",
            "4",
            "24",
            "20",
            "12",
            "15",
            "8",
            "10",
            "3",
            "17",
            "14",
            "16",
            "22",
            "16",
            "24",
            "11",
            "5",
            "11",
            "1",
            "19",
            "1",
            "16",
            "2",
            "6",
            "2",
            "16",
            "23",
            "9",
            "21",
            "18"
        ],
        "walk_processing": [
            true,
            true,
            true,
            false,
            true,
            true,
            true,
            true,
            true,
            true,
            true,
            true,
            false,
            true,
            false,
            true,
            false,
            true,
            true,
            false,
            true,
            true,
            false,
            false,
            true,
            true,
            true,
            true,
            true,
            true,
            true
        ]
    },
    "steps": {
        "0": 3001325
    },
    "timeout": 3
}