{
    "config": {
        "allow_infeasible": true,
        "construction": "random_replicate",
        "ils_k": 6,
        "local_search": "CVND",
        "metaheuristic": "ILS",
        "num_threads": 8,
        "operators": [
            "insert_1",
            "remove_1",
            "two_opt",
            "exchange_ids",
            "exchange_1_2",
            "exchange_2_2",
            "exchange_3_3",
            "exchange_3_4",
            "exchange_4_4",
            "rexchange_2_2",
            "rexchange_2_3",
            "rexchange_4_4",
            "centered_exchange_1",
            "relocate_1",
            "relocate_5",
            "rrelocate_3",
            "rrelocate_4",
            "move_all_by_1",
            "move_all_by_2"
        ],
        "perturbation": [
            "random_double_bridge"
        ],
        "stop_on_feasible": true,
        "timeout": 3
    },
    "histogram": {
        "all": {
            "centered_exchange_1": 158,
            "exchange_1_2": 158,
            "exchange_2_2": 158,
            "exchange_3_3": 158,
            "exchange_3_4": 158,
            "exchange_4_4": 158,
            "exchange_ids": 164,
            "insert_1": 210,
            "move_all_by_1": 122,
            "move_all_by_2": 117,
            "relocate_1": 134,
            "relocate_5": 133,
            "remove_1": 210,
            "rexchange_2_2": 158,
            "rexchange_2_3": 158,
            "rexchange_4_4": 158,
            "rrelocate_3": 131,
            "rrelocate_4": 129,
            "two_opt": 191
        },
        "improving": {
            "centered_exchange_1": 16,
            "exchange_1_2": 48,
            "exchange_2_2": 25,
            "exchange_3_3": 3,
            "exchange_3_4": 3,
            "exchange_4_4": 0,
            "exchange_ids": 79,
            "insert_1": 0,
            "move_all_by_1": 20,
            "move_all_by_2": 12,
            "relocate_1": 55,
            "relocate_5": 6,
            "remove_1": 0,
            "rexchange_2_2": 19,
            "rexchange_2_3": 3,
            "rexchange_4_4": 0,
            "rrelocate_3": 18,
            "rrelocate_4": 5,
            "two_opt": 98
        },
        "rate": {
            "centered_exchange_1": 0.10126582533121109,
            "exchange_1_2": 0.3037974536418915,
            "exchange_2_2": 0.1582278460264206,
            "exchange_3_3": 0.018987340852618217,
            "exchange_3_4": 0.018987340852618217,
            "exchange_4_4": 0.0,
            "exchange_ids": 0.48170730471611023,
            "insert_1": 0.0,
            "move_all_by_1": 0.16393442451953888,
            "move_all_by_2": 0.10256410390138626,
            "relocate_1": 0.41044774651527405,
            "relocate_5": 0.04511278122663498,
            "remove_1": 0.0,
            "rexchange_2_2": 0.12025316804647446,
            "rexchange_2_3": 0.018987340852618217,
            "rexchange_4_4": 0.0,
            "rrelocate_3": 0.13740457594394684,
            "rrelocate_4": 0.03875968977808952,
            "two_opt": 0.5130890011787415
        }
    },
    "last_improvement": 2,
    "name": "random-24-1.42-42",
    "solution": {
        "fitness": 3001011,
        "is_feasible": false,
        "permutation": [
            22,
            11,
            19,
            2,
            5,
            7,
            3,
            6,
            17,
            12,
            23,
            1,
            0,
            15,
            13,
            8,
            18,
            4,
            16,
            20,
            21,
            9,
            10,
            14
        ],
        "permutation_orig_ids": [
            "23",
            "12",
            "20",
            "3",
            "6",
            "8",
            "4",
            "7",
            "18",
            "13",
            "24",
            "2",
            "1",
            "16",
            "14",
            "9",
            "19",
            "5",
            "17",
            "21",
            "22",
            "10",
            "11",
            "15"
        ],
        "walk_orig_ids": [
            "23",
            "12",
            "20",
            "3",
            "6",
            "8",
            "4",
            "7",
            "18",
            "13",
            "2",
            "24",
            "2",
            "1",
            "16",
            "10",
            "14",
            "10",
            "21",
            "9",
            "19",
            "17",
            "5",
            "17",
            "19",
            "9",
            "21",
            "10",
            "22",
            "10",
            "11",
            "15"
        ],
        "walk_processing": [
            true,
            true,
            true,
            true,
            true,
            true,
            true,
            true,
            true,
            true,
            false,
            true,
            true,
            true,
            true,
            false,
            true,
            false,
            false,
            true,
            true,
            false,
            true,
            true,
            false,
            false,
            true,
            false,
            true,
            true,
            true,
            true
        ]
    },
    "steps": {
        "0": 4000833,
        "2": 3001011
    },
    "timeout": 3
}