{
    "config": {
        "allow_infeasible": true,
        "construction": "random_replicate",
        "ils_k": 6,
        "local_search": "CVND",
        "metaheuristic": "ILS",
        "num_threads": 8,
        "operators": [
            "insert_1",
            "remove_1",
            "two_opt",
            "exchange_ids",
            "exchange_1_2",
            "exchange_2_2",
            "exchange_3_3",
            "exchange_3_4",
            "exchange_4_4",
            "rexchange_2_2",
            "rexchange_2_3",
            "rexchange_4_4",
            "centered_exchange_1",
            "relocate_1",
            "relocate_5",
            "rrelocate_3",
            "rrelocate_4",
            "move_all_by_1",
            "move_all_by_2"
        ],
        "perturbation": [
            "random_double_bridge"
        ],
        "stop_on_feasible": true,
        "timeout": 3
    },
    "histogram": {
        "all": {
            "centered_exchange_1": 153,
            "exchange_1_2": 154,
            "exchange_2_2": 153,
            "exchange_3_3": 153,
            "exchange_3_4": 153,
            "exchange_4_4": 153,
            "exchange_ids": 162,
            "insert_1": 200,
            "move_all_by_1": 117,
            "move_all_by_2": 114,
            "relocate_1": 123,
            "relocate_5": 123,
            "remove_1": 200,
            "rexchange_2_2": 153,
            "rexchange_2_3": 153,
            "rexchange_4_4": 153,
            "rrelocate_3": 123,
            "rrelocate_4": 123,
            "two_opt": 174
        },
        "improving": {
            "centered_exchange_1": 7,
            "exchange_1_2": 49,
            "exchange_2_2": 14,
            "exchange_3_3": 7,
            "exchange_3_4": 2,
            "exchange_4_4": 0,
            "exchange_ids": 66,
            "insert_1": 0,
            "move_all_by_1": 13,
            "move_all_by_2": 6,
            "relocate_1": 47,
            "relocate_5": 3,
            "remove_1": 0,
            "rexchange_2_2": 10,
            "rexchange_2_3": 1,
            "rexchange_4_4": 0,
            "rrelocate_3": 7,
            "rrelocate_4": 2,
            "two_opt": 90
        },
        "rate": {
            "centered_exchange_1": 0.04575163498520851,
            "exchange_1_2": 0.3181818127632141,
            "exchange_2_2": 0.09150326997041702,
            "exchange_3_3": 0.04575163498520851,
            "exchange_3_4": 0.013071895577013493,
            "exchange_4_4": 0.0,
            "exchange_ids": 0.40740740299224854,
            "insert_1": 0.0,
            "move_all_by_1": 0.1111111119389534,
            "move_all_by_2": 0.05263157933950424,
            "relocate_1": 0.38211381435394287,
            "relocate_5": 0.024390242993831635,
            "remove_1": 0.0,
            "rexchange_2_2": 0.06535948067903519,
            "rexchange_2_3": 0.006535947788506746,
            "rexchange_4_4": 0.0,
            "rrelocate_3": 0.056910570710897446,
            "rrelocate_4": 0.016260161995887756,
            "two_opt": 0.517241358757019
        }
    },
    "last_improvement": 3,
    "name": "random-24-0.92-15",
    "solution": {
        "fitness": 7000712,
        "is_feasible": false,
        "permutation": [
            14,
            15,
            16,
            18,
            7,
            11,
            1,
            10,
            20,
            13,
            21,
            8,
            5,
            4,
            17,
            19,
            9,
            3,
            2,
            0,
            6,
            22,
            23,
            12
        ],
        "permutation_orig_ids": [
            "15",
            "16",
            "17",
            "19",
            "8",
            "12",
            "2",
            "11",
            "21",
            "14",
            "22",
            "9",
            "6",
            "5",
            "18",
            "20",
            "10",
            "4",
            "3",
            "1",
            "7",
            "23",
            "24",
            "13"
        ],
        "walk_orig_ids": [
            "15",
            "16",
            "3",
            "17",
            "23",
            "19",
            "23",
            "8",
            "12",
            "14",
            "2",
            "11",
            "21",
            "22",
            "14",
            "22",
            "9",
            "6",
            "5",
            "18",
            "20",
            "18",
            "10",
            "4",
            "3",
            "1",
            "7",
            "23",
            "24",
            "13"
        ],
        "walk_processing": [
            true,
            true,
            false,
            true,
            false,
            true,
            false,
            true,
            true,
            false,
            true,
            true,
            true,
            false,
            true,
            true,
            true,
            true,
            true,
            true,
            true,
            false,
            true,
            true,
            true,
            true,
            true,
            true,
            true,
            true
        ]
    },
    "steps": {
        "0": 7000753,
        "2": 7000731,
        "3": 7000712
    },
    "timeout": 3
}