{
    "config": {
        "allow_infeasible": true,
        "bvns_max_k": 8,
        "bvns_min_k": 3,
        "construction": "random",
        "local_search": "RVND",
        "metaheuristic": "BVNS",
        "num_threads": 8,
        "operators": [
            "insert_1",
            "remove_1",
            "two_opt",
            "exchange_ids",
            "exchange_1_1",
            "exchange_1_2",
            "exchange_2_3",
            "exchange_2_4",
            "exchange_3_3",
            "exchange_3_4",
            "rexchange_1_2",
            "centered_exchange_1",
            "centered_exchange_2",
            "centered_exchange_3",
            "centered_exchange_4",
            "relocate_5",
            "rrelocate_2",
            "rrelocate_3",
            "rrelocate_5",
            "move_all_by_2",
            "move_all_by_3",
            "move_all_by_4"
        ],
        "perturbation": [
            "random_double_bridge"
        ],
        "timeout": 600
    },
    "histogram": {
        "all": {
            "centered_exchange_1": 169544,
            "centered_exchange_2": 169544,
            "centered_exchange_3": 169544,
            "centered_exchange_4": 169544,
            "exchange_1_1": 169544,
            "exchange_1_2": 169544,
            "exchange_2_3": 169544,
            "exchange_2_4": 169543,
            "exchange_3_3": 169544,
            "exchange_3_4": 169544,
            "exchange_ids": 169543,
            "insert_1": 169544,
            "move_all_by_2": 169544,
            "move_all_by_3": 169544,
            "move_all_by_4": 169544,
            "relocate_5": 169544,
            "remove_1": 169543,
            "rexchange_1_2": 169544,
            "rrelocate_2": 169544,
            "rrelocate_3": 169544,
            "rrelocate_5": 169543,
            "two_opt": 169544
        },
        "improving": {
            "centered_exchange_1": 36671,
            "centered_exchange_2": 22122,
            "centered_exchange_3": 11841,
            "centered_exchange_4": 13239,
            "exchange_1_1": 75012,
            "exchange_1_2": 58419,
            "exchange_2_3": 41012,
            "exchange_2_4": 26676,
            "exchange_3_3": 36015,
            "exchange_3_4": 37916,
            "exchange_ids": 76677,
            "insert_1": 20290,
            "move_all_by_2": 49643,
            "move_all_by_3": 53639,
            "move_all_by_4": 59839,
            "relocate_5": 32596,
            "remove_1": 18785,
            "rexchange_1_2": 63520,
            "rrelocate_2": 55935,
            "rrelocate_3": 49297,
            "rrelocate_5": 38719,
            "two_opt": 72305
        },
        "rate": {
            "centered_exchange_1": 0.21629193425178528,
            "centered_exchange_2": 0.13047941029071808,
            "centered_exchange_3": 0.06984027475118637,
            "centered_exchange_4": 0.07808592170476913,
            "exchange_1_1": 0.44243383407592773,
            "exchange_1_2": 0.34456542134284973,
            "exchange_2_3": 0.2418959140777588,
            "exchange_2_4": 0.1573406159877777,
            "exchange_3_3": 0.21242272853851318,
            "exchange_3_4": 0.22363516688346863,
            "exchange_ids": 0.4522569477558136,
            "insert_1": 0.119673952460289,
            "move_all_by_2": 0.2928030490875244,
            "move_all_by_3": 0.3163721561431885,
            "move_all_by_4": 0.3529408276081085,
            "relocate_5": 0.1922568827867508,
            "remove_1": 0.11079785227775574,
            "rexchange_1_2": 0.3746519982814789,
            "rrelocate_2": 0.3299143612384796,
            "rrelocate_3": 0.2907622754573822,
            "rrelocate_5": 0.2283727377653122,
            "two_opt": 0.42646747827529907
        }
    },
    "last_improvement": 0,
    "name": "cvrp-P-n050-k10.xml",
    "solution": {
        "solution": {
            "fitness": 697,
            "is_feasible": true,
            "permutation": [
                0,
                29,
                5,
                36,
                37,
                20,
                15,
                0,
                30,
                2,
                33,
                6,
                0,
                1,
                22,
                42,
                41,
                43,
                23,
                16,
                0,
                35,
                14,
                19,
                8,
                46,
                0,
                4,
                45,
                27,
                13,
                34,
                0,
                48,
                47,
                21,
                28,
                0,
                9,
                25,
                18,
                24,
                49,
                3,
                0,
                12,
                39,
                31,
                10,
                0,
                26,
                38,
                11,
                7,
                0,
                40,
                32,
                44,
                17,
                0
            ]
        }
    },
    "steps": {
        "0": 697
    },
    "timeout": 600
}