{
    "config": {
        "allow_infeasible": true,
        "construction": "random_replicate",
        "ils_k": 6,
        "local_search": "CVND",
        "metaheuristic": "ILS",
        "num_threads": 8,
        "operators": [
            "insert_1",
            "remove_1",
            "two_opt",
            "exchange_ids",
            "exchange_1_2",
            "exchange_2_2",
            "exchange_3_3",
            "exchange_3_4",
            "exchange_4_4",
            "rexchange_2_2",
            "rexchange_2_3",
            "rexchange_4_4",
            "centered_exchange_1",
            "relocate_1",
            "relocate_5",
            "rrelocate_3",
            "rrelocate_4",
            "move_all_by_1",
            "move_all_by_2"
        ],
        "perturbation": [
            "random_double_bridge"
        ],
        "timeout": 600
    },
    "histogram": {
        "all": {
            "centered_exchange_1": 25779,
            "exchange_1_2": 26013,
            "exchange_2_2": 26007,
            "exchange_3_3": 25984,
            "exchange_3_4": 25983,
            "exchange_4_4": 25983,
            "exchange_ids": 26174,
            "insert_1": 28123,
            "move_all_by_1": 20425,
            "move_all_by_2": 20003,
            "relocate_1": 21422,
            "relocate_5": 21357,
            "remove_1": 28123,
            "rexchange_2_2": 25883,
            "rexchange_2_3": 25861,
            "rexchange_4_4": 25857,
            "rrelocate_3": 21187,
            "rrelocate_4": 21152,
            "two_opt": 27086
        },
        "improving": {
            "centered_exchange_1": 4389,
            "exchange_1_2": 10679,
            "exchange_2_2": 4193,
            "exchange_3_3": 2470,
            "exchange_3_4": 3150,
            "exchange_4_4": 1444,
            "exchange_ids": 12976,
            "insert_1": 0,
            "move_all_by_1": 7850,
            "move_all_by_2": 5409,
            "relocate_1": 16951,
            "relocate_5": 5875,
            "remove_1": 0,
            "rexchange_2_2": 6002,
            "rexchange_2_3": 4670,
            "rexchange_4_4": 1770,
            "rrelocate_3": 8247,
            "rrelocate_4": 4549,
            "two_opt": 12311
        },
        "rate": {
            "centered_exchange_1": 0.17025485634803772,
            "exchange_1_2": 0.41052550077438354,
            "exchange_2_2": 0.161225825548172,
            "exchange_3_3": 0.09505850076675415,
            "exchange_3_4": 0.12123311311006546,
            "exchange_4_4": 0.055574797093868256,
            "exchange_ids": 0.49575915932655334,
            "insert_1": 0.0,
            "move_all_by_1": 0.38433292508125305,
            "move_all_by_2": 0.2704094350337982,
            "relocate_1": 0.7912893295288086,
            "relocate_5": 0.27508544921875,
            "remove_1": 0.0,
            "rexchange_2_2": 0.23188965022563934,
            "rexchange_2_3": 0.18058079481124878,
            "rexchange_4_4": 0.06845341622829437,
            "rrelocate_3": 0.3892481327056885,
            "rrelocate_4": 0.21506240963935852,
            "two_opt": 0.4545152485370636
        }
    },
    "last_improvement": 42,
    "name": "berlin52",
    "solution": {
        "fitness": 8258,
        "is_feasible": true,
        "permutation": [
            42,
            44,
            18,
            40,
            7,
            8,
            9,
            39,
            37,
            36,
            38,
            33,
            34,
            35,
            48,
            31,
            0,
            21,
            30,
            17,
            2,
            16,
            20,
            41,
            6,
            1,
            28,
            29,
            22,
            19,
            49,
            15,
            43,
            45,
            47,
            23,
            4,
            14,
            5,
            3,
            24,
            11,
            27,
            26,
            25,
            46,
            12,
            13,
            51,
            10,
            50,
            32
        ],
        "permutation_orig_ids": [
            "43",
            "45",
            "19",
            "41",
            "8",
            "9",
            "10",
            "40",
            "38",
            "37",
            "39",
            "34",
            "35",
            "36",
            "49",
            "32",
            "1",
            "22",
            "31",
            "18",
            "3",
            "17",
            "21",
            "42",
            "7",
            "2",
            "29",
            "30",
            "23",
            "20",
            "50",
            "16",
            "44",
            "46",
            "48",
            "24",
            "5",
            "15",
            "6",
            "4",
            "25",
            "12",
            "28",
            "27",
            "26",
            "47",
            "13",
            "14",
            "52",
            "11",
            "51",
            "33"
        ]
    },
    "steps": {
        "0": 9083,
        "1": 8963,
        "3": 8945,
        "4": 8410,
        "41": 8279,
        "42": 8258,
        "5": 8389,
        "8": 8318
    },
    "timeout": 600
}