{
    "config": {
        "allow_infeasible": true,
        "construction": "random_replicate",
        "ils_k": 6,
        "local_search": "CVND",
        "metaheuristic": "ILS",
        "num_threads": 8,
        "operators": [
            "insert_1",
            "remove_1",
            "two_opt",
            "exchange_ids",
            "exchange_1_2",
            "exchange_2_2",
            "exchange_3_3",
            "exchange_3_4",
            "exchange_4_4",
            "rexchange_2_2",
            "rexchange_2_3",
            "rexchange_4_4",
            "centered_exchange_1",
            "relocate_1",
            "relocate_5",
            "rrelocate_3",
            "rrelocate_4",
            "move_all_by_1",
            "move_all_by_2"
        ],
        "perturbation": [
            "random_double_bridge"
        ],
        "stop_on_feasible": true,
        "timeout": 5
    },
    "histogram": {
        "all": {
            "centered_exchange_1": 49,
            "exchange_1_2": 50,
            "exchange_2_2": 50,
            "exchange_3_3": 50,
            "exchange_3_4": 50,
            "exchange_4_4": 50,
            "exchange_ids": 50,
            "insert_1": 53,
            "move_all_by_1": 35,
            "move_all_by_2": 34,
            "relocate_1": 40,
            "relocate_5": 39,
            "remove_1": 53,
            "rexchange_2_2": 49,
            "rexchange_2_3": 49,
            "rexchange_4_4": 49,
            "rrelocate_3": 39,
            "rrelocate_4": 37,
            "two_opt": 52
        },
        "improving": {
            "centered_exchange_1": 16,
            "exchange_1_2": 23,
            "exchange_2_2": 10,
            "exchange_3_3": 9,
            "exchange_3_4": 7,
            "exchange_4_4": 6,
            "exchange_ids": 25,
            "insert_1": 0,
            "move_all_by_1": 11,
            "move_all_by_2": 6,
            "relocate_1": 29,
            "relocate_5": 12,
            "remove_1": 0,
            "rexchange_2_2": 17,
            "rexchange_2_3": 7,
            "rexchange_4_4": 4,
            "rrelocate_3": 16,
            "rrelocate_4": 10,
            "two_opt": 27
        },
        "rate": {
            "centered_exchange_1": 0.3265306055545807,
            "exchange_1_2": 0.46000000834465027,
            "exchange_2_2": 0.20000000298023224,
            "exchange_3_3": 0.18000000715255737,
            "exchange_3_4": 0.14000000059604645,
            "exchange_4_4": 0.11999999731779099,
            "exchange_ids": 0.5,
            "insert_1": 0.0,
            "move_all_by_1": 0.3142857253551483,
            "move_all_by_2": 0.1764705926179886,
            "relocate_1": 0.7250000238418579,
            "relocate_5": 0.3076923191547394,
            "remove_1": 0.0,
            "rexchange_2_2": 0.3469387888908386,
            "rexchange_2_3": 0.1428571492433548,
            "rexchange_4_4": 0.08163265138864517,
            "rrelocate_3": 0.41025641560554504,
            "rrelocate_4": 0.2702702581882477,
            "two_opt": 0.5192307829856873
        }
    },
    "last_improvement": 1,
    "name": "random-50-12.58-5",
    "solution": {
        "fitness": 1551,
        "is_feasible": true,
        "permutation": [
            48,
            25,
            30,
            1,
            24,
            6,
            8,
            40,
            44,
            10,
            7,
            45,
            3,
            23,
            47,
            41,
            31,
            43,
            17,
            16,
            27,
            13,
            21,
            20,
            11,
            0,
            5,
            2,
            29,
            42,
            26,
            37,
            9,
            35,
            22,
            34,
            4,
            33,
            49,
            12,
            28,
            19,
            18,
            38,
            15,
            32,
            36,
            14,
            39,
            46
        ],
        "permutation_orig_ids": [
            "49",
            "26",
            "31",
            "2",
            "25",
            "7",
            "9",
            "41",
            "45",
            "11",
            "8",
            "46",
            "4",
            "24",
            "48",
            "42",
            "32",
            "44",
            "18",
            "17",
            "28",
            "14",
            "22",
            "21",
            "12",
            "1",
            "6",
            "3",
            "30",
            "43",
            "27",
            "38",
            "10",
            "36",
            "23",
            "35",
            "5",
            "34",
            "50",
            "13",
            "29",
            "20",
            "19",
            "39",
            "16",
            "33",
            "37",
            "15",
            "40",
            "47"
        ]
    },
    "steps": {
        "0": 1001374,
        "1": 1551
    },
    "timeout": 5
}