{
    "config": {
        "allow_infeasible": true,
        "construction": "random_replicate",
        "ils_k": 6,
        "local_search": "CVND",
        "metaheuristic": "ILS",
        "num_threads": 8,
        "operators": [
            "insert_1",
            "remove_1",
            "two_opt",
            "exchange_ids",
            "exchange_1_2",
            "exchange_2_2",
            "exchange_3_3",
            "exchange_3_4",
            "exchange_4_4",
            "rexchange_2_2",
            "rexchange_2_3",
            "rexchange_4_4",
            "centered_exchange_1",
            "relocate_1",
            "relocate_5",
            "rrelocate_3",
            "rrelocate_4",
            "move_all_by_1",
            "move_all_by_2"
        ],
        "perturbation": [
            "random_double_bridge"
        ],
        "stop_on_feasible": true,
        "timeout": 5
    },
    "histogram": {
        "all": {
            "centered_exchange_1": 71,
            "exchange_1_2": 74,
            "exchange_2_2": 74,
            "exchange_3_3": 72,
            "exchange_3_4": 71,
            "exchange_4_4": 71,
            "exchange_ids": 76,
            "insert_1": 86,
            "move_all_by_1": 57,
            "move_all_by_2": 56,
            "relocate_1": 62,
            "relocate_5": 61,
            "remove_1": 86,
            "rexchange_2_2": 71,
            "rexchange_2_3": 71,
            "rexchange_4_4": 71,
            "rrelocate_3": 60,
            "rrelocate_4": 59,
            "two_opt": 81
        },
        "improving": {
            "centered_exchange_1": 13,
            "exchange_1_2": 27,
            "exchange_2_2": 10,
            "exchange_3_3": 14,
            "exchange_3_4": 8,
            "exchange_4_4": 3,
            "exchange_ids": 33,
            "insert_1": 0,
            "move_all_by_1": 10,
            "move_all_by_2": 7,
            "relocate_1": 34,
            "relocate_5": 9,
            "remove_1": 0,
            "rexchange_2_2": 19,
            "rexchange_2_3": 8,
            "rexchange_4_4": 5,
            "rrelocate_3": 18,
            "rrelocate_4": 12,
            "two_opt": 48
        },
        "rate": {
            "centered_exchange_1": 0.18309858441352844,
            "exchange_1_2": 0.36486485600471497,
            "exchange_2_2": 0.13513512909412384,
            "exchange_3_3": 0.1944444477558136,
            "exchange_3_4": 0.11267605423927307,
            "exchange_4_4": 0.0422535203397274,
            "exchange_ids": 0.43421053886413574,
            "insert_1": 0.0,
            "move_all_by_1": 0.17543859779834747,
            "move_all_by_2": 0.125,
            "relocate_1": 0.5483871102333069,
            "relocate_5": 0.14754098653793335,
            "remove_1": 0.0,
            "rexchange_2_2": 0.26760563254356384,
            "rexchange_2_3": 0.11267605423927307,
            "rexchange_4_4": 0.07042253762483597,
            "rrelocate_3": 0.30000001192092896,
            "rrelocate_4": 0.20338982343673706,
            "two_opt": 0.5925925970077515
        }
    },
    "last_improvement": 1,
    "name": "random-50-11.00-56",
    "solution": {
        "fitness": 1702,
        "is_feasible": true,
        "permutation": [
            32,
            3,
            24,
            25,
            44,
            9,
            43,
            35,
            21,
            17,
            11,
            1,
            48,
            36,
            28,
            2,
            22,
            19,
            8,
            45,
            41,
            27,
            30,
            4,
            10,
            0,
            14,
            34,
            12,
            39,
            38,
            23,
            7,
            49,
            15,
            46,
            6,
            37,
            31,
            47,
            33,
            40,
            42,
            26,
            29,
            18,
            5,
            13,
            16,
            20
        ],
        "permutation_orig_ids": [
            "33",
            "4",
            "25",
            "26",
            "45",
            "10",
            "44",
            "36",
            "22",
            "18",
            "12",
            "2",
            "49",
            "37",
            "29",
            "3",
            "23",
            "20",
            "9",
            "46",
            "42",
            "28",
            "31",
            "5",
            "11",
            "1",
            "15",
            "35",
            "13",
            "40",
            "39",
            "24",
            "8",
            "50",
            "16",
            "47",
            "7",
            "38",
            "32",
            "48",
            "34",
            "41",
            "43",
            "27",
            "30",
            "19",
            "6",
            "14",
            "17",
            "21"
        ]
    },
    "steps": {
        "0": 1001522,
        "1": 1702
    },
    "timeout": 5
}