{
    "config": {
        "allow_infeasible": true,
        "construction": "random_replicate",
        "ils_k": 6,
        "local_search": "CVND",
        "metaheuristic": "ILS",
        "num_threads": 8,
        "operators": [
            "insert_1",
            "remove_1",
            "two_opt",
            "exchange_ids",
            "exchange_1_2",
            "exchange_2_2",
            "exchange_3_3",
            "exchange_3_4",
            "exchange_4_4",
            "rexchange_2_2",
            "rexchange_2_3",
            "rexchange_4_4",
            "centered_exchange_1",
            "relocate_1",
            "relocate_5",
            "rrelocate_3",
            "rrelocate_4",
            "move_all_by_1",
            "move_all_by_2"
        ],
        "perturbation": [
            "random_double_bridge"
        ],
        "stop_on_feasible": true,
        "timeout": 5
    },
    "histogram": {
        "all": {
            "centered_exchange_1": 257,
            "exchange_1_2": 266,
            "exchange_2_2": 264,
            "exchange_3_3": 264,
            "exchange_3_4": 264,
            "exchange_4_4": 264,
            "exchange_ids": 269,
            "insert_1": 297,
            "move_all_by_1": 196,
            "move_all_by_2": 194,
            "relocate_1": 220,
            "relocate_5": 219,
            "remove_1": 297,
            "rexchange_2_2": 261,
            "rexchange_2_3": 260,
            "rexchange_4_4": 259,
            "rrelocate_3": 212,
            "rrelocate_4": 210,
            "two_opt": 281
        },
        "improving": {
            "centered_exchange_1": 44,
            "exchange_1_2": 101,
            "exchange_2_2": 55,
            "exchange_3_3": 28,
            "exchange_3_4": 42,
            "exchange_4_4": 15,
            "exchange_ids": 124,
            "insert_1": 0,
            "move_all_by_1": 61,
            "move_all_by_2": 28,
            "relocate_1": 143,
            "relocate_5": 28,
            "remove_1": 0,
            "rexchange_2_2": 66,
            "rexchange_2_3": 44,
            "rexchange_4_4": 10,
            "rrelocate_3": 68,
            "rrelocate_4": 41,
            "two_opt": 147
        },
        "rate": {
            "centered_exchange_1": 0.17120622098445892,
            "exchange_1_2": 0.3796992599964142,
            "exchange_2_2": 0.2083333283662796,
            "exchange_3_3": 0.10606060922145844,
            "exchange_3_4": 0.15909090638160706,
            "exchange_4_4": 0.05681818351149559,
            "exchange_ids": 0.460966557264328,
            "insert_1": 0.0,
            "move_all_by_1": 0.31122449040412903,
            "move_all_by_2": 0.14432989060878754,
            "relocate_1": 0.6499999761581421,
            "relocate_5": 0.1278538852930069,
            "remove_1": 0.0,
            "rexchange_2_2": 0.25287356972694397,
            "rexchange_2_3": 0.16923077404499054,
            "rexchange_4_4": 0.03861003741621971,
            "rrelocate_3": 0.3207547068595886,
            "rrelocate_4": 0.19523809850215912,
            "two_opt": 0.5231316685676575
        }
    },
    "last_improvement": 4,
    "name": "random-50-11.33-84",
    "solution": {
        "fitness": 1001464,
        "is_feasible": false,
        "permutation": [
            30,
            47,
            19,
            43,
            28,
            18,
            21,
            3,
            24,
            4,
            29,
            2,
            44,
            13,
            1,
            11,
            5,
            27,
            0,
            20,
            14,
            38,
            42,
            32,
            9,
            8,
            34,
            46,
            37,
            39,
            40,
            26,
            48,
            45,
            33,
            10,
            16,
            22,
            17,
            41,
            15,
            36,
            6,
            35,
            12,
            7,
            23,
            25,
            49,
            31
        ],
        "permutation_orig_ids": [
            "31",
            "48",
            "20",
            "44",
            "29",
            "19",
            "22",
            "4",
            "25",
            "5",
            "30",
            "3",
            "45",
            "14",
            "2",
            "12",
            "6",
            "28",
            "1",
            "21",
            "15",
            "39",
            "43",
            "33",
            "10",
            "9",
            "35",
            "47",
            "38",
            "40",
            "41",
            "27",
            "49",
            "46",
            "34",
            "11",
            "17",
            "23",
            "18",
            "42",
            "16",
            "37",
            "7",
            "36",
            "13",
            "8",
            "24",
            "26",
            "50",
            "32"
        ]
    },
    "steps": {
        "0": 2001495,
        "1": 2001425,
        "2": 1001510,
        "4": 1001464
    },
    "timeout": 5
}