{
    "config": {
        "allow_infeasible": true,
        "construction": "random_replicate",
        "ils_k": 6,
        "local_search": "CVND",
        "metaheuristic": "ILS",
        "num_threads": 8,
        "operators": [
            "insert_1",
            "remove_1",
            "two_opt",
            "exchange_ids",
            "exchange_1_2",
            "exchange_2_2",
            "exchange_3_3",
            "exchange_3_4",
            "exchange_4_4",
            "rexchange_2_2",
            "rexchange_2_3",
            "rexchange_4_4",
            "centered_exchange_1",
            "relocate_1",
            "relocate_5",
            "rrelocate_3",
            "rrelocate_4",
            "move_all_by_1",
            "move_all_by_2"
        ],
        "perturbation": [
            "random_double_bridge"
        ],
        "stop_on_feasible": true,
        "timeout": 5
    },
    "histogram": {
        "all": {
            "centered_exchange_1": 26,
            "exchange_1_2": 26,
            "exchange_2_2": 26,
            "exchange_3_3": 26,
            "exchange_3_4": 26,
            "exchange_4_4": 26,
            "exchange_ids": 26,
            "insert_1": 26,
            "move_all_by_1": 19,
            "move_all_by_2": 19,
            "relocate_1": 20,
            "relocate_5": 20,
            "remove_1": 26,
            "rexchange_2_2": 26,
            "rexchange_2_3": 26,
            "rexchange_4_4": 26,
            "rrelocate_3": 20,
            "rrelocate_4": 20,
            "two_opt": 26
        },
        "improving": {
            "centered_exchange_1": 6,
            "exchange_1_2": 11,
            "exchange_2_2": 7,
            "exchange_3_3": 5,
            "exchange_3_4": 6,
            "exchange_4_4": 2,
            "exchange_ids": 11,
            "insert_1": 0,
            "move_all_by_1": 8,
            "move_all_by_2": 4,
            "relocate_1": 19,
            "relocate_5": 4,
            "remove_1": 0,
            "rexchange_2_2": 9,
            "rexchange_2_3": 7,
            "rexchange_4_4": 4,
            "rrelocate_3": 8,
            "rrelocate_4": 8,
            "two_opt": 14
        },
        "rate": {
            "centered_exchange_1": 0.23076923191547394,
            "exchange_1_2": 0.42307692766189575,
            "exchange_2_2": 0.26923078298568726,
            "exchange_3_3": 0.19230769574642181,
            "exchange_3_4": 0.23076923191547394,
            "exchange_4_4": 0.07692307978868484,
            "exchange_ids": 0.42307692766189575,
            "insert_1": 0.0,
            "move_all_by_1": 0.42105263471603394,
            "move_all_by_2": 0.21052631735801697,
            "relocate_1": 0.949999988079071,
            "relocate_5": 0.20000000298023224,
            "remove_1": 0.0,
            "rexchange_2_2": 0.3461538553237915,
            "rexchange_2_3": 0.26923078298568726,
            "rexchange_4_4": 0.1538461595773697,
            "rrelocate_3": 0.4000000059604645,
            "rrelocate_4": 0.4000000059604645,
            "two_opt": 0.5384615659713745
        }
    },
    "last_improvement": 0,
    "name": "random-50-11.75-37",
    "solution": {
        "fitness": 1697,
        "is_feasible": true,
        "permutation": [
            39,
            43,
            8,
            34,
            5,
            25,
            24,
            31,
            1,
            7,
            14,
            6,
            33,
            2,
            13,
            42,
            32,
            44,
            49,
            18,
            30,
            28,
            9,
            4,
            37,
            45,
            26,
            47,
            48,
            10,
            27,
            46,
            23,
            3,
            12,
            41,
            21,
            22,
            36,
            38,
            17,
            0,
            29,
            15,
            11,
            19,
            40,
            20,
            35,
            16
        ],
        "permutation_orig_ids": [
            "40",
            "44",
            "9",
            "35",
            "6",
            "26",
            "25",
            "32",
            "2",
            "8",
            "15",
            "7",
            "34",
            "3",
            "14",
            "43",
            "33",
            "45",
            "50",
            "19",
            "31",
            "29",
            "10",
            "5",
            "38",
            "46",
            "27",
            "48",
            "49",
            "11",
            "28",
            "47",
            "24",
            "4",
            "13",
            "42",
            "22",
            "23",
            "37",
            "39",
            "18",
            "1",
            "30",
            "16",
            "12",
            "20",
            "41",
            "21",
            "36",
            "17"
        ]
    },
    "steps": {
        "0": 1697
    },
    "timeout": 5
}