{
    "config": {
        "allow_infeasible": true,
        "construction": "random_replicate",
        "ils_k": 6,
        "local_search": "CVND",
        "metaheuristic": "ILS",
        "num_threads": 8,
        "operators": [
            "insert_1",
            "remove_1",
            "two_opt",
            "exchange_ids",
            "exchange_1_2",
            "exchange_2_2",
            "exchange_3_3",
            "exchange_3_4",
            "exchange_4_4",
            "rexchange_2_2",
            "rexchange_2_3",
            "rexchange_4_4",
            "centered_exchange_1",
            "relocate_1",
            "relocate_5",
            "rrelocate_3",
            "rrelocate_4",
            "move_all_by_1",
            "move_all_by_2"
        ],
        "perturbation": [
            "random_double_bridge"
        ],
        "stop_on_feasible": true,
        "timeout": 5
    },
    "histogram": {
        "all": {
            "centered_exchange_1": 13,
            "exchange_1_2": 14,
            "exchange_2_2": 14,
            "exchange_3_3": 14,
            "exchange_3_4": 14,
            "exchange_4_4": 14,
            "exchange_ids": 14,
            "insert_1": 14,
            "move_all_by_1": 11,
            "move_all_by_2": 11,
            "relocate_1": 11,
            "relocate_5": 11,
            "remove_1": 14,
            "rexchange_2_2": 14,
            "rexchange_2_3": 14,
            "rexchange_4_4": 14,
            "rrelocate_3": 11,
            "rrelocate_4": 11,
            "two_opt": 14
        },
        "improving": {
            "centered_exchange_1": 6,
            "exchange_1_2": 6,
            "exchange_2_2": 4,
            "exchange_3_3": 2,
            "exchange_3_4": 4,
            "exchange_4_4": 2,
            "exchange_ids": 7,
            "insert_1": 0,
            "move_all_by_1": 2,
            "move_all_by_2": 3,
            "relocate_1": 10,
            "relocate_5": 2,
            "remove_1": 0,
            "rexchange_2_2": 4,
            "rexchange_2_3": 2,
            "rexchange_4_4": 2,
            "rrelocate_3": 7,
            "rrelocate_4": 5,
            "two_opt": 6
        },
        "rate": {
            "centered_exchange_1": 0.4615384638309479,
            "exchange_1_2": 0.4285714328289032,
            "exchange_2_2": 0.2857142984867096,
            "exchange_3_3": 0.1428571492433548,
            "exchange_3_4": 0.2857142984867096,
            "exchange_4_4": 0.1428571492433548,
            "exchange_ids": 0.5,
            "insert_1": 0.0,
            "move_all_by_1": 0.1818181872367859,
            "move_all_by_2": 0.27272728085517883,
            "relocate_1": 0.9090909361839294,
            "relocate_5": 0.1818181872367859,
            "remove_1": 0.0,
            "rexchange_2_2": 0.2857142984867096,
            "rexchange_2_3": 0.1428571492433548,
            "rexchange_4_4": 0.1428571492433548,
            "rrelocate_3": 0.6363636255264282,
            "rrelocate_4": 0.4545454680919647,
            "two_opt": 0.4285714328289032
        }
    },
    "last_improvement": 0,
    "name": "random-50-14.75-93",
    "solution": {
        "fitness": 1388,
        "is_feasible": true,
        "permutation": [
            16,
            32,
            3,
            2,
            20,
            25,
            40,
            35,
            24,
            23,
            49,
            10,
            26,
            7,
            5,
            1,
            28,
            8,
            44,
            29,
            47,
            37,
            38,
            17,
            45,
            33,
            31,
            4,
            30,
            12,
            14,
            41,
            34,
            43,
            6,
            15,
            46,
            13,
            0,
            36,
            48,
            11,
            19,
            39,
            9,
            21,
            18,
            22,
            42,
            27
        ],
        "permutation_orig_ids": [
            "17",
            "33",
            "4",
            "3",
            "21",
            "26",
            "41",
            "36",
            "25",
            "24",
            "50",
            "11",
            "27",
            "8",
            "6",
            "2",
            "29",
            "9",
            "45",
            "30",
            "48",
            "38",
            "39",
            "18",
            "46",
            "34",
            "32",
            "5",
            "31",
            "13",
            "15",
            "42",
            "35",
            "44",
            "7",
            "16",
            "47",
            "14",
            "1",
            "37",
            "49",
            "12",
            "20",
            "40",
            "10",
            "22",
            "19",
            "23",
            "43",
            "28"
        ]
    },
    "steps": {
        "0": 1388
    },
    "timeout": 5
}