{
    "config": {
        "allow_infeasible": true,
        "construction": "random_replicate",
        "ils_k": 6,
        "local_search": "CVND",
        "metaheuristic": "ILS",
        "num_threads": 8,
        "operators": [
            "insert_1",
            "remove_1",
            "two_opt",
            "exchange_ids",
            "exchange_1_2",
            "exchange_2_2",
            "exchange_3_3",
            "exchange_3_4",
            "exchange_4_4",
            "rexchange_2_2",
            "rexchange_2_3",
            "rexchange_4_4",
            "centered_exchange_1",
            "relocate_1",
            "relocate_5",
            "rrelocate_3",
            "rrelocate_4",
            "move_all_by_1",
            "move_all_by_2"
        ],
        "perturbation": [
            "random_double_bridge"
        ],
        "stop_on_feasible": true,
        "timeout": 5
    },
    "histogram": {
        "all": {
            "centered_exchange_1": 26,
            "exchange_1_2": 26,
            "exchange_2_2": 26,
            "exchange_3_3": 26,
            "exchange_3_4": 26,
            "exchange_4_4": 26,
            "exchange_ids": 26,
            "insert_1": 26,
            "move_all_by_1": 22,
            "move_all_by_2": 21,
            "relocate_1": 23,
            "relocate_5": 23,
            "remove_1": 26,
            "rexchange_2_2": 26,
            "rexchange_2_3": 26,
            "rexchange_4_4": 26,
            "rrelocate_3": 23,
            "rrelocate_4": 23,
            "two_opt": 26
        },
        "improving": {
            "centered_exchange_1": 3,
            "exchange_1_2": 12,
            "exchange_2_2": 5,
            "exchange_3_3": 5,
            "exchange_3_4": 9,
            "exchange_4_4": 3,
            "exchange_ids": 13,
            "insert_1": 0,
            "move_all_by_1": 10,
            "move_all_by_2": 8,
            "relocate_1": 21,
            "relocate_5": 7,
            "remove_1": 0,
            "rexchange_2_2": 7,
            "rexchange_2_3": 6,
            "rexchange_4_4": 2,
            "rrelocate_3": 10,
            "rrelocate_4": 7,
            "two_opt": 11
        },
        "rate": {
            "centered_exchange_1": 0.11538461595773697,
            "exchange_1_2": 0.4615384638309479,
            "exchange_2_2": 0.19230769574642181,
            "exchange_3_3": 0.19230769574642181,
            "exchange_3_4": 0.3461538553237915,
            "exchange_4_4": 0.11538461595773697,
            "exchange_ids": 0.5,
            "insert_1": 0.0,
            "move_all_by_1": 0.4545454680919647,
            "move_all_by_2": 0.380952388048172,
            "relocate_1": 0.9130434989929199,
            "relocate_5": 0.30434781312942505,
            "remove_1": 0.0,
            "rexchange_2_2": 0.26923078298568726,
            "rexchange_2_3": 0.23076923191547394,
            "rexchange_4_4": 0.07692307978868484,
            "rrelocate_3": 0.43478259444236755,
            "rrelocate_4": 0.30434781312942505,
            "two_opt": 0.42307692766189575
        }
    },
    "last_improvement": 0,
    "name": "random-50-10.75-35",
    "solution": {
        "fitness": 1679,
        "is_feasible": true,
        "permutation": [
            38,
            35,
            21,
            45,
            42,
            33,
            7,
            30,
            49,
            43,
            40,
            48,
            12,
            17,
            10,
            29,
            26,
            15,
            46,
            32,
            39,
            19,
            28,
            8,
            23,
            31,
            36,
            34,
            44,
            0,
            25,
            11,
            4,
            9,
            37,
            47,
            6,
            13,
            16,
            2,
            1,
            5,
            3,
            27,
            24,
            18,
            22,
            41,
            20,
            14
        ],
        "permutation_orig_ids": [
            "39",
            "36",
            "22",
            "46",
            "43",
            "34",
            "8",
            "31",
            "50",
            "44",
            "41",
            "49",
            "13",
            "18",
            "11",
            "30",
            "27",
            "16",
            "47",
            "33",
            "40",
            "20",
            "29",
            "9",
            "24",
            "32",
            "37",
            "35",
            "45",
            "1",
            "26",
            "12",
            "5",
            "10",
            "38",
            "48",
            "7",
            "14",
            "17",
            "3",
            "2",
            "6",
            "4",
            "28",
            "25",
            "19",
            "23",
            "42",
            "21",
            "15"
        ]
    },
    "steps": {
        "0": 1679
    },
    "timeout": 5
}