{
    "config": {
        "allow_infeasible": true,
        "construction": "random_replicate",
        "ils_k": 6,
        "local_search": "CVND",
        "metaheuristic": "ILS",
        "num_threads": 8,
        "operators": [
            "insert_1",
            "remove_1",
            "two_opt",
            "exchange_ids",
            "exchange_1_2",
            "exchange_2_2",
            "exchange_3_3",
            "exchange_3_4",
            "exchange_4_4",
            "rexchange_2_2",
            "rexchange_2_3",
            "rexchange_4_4",
            "centered_exchange_1",
            "relocate_1",
            "relocate_5",
            "rrelocate_3",
            "rrelocate_4",
            "move_all_by_1",
            "move_all_by_2"
        ],
        "perturbation": [
            "random_double_bridge"
        ],
        "stop_on_feasible": true,
        "timeout": 5
    },
    "histogram": {
        "all": {
            "centered_exchange_1": 258,
            "exchange_1_2": 268,
            "exchange_2_2": 266,
            "exchange_3_3": 266,
            "exchange_3_4": 265,
            "exchange_4_4": 264,
            "exchange_ids": 276,
            "insert_1": 298,
            "move_all_by_1": 199,
            "move_all_by_2": 197,
            "relocate_1": 216,
            "relocate_5": 214,
            "remove_1": 298,
            "rexchange_2_2": 260,
            "rexchange_2_3": 260,
            "rexchange_4_4": 259,
            "rrelocate_3": 210,
            "rrelocate_4": 209,
            "two_opt": 283
        },
        "improving": {
            "centered_exchange_1": 39,
            "exchange_1_2": 109,
            "exchange_2_2": 53,
            "exchange_3_3": 18,
            "exchange_3_4": 26,
            "exchange_4_4": 12,
            "exchange_ids": 113,
            "insert_1": 0,
            "move_all_by_1": 47,
            "move_all_by_2": 24,
            "relocate_1": 143,
            "relocate_5": 20,
            "remove_1": 0,
            "rexchange_2_2": 62,
            "rexchange_2_3": 39,
            "rexchange_4_4": 15,
            "rrelocate_3": 62,
            "rrelocate_4": 36,
            "two_opt": 135
        },
        "rate": {
            "centered_exchange_1": 0.151162788271904,
            "exchange_1_2": 0.40671640634536743,
            "exchange_2_2": 0.19924812018871307,
            "exchange_3_3": 0.06766917556524277,
            "exchange_3_4": 0.09811320900917053,
            "exchange_4_4": 0.04545454680919647,
            "exchange_ids": 0.40942028164863586,
            "insert_1": 0.0,
            "move_all_by_1": 0.23618090152740479,
            "move_all_by_2": 0.12182740867137909,
            "relocate_1": 0.6620370149612427,
            "relocate_5": 0.09345794469118118,
            "remove_1": 0.0,
            "rexchange_2_2": 0.23846153914928436,
            "rexchange_2_3": 0.15000000596046448,
            "rexchange_4_4": 0.057915057986974716,
            "rrelocate_3": 0.29523810744285583,
            "rrelocate_4": 0.17224881052970886,
            "two_opt": 0.47703179717063904
        }
    },
    "last_improvement": 5,
    "name": "random-50-10.83-63",
    "solution": {
        "fitness": 1001268,
        "is_feasible": false,
        "permutation": [
            24,
            4,
            39,
            18,
            47,
            1,
            46,
            33,
            14,
            42,
            36,
            25,
            29,
            7,
            26,
            23,
            45,
            40,
            19,
            43,
            20,
            44,
            3,
            22,
            38,
            5,
            48,
            34,
            17,
            37,
            41,
            9,
            12,
            30,
            35,
            31,
            27,
            28,
            0,
            16,
            15,
            11,
            2,
            6,
            32,
            8,
            49,
            13,
            10,
            21
        ],
        "permutation_orig_ids": [
            "25",
            "5",
            "40",
            "19",
            "48",
            "2",
            "47",
            "34",
            "15",
            "43",
            "37",
            "26",
            "30",
            "8",
            "27",
            "24",
            "46",
            "41",
            "20",
            "44",
            "21",
            "45",
            "4",
            "23",
            "39",
            "6",
            "49",
            "35",
            "18",
            "38",
            "42",
            "10",
            "13",
            "31",
            "36",
            "32",
            "28",
            "29",
            "1",
            "17",
            "16",
            "12",
            "3",
            "7",
            "33",
            "9",
            "50",
            "14",
            "11",
            "22"
        ]
    },
    "steps": {
        "0": 3001429,
        "1": 2001283,
        "2": 1001344,
        "3": 1001299,
        "5": 1001268
    },
    "timeout": 5
}