{
    "config": {
        "allow_infeasible": true,
        "construction": "random_replicate",
        "ils_k": 6,
        "local_search": "CVND",
        "metaheuristic": "ILS",
        "num_threads": 8,
        "operators": [
            "insert_1",
            "remove_1",
            "two_opt",
            "exchange_ids",
            "exchange_1_2",
            "exchange_2_2",
            "exchange_3_3",
            "exchange_3_4",
            "exchange_4_4",
            "rexchange_2_2",
            "rexchange_2_3",
            "rexchange_4_4",
            "centered_exchange_1",
            "relocate_1",
            "relocate_5",
            "rrelocate_3",
            "rrelocate_4",
            "move_all_by_1",
            "move_all_by_2"
        ],
        "perturbation": [
            "random_double_bridge"
        ],
        "stop_on_feasible": true,
        "timeout": 5
    },
    "histogram": {
        "all": {
            "centered_exchange_1": 91,
            "exchange_1_2": 95,
            "exchange_2_2": 95,
            "exchange_3_3": 95,
            "exchange_3_4": 95,
            "exchange_4_4": 95,
            "exchange_ids": 95,
            "insert_1": 111,
            "move_all_by_1": 72,
            "move_all_by_2": 72,
            "relocate_1": 82,
            "relocate_5": 80,
            "remove_1": 111,
            "rexchange_2_2": 94,
            "rexchange_2_3": 93,
            "rexchange_4_4": 93,
            "rrelocate_3": 76,
            "rrelocate_4": 74,
            "two_opt": 101
        },
        "improving": {
            "centered_exchange_1": 16,
            "exchange_1_2": 28,
            "exchange_2_2": 15,
            "exchange_3_3": 12,
            "exchange_3_4": 9,
            "exchange_4_4": 4,
            "exchange_ids": 44,
            "insert_1": 0,
            "move_all_by_1": 17,
            "move_all_by_2": 7,
            "relocate_1": 46,
            "relocate_5": 16,
            "remove_1": 0,
            "rexchange_2_2": 22,
            "rexchange_2_3": 13,
            "rexchange_4_4": 7,
            "rrelocate_3": 24,
            "rrelocate_4": 11,
            "two_opt": 56
        },
        "rate": {
            "centered_exchange_1": 0.17582418024539948,
            "exchange_1_2": 0.2947368323802948,
            "exchange_2_2": 0.15789473056793213,
            "exchange_3_3": 0.12631578743457794,
            "exchange_3_4": 0.09473684430122375,
            "exchange_4_4": 0.04210526496171951,
            "exchange_ids": 0.46315789222717285,
            "insert_1": 0.0,
            "move_all_by_1": 0.2361111044883728,
            "move_all_by_2": 0.0972222238779068,
            "relocate_1": 0.5609756112098694,
            "relocate_5": 0.20000000298023224,
            "remove_1": 0.0,
            "rexchange_2_2": 0.23404255509376526,
            "rexchange_2_3": 0.13978494703769684,
            "rexchange_4_4": 0.07526881992816925,
            "rrelocate_3": 0.31578946113586426,
            "rrelocate_4": 0.14864864945411682,
            "two_opt": 0.5544554591178894
        }
    },
    "last_improvement": 2,
    "name": "random-50-10.25-78",
    "solution": {
        "fitness": 1556,
        "is_feasible": true,
        "permutation": [
            6,
            30,
            23,
            4,
            9,
            32,
            47,
            17,
            16,
            13,
            35,
            33,
            43,
            2,
            12,
            19,
            3,
            34,
            15,
            41,
            8,
            38,
            22,
            27,
            10,
            24,
            5,
            40,
            46,
            31,
            28,
            11,
            39,
            21,
            48,
            45,
            26,
            42,
            18,
            1,
            37,
            29,
            7,
            14,
            25,
            0,
            49,
            44,
            36,
            20
        ],
        "permutation_orig_ids": [
            "7",
            "31",
            "24",
            "5",
            "10",
            "33",
            "48",
            "18",
            "17",
            "14",
            "36",
            "34",
            "44",
            "3",
            "13",
            "20",
            "4",
            "35",
            "16",
            "42",
            "9",
            "39",
            "23",
            "28",
            "11",
            "25",
            "6",
            "41",
            "47",
            "32",
            "29",
            "12",
            "40",
            "22",
            "49",
            "46",
            "27",
            "43",
            "19",
            "2",
            "38",
            "30",
            "8",
            "15",
            "26",
            "1",
            "50",
            "45",
            "37",
            "21"
        ]
    },
    "steps": {
        "0": 3001413,
        "1": 1001434,
        "2": 1556
    },
    "timeout": 5
}