{
    "config": {
        "allow_infeasible": true,
        "construction": "random_replicate",
        "ils_k": 6,
        "local_search": "CVND",
        "metaheuristic": "ILS",
        "num_threads": 8,
        "operators": [
            "insert_1",
            "remove_1",
            "two_opt",
            "exchange_ids",
            "exchange_1_2",
            "exchange_2_2",
            "exchange_3_3",
            "exchange_3_4",
            "exchange_4_4",
            "rexchange_2_2",
            "rexchange_2_3",
            "rexchange_4_4",
            "centered_exchange_1",
            "relocate_1",
            "relocate_5",
            "rrelocate_3",
            "rrelocate_4",
            "move_all_by_1",
            "move_all_by_2"
        ],
        "perturbation": [
            "random_double_bridge"
        ],
        "stop_on_feasible": true,
        "timeout": 5
    },
    "histogram": {
        "all": {
            "centered_exchange_1": 16,
            "exchange_1_2": 16,
            "exchange_2_2": 16,
            "exchange_3_3": 16,
            "exchange_3_4": 16,
            "exchange_4_4": 16,
            "exchange_ids": 16,
            "insert_1": 16,
            "move_all_by_1": 11,
            "move_all_by_2": 11,
            "relocate_1": 11,
            "relocate_5": 11,
            "remove_1": 16,
            "rexchange_2_2": 16,
            "rexchange_2_3": 16,
            "rexchange_4_4": 16,
            "rrelocate_3": 11,
            "rrelocate_4": 11,
            "two_opt": 16
        },
        "improving": {
            "centered_exchange_1": 6,
            "exchange_1_2": 5,
            "exchange_2_2": 5,
            "exchange_3_3": 3,
            "exchange_3_4": 5,
            "exchange_4_4": 1,
            "exchange_ids": 7,
            "insert_1": 0,
            "move_all_by_1": 3,
            "move_all_by_2": 3,
            "relocate_1": 11,
            "relocate_5": 3,
            "remove_1": 0,
            "rexchange_2_2": 7,
            "rexchange_2_3": 3,
            "rexchange_4_4": 1,
            "rrelocate_3": 5,
            "rrelocate_4": 3,
            "two_opt": 9
        },
        "rate": {
            "centered_exchange_1": 0.375,
            "exchange_1_2": 0.3125,
            "exchange_2_2": 0.3125,
            "exchange_3_3": 0.1875,
            "exchange_3_4": 0.3125,
            "exchange_4_4": 0.0625,
            "exchange_ids": 0.4375,
            "insert_1": 0.0,
            "move_all_by_1": 0.27272728085517883,
            "move_all_by_2": 0.27272728085517883,
            "relocate_1": 1.0,
            "relocate_5": 0.27272728085517883,
            "remove_1": 0.0,
            "rexchange_2_2": 0.4375,
            "rexchange_2_3": 0.1875,
            "rexchange_4_4": 0.0625,
            "rrelocate_3": 0.4545454680919647,
            "rrelocate_4": 0.27272728085517883,
            "two_opt": 0.5625
        }
    },
    "last_improvement": 0,
    "name": "random-50-15.92-31",
    "solution": {
        "fitness": 1565,
        "is_feasible": true,
        "permutation": [
            1,
            27,
            17,
            21,
            37,
            49,
            26,
            20,
            19,
            34,
            13,
            44,
            3,
            40,
            29,
            33,
            41,
            16,
            30,
            35,
            5,
            39,
            28,
            12,
            15,
            22,
            46,
            4,
            48,
            47,
            18,
            14,
            2,
            31,
            24,
            38,
            36,
            45,
            11,
            32,
            42,
            43,
            8,
            9,
            10,
            0,
            25,
            7,
            23,
            6
        ],
        "permutation_orig_ids": [
            "2",
            "28",
            "18",
            "22",
            "38",
            "50",
            "27",
            "21",
            "20",
            "35",
            "14",
            "45",
            "4",
            "41",
            "30",
            "34",
            "42",
            "17",
            "31",
            "36",
            "6",
            "40",
            "29",
            "13",
            "16",
            "23",
            "47",
            "5",
            "49",
            "48",
            "19",
            "15",
            "3",
            "32",
            "25",
            "39",
            "37",
            "46",
            "12",
            "33",
            "43",
            "44",
            "9",
            "10",
            "11",
            "1",
            "26",
            "8",
            "24",
            "7"
        ]
    },
    "steps": {
        "0": 1565
    },
    "timeout": 5
}