{
    "config": {
        "allow_infeasible": true,
        "construction": "random_replicate",
        "ils_k": 6,
        "local_search": "CVND",
        "metaheuristic": "ILS",
        "num_threads": 8,
        "operators": [
            "insert_1",
            "remove_1",
            "two_opt",
            "exchange_ids",
            "exchange_1_2",
            "exchange_2_2",
            "exchange_3_3",
            "exchange_3_4",
            "exchange_4_4",
            "rexchange_2_2",
            "rexchange_2_3",
            "rexchange_4_4",
            "centered_exchange_1",
            "relocate_1",
            "relocate_5",
            "rrelocate_3",
            "rrelocate_4",
            "move_all_by_1",
            "move_all_by_2"
        ],
        "perturbation": [
            "random_double_bridge"
        ],
        "stop_on_feasible": true,
        "timeout": 5
    },
    "histogram": {
        "all": {
            "centered_exchange_1": 32,
            "exchange_1_2": 33,
            "exchange_2_2": 32,
            "exchange_3_3": 32,
            "exchange_3_4": 32,
            "exchange_4_4": 32,
            "exchange_ids": 33,
            "insert_1": 33,
            "move_all_by_1": 25,
            "move_all_by_2": 25,
            "relocate_1": 26,
            "relocate_5": 26,
            "remove_1": 33,
            "rexchange_2_2": 32,
            "rexchange_2_3": 32,
            "rexchange_4_4": 32,
            "rrelocate_3": 25,
            "rrelocate_4": 25,
            "two_opt": 33
        },
        "improving": {
            "centered_exchange_1": 8,
            "exchange_1_2": 8,
            "exchange_2_2": 7,
            "exchange_3_3": 5,
            "exchange_3_4": 5,
            "exchange_4_4": 4,
            "exchange_ids": 11,
            "insert_1": 0,
            "move_all_by_1": 9,
            "move_all_by_2": 7,
            "relocate_1": 23,
            "relocate_5": 5,
            "remove_1": 0,
            "rexchange_2_2": 10,
            "rexchange_2_3": 8,
            "rexchange_4_4": 5,
            "rrelocate_3": 13,
            "rrelocate_4": 8,
            "two_opt": 15
        },
        "rate": {
            "centered_exchange_1": 0.25,
            "exchange_1_2": 0.24242424964904785,
            "exchange_2_2": 0.21875,
            "exchange_3_3": 0.15625,
            "exchange_3_4": 0.15625,
            "exchange_4_4": 0.125,
            "exchange_ids": 0.3333333432674408,
            "insert_1": 0.0,
            "move_all_by_1": 0.36000001430511475,
            "move_all_by_2": 0.2800000011920929,
            "relocate_1": 0.8846153616905212,
            "relocate_5": 0.19230769574642181,
            "remove_1": 0.0,
            "rexchange_2_2": 0.3125,
            "rexchange_2_3": 0.25,
            "rexchange_4_4": 0.15625,
            "rrelocate_3": 0.5199999809265137,
            "rrelocate_4": 0.3199999928474426,
            "two_opt": 0.4545454680919647
        }
    },
    "last_improvement": 0,
    "name": "random-50-14.42-23",
    "solution": {
        "fitness": 1417,
        "is_feasible": true,
        "permutation": [
            6,
            41,
            38,
            11,
            16,
            8,
            22,
            46,
            30,
            32,
            14,
            9,
            1,
            33,
            36,
            34,
            18,
            29,
            17,
            44,
            27,
            43,
            31,
            15,
            2,
            5,
            23,
            45,
            47,
            28,
            40,
            24,
            39,
            13,
            37,
            7,
            10,
            19,
            4,
            35,
            3,
            26,
            42,
            25,
            0,
            20,
            21,
            12,
            48,
            49
        ],
        "permutation_orig_ids": [
            "7",
            "42",
            "39",
            "12",
            "17",
            "9",
            "23",
            "47",
            "31",
            "33",
            "15",
            "10",
            "2",
            "34",
            "37",
            "35",
            "19",
            "30",
            "18",
            "45",
            "28",
            "44",
            "32",
            "16",
            "3",
            "6",
            "24",
            "46",
            "48",
            "29",
            "41",
            "25",
            "40",
            "14",
            "38",
            "8",
            "11",
            "20",
            "5",
            "36",
            "4",
            "27",
            "43",
            "26",
            "1",
            "21",
            "22",
            "13",
            "49",
            "50"
        ]
    },
    "steps": {
        "0": 1417
    },
    "timeout": 5
}