{
    "config": {
        "allow_infeasible": true,
        "construction": "random_replicate",
        "ils_k": 6,
        "local_search": "CVND",
        "metaheuristic": "ILS",
        "num_threads": 8,
        "operators": [
            "insert_1",
            "remove_1",
            "two_opt",
            "exchange_ids",
            "exchange_1_2",
            "exchange_2_2",
            "exchange_3_3",
            "exchange_3_4",
            "exchange_4_4",
            "rexchange_2_2",
            "rexchange_2_3",
            "rexchange_4_4",
            "centered_exchange_1",
            "relocate_1",
            "relocate_5",
            "rrelocate_3",
            "rrelocate_4",
            "move_all_by_1",
            "move_all_by_2"
        ],
        "perturbation": [
            "random_double_bridge"
        ],
        "stop_on_feasible": true,
        "timeout": 5
    },
    "histogram": {
        "all": {
            "centered_exchange_1": 237,
            "exchange_1_2": 244,
            "exchange_2_2": 243,
            "exchange_3_3": 243,
            "exchange_3_4": 243,
            "exchange_4_4": 242,
            "exchange_ids": 247,
            "insert_1": 280,
            "move_all_by_1": 186,
            "move_all_by_2": 180,
            "relocate_1": 206,
            "relocate_5": 203,
            "remove_1": 280,
            "rexchange_2_2": 240,
            "rexchange_2_3": 238,
            "rexchange_4_4": 238,
            "rrelocate_3": 195,
            "rrelocate_4": 190,
            "two_opt": 257
        },
        "improving": {
            "centered_exchange_1": 39,
            "exchange_1_2": 81,
            "exchange_2_2": 42,
            "exchange_3_3": 30,
            "exchange_3_4": 30,
            "exchange_4_4": 22,
            "exchange_ids": 106,
            "insert_1": 0,
            "move_all_by_1": 43,
            "move_all_by_2": 27,
            "relocate_1": 129,
            "relocate_5": 39,
            "remove_1": 0,
            "rexchange_2_2": 55,
            "rexchange_2_3": 38,
            "rexchange_4_4": 10,
            "rrelocate_3": 64,
            "rrelocate_4": 43,
            "two_opt": 140
        },
        "rate": {
            "centered_exchange_1": 0.16455696523189545,
            "exchange_1_2": 0.33196720480918884,
            "exchange_2_2": 0.17283950746059418,
            "exchange_3_3": 0.12345679104328156,
            "exchange_3_4": 0.12345679104328156,
            "exchange_4_4": 0.09090909361839294,
            "exchange_ids": 0.4291498064994812,
            "insert_1": 0.0,
            "move_all_by_1": 0.23118279874324799,
            "move_all_by_2": 0.15000000596046448,
            "relocate_1": 0.6262136101722717,
            "relocate_5": 0.19211822748184204,
            "remove_1": 0.0,
            "rexchange_2_2": 0.2291666716337204,
            "rexchange_2_3": 0.1596638709306717,
            "rexchange_4_4": 0.042016807943582535,
            "rrelocate_3": 0.3282051384449005,
            "rrelocate_4": 0.22631579637527466,
            "two_opt": 0.5447470545768738
        }
    },
    "last_improvement": 3,
    "name": "random-50-9.83-82",
    "solution": {
        "fitness": 1001481,
        "is_feasible": false,
        "permutation": [
            2,
            3,
            41,
            46,
            47,
            17,
            40,
            13,
            38,
            44,
            42,
            19,
            22,
            8,
            1,
            5,
            28,
            26,
            32,
            39,
            16,
            25,
            23,
            21,
            37,
            45,
            43,
            14,
            11,
            48,
            0,
            49,
            34,
            7,
            4,
            29,
            36,
            20,
            15,
            12,
            27,
            33,
            10,
            18,
            24,
            6,
            9,
            30,
            35,
            31
        ],
        "permutation_orig_ids": [
            "3",
            "4",
            "42",
            "47",
            "48",
            "18",
            "41",
            "14",
            "39",
            "45",
            "43",
            "20",
            "23",
            "9",
            "2",
            "6",
            "29",
            "27",
            "33",
            "40",
            "17",
            "26",
            "24",
            "22",
            "38",
            "46",
            "44",
            "15",
            "12",
            "49",
            "1",
            "50",
            "35",
            "8",
            "5",
            "30",
            "37",
            "21",
            "16",
            "13",
            "28",
            "34",
            "11",
            "19",
            "25",
            "7",
            "10",
            "31",
            "36",
            "32"
        ]
    },
    "steps": {
        "0": 2001658,
        "1": 1001720,
        "2": 1001538,
        "3": 1001481
    },
    "timeout": 5
}