{
    "config": {
        "allow_infeasible": true,
        "construction": "random_replicate",
        "ils_k": 6,
        "local_search": "CVND",
        "metaheuristic": "ILS",
        "num_threads": 8,
        "operators": [
            "insert_1",
            "remove_1",
            "two_opt",
            "exchange_ids",
            "exchange_1_2",
            "exchange_2_2",
            "exchange_3_3",
            "exchange_3_4",
            "exchange_4_4",
            "rexchange_2_2",
            "rexchange_2_3",
            "rexchange_4_4",
            "centered_exchange_1",
            "relocate_1",
            "relocate_5",
            "rrelocate_3",
            "rrelocate_4",
            "move_all_by_1",
            "move_all_by_2"
        ],
        "perturbation": [
            "random_double_bridge"
        ],
        "stop_on_feasible": true,
        "timeout": 5
    },
    "histogram": {
        "all": {
            "centered_exchange_1": 48,
            "exchange_1_2": 48,
            "exchange_2_2": 48,
            "exchange_3_3": 48,
            "exchange_3_4": 48,
            "exchange_4_4": 48,
            "exchange_ids": 48,
            "insert_1": 49,
            "move_all_by_1": 36,
            "move_all_by_2": 36,
            "relocate_1": 38,
            "relocate_5": 38,
            "remove_1": 49,
            "rexchange_2_2": 48,
            "rexchange_2_3": 48,
            "rexchange_4_4": 48,
            "rrelocate_3": 38,
            "rrelocate_4": 37,
            "two_opt": 48
        },
        "improving": {
            "centered_exchange_1": 9,
            "exchange_1_2": 18,
            "exchange_2_2": 10,
            "exchange_3_3": 6,
            "exchange_3_4": 7,
            "exchange_4_4": 2,
            "exchange_ids": 17,
            "insert_1": 0,
            "move_all_by_1": 9,
            "move_all_by_2": 3,
            "relocate_1": 34,
            "relocate_5": 14,
            "remove_1": 0,
            "rexchange_2_2": 11,
            "rexchange_2_3": 10,
            "rexchange_4_4": 3,
            "rrelocate_3": 10,
            "rrelocate_4": 11,
            "two_opt": 19
        },
        "rate": {
            "centered_exchange_1": 0.1875,
            "exchange_1_2": 0.375,
            "exchange_2_2": 0.2083333283662796,
            "exchange_3_3": 0.125,
            "exchange_3_4": 0.1458333283662796,
            "exchange_4_4": 0.0416666679084301,
            "exchange_ids": 0.3541666567325592,
            "insert_1": 0.0,
            "move_all_by_1": 0.25,
            "move_all_by_2": 0.0833333358168602,
            "relocate_1": 0.8947368264198303,
            "relocate_5": 0.3684210479259491,
            "remove_1": 0.0,
            "rexchange_2_2": 0.2291666716337204,
            "rexchange_2_3": 0.2083333283662796,
            "rexchange_4_4": 0.0625,
            "rrelocate_3": 0.2631579041481018,
            "rrelocate_4": 0.29729729890823364,
            "two_opt": 0.3958333432674408
        }
    },
    "last_improvement": 1,
    "name": "random-50-10.33-25",
    "solution": {
        "fitness": 1354,
        "is_feasible": true,
        "permutation": [
            27,
            6,
            15,
            3,
            21,
            47,
            45,
            10,
            48,
            9,
            49,
            23,
            25,
            29,
            4,
            16,
            34,
            14,
            26,
            22,
            46,
            40,
            35,
            31,
            33,
            5,
            7,
            2,
            39,
            12,
            30,
            1,
            11,
            18,
            43,
            37,
            36,
            8,
            44,
            38,
            41,
            24,
            32,
            0,
            20,
            28,
            42,
            19,
            17,
            13
        ],
        "permutation_orig_ids": [
            "28",
            "7",
            "16",
            "4",
            "22",
            "48",
            "46",
            "11",
            "49",
            "10",
            "50",
            "24",
            "26",
            "30",
            "5",
            "17",
            "35",
            "15",
            "27",
            "23",
            "47",
            "41",
            "36",
            "32",
            "34",
            "6",
            "8",
            "3",
            "40",
            "13",
            "31",
            "2",
            "12",
            "19",
            "44",
            "38",
            "37",
            "9",
            "45",
            "39",
            "42",
            "25",
            "33",
            "1",
            "21",
            "29",
            "43",
            "20",
            "18",
            "14"
        ]
    },
    "steps": {
        "0": 2001252,
        "1": 1354
    },
    "timeout": 5
}