{
    "config": {
        "allow_infeasible": true,
        "construction": "random_replicate",
        "ils_k": 6,
        "local_search": "CVND",
        "metaheuristic": "ILS",
        "num_threads": 8,
        "operators": [
            "insert_1",
            "remove_1",
            "two_opt",
            "exchange_ids",
            "exchange_1_2",
            "exchange_2_2",
            "exchange_3_3",
            "exchange_3_4",
            "exchange_4_4",
            "rexchange_2_2",
            "rexchange_2_3",
            "rexchange_4_4",
            "centered_exchange_1",
            "relocate_1",
            "relocate_5",
            "rrelocate_3",
            "rrelocate_4",
            "move_all_by_1",
            "move_all_by_2"
        ],
        "perturbation": [
            "random_double_bridge"
        ],
        "stop_on_feasible": true,
        "timeout": 3
    },
    "histogram": {
        "all": {
            "centered_exchange_1": 380,
            "exchange_1_2": 384,
            "exchange_2_2": 384,
            "exchange_3_3": 384,
            "exchange_3_4": 384,
            "exchange_4_4": 384,
            "exchange_ids": 390,
            "insert_1": 486,
            "move_all_by_1": 283,
            "move_all_by_2": 272,
            "relocate_1": 309,
            "relocate_5": 308,
            "remove_1": 486,
            "rexchange_2_2": 383,
            "rexchange_2_3": 383,
            "rexchange_4_4": 382,
            "rrelocate_3": 302,
            "rrelocate_4": 301,
            "two_opt": 430
        },
        "improving": {
            "centered_exchange_1": 57,
            "exchange_1_2": 131,
            "exchange_2_2": 36,
            "exchange_3_3": 14,
            "exchange_3_4": 18,
            "exchange_4_4": 7,
            "exchange_ids": 178,
            "insert_1": 0,
            "move_all_by_1": 55,
            "move_all_by_2": 32,
            "relocate_1": 142,
            "relocate_5": 13,
            "remove_1": 0,
            "rexchange_2_2": 39,
            "rexchange_2_3": 19,
            "rexchange_4_4": 11,
            "rrelocate_3": 37,
            "rrelocate_4": 13,
            "two_opt": 233
        },
        "rate": {
            "centered_exchange_1": 0.15000000596046448,
            "exchange_1_2": 0.3411458432674408,
            "exchange_2_2": 0.09375,
            "exchange_3_3": 0.0364583320915699,
            "exchange_3_4": 0.046875,
            "exchange_4_4": 0.01822916604578495,
            "exchange_ids": 0.4564102590084076,
            "insert_1": 0.0,
            "move_all_by_1": 0.19434629380702972,
            "move_all_by_2": 0.11764705926179886,
            "relocate_1": 0.45954692363739014,
            "relocate_5": 0.04220779240131378,
            "remove_1": 0.0,
            "rexchange_2_2": 0.10182767361402512,
            "rexchange_2_3": 0.04960835352540016,
            "rexchange_4_4": 0.028795812278985977,
            "rrelocate_3": 0.12251655757427216,
            "rrelocate_4": 0.04318936914205551,
            "two_opt": 0.5418604612350464
        }
    },
    "last_improvement": 0,
    "name": "random-24-138.0-166",
    "solution": {
        "fitness": 1000567,
        "is_feasible": false,
        "permutation": [
            16,
            1,
            18,
            4,
            13,
            17,
            20,
            21,
            15,
            22,
            8,
            3,
            0,
            14,
            9,
            5,
            23,
            19,
            2,
            11,
            6,
            7,
            10,
            12
        ],
        "permutation_orig_ids": [
            "17",
            "2",
            "19",
            "5",
            "14",
            "18",
            "21",
            "22",
            "16",
            "23",
            "9",
            "4",
            "1",
            "15",
            "10",
            "6",
            "24",
            "20",
            "3",
            "12",
            "7",
            "8",
            "11",
            "13"
        ],
        "walk_orig_ids": [
            "17",
            "2",
            "19",
            "5",
            "14",
            "18",
            "21",
            "22",
            "16",
            "23",
            "9",
            "4",
            "1",
            "15",
            "10",
            "6",
            "24",
            "20",
            "3",
            "12",
            "7",
            "12",
            "8",
            "11",
            "13"
        ],
        "walk_processing": [
            true,
            true,
            true,
            true,
            true,
            true,
            true,
            true,
            true,
            true,
            true,
            true,
            true,
            true,
            true,
            true,
            true,
            true,
            true,
            true,
            true,
            false,
            true,
            true,
            true
        ]
    },
    "steps": {
        "0": 1000567
    },
    "timeout": 3
}