{
    "config": {
        "allow_infeasible": true,
        "construction": "random_replicate",
        "ils_k": 6,
        "local_search": "CVND",
        "metaheuristic": "ILS",
        "num_threads": 8,
        "operators": [
            "insert_1",
            "remove_1",
            "two_opt",
            "exchange_ids",
            "exchange_1_2",
            "exchange_2_2",
            "exchange_3_3",
            "exchange_3_4",
            "exchange_4_4",
            "rexchange_2_2",
            "rexchange_2_3",
            "rexchange_4_4",
            "centered_exchange_1",
            "relocate_1",
            "relocate_5",
            "rrelocate_3",
            "rrelocate_4",
            "move_all_by_1",
            "move_all_by_2"
        ],
        "perturbation": [
            "random_double_bridge"
        ],
        "stop_on_feasible": true,
        "timeout": 3
    },
    "histogram": {
        "all": {
            "centered_exchange_1": 129,
            "exchange_1_2": 150,
            "exchange_2_2": 148,
            "exchange_3_3": 147,
            "exchange_3_4": 144,
            "exchange_4_4": 144,
            "exchange_ids": 151,
            "insert_1": 195,
            "move_all_by_1": 115,
            "move_all_by_2": 115,
            "relocate_1": 125,
            "relocate_5": 123,
            "remove_1": 195,
            "rexchange_2_2": 138,
            "rexchange_2_3": 134,
            "rexchange_4_4": 129,
            "rrelocate_3": 119,
            "rrelocate_4": 115,
            "two_opt": 165
        },
        "improving": {
            "centered_exchange_1": 1,
            "exchange_1_2": 27,
            "exchange_2_2": 11,
            "exchange_3_3": 15,
            "exchange_3_4": 16,
            "exchange_4_4": 4,
            "exchange_ids": 58,
            "insert_1": 0,
            "move_all_by_1": 1,
            "move_all_by_2": 0,
            "relocate_1": 17,
            "relocate_5": 10,
            "remove_1": 0,
            "rexchange_2_2": 30,
            "rexchange_2_3": 24,
            "rexchange_4_4": 14,
            "rrelocate_3": 16,
            "rrelocate_4": 17,
            "two_opt": 107
        },
        "rate": {
            "centered_exchange_1": 0.007751937955617905,
            "exchange_1_2": 0.18000000715255737,
            "exchange_2_2": 0.07432432472705841,
            "exchange_3_3": 0.10204081982374191,
            "exchange_3_4": 0.1111111119389534,
            "exchange_4_4": 0.02777777798473835,
            "exchange_ids": 0.38410595059394836,
            "insert_1": 0.0,
            "move_all_by_1": 0.008695651777088642,
            "move_all_by_2": 0.0,
            "relocate_1": 0.13600000739097595,
            "relocate_5": 0.08130080997943878,
            "remove_1": 0.0,
            "rexchange_2_2": 0.21739129722118378,
            "rexchange_2_3": 0.17910447716712952,
            "rexchange_4_4": 0.10852713137865067,
            "rrelocate_3": 0.13445378839969635,
            "rrelocate_4": 0.14782609045505524,
            "two_opt": 0.6484848260879517
        }
    },
    "last_improvement": 0,
    "name": "random_tsp-24-237-1",
    "solution": {
        "fitness": 2000929,
        "is_feasible": false,
        "permutation": [
            21,
            5,
            8,
            4,
            12,
            17,
            20,
            18,
            16,
            22,
            14,
            10,
            19,
            0,
            7,
            2,
            15,
            11,
            1,
            13,
            23,
            6,
            3,
            9
        ],
        "permutation_orig_ids": [
            "22",
            "6",
            "9",
            "5",
            "13",
            "18",
            "21",
            "19",
            "17",
            "23",
            "15",
            "11",
            "20",
            "1",
            "8",
            "3",
            "16",
            "12",
            "2",
            "14",
            "24",
            "7",
            "4",
            "10"
        ]
    },
    "steps": {
        "0": 2000929
    },
    "timeout": 3
}