{
    "config": {
        "allow_infeasible": true,
        "construction": "random_replicate",
        "ils_k": 6,
        "local_search": "CVND",
        "metaheuristic": "ILS",
        "num_threads": 8,
        "operators": [
            "insert_1",
            "remove_1",
            "two_opt",
            "exchange_ids",
            "exchange_1_2",
            "exchange_2_2",
            "exchange_3_3",
            "exchange_3_4",
            "exchange_4_4",
            "rexchange_2_2",
            "rexchange_2_3",
            "rexchange_4_4",
            "centered_exchange_1",
            "relocate_1",
            "relocate_5",
            "rrelocate_3",
            "rrelocate_4",
            "move_all_by_1",
            "move_all_by_2"
        ],
        "perturbation": [
            "random_double_bridge"
        ],
        "stop_on_feasible": true,
        "timeout": 80
    },
    "histogram": {
        "all": {
            "centered_exchange_1": 15,
            "exchange_1_2": 15,
            "exchange_2_2": 15,
            "exchange_3_3": 15,
            "exchange_3_4": 15,
            "exchange_4_4": 15,
            "exchange_ids": 15,
            "insert_1": 15,
            "move_all_by_1": 13,
            "move_all_by_2": 13,
            "relocate_1": 14,
            "relocate_5": 14,
            "remove_1": 15,
            "rexchange_2_2": 15,
            "rexchange_2_3": 15,
            "rexchange_4_4": 15,
            "rrelocate_3": 14,
            "rrelocate_4": 13,
            "two_opt": 15
        },
        "improving": {
            "centered_exchange_1": 4,
            "exchange_1_2": 8,
            "exchange_2_2": 9,
            "exchange_3_3": 4,
            "exchange_3_4": 4,
            "exchange_4_4": 3,
            "exchange_ids": 12,
            "insert_1": 0,
            "move_all_by_1": 11,
            "move_all_by_2": 8,
            "relocate_1": 14,
            "relocate_5": 8,
            "remove_1": 0,
            "rexchange_2_2": 6,
            "rexchange_2_3": 5,
            "rexchange_4_4": 2,
            "rrelocate_3": 10,
            "rrelocate_4": 6,
            "two_opt": 9
        },
        "rate": {
            "centered_exchange_1": 0.2666666805744171,
            "exchange_1_2": 0.5333333611488342,
            "exchange_2_2": 0.6000000238418579,
            "exchange_3_3": 0.2666666805744171,
            "exchange_3_4": 0.2666666805744171,
            "exchange_4_4": 0.20000000298023224,
            "exchange_ids": 0.800000011920929,
            "insert_1": 0.0,
            "move_all_by_1": 0.8461538553237915,
            "move_all_by_2": 0.6153846383094788,
            "relocate_1": 1.0,
            "relocate_5": 0.5714285969734192,
            "remove_1": 0.0,
            "rexchange_2_2": 0.4000000059604645,
            "rexchange_2_3": 0.3333333432674408,
            "rexchange_4_4": 0.13333334028720856,
            "rrelocate_3": 0.7142857313156128,
            "rrelocate_4": 0.4615384638309479,
            "two_opt": 0.6000000238418579
        }
    },
    "last_improvement": 80,
    "name": "random-80-7.84-44",
    "solution": {
        "fitness": 2002709,
        "is_feasible": false,
        "permutation": [
            59,
            34,
            70,
            47,
            50,
            17,
            1,
            5,
            9,
            56,
            67,
            65,
            13,
            68,
            8,
            24,
            49,
            15,
            7,
            6,
            42,
            75,
            22,
            19,
            66,
            43,
            61,
            46,
            76,
            27,
            14,
            3,
            37,
            11,
            10,
            35,
            16,
            40,
            30,
            52,
            0,
            31,
            33,
            38,
            23,
            77,
            73,
            39,
            25,
            2,
            79,
            21,
            74,
            20,
            60,
            18,
            29,
            26,
            41,
            4,
            78,
            72,
            51,
            44,
            36,
            57,
            64,
            54,
            48,
            28,
            58,
            69,
            71,
            45,
            55,
            32,
            12,
            62,
            53,
            63
        ],
        "permutation_orig_ids": [
            "60",
            "35",
            "71",
            "48",
            "51",
            "18",
            "2",
            "6",
            "10",
            "57",
            "68",
            "66",
            "14",
            "69",
            "9",
            "25",
            "50",
            "16",
            "8",
            "7",
            "43",
            "76",
            "23",
            "20",
            "67",
            "44",
            "62",
            "47",
            "77",
            "28",
            "15",
            "4",
            "38",
            "12",
            "11",
            "36",
            "17",
            "41",
            "31",
            "53",
            "1",
            "32",
            "34",
            "39",
            "24",
            "78",
            "74",
            "40",
            "26",
            "3",
            "80",
            "22",
            "75",
            "21",
            "61",
            "19",
            "30",
            "27",
            "42",
            "5",
            "79",
            "73",
            "52",
            "45",
            "37",
            "58",
            "65",
            "55",
            "49",
            "29",
            "59",
            "70",
            "72",
            "46",
            "56",
            "33",
            "13",
            "63",
            "54",
            "64"
        ],
        "walk_orig_ids": [
            "60",
            "35",
            "71",
            "48",
            "51",
            "26",
            "18",
            "2",
            "15",
            "6",
            "10",
            "57",
            "68",
            "66",
            "74",
            "14",
            "69",
            "9",
            "25",
            "50",
            "16",
            "4",
            "8",
            "7",
            "43",
            "76",
            "63",
            "23",
            "20",
            "67",
            "49",
            "44",
            "62",
            "74",
            "47",
            "77",
            "61",
            "28",
            "15",
            "4",
            "38",
            "12",
            "36",
            "11",
            "36",
            "12",
            "17",
            "41",
            "31",
            "29",
            "53",
            "1",
            "32",
            "70",
            "39",
            "34",
            "39",
            "24",
            "78",
            "74",
            "78",
            "40",
            "26",
            "10",
            "3",
            "13",
            "80",
            "13",
            "22",
            "75",
            "21",
            "75",
            "61",
            "52",
            "19",
            "30",
            "27",
            "5",
            "42",
            "5",
            "79",
            "73",
            "52",
            "45",
            "64",
            "37",
            "64",
            "58",
            "55",
            "65",
            "55",
            "29",
            "49",
            "29",
            "78",
            "59",
            "70",
            "72",
            "46",
            "56",
            "33",
            "13",
            "63",
            "54",
            "64"
        ],
        "walk_processing": [
            true,
            true,
            true,
            true,
            true,
            false,
            true,
            true,
            false,
            true,
            true,
            true,
            true,
            true,
            false,
            true,
            true,
            true,
            true,
            true,
            true,
            false,
            true,
            true,
            true,
            true,
            false,
            true,
            true,
            true,
            false,
            true,
            true,
            false,
            true,
            true,
            false,
            true,
            true,
            true,
            true,
            true,
            false,
            true,
            true,
            false,
            true,
            true,
            true,
            false,
            true,
            true,
            true,
            false,
            false,
            true,
            true,
            true,
            true,
            true,
            false,
            true,
            true,
            false,
            true,
            false,
            true,
            false,
            true,
            true,
            true,
            false,
            true,
            false,
            true,
            true,
            true,
            false,
            true,
            true,
            true,
            true,
            true,
            true,
            false,
            true,
            false,
            true,
            false,
            true,
            true,
            false,
            true,
            true,
            false,
            true,
            true,
            true,
            true,
            true,
            true,
            true,
            true,
            true,
            true
        ]
    },
    "steps": {
        "0": 7006592,
        "1": 5007126,
        "10": 3004278,
        "11": 3004195,
        "12": 3004081,
        "13": 3003974,
        "14": 3003836,
        "15": 3003813,
        "16": 3003632,
        "17": 3003577,
        "18": 3003562,
        "19": 3003535,
        "2": 4007105,
        "20": 3003433,
        "21": 3003389,
        "22": 3003299,
        "23": 3003259,
        "24": 3003244,
        "26": 3003192,
        "27": 3003164,
        "28": 3003107,
        "29": 3003101,
        "3": 4006309,
        "32": 3003060,
        "33": 3003050,
        "34": 3003042,
        "37": 3003024,
        "4": 4006032,
        "5": 4005527,
        "57": 3002998,
        "58": 3002941,
        "59": 3002885,
        "6": 4005208,
        "61": 3002877,
        "62": 2003333,
        "63": 2003178,
        "64": 2003129,
        "67": 2002961,
        "68": 2002870,
        "7": 3005189,
        "71": 2002826,
        "72": 2002805,
        "76": 2002751,
        "77": 2002722,
        "8": 3004680,
        "80": 2002709,
        "9": 3004486
    },
    "timeout": 80
}