{
    "config": {
        "allow_infeasible": true,
        "construction": "random_replicate",
        "ils_k": 6,
        "local_search": "CVND",
        "metaheuristic": "ILS",
        "num_threads": 8,
        "operators": [
            "insert_1",
            "remove_1",
            "two_opt",
            "exchange_ids",
            "exchange_1_2",
            "exchange_2_2",
            "exchange_3_3",
            "exchange_3_4",
            "exchange_4_4",
            "rexchange_2_2",
            "rexchange_2_3",
            "rexchange_4_4",
            "centered_exchange_1",
            "relocate_1",
            "relocate_5",
            "rrelocate_3",
            "rrelocate_4",
            "move_all_by_1",
            "move_all_by_2"
        ],
        "perturbation": [
            "random_double_bridge"
        ],
        "stop_on_feasible": true,
        "timeout": 80
    },
    "histogram": {
        "all": {
            "centered_exchange_1": 0,
            "exchange_1_2": 0,
            "exchange_2_2": 0,
            "exchange_3_3": 0,
            "exchange_3_4": 0,
            "exchange_4_4": 0,
            "exchange_ids": 0,
            "insert_1": 0,
            "move_all_by_1": 0,
            "move_all_by_2": 0,
            "relocate_1": 0,
            "relocate_5": 0,
            "remove_1": 0,
            "rexchange_2_2": 0,
            "rexchange_2_3": 0,
            "rexchange_4_4": 0,
            "rrelocate_3": 0,
            "rrelocate_4": 0,
            "two_opt": 0
        },
        "improving": {
            "centered_exchange_1": 0,
            "exchange_1_2": 0,
            "exchange_2_2": 0,
            "exchange_3_3": 0,
            "exchange_3_4": 0,
            "exchange_4_4": 0,
            "exchange_ids": 0,
            "insert_1": 0,
            "move_all_by_1": 0,
            "move_all_by_2": 0,
            "relocate_1": 0,
            "relocate_5": 0,
            "remove_1": 0,
            "rexchange_2_2": 0,
            "rexchange_2_3": 0,
            "rexchange_4_4": 0,
            "rrelocate_3": 0,
            "rrelocate_4": 0,
            "two_opt": 0
        },
        "rate": {
            "centered_exchange_1": 0.0,
            "exchange_1_2": 0.0,
            "exchange_2_2": 0.0,
            "exchange_3_3": 0.0,
            "exchange_3_4": 0.0,
            "exchange_4_4": 0.0,
            "exchange_ids": 0.0,
            "insert_1": 0.0,
            "move_all_by_1": 0.0,
            "move_all_by_2": 0.0,
            "relocate_1": 0.0,
            "relocate_5": 0.0,
            "remove_1": 0.0,
            "rexchange_2_2": 0.0,
            "rexchange_2_3": 0.0,
            "rexchange_4_4": 0.0,
            "rrelocate_3": 0.0,
            "rrelocate_4": 0.0,
            "two_opt": 0.0
        }
    },
    "last_improvement": 0,
    "name": "random-80-15.76-35",
    "solution": {
        "fitness": 6562,
        "is_feasible": true,
        "permutation": [
            1,
            5,
            46,
            8,
            14,
            78,
            40,
            23,
            24,
            69,
            56,
            52,
            36,
            0,
            29,
            17,
            20,
            59,
            65,
            31,
            51,
            41,
            33,
            34,
            38,
            48,
            6,
            12,
            22,
            50,
            26,
            9,
            42,
            61,
            28,
            77,
            45,
            16,
            43,
            67,
            72,
            2,
            70,
            63,
            11,
            73,
            68,
            18,
            39,
            19,
            57,
            4,
            58,
            25,
            64,
            7,
            62,
            66,
            55,
            3,
            53,
            54,
            15,
            47,
            74,
            76,
            32,
            71,
            37,
            13,
            49,
            30,
            79,
            44,
            35,
            21,
            60,
            10,
            27,
            75
        ],
        "permutation_orig_ids": [
            "2",
            "6",
            "47",
            "9",
            "15",
            "79",
            "41",
            "24",
            "25",
            "70",
            "57",
            "53",
            "37",
            "1",
            "30",
            "18",
            "21",
            "60",
            "66",
            "32",
            "52",
            "42",
            "34",
            "35",
            "39",
            "49",
            "7",
            "13",
            "23",
            "51",
            "27",
            "10",
            "43",
            "62",
            "29",
            "78",
            "46",
            "17",
            "44",
            "68",
            "73",
            "3",
            "71",
            "64",
            "12",
            "74",
            "69",
            "19",
            "40",
            "20",
            "58",
            "5",
            "59",
            "26",
            "65",
            "8",
            "63",
            "67",
            "56",
            "4",
            "54",
            "55",
            "16",
            "48",
            "75",
            "77",
            "33",
            "72",
            "38",
            "14",
            "50",
            "31",
            "80",
            "45",
            "36",
            "22",
            "61",
            "11",
            "28",
            "76"
        ],
        "walk_orig_ids": [
            "2",
            "61",
            "6",
            "31",
            "47",
            "9",
            "15",
            "79",
            "41",
            "24",
            "25",
            "60",
            "70",
            "57",
            "53",
            "37",
            "76",
            "1",
            "30",
            "32",
            "79",
            "18",
            "21",
            "2",
            "60",
            "55",
            "66",
            "32",
            "52",
            "13",
            "64",
            "42",
            "22",
            "34",
            "35",
            "10",
            "76",
            "39",
            "76",
            "10",
            "49",
            "33",
            "7",
            "13",
            "52",
            "23",
            "51",
            "70",
            "27",
            "76",
            "10",
            "43",
            "62",
            "71",
            "27",
            "26",
            "29",
            "78",
            "33",
            "46",
            "27",
            "76",
            "17",
            "71",
            "48",
            "44",
            "48",
            "68",
            "14",
            "73",
            "3",
            "27",
            "71",
            "42",
            "64",
            "48",
            "9",
            "13",
            "52",
            "12",
            "78",
            "33",
            "74",
            "55",
            "69",
            "19",
            "40",
            "19",
            "20",
            "34",
            "58",
            "36",
            "5",
            "35",
            "59",
            "63",
            "27",
            "26",
            "65",
            "7",
            "29",
            "8",
            "29",
            "68",
            "63",
            "43",
            "67",
            "43",
            "24",
            "2",
            "56",
            "2",
            "24",
            "43",
            "4",
            "43",
            "24",
            "2",
            "54",
            "2",
            "56",
            "14",
            "38",
            "55",
            "38",
            "14",
            "73",
            "16",
            "73",
            "3",
            "9",
            "48",
            "75",
            "77",
            "46",
            "27",
            "53",
            "18",
            "33",
            "18",
            "53",
            "31",
            "72",
            "31",
            "53",
            "38",
            "53",
            "65",
            "14",
            "73",
            "16",
            "7",
            "12",
            "50",
            "12",
            "7",
            "29",
            "68",
            "31",
            "44",
            "10",
            "76",
            "17",
            "80",
            "40",
            "45",
            "58",
            "36",
            "61",
            "73",
            "14",
            "56",
            "22",
            "56",
            "14",
            "73",
            "61",
            "36",
            "18",
            "66",
            "11",
            "35",
            "28",
            "45",
            "76",
            "10",
            "58",
            "36",
            "61",
            "73",
            "14",
            "56"
        ],
        "walk_processing": [
            true,
            false,
            true,
            false,
            true,
            true,
            true,
            true,
            true,
            true,
            true,
            false,
            true,
            true,
            true,
            true,
            false,
            true,
            true,
            false,
            false,
            true,
            true,
            false,
            true,
            false,
            true,
            true,
            true,
            false,
            false,
            true,
            false,
            true,
            true,
            false,
            false,
            true,
            false,
            false,
            true,
            false,
            true,
            true,
            false,
            true,
            true,
            false,
            true,
            false,
            true,
            true,
            true,
            false,
            false,
            false,
            true,
            true,
            false,
            true,
            false,
            false,
            true,
            false,
            false,
            true,
            false,
            true,
            false,
            true,
            true,
            false,
            true,
            false,
            true,
            false,
            false,
            false,
            false,
            true,
            false,
            false,
            true,
            false,
            true,
            true,
            true,
            false,
            true,
            false,
            true,
            false,
            true,
            false,
            true,
            false,
            false,
            true,
            true,
            false,
            false,
            true,
            false,
            false,
            true,
            false,
            true,
            false,
            false,
            false,
            true,
            false,
            false,
            false,
            true,
            false,
            false,
            false,
            true,
            false,
            false,
            false,
            false,
            true,
            false,
            false,
            false,
            true,
            false,
            false,
            false,
            true,
            true,
            true,
            false,
            false,
            false,
            false,
            true,
            false,
            false,
            false,
            true,
            false,
            false,
            true,
            false,
            false,
            true,
            false,
            false,
            false,
            false,
            true,
            false,
            false,
            false,
            false,
            true,
            false,
            false,
            false,
            false,
            true,
            false,
            true,
            false,
            true,
            false,
            false,
            false,
            false,
            true,
            false,
            false,
            false,
            true,
            false,
            false,
            false,
            true,
            false,
            true,
            false,
            true,
            false,
            false,
            false,
            false,
            false,
            false,
            false
        ]
    },
    "steps": {
        "0": 6562
    },
    "timeout": 80
}