{
    "config": {
        "allow_infeasible": true,
        "construction": "random_replicate",
        "ils_k": 6,
        "local_search": "CVND",
        "metaheuristic": "ILS",
        "num_threads": 8,
        "operators": [
            "insert_1",
            "remove_1",
            "two_opt",
            "exchange_ids",
            "exchange_1_2",
            "exchange_2_2",
            "exchange_3_3",
            "exchange_3_4",
            "exchange_4_4",
            "rexchange_2_2",
            "rexchange_2_3",
            "rexchange_4_4",
            "centered_exchange_1",
            "relocate_1",
            "relocate_5",
            "rrelocate_3",
            "rrelocate_4",
            "move_all_by_1",
            "move_all_by_2"
        ],
        "perturbation": [
            "random_double_bridge"
        ],
        "stop_on_feasible": true,
        "timeout": 80
    },
    "histogram": {
        "all": {
            "centered_exchange_1": 15,
            "exchange_1_2": 16,
            "exchange_2_2": 16,
            "exchange_3_3": 16,
            "exchange_3_4": 16,
            "exchange_4_4": 16,
            "exchange_ids": 16,
            "insert_1": 16,
            "move_all_by_1": 12,
            "move_all_by_2": 12,
            "relocate_1": 12,
            "relocate_5": 12,
            "remove_1": 16,
            "rexchange_2_2": 16,
            "rexchange_2_3": 16,
            "rexchange_4_4": 16,
            "rrelocate_3": 12,
            "rrelocate_4": 12,
            "two_opt": 16
        },
        "improving": {
            "centered_exchange_1": 7,
            "exchange_1_2": 9,
            "exchange_2_2": 7,
            "exchange_3_3": 6,
            "exchange_3_4": 6,
            "exchange_4_4": 3,
            "exchange_ids": 11,
            "insert_1": 0,
            "move_all_by_1": 9,
            "move_all_by_2": 7,
            "relocate_1": 12,
            "relocate_5": 7,
            "remove_1": 0,
            "rexchange_2_2": 8,
            "rexchange_2_3": 6,
            "rexchange_4_4": 4,
            "rrelocate_3": 7,
            "rrelocate_4": 5,
            "two_opt": 11
        },
        "rate": {
            "centered_exchange_1": 0.46666666865348816,
            "exchange_1_2": 0.5625,
            "exchange_2_2": 0.4375,
            "exchange_3_3": 0.375,
            "exchange_3_4": 0.375,
            "exchange_4_4": 0.1875,
            "exchange_ids": 0.6875,
            "insert_1": 0.0,
            "move_all_by_1": 0.75,
            "move_all_by_2": 0.5833333134651184,
            "relocate_1": 1.0,
            "relocate_5": 0.5833333134651184,
            "remove_1": 0.0,
            "rexchange_2_2": 0.5,
            "rexchange_2_3": 0.375,
            "rexchange_4_4": 0.25,
            "rrelocate_3": 0.5833333134651184,
            "rrelocate_4": 0.4166666567325592,
            "two_opt": 0.6875
        }
    },
    "last_improvement": 60,
    "name": "random-80-8.80-48",
    "solution": {
        "fitness": 1002743,
        "is_feasible": false,
        "permutation": [
            34,
            69,
            75,
            7,
            4,
            33,
            73,
            76,
            22,
            44,
            49,
            12,
            46,
            57,
            74,
            32,
            47,
            77,
            43,
            41,
            61,
            50,
            24,
            51,
            70,
            56,
            36,
            64,
            10,
            55,
            58,
            72,
            48,
            52,
            68,
            20,
            71,
            79,
            63,
            18,
            9,
            0,
            62,
            2,
            28,
            25,
            1,
            39,
            59,
            23,
            42,
            17,
            14,
            31,
            16,
            66,
            5,
            67,
            21,
            65,
            38,
            15,
            27,
            3,
            40,
            37,
            30,
            29,
            45,
            54,
            6,
            26,
            11,
            78,
            13,
            8,
            60,
            53,
            19,
            35
        ],
        "permutation_orig_ids": [
            "35",
            "70",
            "76",
            "8",
            "5",
            "34",
            "74",
            "77",
            "23",
            "45",
            "50",
            "13",
            "47",
            "58",
            "75",
            "33",
            "48",
            "78",
            "44",
            "42",
            "62",
            "51",
            "25",
            "52",
            "71",
            "57",
            "37",
            "65",
            "11",
            "56",
            "59",
            "73",
            "49",
            "53",
            "69",
            "21",
            "72",
            "80",
            "64",
            "19",
            "10",
            "1",
            "63",
            "3",
            "29",
            "26",
            "2",
            "40",
            "60",
            "24",
            "43",
            "18",
            "15",
            "32",
            "17",
            "67",
            "6",
            "68",
            "22",
            "66",
            "39",
            "16",
            "28",
            "4",
            "41",
            "38",
            "31",
            "30",
            "46",
            "55",
            "7",
            "27",
            "12",
            "79",
            "14",
            "9",
            "61",
            "54",
            "20",
            "36"
        ],
        "walk_orig_ids": [
            "35",
            "70",
            "76",
            "8",
            "59",
            "5",
            "34",
            "74",
            "77",
            "43",
            "23",
            "45",
            "50",
            "13",
            "47",
            "58",
            "75",
            "33",
            "48",
            "78",
            "44",
            "42",
            "62",
            "51",
            "62",
            "25",
            "28",
            "52",
            "41",
            "71",
            "57",
            "37",
            "65",
            "11",
            "65",
            "56",
            "59",
            "73",
            "49",
            "8",
            "53",
            "69",
            "21",
            "79",
            "72",
            "35",
            "80",
            "35",
            "64",
            "19",
            "10",
            "1",
            "63",
            "55",
            "12",
            "3",
            "12",
            "29",
            "26",
            "2",
            "40",
            "60",
            "79",
            "24",
            "79",
            "72",
            "43",
            "18",
            "15",
            "32",
            "67",
            "17",
            "67",
            "6",
            "22",
            "68",
            "22",
            "66",
            "52",
            "39",
            "52",
            "28",
            "16",
            "28",
            "38",
            "4",
            "38",
            "41",
            "38",
            "31",
            "30",
            "46",
            "53",
            "55",
            "63",
            "7",
            "27",
            "12",
            "27",
            "7",
            "79",
            "14",
            "64",
            "9",
            "61",
            "54",
            "8",
            "20",
            "36"
        ],
        "walk_processing": [
            true,
            true,
            true,
            true,
            false,
            true,
            true,
            true,
            true,
            false,
            true,
            true,
            true,
            true,
            true,
            true,
            true,
            true,
            true,
            true,
            true,
            true,
            true,
            true,
            false,
            true,
            false,
            true,
            false,
            true,
            true,
            true,
            true,
            true,
            false,
            true,
            true,
            true,
            true,
            false,
            true,
            true,
            true,
            false,
            true,
            false,
            true,
            false,
            true,
            true,
            true,
            true,
            true,
            false,
            false,
            true,
            false,
            true,
            true,
            true,
            true,
            true,
            false,
            true,
            false,
            false,
            true,
            true,
            true,
            true,
            false,
            true,
            true,
            true,
            false,
            true,
            true,
            true,
            false,
            true,
            false,
            false,
            true,
            true,
            false,
            true,
            false,
            true,
            true,
            true,
            true,
            true,
            false,
            true,
            false,
            true,
            true,
            true,
            false,
            false,
            true,
            true,
            false,
            true,
            true,
            true,
            false,
            true,
            true
        ]
    },
    "steps": {
        "0": 7007819,
        "1": 2009036,
        "10": 1005660,
        "11": 1005428,
        "12": 1005261,
        "13": 1005116,
        "14": 1004988,
        "15": 1004643,
        "16": 1004343,
        "17": 1004054,
        "18": 1003850,
        "19": 1003796,
        "2": 2007914,
        "20": 1003775,
        "21": 1003716,
        "22": 1003510,
        "23": 1003326,
        "24": 1003280,
        "25": 1003272,
        "26": 1003239,
        "27": 1003139,
        "28": 1002950,
        "29": 1002935,
        "3": 2007188,
        "32": 1002870,
        "33": 1002843,
        "34": 1002841,
        "37": 1002819,
        "38": 1002816,
        "4": 2006561,
        "42": 1002797,
        "5": 2006313,
        "53": 1002794,
        "55": 1002788,
        "56": 1002770,
        "57": 1002759,
        "6": 2005759,
        "60": 1002743,
        "7": 2005395,
        "8": 2005282,
        "9": 2004854
    },
    "timeout": 80
}