{
    "config": {
        "allow_infeasible": true,
        "construction": "random_replicate",
        "ils_k": 6,
        "local_search": "CVND",
        "metaheuristic": "ILS",
        "num_threads": 8,
        "operators": [
            "insert_1",
            "remove_1",
            "two_opt",
            "exchange_ids",
            "exchange_1_2",
            "exchange_2_2",
            "exchange_3_3",
            "exchange_3_4",
            "exchange_4_4",
            "rexchange_2_2",
            "rexchange_2_3",
            "rexchange_4_4",
            "centered_exchange_1",
            "relocate_1",
            "relocate_5",
            "rrelocate_3",
            "rrelocate_4",
            "move_all_by_1",
            "move_all_by_2"
        ],
        "perturbation": [
            "random_double_bridge"
        ],
        "stop_on_feasible": true,
        "timeout": 10
    },
    "histogram": {
        "all": {
            "centered_exchange_1": 5091,
            "exchange_1_2": 5102,
            "exchange_2_2": 5102,
            "exchange_3_3": 5102,
            "exchange_3_4": 5102,
            "exchange_4_4": 5102,
            "exchange_ids": 5123,
            "insert_1": 7698,
            "move_all_by_1": 4686,
            "move_all_by_2": 4635,
            "relocate_1": 4709,
            "relocate_5": 4709,
            "remove_1": 7698,
            "rexchange_2_2": 5102,
            "rexchange_2_3": 5102,
            "rexchange_4_4": 5102,
            "rrelocate_3": 4708,
            "rrelocate_4": 4708,
            "two_opt": 6056
        },
        "improving": {
            "centered_exchange_1": 173,
            "exchange_1_2": 283,
            "exchange_2_2": 23,
            "exchange_3_3": 2,
            "exchange_3_4": 0,
            "exchange_4_4": 0,
            "exchange_ids": 1403,
            "insert_1": 0,
            "move_all_by_1": 49,
            "move_all_by_2": 77,
            "relocate_1": 476,
            "relocate_5": 1,
            "remove_1": 0,
            "rexchange_2_2": 6,
            "rexchange_2_3": 2,
            "rexchange_4_4": 0,
            "rrelocate_3": 2,
            "rrelocate_4": 0,
            "two_opt": 3071
        },
        "rate": {
            "centered_exchange_1": 0.03398153558373451,
            "exchange_1_2": 0.055468443781137466,
            "exchange_2_2": 0.0045080361887812614,
            "exchange_3_3": 0.00039200313040055335,
            "exchange_3_4": 0.0,
            "exchange_4_4": 0.0,
            "exchange_ids": 0.27386295795440674,
            "insert_1": 0.0,
            "move_all_by_1": 0.01045667938888073,
            "move_all_by_2": 0.01661272905766964,
            "relocate_1": 0.10108303278684616,
            "relocate_5": 0.00021235931490082294,
            "remove_1": 0.0,
            "rexchange_2_2": 0.0011760094203054905,
            "rexchange_2_3": 0.00039200313040055335,
            "rexchange_4_4": 0.0,
            "rrelocate_3": 0.0004248088225722313,
            "rrelocate_4": 0.0,
            "two_opt": 0.5071004033088684
        }
    },
    "last_improvement": 0,
    "name": "random-10-1.30-8",
    "solution": {
        "fitness": 2000474,
        "is_feasible": false,
        "permutation": [
            0,
            7,
            6,
            3,
            2,
            5,
            1,
            8,
            4,
            9
        ],
        "permutation_orig_ids": [
            "1",
            "8",
            "7",
            "4",
            "3",
            "6",
            "2",
            "9",
            "5",
            "10"
        ],
        "walk_orig_ids": [
            "1",
            "8",
            "6",
            "3",
            "7",
            "4",
            "3",
            "6",
            "5",
            "9",
            "2",
            "9",
            "5",
            "10"
        ],
        "walk_processing": [
            true,
            true,
            false,
            false,
            true,
            true,
            true,
            true,
            false,
            false,
            true,
            true,
            true,
            true
        ]
    },
    "steps": {
        "0": 2000474
    },
    "timeout": 10
}