{
    "config": {
        "allow_infeasible": true,
        "construction": "random_replicate",
        "ils_k": 6,
        "local_search": "CVND",
        "metaheuristic": "ILS",
        "num_threads": 8,
        "operators": [
            "insert_1",
            "remove_1",
            "two_opt",
            "exchange_ids",
            "exchange_1_2",
            "exchange_2_2",
            "exchange_3_3",
            "exchange_3_4",
            "exchange_4_4",
            "rexchange_2_2",
            "rexchange_2_3",
            "rexchange_4_4",
            "centered_exchange_1",
            "relocate_1",
            "relocate_5",
            "rrelocate_3",
            "rrelocate_4",
            "move_all_by_1",
            "move_all_by_2"
        ],
        "perturbation": [
            "random_double_bridge"
        ],
        "stop_on_feasible": true,
        "timeout": 10
    },
    "histogram": {
        "all": {
            "centered_exchange_1": 5342,
            "exchange_1_2": 5343,
            "exchange_2_2": 5343,
            "exchange_3_3": 5343,
            "exchange_3_4": 5343,
            "exchange_4_4": 5343,
            "exchange_ids": 5350,
            "insert_1": 8133,
            "move_all_by_1": 4920,
            "move_all_by_2": 4906,
            "relocate_1": 4988,
            "relocate_5": 4988,
            "remove_1": 8132,
            "rexchange_2_2": 5343,
            "rexchange_2_3": 5343,
            "rexchange_4_4": 5343,
            "rrelocate_3": 4984,
            "rrelocate_4": 4984,
            "two_opt": 6422
        },
        "improving": {
            "centered_exchange_1": 45,
            "exchange_1_2": 210,
            "exchange_2_2": 22,
            "exchange_3_3": 1,
            "exchange_3_4": 0,
            "exchange_4_4": 3,
            "exchange_ids": 1506,
            "insert_1": 0,
            "move_all_by_1": 76,
            "move_all_by_2": 21,
            "relocate_1": 401,
            "relocate_5": 1,
            "remove_1": 0,
            "rexchange_2_2": 16,
            "rexchange_2_3": 2,
            "rexchange_4_4": 0,
            "rrelocate_3": 6,
            "rrelocate_4": 0,
            "two_opt": 3228
        },
        "rate": {
            "centered_exchange_1": 0.008423811756074429,
            "exchange_1_2": 0.03930376097559929,
            "exchange_2_2": 0.004117536824196577,
            "exchange_3_3": 0.00018716076738201082,
            "exchange_3_4": 0.0,
            "exchange_4_4": 0.0005614823312498629,
            "exchange_ids": 0.2814953327178955,
            "insert_1": 0.0,
            "move_all_by_1": 0.015447154641151428,
            "move_all_by_2": 0.004280473105609417,
            "relocate_1": 0.08039294183254242,
            "relocate_5": 0.00020048115402460098,
            "remove_1": 0.0,
            "rexchange_2_2": 0.002994572278112173,
            "rexchange_2_3": 0.00037432153476402164,
            "rexchange_4_4": 0.0,
            "rrelocate_3": 0.0012038523564115167,
            "rrelocate_4": 0.0,
            "two_opt": 0.5026471614837646
        }
    },
    "last_improvement": 4,
    "name": "random-10-1.60-16",
    "solution": {
        "fitness": 2000482,
        "is_feasible": false,
        "permutation": [
            2,
            8,
            5,
            4,
            1,
            9,
            7,
            3,
            6,
            0
        ],
        "permutation_orig_ids": [
            "3",
            "9",
            "6",
            "5",
            "2",
            "10",
            "8",
            "4",
            "7",
            "1"
        ],
        "walk_orig_ids": [
            "3",
            "9",
            "6",
            "5",
            "2",
            "4",
            "10",
            "8",
            "10",
            "4",
            "7",
            "1"
        ],
        "walk_processing": [
            true,
            true,
            true,
            true,
            true,
            false,
            true,
            true,
            false,
            true,
            true,
            true
        ]
    },
    "steps": {
        "0": 2000501,
        "4": 2000482
    },
    "timeout": 10
}