{
    "config": {
        "allow_infeasible": true,
        "construction": "random",
        "ils_k": 6,
        "local_search": "PVND",
        "metaheuristic": "ILS",
        "num_threads": 8,
        "operators": [
            "remove_1",
            "two_opt",
            "exchange_ids",
            "exchange_1_1",
            "exchange_2_2",
            "exchange_2_3",
            "exchange_2_4",
            "exchange_3_4",
            "rexchange_2_2",
            "rexchange_2_4",
            "rexchange_4_4",
            "centered_exchange_1",
            "centered_exchange_2",
            "centered_exchange_3",
            "centered_exchange_5",
            "relocate_3",
            "rrelocate_3",
            "move_all_by_1",
            "move_all_by_2",
            "move_all_by_3"
        ],
        "perturbation": [
            "random_move"
        ],
        "timeout": 3600
    },
    "histogram": {
        "all": {
            "centered_exchange_1": 5246,
            "centered_exchange_2": 5242,
            "centered_exchange_3": 5242,
            "centered_exchange_5": 5242,
            "exchange_1_1": 5244,
            "exchange_2_2": 5254,
            "exchange_2_3": 5243,
            "exchange_2_4": 5243,
            "exchange_3_4": 5243,
            "exchange_ids": 110472,
            "move_all_by_1": 5244,
            "move_all_by_2": 5276,
            "move_all_by_3": 5239,
            "relocate_3": 5245,
            "remove_1": 10423,
            "rexchange_2_2": 5253,
            "rexchange_2_4": 5242,
            "rexchange_4_4": 5242,
            "rrelocate_3": 5244,
            "two_opt": 115508
        },
        "improving": {
            "centered_exchange_1": 4,
            "centered_exchange_2": 0,
            "centered_exchange_3": 0,
            "centered_exchange_5": 0,
            "exchange_1_1": 0,
            "exchange_2_2": 11,
            "exchange_2_3": 0,
            "exchange_2_4": 0,
            "exchange_3_4": 0,
            "exchange_ids": 105228,
            "move_all_by_1": 3,
            "move_all_by_2": 37,
            "move_all_by_3": 0,
            "relocate_3": 4,
            "remove_1": 0,
            "rexchange_2_2": 11,
            "rexchange_2_4": 0,
            "rexchange_4_4": 0,
            "rrelocate_3": 3,
            "two_opt": 105087
        },
        "rate": {
            "centered_exchange_1": 0.0007624857244081795,
            "centered_exchange_2": 0.0,
            "centered_exchange_3": 0.0,
            "centered_exchange_5": 0.0,
            "exchange_1_1": 0.0,
            "exchange_2_2": 0.0020936429500579834,
            "exchange_2_3": 0.0,
            "exchange_2_4": 0.0,
            "exchange_3_4": 0.0,
            "exchange_ids": 0.9525309801101685,
            "move_all_by_1": 0.0005720823537558317,
            "move_all_by_2": 0.007012888323515654,
            "move_all_by_3": 0.0,
            "relocate_3": 0.0007626310689374804,
            "remove_1": 0.0,
            "rexchange_2_2": 0.002094041556119919,
            "rexchange_2_4": 0.0,
            "rexchange_4_4": 0.0,
            "rrelocate_3": 0.0005720823537558317,
            "two_opt": 0.9097811579704285
        }
    },
    "last_improvement": 3385,
    "name": "qap-tai80a.dat",
    "solution": {
        "solution": {
            "fitness": 13694568,
            "is_feasible": true,
            "permutation": [
                47,
                16,
                21,
                8,
                4,
                35,
                37,
                30,
                1,
                14,
                78,
                7,
                20,
                25,
                26,
                52,
                32,
                42,
                33,
                77,
                50,
                17,
                3,
                65,
                24,
                64,
                13,
                46,
                9,
                60,
                22,
                5,
                73,
                68,
                59,
                27,
                53,
                61,
                43,
                15,
                66,
                39,
                49,
                74,
                38,
                67,
                23,
                54,
                72,
                40,
                62,
                19,
                57,
                41,
                44,
                45,
                6,
                58,
                34,
                0,
                75,
                51,
                56,
                10,
                63,
                71,
                70,
                79,
                55,
                11,
                76,
                48,
                12,
                69,
                29,
                28,
                31,
                2,
                18,
                36
            ]
        }
    },
    "steps": {
        "0": 14031994,
        "1": 14007354,
        "162": 13777114,
        "2": 13927450,
        "26": 13907448,
        "28": 13896198,
        "2915": 13741610,
        "3019": 13736184,
        "3060": 13735972,
        "3075": 13731284,
        "3107": 13703938,
        "314": 13775834,
        "3385": 13694568,
        "34": 13895714,
        "35": 13873920,
        "367": 13761526,
        "630": 13742892,
        "65": 13854336,
        "72": 13847004,
        "94": 13806034,
        "95": 13785558,
        "96": 13782370
    },
    "timeout": 3600
}