{
    "config": {
        "allow_infeasible": true,
        "construction": "random_replicate",
        "ils_k": 6,
        "local_search": "CVND",
        "metaheuristic": "ILS",
        "num_threads": 8,
        "operators": [
            "insert_1",
            "remove_1",
            "two_opt",
            "exchange_ids",
            "exchange_1_2",
            "exchange_2_2",
            "exchange_3_3",
            "exchange_3_4",
            "exchange_4_4",
            "rexchange_2_2",
            "rexchange_2_3",
            "rexchange_4_4",
            "centered_exchange_1",
            "relocate_1",
            "relocate_5",
            "rrelocate_3",
            "rrelocate_4",
            "move_all_by_1",
            "move_all_by_2"
        ],
        "perturbation": [
            "random_double_bridge"
        ],
        "stop_on_feasible": true,
        "timeout": 90
    },
    "histogram": {
        "all": {
            "centered_exchange_1": 7,
            "exchange_1_2": 8,
            "exchange_2_2": 7,
            "exchange_3_3": 7,
            "exchange_3_4": 7,
            "exchange_4_4": 7,
            "exchange_ids": 8,
            "insert_1": 8,
            "move_all_by_1": 7,
            "move_all_by_2": 7,
            "relocate_1": 7,
            "relocate_5": 7,
            "remove_1": 8,
            "rexchange_2_2": 7,
            "rexchange_2_3": 7,
            "rexchange_4_4": 7,
            "rrelocate_3": 7,
            "rrelocate_4": 7,
            "two_opt": 8
        },
        "improving": {
            "centered_exchange_1": 6,
            "exchange_1_2": 6,
            "exchange_2_2": 5,
            "exchange_3_3": 4,
            "exchange_3_4": 4,
            "exchange_4_4": 4,
            "exchange_ids": 7,
            "insert_1": 0,
            "move_all_by_1": 7,
            "move_all_by_2": 6,
            "relocate_1": 7,
            "relocate_5": 4,
            "remove_1": 0,
            "rexchange_2_2": 5,
            "rexchange_2_3": 5,
            "rexchange_4_4": 4,
            "rrelocate_3": 6,
            "rrelocate_4": 5,
            "two_opt": 8
        },
        "rate": {
            "centered_exchange_1": 0.8571428656578064,
            "exchange_1_2": 0.75,
            "exchange_2_2": 0.7142857313156128,
            "exchange_3_3": 0.5714285969734192,
            "exchange_3_4": 0.5714285969734192,
            "exchange_4_4": 0.5714285969734192,
            "exchange_ids": 0.875,
            "insert_1": 0.0,
            "move_all_by_1": 1.0,
            "move_all_by_2": 0.8571428656578064,
            "relocate_1": 1.0,
            "relocate_5": 0.5714285969734192,
            "remove_1": 0.0,
            "rexchange_2_2": 0.7142857313156128,
            "rexchange_2_3": 0.7142857313156128,
            "rexchange_4_4": 0.5714285969734192,
            "rrelocate_3": 0.8571428656578064,
            "rrelocate_4": 0.7142857313156128,
            "two_opt": 1.0
        }
    },
    "last_improvement": 90,
    "name": "random-90-7.68-37",
    "solution": {
        "fitness": 1004103,
        "is_feasible": false,
        "permutation": [
            17,
            19,
            83,
            35,
            58,
            0,
            46,
            8,
            38,
            30,
            61,
            87,
            68,
            45,
            88,
            4,
            25,
            43,
            55,
            52,
            74,
            85,
            53,
            41,
            37,
            36,
            70,
            77,
            47,
            82,
            9,
            65,
            31,
            44,
            80,
            23,
            50,
            66,
            39,
            14,
            21,
            7,
            6,
            5,
            13,
            16,
            51,
            56,
            40,
            67,
            12,
            34,
            18,
            69,
            20,
            76,
            33,
            71,
            48,
            63,
            22,
            24,
            15,
            26,
            49,
            64,
            11,
            59,
            79,
            62,
            42,
            75,
            78,
            54,
            27,
            72,
            29,
            10,
            86,
            32,
            2,
            3,
            57,
            28,
            89,
            81,
            60,
            84,
            1,
            73
        ],
        "permutation_orig_ids": [
            "18",
            "20",
            "84",
            "36",
            "59",
            "1",
            "47",
            "9",
            "39",
            "31",
            "62",
            "88",
            "69",
            "46",
            "89",
            "5",
            "26",
            "44",
            "56",
            "53",
            "75",
            "86",
            "54",
            "42",
            "38",
            "37",
            "71",
            "78",
            "48",
            "83",
            "10",
            "66",
            "32",
            "45",
            "81",
            "24",
            "51",
            "67",
            "40",
            "15",
            "22",
            "8",
            "7",
            "6",
            "14",
            "17",
            "52",
            "57",
            "41",
            "68",
            "13",
            "35",
            "19",
            "70",
            "21",
            "77",
            "34",
            "72",
            "49",
            "64",
            "23",
            "25",
            "16",
            "27",
            "50",
            "65",
            "12",
            "60",
            "80",
            "63",
            "43",
            "76",
            "79",
            "55",
            "28",
            "73",
            "30",
            "11",
            "87",
            "33",
            "3",
            "4",
            "58",
            "29",
            "90",
            "82",
            "61",
            "85",
            "2",
            "74"
        ],
        "walk_orig_ids": [
            "18",
            "20",
            "84",
            "36",
            "59",
            "1",
            "47",
            "9",
            "47",
            "39",
            "76",
            "31",
            "62",
            "88",
            "69",
            "46",
            "89",
            "5",
            "26",
            "44",
            "56",
            "53",
            "75",
            "86",
            "75",
            "54",
            "42",
            "38",
            "37",
            "71",
            "78",
            "48",
            "83",
            "48",
            "10",
            "66",
            "32",
            "28",
            "45",
            "81",
            "24",
            "51",
            "23",
            "67",
            "40",
            "22",
            "15",
            "22",
            "25",
            "8",
            "7",
            "6",
            "7",
            "14",
            "17",
            "73",
            "52",
            "57",
            "41",
            "68",
            "41",
            "13",
            "35",
            "19",
            "70",
            "21",
            "34",
            "77",
            "34",
            "72",
            "70",
            "49",
            "90",
            "64",
            "90",
            "8",
            "25",
            "23",
            "25",
            "16",
            "28",
            "27",
            "50",
            "65",
            "12",
            "36",
            "60",
            "80",
            "89",
            "76",
            "43",
            "63",
            "43",
            "76",
            "30",
            "79",
            "24",
            "11",
            "55",
            "11",
            "24",
            "73",
            "28",
            "73",
            "30",
            "79",
            "24",
            "11",
            "87",
            "11",
            "33",
            "30",
            "3",
            "4",
            "85",
            "58",
            "49",
            "29",
            "49",
            "90",
            "8",
            "82",
            "61",
            "82",
            "8",
            "90",
            "49",
            "58",
            "85",
            "4",
            "44",
            "2",
            "74"
        ],
        "walk_processing": [
            true,
            true,
            true,
            true,
            true,
            true,
            true,
            true,
            false,
            true,
            false,
            true,
            true,
            true,
            true,
            true,
            true,
            true,
            true,
            true,
            true,
            true,
            true,
            true,
            false,
            true,
            true,
            true,
            true,
            true,
            true,
            true,
            true,
            false,
            true,
            true,
            true,
            false,
            true,
            true,
            true,
            true,
            false,
            true,
            true,
            false,
            true,
            true,
            false,
            true,
            true,
            true,
            false,
            true,
            true,
            false,
            true,
            true,
            true,
            true,
            false,
            true,
            true,
            true,
            true,
            true,
            false,
            true,
            true,
            true,
            false,
            true,
            false,
            true,
            false,
            false,
            false,
            true,
            true,
            true,
            false,
            true,
            true,
            true,
            true,
            false,
            true,
            true,
            false,
            false,
            false,
            true,
            true,
            true,
            false,
            true,
            false,
            false,
            true,
            false,
            false,
            false,
            true,
            true,
            true,
            false,
            false,
            true,
            true,
            false,
            true,
            false,
            true,
            true,
            false,
            true,
            false,
            true,
            false,
            true,
            false,
            true,
            true,
            false,
            false,
            false,
            false,
            false,
            true,
            false,
            false,
            true,
            true
        ]
    },
    "steps": {
        "0": 24005982,
        "1": 12007576,
        "10": 5008025,
        "12": 5007482,
        "13": 4007785,
        "14": 4007570,
        "15": 4007380,
        "16": 4007206,
        "17": 2007487,
        "18": 2007210,
        "19": 2006970,
        "20": 2006824,
        "21": 2006678,
        "23": 2006553,
        "24": 2006441,
        "25": 2006306,
        "26": 2006186,
        "27": 2006064,
        "28": 2005933,
        "29": 2005818,
        "3": 8008542,
        "30": 2005683,
        "31": 2005475,
        "32": 2005429,
        "33": 2005372,
        "34": 1006765,
        "35": 1006322,
        "36": 1006281,
        "37": 1006238,
        "38": 1006204,
        "39": 1006124,
        "4": 7008561,
        "40": 1005926,
        "41": 1005744,
        "42": 1005542,
        "43": 1005462,
        "44": 1005385,
        "45": 1005235,
        "46": 1005176,
        "47": 1005067,
        "48": 1004965,
        "49": 1004922,
        "5": 6009273,
        "50": 1004898,
        "51": 1004853,
        "52": 1004801,
        "53": 1004784,
        "54": 1004766,
        "55": 1004702,
        "56": 1004644,
        "57": 1004582,
        "58": 1004519,
        "59": 1004477,
        "6": 6008676,
        "60": 1004453,
        "61": 1004425,
        "65": 1004411,
        "66": 1004360,
        "67": 1004299,
        "69": 1004293,
        "70": 1004252,
        "71": 1004212,
        "72": 1004187,
        "77": 1004155,
        "8": 6008384,
        "80": 1004141,
        "81": 1004140,
        "87": 1004118,
        "89": 1004110,
        "9": 5008406,
        "90": 1004103
    },
    "timeout": 90
}