{
    "config": {
        "allow_infeasible": true,
        "construction": "random_replicate",
        "ils_k": 6,
        "local_search": "CVND",
        "metaheuristic": "ILS",
        "num_threads": 8,
        "operators": [
            "insert_1",
            "remove_1",
            "two_opt",
            "exchange_ids",
            "exchange_1_2",
            "exchange_2_2",
            "exchange_3_3",
            "exchange_3_4",
            "exchange_4_4",
            "rexchange_2_2",
            "rexchange_2_3",
            "rexchange_4_4",
            "centered_exchange_1",
            "relocate_1",
            "relocate_5",
            "rrelocate_3",
            "rrelocate_4",
            "move_all_by_1",
            "move_all_by_2"
        ],
        "perturbation": [
            "random_double_bridge"
        ],
        "stop_on_feasible": true,
        "timeout": 90
    },
    "histogram": {
        "all": {
            "centered_exchange_1": 8,
            "exchange_1_2": 9,
            "exchange_2_2": 9,
            "exchange_3_3": 9,
            "exchange_3_4": 9,
            "exchange_4_4": 9,
            "exchange_ids": 9,
            "insert_1": 9,
            "move_all_by_1": 8,
            "move_all_by_2": 8,
            "relocate_1": 8,
            "relocate_5": 8,
            "remove_1": 9,
            "rexchange_2_2": 9,
            "rexchange_2_3": 9,
            "rexchange_4_4": 9,
            "rrelocate_3": 8,
            "rrelocate_4": 8,
            "two_opt": 9
        },
        "improving": {
            "centered_exchange_1": 5,
            "exchange_1_2": 5,
            "exchange_2_2": 5,
            "exchange_3_3": 3,
            "exchange_3_4": 2,
            "exchange_4_4": 3,
            "exchange_ids": 7,
            "insert_1": 0,
            "move_all_by_1": 6,
            "move_all_by_2": 5,
            "relocate_1": 8,
            "relocate_5": 4,
            "remove_1": 0,
            "rexchange_2_2": 6,
            "rexchange_2_3": 5,
            "rexchange_4_4": 3,
            "rrelocate_3": 5,
            "rrelocate_4": 4,
            "two_opt": 6
        },
        "rate": {
            "centered_exchange_1": 0.625,
            "exchange_1_2": 0.5555555820465088,
            "exchange_2_2": 0.5555555820465088,
            "exchange_3_3": 0.3333333432674408,
            "exchange_3_4": 0.2222222238779068,
            "exchange_4_4": 0.3333333432674408,
            "exchange_ids": 0.7777777910232544,
            "insert_1": 0.0,
            "move_all_by_1": 0.75,
            "move_all_by_2": 0.625,
            "relocate_1": 1.0,
            "relocate_5": 0.5,
            "remove_1": 0.0,
            "rexchange_2_2": 0.6666666865348816,
            "rexchange_2_3": 0.5555555820465088,
            "rexchange_4_4": 0.3333333432674408,
            "rrelocate_3": 0.625,
            "rrelocate_4": 0.5,
            "two_opt": 0.6666666865348816
        }
    },
    "last_improvement": 84,
    "name": "random-90-10.76-19",
    "solution": {
        "fitness": 1003325,
        "is_feasible": false,
        "permutation": [
            33,
            14,
            26,
            63,
            6,
            46,
            41,
            27,
            36,
            35,
            70,
            15,
            1,
            53,
            51,
            12,
            76,
            18,
            68,
            52,
            61,
            87,
            72,
            5,
            44,
            43,
            81,
            28,
            30,
            66,
            48,
            75,
            38,
            19,
            34,
            82,
            60,
            42,
            65,
            54,
            67,
            84,
            49,
            69,
            31,
            64,
            74,
            85,
            2,
            57,
            86,
            32,
            37,
            0,
            79,
            88,
            17,
            9,
            11,
            29,
            89,
            50,
            22,
            62,
            45,
            47,
            16,
            83,
            58,
            24,
            39,
            10,
            80,
            77,
            23,
            56,
            59,
            20,
            73,
            55,
            25,
            7,
            3,
            21,
            13,
            4,
            40,
            8,
            78,
            71
        ],
        "permutation_orig_ids": [
            "34",
            "15",
            "27",
            "64",
            "7",
            "47",
            "42",
            "28",
            "37",
            "36",
            "71",
            "16",
            "2",
            "54",
            "52",
            "13",
            "77",
            "19",
            "69",
            "53",
            "62",
            "88",
            "73",
            "6",
            "45",
            "44",
            "82",
            "29",
            "31",
            "67",
            "49",
            "76",
            "39",
            "20",
            "35",
            "83",
            "61",
            "43",
            "66",
            "55",
            "68",
            "85",
            "50",
            "70",
            "32",
            "65",
            "75",
            "86",
            "3",
            "58",
            "87",
            "33",
            "38",
            "1",
            "80",
            "89",
            "18",
            "10",
            "12",
            "30",
            "90",
            "51",
            "23",
            "63",
            "46",
            "48",
            "17",
            "84",
            "59",
            "25",
            "40",
            "11",
            "81",
            "78",
            "24",
            "57",
            "60",
            "21",
            "74",
            "56",
            "26",
            "8",
            "4",
            "22",
            "14",
            "5",
            "41",
            "9",
            "79",
            "72"
        ],
        "walk_orig_ids": [
            "34",
            "15",
            "27",
            "64",
            "7",
            "47",
            "42",
            "28",
            "37",
            "56",
            "36",
            "71",
            "16",
            "2",
            "54",
            "79",
            "52",
            "13",
            "77",
            "19",
            "69",
            "53",
            "62",
            "88",
            "14",
            "73",
            "6",
            "45",
            "72",
            "44",
            "82",
            "29",
            "45",
            "31",
            "67",
            "49",
            "76",
            "39",
            "10",
            "20",
            "10",
            "35",
            "83",
            "61",
            "43",
            "61",
            "66",
            "55",
            "68",
            "85",
            "50",
            "70",
            "32",
            "65",
            "75",
            "86",
            "3",
            "87",
            "58",
            "87",
            "33",
            "38",
            "1",
            "89",
            "80",
            "89",
            "18",
            "35",
            "10",
            "12",
            "30",
            "34",
            "90",
            "64",
            "51",
            "23",
            "49",
            "63",
            "7",
            "46",
            "48",
            "46",
            "17",
            "84",
            "59",
            "75",
            "25",
            "75",
            "40",
            "11",
            "81",
            "78",
            "24",
            "57",
            "24",
            "78",
            "60",
            "78",
            "21",
            "20",
            "88",
            "31",
            "74",
            "31",
            "88",
            "47",
            "56",
            "7",
            "51",
            "26",
            "8",
            "22",
            "4",
            "22",
            "23",
            "14",
            "23",
            "5",
            "41",
            "9",
            "79",
            "72"
        ],
        "walk_processing": [
            true,
            true,
            true,
            true,
            true,
            true,
            true,
            true,
            true,
            false,
            true,
            true,
            true,
            true,
            true,
            false,
            true,
            true,
            true,
            true,
            true,
            true,
            true,
            true,
            false,
            true,
            true,
            true,
            false,
            true,
            true,
            true,
            false,
            true,
            true,
            true,
            true,
            true,
            false,
            true,
            false,
            true,
            true,
            true,
            true,
            false,
            true,
            true,
            true,
            true,
            true,
            true,
            true,
            true,
            true,
            true,
            true,
            false,
            true,
            true,
            true,
            true,
            true,
            false,
            true,
            true,
            true,
            false,
            true,
            true,
            true,
            false,
            true,
            false,
            true,
            true,
            false,
            true,
            false,
            true,
            true,
            false,
            true,
            true,
            true,
            false,
            true,
            false,
            true,
            true,
            true,
            true,
            true,
            true,
            false,
            false,
            true,
            false,
            true,
            false,
            false,
            false,
            true,
            false,
            false,
            false,
            true,
            false,
            false,
            true,
            true,
            false,
            true,
            true,
            false,
            true,
            false,
            true,
            true,
            true,
            true,
            true
        ]
    },
    "steps": {
        "0": 7008868,
        "1": 5008279,
        "10": 2006081,
        "12": 2005860,
        "13": 1006290,
        "14": 1006099,
        "15": 1005817,
        "16": 1005467,
        "17": 1005365,
        "18": 1005229,
        "19": 1005146,
        "2": 3008607,
        "20": 1005063,
        "21": 1004999,
        "22": 1004904,
        "23": 1004846,
        "24": 1004796,
        "25": 1004726,
        "26": 1004565,
        "27": 1004459,
        "28": 1004436,
        "29": 1004377,
        "3": 2007914,
        "30": 1004192,
        "31": 1004132,
        "32": 1004093,
        "33": 1004069,
        "36": 1004054,
        "37": 1004050,
        "38": 1003977,
        "39": 1003959,
        "4": 2007469,
        "40": 1003929,
        "41": 1003864,
        "42": 1003828,
        "43": 1003794,
        "44": 1003782,
        "46": 1003775,
        "47": 1003750,
        "48": 1003728,
        "49": 1003681,
        "50": 1003652,
        "51": 1003624,
        "52": 1003602,
        "56": 1003599,
        "58": 1003567,
        "6": 2007097,
        "60": 1003544,
        "61": 1003532,
        "67": 1003488,
        "69": 1003485,
        "7": 2006731,
        "70": 1003476,
        "71": 1003472,
        "72": 1003429,
        "74": 1003419,
        "75": 1003405,
        "76": 1003379,
        "77": 1003373,
        "78": 1003354,
        "8": 2006409,
        "84": 1003325,
        "9": 2006246
    },
    "timeout": 90
}