{
    "config": {
        "allow_infeasible": true,
        "construction": "random_replicate",
        "ils_k": 6,
        "local_search": "CVND",
        "metaheuristic": "ILS",
        "num_threads": 8,
        "operators": [
            "insert_1",
            "remove_1",
            "two_opt",
            "exchange_ids",
            "exchange_1_2",
            "exchange_2_2",
            "exchange_3_3",
            "exchange_3_4",
            "exchange_4_4",
            "rexchange_2_2",
            "rexchange_2_3",
            "rexchange_4_4",
            "centered_exchange_1",
            "relocate_1",
            "relocate_5",
            "rrelocate_3",
            "rrelocate_4",
            "move_all_by_1",
            "move_all_by_2"
        ],
        "perturbation": [
            "random_double_bridge"
        ],
        "stop_on_feasible": true,
        "timeout": 50
    },
    "histogram": {
        "all": {
            "centered_exchange_1": 49,
            "exchange_1_2": 51,
            "exchange_2_2": 50,
            "exchange_3_3": 50,
            "exchange_3_4": 50,
            "exchange_4_4": 50,
            "exchange_ids": 51,
            "insert_1": 56,
            "move_all_by_1": 38,
            "move_all_by_2": 37,
            "relocate_1": 41,
            "relocate_5": 41,
            "remove_1": 56,
            "rexchange_2_2": 50,
            "rexchange_2_3": 50,
            "rexchange_4_4": 50,
            "rrelocate_3": 40,
            "rrelocate_4": 40,
            "two_opt": 52
        },
        "improving": {
            "centered_exchange_1": 19,
            "exchange_1_2": 22,
            "exchange_2_2": 14,
            "exchange_3_3": 11,
            "exchange_3_4": 8,
            "exchange_4_4": 6,
            "exchange_ids": 28,
            "insert_1": 0,
            "move_all_by_1": 18,
            "move_all_by_2": 11,
            "relocate_1": 31,
            "relocate_5": 9,
            "remove_1": 0,
            "rexchange_2_2": 16,
            "rexchange_2_3": 12,
            "rexchange_4_4": 6,
            "rrelocate_3": 14,
            "rrelocate_4": 9,
            "two_opt": 28
        },
        "rate": {
            "centered_exchange_1": 0.3877550959587097,
            "exchange_1_2": 0.4313725531101227,
            "exchange_2_2": 0.2800000011920929,
            "exchange_3_3": 0.2199999988079071,
            "exchange_3_4": 0.1599999964237213,
            "exchange_4_4": 0.11999999731779099,
            "exchange_ids": 0.5490196347236633,
            "insert_1": 0.0,
            "move_all_by_1": 0.4736842215061188,
            "move_all_by_2": 0.29729729890823364,
            "relocate_1": 0.7560975551605225,
            "relocate_5": 0.2195121943950653,
            "remove_1": 0.0,
            "rexchange_2_2": 0.3199999928474426,
            "rexchange_2_3": 0.23999999463558197,
            "rexchange_4_4": 0.11999999731779099,
            "rrelocate_3": 0.3499999940395355,
            "rrelocate_4": 0.22499999403953552,
            "two_opt": 0.5384615659713745
        }
    },
    "last_improvement": 17,
    "name": "random-50-3.40-20",
    "solution": {
        "fitness": 2002466,
        "is_feasible": false,
        "permutation": [
            20,
            0,
            22,
            14,
            24,
            6,
            39,
            41,
            45,
            2,
            19,
            15,
            16,
            25,
            44,
            48,
            42,
            40,
            30,
            17,
            4,
            18,
            34,
            5,
            33,
            38,
            35,
            36,
            11,
            21,
            7,
            23,
            10,
            37,
            9,
            32,
            29,
            43,
            31,
            13,
            12,
            1,
            49,
            28,
            3,
            46,
            47,
            8,
            26,
            27
        ],
        "permutation_orig_ids": [
            "21",
            "1",
            "23",
            "15",
            "25",
            "7",
            "40",
            "42",
            "46",
            "3",
            "20",
            "16",
            "17",
            "26",
            "45",
            "49",
            "43",
            "41",
            "31",
            "18",
            "5",
            "19",
            "35",
            "6",
            "34",
            "39",
            "36",
            "37",
            "12",
            "22",
            "8",
            "24",
            "11",
            "38",
            "10",
            "33",
            "30",
            "44",
            "32",
            "14",
            "13",
            "2",
            "50",
            "29",
            "4",
            "47",
            "48",
            "9",
            "27",
            "28"
        ],
        "walk_orig_ids": [
            "21",
            "1",
            "23",
            "2",
            "15",
            "25",
            "7",
            "40",
            "48",
            "42",
            "46",
            "20",
            "3",
            "20",
            "16",
            "17",
            "26",
            "45",
            "49",
            "43",
            "41",
            "31",
            "38",
            "18",
            "5",
            "19",
            "35",
            "6",
            "39",
            "34",
            "39",
            "36",
            "37",
            "12",
            "8",
            "22",
            "8",
            "24",
            "11",
            "38",
            "33",
            "32",
            "10",
            "32",
            "33",
            "30",
            "44",
            "30",
            "33",
            "32",
            "14",
            "50",
            "13",
            "2",
            "13",
            "50",
            "14",
            "32",
            "29",
            "4",
            "47",
            "48",
            "47",
            "11",
            "38",
            "9",
            "27",
            "28"
        ],
        "walk_processing": [
            true,
            true,
            true,
            false,
            true,
            true,
            true,
            true,
            false,
            true,
            true,
            false,
            true,
            true,
            true,
            true,
            true,
            true,
            true,
            true,
            true,
            true,
            false,
            true,
            true,
            true,
            true,
            true,
            false,
            true,
            true,
            true,
            true,
            true,
            false,
            true,
            true,
            true,
            true,
            true,
            false,
            false,
            true,
            false,
            true,
            true,
            true,
            false,
            false,
            true,
            true,
            false,
            true,
            true,
            false,
            true,
            false,
            false,
            true,
            true,
            true,
            true,
            false,
            false,
            false,
            true,
            true,
            true
        ]
    },
    "steps": {
        "0": 6004608,
        "1": 6002889,
        "12": 2002659,
        "14": 2002553,
        "15": 2002508,
        "16": 2002473,
        "17": 2002466,
        "2": 3003704,
        "3": 3003183,
        "4": 2003041,
        "5": 2002797,
        "6": 2002723,
        "7": 2002709
    },
    "timeout": 50
}