{
    "config": {
        "allow_infeasible": true,
        "construction": "random_replicate",
        "ils_k": 6,
        "local_search": "CVND",
        "metaheuristic": "ILS",
        "num_threads": 8,
        "operators": [
            "insert_1",
            "remove_1",
            "two_opt",
            "exchange_ids",
            "exchange_1_2",
            "exchange_2_2",
            "exchange_3_3",
            "exchange_3_4",
            "exchange_4_4",
            "rexchange_2_2",
            "rexchange_2_3",
            "rexchange_4_4",
            "centered_exchange_1",
            "relocate_1",
            "relocate_5",
            "rrelocate_3",
            "rrelocate_4",
            "move_all_by_1",
            "move_all_by_2"
        ],
        "perturbation": [
            "random_double_bridge"
        ],
        "stop_on_feasible": true,
        "timeout": 50
    },
    "histogram": {
        "all": {
            "centered_exchange_1": 0,
            "exchange_1_2": 0,
            "exchange_2_2": 0,
            "exchange_3_3": 0,
            "exchange_3_4": 0,
            "exchange_4_4": 0,
            "exchange_ids": 0,
            "insert_1": 1,
            "move_all_by_1": 0,
            "move_all_by_2": 0,
            "relocate_1": 0,
            "relocate_5": 0,
            "remove_1": 1,
            "rexchange_2_2": 0,
            "rexchange_2_3": 0,
            "rexchange_4_4": 0,
            "rrelocate_3": 0,
            "rrelocate_4": 0,
            "two_opt": 1
        },
        "improving": {
            "centered_exchange_1": 0,
            "exchange_1_2": 0,
            "exchange_2_2": 0,
            "exchange_3_3": 0,
            "exchange_3_4": 0,
            "exchange_4_4": 0,
            "exchange_ids": 0,
            "insert_1": 0,
            "move_all_by_1": 0,
            "move_all_by_2": 0,
            "relocate_1": 0,
            "relocate_5": 0,
            "remove_1": 0,
            "rexchange_2_2": 0,
            "rexchange_2_3": 0,
            "rexchange_4_4": 0,
            "rrelocate_3": 0,
            "rrelocate_4": 0,
            "two_opt": 1
        },
        "rate": {
            "centered_exchange_1": 0.0,
            "exchange_1_2": 0.0,
            "exchange_2_2": 0.0,
            "exchange_3_3": 0.0,
            "exchange_3_4": 0.0,
            "exchange_4_4": 0.0,
            "exchange_ids": 0.0,
            "insert_1": 0.0,
            "move_all_by_1": 0.0,
            "move_all_by_2": 0.0,
            "relocate_1": 0.0,
            "relocate_5": 0.0,
            "remove_1": 0.0,
            "rexchange_2_2": 0.0,
            "rexchange_2_3": 0.0,
            "rexchange_4_4": 0.0,
            "rrelocate_3": 0.0,
            "rrelocate_4": 0.0,
            "two_opt": 1.0
        }
    },
    "last_improvement": 0,
    "name": "random-50-11.00-30",
    "solution": {
        "fitness": 3393,
        "is_feasible": true,
        "permutation": [
            14,
            25,
            11,
            36,
            1,
            0,
            13,
            16,
            19,
            10,
            47,
            9,
            20,
            28,
            42,
            29,
            2,
            8,
            24,
            6,
            17,
            3,
            4,
            46,
            23,
            27,
            33,
            49,
            45,
            18,
            26,
            34,
            48,
            31,
            21,
            12,
            32,
            37,
            41,
            43,
            35,
            44,
            5,
            30,
            15,
            22,
            7,
            39,
            40,
            38
        ],
        "permutation_orig_ids": [
            "15",
            "26",
            "12",
            "37",
            "2",
            "1",
            "14",
            "17",
            "20",
            "11",
            "48",
            "10",
            "21",
            "29",
            "43",
            "30",
            "3",
            "9",
            "25",
            "7",
            "18",
            "4",
            "5",
            "47",
            "24",
            "28",
            "34",
            "50",
            "46",
            "19",
            "27",
            "35",
            "49",
            "32",
            "22",
            "13",
            "33",
            "38",
            "42",
            "44",
            "36",
            "45",
            "6",
            "31",
            "16",
            "23",
            "8",
            "40",
            "41",
            "39"
        ],
        "walk_orig_ids": [
            "15",
            "26",
            "12",
            "37",
            "2",
            "1",
            "14",
            "17",
            "20",
            "11",
            "48",
            "11",
            "10",
            "21",
            "49",
            "29",
            "36",
            "43",
            "30",
            "17",
            "3",
            "9",
            "42",
            "38",
            "25",
            "15",
            "35",
            "7",
            "18",
            "7",
            "4",
            "5",
            "20",
            "47",
            "48",
            "24",
            "30",
            "28",
            "15",
            "41",
            "34",
            "50",
            "33",
            "46",
            "23",
            "19",
            "23",
            "7",
            "3",
            "27",
            "35",
            "15",
            "49",
            "32",
            "7",
            "35",
            "22",
            "35",
            "7",
            "13",
            "43",
            "12",
            "30",
            "33",
            "42",
            "38",
            "42",
            "44",
            "42",
            "15",
            "35",
            "36",
            "35",
            "15",
            "45",
            "14",
            "41",
            "34",
            "16",
            "6",
            "16",
            "34",
            "41",
            "2",
            "31",
            "2",
            "41",
            "34",
            "16",
            "34",
            "41",
            "15",
            "35",
            "7",
            "23",
            "7",
            "35",
            "15",
            "22",
            "8",
            "25",
            "40",
            "25",
            "16",
            "34",
            "41",
            "15",
            "35",
            "7",
            "4",
            "39",
            "4",
            "7",
            "35"
        ],
        "walk_processing": [
            true,
            true,
            true,
            true,
            true,
            true,
            true,
            true,
            true,
            true,
            true,
            false,
            true,
            true,
            false,
            true,
            false,
            true,
            true,
            false,
            true,
            true,
            false,
            false,
            true,
            false,
            false,
            true,
            true,
            false,
            true,
            true,
            false,
            true,
            false,
            true,
            false,
            true,
            false,
            false,
            true,
            true,
            false,
            true,
            false,
            true,
            false,
            false,
            false,
            true,
            true,
            false,
            true,
            true,
            false,
            false,
            true,
            false,
            false,
            true,
            false,
            false,
            false,
            true,
            false,
            true,
            true,
            true,
            false,
            false,
            false,
            true,
            false,
            false,
            true,
            false,
            false,
            false,
            false,
            true,
            false,
            false,
            false,
            false,
            true,
            false,
            false,
            false,
            true,
            false,
            false,
            false,
            false,
            false,
            true,
            false,
            false,
            false,
            false,
            true,
            false,
            true,
            false,
            false,
            false,
            true,
            false,
            false,
            false,
            false,
            true,
            false,
            false,
            false
        ]
    },
    "steps": {
        "0": 3393
    },
    "timeout": 50
}