{
    "config": {
        "allow_infeasible": true,
        "construction": "random_replicate",
        "ils_k": 6,
        "local_search": "CVND",
        "metaheuristic": "ILS",
        "num_threads": 8,
        "operators": [
            "insert_1",
            "remove_1",
            "two_opt",
            "exchange_ids",
            "exchange_1_2",
            "exchange_2_2",
            "exchange_3_3",
            "exchange_3_4",
            "exchange_4_4",
            "rexchange_2_2",
            "rexchange_2_3",
            "rexchange_4_4",
            "centered_exchange_1",
            "relocate_1",
            "relocate_5",
            "rrelocate_3",
            "rrelocate_4",
            "move_all_by_1",
            "move_all_by_2"
        ],
        "perturbation": [
            "random_double_bridge"
        ],
        "stop_on_feasible": true,
        "timeout": 50
    },
    "histogram": {
        "all": {
            "centered_exchange_1": 12,
            "exchange_1_2": 12,
            "exchange_2_2": 12,
            "exchange_3_3": 12,
            "exchange_3_4": 12,
            "exchange_4_4": 12,
            "exchange_ids": 12,
            "insert_1": 12,
            "move_all_by_1": 9,
            "move_all_by_2": 9,
            "relocate_1": 10,
            "relocate_5": 9,
            "remove_1": 12,
            "rexchange_2_2": 12,
            "rexchange_2_3": 12,
            "rexchange_4_4": 12,
            "rrelocate_3": 9,
            "rrelocate_4": 9,
            "two_opt": 12
        },
        "improving": {
            "centered_exchange_1": 4,
            "exchange_1_2": 6,
            "exchange_2_2": 6,
            "exchange_3_3": 3,
            "exchange_3_4": 3,
            "exchange_4_4": 2,
            "exchange_ids": 6,
            "insert_1": 0,
            "move_all_by_1": 4,
            "move_all_by_2": 5,
            "relocate_1": 10,
            "relocate_5": 3,
            "remove_1": 0,
            "rexchange_2_2": 5,
            "rexchange_2_3": 2,
            "rexchange_4_4": 2,
            "rrelocate_3": 5,
            "rrelocate_4": 4,
            "two_opt": 6
        },
        "rate": {
            "centered_exchange_1": 0.3333333432674408,
            "exchange_1_2": 0.5,
            "exchange_2_2": 0.5,
            "exchange_3_3": 0.25,
            "exchange_3_4": 0.25,
            "exchange_4_4": 0.1666666716337204,
            "exchange_ids": 0.5,
            "insert_1": 0.0,
            "move_all_by_1": 0.4444444477558136,
            "move_all_by_2": 0.5555555820465088,
            "relocate_1": 1.0,
            "relocate_5": 0.3333333432674408,
            "remove_1": 0.0,
            "rexchange_2_2": 0.4166666567325592,
            "rexchange_2_3": 0.1666666716337204,
            "rexchange_4_4": 0.1666666716337204,
            "rrelocate_3": 0.5555555820465088,
            "rrelocate_4": 0.4444444477558136,
            "two_opt": 0.5
        }
    },
    "last_improvement": 13,
    "name": "random-50-4.60-30",
    "solution": {
        "fitness": 3966,
        "is_feasible": true,
        "permutation": [
            38,
            32,
            11,
            27,
            4,
            35,
            28,
            0,
            16,
            43,
            13,
            17,
            36,
            2,
            39,
            25,
            20,
            22,
            1,
            30,
            26,
            5,
            21,
            24,
            46,
            34,
            6,
            7,
            42,
            29,
            18,
            49,
            48,
            15,
            19,
            33,
            31,
            37,
            40,
            10,
            12,
            41,
            9,
            45,
            47,
            23,
            14,
            8,
            44,
            3
        ],
        "permutation_orig_ids": [
            "39",
            "33",
            "12",
            "28",
            "5",
            "36",
            "29",
            "1",
            "17",
            "44",
            "14",
            "18",
            "37",
            "3",
            "40",
            "26",
            "21",
            "23",
            "2",
            "31",
            "27",
            "6",
            "22",
            "25",
            "47",
            "35",
            "7",
            "8",
            "43",
            "30",
            "19",
            "50",
            "49",
            "16",
            "20",
            "34",
            "32",
            "38",
            "41",
            "11",
            "13",
            "42",
            "10",
            "46",
            "48",
            "24",
            "15",
            "9",
            "45",
            "4"
        ],
        "walk_orig_ids": [
            "39",
            "33",
            "12",
            "28",
            "5",
            "36",
            "29",
            "1",
            "17",
            "10",
            "14",
            "44",
            "14",
            "18",
            "7",
            "15",
            "37",
            "3",
            "40",
            "26",
            "16",
            "21",
            "16",
            "23",
            "35",
            "7",
            "2",
            "31",
            "41",
            "27",
            "47",
            "6",
            "1",
            "22",
            "25",
            "17",
            "16",
            "6",
            "47",
            "6",
            "16",
            "35",
            "7",
            "4",
            "8",
            "43",
            "30",
            "50",
            "19",
            "50",
            "42",
            "49",
            "34",
            "39",
            "4",
            "16",
            "36",
            "28",
            "20",
            "45",
            "34",
            "49",
            "42",
            "33",
            "9",
            "32",
            "38",
            "32",
            "9",
            "33",
            "41",
            "33",
            "42",
            "50",
            "13",
            "11",
            "13",
            "50",
            "42",
            "33",
            "9",
            "10",
            "9",
            "48",
            "24",
            "46",
            "24",
            "48",
            "24",
            "15",
            "24",
            "48",
            "9",
            "48",
            "24",
            "15",
            "45",
            "15",
            "24",
            "4"
        ],
        "walk_processing": [
            true,
            true,
            true,
            true,
            true,
            true,
            true,
            true,
            true,
            false,
            false,
            true,
            true,
            true,
            false,
            false,
            true,
            true,
            true,
            true,
            false,
            true,
            false,
            true,
            false,
            false,
            true,
            true,
            false,
            true,
            false,
            true,
            false,
            true,
            true,
            false,
            false,
            false,
            true,
            false,
            false,
            true,
            true,
            false,
            true,
            true,
            true,
            false,
            true,
            true,
            false,
            true,
            false,
            false,
            false,
            true,
            false,
            false,
            true,
            false,
            true,
            false,
            false,
            false,
            false,
            true,
            true,
            false,
            false,
            false,
            true,
            false,
            false,
            false,
            false,
            true,
            true,
            false,
            true,
            false,
            false,
            true,
            false,
            false,
            false,
            true,
            false,
            true,
            true,
            true,
            false,
            false,
            true,
            false,
            false,
            false,
            true,
            false,
            false,
            true
        ]
    },
    "steps": {
        "0": 4003916,
        "1": 3003506,
        "10": 3002242,
        "11": 3002216,
        "12": 2003382,
        "13": 3966,
        "2": 3003281,
        "3": 3003019,
        "4": 3002691,
        "5": 3002576,
        "6": 3002547,
        "7": 3002522,
        "9": 3002329
    },
    "timeout": 50
}