{
    "config": {
        "allow_infeasible": true,
        "construction": "random_replicate",
        "ils_k": 6,
        "local_search": "CVND",
        "metaheuristic": "ILS",
        "num_threads": 8,
        "operators": [
            "insert_1",
            "remove_1",
            "two_opt",
            "exchange_ids",
            "exchange_1_2",
            "exchange_2_2",
            "exchange_3_3",
            "exchange_3_4",
            "exchange_4_4",
            "rexchange_2_2",
            "rexchange_2_3",
            "rexchange_4_4",
            "centered_exchange_1",
            "relocate_1",
            "relocate_5",
            "rrelocate_3",
            "rrelocate_4",
            "move_all_by_1",
            "move_all_by_2"
        ],
        "perturbation": [
            "random_double_bridge"
        ],
        "stop_on_feasible": true,
        "timeout": 50
    },
    "histogram": {
        "all": {
            "centered_exchange_1": 52,
            "exchange_1_2": 53,
            "exchange_2_2": 53,
            "exchange_3_3": 53,
            "exchange_3_4": 53,
            "exchange_4_4": 53,
            "exchange_ids": 54,
            "insert_1": 55,
            "move_all_by_1": 43,
            "move_all_by_2": 43,
            "relocate_1": 46,
            "relocate_5": 46,
            "remove_1": 55,
            "rexchange_2_2": 52,
            "rexchange_2_3": 52,
            "rexchange_4_4": 52,
            "rrelocate_3": 44,
            "rrelocate_4": 44,
            "two_opt": 55
        },
        "improving": {
            "centered_exchange_1": 12,
            "exchange_1_2": 21,
            "exchange_2_2": 14,
            "exchange_3_3": 9,
            "exchange_3_4": 10,
            "exchange_4_4": 4,
            "exchange_ids": 23,
            "insert_1": 0,
            "move_all_by_1": 23,
            "move_all_by_2": 17,
            "relocate_1": 41,
            "relocate_5": 13,
            "remove_1": 0,
            "rexchange_2_2": 13,
            "rexchange_2_3": 11,
            "rexchange_4_4": 5,
            "rrelocate_3": 24,
            "rrelocate_4": 9,
            "two_opt": 22
        },
        "rate": {
            "centered_exchange_1": 0.23076923191547394,
            "exchange_1_2": 0.3962264060974121,
            "exchange_2_2": 0.2641509473323822,
            "exchange_3_3": 0.16981132328510284,
            "exchange_3_4": 0.18867924809455872,
            "exchange_4_4": 0.07547169923782349,
            "exchange_ids": 0.42592594027519226,
            "insert_1": 0.0,
            "move_all_by_1": 0.5348837375640869,
            "move_all_by_2": 0.39534884691238403,
            "relocate_1": 0.8913043737411499,
            "relocate_5": 0.28260868787765503,
            "remove_1": 0.0,
            "rexchange_2_2": 0.25,
            "rexchange_2_3": 0.21153846383094788,
            "rexchange_4_4": 0.09615384787321091,
            "rrelocate_3": 0.5454545617103577,
            "rrelocate_4": 0.20454545319080353,
            "two_opt": 0.4000000059604645
        }
    },
    "last_improvement": 30,
    "name": "random-50-5.20-10",
    "solution": {
        "fitness": 1001645,
        "is_feasible": false,
        "permutation": [
            41,
            44,
            19,
            10,
            12,
            0,
            39,
            21,
            42,
            27,
            15,
            13,
            37,
            14,
            23,
            4,
            22,
            30,
            18,
            32,
            46,
            47,
            17,
            7,
            5,
            35,
            26,
            24,
            6,
            33,
            48,
            29,
            38,
            43,
            3,
            45,
            9,
            2,
            11,
            40,
            16,
            1,
            28,
            20,
            8,
            34,
            49,
            31,
            36,
            25
        ],
        "permutation_orig_ids": [
            "42",
            "45",
            "20",
            "11",
            "13",
            "1",
            "40",
            "22",
            "43",
            "28",
            "16",
            "14",
            "38",
            "15",
            "24",
            "5",
            "23",
            "31",
            "19",
            "33",
            "47",
            "48",
            "18",
            "8",
            "6",
            "36",
            "27",
            "25",
            "7",
            "34",
            "49",
            "30",
            "39",
            "44",
            "4",
            "46",
            "10",
            "3",
            "12",
            "41",
            "17",
            "2",
            "29",
            "21",
            "9",
            "35",
            "50",
            "32",
            "37",
            "26"
        ],
        "walk_orig_ids": [
            "42",
            "45",
            "4",
            "20",
            "4",
            "11",
            "13",
            "1",
            "40",
            "30",
            "22",
            "43",
            "28",
            "16",
            "14",
            "38",
            "15",
            "24",
            "5",
            "23",
            "31",
            "48",
            "47",
            "19",
            "47",
            "33",
            "47",
            "48",
            "18",
            "8",
            "6",
            "36",
            "25",
            "27",
            "25",
            "7",
            "34",
            "49",
            "30",
            "44",
            "39",
            "44",
            "4",
            "46",
            "10",
            "3",
            "12",
            "41",
            "12",
            "17",
            "2",
            "29",
            "21",
            "9",
            "35",
            "50",
            "32",
            "37",
            "26"
        ],
        "walk_processing": [
            true,
            true,
            false,
            true,
            false,
            true,
            true,
            true,
            true,
            false,
            true,
            true,
            true,
            true,
            true,
            true,
            true,
            true,
            true,
            true,
            true,
            false,
            false,
            true,
            false,
            true,
            true,
            true,
            true,
            true,
            true,
            true,
            false,
            true,
            true,
            true,
            true,
            true,
            true,
            false,
            true,
            true,
            true,
            true,
            true,
            true,
            true,
            true,
            false,
            true,
            true,
            true,
            true,
            true,
            true,
            true,
            true,
            true,
            true
        ]
    },
    "steps": {
        "0": 2004523,
        "1": 2003242,
        "12": 2001819,
        "13": 2001785,
        "14": 2001736,
        "15": 2001719,
        "16": 2001712,
        "19": 2001693,
        "2": 2002849,
        "20": 2001680,
        "22": 2001664,
        "23": 2001656,
        "24": 2001616,
        "25": 2001586,
        "27": 1001991,
        "28": 1001808,
        "29": 1001646,
        "3": 2002698,
        "30": 1001645,
        "4": 2002423,
        "5": 2002125,
        "6": 2001865,
        "7": 2001820
    },
    "timeout": 50
}