{
    "config": {
        "allow_infeasible": true,
        "construction": "random_replicate",
        "ils_k": 6,
        "local_search": "CVND",
        "metaheuristic": "ILS",
        "num_threads": 8,
        "operators": [
            "insert_1",
            "remove_1",
            "two_opt",
            "exchange_ids",
            "exchange_1_2",
            "exchange_2_2",
            "exchange_3_3",
            "exchange_3_4",
            "exchange_4_4",
            "rexchange_2_2",
            "rexchange_2_3",
            "rexchange_4_4",
            "centered_exchange_1",
            "relocate_1",
            "relocate_5",
            "rrelocate_3",
            "rrelocate_4",
            "move_all_by_1",
            "move_all_by_2"
        ],
        "perturbation": [
            "random_double_bridge"
        ],
        "stop_on_feasible": true,
        "timeout": 40
    },
    "histogram": {
        "all": {
            "centered_exchange_1": 94,
            "exchange_1_2": 98,
            "exchange_2_2": 98,
            "exchange_3_3": 98,
            "exchange_3_4": 98,
            "exchange_4_4": 98,
            "exchange_ids": 98,
            "insert_1": 105,
            "move_all_by_1": 68,
            "move_all_by_2": 67,
            "relocate_1": 76,
            "relocate_5": 76,
            "remove_1": 105,
            "rexchange_2_2": 98,
            "rexchange_2_3": 97,
            "rexchange_4_4": 97,
            "rrelocate_3": 73,
            "rrelocate_4": 73,
            "two_opt": 101
        },
        "improving": {
            "centered_exchange_1": 25,
            "exchange_1_2": 39,
            "exchange_2_2": 25,
            "exchange_3_3": 15,
            "exchange_3_4": 12,
            "exchange_4_4": 6,
            "exchange_ids": 42,
            "insert_1": 0,
            "move_all_by_1": 23,
            "move_all_by_2": 18,
            "relocate_1": 56,
            "relocate_5": 17,
            "remove_1": 0,
            "rexchange_2_2": 24,
            "rexchange_2_3": 17,
            "rexchange_4_4": 3,
            "rrelocate_3": 21,
            "rrelocate_4": 14,
            "two_opt": 52
        },
        "rate": {
            "centered_exchange_1": 0.26595744490623474,
            "exchange_1_2": 0.3979591727256775,
            "exchange_2_2": 0.2551020383834839,
            "exchange_3_3": 0.15306122601032257,
            "exchange_3_4": 0.12244898080825806,
            "exchange_4_4": 0.06122449040412903,
            "exchange_ids": 0.4285714328289032,
            "insert_1": 0.0,
            "move_all_by_1": 0.3382352888584137,
            "move_all_by_2": 0.26865673065185547,
            "relocate_1": 0.7368420958518982,
            "relocate_5": 0.22368420660495758,
            "remove_1": 0.0,
            "rexchange_2_2": 0.2448979616165161,
            "rexchange_2_3": 0.17525772750377655,
            "rexchange_4_4": 0.030927835032343864,
            "rrelocate_3": 0.2876712381839752,
            "rrelocate_4": 0.19178082048892975,
            "two_opt": 0.5148515105247498
        }
    },
    "last_improvement": 17,
    "name": "random-40-4.80-2",
    "solution": {
        "fitness": 1001451,
        "is_feasible": false,
        "permutation": [
            35,
            0,
            15,
            21,
            22,
            23,
            24,
            19,
            1,
            6,
            11,
            17,
            34,
            12,
            5,
            7,
            16,
            36,
            28,
            38,
            13,
            25,
            31,
            29,
            30,
            2,
            33,
            4,
            26,
            32,
            3,
            10,
            27,
            20,
            8,
            37,
            39,
            9,
            14,
            18
        ],
        "permutation_orig_ids": [
            "36",
            "1",
            "16",
            "22",
            "23",
            "24",
            "25",
            "20",
            "2",
            "7",
            "12",
            "18",
            "35",
            "13",
            "6",
            "8",
            "17",
            "37",
            "29",
            "39",
            "14",
            "26",
            "32",
            "30",
            "31",
            "3",
            "34",
            "5",
            "27",
            "33",
            "4",
            "11",
            "28",
            "21",
            "9",
            "38",
            "40",
            "10",
            "15",
            "19"
        ],
        "walk_orig_ids": [
            "36",
            "1",
            "16",
            "22",
            "23",
            "32",
            "24",
            "32",
            "25",
            "32",
            "20",
            "2",
            "7",
            "28",
            "12",
            "34",
            "18",
            "35",
            "13",
            "11",
            "6",
            "8",
            "17",
            "37",
            "29",
            "39",
            "14",
            "26",
            "32",
            "30",
            "32",
            "31",
            "3",
            "34",
            "27",
            "5",
            "27",
            "33",
            "4",
            "33",
            "27",
            "11",
            "28",
            "21",
            "9",
            "38",
            "40",
            "10",
            "15",
            "19"
        ],
        "walk_processing": [
            true,
            true,
            true,
            true,
            true,
            false,
            true,
            false,
            true,
            false,
            true,
            true,
            true,
            false,
            true,
            false,
            true,
            true,
            true,
            false,
            true,
            true,
            true,
            true,
            true,
            true,
            true,
            true,
            true,
            true,
            false,
            true,
            true,
            true,
            false,
            true,
            true,
            true,
            true,
            false,
            false,
            true,
            true,
            true,
            true,
            true,
            true,
            true,
            true,
            true
        ]
    },
    "steps": {
        "0": 2001993,
        "1": 1002427,
        "10": 1001564,
        "11": 1001488,
        "12": 1001474,
        "15": 1001465,
        "17": 1001451,
        "2": 1002084,
        "3": 1001990,
        "4": 1001890,
        "5": 1001755,
        "6": 1001690,
        "7": 1001688,
        "8": 1001651,
        "9": 1001619
    },
    "timeout": 40
}