{
    "config": {
        "allow_infeasible": true,
        "construction": "random_replicate",
        "ils_k": 6,
        "local_search": "CVND",
        "metaheuristic": "ILS",
        "num_threads": 8,
        "operators": [
            "insert_1",
            "remove_1",
            "two_opt",
            "exchange_ids",
            "exchange_1_2",
            "exchange_2_2",
            "exchange_3_3",
            "exchange_3_4",
            "exchange_4_4",
            "rexchange_2_2",
            "rexchange_2_3",
            "rexchange_4_4",
            "centered_exchange_1",
            "relocate_1",
            "relocate_5",
            "rrelocate_3",
            "rrelocate_4",
            "move_all_by_1",
            "move_all_by_2"
        ],
        "perturbation": [
            "random_double_bridge"
        ],
        "stop_on_feasible": true,
        "timeout": 40
    },
    "histogram": {
        "all": {
            "centered_exchange_1": 68,
            "exchange_1_2": 68,
            "exchange_2_2": 68,
            "exchange_3_3": 68,
            "exchange_3_4": 68,
            "exchange_4_4": 68,
            "exchange_ids": 68,
            "insert_1": 76,
            "move_all_by_1": 54,
            "move_all_by_2": 51,
            "relocate_1": 55,
            "relocate_5": 54,
            "remove_1": 76,
            "rexchange_2_2": 68,
            "rexchange_2_3": 68,
            "rexchange_4_4": 68,
            "rrelocate_3": 54,
            "rrelocate_4": 54,
            "two_opt": 70
        },
        "improving": {
            "centered_exchange_1": 13,
            "exchange_1_2": 29,
            "exchange_2_2": 17,
            "exchange_3_3": 11,
            "exchange_3_4": 11,
            "exchange_4_4": 4,
            "exchange_ids": 30,
            "insert_1": 0,
            "move_all_by_1": 20,
            "move_all_by_2": 23,
            "relocate_1": 44,
            "relocate_5": 15,
            "remove_1": 0,
            "rexchange_2_2": 21,
            "rexchange_2_3": 15,
            "rexchange_4_4": 7,
            "rrelocate_3": 20,
            "rrelocate_4": 9,
            "two_opt": 39
        },
        "rate": {
            "centered_exchange_1": 0.19117647409439087,
            "exchange_1_2": 0.4264705777168274,
            "exchange_2_2": 0.25,
            "exchange_3_3": 0.1617647111415863,
            "exchange_3_4": 0.1617647111415863,
            "exchange_4_4": 0.05882352963089943,
            "exchange_ids": 0.44117647409439087,
            "insert_1": 0.0,
            "move_all_by_1": 0.37037035822868347,
            "move_all_by_2": 0.45098039507865906,
            "relocate_1": 0.800000011920929,
            "relocate_5": 0.2777777910232544,
            "remove_1": 0.0,
            "rexchange_2_2": 0.30882352590560913,
            "rexchange_2_3": 0.22058823704719543,
            "rexchange_4_4": 0.10294117778539658,
            "rrelocate_3": 0.37037035822868347,
            "rrelocate_4": 0.1666666716337204,
            "two_opt": 0.5571428537368774
        }
    },
    "last_improvement": 28,
    "name": "random-40-4.80-45",
    "solution": {
        "fitness": 2876,
        "is_feasible": true,
        "permutation": [
            12,
            19,
            15,
            10,
            35,
            18,
            25,
            1,
            21,
            9,
            3,
            13,
            34,
            36,
            5,
            38,
            26,
            0,
            2,
            29,
            4,
            39,
            14,
            37,
            27,
            30,
            8,
            31,
            28,
            20,
            11,
            17,
            22,
            7,
            6,
            23,
            33,
            32,
            16,
            24
        ],
        "permutation_orig_ids": [
            "13",
            "20",
            "16",
            "11",
            "36",
            "19",
            "26",
            "2",
            "22",
            "10",
            "4",
            "14",
            "35",
            "37",
            "6",
            "39",
            "27",
            "1",
            "3",
            "30",
            "5",
            "40",
            "15",
            "38",
            "28",
            "31",
            "9",
            "32",
            "29",
            "21",
            "12",
            "18",
            "23",
            "8",
            "7",
            "24",
            "34",
            "33",
            "17",
            "25"
        ],
        "walk_orig_ids": [
            "13",
            "1",
            "20",
            "17",
            "16",
            "11",
            "36",
            "19",
            "26",
            "2",
            "22",
            "10",
            "4",
            "8",
            "14",
            "35",
            "37",
            "6",
            "9",
            "32",
            "33",
            "39",
            "27",
            "1",
            "27",
            "3",
            "30",
            "16",
            "5",
            "40",
            "5",
            "15",
            "38",
            "28",
            "36",
            "31",
            "36",
            "28",
            "32",
            "9",
            "32",
            "28",
            "38",
            "29",
            "23",
            "21",
            "12",
            "18",
            "23",
            "18",
            "8",
            "39",
            "33",
            "7",
            "33",
            "13",
            "34",
            "24",
            "34",
            "13",
            "33",
            "17",
            "33",
            "13",
            "34",
            "24",
            "25",
            "24",
            "34"
        ],
        "walk_processing": [
            true,
            false,
            true,
            false,
            true,
            true,
            true,
            true,
            true,
            true,
            true,
            true,
            true,
            false,
            true,
            true,
            true,
            true,
            false,
            false,
            false,
            true,
            true,
            true,
            false,
            true,
            true,
            false,
            true,
            true,
            false,
            true,
            true,
            true,
            false,
            true,
            false,
            false,
            false,
            true,
            true,
            false,
            false,
            true,
            false,
            true,
            true,
            true,
            true,
            false,
            true,
            false,
            false,
            true,
            false,
            false,
            false,
            true,
            true,
            false,
            true,
            true,
            false,
            false,
            false,
            false,
            true,
            false,
            false
        ]
    },
    "steps": {
        "0": 2002262,
        "1": 2001858,
        "16": 1001916,
        "2": 2001781,
        "21": 1001767,
        "22": 1001603,
        "23": 1001550,
        "25": 1001507,
        "26": 1001467,
        "27": 1001431,
        "28": 2876,
        "3": 1002530,
        "4": 1002058,
        "5": 1001990,
        "6": 1001986
    },
    "timeout": 40
}