{
    "config": {
        "allow_infeasible": true,
        "construction": "random_replicate",
        "ils_k": 6,
        "local_search": "CVND",
        "metaheuristic": "ILS",
        "num_threads": 8,
        "operators": [
            "insert_1",
            "remove_1",
            "two_opt",
            "exchange_ids",
            "exchange_1_2",
            "exchange_2_2",
            "exchange_3_3",
            "exchange_3_4",
            "exchange_4_4",
            "rexchange_2_2",
            "rexchange_2_3",
            "rexchange_4_4",
            "centered_exchange_1",
            "relocate_1",
            "relocate_5",
            "rrelocate_3",
            "rrelocate_4",
            "move_all_by_1",
            "move_all_by_2"
        ],
        "perturbation": [
            "random_double_bridge"
        ],
        "stop_on_feasible": true,
        "timeout": 40
    },
    "histogram": {
        "all": {
            "centered_exchange_1": 110,
            "exchange_1_2": 111,
            "exchange_2_2": 111,
            "exchange_3_3": 111,
            "exchange_3_4": 110,
            "exchange_4_4": 110,
            "exchange_ids": 112,
            "insert_1": 120,
            "move_all_by_1": 80,
            "move_all_by_2": 78,
            "relocate_1": 90,
            "relocate_5": 89,
            "remove_1": 120,
            "rexchange_2_2": 110,
            "rexchange_2_3": 110,
            "rexchange_4_4": 110,
            "rrelocate_3": 88,
            "rrelocate_4": 88,
            "two_opt": 115
        },
        "improving": {
            "centered_exchange_1": 18,
            "exchange_1_2": 42,
            "exchange_2_2": 22,
            "exchange_3_3": 12,
            "exchange_3_4": 15,
            "exchange_4_4": 9,
            "exchange_ids": 48,
            "insert_1": 0,
            "move_all_by_1": 35,
            "move_all_by_2": 21,
            "relocate_1": 62,
            "relocate_5": 17,
            "remove_1": 0,
            "rexchange_2_2": 25,
            "rexchange_2_3": 13,
            "rexchange_4_4": 3,
            "rrelocate_3": 26,
            "rrelocate_4": 8,
            "two_opt": 53
        },
        "rate": {
            "centered_exchange_1": 0.16363635659217834,
            "exchange_1_2": 0.37837839126586914,
            "exchange_2_2": 0.19819819927215576,
            "exchange_3_3": 0.10810811072587967,
            "exchange_3_4": 0.13636364042758942,
            "exchange_4_4": 0.08181817829608917,
            "exchange_ids": 0.4285714328289032,
            "insert_1": 0.0,
            "move_all_by_1": 0.4375,
            "move_all_by_2": 0.26923078298568726,
            "relocate_1": 0.6888889074325562,
            "relocate_5": 0.1910112351179123,
            "remove_1": 0.0,
            "rexchange_2_2": 0.22727273404598236,
            "rexchange_2_3": 0.11818181723356247,
            "rexchange_4_4": 0.027272727340459824,
            "rrelocate_3": 0.2954545319080353,
            "rrelocate_4": 0.09090909361839294,
            "two_opt": 0.46086955070495605
        }
    },
    "last_improvement": 13,
    "name": "random-40-4.80-35",
    "solution": {
        "fitness": 1001338,
        "is_feasible": false,
        "permutation": [
            15,
            13,
            30,
            6,
            2,
            0,
            21,
            38,
            23,
            19,
            1,
            4,
            35,
            12,
            3,
            10,
            11,
            9,
            25,
            14,
            8,
            36,
            26,
            17,
            22,
            20,
            34,
            27,
            18,
            31,
            32,
            29,
            7,
            24,
            28,
            16,
            5,
            37,
            39,
            33
        ],
        "permutation_orig_ids": [
            "16",
            "14",
            "31",
            "7",
            "3",
            "1",
            "22",
            "39",
            "24",
            "20",
            "2",
            "5",
            "36",
            "13",
            "4",
            "11",
            "12",
            "10",
            "26",
            "15",
            "9",
            "37",
            "27",
            "18",
            "23",
            "21",
            "35",
            "28",
            "19",
            "32",
            "33",
            "30",
            "8",
            "25",
            "29",
            "17",
            "6",
            "38",
            "40",
            "34"
        ],
        "walk_orig_ids": [
            "16",
            "14",
            "31",
            "7",
            "3",
            "1",
            "22",
            "5",
            "39",
            "24",
            "20",
            "2",
            "5",
            "36",
            "11",
            "4",
            "13",
            "4",
            "11",
            "12",
            "10",
            "2",
            "26",
            "15",
            "9",
            "37",
            "9",
            "27",
            "18",
            "21",
            "23",
            "21",
            "35",
            "28",
            "19",
            "30",
            "32",
            "33",
            "32",
            "30",
            "8",
            "25",
            "29",
            "17",
            "6",
            "38",
            "40",
            "34"
        ],
        "walk_processing": [
            true,
            true,
            true,
            true,
            true,
            true,
            true,
            false,
            true,
            true,
            true,
            true,
            true,
            true,
            false,
            false,
            true,
            true,
            true,
            true,
            true,
            false,
            true,
            true,
            true,
            true,
            false,
            true,
            true,
            false,
            true,
            true,
            true,
            true,
            true,
            false,
            true,
            true,
            false,
            true,
            true,
            true,
            true,
            true,
            true,
            true,
            true,
            true
        ]
    },
    "steps": {
        "0": 2001862,
        "1": 2001496,
        "13": 1001338,
        "2": 2001447,
        "3": 2001417,
        "4": 1001472,
        "5": 1001412,
        "6": 1001388
    },
    "timeout": 40
}