{
    "config": {
        "allow_infeasible": true,
        "construction": "random_replicate",
        "ils_k": 6,
        "local_search": "CVND",
        "metaheuristic": "ILS",
        "num_threads": 8,
        "operators": [
            "insert_1",
            "remove_1",
            "two_opt",
            "exchange_ids",
            "exchange_1_2",
            "exchange_2_2",
            "exchange_3_3",
            "exchange_3_4",
            "exchange_4_4",
            "rexchange_2_2",
            "rexchange_2_3",
            "rexchange_4_4",
            "centered_exchange_1",
            "relocate_1",
            "relocate_5",
            "rrelocate_3",
            "rrelocate_4",
            "move_all_by_1",
            "move_all_by_2"
        ],
        "perturbation": [
            "random_double_bridge"
        ],
        "stop_on_feasible": true,
        "timeout": 80
    },
    "histogram": {
        "all": {
            "centered_exchange_1": 15,
            "exchange_1_2": 16,
            "exchange_2_2": 15,
            "exchange_3_3": 15,
            "exchange_3_4": 15,
            "exchange_4_4": 15,
            "exchange_ids": 16,
            "insert_1": 16,
            "move_all_by_1": 14,
            "move_all_by_2": 14,
            "relocate_1": 14,
            "relocate_5": 14,
            "remove_1": 16,
            "rexchange_2_2": 15,
            "rexchange_2_3": 15,
            "rexchange_4_4": 15,
            "rrelocate_3": 14,
            "rrelocate_4": 14,
            "two_opt": 16
        },
        "improving": {
            "centered_exchange_1": 8,
            "exchange_1_2": 12,
            "exchange_2_2": 8,
            "exchange_3_3": 5,
            "exchange_3_4": 5,
            "exchange_4_4": 3,
            "exchange_ids": 13,
            "insert_1": 0,
            "move_all_by_1": 9,
            "move_all_by_2": 9,
            "relocate_1": 14,
            "relocate_5": 8,
            "remove_1": 0,
            "rexchange_2_2": 9,
            "rexchange_2_3": 6,
            "rexchange_4_4": 4,
            "rrelocate_3": 9,
            "rrelocate_4": 7,
            "two_opt": 9
        },
        "rate": {
            "centered_exchange_1": 0.5333333611488342,
            "exchange_1_2": 0.75,
            "exchange_2_2": 0.5333333611488342,
            "exchange_3_3": 0.3333333432674408,
            "exchange_3_4": 0.3333333432674408,
            "exchange_4_4": 0.20000000298023224,
            "exchange_ids": 0.8125,
            "insert_1": 0.0,
            "move_all_by_1": 0.6428571343421936,
            "move_all_by_2": 0.6428571343421936,
            "relocate_1": 1.0,
            "relocate_5": 0.5714285969734192,
            "remove_1": 0.0,
            "rexchange_2_2": 0.6000000238418579,
            "rexchange_2_3": 0.4000000059604645,
            "rexchange_4_4": 0.2666666805744171,
            "rrelocate_3": 0.6428571343421936,
            "rrelocate_4": 0.5,
            "two_opt": 0.5625
        }
    },
    "last_improvement": 81,
    "name": "random-80-7.84-30",
    "solution": {
        "fitness": 1003093,
        "is_feasible": false,
        "permutation": [
            64,
            79,
            41,
            33,
            31,
            48,
            57,
            27,
            1,
            40,
            72,
            15,
            65,
            22,
            76,
            74,
            18,
            44,
            29,
            59,
            25,
            23,
            50,
            2,
            66,
            63,
            11,
            35,
            78,
            70,
            9,
            24,
            56,
            32,
            49,
            55,
            4,
            13,
            62,
            45,
            54,
            36,
            51,
            42,
            5,
            52,
            8,
            67,
            69,
            37,
            14,
            60,
            71,
            34,
            6,
            61,
            38,
            10,
            28,
            47,
            17,
            77,
            7,
            53,
            26,
            16,
            12,
            73,
            21,
            68,
            3,
            19,
            39,
            75,
            0,
            58,
            46,
            20,
            30,
            43
        ],
        "permutation_orig_ids": [
            "65",
            "80",
            "42",
            "34",
            "32",
            "49",
            "58",
            "28",
            "2",
            "41",
            "73",
            "16",
            "66",
            "23",
            "77",
            "75",
            "19",
            "45",
            "30",
            "60",
            "26",
            "24",
            "51",
            "3",
            "67",
            "64",
            "12",
            "36",
            "79",
            "71",
            "10",
            "25",
            "57",
            "33",
            "50",
            "56",
            "5",
            "14",
            "63",
            "46",
            "55",
            "37",
            "52",
            "43",
            "6",
            "53",
            "9",
            "68",
            "70",
            "38",
            "15",
            "61",
            "72",
            "35",
            "7",
            "62",
            "39",
            "11",
            "29",
            "48",
            "18",
            "78",
            "8",
            "54",
            "27",
            "17",
            "13",
            "74",
            "22",
            "69",
            "4",
            "20",
            "40",
            "76",
            "1",
            "59",
            "47",
            "21",
            "31",
            "44"
        ],
        "walk_orig_ids": [
            "65",
            "80",
            "42",
            "34",
            "32",
            "49",
            "28",
            "58",
            "28",
            "2",
            "41",
            "4",
            "73",
            "16",
            "66",
            "23",
            "77",
            "75",
            "19",
            "45",
            "30",
            "60",
            "26",
            "24",
            "51",
            "67",
            "3",
            "67",
            "64",
            "12",
            "36",
            "15",
            "79",
            "71",
            "10",
            "25",
            "57",
            "25",
            "33",
            "50",
            "56",
            "14",
            "5",
            "14",
            "63",
            "46",
            "55",
            "37",
            "52",
            "43",
            "52",
            "26",
            "6",
            "53",
            "21",
            "9",
            "68",
            "70",
            "15",
            "38",
            "15",
            "22",
            "61",
            "72",
            "66",
            "35",
            "7",
            "62",
            "14",
            "39",
            "11",
            "12",
            "29",
            "23",
            "48",
            "18",
            "48",
            "23",
            "29",
            "6",
            "78",
            "8",
            "54",
            "17",
            "27",
            "17",
            "32",
            "13",
            "74",
            "22",
            "69",
            "22",
            "28",
            "4",
            "20",
            "40",
            "20",
            "4",
            "28",
            "76",
            "53",
            "1",
            "47",
            "59",
            "47",
            "1",
            "21",
            "31",
            "44"
        ],
        "walk_processing": [
            true,
            true,
            true,
            true,
            true,
            true,
            false,
            true,
            true,
            true,
            true,
            false,
            true,
            true,
            true,
            true,
            true,
            true,
            true,
            true,
            true,
            true,
            true,
            true,
            true,
            false,
            true,
            true,
            true,
            true,
            true,
            false,
            true,
            true,
            true,
            true,
            true,
            false,
            true,
            true,
            true,
            false,
            true,
            true,
            true,
            true,
            true,
            true,
            true,
            true,
            false,
            false,
            true,
            true,
            false,
            true,
            true,
            true,
            false,
            true,
            true,
            false,
            true,
            true,
            false,
            true,
            true,
            true,
            false,
            true,
            true,
            false,
            true,
            false,
            true,
            true,
            false,
            false,
            false,
            false,
            true,
            true,
            true,
            false,
            true,
            true,
            false,
            true,
            true,
            true,
            true,
            false,
            false,
            true,
            true,
            true,
            false,
            false,
            false,
            true,
            false,
            true,
            false,
            true,
            true,
            false,
            true,
            true,
            true
        ]
    },
    "steps": {
        "0": 9008337,
        "1": 5009193,
        "10": 3005737,
        "11": 3005486,
        "12": 3005245,
        "13": 3005119,
        "14": 3004776,
        "15": 3004484,
        "16": 3004102,
        "17": 3003939,
        "18": 3003889,
        "19": 3003855,
        "2": 5008477,
        "20": 3003758,
        "21": 3003646,
        "22": 3003561,
        "23": 3003496,
        "24": 3003471,
        "25": 3003457,
        "26": 3003453,
        "27": 3003399,
        "28": 3003346,
        "29": 2004163,
        "3": 5007472,
        "30": 2004141,
        "31": 2004037,
        "32": 2003749,
        "33": 2003718,
        "34": 2003706,
        "37": 2003646,
        "38": 2003639,
        "39": 2003632,
        "4": 5007128,
        "41": 2003614,
        "42": 2003572,
        "43": 2003545,
        "44": 2003509,
        "47": 2003487,
        "48": 2003480,
        "5": 4008166,
        "52": 2003458,
        "57": 1004423,
        "58": 1004146,
        "59": 1003996,
        "6": 4007361,
        "60": 1003912,
        "61": 1003700,
        "62": 1003586,
        "63": 1003549,
        "65": 1003462,
        "67": 1003433,
        "68": 1003432,
        "69": 1003425,
        "7": 3007117,
        "70": 1003387,
        "71": 1003359,
        "72": 1003283,
        "73": 1003218,
        "74": 1003192,
        "75": 1003132,
        "76": 1003129,
        "78": 1003123,
        "79": 1003100,
        "8": 3006881,
        "80": 1003095,
        "81": 1003093,
        "9": 3006344
    },
    "timeout": 80
}