{
    "config": {
        "allow_infeasible": true,
        "construction": "random_replicate",
        "ils_k": 6,
        "local_search": "CVND",
        "metaheuristic": "ILS",
        "num_threads": 8,
        "operators": [
            "insert_1",
            "remove_1",
            "two_opt",
            "exchange_ids",
            "exchange_1_2",
            "exchange_2_2",
            "exchange_3_3",
            "exchange_3_4",
            "exchange_4_4",
            "rexchange_2_2",
            "rexchange_2_3",
            "rexchange_4_4",
            "centered_exchange_1",
            "relocate_1",
            "relocate_5",
            "rrelocate_3",
            "rrelocate_4",
            "move_all_by_1",
            "move_all_by_2"
        ],
        "perturbation": [
            "random_double_bridge"
        ],
        "stop_on_feasible": true,
        "timeout": 80
    },
    "histogram": {
        "all": {
            "centered_exchange_1": 14,
            "exchange_1_2": 14,
            "exchange_2_2": 14,
            "exchange_3_3": 14,
            "exchange_3_4": 14,
            "exchange_4_4": 14,
            "exchange_ids": 14,
            "insert_1": 14,
            "move_all_by_1": 12,
            "move_all_by_2": 12,
            "relocate_1": 13,
            "relocate_5": 13,
            "remove_1": 14,
            "rexchange_2_2": 14,
            "rexchange_2_3": 14,
            "rexchange_4_4": 14,
            "rrelocate_3": 13,
            "rrelocate_4": 12,
            "two_opt": 14
        },
        "improving": {
            "centered_exchange_1": 8,
            "exchange_1_2": 10,
            "exchange_2_2": 8,
            "exchange_3_3": 7,
            "exchange_3_4": 7,
            "exchange_4_4": 3,
            "exchange_ids": 13,
            "insert_1": 0,
            "move_all_by_1": 10,
            "move_all_by_2": 9,
            "relocate_1": 13,
            "relocate_5": 12,
            "remove_1": 0,
            "rexchange_2_2": 9,
            "rexchange_2_3": 8,
            "rexchange_4_4": 4,
            "rrelocate_3": 12,
            "rrelocate_4": 9,
            "two_opt": 9
        },
        "rate": {
            "centered_exchange_1": 0.5714285969734192,
            "exchange_1_2": 0.7142857313156128,
            "exchange_2_2": 0.5714285969734192,
            "exchange_3_3": 0.5,
            "exchange_3_4": 0.5,
            "exchange_4_4": 0.2142857164144516,
            "exchange_ids": 0.9285714030265808,
            "insert_1": 0.0,
            "move_all_by_1": 0.8333333134651184,
            "move_all_by_2": 0.75,
            "relocate_1": 1.0,
            "relocate_5": 0.9230769276618958,
            "remove_1": 0.0,
            "rexchange_2_2": 0.6428571343421936,
            "rexchange_2_3": 0.5714285969734192,
            "rexchange_4_4": 0.2857142984867096,
            "rrelocate_3": 0.9230769276618958,
            "rrelocate_4": 0.75,
            "two_opt": 0.6428571343421936
        }
    },
    "last_improvement": 70,
    "name": "random-80-6.40-39",
    "solution": {
        "fitness": 2003140,
        "is_feasible": false,
        "permutation": [
            53,
            51,
            12,
            78,
            52,
            46,
            43,
            60,
            35,
            77,
            40,
            11,
            30,
            22,
            38,
            13,
            57,
            0,
            8,
            75,
            17,
            26,
            74,
            72,
            56,
            23,
            34,
            67,
            5,
            14,
            55,
            61,
            70,
            47,
            33,
            18,
            58,
            29,
            49,
            6,
            27,
            62,
            28,
            66,
            44,
            50,
            15,
            71,
            9,
            36,
            59,
            39,
            37,
            79,
            63,
            48,
            25,
            69,
            64,
            1,
            19,
            65,
            54,
            73,
            2,
            41,
            21,
            4,
            20,
            45,
            24,
            76,
            7,
            3,
            32,
            42,
            16,
            31,
            68,
            10
        ],
        "permutation_orig_ids": [
            "54",
            "52",
            "13",
            "79",
            "53",
            "47",
            "44",
            "61",
            "36",
            "78",
            "41",
            "12",
            "31",
            "23",
            "39",
            "14",
            "58",
            "1",
            "9",
            "76",
            "18",
            "27",
            "75",
            "73",
            "57",
            "24",
            "35",
            "68",
            "6",
            "15",
            "56",
            "62",
            "71",
            "48",
            "34",
            "19",
            "59",
            "30",
            "50",
            "7",
            "28",
            "63",
            "29",
            "67",
            "45",
            "51",
            "16",
            "72",
            "10",
            "37",
            "60",
            "40",
            "38",
            "80",
            "64",
            "49",
            "26",
            "70",
            "65",
            "2",
            "20",
            "66",
            "55",
            "74",
            "3",
            "42",
            "22",
            "5",
            "21",
            "46",
            "25",
            "77",
            "8",
            "4",
            "33",
            "43",
            "17",
            "32",
            "69",
            "11"
        ],
        "walk_orig_ids": [
            "54",
            "52",
            "13",
            "79",
            "53",
            "47",
            "44",
            "61",
            "36",
            "78",
            "41",
            "78",
            "12",
            "17",
            "31",
            "56",
            "23",
            "60",
            "39",
            "14",
            "58",
            "1",
            "70",
            "9",
            "63",
            "76",
            "63",
            "18",
            "35",
            "27",
            "24",
            "75",
            "73",
            "57",
            "35",
            "24",
            "35",
            "68",
            "33",
            "6",
            "56",
            "15",
            "56",
            "62",
            "71",
            "48",
            "34",
            "5",
            "19",
            "59",
            "58",
            "30",
            "7",
            "50",
            "7",
            "66",
            "28",
            "66",
            "63",
            "29",
            "67",
            "32",
            "16",
            "45",
            "16",
            "51",
            "16",
            "72",
            "10",
            "37",
            "60",
            "40",
            "49",
            "38",
            "49",
            "80",
            "64",
            "80",
            "49",
            "32",
            "26",
            "70",
            "65",
            "2",
            "20",
            "2",
            "66",
            "55",
            "21",
            "51",
            "74",
            "3",
            "74",
            "58",
            "42",
            "22",
            "5",
            "21",
            "55",
            "46",
            "55",
            "11",
            "25",
            "77",
            "8",
            "4",
            "17",
            "43",
            "33",
            "43",
            "17",
            "4",
            "32",
            "69",
            "11"
        ],
        "walk_processing": [
            true,
            true,
            true,
            true,
            true,
            true,
            true,
            true,
            true,
            true,
            true,
            false,
            true,
            false,
            true,
            false,
            true,
            false,
            true,
            true,
            true,
            true,
            false,
            true,
            false,
            true,
            false,
            true,
            false,
            true,
            false,
            true,
            true,
            true,
            false,
            true,
            true,
            true,
            false,
            true,
            false,
            true,
            true,
            true,
            true,
            true,
            true,
            false,
            true,
            true,
            false,
            true,
            false,
            true,
            true,
            false,
            true,
            false,
            true,
            true,
            true,
            false,
            false,
            true,
            false,
            true,
            true,
            true,
            true,
            true,
            true,
            true,
            false,
            true,
            false,
            true,
            true,
            false,
            true,
            false,
            true,
            true,
            true,
            true,
            true,
            false,
            true,
            true,
            false,
            false,
            true,
            true,
            false,
            false,
            true,
            true,
            true,
            true,
            false,
            true,
            false,
            false,
            true,
            true,
            true,
            true,
            false,
            false,
            true,
            true,
            true,
            false,
            true,
            true,
            true
        ]
    },
    "steps": {
        "0": 12009462,
        "1": 10008485,
        "10": 7006464,
        "11": 6006687,
        "12": 6006074,
        "13": 6005953,
        "14": 6005616,
        "15": 6005127,
        "16": 6005033,
        "17": 6004760,
        "18": 6004558,
        "19": 6004395,
        "2": 9008802,
        "20": 6004321,
        "21": 6004294,
        "22": 6004245,
        "23": 6004139,
        "24": 6004057,
        "25": 6003959,
        "26": 6003926,
        "27": 6003899,
        "28": 6003865,
        "29": 6003764,
        "3": 9007722,
        "30": 6003714,
        "31": 6003602,
        "32": 6003594,
        "34": 6003592,
        "35": 5004486,
        "36": 5004413,
        "37": 5004369,
        "38": 5004107,
        "39": 5004007,
        "4": 9007391,
        "40": 5003748,
        "41": 4003893,
        "42": 3004409,
        "43": 3004301,
        "44": 2006248,
        "45": 2005053,
        "46": 2004769,
        "47": 2004351,
        "48": 2004211,
        "49": 2004178,
        "5": 9007008,
        "50": 2004035,
        "51": 2003777,
        "52": 2003711,
        "55": 2003648,
        "56": 2003483,
        "57": 2003463,
        "59": 2003455,
        "6": 9006722,
        "60": 2003398,
        "61": 2003283,
        "62": 2003271,
        "65": 2003214,
        "66": 2003188,
        "67": 2003184,
        "7": 8006482,
        "70": 2003140,
        "8": 8006306,
        "9": 8005885
    },
    "timeout": 80
}