{
    "config": {
        "allow_infeasible": true,
        "construction": "random_replicate",
        "ils_k": 6,
        "local_search": "CVND",
        "metaheuristic": "ILS",
        "num_threads": 8,
        "operators": [
            "insert_1",
            "remove_1",
            "two_opt",
            "exchange_ids",
            "exchange_1_2",
            "exchange_2_2",
            "exchange_3_3",
            "exchange_3_4",
            "exchange_4_4",
            "rexchange_2_2",
            "rexchange_2_3",
            "rexchange_4_4",
            "centered_exchange_1",
            "relocate_1",
            "relocate_5",
            "rrelocate_3",
            "rrelocate_4",
            "move_all_by_1",
            "move_all_by_2"
        ],
        "perturbation": [
            "random_double_bridge"
        ],
        "stop_on_feasible": true,
        "timeout": 3
    },
    "histogram": {
        "all": {
            "centered_exchange_1": 1091,
            "exchange_1_2": 1123,
            "exchange_2_2": 1117,
            "exchange_3_3": 1110,
            "exchange_3_4": 1110,
            "exchange_4_4": 1110,
            "exchange_ids": 1164,
            "insert_1": 1646,
            "move_all_by_1": 965,
            "move_all_by_2": 961,
            "relocate_1": 979,
            "relocate_5": 974,
            "remove_1": 1646,
            "rexchange_2_2": 1096,
            "rexchange_2_3": 1095,
            "rexchange_4_4": 1094,
            "rrelocate_3": 970,
            "rrelocate_4": 970,
            "two_opt": 1317
        },
        "improving": {
            "centered_exchange_1": 12,
            "exchange_1_2": 152,
            "exchange_2_2": 20,
            "exchange_3_3": 12,
            "exchange_3_4": 3,
            "exchange_4_4": 0,
            "exchange_ids": 336,
            "insert_1": 0,
            "move_all_by_1": 6,
            "move_all_by_2": 7,
            "relocate_1": 143,
            "relocate_5": 6,
            "remove_1": 0,
            "rexchange_2_2": 27,
            "rexchange_2_3": 4,
            "rexchange_4_4": 1,
            "rrelocate_3": 11,
            "rrelocate_4": 1,
            "two_opt": 686
        },
        "rate": {
            "centered_exchange_1": 0.010999083518981934,
            "exchange_1_2": 0.1353517323732376,
            "exchange_2_2": 0.01790510304272175,
            "exchange_3_3": 0.010810811072587967,
            "exchange_3_4": 0.0027027027681469917,
            "exchange_4_4": 0.0,
            "exchange_ids": 0.2886597812175751,
            "insert_1": 0.0,
            "move_all_by_1": 0.006217616610229015,
            "move_all_by_2": 0.00728407921269536,
            "relocate_1": 0.14606741070747375,
            "relocate_5": 0.006160164251923561,
            "remove_1": 0.0,
            "rexchange_2_2": 0.024635037407279015,
            "rexchange_2_3": 0.0036529679782688618,
            "rexchange_4_4": 0.0009140768088400364,
            "rrelocate_3": 0.011340206488966942,
            "rrelocate_4": 0.0010309278732165694,
            "two_opt": 0.5208808183670044
        }
    },
    "last_improvement": 3,
    "name": "random-24-0.00-22",
    "solution": {
        "fitness": 14000336,
        "is_feasible": false,
        "permutation": [
            20,
            22,
            19,
            21,
            1,
            11,
            12,
            8,
            7,
            10,
            14,
            5,
            2,
            0,
            9,
            3,
            17,
            13,
            18,
            6,
            23,
            4,
            15,
            16
        ],
        "permutation_orig_ids": [
            "21",
            "23",
            "20",
            "22",
            "2",
            "12",
            "13",
            "9",
            "8",
            "11",
            "15",
            "6",
            "3",
            "1",
            "10",
            "4",
            "18",
            "14",
            "19",
            "7",
            "24",
            "5",
            "16",
            "17"
        ]
    },
    "steps": {
        "0": 14000409,
        "3": 14000336
    },
    "timeout": 3
}