{
    "config": {
        "allow_infeasible": true,
        "construction": "random_replicate",
        "ils_k": 6,
        "local_search": "CVND",
        "metaheuristic": "ILS",
        "num_threads": 8,
        "operators": [
            "insert_1",
            "remove_1",
            "two_opt",
            "exchange_ids",
            "exchange_1_2",
            "exchange_2_2",
            "exchange_3_3",
            "exchange_3_4",
            "exchange_4_4",
            "rexchange_2_2",
            "rexchange_2_3",
            "rexchange_4_4",
            "centered_exchange_1",
            "relocate_1",
            "relocate_5",
            "rrelocate_3",
            "rrelocate_4",
            "move_all_by_1",
            "move_all_by_2"
        ],
        "perturbation": [
            "random_double_bridge"
        ],
        "stop_on_feasible": true,
        "timeout": 3
    },
    "histogram": {
        "all": {
            "centered_exchange_1": 1966,
            "exchange_1_2": 2169,
            "exchange_2_2": 2161,
            "exchange_3_3": 2161,
            "exchange_3_4": 2141,
            "exchange_4_4": 2138,
            "exchange_ids": 2197,
            "insert_1": 2684,
            "move_all_by_1": 1547,
            "move_all_by_2": 1532,
            "relocate_1": 1663,
            "relocate_5": 1660,
            "remove_1": 2684,
            "rexchange_2_2": 2088,
            "rexchange_2_3": 2078,
            "rexchange_4_4": 2064,
            "rrelocate_3": 1598,
            "rrelocate_4": 1596,
            "two_opt": 2425
        },
        "improving": {
            "centered_exchange_1": 255,
            "exchange_1_2": 548,
            "exchange_2_2": 128,
            "exchange_3_3": 59,
            "exchange_3_4": 80,
            "exchange_4_4": 13,
            "exchange_ids": 957,
            "insert_1": 0,
            "move_all_by_1": 128,
            "move_all_by_2": 43,
            "relocate_1": 620,
            "relocate_5": 52,
            "remove_1": 0,
            "rexchange_2_2": 258,
            "rexchange_2_3": 81,
            "rexchange_4_4": 31,
            "rrelocate_3": 146,
            "rrelocate_4": 20,
            "two_opt": 1240
        },
        "rate": {
            "centered_exchange_1": 0.12970498204231262,
            "exchange_1_2": 0.25265100598335266,
            "exchange_2_2": 0.05923183634877205,
            "exchange_3_3": 0.027302175760269165,
            "exchange_3_4": 0.03736571595072746,
            "exchange_4_4": 0.006080449093133211,
            "exchange_ids": 0.43559399247169495,
            "insert_1": 0.0,
            "move_all_by_1": 0.08274079114198685,
            "move_all_by_2": 0.02806788496673107,
            "relocate_1": 0.3728201985359192,
            "relocate_5": 0.03132530301809311,
            "remove_1": 0.0,
            "rexchange_2_2": 0.12356321513652802,
            "rexchange_2_3": 0.03897978737950325,
            "rexchange_4_4": 0.015019379556179047,
            "rrelocate_3": 0.09136420488357544,
            "rrelocate_4": 0.01253132801502943,
            "two_opt": 0.5113402009010315
        }
    },
    "last_improvement": 1,
    "name": "random-24-2.25-43",
    "solution": {
        "fitness": 3000939,
        "is_feasible": false,
        "permutation": [
            11,
            16,
            13,
            12,
            14,
            21,
            19,
            7,
            4,
            1,
            6,
            20,
            23,
            9,
            2,
            22,
            0,
            15,
            10,
            17,
            5,
            8,
            18,
            3
        ],
        "permutation_orig_ids": [
            "12",
            "17",
            "14",
            "13",
            "15",
            "22",
            "20",
            "8",
            "5",
            "2",
            "7",
            "21",
            "24",
            "10",
            "3",
            "23",
            "1",
            "16",
            "11",
            "18",
            "6",
            "9",
            "19",
            "4"
        ]
    },
    "steps": {
        "0": 4000710,
        "1": 3000939
    },
    "timeout": 3
}