{
    "config": {
        "allow_infeasible": true,
        "construction": "random_replicate",
        "ils_k": 6,
        "local_search": "CVND",
        "metaheuristic": "ILS",
        "num_threads": 8,
        "operators": [
            "insert_1",
            "remove_1",
            "two_opt",
            "exchange_ids",
            "exchange_1_2",
            "exchange_2_2",
            "exchange_3_3",
            "exchange_3_4",
            "exchange_4_4",
            "rexchange_2_2",
            "rexchange_2_3",
            "rexchange_4_4",
            "centered_exchange_1",
            "relocate_1",
            "relocate_5",
            "rrelocate_3",
            "rrelocate_4",
            "move_all_by_1",
            "move_all_by_2"
        ],
        "perturbation": [
            "random_double_bridge"
        ],
        "stop_on_feasible": true,
        "timeout": 3
    },
    "histogram": {
        "all": {
            "centered_exchange_1": 2817,
            "exchange_1_2": 2963,
            "exchange_2_2": 2950,
            "exchange_3_3": 2947,
            "exchange_3_4": 2924,
            "exchange_4_4": 2922,
            "exchange_ids": 3018,
            "insert_1": 3652,
            "move_all_by_1": 2148,
            "move_all_by_2": 2098,
            "relocate_1": 2384,
            "relocate_5": 2365,
            "remove_1": 3652,
            "rexchange_2_2": 2871,
            "rexchange_2_3": 2869,
            "rexchange_4_4": 2869,
            "rrelocate_3": 2243,
            "rrelocate_4": 2223,
            "two_opt": 3340
        },
        "improving": {
            "centered_exchange_1": 305,
            "exchange_1_2": 883,
            "exchange_2_2": 235,
            "exchange_3_3": 129,
            "exchange_3_4": 144,
            "exchange_4_4": 28,
            "exchange_ids": 1338,
            "insert_1": 0,
            "move_all_by_1": 165,
            "move_all_by_2": 103,
            "relocate_1": 966,
            "relocate_5": 145,
            "remove_1": 0,
            "rexchange_2_2": 408,
            "rexchange_2_3": 110,
            "rexchange_4_4": 10,
            "rrelocate_3": 340,
            "rrelocate_4": 77,
            "two_opt": 1673
        },
        "rate": {
            "centered_exchange_1": 0.10827121138572693,
            "exchange_1_2": 0.2980087697505951,
            "exchange_2_2": 0.07966101914644241,
            "exchange_3_3": 0.04377332702279091,
            "exchange_3_4": 0.049247607588768005,
            "exchange_4_4": 0.009582477621734142,
            "exchange_ids": 0.4433399736881256,
            "insert_1": 0.0,
            "move_all_by_1": 0.0768156424164772,
            "move_all_by_2": 0.04909437522292137,
            "relocate_1": 0.40520134568214417,
            "relocate_5": 0.0613107830286026,
            "remove_1": 0.0,
            "rexchange_2_2": 0.14211076498031616,
            "rexchange_2_3": 0.03834088519215584,
            "rexchange_4_4": 0.0034855350386351347,
            "rrelocate_3": 0.15158270299434662,
            "rrelocate_4": 0.034637875854969025,
            "two_opt": 0.5008981823921204
        }
    },
    "last_improvement": 0,
    "name": "random-24-5.17-20",
    "solution": {
        "fitness": 1000864,
        "is_feasible": false,
        "permutation": [
            2,
            5,
            4,
            12,
            13,
            23,
            22,
            10,
            3,
            18,
            16,
            6,
            14,
            9,
            15,
            7,
            21,
            17,
            20,
            8,
            1,
            11,
            0,
            19
        ],
        "permutation_orig_ids": [
            "3",
            "6",
            "5",
            "13",
            "14",
            "24",
            "23",
            "11",
            "4",
            "19",
            "17",
            "7",
            "15",
            "10",
            "16",
            "8",
            "22",
            "18",
            "21",
            "9",
            "2",
            "12",
            "1",
            "20"
        ]
    },
    "steps": {
        "0": 1000864
    },
    "timeout": 3
}