{
    "config": {
        "allow_infeasible": true,
        "construction": "random_replicate",
        "ils_k": 6,
        "local_search": "CVND",
        "metaheuristic": "ILS",
        "num_threads": 8,
        "operators": [
            "insert_1",
            "remove_1",
            "two_opt",
            "exchange_ids",
            "exchange_1_2",
            "exchange_2_2",
            "exchange_3_3",
            "exchange_3_4",
            "exchange_4_4",
            "rexchange_2_2",
            "rexchange_2_3",
            "rexchange_4_4",
            "centered_exchange_1",
            "relocate_1",
            "relocate_5",
            "rrelocate_3",
            "rrelocate_4",
            "move_all_by_1",
            "move_all_by_2"
        ],
        "perturbation": [
            "random_double_bridge"
        ],
        "stop_on_feasible": true,
        "timeout": 3
    },
    "histogram": {
        "all": {
            "centered_exchange_1": 2130,
            "exchange_1_2": 2230,
            "exchange_2_2": 2221,
            "exchange_3_3": 2219,
            "exchange_3_4": 2217,
            "exchange_4_4": 2217,
            "exchange_ids": 2268,
            "insert_1": 2819,
            "move_all_by_1": 1654,
            "move_all_by_2": 1623,
            "relocate_1": 1763,
            "relocate_5": 1755,
            "remove_1": 2819,
            "rexchange_2_2": 2159,
            "rexchange_2_3": 2159,
            "rexchange_4_4": 2159,
            "rrelocate_3": 1719,
            "rrelocate_4": 1716,
            "two_opt": 2578
        },
        "improving": {
            "centered_exchange_1": 218,
            "exchange_1_2": 614,
            "exchange_2_2": 210,
            "exchange_3_3": 64,
            "exchange_3_4": 75,
            "exchange_4_4": 10,
            "exchange_ids": 1078,
            "insert_1": 0,
            "move_all_by_1": 186,
            "move_all_by_2": 94,
            "relocate_1": 760,
            "relocate_5": 99,
            "remove_1": 0,
            "rexchange_2_2": 238,
            "rexchange_2_3": 17,
            "rexchange_4_4": 0,
            "rrelocate_3": 115,
            "rrelocate_4": 32,
            "two_opt": 1244
        },
        "rate": {
            "centered_exchange_1": 0.10234741866588593,
            "exchange_1_2": 0.2753363251686096,
            "exchange_2_2": 0.09455200284719467,
            "exchange_3_3": 0.02884182147681713,
            "exchange_3_4": 0.033829499036073685,
            "exchange_4_4": 0.004510600119829178,
            "exchange_ids": 0.4753086566925049,
            "insert_1": 0.0,
            "move_all_by_1": 0.11245465278625488,
            "move_all_by_2": 0.05791743844747543,
            "relocate_1": 0.4310833811759949,
            "relocate_5": 0.056410256773233414,
            "remove_1": 0.0,
            "rexchange_2_2": 0.11023622006177902,
            "rexchange_2_3": 0.007874015718698502,
            "rexchange_4_4": 0.0,
            "rrelocate_3": 0.0668993592262268,
            "rrelocate_4": 0.018648019060492516,
            "two_opt": 0.48254460096359253
        }
    },
    "last_improvement": 0,
    "name": "random-24-2.67-32",
    "solution": {
        "fitness": 4000726,
        "is_feasible": false,
        "permutation": [
            11,
            2,
            8,
            6,
            9,
            5,
            12,
            15,
            21,
            18,
            20,
            4,
            3,
            7,
            17,
            16,
            10,
            23,
            19,
            14,
            1,
            22,
            0,
            13
        ],
        "permutation_orig_ids": [
            "12",
            "3",
            "9",
            "7",
            "10",
            "6",
            "13",
            "16",
            "22",
            "19",
            "21",
            "5",
            "4",
            "8",
            "18",
            "17",
            "11",
            "24",
            "20",
            "15",
            "2",
            "23",
            "1",
            "14"
        ]
    },
    "steps": {
        "0": 4000726
    },
    "timeout": 3
}