{
    "config": {
        "allow_infeasible": true,
        "construction": "random_replicate",
        "ils_k": 6,
        "local_search": "CVND",
        "metaheuristic": "ILS",
        "num_threads": 8,
        "operators": [
            "insert_1",
            "remove_1",
            "two_opt",
            "exchange_ids",
            "exchange_1_2",
            "exchange_2_2",
            "exchange_3_3",
            "exchange_3_4",
            "exchange_4_4",
            "rexchange_2_2",
            "rexchange_2_3",
            "rexchange_4_4",
            "centered_exchange_1",
            "relocate_1",
            "relocate_5",
            "rrelocate_3",
            "rrelocate_4",
            "move_all_by_1",
            "move_all_by_2"
        ],
        "perturbation": [
            "random_double_bridge"
        ],
        "stop_on_feasible": true,
        "timeout": 3
    },
    "histogram": {
        "all": {
            "centered_exchange_1": 84,
            "exchange_1_2": 87,
            "exchange_2_2": 87,
            "exchange_3_3": 87,
            "exchange_3_4": 87,
            "exchange_4_4": 87,
            "exchange_ids": 88,
            "insert_1": 107,
            "move_all_by_1": 64,
            "move_all_by_2": 62,
            "relocate_1": 73,
            "relocate_5": 72,
            "remove_1": 107,
            "rexchange_2_2": 86,
            "rexchange_2_3": 86,
            "rexchange_4_4": 86,
            "rrelocate_3": 71,
            "rrelocate_4": 71,
            "two_opt": 96
        },
        "improving": {
            "centered_exchange_1": 7,
            "exchange_1_2": 19,
            "exchange_2_2": 6,
            "exchange_3_3": 4,
            "exchange_3_4": 3,
            "exchange_4_4": 1,
            "exchange_ids": 34,
            "insert_1": 0,
            "move_all_by_1": 15,
            "move_all_by_2": 3,
            "relocate_1": 33,
            "relocate_5": 5,
            "remove_1": 0,
            "rexchange_2_2": 13,
            "rexchange_2_3": 5,
            "rexchange_4_4": 1,
            "rrelocate_3": 11,
            "rrelocate_4": 6,
            "two_opt": 51
        },
        "rate": {
            "centered_exchange_1": 0.0833333358168602,
            "exchange_1_2": 0.2183908075094223,
            "exchange_2_2": 0.06896551698446274,
            "exchange_3_3": 0.04597701132297516,
            "exchange_3_4": 0.03448275849223137,
            "exchange_4_4": 0.01149425283074379,
            "exchange_ids": 0.3863636255264282,
            "insert_1": 0.0,
            "move_all_by_1": 0.234375,
            "move_all_by_2": 0.04838709533214569,
            "relocate_1": 0.45205479860305786,
            "relocate_5": 0.0694444477558136,
            "remove_1": 0.0,
            "rexchange_2_2": 0.151162788271904,
            "rexchange_2_3": 0.058139536529779434,
            "rexchange_4_4": 0.011627906933426857,
            "rrelocate_3": 0.15492957830429077,
            "rrelocate_4": 0.0845070406794548,
            "two_opt": 0.53125
        }
    },
    "last_improvement": 0,
    "name": "random-24-7.33-98",
    "solution": {
        "fitness": 700,
        "is_feasible": true,
        "permutation": [
            5,
            15,
            9,
            17,
            7,
            6,
            21,
            0,
            8,
            1,
            2,
            13,
            20,
            10,
            3,
            14,
            19,
            12,
            11,
            4,
            22,
            18,
            16,
            23
        ],
        "permutation_orig_ids": [
            "6",
            "16",
            "10",
            "18",
            "8",
            "7",
            "22",
            "1",
            "9",
            "2",
            "3",
            "14",
            "21",
            "11",
            "4",
            "15",
            "20",
            "13",
            "12",
            "5",
            "23",
            "19",
            "17",
            "24"
        ]
    },
    "steps": {
        "0": 700
    },
    "timeout": 3
}