{
    "config": {
        "allow_infeasible": true,
        "construction": "random_replicate",
        "ils_k": 6,
        "local_search": "CVND",
        "metaheuristic": "ILS",
        "num_threads": 8,
        "operators": [
            "insert_1",
            "remove_1",
            "two_opt",
            "exchange_ids",
            "exchange_1_2",
            "exchange_2_2",
            "exchange_3_3",
            "exchange_3_4",
            "exchange_4_4",
            "rexchange_2_2",
            "rexchange_2_3",
            "rexchange_4_4",
            "centered_exchange_1",
            "relocate_1",
            "relocate_5",
            "rrelocate_3",
            "rrelocate_4",
            "move_all_by_1",
            "move_all_by_2"
        ],
        "perturbation": [
            "random_double_bridge"
        ],
        "stop_on_feasible": true,
        "timeout": 3
    },
    "histogram": {
        "all": {
            "centered_exchange_1": 2087,
            "exchange_1_2": 2167,
            "exchange_2_2": 2146,
            "exchange_3_3": 2141,
            "exchange_3_4": 2141,
            "exchange_4_4": 2139,
            "exchange_ids": 2205,
            "insert_1": 2833,
            "move_all_by_1": 1629,
            "move_all_by_2": 1611,
            "relocate_1": 1753,
            "relocate_5": 1716,
            "remove_1": 2833,
            "rexchange_2_2": 2110,
            "rexchange_2_3": 2109,
            "rexchange_4_4": 2109,
            "rrelocate_3": 1698,
            "rrelocate_4": 1695,
            "two_opt": 2475
        },
        "improving": {
            "centered_exchange_1": 113,
            "exchange_1_2": 589,
            "exchange_2_2": 183,
            "exchange_3_3": 54,
            "exchange_3_4": 65,
            "exchange_4_4": 21,
            "exchange_ids": 928,
            "insert_1": 0,
            "move_all_by_1": 146,
            "move_all_by_2": 55,
            "relocate_1": 655,
            "relocate_5": 115,
            "remove_1": 0,
            "rexchange_2_2": 156,
            "rexchange_2_3": 28,
            "rexchange_4_4": 0,
            "rrelocate_3": 87,
            "rrelocate_4": 12,
            "two_opt": 1274
        },
        "rate": {
            "centered_exchange_1": 0.05414470657706261,
            "exchange_1_2": 0.2718043327331543,
            "exchange_2_2": 0.08527492731809616,
            "exchange_3_3": 0.02522185817360878,
            "exchange_3_4": 0.030359644442796707,
            "exchange_4_4": 0.009817671962082386,
            "exchange_ids": 0.42086169123649597,
            "insert_1": 0.0,
            "move_all_by_1": 0.0896255373954773,
            "move_all_by_2": 0.03414028510451317,
            "relocate_1": 0.37364518642425537,
            "relocate_5": 0.06701631844043732,
            "remove_1": 0.0,
            "rexchange_2_2": 0.07393364608287811,
            "rexchange_2_3": 0.013276434503495693,
            "rexchange_4_4": 0.0,
            "rrelocate_3": 0.051236748695373535,
            "rrelocate_4": 0.007079645991325378,
            "two_opt": 0.5147475004196167
        }
    },
    "last_improvement": 1,
    "name": "random-24-1.67-44",
    "solution": {
        "fitness": 5000663,
        "is_feasible": false,
        "permutation": [
            5,
            0,
            22,
            23,
            3,
            6,
            1,
            14,
            17,
            7,
            11,
            4,
            19,
            8,
            13,
            15,
            2,
            21,
            20,
            12,
            18,
            16,
            9,
            10
        ],
        "permutation_orig_ids": [
            "6",
            "1",
            "23",
            "24",
            "4",
            "7",
            "2",
            "15",
            "18",
            "8",
            "12",
            "5",
            "20",
            "9",
            "14",
            "16",
            "3",
            "22",
            "21",
            "13",
            "19",
            "17",
            "10",
            "11"
        ]
    },
    "steps": {
        "0": 6000522,
        "1": 5000663
    },
    "timeout": 3
}