{
    "config": {
        "allow_infeasible": true,
        "construction": "random_replicate",
        "ils_k": 6,
        "local_search": "CVND",
        "metaheuristic": "ILS",
        "num_threads": 8,
        "operators": [
            "insert_1",
            "remove_1",
            "two_opt",
            "exchange_ids",
            "exchange_1_2",
            "exchange_2_2",
            "exchange_3_3",
            "exchange_3_4",
            "exchange_4_4",
            "rexchange_2_2",
            "rexchange_2_3",
            "rexchange_4_4",
            "centered_exchange_1",
            "relocate_1",
            "relocate_5",
            "rrelocate_3",
            "rrelocate_4",
            "move_all_by_1",
            "move_all_by_2"
        ],
        "perturbation": [
            "random_double_bridge"
        ],
        "stop_on_feasible": true,
        "timeout": 3
    },
    "histogram": {
        "all": {
            "centered_exchange_1": 2336,
            "exchange_1_2": 2459,
            "exchange_2_2": 2443,
            "exchange_3_3": 2442,
            "exchange_3_4": 2436,
            "exchange_4_4": 2435,
            "exchange_ids": 2515,
            "insert_1": 3058,
            "move_all_by_1": 1793,
            "move_all_by_2": 1762,
            "relocate_1": 2027,
            "relocate_5": 2007,
            "remove_1": 3058,
            "rexchange_2_2": 2409,
            "rexchange_2_3": 2400,
            "rexchange_4_4": 2400,
            "rrelocate_3": 1890,
            "rrelocate_4": 1886,
            "two_opt": 2779
        },
        "improving": {
            "centered_exchange_1": 267,
            "exchange_1_2": 719,
            "exchange_2_2": 236,
            "exchange_3_3": 97,
            "exchange_3_4": 139,
            "exchange_4_4": 34,
            "exchange_ids": 1117,
            "insert_1": 0,
            "move_all_by_1": 226,
            "move_all_by_2": 106,
            "relocate_1": 774,
            "relocate_5": 118,
            "remove_1": 0,
            "rexchange_2_2": 286,
            "rexchange_2_3": 99,
            "rexchange_4_4": 3,
            "rrelocate_3": 293,
            "rrelocate_4": 41,
            "two_opt": 1375
        },
        "rate": {
            "centered_exchange_1": 0.11429794877767563,
            "exchange_1_2": 0.29239529371261597,
            "exchange_2_2": 0.09660253673791885,
            "exchange_3_3": 0.0397215411067009,
            "exchange_3_4": 0.05706075578927994,
            "exchange_4_4": 0.01396303903311491,
            "exchange_ids": 0.4441351890563965,
            "insert_1": 0.0,
            "move_all_by_1": 0.12604573369026184,
            "move_all_by_2": 0.06015891209244728,
            "relocate_1": 0.381845086812973,
            "relocate_5": 0.05879421904683113,
            "remove_1": 0.0,
            "rexchange_2_2": 0.11872146278619766,
            "rexchange_2_3": 0.04125000163912773,
            "rexchange_4_4": 0.0012499999720603228,
            "rrelocate_3": 0.15502645075321198,
            "rrelocate_4": 0.021739130839705467,
            "two_opt": 0.49478229880332947
        }
    },
    "last_improvement": 3,
    "name": "random-24-3.42-30",
    "solution": {
        "fitness": 2000924,
        "is_feasible": false,
        "permutation": [
            10,
            22,
            23,
            4,
            9,
            12,
            5,
            2,
            13,
            1,
            0,
            21,
            19,
            8,
            16,
            20,
            7,
            15,
            14,
            18,
            11,
            3,
            17,
            6
        ],
        "permutation_orig_ids": [
            "11",
            "23",
            "24",
            "5",
            "10",
            "13",
            "6",
            "3",
            "14",
            "2",
            "1",
            "22",
            "20",
            "9",
            "17",
            "21",
            "8",
            "16",
            "15",
            "19",
            "12",
            "4",
            "18",
            "7"
        ]
    },
    "steps": {
        "0": 2000959,
        "2": 2000949,
        "3": 2000924
    },
    "timeout": 3
}