{
    "config": {
        "allow_infeasible": true,
        "construction": "random_replicate",
        "ils_k": 6,
        "local_search": "CVND",
        "metaheuristic": "ILS",
        "num_threads": 8,
        "operators": [
            "insert_1",
            "remove_1",
            "two_opt",
            "exchange_ids",
            "exchange_1_2",
            "exchange_2_2",
            "exchange_3_3",
            "exchange_3_4",
            "exchange_4_4",
            "rexchange_2_2",
            "rexchange_2_3",
            "rexchange_4_4",
            "centered_exchange_1",
            "relocate_1",
            "relocate_5",
            "rrelocate_3",
            "rrelocate_4",
            "move_all_by_1",
            "move_all_by_2"
        ],
        "perturbation": [
            "random_double_bridge"
        ],
        "stop_on_feasible": true,
        "timeout": 3
    },
    "histogram": {
        "all": {
            "centered_exchange_1": 1394,
            "exchange_1_2": 1477,
            "exchange_2_2": 1473,
            "exchange_3_3": 1468,
            "exchange_3_4": 1466,
            "exchange_4_4": 1466,
            "exchange_ids": 1497,
            "insert_1": 1878,
            "move_all_by_1": 1106,
            "move_all_by_2": 1096,
            "relocate_1": 1198,
            "relocate_5": 1178,
            "remove_1": 1878,
            "rexchange_2_2": 1430,
            "rexchange_2_3": 1422,
            "rexchange_4_4": 1422,
            "rrelocate_3": 1151,
            "rrelocate_4": 1149,
            "two_opt": 1665
        },
        "improving": {
            "centered_exchange_1": 130,
            "exchange_1_2": 356,
            "exchange_2_2": 85,
            "exchange_3_3": 65,
            "exchange_3_4": 51,
            "exchange_4_4": 15,
            "exchange_ids": 647,
            "insert_1": 0,
            "move_all_by_1": 123,
            "move_all_by_2": 68,
            "relocate_1": 463,
            "relocate_5": 69,
            "remove_1": 0,
            "rexchange_2_2": 149,
            "rexchange_2_3": 55,
            "rexchange_4_4": 2,
            "rrelocate_3": 87,
            "rrelocate_4": 16,
            "two_opt": 848
        },
        "rate": {
            "centered_exchange_1": 0.09325681626796722,
            "exchange_1_2": 0.24102911353111267,
            "exchange_2_2": 0.057705361396074295,
            "exchange_3_3": 0.04427792876958847,
            "exchange_3_4": 0.03478854149580002,
            "exchange_4_4": 0.010231923311948776,
            "exchange_ids": 0.4321977198123932,
            "insert_1": 0.0,
            "move_all_by_1": 0.11121157556772232,
            "move_all_by_2": 0.062043797224760056,
            "relocate_1": 0.3864774703979492,
            "relocate_5": 0.058573853224515915,
            "remove_1": 0.0,
            "rexchange_2_2": 0.10419580340385437,
            "rexchange_2_3": 0.038677919656038284,
            "rexchange_4_4": 0.001406469731591642,
            "rrelocate_3": 0.07558644562959671,
            "rrelocate_4": 0.013925151899456978,
            "two_opt": 0.5093092918395996
        }
    },
    "last_improvement": 2,
    "name": "random-24-3.92-30",
    "solution": {
        "fitness": 1394,
        "is_feasible": true,
        "permutation": [
            15,
            17,
            13,
            10,
            6,
            23,
            16,
            11,
            5,
            0,
            22,
            4,
            9,
            7,
            8,
            19,
            21,
            20,
            3,
            12,
            1,
            2,
            18,
            14
        ],
        "permutation_orig_ids": [
            "16",
            "18",
            "14",
            "11",
            "7",
            "24",
            "17",
            "12",
            "6",
            "1",
            "23",
            "5",
            "10",
            "8",
            "9",
            "20",
            "22",
            "21",
            "4",
            "13",
            "2",
            "3",
            "19",
            "15"
        ]
    },
    "steps": {
        "0": 1001336,
        "1": 1001281,
        "2": 1394
    },
    "timeout": 3
}