{
    "config": {
        "allow_infeasible": true,
        "construction": "random_replicate",
        "ils_k": 6,
        "local_search": "CVND",
        "metaheuristic": "ILS",
        "num_threads": 8,
        "operators": [
            "insert_1",
            "remove_1",
            "two_opt",
            "exchange_ids",
            "exchange_1_2",
            "exchange_2_2",
            "exchange_3_3",
            "exchange_3_4",
            "exchange_4_4",
            "rexchange_2_2",
            "rexchange_2_3",
            "rexchange_4_4",
            "centered_exchange_1",
            "relocate_1",
            "relocate_5",
            "rrelocate_3",
            "rrelocate_4",
            "move_all_by_1",
            "move_all_by_2"
        ],
        "perturbation": [
            "random_double_bridge"
        ],
        "stop_on_feasible": true,
        "timeout": 3
    },
    "histogram": {
        "all": {
            "centered_exchange_1": 2226,
            "exchange_1_2": 2331,
            "exchange_2_2": 2326,
            "exchange_3_3": 2322,
            "exchange_3_4": 2318,
            "exchange_4_4": 2318,
            "exchange_ids": 2348,
            "insert_1": 2912,
            "move_all_by_1": 1707,
            "move_all_by_2": 1670,
            "relocate_1": 1885,
            "relocate_5": 1828,
            "remove_1": 2912,
            "rexchange_2_2": 2281,
            "rexchange_2_3": 2261,
            "rexchange_4_4": 2261,
            "rrelocate_3": 1783,
            "rrelocate_4": 1769,
            "two_opt": 2657
        },
        "improving": {
            "centered_exchange_1": 238,
            "exchange_1_2": 631,
            "exchange_2_2": 212,
            "exchange_3_3": 107,
            "exchange_3_4": 100,
            "exchange_4_4": 25,
            "exchange_ids": 1083,
            "insert_1": 0,
            "move_all_by_1": 160,
            "move_all_by_2": 105,
            "relocate_1": 767,
            "relocate_5": 170,
            "remove_1": 0,
            "rexchange_2_2": 351,
            "rexchange_2_3": 137,
            "rexchange_4_4": 7,
            "rrelocate_3": 181,
            "rrelocate_4": 58,
            "two_opt": 1325
        },
        "rate": {
            "centered_exchange_1": 0.10691823810338974,
            "exchange_1_2": 0.27069926261901855,
            "exchange_2_2": 0.09114359319210052,
            "exchange_3_3": 0.04608096554875374,
            "exchange_3_4": 0.04314063861966133,
            "exchange_4_4": 0.010785159654915333,
            "exchange_ids": 0.461243599653244,
            "insert_1": 0.0,
            "move_all_by_1": 0.09373169392347336,
            "move_all_by_2": 0.06287425011396408,
            "relocate_1": 0.40689656138420105,
            "relocate_5": 0.09299781173467636,
            "remove_1": 0.0,
            "rexchange_2_2": 0.15387988090515137,
            "rexchange_2_3": 0.0605926588177681,
            "rexchange_4_4": 0.0030959751456975937,
            "rrelocate_3": 0.1015143021941185,
            "rrelocate_4": 0.032786883413791656,
            "two_opt": 0.49868273735046387
        }
    },
    "last_improvement": 0,
    "name": "random-24-3.50-89",
    "solution": {
        "fitness": 1000960,
        "is_feasible": false,
        "permutation": [
            18,
            3,
            14,
            8,
            0,
            13,
            17,
            21,
            16,
            1,
            7,
            2,
            10,
            6,
            20,
            15,
            22,
            5,
            19,
            23,
            11,
            9,
            4,
            12
        ],
        "permutation_orig_ids": [
            "19",
            "4",
            "15",
            "9",
            "1",
            "14",
            "18",
            "22",
            "17",
            "2",
            "8",
            "3",
            "11",
            "7",
            "21",
            "16",
            "23",
            "6",
            "20",
            "24",
            "12",
            "10",
            "5",
            "13"
        ]
    },
    "steps": {
        "0": 1000960
    },
    "timeout": 3
}