{
    "config": {
        "allow_infeasible": true,
        "construction": "random_replicate",
        "ils_k": 6,
        "local_search": "CVND",
        "metaheuristic": "ILS",
        "num_threads": 8,
        "operators": [
            "insert_1",
            "remove_1",
            "two_opt",
            "exchange_ids",
            "exchange_1_2",
            "exchange_2_2",
            "exchange_3_3",
            "exchange_3_4",
            "exchange_4_4",
            "rexchange_2_2",
            "rexchange_2_3",
            "rexchange_4_4",
            "centered_exchange_1",
            "relocate_1",
            "relocate_5",
            "rrelocate_3",
            "rrelocate_4",
            "move_all_by_1",
            "move_all_by_2"
        ],
        "perturbation": [
            "random_double_bridge"
        ],
        "stop_on_feasible": true,
        "timeout": 3
    },
    "histogram": {
        "all": {
            "centered_exchange_1": 2427,
            "exchange_1_2": 2621,
            "exchange_2_2": 2619,
            "exchange_3_3": 2617,
            "exchange_3_4": 2615,
            "exchange_4_4": 2615,
            "exchange_ids": 2643,
            "insert_1": 3225,
            "move_all_by_1": 1894,
            "move_all_by_2": 1881,
            "relocate_1": 2147,
            "relocate_5": 2118,
            "remove_1": 3225,
            "rexchange_2_2": 2538,
            "rexchange_2_3": 2531,
            "rexchange_4_4": 2530,
            "rrelocate_3": 1937,
            "rrelocate_4": 1928,
            "two_opt": 2914
        },
        "improving": {
            "centered_exchange_1": 352,
            "exchange_1_2": 720,
            "exchange_2_2": 258,
            "exchange_3_3": 158,
            "exchange_3_4": 111,
            "exchange_4_4": 56,
            "exchange_ids": 1124,
            "insert_1": 0,
            "move_all_by_1": 146,
            "move_all_by_2": 112,
            "relocate_1": 814,
            "relocate_5": 164,
            "remove_1": 0,
            "rexchange_2_2": 366,
            "rexchange_2_3": 140,
            "rexchange_4_4": 13,
            "rrelocate_3": 401,
            "rrelocate_4": 92,
            "two_opt": 1516
        },
        "rate": {
            "centered_exchange_1": 0.1450350284576416,
            "exchange_1_2": 0.27470430731773376,
            "exchange_2_2": 0.09851088374853134,
            "exchange_3_3": 0.06037447601556778,
            "exchange_3_4": 0.042447417974472046,
            "exchange_4_4": 0.02141491323709488,
            "exchange_ids": 0.4252743124961853,
            "insert_1": 0.0,
            "move_all_by_1": 0.07708553224802017,
            "move_all_by_2": 0.05954279750585556,
            "relocate_1": 0.3791336715221405,
            "relocate_5": 0.07743153721094131,
            "remove_1": 0.0,
            "rexchange_2_2": 0.14420804381370544,
            "rexchange_2_3": 0.05531410500407219,
            "rexchange_4_4": 0.005138339940458536,
            "rrelocate_3": 0.20702116191387177,
            "rrelocate_4": 0.04771784320473671,
            "two_opt": 0.5202471017837524
        }
    },
    "last_improvement": 0,
    "name": "random-24-4.83-77",
    "solution": {
        "fitness": 2000672,
        "is_feasible": false,
        "permutation": [
            15,
            2,
            0,
            8,
            12,
            6,
            9,
            22,
            7,
            4,
            17,
            23,
            1,
            20,
            19,
            21,
            18,
            5,
            16,
            11,
            3,
            14,
            13,
            10
        ],
        "permutation_orig_ids": [
            "16",
            "3",
            "1",
            "9",
            "13",
            "7",
            "10",
            "23",
            "8",
            "5",
            "18",
            "24",
            "2",
            "21",
            "20",
            "22",
            "19",
            "6",
            "17",
            "12",
            "4",
            "15",
            "14",
            "11"
        ]
    },
    "steps": {
        "0": 2000672
    },
    "timeout": 3
}