{
    "config": {
        "allow_infeasible": true,
        "construction": "random_replicate",
        "ils_k": 6,
        "local_search": "CVND",
        "metaheuristic": "ILS",
        "num_threads": 8,
        "operators": [
            "insert_1",
            "remove_1",
            "two_opt",
            "exchange_ids",
            "exchange_1_2",
            "exchange_2_2",
            "exchange_3_3",
            "exchange_3_4",
            "exchange_4_4",
            "rexchange_2_2",
            "rexchange_2_3",
            "rexchange_4_4",
            "centered_exchange_1",
            "relocate_1",
            "relocate_5",
            "rrelocate_3",
            "rrelocate_4",
            "move_all_by_1",
            "move_all_by_2"
        ],
        "perturbation": [
            "random_double_bridge"
        ],
        "stop_on_feasible": true,
        "timeout": 3
    },
    "histogram": {
        "all": {
            "centered_exchange_1": 2584,
            "exchange_1_2": 2687,
            "exchange_2_2": 2682,
            "exchange_3_3": 2656,
            "exchange_3_4": 2639,
            "exchange_4_4": 2633,
            "exchange_ids": 2726,
            "insert_1": 3334,
            "move_all_by_1": 1951,
            "move_all_by_2": 1912,
            "relocate_1": 2131,
            "relocate_5": 2099,
            "remove_1": 3334,
            "rexchange_2_2": 2608,
            "rexchange_2_3": 2608,
            "rexchange_4_4": 2608,
            "rrelocate_3": 2052,
            "rrelocate_4": 2018,
            "two_opt": 3023
        },
        "improving": {
            "centered_exchange_1": 309,
            "exchange_1_2": 831,
            "exchange_2_2": 288,
            "exchange_3_3": 127,
            "exchange_3_4": 131,
            "exchange_4_4": 45,
            "exchange_ids": 1229,
            "insert_1": 0,
            "move_all_by_1": 214,
            "move_all_by_2": 131,
            "relocate_1": 1002,
            "relocate_5": 161,
            "remove_1": 0,
            "rexchange_2_2": 295,
            "rexchange_2_3": 95,
            "rexchange_4_4": 7,
            "rrelocate_3": 217,
            "rrelocate_4": 101,
            "two_opt": 1526
        },
        "rate": {
            "centered_exchange_1": 0.11958204209804535,
            "exchange_1_2": 0.3092668354511261,
            "exchange_2_2": 0.10738255083560944,
            "exchange_3_3": 0.04781626537442207,
            "exchange_3_4": 0.04964001476764679,
            "exchange_4_4": 0.017090771347284317,
            "exchange_ids": 0.4508437216281891,
            "insert_1": 0.0,
            "move_all_by_1": 0.10968734323978424,
            "move_all_by_2": 0.06851464509963989,
            "relocate_1": 0.4702017903327942,
            "relocate_5": 0.07670319080352783,
            "remove_1": 0.0,
            "rexchange_2_2": 0.11311350017786026,
            "rexchange_2_3": 0.03642638027667999,
            "rexchange_4_4": 0.0026840490754693747,
            "rrelocate_3": 0.10575048625469208,
            "rrelocate_4": 0.0500495545566082,
            "two_opt": 0.50479656457901
        }
    },
    "last_improvement": 0,
    "name": "random-24-4.67-76",
    "solution": {
        "fitness": 1000742,
        "is_feasible": false,
        "permutation": [
            15,
            23,
            1,
            9,
            8,
            16,
            7,
            13,
            2,
            17,
            19,
            12,
            20,
            10,
            11,
            18,
            6,
            14,
            5,
            0,
            22,
            3,
            21,
            4
        ],
        "permutation_orig_ids": [
            "16",
            "24",
            "2",
            "10",
            "9",
            "17",
            "8",
            "14",
            "3",
            "18",
            "20",
            "13",
            "21",
            "11",
            "12",
            "19",
            "7",
            "15",
            "6",
            "1",
            "23",
            "4",
            "22",
            "5"
        ]
    },
    "steps": {
        "0": 1000742
    },
    "timeout": 3
}