{
    "config": {
        "allow_infeasible": true,
        "construction": "random_replicate",
        "ils_k": 6,
        "local_search": "CVND",
        "metaheuristic": "ILS",
        "num_threads": 8,
        "operators": [
            "insert_1",
            "remove_1",
            "two_opt",
            "exchange_ids",
            "exchange_1_2",
            "exchange_2_2",
            "exchange_3_3",
            "exchange_3_4",
            "exchange_4_4",
            "rexchange_2_2",
            "rexchange_2_3",
            "rexchange_4_4",
            "centered_exchange_1",
            "relocate_1",
            "relocate_5",
            "rrelocate_3",
            "rrelocate_4",
            "move_all_by_1",
            "move_all_by_2"
        ],
        "perturbation": [
            "random_double_bridge"
        ],
        "stop_on_feasible": true,
        "timeout": 3
    },
    "histogram": {
        "all": {
            "centered_exchange_1": 238,
            "exchange_1_2": 247,
            "exchange_2_2": 247,
            "exchange_3_3": 247,
            "exchange_3_4": 247,
            "exchange_4_4": 245,
            "exchange_ids": 252,
            "insert_1": 301,
            "move_all_by_1": 179,
            "move_all_by_2": 173,
            "relocate_1": 197,
            "relocate_5": 195,
            "remove_1": 301,
            "rexchange_2_2": 244,
            "rexchange_2_3": 243,
            "rexchange_4_4": 243,
            "rrelocate_3": 192,
            "rrelocate_4": 189,
            "two_opt": 270
        },
        "improving": {
            "centered_exchange_1": 29,
            "exchange_1_2": 77,
            "exchange_2_2": 27,
            "exchange_3_3": 13,
            "exchange_3_4": 12,
            "exchange_4_4": 6,
            "exchange_ids": 107,
            "insert_1": 0,
            "move_all_by_1": 28,
            "move_all_by_2": 20,
            "relocate_1": 92,
            "relocate_5": 15,
            "remove_1": 0,
            "rexchange_2_2": 25,
            "rexchange_2_3": 11,
            "rexchange_4_4": 0,
            "rrelocate_3": 21,
            "rrelocate_4": 6,
            "two_opt": 139
        },
        "rate": {
            "centered_exchange_1": 0.12184873968362808,
            "exchange_1_2": 0.311740905046463,
            "exchange_2_2": 0.10931174457073212,
            "exchange_3_3": 0.05263157933950424,
            "exchange_3_4": 0.04858299717307091,
            "exchange_4_4": 0.02448979578912258,
            "exchange_ids": 0.4246031641960144,
            "insert_1": 0.0,
            "move_all_by_1": 0.15642458200454712,
            "move_all_by_2": 0.11560693383216858,
            "relocate_1": 0.46700507402420044,
            "relocate_5": 0.07692307978868484,
            "remove_1": 0.0,
            "rexchange_2_2": 0.10245901346206665,
            "rexchange_2_3": 0.045267488807439804,
            "rexchange_4_4": 0.0,
            "rrelocate_3": 0.109375,
            "rrelocate_4": 0.0317460335791111,
            "two_opt": 0.5148147940635681
        }
    },
    "last_improvement": 0,
    "name": "random-24-6.33-76",
    "solution": {
        "fitness": 897,
        "is_feasible": true,
        "permutation": [
            7,
            13,
            5,
            2,
            19,
            9,
            0,
            10,
            15,
            23,
            1,
            17,
            12,
            16,
            8,
            4,
            14,
            6,
            18,
            20,
            11,
            21,
            3,
            22
        ],
        "permutation_orig_ids": [
            "8",
            "14",
            "6",
            "3",
            "20",
            "10",
            "1",
            "11",
            "16",
            "24",
            "2",
            "18",
            "13",
            "17",
            "9",
            "5",
            "15",
            "7",
            "19",
            "21",
            "12",
            "22",
            "4",
            "23"
        ]
    },
    "steps": {
        "0": 897
    },
    "timeout": 3
}