{
    "config": {
        "allow_infeasible": true,
        "construction": "random_replicate",
        "ils_k": 6,
        "local_search": "CVND",
        "metaheuristic": "ILS",
        "num_threads": 8,
        "operators": [
            "insert_1",
            "remove_1",
            "two_opt",
            "exchange_ids",
            "exchange_1_2",
            "exchange_2_2",
            "exchange_3_3",
            "exchange_3_4",
            "exchange_4_4",
            "rexchange_2_2",
            "rexchange_2_3",
            "rexchange_4_4",
            "centered_exchange_1",
            "relocate_1",
            "relocate_5",
            "rrelocate_3",
            "rrelocate_4",
            "move_all_by_1",
            "move_all_by_2"
        ],
        "perturbation": [
            "random_double_bridge"
        ],
        "stop_on_feasible": true,
        "timeout": 3
    },
    "histogram": {
        "all": {
            "centered_exchange_1": 26,
            "exchange_1_2": 27,
            "exchange_2_2": 27,
            "exchange_3_3": 27,
            "exchange_3_4": 27,
            "exchange_4_4": 27,
            "exchange_ids": 28,
            "insert_1": 37,
            "move_all_by_1": 22,
            "move_all_by_2": 22,
            "relocate_1": 23,
            "relocate_5": 23,
            "remove_1": 37,
            "rexchange_2_2": 26,
            "rexchange_2_3": 26,
            "rexchange_4_4": 26,
            "rrelocate_3": 22,
            "rrelocate_4": 22,
            "two_opt": 30
        },
        "improving": {
            "centered_exchange_1": 3,
            "exchange_1_2": 8,
            "exchange_2_2": 3,
            "exchange_3_3": 4,
            "exchange_3_4": 3,
            "exchange_4_4": 1,
            "exchange_ids": 14,
            "insert_1": 0,
            "move_all_by_1": 3,
            "move_all_by_2": 1,
            "relocate_1": 10,
            "relocate_5": 4,
            "remove_1": 0,
            "rexchange_2_2": 7,
            "rexchange_2_3": 2,
            "rexchange_4_4": 1,
            "rrelocate_3": 6,
            "rrelocate_4": 3,
            "two_opt": 19
        },
        "rate": {
            "centered_exchange_1": 0.11538461595773697,
            "exchange_1_2": 0.29629629850387573,
            "exchange_2_2": 0.1111111119389534,
            "exchange_3_3": 0.14814814925193787,
            "exchange_3_4": 0.1111111119389534,
            "exchange_4_4": 0.03703703731298447,
            "exchange_ids": 0.5,
            "insert_1": 0.0,
            "move_all_by_1": 0.13636364042758942,
            "move_all_by_2": 0.04545454680919647,
            "relocate_1": 0.43478259444236755,
            "relocate_5": 0.17391304671764374,
            "remove_1": 0.0,
            "rexchange_2_2": 0.26923078298568726,
            "rexchange_2_3": 0.07692307978868484,
            "rexchange_4_4": 0.03846153989434242,
            "rrelocate_3": 0.27272728085517883,
            "rrelocate_4": 0.13636364042758942,
            "two_opt": 0.6333333253860474
        }
    },
    "last_improvement": 0,
    "name": "random-24-7.08-54",
    "solution": {
        "fitness": 891,
        "is_feasible": true,
        "permutation": [
            16,
            19,
            7,
            15,
            1,
            10,
            18,
            20,
            23,
            17,
            21,
            11,
            12,
            22,
            9,
            6,
            2,
            5,
            13,
            8,
            4,
            3,
            0,
            14
        ],
        "permutation_orig_ids": [
            "17",
            "20",
            "8",
            "16",
            "2",
            "11",
            "19",
            "21",
            "24",
            "18",
            "22",
            "12",
            "13",
            "23",
            "10",
            "7",
            "3",
            "6",
            "14",
            "9",
            "5",
            "4",
            "1",
            "15"
        ]
    },
    "steps": {
        "0": 891
    },
    "timeout": 3
}