{
    "config": {
        "allow_infeasible": true,
        "construction": "random_replicate",
        "ils_k": 6,
        "local_search": "CVND",
        "metaheuristic": "ILS",
        "num_threads": 8,
        "operators": [
            "insert_1",
            "remove_1",
            "two_opt",
            "exchange_ids",
            "exchange_1_2",
            "exchange_2_2",
            "exchange_3_3",
            "exchange_3_4",
            "exchange_4_4",
            "rexchange_2_2",
            "rexchange_2_3",
            "rexchange_4_4",
            "centered_exchange_1",
            "relocate_1",
            "relocate_5",
            "rrelocate_3",
            "rrelocate_4",
            "move_all_by_1",
            "move_all_by_2"
        ],
        "perturbation": [
            "random_double_bridge"
        ],
        "stop_on_feasible": true,
        "timeout": 3
    },
    "histogram": {
        "all": {
            "centered_exchange_1": 2193,
            "exchange_1_2": 2279,
            "exchange_2_2": 2268,
            "exchange_3_3": 2267,
            "exchange_3_4": 2263,
            "exchange_4_4": 2256,
            "exchange_ids": 2320,
            "insert_1": 2816,
            "move_all_by_1": 1651,
            "move_all_by_2": 1598,
            "relocate_1": 1787,
            "relocate_5": 1762,
            "remove_1": 2816,
            "rexchange_2_2": 2242,
            "rexchange_2_3": 2233,
            "rexchange_4_4": 2232,
            "rrelocate_3": 1711,
            "rrelocate_4": 1706,
            "two_opt": 2598
        },
        "improving": {
            "centered_exchange_1": 234,
            "exchange_1_2": 676,
            "exchange_2_2": 216,
            "exchange_3_3": 91,
            "exchange_3_4": 73,
            "exchange_4_4": 32,
            "exchange_ids": 1081,
            "insert_1": 0,
            "move_all_by_1": 151,
            "move_all_by_2": 103,
            "relocate_1": 779,
            "relocate_5": 125,
            "remove_1": 0,
            "rexchange_2_2": 239,
            "rexchange_2_3": 76,
            "rexchange_4_4": 3,
            "rrelocate_3": 158,
            "rrelocate_4": 31,
            "two_opt": 1262
        },
        "rate": {
            "centered_exchange_1": 0.10670314729213715,
            "exchange_1_2": 0.29662132263183594,
            "exchange_2_2": 0.095238097012043,
            "exchange_3_3": 0.04014115408062935,
            "exchange_3_4": 0.032258063554763794,
            "exchange_4_4": 0.014184396713972092,
            "exchange_ids": 0.46594828367233276,
            "insert_1": 0.0,
            "move_all_by_1": 0.091459721326828,
            "move_all_by_2": 0.06445556879043579,
            "relocate_1": 0.4359261393547058,
            "relocate_5": 0.07094211131334305,
            "remove_1": 0.0,
            "rexchange_2_2": 0.10660124570131302,
            "rexchange_2_3": 0.03403493016958237,
            "rexchange_4_4": 0.0013440860202535987,
            "rrelocate_3": 0.09234365820884705,
            "rrelocate_4": 0.01817116141319275,
            "two_opt": 0.4857582747936249
        }
    },
    "last_improvement": 1,
    "name": "random-24-2.83-19",
    "solution": {
        "fitness": 2000929,
        "is_feasible": false,
        "permutation": [
            10,
            0,
            7,
            9,
            20,
            5,
            12,
            6,
            21,
            11,
            14,
            22,
            13,
            18,
            2,
            8,
            4,
            17,
            3,
            1,
            16,
            23,
            15,
            19
        ],
        "permutation_orig_ids": [
            "11",
            "1",
            "8",
            "10",
            "21",
            "6",
            "13",
            "7",
            "22",
            "12",
            "15",
            "23",
            "14",
            "19",
            "3",
            "9",
            "5",
            "18",
            "4",
            "2",
            "17",
            "24",
            "16",
            "20"
        ]
    },
    "steps": {
        "0": 3000798,
        "1": 2000929
    },
    "timeout": 3
}