{
    "config": {
        "allow_infeasible": true,
        "bvns_max_k": 7,
        "bvns_min_k": 1,
        "construction": "random",
        "local_search": "CVND",
        "metaheuristic": "BVNS",
        "num_threads": 8,
        "operators": [
            "insert_1",
            "remove_1",
            "two_opt",
            "centered_exchange_1",
            "centered_exchange_3",
            "centered_exchange_4",
            "relocate_1",
            "relocate_4",
            "rrelocate_2",
            "rrelocate_3",
            "rrelocate_5",
            "move_all_by_1",
            "move_all_by_2",
            "move_all_by_3",
            "move_all_by_10"
        ],
        "perturbation": [
            "reinsert"
        ],
        "stop_on_feasible": false,
        "timeout": 1010
    },
    "histogram": {
        "all": {
            "centered_exchange_1": 5043,
            "centered_exchange_3": 5038,
            "centered_exchange_4": 5038,
            "insert_1": 5143,
            "move_all_by_1": 4277,
            "move_all_by_10": 4208,
            "move_all_by_2": 4265,
            "move_all_by_3": 4248,
            "relocate_1": 4628,
            "relocate_4": 4602,
            "remove_1": 5143,
            "rrelocate_2": 4441,
            "rrelocate_3": 4365,
            "rrelocate_5": 4303,
            "two_opt": 5050
        },
        "improving": {
            "centered_exchange_1": 1513,
            "centered_exchange_3": 1059,
            "centered_exchange_4": 782,
            "insert_1": 0,
            "move_all_by_1": 1486,
            "move_all_by_10": 1850,
            "move_all_by_2": 1106,
            "move_all_by_3": 1026,
            "relocate_1": 3868,
            "relocate_4": 2105,
            "remove_1": 0,
            "rrelocate_2": 3127,
            "rrelocate_3": 2529,
            "rrelocate_5": 2007,
            "two_opt": 3123
        },
        "rate": {
            "centered_exchange_1": 0.3000198304653168,
            "centered_exchange_3": 0.21020245552062988,
            "centered_exchange_4": 0.15522032976150513,
            "insert_1": 0.0,
            "move_all_by_1": 0.34743979573249817,
            "move_all_by_10": 0.43963879346847534,
            "move_all_by_2": 0.25932005047798157,
            "move_all_by_3": 0.24152542650699615,
            "relocate_1": 0.8357821702957153,
            "relocate_4": 0.4574098289012909,
            "remove_1": 0.0,
            "rrelocate_2": 0.7041206955909729,
            "rrelocate_3": 0.5793814659118652,
            "rrelocate_5": 0.4664187729358673,
            "two_opt": 0.6184158325195313
        }
    },
    "last_improvement": 703,
    "name": "eil101-101-18.00-0",
    "solution": {
        "fitness": 1687,
        "is_feasible": true,
        "permutation": [
            39,
            57,
            86,
            91,
            58,
            98,
            5,
            92,
            84,
            36,
            59,
            17,
            47,
            46,
            48,
            10,
            6,
            26,
            27,
            75,
            28,
            23,
            24,
            66,
            22,
            38,
            3,
            53,
            32,
            33,
            78,
            29,
            69,
            0,
            79,
            1,
            40,
            74,
            72,
            71,
            73,
            93,
            97,
            90,
            41,
            14,
            42,
            13,
            37,
            4,
            82,
            7,
            35,
            61,
            62,
            9,
            19,
            64,
            70,
            34,
            77,
            67,
            80,
            76,
            88,
            54,
            25,
            52,
            56,
            60,
            99,
            96,
            44,
            63,
            65,
            68,
            30,
            11,
            15,
            95,
            94,
            12,
            21,
            51,
            81,
            31,
            8,
            87,
            55,
            20,
            16,
            83,
            45,
            43,
            50,
            49,
            18,
            85,
            2,
            89,
            100
        ],
        "permutation_orig_ids": [
            "40",
            "58",
            "87",
            "92",
            "59",
            "99",
            "6",
            "93",
            "85",
            "37",
            "60",
            "18",
            "48",
            "47",
            "49",
            "11",
            "7",
            "27",
            "28",
            "76",
            "29",
            "24",
            "25",
            "67",
            "23",
            "39",
            "4",
            "54",
            "33",
            "34",
            "79",
            "30",
            "70",
            "1",
            "80",
            "2",
            "41",
            "75",
            "73",
            "72",
            "74",
            "94",
            "98",
            "91",
            "42",
            "15",
            "43",
            "14",
            "38",
            "5",
            "83",
            "8",
            "36",
            "62",
            "63",
            "10",
            "20",
            "65",
            "71",
            "35",
            "78",
            "68",
            "81",
            "77",
            "89",
            "55",
            "26",
            "53",
            "57",
            "61",
            "100",
            "97",
            "45",
            "64",
            "66",
            "69",
            "31",
            "12",
            "16",
            "96",
            "95",
            "13",
            "22",
            "52",
            "82",
            "32",
            "9",
            "88",
            "56",
            "21",
            "17",
            "84",
            "46",
            "44",
            "51",
            "50",
            "19",
            "86",
            "3",
            "90",
            "101"
        ]
    },
    "steps": {
        "0": 2537,
        "1": 2446,
        "10": 1997,
        "11": 1993,
        "198": 1941,
        "199": 1918,
        "2": 2411,
        "200": 1887,
        "275": 1857,
        "3": 2321,
        "346": 1856,
        "347": 1854,
        "351": 1848,
        "352": 1793,
        "353": 1745,
        "4": 2274,
        "416": 1740,
        "6": 2199,
        "600": 1731,
        "601": 1727,
        "64": 1964,
        "65": 1959,
        "654": 1712,
        "68": 1955,
        "698": 1707,
        "699": 1702,
        "700": 1700,
        "702": 1694,
        "703": 1687,
        "8": 2156,
        "9": 2014
    },
    "timeout": 1010
}