{
    "config": {
        "allow_infeasible": true,
        "construction": "random_replicate",
        "ils_k": 1,
        "local_search": "BVND",
        "metaheuristic": "ILS",
        "num_threads": 8,
        "operators": [
            "exchange_ids",
            "exchange_1_1",
            "exchange_2_2",
            "exchange_2_4",
            "exchange_3_4",
            "exchange_4_4",
            "rexchange_2_3",
            "centered_exchange_2",
            "centered_exchange_4",
            "relocate_1",
            "relocate_2",
            "relocate_5",
            "rrelocate_4",
            "move_all_by_1",
            "move_all_by_3",
            "move_all_by_4"
        ],
        "perturbation": [
            "random_swap"
        ],
        "timeout": 1800
    },
    "histogram": {
        "all": {
            "centered_exchange_2": 3,
            "centered_exchange_4": 3,
            "exchange_1_1": 7,
            "exchange_2_2": 4,
            "exchange_2_4": 4,
            "exchange_3_4": 3,
            "exchange_4_4": 3,
            "exchange_ids": 314,
            "move_all_by_1": 3,
            "move_all_by_3": 3,
            "move_all_by_4": 3,
            "relocate_1": 3,
            "relocate_2": 3,
            "relocate_5": 3,
            "rexchange_2_3": 3,
            "rrelocate_4": 3
        },
        "improving": {
            "centered_exchange_2": 0,
            "centered_exchange_4": 0,
            "exchange_1_1": 3,
            "exchange_2_2": 0,
            "exchange_2_4": 0,
            "exchange_3_4": 0,
            "exchange_4_4": 0,
            "exchange_ids": 307,
            "move_all_by_1": 0,
            "move_all_by_3": 0,
            "move_all_by_4": 0,
            "relocate_1": 0,
            "relocate_2": 0,
            "relocate_5": 0,
            "rexchange_2_3": 0,
            "rrelocate_4": 0
        },
        "rate": {
            "centered_exchange_2": 0.0,
            "centered_exchange_4": 0.0,
            "exchange_1_1": 0.4285714328289032,
            "exchange_2_2": 0.0,
            "exchange_2_4": 0.0,
            "exchange_3_4": 0.0,
            "exchange_4_4": 0.0,
            "exchange_ids": 0.977707028388977,
            "move_all_by_1": 0.0,
            "move_all_by_3": 0.0,
            "move_all_by_4": 0.0,
            "relocate_1": 0.0,
            "relocate_2": 0.0,
            "relocate_5": 0.0,
            "rexchange_2_3": 0.0,
            "rrelocate_4": 0.0
        }
    },
    "last_improvement": 574,
    "name": "npfs-VFR200_20_1.txt",
    "solution": {
        "solution": {
            "fitness": 11812,
            "is_feasible": true,
            "permutation": [
                89,
                138,
                105,
                114,
                189,
                181,
                177,
                149,
                44,
                13,
                65,
                30,
                197,
                66,
                134,
                113,
                96,
                23,
                142,
                7,
                167,
                67,
                47,
                79,
                179,
                95,
                11,
                22,
                86,
                21,
                127,
                108,
                133,
                187,
                172,
                158,
                148,
                91,
                107,
                75,
                93,
                170,
                157,
                137,
                98,
                38,
                0,
                24,
                186,
                121,
                147,
                36,
                83,
                82,
                125,
                27,
                169,
                155,
                17,
                39,
                10,
                37,
                60,
                61,
                97,
                19,
                143,
                42,
                12,
                150,
                152,
                176,
                33,
                100,
                195,
                198,
                14,
                128,
                119,
                156,
                120,
                101,
                87,
                84,
                54,
                162,
                112,
                154,
                73,
                8,
                103,
                58,
                185,
                182,
                52,
                183,
                136,
                53,
                6,
                48,
                41,
                40,
                4,
                161,
                132,
                46,
                180,
                31,
                191,
                188,
                117,
                124,
                76,
                115,
                171,
                43,
                102,
                184,
                16,
                90,
                131,
                55,
                104,
                163,
                190,
                166,
                81,
                165,
                174,
                85,
                63,
                168,
                18,
                145,
                64,
                129,
                151,
                62,
                57,
                34,
                51,
                28,
                45,
                3,
                110,
                99,
                56,
                130,
                111,
                74,
                94,
                173,
                141,
                109,
                123,
                146,
                164,
                5,
                122,
                70,
                71,
                2,
                15,
                106,
                78,
                9,
                80,
                1,
                118,
                139,
                159,
                35,
                199,
                192,
                29,
                126,
                144,
                178,
                25,
                194,
                50,
                20,
                26,
                140,
                68,
                69,
                32,
                193,
                49,
                88,
                135,
                153,
                196,
                175,
                72,
                92,
                160,
                116,
                59,
                77,
                89,
                138,
                105,
                114,
                189,
                181,
                177,
                149,
                44,
                13,
                65,
                30,
                197,
                66,
                134,
                113,
                96,
                23,
                142,
                7,
                167,
                67,
                47,
                79,
                179,
                95,
                11,
                22,
                86,
                21,
                127,
                108,
                133,
                187,
                172,
                158,
                148,
                91,
                107,
                75,
                93,
                170,
                157,
                137,
                98,
                38,
                0,
                24,
                186,
                121,
                147,
                36,
                83,
                82,
                125,
                27,
                169,
                155,
                17,
                39,
                10,
                37,
                60,
                61,
                97,
                19,
                143,
                42,
                12,
                150,
                152,
                176,
                33,
                100,
                195,
                198,
                14,
                128,
                119,
                156,
                120,
                101,
                87,
                84,
                54,
                162,
                112,
                154,
                73,
                8,
                103,
                58,
                185,
                182,
                52,
                183,
                136,
                53,
                6,
                48,
                41,
                40,
                4,
                161,
                132,
                46,
                180,
                31,
                191,
                188,
                117,
                124,
                76,
                115,
                171,
                43,
                102,
                184,
                16,
                90,
                131,
                55,
                104,
                163,
                190,
                166,
                81,
                165,
                174,
                85,
                63,
                168,
                18,
                145,
                64,
                129,
                151,
                62,
                57,
                34,
                51,
                28,
                45,
                3,
                110,
                99,
                56,
                130,
                111,
                74,
                94,
                173,
                141,
                109,
                123,
                146,
                164,
                5,
                122,
                70,
                71,
                2,
                15,
                106,
                78,
                9,
                80,
                1,
                118,
                139,
                159,
                35,
                199,
                192,
                29,
                126,
                144,
                178,
                25,
                194,
                50,
                20,
                26,
                140,
                68,
                69,
                32,
                193,
                49,
                88,
                135,
                153,
                196,
                175,
                72,
                92,
                160,
                116,
                59,
                77,
                89,
                138,
                105,
                114,
                189,
                181,
                177,
                149,
                44,
                13,
                65,
                30,
                197,
                66,
                134,
                113,
                96,
                23,
                142,
                7,
                167,
                67,
                47,
                79,
                179,
                95,
                11,
                22,
                86,
                21,
                127,
                108,
                133,
                187,
                172,
                158,
                148,
                91,
                107,
                75,
                93,
                170,
                157,
                137,
                98,
                38,
                0,
                24,
                186,
                121,
                147,
                36,
                83,
                82,
                125,
                27,
                169,
                155,
                17,
                39,
                10,
                37,
                60,
                61,
                97,
                19,
                143,
                42,
                12,
                150,
                152,
                176,
                33,
                100,
                195,
                198,
                14,
                128,
                119,
                156,
                120,
                101,
                87,
                84,
                54,
                162,
                112,
                154,
                73,
                8,
                103,
                58,
                185,
                182,
                52,
                183,
                136,
                53,
                6,
                48,
                41,
                40,
                4,
                161,
                132,
                46,
                180,
                31,
                191,
                188,
                117,
                124,
                76,
                115,
                171,
                43,
                102,
                184,
                16,
                90,
                131,
                55,
                104,
                163,
                190,
                166,
                81,
                165,
                174,
                85,
                63,
                168,
                18,
                145,
                64,
                129,
                151,
                62,
                57,
                34,
                51,
                28,
                45,
                3,
                110,
                99,
                56,
                130,
                111,
                74,
                94,
                173,
                141,
                109,
                123,
                146,
                164,
                5,
                122,
                70,
                71,
                2,
                15,
                106,
                78,
                9,
                80,
                1,
                118,
                139,
                159,
                35,
                199,
                192,
                29,
                126,
                144,
                178,
                25,
                194,
                50,
                20,
                26,
                140,
                68,
                69,
                32,
                193,
                49,
                88,
                135,
                153,
                196,
                175,
                72,
                92,
                160,
                116,
                59,
                77,
                89,
                138,
                105,
                114,
                189,
                181,
                177,
                149,
                44,
                13,
                65,
                30,
                197,
                66,
                134,
                113,
                96,
                23,
                142,
                7,
                167,
                67,
                47,
                79,
                179,
                95,
                11,
                22,
                86,
                21,
                127,
                108,
                133,
                187,
                172,
                158,
                148,
                91,
                107,
                75,
                93,
                170,
                157,
                137,
                98,
                38,
                0,
                24,
                186,
                121,
                147,
                36,
                83,
                82,
                125,
                27,
                169,
                155,
                17,
                39,
                10,
                37,
                60,
                61,
                97,
                19,
                143,
                42,
                12,
                150,
                152,
                176,
                33,
                100,
                195,
                198,
                14,
                128,
                119,
                156,
                120,
                101,
                87,
                84,
                54,
                162,
                112,
                154,
                73,
                8,
                103,
                58,
                185,
                182,
                52,
                183,
                136,
                53,
                6,
                48,
                41,
                40,
                4,
                161,
                132,
                46,
                180,
                31,
                191,
                188,
                117,
                124,
                76,
                115,
                171,
                43,
                102,
                184,
                16,
                90,
                131,
                55,
                104,
                163,
                190,
                166,
                81,
                165,
                174,
                85,
                63,
                168,
                18,
                145,
                64,
                129,
                151,
                62,
                57,
                34,
                51,
                28,
                45,
                3,
                110,
                99,
                56,
                130,
                111,
                74,
                94,
                173,
                141,
                109,
                123,
                146,
                164,
                5,
                122,
                70,
                71,
                2,
                15,
                106,
                78,
                9,
                80,
                1,
                118,
                139,
                159,
                35,
                199,
                192,
                29,
                126,
                144,
                178,
                25,
                194,
                50,
                20,
                26,
                140,
                68,
                69,
                32,
                193,
                49,
                88,
                135,
                153,
                196,
                175,
                72,
                92,
                160,
                116,
                59,
                77,
                89,
                138,
                105,
                114,
                189,
                181,
                177,
                149,
                44,
                13,
                65,
                30,
                197,
                66,
                134,
                113,
                96,
                23,
                142,
                7,
                167,
                67,
                47,
                79,
                179,
                95,
                11,
                22,
                86,
                21,
                127,
                108,
                133,
                187,
                172,
                158,
                148,
                91,
                107,
                75,
                93,
                170,
                157,
                137,
                98,
                38,
                0,
                24,
                186,
                121,
                147,
                36,
                83,
                82,
                125,
                27,
                169,
                155,
                17,
                39,
                10,
                37,
                60,
                61,
                97,
                19,
                143,
                42,
                12,
                150,
                152,
                176,
                33,
                100,
                195,
                198,
                14,
                128,
                119,
                156,
                120,
                101,
                87,
                84,
                54,
                162,
                112,
                154,
                73,
                8,
                103,
                58,
                185,
                182,
                52,
                183,
                136,
                53,
                6,
                48,
                41,
                40,
                4,
                161,
                132,
                46,
                180,
                31,
                191,
                188,
                117,
                124,
                76,
                115,
                171,
                43,
                102,
                184,
                16,
                90,
                131,
                55,
                104,
                163,
                190,
                166,
                81,
                165,
                174,
                85,
                63,
                168,
                18,
                145,
                64,
                129,
                151,
                62,
                57,
                34,
                51,
                28,
                45,
                3,
                110,
                99,
                56,
                130,
                111,
                74,
                94,
                173,
                141,
                109,
                123,
                146,
                164,
                5,
                122,
                70,
                71,
                2,
                15,
                106,
                78,
                9,
                80,
                1,
                118,
                139,
                159,
                35,
                199,
                192,
                29,
                126,
                144,
                178,
                25,
                194,
                50,
                20,
                26,
                140,
                68,
                69,
                32,
                193,
                49,
                88,
                135,
                153,
                196,
                175,
                72,
                92,
                160,
                116,
                59,
                77,
                89,
                138,
                105,
                114,
                189,
                181,
                177,
                149,
                44,
                13,
                65,
                30,
                197,
                66,
                134,
                113,
                96,
                23,
                142,
                7,
                167,
                67,
                47,
                79,
                179,
                95,
                11,
                22,
                86,
                21,
                127,
                108,
                133,
                187,
                172,
                158,
                148,
                91,
                107,
                75,
                93,
                170,
                157,
                137,
                98,
                38,
                0,
                24,
                186,
                121,
                147,
                36,
                83,
                82,
                125,
                27,
                169,
                155,
                17,
                39,
                10,
                37,
                60,
                61,
                97,
                19,
                143,
                42,
                12,
                150,
                152,
                176,
                33,
                100,
                195,
                198,
                14,
                128,
                119,
                156,
                120,
                101,
                87,
                84,
                54,
                162,
                112,
                154,
                73,
                8,
                103,
                58,
                185,
                182,
                52,
                183,
                136,
                53,
                6,
                48,
                41,
                40,
                4,
                161,
                132,
                46,
                180,
                31,
                191,
                188,
                117,
                124,
                76,
                115,
                171,
                43,
                102,
                184,
                16,
                90,
                131,
                55,
                104,
                163,
                190,
                166,
                81,
                165,
                174,
                85,
                63,
                168,
                18,
                145,
                64,
                129,
                151,
                62,
                57,
                34,
                51,
                28,
                45,
                3,
                110,
                99,
                56,
                130,
                111,
                74,
                94,
                173,
                141,
                109,
                123,
                146,
                164,
                5,
                122,
                70,
                71,
                2,
                15,
                106,
                78,
                9,
                80,
                1,
                118,
                139,
                159,
                35,
                199,
                192,
                29,
                126,
                144,
                178,
                25,
                194,
                50,
                20,
                26,
                140,
                68,
                69,
                32,
                193,
                49,
                88,
                135,
                153,
                196,
                175,
                72,
                92,
                160,
                116,
                59,
                77,
                89,
                138,
                105,
                114,
                189,
                181,
                177,
                149,
                44,
                13,
                65,
                30,
                197,
                66,
                134,
                113,
                96,
                23,
                142,
                7,
                167,
                67,
                47,
                79,
                179,
                95,
                11,
                22,
                86,
                21,
                127,
                108,
                133,
                187,
                172,
                158,
                148,
                91,
                107,
                75,
                93,
                170,
                157,
                137,
                98,
                38,
                0,
                24,
                186,
                121,
                147,
                36,
                83,
                82,
                125,
                27,
                169,
                155,
                17,
                39,
                10,
                37,
                60,
                61,
                97,
                19,
                143,
                42,
                12,
                150,
                152,
                176,
                33,
                100,
                195,
                198,
                14,
                128,
                119,
                156,
                120,
                101,
                87,
                84,
                54,
                162,
                112,
                154,
                73,
                8,
                103,
                58,
                185,
                182,
                52,
                183,
                136,
                53,
                6,
                48,
                41,
                40,
                4,
                161,
                132,
                46,
                180,
                31,
                191,
                188,
                117,
                124,
                76,
                115,
                171,
                43,
                102,
                184,
                16,
                90,
                131,
                55,
                104,
                163,
                190,
                166,
                81,
                165,
                174,
                85,
                63,
                168,
                18,
                145,
                64,
                129,
                151,
                62,
                57,
                34,
                51,
                28,
                45,
                3,
                110,
                99,
                56,
                130,
                111,
                74,
                94,
                173,
                141,
                109,
                123,
                146,
                164,
                5,
                122,
                70,
                71,
                2,
                15,
                106,
                78,
                9,
                80,
                1,
                118,
                139,
                159,
                35,
                199,
                192,
                29,
                126,
                144,
                178,
                25,
                194,
                50,
                20,
                26,
                140,
                68,
                69,
                32,
                193,
                49,
                88,
                135,
                153,
                196,
                175,
                72,
                92,
                160,
                116,
                59,
                77,
                89,
                138,
                105,
                114,
                189,
                181,
                177,
                149,
                44,
                13,
                65,
                30,
                197,
                66,
                134,
                113,
                96,
                23,
                142,
                7,
                167,
                67,
                47,
                79,
                179,
                95,
                11,
                22,
                86,
                21,
                127,
                108,
                133,
                187,
                172,
                158,
                148,
                91,
                107,
                75,
                93,
                170,
                157,
                137,
                98,
                38,
                0,
                24,
                186,
                121,
                147,
                36,
                83,
                82,
                125,
                27,
                169,
                155,
                17,
                39,
                10,
                37,
                60,
                61,
                97,
                19,
                143,
                42,
                12,
                150,
                152,
                176,
                33,
                100,
                195,
                198,
                14,
                128,
                119,
                156,
                120,
                101,
                87,
                84,
                54,
                162,
                112,
                154,
                73,
                8,
                103,
                58,
                185,
                182,
                52,
                183,
                136,
                53,
                6,
                48,
                41,
                40,
                4,
                161,
                132,
                46,
                180,
                31,
                191,
                188,
                117,
                124,
                76,
                115,
                171,
                43,
                102,
                184,
                16,
                90,
                131,
                55,
                104,
                163,
                190,
                166,
                81,
                165,
                174,
                85,
                63,
                168,
                18,
                145,
                64,
                129,
                151,
                62,
                57,
                34,
                51,
                28,
                45,
                3,
                110,
                99,
                56,
                130,
                111,
                74,
                94,
                173,
                141,
                109,
                123,
                146,
                164,
                5,
                122,
                70,
                71,
                2,
                15,
                106,
                78,
                9,
                80,
                1,
                118,
                139,
                159,
                35,
                199,
                192,
                29,
                126,
                144,
                178,
                25,
                194,
                50,
                20,
                26,
                140,
                68,
                69,
                32,
                193,
                49,
                88,
                135,
                153,
                196,
                175,
                72,
                92,
                160,
                116,
                59,
                77,
                89,
                138,
                105,
                114,
                189,
                181,
                177,
                149,
                44,
                13,
                65,
                30,
                197,
                66,
                134,
                113,
                96,
                23,
                142,
                7,
                167,
                67,
                47,
                79,
                179,
                95,
                11,
                22,
                86,
                21,
                127,
                108,
                133,
                187,
                172,
                158,
                148,
                91,
                107,
                75,
                93,
                170,
                157,
                137,
                98,
                38,
                0,
                24,
                186,
                121,
                147,
                36,
                83,
                82,
                125,
                27,
                169,
                155,
                17,
                39,
                10,
                37,
                60,
                61,
                97,
                19,
                143,
                42,
                12,
                150,
                152,
                176,
                33,
                100,
                195,
                198,
                14,
                128,
                119,
                156,
                120,
                101,
                87,
                84,
                54,
                162,
                112,
                154,
                73,
                8,
                103,
                58,
                185,
                182,
                52,
                183,
                136,
                53,
                6,
                48,
                41,
                40,
                4,
                161,
                132,
                46,
                180,
                31,
                191,
                188,
                117,
                124,
                76,
                115,
                171,
                43,
                102,
                184,
                16,
                90,
                131,
                55,
                104,
                163,
                190,
                166,
                81,
                165,
                174,
                85,
                63,
                168,
                18,
                145,
                64,
                129,
                151,
                62,
                57,
                34,
                51,
                28,
                45,
                3,
                110,
                99,
                56,
                130,
                111,
                74,
                94,
                173,
                141,
                109,
                123,
                146,
                164,
                5,
                122,
                70,
                71,
                2,
                15,
                106,
                78,
                9,
                80,
                1,
                118,
                139,
                159,
                35,
                199,
                192,
                29,
                126,
                144,
                178,
                25,
                194,
                50,
                20,
                26,
                140,
                68,
                69,
                32,
                193,
                49,
                88,
                135,
                153,
                196,
                175,
                72,
                92,
                160,
                116,
                59,
                77,
                89,
                138,
                105,
                114,
                189,
                181,
                177,
                149,
                44,
                13,
                65,
                30,
                197,
                66,
                134,
                113,
                96,
                23,
                142,
                7,
                167,
                67,
                47,
                79,
                179,
                95,
                11,
                22,
                86,
                21,
                127,
                108,
                133,
                187,
                172,
                158,
                148,
                91,
                107,
                75,
                93,
                170,
                157,
                137,
                98,
                38,
                0,
                24,
                186,
                121,
                147,
                36,
                83,
                82,
                125,
                27,
                169,
                155,
                17,
                39,
                10,
                37,
                60,
                61,
                97,
                19,
                143,
                42,
                12,
                150,
                152,
                176,
                33,
                100,
                195,
                198,
                14,
                128,
                119,
                156,
                120,
                101,
                87,
                84,
                54,
                162,
                112,
                154,
                73,
                8,
                103,
                58,
                185,
                182,
                52,
                183,
                136,
                53,
                6,
                48,
                41,
                40,
                4,
                161,
                132,
                46,
                180,
                31,
                191,
                188,
                117,
                124,
                76,
                115,
                171,
                43,
                102,
                184,
                16,
                90,
                131,
                55,
                104,
                163,
                190,
                166,
                81,
                165,
                174,
                85,
                63,
                168,
                18,
                145,
                64,
                129,
                151,
                62,
                57,
                34,
                51,
                28,
                45,
                3,
                110,
                99,
                56,
                130,
                111,
                74,
                94,
                173,
                141,
                109,
                123,
                146,
                164,
                5,
                122,
                70,
                71,
                2,
                15,
                106,
                78,
                9,
                80,
                1,
                118,
                139,
                159,
                35,
                199,
                192,
                29,
                126,
                144,
                178,
                25,
                194,
                50,
                20,
                26,
                140,
                68,
                69,
                32,
                193,
                49,
                88,
                135,
                153,
                196,
                175,
                72,
                92,
                160,
                116,
                59,
                77,
                89,
                138,
                105,
                114,
                189,
                181,
                177,
                149,
                44,
                13,
                65,
                30,
                197,
                66,
                134,
                113,
                96,
                23,
                142,
                7,
                167,
                67,
                47,
                79,
                179,
                95,
                11,
                22,
                86,
                21,
                127,
                108,
                133,
                187,
                172,
                158,
                148,
                91,
                107,
                75,
                93,
                170,
                157,
                137,
                98,
                38,
                0,
                24,
                186,
                121,
                147,
                36,
                83,
                82,
                125,
                27,
                169,
                155,
                17,
                39,
                10,
                37,
                60,
                61,
                97,
                19,
                143,
                42,
                12,
                150,
                152,
                176,
                33,
                100,
                195,
                198,
                14,
                128,
                119,
                156,
                120,
                101,
                87,
                84,
                54,
                162,
                112,
                154,
                73,
                8,
                103,
                58,
                185,
                182,
                52,
                183,
                136,
                53,
                6,
                48,
                41,
                40,
                4,
                161,
                132,
                46,
                180,
                31,
                191,
                188,
                117,
                124,
                76,
                115,
                171,
                43,
                102,
                184,
                16,
                90,
                131,
                55,
                104,
                163,
                190,
                166,
                81,
                165,
                174,
                85,
                63,
                168,
                18,
                145,
                64,
                129,
                151,
                62,
                57,
                34,
                51,
                28,
                45,
                3,
                110,
                99,
                56,
                130,
                111,
                74,
                94,
                173,
                141,
                109,
                123,
                146,
                164,
                5,
                122,
                70,
                71,
                2,
                15,
                106,
                78,
                9,
                80,
                1,
                118,
                139,
                159,
                35,
                199,
                192,
                29,
                126,
                144,
                178,
                25,
                194,
                50,
                20,
                26,
                140,
                68,
                69,
                32,
                193,
                49,
                88,
                135,
                153,
                196,
                175,
                72,
                92,
                160,
                116,
                59,
                77,
                89,
                138,
                105,
                114,
                189,
                181,
                177,
                149,
                44,
                13,
                65,
                30,
                197,
                66,
                134,
                113,
                96,
                23,
                142,
                7,
                167,
                67,
                47,
                79,
                179,
                95,
                11,
                22,
                86,
                21,
                127,
                108,
                133,
                187,
                172,
                158,
                148,
                91,
                107,
                75,
                93,
                170,
                157,
                137,
                98,
                38,
                0,
                24,
                186,
                121,
                147,
                36,
                83,
                82,
                125,
                27,
                169,
                155,
                17,
                39,
                10,
                37,
                60,
                61,
                97,
                19,
                143,
                42,
                12,
                150,
                152,
                176,
                33,
                100,
                195,
                198,
                14,
                128,
                119,
                156,
                120,
                101,
                87,
                84,
                54,
                162,
                112,
                154,
                73,
                8,
                103,
                58,
                185,
                182,
                52,
                183,
                136,
                53,
                6,
                48,
                41,
                40,
                4,
                161,
                132,
                46,
                180,
                31,
                191,
                188,
                117,
                124,
                76,
                115,
                171,
                43,
                102,
                184,
                16,
                90,
                131,
                55,
                104,
                163,
                190,
                166,
                81,
                165,
                174,
                85,
                63,
                168,
                18,
                145,
                64,
                129,
                151,
                62,
                57,
                34,
                51,
                28,
                45,
                3,
                110,
                99,
                56,
                130,
                111,
                74,
                94,
                173,
                141,
                109,
                123,
                146,
                164,
                5,
                122,
                70,
                71,
                2,
                15,
                106,
                78,
                9,
                80,
                1,
                118,
                139,
                159,
                35,
                199,
                192,
                29,
                126,
                144,
                178,
                25,
                194,
                50,
                20,
                26,
                140,
                68,
                69,
                32,
                193,
                49,
                88,
                135,
                153,
                196,
                175,
                72,
                92,
                160,
                116,
                59,
                77,
                89,
                138,
                105,
                114,
                189,
                181,
                177,
                149,
                44,
                13,
                65,
                30,
                197,
                66,
                134,
                113,
                96,
                23,
                142,
                7,
                167,
                67,
                47,
                79,
                179,
                95,
                11,
                22,
                86,
                21,
                127,
                108,
                133,
                187,
                172,
                158,
                148,
                91,
                107,
                75,
                93,
                170,
                157,
                137,
                98,
                38,
                0,
                24,
                186,
                121,
                147,
                36,
                83,
                82,
                125,
                27,
                169,
                155,
                17,
                39,
                10,
                37,
                60,
                61,
                97,
                19,
                143,
                42,
                12,
                150,
                152,
                176,
                33,
                100,
                195,
                198,
                14,
                128,
                119,
                156,
                120,
                101,
                87,
                84,
                54,
                162,
                112,
                154,
                73,
                8,
                103,
                58,
                185,
                182,
                52,
                183,
                136,
                53,
                6,
                48,
                41,
                40,
                4,
                161,
                132,
                46,
                180,
                31,
                191,
                188,
                117,
                124,
                76,
                115,
                171,
                43,
                102,
                184,
                16,
                90,
                131,
                55,
                104,
                163,
                190,
                166,
                81,
                165,
                174,
                85,
                63,
                168,
                18,
                145,
                64,
                129,
                151,
                62,
                57,
                34,
                51,
                28,
                45,
                3,
                110,
                99,
                56,
                130,
                111,
                74,
                94,
                173,
                141,
                109,
                123,
                146,
                164,
                5,
                122,
                70,
                71,
                2,
                15,
                106,
                78,
                9,
                80,
                1,
                118,
                139,
                159,
                35,
                199,
                192,
                29,
                126,
                144,
                178,
                25,
                194,
                50,
                20,
                26,
                140,
                68,
                69,
                32,
                193,
                49,
                88,
                135,
                153,
                196,
                175,
                72,
                92,
                160,
                116,
                59,
                77,
                89,
                138,
                105,
                114,
                189,
                181,
                177,
                149,
                44,
                13,
                65,
                30,
                197,
                66,
                134,
                113,
                96,
                23,
                142,
                7,
                167,
                67,
                47,
                79,
                179,
                95,
                11,
                22,
                86,
                21,
                127,
                108,
                133,
                187,
                172,
                158,
                148,
                91,
                107,
                75,
                93,
                170,
                157,
                137,
                98,
                38,
                0,
                24,
                186,
                121,
                147,
                36,
                83,
                82,
                125,
                27,
                169,
                155,
                17,
                39,
                10,
                37,
                60,
                61,
                97,
                19,
                143,
                42,
                12,
                150,
                152,
                176,
                33,
                100,
                195,
                198,
                14,
                128,
                119,
                156,
                120,
                101,
                87,
                84,
                54,
                162,
                112,
                154,
                73,
                8,
                103,
                58,
                185,
                182,
                52,
                183,
                136,
                53,
                6,
                48,
                41,
                40,
                4,
                161,
                132,
                46,
                180,
                31,
                191,
                188,
                117,
                124,
                76,
                115,
                171,
                43,
                102,
                184,
                16,
                90,
                131,
                55,
                104,
                163,
                190,
                166,
                81,
                165,
                174,
                85,
                63,
                168,
                18,
                145,
                64,
                129,
                151,
                62,
                57,
                34,
                51,
                28,
                45,
                3,
                110,
                99,
                56,
                130,
                111,
                74,
                94,
                173,
                141,
                109,
                123,
                146,
                164,
                5,
                122,
                70,
                71,
                2,
                15,
                106,
                78,
                9,
                80,
                1,
                118,
                139,
                159,
                35,
                199,
                192,
                29,
                126,
                144,
                178,
                25,
                194,
                50,
                20,
                26,
                140,
                68,
                69,
                32,
                193,
                49,
                88,
                135,
                153,
                196,
                175,
                72,
                92,
                160,
                116,
                59,
                77,
                89,
                138,
                105,
                114,
                189,
                181,
                177,
                149,
                44,
                13,
                65,
                30,
                197,
                66,
                134,
                113,
                96,
                23,
                142,
                7,
                167,
                67,
                47,
                79,
                179,
                95,
                11,
                22,
                86,
                21,
                127,
                108,
                133,
                187,
                172,
                158,
                148,
                91,
                107,
                75,
                93,
                170,
                157,
                137,
                98,
                38,
                0,
                24,
                186,
                121,
                147,
                36,
                83,
                82,
                125,
                27,
                169,
                155,
                17,
                39,
                10,
                37,
                60,
                61,
                97,
                19,
                143,
                42,
                12,
                150,
                152,
                176,
                33,
                100,
                195,
                198,
                14,
                128,
                119,
                156,
                120,
                101,
                87,
                84,
                54,
                162,
                112,
                154,
                73,
                8,
                103,
                58,
                185,
                182,
                52,
                183,
                136,
                53,
                6,
                48,
                41,
                40,
                4,
                161,
                132,
                46,
                180,
                31,
                191,
                188,
                117,
                124,
                76,
                115,
                171,
                43,
                102,
                184,
                16,
                90,
                131,
                55,
                104,
                163,
                190,
                166,
                81,
                165,
                174,
                85,
                63,
                168,
                18,
                145,
                64,
                129,
                151,
                62,
                57,
                34,
                51,
                28,
                45,
                3,
                110,
                99,
                56,
                130,
                111,
                74,
                94,
                173,
                141,
                109,
                123,
                146,
                164,
                5,
                122,
                70,
                71,
                2,
                15,
                106,
                78,
                9,
                80,
                1,
                118,
                139,
                159,
                35,
                199,
                192,
                29,
                126,
                144,
                178,
                25,
                194,
                50,
                20,
                26,
                140,
                68,
                69,
                32,
                193,
                49,
                88,
                135,
                153,
                196,
                175,
                72,
                92,
                160,
                116,
                59,
                77,
                89,
                138,
                105,
                114,
                189,
                181,
                177,
                149,
                44,
                13,
                65,
                30,
                197,
                66,
                134,
                113,
                96,
                23,
                142,
                7,
                167,
                67,
                47,
                79,
                179,
                95,
                11,
                22,
                86,
                21,
                127,
                108,
                133,
                187,
                172,
                158,
                148,
                91,
                107,
                75,
                93,
                170,
                157,
                137,
                98,
                38,
                0,
                24,
                186,
                121,
                147,
                36,
                83,
                82,
                125,
                27,
                169,
                155,
                17,
                39,
                10,
                37,
                60,
                61,
                97,
                19,
                143,
                42,
                12,
                150,
                152,
                176,
                33,
                100,
                195,
                198,
                14,
                128,
                119,
                156,
                120,
                101,
                87,
                84,
                54,
                162,
                112,
                154,
                73,
                8,
                103,
                58,
                185,
                182,
                52,
                183,
                136,
                53,
                6,
                48,
                41,
                40,
                4,
                161,
                132,
                46,
                180,
                31,
                191,
                188,
                117,
                124,
                76,
                115,
                171,
                43,
                102,
                184,
                16,
                90,
                131,
                55,
                104,
                163,
                190,
                166,
                81,
                165,
                174,
                85,
                63,
                168,
                18,
                145,
                64,
                129,
                151,
                62,
                57,
                34,
                51,
                28,
                45,
                3,
                110,
                99,
                56,
                130,
                111,
                74,
                94,
                173,
                141,
                109,
                123,
                146,
                164,
                5,
                122,
                70,
                71,
                2,
                15,
                106,
                78,
                9,
                80,
                1,
                118,
                139,
                159,
                35,
                199,
                192,
                29,
                126,
                144,
                178,
                25,
                194,
                50,
                20,
                26,
                140,
                68,
                69,
                32,
                193,
                49,
                88,
                135,
                153,
                196,
                175,
                72,
                92,
                160,
                116,
                59,
                77,
                89,
                138,
                105,
                114,
                189,
                181,
                177,
                149,
                44,
                13,
                65,
                30,
                197,
                66,
                134,
                113,
                96,
                23,
                142,
                7,
                167,
                67,
                47,
                79,
                179,
                95,
                11,
                22,
                86,
                21,
                127,
                108,
                133,
                187,
                172,
                158,
                148,
                91,
                107,
                75,
                93,
                170,
                157,
                137,
                98,
                38,
                0,
                24,
                186,
                121,
                147,
                36,
                83,
                82,
                125,
                27,
                169,
                155,
                17,
                39,
                10,
                37,
                60,
                61,
                97,
                19,
                143,
                42,
                12,
                150,
                152,
                176,
                33,
                100,
                195,
                198,
                14,
                128,
                119,
                156,
                120,
                101,
                87,
                84,
                54,
                162,
                112,
                154,
                73,
                8,
                103,
                58,
                185,
                182,
                52,
                183,
                136,
                53,
                6,
                48,
                41,
                40,
                4,
                161,
                132,
                46,
                180,
                31,
                191,
                188,
                117,
                124,
                76,
                115,
                171,
                43,
                102,
                184,
                16,
                90,
                131,
                55,
                104,
                163,
                190,
                166,
                81,
                165,
                174,
                85,
                63,
                168,
                18,
                145,
                64,
                129,
                151,
                62,
                57,
                34,
                51,
                28,
                45,
                3,
                110,
                99,
                56,
                130,
                111,
                74,
                94,
                173,
                141,
                109,
                123,
                146,
                164,
                5,
                122,
                70,
                71,
                2,
                15,
                106,
                78,
                9,
                80,
                1,
                118,
                139,
                159,
                35,
                199,
                192,
                29,
                126,
                144,
                178,
                25,
                194,
                50,
                20,
                26,
                140,
                68,
                69,
                32,
                193,
                49,
                88,
                135,
                153,
                196,
                175,
                72,
                92,
                160,
                116,
                59,
                77,
                89,
                138,
                105,
                114,
                189,
                181,
                177,
                149,
                44,
                13,
                65,
                30,
                197,
                66,
                134,
                113,
                96,
                23,
                142,
                7,
                167,
                67,
                47,
                79,
                179,
                95,
                11,
                22,
                86,
                21,
                127,
                108,
                133,
                187,
                172,
                158,
                148,
                91,
                107,
                75,
                93,
                170,
                157,
                137,
                98,
                38,
                0,
                24,
                186,
                121,
                147,
                36,
                83,
                82,
                125,
                27,
                169,
                155,
                17,
                39,
                10,
                37,
                60,
                61,
                97,
                19,
                143,
                42,
                12,
                150,
                152,
                176,
                33,
                100,
                195,
                198,
                14,
                128,
                119,
                156,
                120,
                101,
                87,
                84,
                54,
                162,
                112,
                154,
                73,
                8,
                103,
                58,
                185,
                182,
                52,
                183,
                136,
                53,
                6,
                48,
                41,
                40,
                4,
                161,
                132,
                46,
                180,
                31,
                191,
                188,
                117,
                124,
                76,
                115,
                171,
                43,
                102,
                184,
                16,
                90,
                131,
                55,
                104,
                163,
                190,
                166,
                81,
                165,
                174,
                85,
                63,
                168,
                18,
                145,
                64,
                129,
                151,
                62,
                57,
                34,
                51,
                28,
                45,
                3,
                110,
                99,
                56,
                130,
                111,
                74,
                94,
                173,
                141,
                109,
                123,
                146,
                164,
                5,
                122,
                70,
                71,
                2,
                15,
                106,
                78,
                9,
                80,
                1,
                118,
                139,
                159,
                35,
                199,
                192,
                29,
                126,
                144,
                178,
                25,
                194,
                50,
                20,
                26,
                140,
                68,
                69,
                32,
                193,
                49,
                88,
                135,
                153,
                196,
                175,
                72,
                92,
                160,
                116,
                59,
                77,
                89,
                138,
                105,
                114,
                189,
                181,
                177,
                149,
                44,
                13,
                65,
                30,
                197,
                66,
                134,
                113,
                96,
                23,
                142,
                7,
                167,
                67,
                47,
                79,
                179,
                95,
                11,
                22,
                86,
                21,
                127,
                108,
                133,
                187,
                172,
                158,
                148,
                91,
                107,
                75,
                93,
                170,
                157,
                137,
                98,
                38,
                0,
                24,
                186,
                121,
                147,
                36,
                83,
                82,
                125,
                27,
                169,
                155,
                17,
                39,
                10,
                37,
                60,
                61,
                97,
                19,
                143,
                42,
                12,
                150,
                152,
                176,
                33,
                100,
                195,
                198,
                14,
                128,
                119,
                156,
                120,
                101,
                87,
                84,
                54,
                162,
                112,
                154,
                73,
                8,
                103,
                58,
                185,
                182,
                52,
                183,
                136,
                53,
                6,
                48,
                41,
                40,
                4,
                161,
                132,
                46,
                180,
                31,
                191,
                188,
                117,
                124,
                76,
                115,
                171,
                43,
                102,
                184,
                16,
                90,
                131,
                55,
                104,
                163,
                190,
                166,
                81,
                165,
                174,
                85,
                63,
                168,
                18,
                145,
                64,
                129,
                151,
                62,
                57,
                34,
                51,
                28,
                45,
                3,
                110,
                99,
                56,
                130,
                111,
                74,
                94,
                173,
                141,
                109,
                123,
                146,
                164,
                5,
                122,
                70,
                71,
                2,
                15,
                106,
                78,
                9,
                80,
                1,
                118,
                139,
                159,
                35,
                199,
                192,
                29,
                126,
                144,
                178,
                25,
                194,
                50,
                20,
                26,
                140,
                68,
                69,
                32,
                193,
                49,
                88,
                135,
                153,
                196,
                175,
                72,
                92,
                160,
                116,
                59,
                77,
                89,
                138,
                105,
                114,
                189,
                181,
                177,
                149,
                44,
                13,
                65,
                30,
                197,
                66,
                134,
                113,
                96,
                23,
                142,
                7,
                167,
                67,
                47,
                79,
                179,
                95,
                11,
                22,
                86,
                21,
                127,
                108,
                133,
                187,
                172,
                158,
                148,
                91,
                107,
                75,
                93,
                170,
                157,
                137,
                98,
                38,
                0,
                24,
                186,
                121,
                147,
                36,
                83,
                82,
                125,
                27,
                169,
                155,
                17,
                39,
                10,
                37,
                60,
                61,
                97,
                19,
                143,
                42,
                12,
                150,
                152,
                176,
                33,
                100,
                195,
                198,
                14,
                128,
                119,
                156,
                120,
                101,
                87,
                84,
                54,
                162,
                112,
                154,
                73,
                8,
                103,
                58,
                185,
                182,
                52,
                183,
                136,
                53,
                6,
                48,
                41,
                40,
                4,
                161,
                132,
                46,
                180,
                31,
                191,
                188,
                117,
                124,
                76,
                115,
                171,
                43,
                102,
                184,
                16,
                90,
                131,
                55,
                104,
                163,
                190,
                166,
                81,
                165,
                174,
                85,
                63,
                168,
                18,
                145,
                64,
                129,
                151,
                62,
                57,
                34,
                51,
                28,
                45,
                3,
                110,
                99,
                56,
                130,
                111,
                74,
                94,
                173,
                141,
                109,
                123,
                146,
                164,
                5,
                122,
                70,
                71,
                2,
                15,
                106,
                78,
                9,
                80,
                1,
                118,
                139,
                159,
                35,
                199,
                192,
                29,
                126,
                144,
                178,
                25,
                194,
                50,
                20,
                26,
                140,
                68,
                69,
                32,
                193,
                49,
                88,
                135,
                153,
                196,
                175,
                72,
                92,
                160,
                116,
                59,
                77
            ]
        }
    },
    "steps": {
        "0": 12727,
        "1": 12392,
        "2": 12214,
        "3": 12131,
        "4": 12070,
        "5": 12009,
        "572": 11880,
        "573": 11818,
        "574": 11812,
        "6": 11945,
        "7": 11928
    },
    "timeout": 1800
}